I1015 22:22:30.135582 47464881551168 xla_bridge.py:355] Unable to initialize backend 'tpu_driver': NOT_FOUND: Unable to find driver in registry given worker: 
I1015 22:22:30.258314 47464881551168 xla_bridge.py:355] Unable to initialize backend 'rocm': NOT_FOUND: Could not find registered platform with name: "rocm". Available platform names are: Interpreter CUDA Host
I1015 22:22:30.258797 47464881551168 xla_bridge.py:355] Unable to initialize backend 'tpu': module 'jaxlib.xla_extension' has no attribute 'get_tpu_client'
I1015 22:22:30.258931 47464881551168 xla_bridge.py:355] Unable to initialize backend 'plugin': xla_extension has no attributes named get_plugin_device_client. Compile TensorFlow with //tensorflow/compiler/xla/python:enable_plugin_device set to true (defaults to false) to enable this.
I1015 22:22:30.259049 47464881551168 run_miniworld.py:102] Collecting data on MiniWorld on gpu.
I1015 22:22:35.813923 47464881551168 run_miniworld.py:138] Observation shape: (60, 80, 3)
I1015 22:22:47.734037 47464881551168 run_miniworld.py:243] Data collection iteration 0.
I1015 22:23:24.842255 47464881551168 run_miniworld.py:250] Evaluation iteration 0.
/home/mklissa/DCEO/lib/python3.8/site-packages/distrax/_src/distributions/categorical.py:96: UserWarning: Explicitly requested dtype <class 'jax.numpy.int64'> requested in astype is not available, and will be truncated to dtype int32. To enable more dtypes, set the jax_enable_x64 configuration option or the JAX_ENABLE_X64 shell environment variable. See https://github.com/google/jax#current-gotchas for more.
  return draws.astype(self._dtype)
I1015 22:23:35.195340 47464881551168 run_miniworld.py:267] iteration:   0
 frame:     0
 eval_episode_return:  0.00
 train_episode_return:  0.04
 train_exploration_epsilon: 1.000
 train_frame_rate:  674
I1015 22:23:39.201275 47464881551168 run_miniworld.py:243] Data collection iteration 1.
I1015 22:24:16.115258 47464881551168 run_miniworld.py:250] Evaluation iteration 1.
I1015 22:24:25.618629 47464881551168 run_miniworld.py:267] iteration:   1
 frame: 25000
 eval_episode_return:  0.00
 train_episode_return:  0.00
 train_exploration_epsilon: 1.000
 train_frame_rate:  677
I1015 22:24:28.738702 47464881551168 run_miniworld.py:243] Data collection iteration 2.
I1015 22:24:29.221967 47464881551168 dceo_agent.py:331] Begin learning
I1015 22:26:50.363367 47464881551168 run_miniworld.py:250] Evaluation iteration 2.
I1015 22:26:59.747130 47464881551168 run_miniworld.py:267] iteration:   2
 frame: 50000
 eval_episode_return:  0.00
 train_episode_return:  0.04
 train_exploration_epsilon: 0.955
 train_frame_rate:  177
I1015 22:27:02.468383 47464881551168 run_miniworld.py:243] Data collection iteration 3.
I1015 22:29:22.161460 47464881551168 run_miniworld.py:250] Evaluation iteration 3.
I1015 22:29:31.493129 47464881551168 run_miniworld.py:267] iteration:   3
 frame: 75000
 eval_episode_return:  0.00
 train_episode_return:  0.00
 train_exploration_epsilon: 0.910
 train_frame_rate:  179
I1015 22:29:34.604240 47464881551168 run_miniworld.py:243] Data collection iteration 4.
I1015 22:31:55.268430 47464881551168 run_miniworld.py:250] Evaluation iteration 4.
I1015 22:32:04.666916 47464881551168 run_miniworld.py:267] iteration:   4
 frame: 100000
 eval_episode_return:  0.00
 train_episode_return:  0.00
 train_exploration_epsilon: 0.865
 train_frame_rate:  178
I1015 22:32:07.905926 47464881551168 run_miniworld.py:243] Data collection iteration 5.
I1015 22:34:28.110062 47464881551168 run_miniworld.py:250] Evaluation iteration 5.
I1015 22:34:37.406187 47464881551168 run_miniworld.py:267] iteration:   5
 frame: 125000
 eval_episode_return:  0.00
 train_episode_return:  0.00
 train_exploration_epsilon: 0.820
 train_frame_rate:  178
I1015 22:34:40.199910 47464881551168 run_miniworld.py:243] Data collection iteration 6.
I1015 22:37:00.535382 47464881551168 run_miniworld.py:250] Evaluation iteration 6.
I1015 22:37:09.801922 47464881551168 run_miniworld.py:267] iteration:   6
 frame: 150000
 eval_episode_return:  0.00
 train_episode_return:  0.00
 train_exploration_epsilon: 0.775
 train_frame_rate:  178
I1015 22:37:12.525988 47464881551168 run_miniworld.py:243] Data collection iteration 7.
I1015 22:39:35.177569 47464881551168 run_miniworld.py:250] Evaluation iteration 7.
I1015 22:39:44.720660 47464881551168 run_miniworld.py:267] iteration:   7
 frame: 175000
 eval_episode_return:  0.00
 train_episode_return:  0.00
 train_exploration_epsilon: 0.730
 train_frame_rate:  175
I1015 22:39:47.544869 47464881551168 run_miniworld.py:243] Data collection iteration 8.
I1015 22:42:09.724592 47464881551168 run_miniworld.py:250] Evaluation iteration 8.
I1015 22:42:19.138737 47464881551168 run_miniworld.py:267] iteration:   8
 frame: 200000
 eval_episode_return:  0.00
 train_episode_return:  0.00
 train_exploration_epsilon: 0.685
 train_frame_rate:  176
I1015 22:42:22.355795 47464881551168 run_miniworld.py:243] Data collection iteration 9.
I1015 22:44:45.642789 47464881551168 run_miniworld.py:250] Evaluation iteration 9.
I1015 22:44:55.241401 47464881551168 run_miniworld.py:267] iteration:   9
 frame: 225000
 eval_episode_return:  0.00
 train_episode_return:  0.00
 train_exploration_epsilon: 0.640
 train_frame_rate:  174
I1015 22:44:58.455451 47464881551168 run_miniworld.py:243] Data collection iteration 10.
I1015 22:47:21.451941 47464881551168 run_miniworld.py:250] Evaluation iteration 10.
I1015 22:47:30.679375 47464881551168 run_miniworld.py:267] iteration:  10
 frame: 250000
 eval_episode_return:  0.00
 train_episode_return:  0.00
 train_exploration_epsilon: 0.595
 train_frame_rate:  175
I1015 22:47:33.942042 47464881551168 run_miniworld.py:243] Data collection iteration 11.
I1015 22:49:58.061891 47464881551168 run_miniworld.py:250] Evaluation iteration 11.
I1015 22:50:07.652324 47464881551168 run_miniworld.py:267] iteration:  11
 frame: 275000
 eval_episode_return:  0.00
 train_episode_return:  0.00
 train_exploration_epsilon: 0.550
 train_frame_rate:  173
I1015 22:50:11.268649 47464881551168 run_miniworld.py:243] Data collection iteration 12.
I1015 22:52:35.357815 47464881551168 run_miniworld.py:250] Evaluation iteration 12.
I1015 22:52:44.758492 47464881551168 run_miniworld.py:267] iteration:  12
 frame: 300000
 eval_episode_return:  0.00
 train_episode_return:  0.00
 train_exploration_epsilon: 0.505
 train_frame_rate:  174
I1015 22:52:49.021090 47464881551168 run_miniworld.py:243] Data collection iteration 13.
I1015 22:55:15.217496 47464881551168 run_miniworld.py:250] Evaluation iteration 13.
I1015 22:55:24.835697 47464881551168 run_miniworld.py:267] iteration:  13
 frame: 325000
 eval_episode_return:  0.00
 train_episode_return:  0.00
 train_exploration_epsilon: 0.460
 train_frame_rate:  171
I1015 22:55:28.296011 47464881551168 run_miniworld.py:243] Data collection iteration 14.
I1015 22:57:54.674922 47464881551168 run_miniworld.py:250] Evaluation iteration 14.
I1015 22:58:04.304020 47464881551168 run_miniworld.py:267] iteration:  14
 frame: 350000
 eval_episode_return:  0.00
 train_episode_return:  0.00
 train_exploration_epsilon: 0.415
 train_frame_rate:  171
I1015 22:58:07.713620 47464881551168 run_miniworld.py:243] Data collection iteration 15.
I1015 23:00:34.464827 47464881551168 run_miniworld.py:250] Evaluation iteration 15.
I1015 23:00:44.044200 47464881551168 run_miniworld.py:267] iteration:  15
 frame: 375000
 eval_episode_return:  0.00
 train_episode_return:  0.00
 train_exploration_epsilon: 0.370
 train_frame_rate:  170
I1015 23:00:46.961247 47464881551168 run_miniworld.py:243] Data collection iteration 16.
I1015 23:03:12.841284 47464881551168 run_miniworld.py:250] Evaluation iteration 16.
I1015 23:03:22.333769 47464881551168 run_miniworld.py:267] iteration:  16
 frame: 400000
 eval_episode_return:  0.00
 train_episode_return:  0.00
 train_exploration_epsilon: 0.325
 train_frame_rate:  171
I1015 23:03:26.302169 47464881551168 run_miniworld.py:243] Data collection iteration 17.
I1015 23:05:54.204086 47464881551168 run_miniworld.py:250] Evaluation iteration 17.
I1015 23:06:03.677898 47464881551168 run_miniworld.py:267] iteration:  17
 frame: 425000
 eval_episode_return:  0.00
 train_episode_return:  0.00
 train_exploration_epsilon: 0.280
 train_frame_rate:  169
I1015 23:06:06.594298 47464881551168 run_miniworld.py:243] Data collection iteration 18.
I1015 23:08:36.184489 47464881551168 run_miniworld.py:250] Evaluation iteration 18.
I1015 23:08:45.882102 47464881551168 run_miniworld.py:267] iteration:  18
 frame: 450000
 eval_episode_return:  0.00
 train_episode_return:  0.00
 train_exploration_epsilon: 0.235
 train_frame_rate:  167
I1015 23:08:48.695862 47464881551168 run_miniworld.py:243] Data collection iteration 19.
I1015 23:11:18.172378 47464881551168 run_miniworld.py:250] Evaluation iteration 19.
I1015 23:11:27.826471 47464881551168 run_miniworld.py:267] iteration:  19
 frame: 475000
 eval_episode_return:  0.00
 train_episode_return:  0.00
 train_exploration_epsilon: 0.190
 train_frame_rate:  167
I1015 23:11:31.175478 47464881551168 run_miniworld.py:243] Data collection iteration 20.
I1015 23:14:00.767466 47464881551168 run_miniworld.py:250] Evaluation iteration 20.
I1015 23:14:10.429252 47464881551168 run_miniworld.py:267] iteration:  20
 frame: 500000
 eval_episode_return:  0.00
 train_episode_return:  0.00
 train_exploration_epsilon: 0.145
 train_frame_rate:  167
I1015 23:14:13.385598 47464881551168 run_miniworld.py:243] Data collection iteration 21.
I1015 23:16:44.115244 47464881551168 run_miniworld.py:250] Evaluation iteration 21.
I1015 23:16:53.741802 47464881551168 run_miniworld.py:267] iteration:  21
 frame: 525000
 eval_episode_return:  0.00
 train_episode_return:  0.00
 train_exploration_epsilon: 0.100
 train_frame_rate:  166
I1015 23:16:56.614517 47464881551168 run_miniworld.py:243] Data collection iteration 22.
I1015 23:19:26.467980 47464881551168 run_miniworld.py:250] Evaluation iteration 22.
I1015 23:19:36.183801 47464881551168 run_miniworld.py:267] iteration:  22
 frame: 550000
 eval_episode_return:  0.00
 train_episode_return:  0.00
 train_exploration_epsilon: 0.100
 train_frame_rate:  167
I1015 23:19:39.834165 47464881551168 run_miniworld.py:243] Data collection iteration 23.
I1015 23:22:09.825559 47464881551168 run_miniworld.py:250] Evaluation iteration 23.
I1015 23:22:19.166551 47464881551168 run_miniworld.py:267] iteration:  23
 frame: 575000
 eval_episode_return:  0.00
 train_episode_return:  0.00
 train_exploration_epsilon: 0.100
 train_frame_rate:  167
I1015 23:22:22.017569 47464881551168 run_miniworld.py:243] Data collection iteration 24.
I1015 23:24:52.961626 47464881551168 run_miniworld.py:250] Evaluation iteration 24.
I1015 23:25:02.551162 47464881551168 run_miniworld.py:267] iteration:  24
 frame: 600000
 eval_episode_return:  0.00
 train_episode_return:  0.00
 train_exploration_epsilon: 0.100
 train_frame_rate:  166
I1015 23:25:06.113784 47464881551168 run_miniworld.py:243] Data collection iteration 25.
I1015 23:27:37.341973 47464881551168 run_miniworld.py:250] Evaluation iteration 25.
I1015 23:27:46.848326 47464881551168 run_miniworld.py:267] iteration:  25
 frame: 625000
 eval_episode_return:  0.00
 train_episode_return:  0.00
 train_exploration_epsilon: 0.100
 train_frame_rate:  165
I1015 23:27:49.801166 47464881551168 run_miniworld.py:243] Data collection iteration 26.
I1015 23:30:21.266695 47464881551168 run_miniworld.py:250] Evaluation iteration 26.
I1015 23:30:30.910131 47464881551168 run_miniworld.py:267] iteration:  26
 frame: 650000
 eval_episode_return:  0.00
 train_episode_return:  0.00
 train_exploration_epsilon: 0.100
 train_frame_rate:  165
I1015 23:30:36.048554 47464881551168 run_miniworld.py:243] Data collection iteration 27.
I1015 23:33:07.958167 47464881551168 run_miniworld.py:250] Evaluation iteration 27.
I1015 23:33:17.595373 47464881551168 run_miniworld.py:267] iteration:  27
 frame: 675000
 eval_episode_return:  0.00
 train_episode_return:  0.00
 train_exploration_epsilon: 0.100
 train_frame_rate:  165
I1015 23:33:20.544996 47464881551168 run_miniworld.py:243] Data collection iteration 28.
I1015 23:35:52.826942 47464881551168 run_miniworld.py:250] Evaluation iteration 28.
I1015 23:36:02.420057 47464881551168 run_miniworld.py:267] iteration:  28
 frame: 700000
 eval_episode_return:  0.00
 train_episode_return:  0.00
 train_exploration_epsilon: 0.100
 train_frame_rate:  164
I1015 23:36:06.214122 47464881551168 run_miniworld.py:243] Data collection iteration 29.
I1015 23:38:38.711424 47464881551168 run_miniworld.py:250] Evaluation iteration 29.
I1015 23:38:48.412692 47464881551168 run_miniworld.py:267] iteration:  29
 frame: 725000
 eval_episode_return:  0.00
 train_episode_return:  0.00
 train_exploration_epsilon: 0.100
 train_frame_rate:  164
I1015 23:38:51.296948 47464881551168 run_miniworld.py:243] Data collection iteration 30.
I1015 23:41:23.743764 47464881551168 run_miniworld.py:250] Evaluation iteration 30.
I1015 23:41:33.565191 47464881551168 run_miniworld.py:267] iteration:  30
 frame: 750000
 eval_episode_return:  0.00
 train_episode_return:  0.00
 train_exploration_epsilon: 0.100
 train_frame_rate:  164
I1015 23:41:37.517066 47464881551168 run_miniworld.py:243] Data collection iteration 31.
I1015 23:44:11.137058 47464881551168 run_miniworld.py:250] Evaluation iteration 31.
I1015 23:44:20.884069 47464881551168 run_miniworld.py:267] iteration:  31
 frame: 775000
 eval_episode_return:  0.00
 train_episode_return:  0.00
 train_exploration_epsilon: 0.100
 train_frame_rate:  163
I1015 23:44:23.739725 47464881551168 run_miniworld.py:243] Data collection iteration 32.
I1015 23:46:57.069100 47464881551168 run_miniworld.py:250] Evaluation iteration 32.
I1015 23:47:06.477620 47464881551168 run_miniworld.py:267] iteration:  32
 frame: 800000
 eval_episode_return:  0.00
 train_episode_return:  0.00
 train_exploration_epsilon: 0.100
 train_frame_rate:  163
I1015 23:47:10.228537 47464881551168 run_miniworld.py:243] Data collection iteration 33.
I1015 23:49:44.035920 47464881551168 run_miniworld.py:250] Evaluation iteration 33.
I1015 23:49:53.852798 47464881551168 run_miniworld.py:267] iteration:  33
 frame: 825000
 eval_episode_return:  0.00
 train_episode_return:  0.00
 train_exploration_epsilon: 0.100
 train_frame_rate:  163
I1015 23:49:57.119526 47464881551168 run_miniworld.py:243] Data collection iteration 34.
I1015 23:52:31.421940 47464881551168 run_miniworld.py:250] Evaluation iteration 34.
I1015 23:52:41.150851 47464881551168 run_miniworld.py:267] iteration:  34
 frame: 850000
 eval_episode_return:  0.00
 train_episode_return:  0.00
 train_exploration_epsilon: 0.100
 train_frame_rate:  162
I1015 23:52:44.874675 47464881551168 run_miniworld.py:243] Data collection iteration 35.
I1015 23:55:19.041497 47464881551168 run_miniworld.py:250] Evaluation iteration 35.
I1015 23:55:28.668339 47464881551168 run_miniworld.py:267] iteration:  35
 frame: 875000
 eval_episode_return:  0.00
 train_episode_return:  0.00
 train_exploration_epsilon: 0.100
 train_frame_rate:  162
I1015 23:55:31.581185 47464881551168 run_miniworld.py:243] Data collection iteration 36.
I1015 23:58:05.945512 47464881551168 run_miniworld.py:250] Evaluation iteration 36.
I1015 23:58:15.521645 47464881551168 run_miniworld.py:267] iteration:  36
 frame: 900000
 eval_episode_return:  0.00
 train_episode_return:  0.00
 train_exploration_epsilon: 0.100
 train_frame_rate:  162
I1015 23:58:18.439940 47464881551168 run_miniworld.py:243] Data collection iteration 37.
I1016 00:00:53.639811 47464881551168 run_miniworld.py:250] Evaluation iteration 37.
I1016 00:01:03.465169 47464881551168 run_miniworld.py:267] iteration:  37
 frame: 925000
 eval_episode_return:  0.00
 train_episode_return:  0.00
 train_exploration_epsilon: 0.100
 train_frame_rate:  161
I1016 00:01:07.354936 47464881551168 run_miniworld.py:243] Data collection iteration 38.
I1016 00:03:42.555981 47464881551168 run_miniworld.py:250] Evaluation iteration 38.
I1016 00:03:52.151170 47464881551168 run_miniworld.py:267] iteration:  38
 frame: 950000
 eval_episode_return:  0.00
 train_episode_return:  0.00
 train_exploration_epsilon: 0.100
 train_frame_rate:  161
I1016 00:03:55.098011 47464881551168 run_miniworld.py:243] Data collection iteration 39.
I1016 00:06:30.845980 47464881551168 run_miniworld.py:250] Evaluation iteration 39.
I1016 00:06:40.568316 47464881551168 run_miniworld.py:267] iteration:  39
 frame: 975000
 eval_episode_return:  0.00
 train_episode_return:  0.00
 train_exploration_epsilon: 0.100
 train_frame_rate:  161
I1016 00:06:44.338396 47464881551168 run_miniworld.py:243] Data collection iteration 40.
I1016 00:09:20.243818 47464881551168 run_miniworld.py:250] Evaluation iteration 40.
I1016 00:09:30.154783 47464881551168 run_miniworld.py:267] iteration:  40
 frame: 1000000
 eval_episode_return:  0.00
 train_episode_return:  0.00
 train_exploration_epsilon: 0.100
 train_frame_rate:  160
I1016 00:09:33.120124 47464881551168 run_miniworld.py:243] Data collection iteration 41.
I1016 00:12:09.066477 47464881551168 run_miniworld.py:250] Evaluation iteration 41.
I1016 00:12:18.916365 47464881551168 run_miniworld.py:267] iteration:  41
 frame: 1025000
 eval_episode_return:  0.00
 train_episode_return:  0.00
 train_exploration_epsilon: 0.100
 train_frame_rate:  160
I1016 00:12:21.808646 47464881551168 run_miniworld.py:243] Data collection iteration 42.
I1016 00:14:59.664242 47464881551168 run_miniworld.py:250] Evaluation iteration 42.
I1016 00:15:09.384333 47464881551168 run_miniworld.py:267] iteration:  42
 frame: 1050000
 eval_episode_return:  0.00
 train_episode_return:  0.00
 train_exploration_epsilon: 0.100
 train_frame_rate:  158
I1016 00:15:12.431700 47464881551168 run_miniworld.py:243] Data collection iteration 43.
I1016 00:17:48.300976 47464881551168 run_miniworld.py:250] Evaluation iteration 43.
I1016 00:17:58.102715 47464881551168 run_miniworld.py:267] iteration:  43
 frame: 1075000
 eval_episode_return:  0.00
 train_episode_return:  0.00
 train_exploration_epsilon: 0.100
 train_frame_rate:  160
I1016 00:18:00.979381 47464881551168 run_miniworld.py:243] Data collection iteration 44.
I1016 00:20:36.872437 47464881551168 run_miniworld.py:250] Evaluation iteration 44.
I1016 00:20:46.675018 47464881551168 run_miniworld.py:267] iteration:  44
 frame: 1100000
 eval_episode_return:  0.00
 train_episode_return:  0.00
 train_exploration_epsilon: 0.100
 train_frame_rate:  160
I1016 00:20:50.487131 47464881551168 run_miniworld.py:243] Data collection iteration 45.
I1016 00:23:26.485543 47464881551168 run_miniworld.py:250] Evaluation iteration 45.
I1016 00:23:36.169332 47464881551168 run_miniworld.py:267] iteration:  45
 frame: 1125000
 eval_episode_return:  0.00
 train_episode_return:  0.00
 train_exploration_epsilon: 0.100
 train_frame_rate:  160
I1016 00:23:39.112403 47464881551168 run_miniworld.py:243] Data collection iteration 46.
I1016 00:26:15.184341 47464881551168 run_miniworld.py:250] Evaluation iteration 46.
I1016 00:26:24.949159 47464881551168 run_miniworld.py:267] iteration:  46
 frame: 1150000
 eval_episode_return:  0.00
 train_episode_return:  0.00
 train_exploration_epsilon: 0.100
 train_frame_rate:  160
I1016 00:26:28.808884 47464881551168 run_miniworld.py:243] Data collection iteration 47.
I1016 00:29:04.059528 47464881551168 run_miniworld.py:250] Evaluation iteration 47.
I1016 00:29:13.672909 47464881551168 run_miniworld.py:267] iteration:  47
 frame: 1175000
 eval_episode_return:  0.00
 train_episode_return:  0.00
 train_exploration_epsilon: 0.100
 train_frame_rate:  161
I1016 00:29:16.827898 47464881551168 run_miniworld.py:243] Data collection iteration 48.
I1016 00:31:52.482172 47464881551168 run_miniworld.py:250] Evaluation iteration 48.
I1016 00:32:02.346694 47464881551168 run_miniworld.py:267] iteration:  48
 frame: 1200000
 eval_episode_return:  0.00
 train_episode_return:  0.00
 train_exploration_epsilon: 0.100
 train_frame_rate:  161
I1016 00:32:05.374376 47464881551168 run_miniworld.py:243] Data collection iteration 49.
I1016 00:34:41.236746 47464881551168 run_miniworld.py:250] Evaluation iteration 49.
I1016 00:34:51.032905 47464881551168 run_miniworld.py:267] iteration:  49
 frame: 1225000
 eval_episode_return:  0.00
 train_episode_return:  0.00
 train_exploration_epsilon: 0.100
 train_frame_rate:  160
I1016 00:34:55.025979 47464881551168 run_miniworld.py:243] Data collection iteration 50.
I1016 00:37:31.376766 47464881551168 run_miniworld.py:250] Evaluation iteration 50.
I1016 00:37:41.242045 47464881551168 run_miniworld.py:267] iteration:  50
 frame: 1250000
 eval_episode_return:  0.00
 train_episode_return:  0.00
 train_exploration_epsilon: 0.100
 train_frame_rate:  160
I1016 00:37:44.133810 47464881551168 run_miniworld.py:243] Data collection iteration 51.
I1016 00:40:20.287844 47464881551168 run_miniworld.py:250] Evaluation iteration 51.
I1016 00:40:29.959657 47464881551168 run_miniworld.py:267] iteration:  51
 frame: 1275000
 eval_episode_return:  0.00
 train_episode_return:  0.00
 train_exploration_epsilon: 0.100
 train_frame_rate:  160
I1016 00:40:33.954410 47464881551168 run_miniworld.py:243] Data collection iteration 52.
I1016 00:43:10.017279 47464881551168 run_miniworld.py:250] Evaluation iteration 52.
I1016 00:43:19.868691 47464881551168 run_miniworld.py:267] iteration:  52
 frame: 1300000
 eval_episode_return:  0.00
 train_episode_return:  0.00
 train_exploration_epsilon: 0.100
 train_frame_rate:  160
I1016 00:43:22.951282 47464881551168 run_miniworld.py:243] Data collection iteration 53.
I1016 00:45:58.271385 47464881551168 run_miniworld.py:250] Evaluation iteration 53.
I1016 00:46:07.913510 47464881551168 run_miniworld.py:267] iteration:  53
 frame: 1325000
 eval_episode_return:  0.00
 train_episode_return:  0.00
 train_exploration_epsilon: 0.100
 train_frame_rate:  161
I1016 00:46:11.057650 47464881551168 run_miniworld.py:243] Data collection iteration 54.
I1016 00:48:46.513274 47464881551168 run_miniworld.py:250] Evaluation iteration 54.
I1016 00:48:56.104395 47464881551168 run_miniworld.py:267] iteration:  54
 frame: 1350000
 eval_episode_return:  0.00
 train_episode_return:  0.00
 train_exploration_epsilon: 0.100
 train_frame_rate:  161
I1016 00:49:00.023526 47464881551168 run_miniworld.py:243] Data collection iteration 55.
I1016 00:51:36.565747 47464881551168 run_miniworld.py:250] Evaluation iteration 55.
I1016 00:51:46.402596 47464881551168 run_miniworld.py:267] iteration:  55
 frame: 1375000
 eval_episode_return:  0.00
 train_episode_return:  0.00
 train_exploration_epsilon: 0.100
 train_frame_rate:  160
I1016 00:51:49.468494 47464881551168 run_miniworld.py:243] Data collection iteration 56.
I1016 00:54:24.631620 47464881551168 run_miniworld.py:250] Evaluation iteration 56.
I1016 00:54:34.178581 47464881551168 run_miniworld.py:267] iteration:  56
 frame: 1400000
 eval_episode_return:  0.00
 train_episode_return:  0.00
 train_exploration_epsilon: 0.100
 train_frame_rate:  161
I1016 00:54:38.728218 47464881551168 run_miniworld.py:243] Data collection iteration 57.
I1016 00:57:14.731063 47464881551168 run_miniworld.py:250] Evaluation iteration 57.
I1016 00:57:24.504361 47464881551168 run_miniworld.py:267] iteration:  57
 frame: 1425000
 eval_episode_return:  0.00
 train_episode_return:  0.00
 train_exploration_epsilon: 0.100
 train_frame_rate:  160
I1016 00:57:27.557610 47464881551168 run_miniworld.py:243] Data collection iteration 58.
I1016 01:00:03.850819 47464881551168 run_miniworld.py:250] Evaluation iteration 58.
I1016 01:00:13.786035 47464881551168 run_miniworld.py:267] iteration:  58
 frame: 1450000
 eval_episode_return:  0.00
 train_episode_return:  0.00
 train_exploration_epsilon: 0.100
 train_frame_rate:  160
I1016 01:00:16.708440 47464881551168 run_miniworld.py:243] Data collection iteration 59.
I1016 01:02:53.812029 47464881551168 run_miniworld.py:250] Evaluation iteration 59.
I1016 01:03:03.645587 47464881551168 run_miniworld.py:267] iteration:  59
 frame: 1475000
 eval_episode_return:  0.00
 train_episode_return:  0.00
 train_exploration_epsilon: 0.100
 train_frame_rate:  159
I1016 01:03:08.149749 47464881551168 run_miniworld.py:243] Data collection iteration 60.
I1016 01:05:45.414485 47464881551168 run_miniworld.py:250] Evaluation iteration 60.
I1016 01:05:55.263837 47464881551168 run_miniworld.py:267] iteration:  60
 frame: 1500000
 eval_episode_return:  0.00
 train_episode_return:  0.00
 train_exploration_epsilon: 0.100
 train_frame_rate:  159
I1016 01:05:58.681069 47464881551168 run_miniworld.py:243] Data collection iteration 61.
I1016 01:08:35.451617 47464881551168 run_miniworld.py:250] Evaluation iteration 61.
I1016 01:08:45.319881 47464881551168 run_miniworld.py:267] iteration:  61
 frame: 1525000
 eval_episode_return:  0.00
 train_episode_return:  0.00
 train_exploration_epsilon: 0.100
 train_frame_rate:  159
I1016 01:08:49.344686 47464881551168 run_miniworld.py:243] Data collection iteration 62.
I1016 01:11:27.195036 47464881551168 run_miniworld.py:250] Evaluation iteration 62.
I1016 01:11:36.947669 47464881551168 run_miniworld.py:267] iteration:  62
 frame: 1550000
 eval_episode_return:  0.00
 train_episode_return:  0.00
 train_exploration_epsilon: 0.100
 train_frame_rate:  158
I1016 01:11:39.903929 47464881551168 run_miniworld.py:243] Data collection iteration 63.
I1016 01:14:16.976480 47464881551168 run_miniworld.py:250] Evaluation iteration 63.
I1016 01:14:26.833326 47464881551168 run_miniworld.py:267] iteration:  63
 frame: 1575000
 eval_episode_return:  0.00
 train_episode_return:  0.00
 train_exploration_epsilon: 0.100
 train_frame_rate:  159
I1016 01:14:29.762501 47464881551168 run_miniworld.py:243] Data collection iteration 64.
I1016 01:17:06.855232 47464881551168 run_miniworld.py:250] Evaluation iteration 64.
I1016 01:17:16.544356 47464881551168 run_miniworld.py:267] iteration:  64
 frame: 1600000
 eval_episode_return:  0.00
 train_episode_return:  0.00
 train_exploration_epsilon: 0.100
 train_frame_rate:  159
I1016 01:17:20.693530 47464881551168 run_miniworld.py:243] Data collection iteration 65.
I1016 01:19:58.356317 47464881551168 run_miniworld.py:250] Evaluation iteration 65.
I1016 01:20:08.148331 47464881551168 run_miniworld.py:267] iteration:  65
 frame: 1625000
 eval_episode_return:  0.00
 train_episode_return:  0.00
 train_exploration_epsilon: 0.100
 train_frame_rate:  159
I1016 01:20:11.062973 47464881551168 run_miniworld.py:243] Data collection iteration 66.
I1016 01:22:48.664715 47464881551168 run_miniworld.py:250] Evaluation iteration 66.
I1016 01:22:58.312202 47464881551168 run_miniworld.py:267] iteration:  66
 frame: 1650000
 eval_episode_return:  0.00
 train_episode_return:  0.00
 train_exploration_epsilon: 0.100
 train_frame_rate:  159
I1016 01:23:02.436908 47464881551168 run_miniworld.py:243] Data collection iteration 67.
I1016 01:25:40.902989 47464881551168 run_miniworld.py:250] Evaluation iteration 67.
I1016 01:25:50.911926 47464881551168 run_miniworld.py:267] iteration:  67
 frame: 1675000
 eval_episode_return:  0.00
 train_episode_return:  0.00
 train_exploration_epsilon: 0.100
 train_frame_rate:  158
I1016 01:25:53.905910 47464881551168 run_miniworld.py:243] Data collection iteration 68.
I1016 01:28:30.253811 47464881551168 run_miniworld.py:250] Evaluation iteration 68.
I1016 01:28:39.891236 47464881551168 run_miniworld.py:267] iteration:  68
 frame: 1700000
 eval_episode_return:  0.00
 train_episode_return:  0.00
 train_exploration_epsilon: 0.100
 train_frame_rate:  160
I1016 01:28:42.886229 47464881551168 run_miniworld.py:243] Data collection iteration 69.
I1016 01:31:19.830696 47464881551168 run_miniworld.py:250] Evaluation iteration 69.
I1016 01:31:29.650367 47464881551168 run_miniworld.py:267] iteration:  69
 frame: 1725000
 eval_episode_return:  0.00
 train_episode_return:  0.00
 train_exploration_epsilon: 0.100
 train_frame_rate:  159
I1016 01:31:33.681595 47464881551168 run_miniworld.py:243] Data collection iteration 70.
I1016 01:34:10.901080 47464881551168 run_miniworld.py:250] Evaluation iteration 70.
I1016 01:34:20.730391 47464881551168 run_miniworld.py:267] iteration:  70
 frame: 1750000
 eval_episode_return:  0.00
 train_episode_return:  0.00
 train_exploration_epsilon: 0.100
 train_frame_rate:  159
I1016 01:34:23.649706 47464881551168 run_miniworld.py:243] Data collection iteration 71.
I1016 01:37:00.959740 47464881551168 run_miniworld.py:250] Evaluation iteration 71.
I1016 01:37:10.758749 47464881551168 run_miniworld.py:267] iteration:  71
 frame: 1775000
 eval_episode_return:  0.00
 train_episode_return:  0.00
 train_exploration_epsilon: 0.100
 train_frame_rate:  159
I1016 01:37:14.688568 47464881551168 run_miniworld.py:243] Data collection iteration 72.
I1016 01:39:52.512185 47464881551168 run_miniworld.py:250] Evaluation iteration 72.
I1016 01:40:02.099049 47464881551168 run_miniworld.py:267] iteration:  72
 frame: 1800000
 eval_episode_return:  0.00
 train_episode_return:  0.00
 train_exploration_epsilon: 0.100
 train_frame_rate:  158
I1016 01:40:05.113995 47464881551168 run_miniworld.py:243] Data collection iteration 73.
I1016 01:42:41.784032 47464881551168 run_miniworld.py:250] Evaluation iteration 73.
I1016 01:42:51.352154 47464881551168 run_miniworld.py:267] iteration:  73
 frame: 1825000
 eval_episode_return:  0.00
 train_episode_return:  0.00
 train_exploration_epsilon: 0.100
 train_frame_rate:  160
I1016 01:42:54.254598 47464881551168 run_miniworld.py:243] Data collection iteration 74.
I1016 01:45:30.957982 47464881551168 run_miniworld.py:250] Evaluation iteration 74.
I1016 01:45:40.605389 47464881551168 run_miniworld.py:267] iteration:  74
 frame: 1850000
 eval_episode_return:  0.00
 train_episode_return:  0.00
 train_exploration_epsilon: 0.100
 train_frame_rate:  160
I1016 01:45:44.778130 47464881551168 run_miniworld.py:243] Data collection iteration 75.
I1016 01:48:22.081016 47464881551168 run_miniworld.py:250] Evaluation iteration 75.
I1016 01:48:31.667983 47464881551168 run_miniworld.py:267] iteration:  75
 frame: 1875000
 eval_episode_return:  0.00
 train_episode_return:  0.00
 train_exploration_epsilon: 0.100
 train_frame_rate:  159
I1016 01:48:34.546757 47464881551168 run_miniworld.py:243] Data collection iteration 76.
I1016 01:51:11.494692 47464881551168 run_miniworld.py:250] Evaluation iteration 76.
I1016 01:51:21.273140 47464881551168 run_miniworld.py:267] iteration:  76
 frame: 1900000
 eval_episode_return:  0.00
 train_episode_return:  0.00
 train_exploration_epsilon: 0.100
 train_frame_rate:  159
I1016 01:51:25.262279 47464881551168 run_miniworld.py:243] Data collection iteration 77.
I1016 01:54:03.010207 47464881551168 run_miniworld.py:250] Evaluation iteration 77.
I1016 01:54:12.742983 47464881551168 run_miniworld.py:267] iteration:  77
 frame: 1925000
 eval_episode_return:  0.00
 train_episode_return:  0.00
 train_exploration_epsilon: 0.100
 train_frame_rate:  158
I1016 01:54:15.795198 47464881551168 run_miniworld.py:243] Data collection iteration 78.
I1016 01:56:52.981141 47464881551168 run_miniworld.py:250] Evaluation iteration 78.
I1016 01:57:02.666752 47464881551168 run_miniworld.py:267] iteration:  78
 frame: 1950000
 eval_episode_return:  0.00
 train_episode_return:  0.00
 train_exploration_epsilon: 0.100
 train_frame_rate:  159
I1016 01:57:05.600114 47464881551168 run_miniworld.py:243] Data collection iteration 79.
I1016 01:59:43.780093 47464881551168 run_miniworld.py:250] Evaluation iteration 79.
I1016 01:59:53.362323 47464881551168 run_miniworld.py:267] iteration:  79
 frame: 1975000
 eval_episode_return:  0.00
 train_episode_return:  0.00
 train_exploration_epsilon: 0.100
 train_frame_rate:  158
I1016 01:59:56.253026 47464881551168 run_miniworld.py:243] Data collection iteration 80.
I1016 02:02:32.994532 47464881551168 run_miniworld.py:250] Evaluation iteration 80.
I1016 02:02:42.671022 47464881551168 run_miniworld.py:267] iteration:  80
 frame: 2000000
 eval_episode_return:  0.00
 train_episode_return:  0.00
 train_exploration_epsilon: 0.100
 train_frame_rate:  159
I1016 02:02:45.570496 47464881551168 run_miniworld.py:243] Data collection iteration 81.
I1016 02:05:22.669123 47464881551168 run_miniworld.py:250] Evaluation iteration 81.
I1016 02:05:32.472914 47464881551168 run_miniworld.py:267] iteration:  81
 frame: 2025000
 eval_episode_return:  0.00
 train_episode_return:  0.00
 train_exploration_epsilon: 0.100
 train_frame_rate:  159
I1016 02:05:37.545334 47464881551168 run_miniworld.py:243] Data collection iteration 82.
I1016 02:08:14.059054 47464881551168 run_miniworld.py:250] Evaluation iteration 82.
I1016 02:08:23.792165 47464881551168 run_miniworld.py:267] iteration:  82
 frame: 2050000
 eval_episode_return:  0.00
 train_episode_return:  0.00
 train_exploration_epsilon: 0.100
 train_frame_rate:  160
I1016 02:08:26.718486 47464881551168 run_miniworld.py:243] Data collection iteration 83.
I1016 02:11:03.054856 47464881551168 run_miniworld.py:250] Evaluation iteration 83.
I1016 02:11:12.700334 47464881551168 run_miniworld.py:267] iteration:  83
 frame: 2075000
 eval_episode_return:  0.00
 train_episode_return:  0.00
 train_exploration_epsilon: 0.100
 train_frame_rate:  160
I1016 02:11:16.684496 47464881551168 run_miniworld.py:243] Data collection iteration 84.
I1016 02:13:52.506660 47464881551168 run_miniworld.py:250] Evaluation iteration 84.
I1016 02:14:02.257823 47464881551168 run_miniworld.py:267] iteration:  84
 frame: 2100000
 eval_episode_return:  0.00
 train_episode_return:  0.00
 train_exploration_epsilon: 0.100
 train_frame_rate:  160
I1016 02:14:05.500655 47464881551168 run_miniworld.py:243] Data collection iteration 85.
I1016 02:16:42.400481 47464881551168 run_miniworld.py:250] Evaluation iteration 85.
I1016 02:16:52.274951 47464881551168 run_miniworld.py:267] iteration:  85
 frame: 2125000
 eval_episode_return:  0.00
 train_episode_return:  0.00
 train_exploration_epsilon: 0.100
 train_frame_rate:  159
I1016 02:16:55.244193 47464881551168 run_miniworld.py:243] Data collection iteration 86.
I1016 02:19:33.302983 47464881551168 run_miniworld.py:250] Evaluation iteration 86.
I1016 02:19:43.091009 47464881551168 run_miniworld.py:267] iteration:  86
 frame: 2150000
 eval_episode_return:  0.00
 train_episode_return:  0.00
 train_exploration_epsilon: 0.100
 train_frame_rate:  158
I1016 02:19:46.961202 47464881551168 run_miniworld.py:243] Data collection iteration 87.
I1016 02:22:22.769134 47464881551168 run_miniworld.py:250] Evaluation iteration 87.
I1016 02:22:32.339343 47464881551168 run_miniworld.py:267] iteration:  87
 frame: 2175000
 eval_episode_return:  0.00
 train_episode_return:  0.00
 train_exploration_epsilon: 0.100
 train_frame_rate:  160
I1016 02:22:35.299497 47464881551168 run_miniworld.py:243] Data collection iteration 88.
I1016 02:25:12.348131 47464881551168 run_miniworld.py:250] Evaluation iteration 88.
I1016 02:25:22.175219 47464881551168 run_miniworld.py:267] iteration:  88
 frame: 2200000
 eval_episode_return:  0.00
 train_episode_return:  0.00
 train_exploration_epsilon: 0.100
 train_frame_rate:  159
I1016 02:25:26.130079 47464881551168 run_miniworld.py:243] Data collection iteration 89.
I1016 02:28:03.976726 47464881551168 run_miniworld.py:250] Evaluation iteration 89.
I1016 02:28:13.794300 47464881551168 run_miniworld.py:267] iteration:  89
 frame: 2225000
 eval_episode_return:  0.00
 train_episode_return:  0.00
 train_exploration_epsilon: 0.100
 train_frame_rate:  158
I1016 02:28:16.996013 47464881551168 run_miniworld.py:243] Data collection iteration 90.
I1016 02:30:54.066419 47464881551168 run_miniworld.py:250] Evaluation iteration 90.
I1016 02:31:03.900748 47464881551168 run_miniworld.py:267] iteration:  90
 frame: 2250000
 eval_episode_return:  0.00
 train_episode_return:  0.00
 train_exploration_epsilon: 0.100
 train_frame_rate:  159
I1016 02:31:06.796482 47464881551168 run_miniworld.py:243] Data collection iteration 91.
I1016 02:33:44.761030 47464881551168 run_miniworld.py:250] Evaluation iteration 91.
I1016 02:33:54.587204 47464881551168 run_miniworld.py:267] iteration:  91
 frame: 2275000
 eval_episode_return:  0.00
 train_episode_return:  0.00
 train_exploration_epsilon: 0.100
 train_frame_rate:  158
I1016 02:33:58.735740 47464881551168 run_miniworld.py:243] Data collection iteration 92.
I1016 02:36:36.222396 47464881551168 run_miniworld.py:250] Evaluation iteration 92.
I1016 02:36:46.121559 47464881551168 run_miniworld.py:267] iteration:  92
 frame: 2300000
 eval_episode_return:  0.00
 train_episode_return:  0.00
 train_exploration_epsilon: 0.100
 train_frame_rate:  159
I1016 02:36:49.379087 47464881551168 run_miniworld.py:243] Data collection iteration 93.
I1016 02:39:26.862831 47464881551168 run_miniworld.py:250] Evaluation iteration 93.
I1016 02:39:36.667693 47464881551168 run_miniworld.py:267] iteration:  93
 frame: 2325000
 eval_episode_return:  0.00
 train_episode_return:  0.00
 train_exploration_epsilon: 0.100
 train_frame_rate:  159
I1016 02:39:40.605466 47464881551168 run_miniworld.py:243] Data collection iteration 94.
I1016 02:42:18.675120 47464881551168 run_miniworld.py:250] Evaluation iteration 94.
I1016 02:42:28.601680 47464881551168 run_miniworld.py:267] iteration:  94
 frame: 2350000
 eval_episode_return:  0.00
 train_episode_return:  0.00
 train_exploration_epsilon: 0.100
 train_frame_rate:  158
I1016 02:42:31.801969 47464881551168 run_miniworld.py:243] Data collection iteration 95.
I1016 02:45:09.553134 47464881551168 run_miniworld.py:250] Evaluation iteration 95.
I1016 02:45:19.340440 47464881551168 run_miniworld.py:267] iteration:  95
 frame: 2375000
 eval_episode_return:  0.00
 train_episode_return:  0.00
 train_exploration_epsilon: 0.100
 train_frame_rate:  158
I1016 02:45:22.702095 47464881551168 run_miniworld.py:243] Data collection iteration 96.
I1016 02:47:59.888574 47464881551168 run_miniworld.py:250] Evaluation iteration 96.
I1016 02:48:09.717814 47464881551168 run_miniworld.py:267] iteration:  96
 frame: 2400000
 eval_episode_return:  0.00
 train_episode_return:  0.00
 train_exploration_epsilon: 0.100
 train_frame_rate:  159
I1016 02:48:13.910314 47464881551168 run_miniworld.py:243] Data collection iteration 97.
I1016 02:50:50.279537 47464881551168 run_miniworld.py:250] Evaluation iteration 97.
I1016 02:50:59.939555 47464881551168 run_miniworld.py:267] iteration:  97
 frame: 2425000
 eval_episode_return:  0.00
 train_episode_return:  0.00
 train_exploration_epsilon: 0.100
 train_frame_rate:  160
I1016 02:51:02.803468 47464881551168 run_miniworld.py:243] Data collection iteration 98.
I1016 02:53:40.670998 47464881551168 run_miniworld.py:250] Evaluation iteration 98.
I1016 02:53:50.619518 47464881551168 run_miniworld.py:267] iteration:  98
 frame: 2450000
 eval_episode_return:  0.00
 train_episode_return:  0.00
 train_exploration_epsilon: 0.100
 train_frame_rate:  158
I1016 02:53:54.545735 47464881551168 run_miniworld.py:243] Data collection iteration 99.
I1016 02:56:31.708271 47464881551168 run_miniworld.py:250] Evaluation iteration 99.
I1016 02:56:41.182816 47464881551168 run_miniworld.py:267] iteration:  99
 frame: 2475000
 eval_episode_return:  0.00
 train_episode_return:  0.00
 train_exploration_epsilon: 0.100
 train_frame_rate:  159
I1016 02:56:44.069205 47464881551168 run_miniworld.py:243] Data collection iteration 100.
I1016 02:59:20.828268 47464881551168 run_miniworld.py:250] Evaluation iteration 100.
I1016 02:59:30.592628 47464881551168 run_miniworld.py:267] iteration: 100
 frame: 2500000
 eval_episode_return:  0.00
 train_episode_return:  0.00
 train_exploration_epsilon: 0.100
 train_frame_rate:  159
I1016 02:59:33.446501 47464881551168 run_miniworld.py:243] Data collection iteration 101.
I1016 03:02:10.884054 47464881551168 run_miniworld.py:250] Evaluation iteration 101.
I1016 03:02:20.730158 47464881551168 run_miniworld.py:267] iteration: 101
 frame: 2525000
 eval_episode_return:  0.00
 train_episode_return:  0.00
 train_exploration_epsilon: 0.100
 train_frame_rate:  159
I1016 03:02:24.857146 47464881551168 run_miniworld.py:243] Data collection iteration 102.
I1016 03:05:03.030271 47464881551168 run_miniworld.py:250] Evaluation iteration 102.
I1016 03:05:12.917191 47464881551168 run_miniworld.py:267] iteration: 102
 frame: 2550000
 eval_episode_return:  0.00
 train_episode_return:  0.00
 train_exploration_epsilon: 0.100
 train_frame_rate:  158
I1016 03:05:15.920723 47464881551168 run_miniworld.py:243] Data collection iteration 103.
I1016 03:07:53.361794 47464881551168 run_miniworld.py:250] Evaluation iteration 103.
I1016 03:08:03.242795 47464881551168 run_miniworld.py:267] iteration: 103
 frame: 2575000
 eval_episode_return:  0.00
 train_episode_return:  0.00
 train_exploration_epsilon: 0.100
 train_frame_rate:  159
I1016 03:08:07.536522 47464881551168 run_miniworld.py:243] Data collection iteration 104.
I1016 03:10:45.626683 47464881551168 run_miniworld.py:250] Evaluation iteration 104.
I1016 03:10:55.448749 47464881551168 run_miniworld.py:267] iteration: 104
 frame: 2600000
 eval_episode_return:  0.00
 train_episode_return:  0.00
 train_exploration_epsilon: 0.100
 train_frame_rate:  158
I1016 03:10:58.398111 47464881551168 run_miniworld.py:243] Data collection iteration 105.
I1016 03:13:35.063474 47464881551168 run_miniworld.py:250] Evaluation iteration 105.
I1016 03:13:44.961389 47464881551168 run_miniworld.py:267] iteration: 105
 frame: 2625000
 eval_episode_return:  0.00
 train_episode_return:  0.00
 train_exploration_epsilon: 0.100
 train_frame_rate:  160
I1016 03:13:47.963781 47464881551168 run_miniworld.py:243] Data collection iteration 106.
I1016 03:16:25.421657 47464881551168 run_miniworld.py:250] Evaluation iteration 106.
I1016 03:16:35.365195 47464881551168 run_miniworld.py:267] iteration: 106
 frame: 2650000
 eval_episode_return:  0.00
 train_episode_return:  0.00
 train_exploration_epsilon: 0.100
 train_frame_rate:  159
I1016 03:16:39.379030 47464881551168 run_miniworld.py:243] Data collection iteration 107.
I1016 03:19:16.583062 47464881551168 run_miniworld.py:250] Evaluation iteration 107.
I1016 03:19:26.378483 47464881551168 run_miniworld.py:267] iteration: 107
 frame: 2675000
 eval_episode_return:  0.00
 train_episode_return:  0.00
 train_exploration_epsilon: 0.100
 train_frame_rate:  159
I1016 03:19:29.765281 47464881551168 run_miniworld.py:243] Data collection iteration 108.
I1016 03:22:07.614414 47464881551168 run_miniworld.py:250] Evaluation iteration 108.
I1016 03:22:17.331669 47464881551168 run_miniworld.py:267] iteration: 108
 frame: 2700000
 eval_episode_return:  0.00
 train_episode_return:  0.00
 train_exploration_epsilon: 0.100
 train_frame_rate:  158
I1016 03:22:21.453728 47464881551168 run_miniworld.py:243] Data collection iteration 109.
I1016 03:24:59.349537 47464881551168 run_miniworld.py:250] Evaluation iteration 109.
I1016 03:25:09.270176 47464881551168 run_miniworld.py:267] iteration: 109
 frame: 2725000
 eval_episode_return:  0.00
 train_episode_return:  0.00
 train_exploration_epsilon: 0.100
 train_frame_rate:  158
I1016 03:25:12.267345 47464881551168 run_miniworld.py:243] Data collection iteration 110.
I1016 03:27:49.764316 47464881551168 run_miniworld.py:250] Evaluation iteration 110.
I1016 03:28:00.047210 47464881551168 run_miniworld.py:267] iteration: 110
 frame: 2750000
 eval_episode_return:  0.00
 train_episode_return:  0.00
 train_exploration_epsilon: 0.100
 train_frame_rate:  159
I1016 03:28:03.216813 47464881551168 run_miniworld.py:243] Data collection iteration 111.
I1016 03:30:41.316062 47464881551168 run_miniworld.py:250] Evaluation iteration 111.
I1016 03:30:51.293856 47464881551168 run_miniworld.py:267] iteration: 111
 frame: 2775000
 eval_episode_return:  0.00
 train_episode_return:  0.00
 train_exploration_epsilon: 0.100
 train_frame_rate:  158
I1016 03:30:55.543398 47464881551168 run_miniworld.py:243] Data collection iteration 112.
I1016 03:33:33.167502 47464881551168 run_miniworld.py:250] Evaluation iteration 112.
I1016 03:33:42.911956 47464881551168 run_miniworld.py:267] iteration: 112
 frame: 2800000
 eval_episode_return:  0.00
 train_episode_return:  0.00
 train_exploration_epsilon: 0.100
 train_frame_rate:  159
I1016 03:33:46.008532 47464881551168 run_miniworld.py:243] Data collection iteration 113.
I1016 03:36:24.439753 47464881551168 run_miniworld.py:250] Evaluation iteration 113.
I1016 03:36:34.222674 47464881551168 run_miniworld.py:267] iteration: 113
 frame: 2825000
 eval_episode_return:  0.00
 train_episode_return:  0.00
 train_exploration_epsilon: 0.100
 train_frame_rate:  158
I1016 03:36:39.346742 47464881551168 run_miniworld.py:243] Data collection iteration 114.
I1016 03:39:17.789215 47464881551168 run_miniworld.py:250] Evaluation iteration 114.
I1016 03:39:27.581926 47464881551168 run_miniworld.py:267] iteration: 114
 frame: 2850000
 eval_episode_return:  0.00
 train_episode_return:  0.00
 train_exploration_epsilon: 0.100
 train_frame_rate:  158
I1016 03:39:30.627805 47464881551168 run_miniworld.py:243] Data collection iteration 115.
I1016 03:42:08.329913 47464881551168 run_miniworld.py:250] Evaluation iteration 115.
I1016 03:42:18.207254 47464881551168 run_miniworld.py:267] iteration: 115
 frame: 2875000
 eval_episode_return:  0.00
 train_episode_return:  0.00
 train_exploration_epsilon: 0.100
 train_frame_rate:  159
I1016 03:42:21.328901 47464881551168 run_miniworld.py:243] Data collection iteration 116.
I1016 03:44:59.532063 47464881551168 run_miniworld.py:250] Evaluation iteration 116.
I1016 03:45:09.514885 47464881551168 run_miniworld.py:267] iteration: 116
 frame: 2900000
 eval_episode_return:  0.00
 train_episode_return:  0.00
 train_exploration_epsilon: 0.100
 train_frame_rate:  158
I1016 03:45:13.871146 47464881551168 run_miniworld.py:243] Data collection iteration 117.
I1016 03:47:51.861896 47464881551168 run_miniworld.py:250] Evaluation iteration 117.
I1016 03:48:01.768975 47464881551168 run_miniworld.py:267] iteration: 117
 frame: 2925000
 eval_episode_return:  0.00
 train_episode_return:  0.00
 train_exploration_epsilon: 0.100
 train_frame_rate:  158
I1016 03:48:04.873880 47464881551168 run_miniworld.py:243] Data collection iteration 118.
I1016 03:50:42.312121 47464881551168 run_miniworld.py:250] Evaluation iteration 118.
I1016 03:50:52.110947 47464881551168 run_miniworld.py:267] iteration: 118
 frame: 2950000
 eval_episode_return:  0.00
 train_episode_return:  0.00
 train_exploration_epsilon: 0.100
 train_frame_rate:  159
I1016 03:50:56.277218 47464881551168 run_miniworld.py:243] Data collection iteration 119.
I1016 03:53:35.031166 47464881551168 run_miniworld.py:250] Evaluation iteration 119.
I1016 03:53:45.035855 47464881551168 run_miniworld.py:267] iteration: 119
 frame: 2975000
 eval_episode_return:  0.00
 train_episode_return:  0.00
 train_exploration_epsilon: 0.100
 train_frame_rate:  157
I1016 03:53:47.956731 47464881551168 run_miniworld.py:243] Data collection iteration 120.
I1016 03:56:25.231112 47464881551168 run_miniworld.py:250] Evaluation iteration 120.
I1016 03:56:34.971533 47464881551168 run_miniworld.py:267] iteration: 120
 frame: 3000000
 eval_episode_return:  0.00
 train_episode_return:  0.00
 train_exploration_epsilon: 0.100
 train_frame_rate:  159
I1016 03:56:37.936150 47464881551168 run_miniworld.py:243] Data collection iteration 121.
I1016 03:59:15.460937 47464881551168 run_miniworld.py:250] Evaluation iteration 121.
I1016 03:59:25.468140 47464881551168 run_miniworld.py:267] iteration: 121
 frame: 3025000
 eval_episode_return:  0.00
 train_episode_return:  0.00
 train_exploration_epsilon: 0.100
 train_frame_rate:  159
I1016 03:59:29.752595 47464881551168 run_miniworld.py:243] Data collection iteration 122.
I1016 04:02:06.958500 47464881551168 run_miniworld.py:250] Evaluation iteration 122.
I1016 04:02:16.647688 47464881551168 run_miniworld.py:267] iteration: 122
 frame: 3050000
 eval_episode_return:  0.00
 train_episode_return:  0.00
 train_exploration_epsilon: 0.100
 train_frame_rate:  159
I1016 04:02:19.612410 47464881551168 run_miniworld.py:243] Data collection iteration 123.
I1016 04:04:56.819372 47464881551168 run_miniworld.py:250] Evaluation iteration 123.
I1016 04:05:06.714626 47464881551168 run_miniworld.py:267] iteration: 123
 frame: 3075000
 eval_episode_return:  0.00
 train_episode_return:  0.00
 train_exploration_epsilon: 0.100
 train_frame_rate:  159
I1016 04:05:10.762734 47464881551168 run_miniworld.py:243] Data collection iteration 124.
I1016 04:07:48.423019 47464881551168 run_miniworld.py:250] Evaluation iteration 124.
I1016 04:07:58.153182 47464881551168 run_miniworld.py:267] iteration: 124
 frame: 3100000
 eval_episode_return:  0.00
 train_episode_return:  0.00
 train_exploration_epsilon: 0.100
 train_frame_rate:  159
I1016 04:08:01.424958 47464881551168 run_miniworld.py:243] Data collection iteration 125.
I1016 04:10:38.914658 47464881551168 run_miniworld.py:250] Evaluation iteration 125.
I1016 04:10:48.751177 47464881551168 run_miniworld.py:267] iteration: 125
 frame: 3125000
 eval_episode_return:  0.00
 train_episode_return:  0.00
 train_exploration_epsilon: 0.100
 train_frame_rate:  159
I1016 04:10:52.524987 47464881551168 run_miniworld.py:243] Data collection iteration 126.
I1016 04:13:30.714383 47464881551168 run_miniworld.py:250] Evaluation iteration 126.
I1016 04:13:40.423311 47464881551168 run_miniworld.py:267] iteration: 126
 frame: 3150000
 eval_episode_return:  0.00
 train_episode_return:  0.00
 train_exploration_epsilon: 0.100
 train_frame_rate:  158
I1016 04:13:43.333374 47464881551168 run_miniworld.py:243] Data collection iteration 127.
I1016 04:16:21.171065 47464881551168 run_miniworld.py:250] Evaluation iteration 127.
I1016 04:16:31.141699 47464881551168 run_miniworld.py:267] iteration: 127
 frame: 3175000
 eval_episode_return:  0.00
 train_episode_return:  0.00
 train_exploration_epsilon: 0.100
 train_frame_rate:  158
I1016 04:16:34.036246 47464881551168 run_miniworld.py:243] Data collection iteration 128.
I1016 04:19:10.866799 47464881551168 run_miniworld.py:250] Evaluation iteration 128.
I1016 04:19:20.625293 47464881551168 run_miniworld.py:267] iteration: 128
 frame: 3200000
 eval_episode_return:  0.00
 train_episode_return:  0.00
 train_exploration_epsilon: 0.100
 train_frame_rate:  159
I1016 04:19:24.577495 47464881551168 run_miniworld.py:243] Data collection iteration 129.
I1016 04:22:02.568639 47464881551168 run_miniworld.py:250] Evaluation iteration 129.
I1016 04:22:12.412516 47464881551168 run_miniworld.py:267] iteration: 129
 frame: 3225000
 eval_episode_return:  0.00
 train_episode_return:  0.00
 train_exploration_epsilon: 0.100
 train_frame_rate:  158
I1016 04:22:15.302741 47464881551168 run_miniworld.py:243] Data collection iteration 130.
I1016 04:24:52.143758 47464881551168 run_miniworld.py:250] Evaluation iteration 130.
I1016 04:25:02.020488 47464881551168 run_miniworld.py:267] iteration: 130
 frame: 3250000
 eval_episode_return:  0.00
 train_episode_return:  0.00
 train_exploration_epsilon: 0.100
 train_frame_rate:  159
I1016 04:25:06.146812 47464881551168 run_miniworld.py:243] Data collection iteration 131.
I1016 04:27:44.625513 47464881551168 run_miniworld.py:250] Evaluation iteration 131.
I1016 04:27:54.380049 47464881551168 run_miniworld.py:267] iteration: 131
 frame: 3275000
 eval_episode_return:  0.00
 train_episode_return:  0.00
 train_exploration_epsilon: 0.100
 train_frame_rate:  158
I1016 04:27:57.251418 47464881551168 run_miniworld.py:243] Data collection iteration 132.
I1016 04:30:33.929530 47464881551168 run_miniworld.py:250] Evaluation iteration 132.
I1016 04:30:43.598499 47464881551168 run_miniworld.py:267] iteration: 132
 frame: 3300000
 eval_episode_return:  0.00
 train_episode_return:  0.00
 train_exploration_epsilon: 0.100
 train_frame_rate:  160
I1016 04:30:46.561488 47464881551168 run_miniworld.py:243] Data collection iteration 133.
I1016 04:33:23.354927 47464881551168 run_miniworld.py:250] Evaluation iteration 133.
I1016 04:33:33.216956 47464881551168 run_miniworld.py:267] iteration: 133
 frame: 3325000
 eval_episode_return:  0.00
 train_episode_return:  0.00
 train_exploration_epsilon: 0.100
 train_frame_rate:  159
I1016 04:33:37.221653 47464881551168 run_miniworld.py:243] Data collection iteration 134.
I1016 04:36:15.688984 47464881551168 run_miniworld.py:250] Evaluation iteration 134.
I1016 04:36:25.611693 47464881551168 run_miniworld.py:267] iteration: 134
 frame: 3350000
 eval_episode_return:  0.00
 train_episode_return:  0.00
 train_exploration_epsilon: 0.100
 train_frame_rate:  158
I1016 04:36:28.779159 47464881551168 run_miniworld.py:243] Data collection iteration 135.
I1016 04:39:06.855940 47464881551168 run_miniworld.py:250] Evaluation iteration 135.
I1016 04:39:16.601174 47464881551168 run_miniworld.py:267] iteration: 135
 frame: 3375000
 eval_episode_return:  0.00
 train_episode_return:  0.00
 train_exploration_epsilon: 0.100
 train_frame_rate:  158
I1016 04:39:20.557336 47464881551168 run_miniworld.py:243] Data collection iteration 136.
I1016 04:41:59.424112 47464881551168 run_miniworld.py:250] Evaluation iteration 136.
I1016 04:42:09.243500 47464881551168 run_miniworld.py:267] iteration: 136
 frame: 3400000
 eval_episode_return:  0.00
 train_episode_return:  0.00
 train_exploration_epsilon: 0.100
 train_frame_rate:  157
I1016 04:42:12.319472 47464881551168 run_miniworld.py:243] Data collection iteration 137.
I1016 04:44:50.393450 47464881551168 run_miniworld.py:250] Evaluation iteration 137.
I1016 04:45:00.261135 47464881551168 run_miniworld.py:267] iteration: 137
 frame: 3425000
 eval_episode_return:  0.00
 train_episode_return:  0.00
 train_exploration_epsilon: 0.100
 train_frame_rate:  158
I1016 04:45:03.265667 47464881551168 run_miniworld.py:243] Data collection iteration 138.
I1016 04:47:41.835709 47464881551168 run_miniworld.py:250] Evaluation iteration 138.
I1016 04:47:51.781530 47464881551168 run_miniworld.py:267] iteration: 138
 frame: 3450000
 eval_episode_return:  0.00
 train_episode_return:  0.00
 train_exploration_epsilon: 0.100
 train_frame_rate:  158
I1016 04:47:55.812470 47464881551168 run_miniworld.py:243] Data collection iteration 139.
I1016 04:50:34.489787 47464881551168 run_miniworld.py:250] Evaluation iteration 139.
I1016 04:50:44.296314 47464881551168 run_miniworld.py:267] iteration: 139
 frame: 3475000
 eval_episode_return:  0.00
 train_episode_return:  0.00
 train_exploration_epsilon: 0.100
 train_frame_rate:  158
I1016 04:50:47.280206 47464881551168 run_miniworld.py:243] Data collection iteration 140.
I1016 04:53:25.377586 47464881551168 run_miniworld.py:250] Evaluation iteration 140.
I1016 04:53:35.299989 47464881551168 run_miniworld.py:267] iteration: 140
 frame: 3500000
 eval_episode_return:  0.00
 train_episode_return:  0.00
 train_exploration_epsilon: 0.100
 train_frame_rate:  158
I1016 04:53:39.674349 47464881551168 run_miniworld.py:243] Data collection iteration 141.
I1016 04:56:19.366214 47464881551168 run_miniworld.py:250] Evaluation iteration 141.
I1016 04:56:29.259162 47464881551168 run_miniworld.py:267] iteration: 141
 frame: 3525000
 eval_episode_return:  0.00
 train_episode_return:  0.00
 train_exploration_epsilon: 0.100
 train_frame_rate:  157
I1016 04:56:32.266934 47464881551168 run_miniworld.py:243] Data collection iteration 142.
I1016 04:59:11.355394 47464881551168 run_miniworld.py:250] Evaluation iteration 142.
I1016 04:59:21.159214 47464881551168 run_miniworld.py:267] iteration: 142
 frame: 3550000
 eval_episode_return:  0.00
 train_episode_return:  0.00
 train_exploration_epsilon: 0.100
 train_frame_rate:  157
I1016 04:59:24.110205 47464881551168 run_miniworld.py:243] Data collection iteration 143.
I1016 05:02:01.636964 47464881551168 run_miniworld.py:250] Evaluation iteration 143.
I1016 05:02:11.401709 47464881551168 run_miniworld.py:267] iteration: 143
 frame: 3575000
 eval_episode_return:  0.00
 train_episode_return:  0.00
 train_exploration_epsilon: 0.100
 train_frame_rate:  159
I1016 05:02:15.668155 47464881551168 run_miniworld.py:243] Data collection iteration 144.
I1016 05:04:54.430694 47464881551168 run_miniworld.py:250] Evaluation iteration 144.
I1016 05:05:04.235290 47464881551168 run_miniworld.py:267] iteration: 144
 frame: 3600000
 eval_episode_return:  0.00
 train_episode_return:  0.00
 train_exploration_epsilon: 0.100
 train_frame_rate:  157
I1016 05:05:07.168082 47464881551168 run_miniworld.py:243] Data collection iteration 145.
I1016 05:07:44.370539 47464881551168 run_miniworld.py:250] Evaluation iteration 145.
I1016 05:07:54.200780 47464881551168 run_miniworld.py:267] iteration: 145
 frame: 3625000
 eval_episode_return:  0.00
 train_episode_return:  0.00
 train_exploration_epsilon: 0.100
 train_frame_rate:  159
I1016 05:07:58.240529 47464881551168 run_miniworld.py:243] Data collection iteration 146.
I1016 05:10:36.523098 47464881551168 run_miniworld.py:250] Evaluation iteration 146.
I1016 05:10:46.516508 47464881551168 run_miniworld.py:267] iteration: 146
 frame: 3650000
 eval_episode_return:  0.00
 train_episode_return:  0.00
 train_exploration_epsilon: 0.100
 train_frame_rate:  158
I1016 05:10:49.467960 47464881551168 run_miniworld.py:243] Data collection iteration 147.
I1016 05:13:27.961534 47464881551168 run_miniworld.py:250] Evaluation iteration 147.
I1016 05:13:37.948478 47464881551168 run_miniworld.py:267] iteration: 147
 frame: 3675000
 eval_episode_return:  0.00
 train_episode_return:  0.00
 train_exploration_epsilon: 0.100
 train_frame_rate:  158
I1016 05:13:40.940684 47464881551168 run_miniworld.py:243] Data collection iteration 148.
I1016 05:16:18.078989 47464881551168 run_miniworld.py:250] Evaluation iteration 148.
I1016 05:16:27.999488 47464881551168 run_miniworld.py:267] iteration: 148
 frame: 3700000
 eval_episode_return:  0.00
 train_episode_return:  0.00
 train_exploration_epsilon: 0.100
 train_frame_rate:  159
I1016 05:16:32.116094 47464881551168 run_miniworld.py:243] Data collection iteration 149.
I1016 05:19:10.251247 47464881551168 run_miniworld.py:250] Evaluation iteration 149.
I1016 05:19:19.975855 47464881551168 run_miniworld.py:267] iteration: 149
 frame: 3725000
 eval_episode_return:  0.00
 train_episode_return:  0.00
 train_exploration_epsilon: 0.100
 train_frame_rate:  158
I1016 05:19:23.158862 47464881551168 run_miniworld.py:243] Data collection iteration 150.
I1016 05:22:00.074769 47464881551168 run_miniworld.py:250] Evaluation iteration 150.
I1016 05:22:09.856971 47464881551168 run_miniworld.py:267] iteration: 150
 frame: 3750000
 eval_episode_return:  0.00
 train_episode_return:  0.00
 train_exploration_epsilon: 0.100
 train_frame_rate:  159
I1016 05:22:14.011058 47464881551168 run_miniworld.py:243] Data collection iteration 151.
I1016 05:24:53.103399 47464881551168 run_miniworld.py:250] Evaluation iteration 151.
I1016 05:25:02.671331 47464881551168 run_miniworld.py:267] iteration: 151
 frame: 3775000
 eval_episode_return:  0.00
 train_episode_return:  0.00
 train_exploration_epsilon: 0.100
 train_frame_rate:  157
I1016 05:25:05.628571 47464881551168 run_miniworld.py:243] Data collection iteration 152.
I1016 05:27:43.599291 47464881551168 run_miniworld.py:250] Evaluation iteration 152.
I1016 05:27:53.492333 47464881551168 run_miniworld.py:267] iteration: 152
 frame: 3800000
 eval_episode_return:  0.00
 train_episode_return:  0.00
 train_exploration_epsilon: 0.100
 train_frame_rate:  158
I1016 05:27:56.546608 47464881551168 run_miniworld.py:243] Data collection iteration 153.
I1016 05:30:34.813813 47464881551168 run_miniworld.py:250] Evaluation iteration 153.
I1016 05:30:44.723165 47464881551168 run_miniworld.py:267] iteration: 153
 frame: 3825000
 eval_episode_return:  0.00
 train_episode_return:  0.00
 train_exploration_epsilon: 0.100
 train_frame_rate:  158
I1016 05:30:48.704900 47464881551168 run_miniworld.py:243] Data collection iteration 154.
I1016 05:33:26.559197 47464881551168 run_miniworld.py:250] Evaluation iteration 154.
I1016 05:33:36.289642 47464881551168 run_miniworld.py:267] iteration: 154
 frame: 3850000
 eval_episode_return:  0.00
 train_episode_return:  0.00
 train_exploration_epsilon: 0.100
 train_frame_rate:  158
I1016 05:33:39.209428 47464881551168 run_miniworld.py:243] Data collection iteration 155.
I1016 05:36:16.342755 47464881551168 run_miniworld.py:250] Evaluation iteration 155.
I1016 05:36:26.136152 47464881551168 run_miniworld.py:267] iteration: 155
 frame: 3875000
 eval_episode_return:  0.00
 train_episode_return:  0.00
 train_exploration_epsilon: 0.100
 train_frame_rate:  159
I1016 05:36:30.166788 47464881551168 run_miniworld.py:243] Data collection iteration 156.
I1016 05:39:10.169482 47464881551168 run_miniworld.py:250] Evaluation iteration 156.
I1016 05:39:20.206292 47464881551168 run_miniworld.py:267] iteration: 156
 frame: 3900000
 eval_episode_return:  0.00
 train_episode_return:  0.00
 train_exploration_epsilon: 0.100
 train_frame_rate:  156
I1016 05:39:23.191231 47464881551168 run_miniworld.py:243] Data collection iteration 157.
I1016 05:42:00.835278 47464881551168 run_miniworld.py:250] Evaluation iteration 157.
I1016 05:42:10.701986 47464881551168 run_miniworld.py:267] iteration: 157
 frame: 3925000
 eval_episode_return:  0.00
 train_episode_return:  0.00
 train_exploration_epsilon: 0.100
 train_frame_rate:  159
I1016 05:42:13.912727 47464881551168 run_miniworld.py:243] Data collection iteration 158.
I1016 05:44:51.817249 47464881551168 run_miniworld.py:250] Evaluation iteration 158.
I1016 05:45:01.582052 47464881551168 run_miniworld.py:267] iteration: 158
 frame: 3950000
 eval_episode_return:  0.00
 train_episode_return:  0.00
 train_exploration_epsilon: 0.100
 train_frame_rate:  158
I1016 05:45:05.753321 47464881551168 run_miniworld.py:243] Data collection iteration 159.
I1016 05:47:44.454333 47464881551168 run_miniworld.py:250] Evaluation iteration 159.
I1016 05:47:54.326686 47464881551168 run_miniworld.py:267] iteration: 159
 frame: 3975000
 eval_episode_return:  0.00
 train_episode_return:  0.00
 train_exploration_epsilon: 0.100
 train_frame_rate:  158
I1016 05:47:57.224057 47464881551168 run_miniworld.py:243] Data collection iteration 160.
I1016 05:50:34.981131 47464881551168 run_miniworld.py:250] Evaluation iteration 160.
I1016 05:50:44.850015 47464881551168 run_miniworld.py:267] iteration: 160
 frame: 4000000
 eval_episode_return:  0.00
 train_episode_return:  0.00
 train_exploration_epsilon: 0.100
 train_frame_rate:  158
I1016 05:50:48.891599 47464881551168 run_miniworld.py:243] Data collection iteration 161.
I1016 05:53:27.526814 47464881551168 run_miniworld.py:250] Evaluation iteration 161.
I1016 05:53:37.266053 47464881551168 run_miniworld.py:267] iteration: 161
 frame: 4025000
 eval_episode_return:  0.00
 train_episode_return:  0.00
 train_exploration_epsilon: 0.100
 train_frame_rate:  158
I1016 05:53:40.192114 47464881551168 run_miniworld.py:243] Data collection iteration 162.
I1016 05:56:17.742411 47464881551168 run_miniworld.py:250] Evaluation iteration 162.
I1016 05:56:27.637585 47464881551168 run_miniworld.py:267] iteration: 162
 frame: 4050000
 eval_episode_return:  0.00
 train_episode_return:  0.00
 train_exploration_epsilon: 0.100
 train_frame_rate:  159
I1016 05:56:30.511606 47464881551168 run_miniworld.py:243] Data collection iteration 163.
I1016 05:59:08.558171 47464881551168 run_miniworld.py:250] Evaluation iteration 163.
I1016 05:59:18.403819 47464881551168 run_miniworld.py:267] iteration: 163
 frame: 4075000
 eval_episode_return:  0.00
 train_episode_return:  0.00
 train_exploration_epsilon: 0.100
 train_frame_rate:  158
I1016 05:59:22.661042 47464881551168 run_miniworld.py:243] Data collection iteration 164.
I1016 06:02:01.422199 47464881551168 run_miniworld.py:250] Evaluation iteration 164.
I1016 06:02:11.458972 47464881551168 run_miniworld.py:267] iteration: 164
 frame: 4100000
 eval_episode_return:  0.00
 train_episode_return:  0.00
 train_exploration_epsilon: 0.100
 train_frame_rate:  157
I1016 06:02:14.392958 47464881551168 run_miniworld.py:243] Data collection iteration 165.
I1016 06:04:52.794565 47464881551168 run_miniworld.py:250] Evaluation iteration 165.
I1016 06:05:02.670647 47464881551168 run_miniworld.py:267] iteration: 165
 frame: 4125000
 eval_episode_return:  0.00
 train_episode_return:  0.00
 train_exploration_epsilon: 0.100
 train_frame_rate:  158
I1016 06:05:06.705430 47464881551168 run_miniworld.py:243] Data collection iteration 166.
I1016 06:07:44.786432 47464881551168 run_miniworld.py:250] Evaluation iteration 166.
I1016 06:07:54.600713 47464881551168 run_miniworld.py:267] iteration: 166
 frame: 4150000
 eval_episode_return:  0.00
 train_episode_return:  0.00
 train_exploration_epsilon: 0.100
 train_frame_rate:  158
I1016 06:07:57.536208 47464881551168 run_miniworld.py:243] Data collection iteration 167.
I1016 06:10:35.196869 47464881551168 run_miniworld.py:250] Evaluation iteration 167.
I1016 06:10:45.169779 47464881551168 run_miniworld.py:267] iteration: 167
 frame: 4175000
 eval_episode_return:  0.00
 train_episode_return:  0.00
 train_exploration_epsilon: 0.100
 train_frame_rate:  159
I1016 06:10:48.132410 47464881551168 run_miniworld.py:243] Data collection iteration 168.
I1016 06:13:25.540113 47464881551168 run_miniworld.py:250] Evaluation iteration 168.
I1016 06:13:35.383630 47464881551168 run_miniworld.py:267] iteration: 168
 frame: 4200000
 eval_episode_return:  0.00
 train_episode_return:  0.00
 train_exploration_epsilon: 0.100
 train_frame_rate:  159
I1016 06:13:39.761923 47464881551168 run_miniworld.py:243] Data collection iteration 169.
I1016 06:16:17.099525 47464881551168 run_miniworld.py:250] Evaluation iteration 169.
I1016 06:16:27.003131 47464881551168 run_miniworld.py:267] iteration: 169
 frame: 4225000
 eval_episode_return:  0.00
 train_episode_return:  0.00
 train_exploration_epsilon: 0.100
 train_frame_rate:  159
I1016 06:16:29.873940 47464881551168 run_miniworld.py:243] Data collection iteration 170.
I1016 06:19:07.044778 47464881551168 run_miniworld.py:250] Evaluation iteration 170.
I1016 06:19:16.876551 47464881551168 run_miniworld.py:267] iteration: 170
 frame: 4250000
 eval_episode_return:  0.00
 train_episode_return:  0.00
 train_exploration_epsilon: 0.100
 train_frame_rate:  159
I1016 06:19:20.807649 47464881551168 run_miniworld.py:243] Data collection iteration 171.
I1016 06:21:58.762295 47464881551168 run_miniworld.py:250] Evaluation iteration 171.
I1016 06:22:08.593998 47464881551168 run_miniworld.py:267] iteration: 171
 frame: 4275000
 eval_episode_return:  0.00
 train_episode_return:  0.00
 train_exploration_epsilon: 0.100
 train_frame_rate:  158
I1016 06:22:11.489430 47464881551168 run_miniworld.py:243] Data collection iteration 172.
I1016 06:24:49.086335 47464881551168 run_miniworld.py:250] Evaluation iteration 172.
I1016 06:24:59.046055 47464881551168 run_miniworld.py:267] iteration: 172
 frame: 4300000
 eval_episode_return:  0.00
 train_episode_return:  0.00
 train_exploration_epsilon: 0.100
 train_frame_rate:  159
I1016 06:25:02.007957 47464881551168 run_miniworld.py:243] Data collection iteration 173.
I1016 06:27:39.745703 47464881551168 run_miniworld.py:250] Evaluation iteration 173.
I1016 06:27:49.580041 47464881551168 run_miniworld.py:267] iteration: 173
 frame: 4325000
 eval_episode_return:  0.00
 train_episode_return:  0.00
 train_exploration_epsilon: 0.100
 train_frame_rate:  158
I1016 06:27:52.560509 47464881551168 run_miniworld.py:243] Data collection iteration 174.
I1016 06:30:30.565189 47464881551168 run_miniworld.py:250] Evaluation iteration 174.
I1016 06:30:40.607535 47464881551168 run_miniworld.py:267] iteration: 174
 frame: 4350000
 eval_episode_return:  0.00
 train_episode_return:  0.00
 train_exploration_epsilon: 0.100
 train_frame_rate:  158
I1016 06:30:43.518981 47464881551168 run_miniworld.py:243] Data collection iteration 175.
I1016 06:33:20.651056 47464881551168 run_miniworld.py:250] Evaluation iteration 175.
I1016 06:33:30.485551 47464881551168 run_miniworld.py:267] iteration: 175
 frame: 4375000
 eval_episode_return:  0.00
 train_episode_return:  0.00
 train_exploration_epsilon: 0.100
 train_frame_rate:  159
I1016 06:33:34.498400 47464881551168 run_miniworld.py:243] Data collection iteration 176.
I1016 06:36:12.520286 47464881551168 run_miniworld.py:250] Evaluation iteration 176.
I1016 06:36:22.464195 47464881551168 run_miniworld.py:267] iteration: 176
 frame: 4400000
 eval_episode_return:  0.00
 train_episode_return:  0.00
 train_exploration_epsilon: 0.100
 train_frame_rate:  158
I1016 06:36:25.532879 47464881551168 run_miniworld.py:243] Data collection iteration 177.
I1016 06:39:02.715253 47464881551168 run_miniworld.py:250] Evaluation iteration 177.
I1016 06:39:12.774596 47464881551168 run_miniworld.py:267] iteration: 177
 frame: 4425000
 eval_episode_return:  0.00
 train_episode_return:  0.00
 train_exploration_epsilon: 0.100
 train_frame_rate:  159
I1016 06:39:15.669079 47464881551168 run_miniworld.py:243] Data collection iteration 178.
I1016 06:41:54.699931 47464881551168 run_miniworld.py:250] Evaluation iteration 178.
I1016 06:42:04.583993 47464881551168 run_miniworld.py:267] iteration: 178
 frame: 4450000
 eval_episode_return:  0.00
 train_episode_return:  0.00
 train_exploration_epsilon: 0.100
 train_frame_rate:  157
I1016 06:42:07.493112 47464881551168 run_miniworld.py:243] Data collection iteration 179.
I1016 06:44:44.866293 47464881551168 run_miniworld.py:250] Evaluation iteration 179.
I1016 06:44:54.789258 47464881551168 run_miniworld.py:267] iteration: 179
 frame: 4475000
 eval_episode_return:  0.00
 train_episode_return:  0.00
 train_exploration_epsilon: 0.100
 train_frame_rate:  159
I1016 06:44:57.802104 47464881551168 run_miniworld.py:243] Data collection iteration 180.
I1016 06:47:35.167845 47464881551168 run_miniworld.py:250] Evaluation iteration 180.
I1016 06:47:44.986675 47464881551168 run_miniworld.py:267] iteration: 180
 frame: 4500000
 eval_episode_return:  0.00
 train_episode_return:  0.00
 train_exploration_epsilon: 0.100
 train_frame_rate:  159
I1016 06:47:48.948479 47464881551168 run_miniworld.py:243] Data collection iteration 181.
I1016 06:50:27.815993 47464881551168 run_miniworld.py:250] Evaluation iteration 181.
I1016 06:50:37.595614 47464881551168 run_miniworld.py:267] iteration: 181
 frame: 4525000
 eval_episode_return:  0.00
 train_episode_return:  0.00
 train_exploration_epsilon: 0.100
 train_frame_rate:  157
I1016 06:50:40.494682 47464881551168 run_miniworld.py:243] Data collection iteration 182.
I1016 06:53:18.832405 47464881551168 run_miniworld.py:250] Evaluation iteration 182.
I1016 06:53:28.783585 47464881551168 run_miniworld.py:267] iteration: 182
 frame: 4550000
 eval_episode_return:  0.00
 train_episode_return:  0.00
 train_exploration_epsilon: 0.100
 train_frame_rate:  158
I1016 06:53:32.827783 47464881551168 run_miniworld.py:243] Data collection iteration 183.
I1016 06:56:11.791196 47464881551168 run_miniworld.py:250] Evaluation iteration 183.
I1016 06:56:21.416255 47464881551168 run_miniworld.py:267] iteration: 183
 frame: 4575000
 eval_episode_return:  0.00
 train_episode_return:  0.00
 train_exploration_epsilon: 0.100
 train_frame_rate:  157
I1016 06:56:24.293513 47464881551168 run_miniworld.py:243] Data collection iteration 184.
I1016 06:59:03.214444 47464881551168 run_miniworld.py:250] Evaluation iteration 184.
I1016 06:59:13.166695 47464881551168 run_miniworld.py:267] iteration: 184
 frame: 4600000
 eval_episode_return:  0.00
 train_episode_return:  0.00
 train_exploration_epsilon: 0.100
 train_frame_rate:  157
I1016 06:59:16.060643 47464881551168 run_miniworld.py:243] Data collection iteration 185.
I1016 07:01:53.612263 47464881551168 run_miniworld.py:250] Evaluation iteration 185.
I1016 07:02:03.385358 47464881551168 run_miniworld.py:267] iteration: 185
 frame: 4625000
 eval_episode_return:  0.00
 train_episode_return:  0.00
 train_exploration_epsilon: 0.100
 train_frame_rate:  159
I1016 07:02:08.254045 47464881551168 run_miniworld.py:243] Data collection iteration 186.
I1016 07:04:47.174106 47464881551168 run_miniworld.py:250] Evaluation iteration 186.
I1016 07:04:57.100293 47464881551168 run_miniworld.py:267] iteration: 186
 frame: 4650000
 eval_episode_return:  0.00
 train_episode_return:  0.00
 train_exploration_epsilon: 0.100
 train_frame_rate:  157
I1016 07:04:59.987150 47464881551168 run_miniworld.py:243] Data collection iteration 187.
I1016 07:07:38.827913 47464881551168 run_miniworld.py:250] Evaluation iteration 187.
I1016 07:07:48.678361 47464881551168 run_miniworld.py:267] iteration: 187
 frame: 4675000
 eval_episode_return:  0.00
 train_episode_return:  0.00
 train_exploration_epsilon: 0.100
 train_frame_rate:  157
I1016 07:07:52.936409 47464881551168 run_miniworld.py:243] Data collection iteration 188.
I1016 07:10:32.607204 47464881551168 run_miniworld.py:250] Evaluation iteration 188.
I1016 07:10:42.584160 47464881551168 run_miniworld.py:267] iteration: 188
 frame: 4700000
 eval_episode_return:  0.00
 train_episode_return:  0.00
 train_exploration_epsilon: 0.100
 train_frame_rate:  157
I1016 07:10:45.966967 47464881551168 run_miniworld.py:243] Data collection iteration 189.
I1016 07:13:25.268874 47464881551168 run_miniworld.py:250] Evaluation iteration 189.
I1016 07:13:35.208897 47464881551168 run_miniworld.py:267] iteration: 189
 frame: 4725000
 eval_episode_return:  0.00
 train_episode_return:  0.00
 train_exploration_epsilon: 0.100
 train_frame_rate:  157
I1016 07:13:38.154449 47464881551168 run_miniworld.py:243] Data collection iteration 190.
I1016 07:16:16.155921 47464881551168 run_miniworld.py:250] Evaluation iteration 190.
I1016 07:16:26.114294 47464881551168 run_miniworld.py:267] iteration: 190
 frame: 4750000
 eval_episode_return:  0.00
 train_episode_return:  0.00
 train_exploration_epsilon: 0.100
 train_frame_rate:  158
I1016 07:16:30.170172 47464881551168 run_miniworld.py:243] Data collection iteration 191.
I1016 07:19:08.559949 47464881551168 run_miniworld.py:250] Evaluation iteration 191.
I1016 07:19:18.474271 47464881551168 run_miniworld.py:267] iteration: 191
 frame: 4775000
 eval_episode_return:  0.00
 train_episode_return:  0.00
 train_exploration_epsilon: 0.100
 train_frame_rate:  158
I1016 07:19:21.479883 47464881551168 run_miniworld.py:243] Data collection iteration 192.
I1016 07:21:58.488104 47464881551168 run_miniworld.py:250] Evaluation iteration 192.
I1016 07:22:08.284240 47464881551168 run_miniworld.py:267] iteration: 192
 frame: 4800000
 eval_episode_return:  0.00
 train_episode_return:  0.00
 train_exploration_epsilon: 0.100
 train_frame_rate:  159
I1016 07:22:12.793831 47464881551168 run_miniworld.py:243] Data collection iteration 193.
I1016 07:24:51.112924 47464881551168 run_miniworld.py:250] Evaluation iteration 193.
I1016 07:25:00.991480 47464881551168 run_miniworld.py:267] iteration: 193
 frame: 4825000
 eval_episode_return:  0.00
 train_episode_return:  0.00
 train_exploration_epsilon: 0.100
 train_frame_rate:  158
I1016 07:25:03.856074 47464881551168 run_miniworld.py:243] Data collection iteration 194.
I1016 07:27:42.147248 47464881551168 run_miniworld.py:250] Evaluation iteration 194.
I1016 07:27:52.099732 47464881551168 run_miniworld.py:267] iteration: 194
 frame: 4850000
 eval_episode_return:  0.00
 train_episode_return:  0.00
 train_exploration_epsilon: 0.100
 train_frame_rate:  158
I1016 07:27:54.953624 47464881551168 run_miniworld.py:243] Data collection iteration 195.
I1016 07:30:32.090371 47464881551168 run_miniworld.py:250] Evaluation iteration 195.
I1016 07:30:41.863802 47464881551168 run_miniworld.py:267] iteration: 195
 frame: 4875000
 eval_episode_return:  0.00
 train_episode_return:  0.00
 train_exploration_epsilon: 0.100
 train_frame_rate:  159
I1016 07:30:45.958618 47464881551168 run_miniworld.py:243] Data collection iteration 196.
I1016 07:33:23.864184 47464881551168 run_miniworld.py:250] Evaluation iteration 196.
I1016 07:33:33.568968 47464881551168 run_miniworld.py:267] iteration: 196
 frame: 4900000
 eval_episode_return:  0.00
 train_episode_return:  0.00
 train_exploration_epsilon: 0.100
 train_frame_rate:  158
I1016 07:33:36.549839 47464881551168 run_miniworld.py:243] Data collection iteration 197.
I1016 07:36:14.543447 47464881551168 run_miniworld.py:250] Evaluation iteration 197.
I1016 07:36:24.586422 47464881551168 run_miniworld.py:267] iteration: 197
 frame: 4925000
 eval_episode_return:  0.00
 train_episode_return:  0.00
 train_exploration_epsilon: 0.100
 train_frame_rate:  158
I1016 07:36:28.602074 47464881551168 run_miniworld.py:243] Data collection iteration 198.
I1016 07:39:07.237838 47464881551168 run_miniworld.py:250] Evaluation iteration 198.
I1016 07:39:17.098907 47464881551168 run_miniworld.py:267] iteration: 198
 frame: 4950000
 eval_episode_return:  0.00
 train_episode_return:  0.00
 train_exploration_epsilon: 0.100
 train_frame_rate:  158
I1016 07:39:20.000447 47464881551168 run_miniworld.py:243] Data collection iteration 199.
I1016 07:41:58.430819 47464881551168 run_miniworld.py:250] Evaluation iteration 199.
I1016 07:42:08.464051 47464881551168 run_miniworld.py:267] iteration: 199
 frame: 4975000
 eval_episode_return:  0.00
 train_episode_return:  0.00
 train_exploration_epsilon: 0.100
 train_frame_rate:  158
I1016 07:42:11.322756 47464881551168 run_miniworld.py:243] Data collection iteration 200.
I1016 07:44:48.795577 47464881551168 run_miniworld.py:250] Evaluation iteration 200.
I1016 07:44:58.718145 47464881551168 run_miniworld.py:267] iteration: 200
 frame: 5000000
 eval_episode_return:  0.00
 train_episode_return:  0.00
 train_exploration_epsilon: 0.100
 train_frame_rate:  159
Falling back to num_samples=1
Falling back to num_samples=1
Falling back to num_samples=1
Falling back to num_samples=1
Falling back to num_samples=1
Falling back to num_samples=1
Falling back to num_samples=1
Falling back to num_samples=1
Falling back to num_samples=1
Falling back to num_samples=1
Falling back to num_samples=1
Falling back to num_samples=1
Falling back to num_samples=1
Falling back to num_samples=1
Falling back to num_samples=1
Falling back to num_samples=1
Falling back to num_samples=1
Falling back to num_samples=1
Falling back to num_samples=1
Falling back to num_samples=1
Falling back to num_samples=1
Falling back to num_samples=1
Falling back to num_samples=1
Falling back to num_samples=1
Falling back to num_samples=1
Falling back to num_samples=1
Falling back to num_samples=1
Falling back to num_samples=1
Falling back to num_samples=1
Falling back to num_samples=1
Falling back to num_samples=1
Falling back to num_samples=1
Falling back to num_samples=1
Falling back to num_samples=1
Falling back to num_samples=1
Falling back to num_samples=1
Falling back to num_samples=1
Falling back to num_samples=1
Falling back to num_samples=1
Falling back to num_samples=1
Falling back to num_samples=1
Falling back to num_samples=1
Falling back to num_samples=1
Falling back to num_samples=1
Falling back to num_samples=1
Falling back to num_samples=1
Falling back to num_samples=1
Falling back to num_samples=1
Falling back to num_samples=1
Falling back to num_samples=1
Falling back to num_samples=1
Falling back to num_samples=1
Falling back to num_samples=1
Falling back to num_samples=1
Falling back to num_samples=1
Falling back to num_samples=1
Falling back to num_samples=1
Falling back to num_samples=1
Falling back to num_samples=1
Falling back to num_samples=1
Falling back to num_samples=1
Falling back to num_samples=1
Falling back to num_samples=1
Falling back to num_samples=1
Falling back to num_samples=1
Falling back to num_samples=1
Falling back to num_samples=1
Falling back to num_samples=1
Falling back to num_samples=1
Falling back to num_samples=1
Falling back to num_samples=1
Falling back to num_samples=1
Falling back to num_samples=1
Falling back to num_samples=1
Falling back to num_samples=1
Falling back to num_samples=1
Falling back to num_samples=1
Falling back to num_samples=1
Falling back to num_samples=1
Falling back to num_samples=1
Falling back to num_samples=1
Falling back to num_samples=1
Falling back to num_samples=1
Falling back to num_samples=1
Falling back to num_samples=1
Falling back to num_samples=1
Falling back to num_samples=1
Falling back to num_samples=1
Falling back to num_samples=1
Falling back to num_samples=1
Falling back to num_samples=1
Falling back to num_samples=1
Falling back to num_samples=1
Falling back to num_samples=1
Falling back to num_samples=1
Falling back to num_samples=1
Falling back to num_samples=1
Falling back to num_samples=1
Falling back to num_samples=1
Falling back to num_samples=1
Falling back to num_samples=1
Falling back to num_samples=1
Falling back to num_samples=1
Falling back to num_samples=1
Falling back to num_samples=1
Falling back to num_samples=1
Falling back to num_samples=1
Falling back to num_samples=1
Falling back to num_samples=1
Falling back to num_samples=1
Falling back to num_samples=1
Falling back to num_samples=1
Falling back to num_samples=1
Falling back to num_samples=1
Falling back to num_samples=1
Falling back to num_samples=1
Falling back to num_samples=1
Falling back to num_samples=1
Falling back to num_samples=1
Falling back to num_samples=1
Falling back to num_samples=1
Falling back to num_samples=1
Falling back to num_samples=1
Falling back to num_samples=1
Falling back to num_samples=1
Falling back to num_samples=1
Falling back to num_samples=1
Falling back to num_samples=1
Falling back to num_samples=1
Falling back to num_samples=1
Falling back to num_samples=1
Falling back to num_samples=1
Falling back to num_samples=1
Falling back to num_samples=1
Falling back to num_samples=1
Falling back to num_samples=1
Falling back to num_samples=1
Falling back to num_samples=1
Falling back to num_samples=1
Falling back to num_samples=1
Falling back to num_samples=1
Falling back to num_samples=1
Falling back to num_samples=1
Falling back to num_samples=1
Falling back to num_samples=1
Falling back to num_samples=1
Falling back to num_samples=1
Falling back to num_samples=1
Falling back to num_samples=1
Falling back to num_samples=1
Falling back to num_samples=1
Falling back to num_samples=1
Falling back to num_samples=1
Falling back to num_samples=1
Falling back to num_samples=1
Falling back to num_samples=1
Falling back to num_samples=1
Falling back to num_samples=1
Falling back to num_samples=1
Falling back to num_samples=1
Falling back to num_samples=1
Falling back to num_samples=1
Falling back to num_samples=1
Falling back to num_samples=1
Falling back to num_samples=1
Falling back to num_samples=1
Falling back to num_samples=1
Falling back to num_samples=1
Falling back to num_samples=1
Falling back to num_samples=1
Falling back to num_samples=1
Falling back to num_samples=1
Falling back to num_samples=1
Falling back to num_samples=1
Falling back to num_samples=1
Falling back to num_samples=1
Falling back to num_samples=1
Falling back to num_samples=1
Falling back to num_samples=1
Falling back to num_samples=1
Falling back to num_samples=1
Falling back to num_samples=1
Falling back to num_samples=1
Falling back to num_samples=1
Falling back to num_samples=1
Falling back to num_samples=1
Falling back to num_samples=1
Falling back to num_samples=1
Falling back to num_samples=1
Falling back to num_samples=1
Falling back to num_samples=1
Falling back to num_samples=1
Falling back to num_samples=1
Falling back to num_samples=1
Falling back to num_samples=1
Falling back to num_samples=1
Falling back to num_samples=1
Falling back to num_samples=1
Falling back to num_samples=1
Falling back to num_samples=1
Falling back to num_samples=1
Falling back to num_samples=1
Falling back to num_samples=1
Falling back to num_samples=1
Falling back to num_samples=1
Falling back to num_samples=1
Falling back to num_samples=1
Falling back to num_samples=1
Falling back to num_samples=1
Falling back to num_samples=1
Falling back to num_samples=1
Falling back to num_samples=1
Falling back to num_samples=1
Falling back to num_samples=1
Falling back to num_samples=1
Falling back to num_samples=1
Falling back to num_samples=1
Falling back to num_samples=1
Falling back to num_samples=1
Falling back to num_samples=1
Falling back to num_samples=1
Falling back to num_samples=1
Falling back to num_samples=1
Falling back to num_samples=1
Falling back to num_samples=1
Falling back to num_samples=1
Falling back to num_samples=1
Falling back to num_samples=1
Falling back to num_samples=1
Falling back to num_samples=1
Falling back to num_samples=1
Falling back to num_samples=1
Falling back to num_samples=1
Falling back to num_samples=1
Falling back to num_samples=1
Falling back to num_samples=1
Falling back to num_samples=1
Falling back to num_samples=1
Falling back to num_samples=1
Falling back to num_samples=1
Falling back to num_samples=1
Falling back to num_samples=1
Falling back to num_samples=1
Falling back to num_samples=1
Falling back to num_samples=1
Falling back to num_samples=1
Falling back to num_samples=1
Falling back to num_samples=1
Falling back to num_samples=1
Falling back to num_samples=1
Falling back to num_samples=1
Falling back to num_samples=1
Falling back to num_samples=1
Falling back to num_samples=1
Falling back to num_samples=1
Falling back to num_samples=1
Falling back to num_samples=1
Falling back to num_samples=1
Falling back to num_samples=1
Falling back to num_samples=1
Falling back to num_samples=1
Falling back to num_samples=1
Falling back to num_samples=1
Falling back to num_samples=1
Falling back to num_samples=1
Falling back to num_samples=1
Falling back to num_samples=1
Falling back to num_samples=1
Falling back to num_samples=1
Falling back to num_samples=1
Falling back to num_samples=1
Falling back to num_samples=1
Falling back to num_samples=1
Falling back to num_samples=1
Falling back to num_samples=1
Falling back to num_samples=1
Falling back to num_samples=1
Falling back to num_samples=1
Falling back to num_samples=1
Falling back to num_samples=1
Falling back to num_samples=1
Falling back to num_samples=1
Falling back to num_samples=1
Falling back to num_samples=1
Falling back to num_samples=1
Falling back to num_samples=1
Falling back to num_samples=1
Falling back to num_samples=1
Falling back to num_samples=1
Falling back to num_samples=1
Falling back to num_samples=1
Falling back to num_samples=1
Falling back to num_samples=1
Falling back to num_samples=1
Falling back to num_samples=1
Falling back to num_samples=1
Falling back to num_samples=1
Falling back to num_samples=1
Falling back to num_samples=1
Falling back to num_samples=1
Falling back to num_samples=1
Falling back to num_samples=1
Falling back to num_samples=1
Falling back to num_samples=1
Falling back to num_samples=1
Falling back to num_samples=1
Falling back to num_samples=1
Falling back to num_samples=1
Falling back to num_samples=1
Falling back to num_samples=1
Falling back to num_samples=1
Falling back to num_samples=1
Falling back to num_samples=1
Falling back to num_samples=1
Falling back to num_samples=1
Falling back to num_samples=1
Falling back to num_samples=1
Falling back to num_samples=1
Falling back to num_samples=1
Falling back to num_samples=1
Falling back to num_samples=1
Falling back to num_samples=1
Falling back to num_samples=1
Falling back to num_samples=1
Falling back to num_samples=1
Falling back to num_samples=1
Falling back to num_samples=1
Falling back to num_samples=1
Falling back to num_samples=1
Falling back to num_samples=1
Falling back to num_samples=1
Falling back to num_samples=1
Falling back to num_samples=1
Falling back to num_samples=1
Falling back to num_samples=1
Falling back to num_samples=1
Falling back to num_samples=1
Falling back to num_samples=1
Falling back to num_samples=1
Falling back to num_samples=1
Falling back to num_samples=1
Falling back to num_samples=1
Falling back to num_samples=1
Falling back to num_samples=1
Falling back to num_samples=1
Falling back to num_samples=1
Falling back to num_samples=1
Falling back to num_samples=1
Falling back to num_samples=1
Falling back to num_samples=1
Falling back to num_samples=1
Falling back to num_samples=1
Falling back to num_samples=1
Falling back to num_samples=1
Falling back to num_samples=1
Falling back to num_samples=1
Falling back to num_samples=1
Falling back to num_samples=1
Falling back to num_samples=1
Falling back to num_samples=1
Falling back to num_samples=1
Falling back to num_samples=1
Falling back to num_samples=1
Falling back to num_samples=1
Falling back to num_samples=1
Falling back to num_samples=1
Falling back to num_samples=1
Falling back to num_samples=1
Falling back to num_samples=1
Falling back to num_samples=1
Falling back to num_samples=1
Falling back to num_samples=1
Falling back to num_samples=1
Falling back to num_samples=1
Falling back to num_samples=1
Falling back to num_samples=1
Falling back to num_samples=1
Falling back to num_samples=1
Falling back to num_samples=1
Falling back to num_samples=1
Falling back to num_samples=1
Falling back to num_samples=1
Falling back to num_samples=1
Falling back to num_samples=1
Falling back to num_samples=1
Falling back to num_samples=1
Falling back to num_samples=1
Falling back to num_samples=1
Falling back to num_samples=1
Falling back to num_samples=1
Falling back to num_samples=1
Falling back to num_samples=1
Falling back to num_samples=1
Falling back to num_samples=1
Falling back to num_samples=1
Falling back to num_samples=1
Falling back to num_samples=1
Falling back to num_samples=1
Falling back to num_samples=1
Falling back to num_samples=1
Falling back to num_samples=1
Falling back to num_samples=1
Falling back to num_samples=1
Falling back to num_samples=1
