I1008 16:50:51.197534 47672927442752 xla_bridge.py:355] Unable to initialize backend 'tpu_driver': NOT_FOUND: Unable to find driver in registry given worker: 
I1008 16:50:51.306136 47672927442752 xla_bridge.py:355] Unable to initialize backend 'rocm': NOT_FOUND: Could not find registered platform with name: "rocm". Available platform names are: CUDA Host Interpreter
I1008 16:50:51.306706 47672927442752 xla_bridge.py:355] Unable to initialize backend 'tpu': module 'jaxlib.xla_extension' has no attribute 'get_tpu_client'
I1008 16:50:51.306842 47672927442752 xla_bridge.py:355] Unable to initialize backend 'plugin': xla_extension has no attributes named get_plugin_device_client. Compile TensorFlow with //tensorflow/compiler/xla/python:enable_plugin_device set to true (defaults to false) to enable this.
I1008 16:50:51.306987 47672927442752 run_miniworld.py:102] Collecting data on MiniWorld on gpu.
I1008 16:50:56.093463 47672927442752 run_miniworld.py:138] Observation shape: (60, 80, 3)
I1008 16:51:03.152296 47672927442752 run_miniworld.py:243] Data collection iteration 0.
I1008 16:51:39.532239 47672927442752 run_miniworld.py:250] Evaluation iteration 0.
/home/mklissa/DCEO/lib/python3.8/site-packages/distrax/_src/distributions/categorical.py:96: UserWarning: Explicitly requested dtype <class 'jax.numpy.int64'> requested in astype is not available, and will be truncated to dtype int32. To enable more dtypes, set the jax_enable_x64 configuration option or the JAX_ENABLE_X64 shell environment variable. See https://github.com/google/jax#current-gotchas for more.
  return draws.astype(self._dtype)
I1008 16:51:49.575406 47672927442752 run_miniworld.py:267] iteration:   0
 frame:     0
 eval_episode_return:  0.00
 train_episode_return:  0.04
 train_exploration_epsilon: 1.000
 train_frame_rate:  687
I1008 16:51:53.125313 47672927442752 run_miniworld.py:243] Data collection iteration 1.
I1008 16:52:29.956566 47672927442752 run_miniworld.py:250] Evaluation iteration 1.
I1008 16:52:39.565807 47672927442752 run_miniworld.py:267] iteration:   1
 frame: 25000
 eval_episode_return:  0.00
 train_episode_return:  0.00
 train_exploration_epsilon: 1.000
 train_frame_rate:  679
I1008 16:52:42.609262 47672927442752 run_miniworld.py:243] Data collection iteration 2.
I1008 16:52:43.089268 47672927442752 dceo_agent.py:298] Begin learning
I1008 16:55:07.275232 47672927442752 run_miniworld.py:250] Evaluation iteration 2.
I1008 16:55:16.931329 47672927442752 run_miniworld.py:267] iteration:   2
 frame: 50000
 eval_episode_return:  0.00
 train_episode_return:  0.04
 train_exploration_epsilon: 0.955
 train_frame_rate:  173
I1008 16:55:19.975675 47672927442752 run_miniworld.py:243] Data collection iteration 3.
I1008 16:57:41.183218 47672927442752 run_miniworld.py:250] Evaluation iteration 3.
I1008 16:57:50.589256 47672927442752 run_miniworld.py:267] iteration:   3
 frame: 75000
 eval_episode_return:  0.00
 train_episode_return:  0.00
 train_exploration_epsilon: 0.910
 train_frame_rate:  177
I1008 16:57:53.726978 47672927442752 run_miniworld.py:243] Data collection iteration 4.
I1008 17:00:13.586404 47672927442752 run_miniworld.py:250] Evaluation iteration 4.
I1008 17:00:23.107457 47672927442752 run_miniworld.py:267] iteration:   4
 frame: 100000
 eval_episode_return:  0.00
 train_episode_return:  0.00
 train_exploration_epsilon: 0.865
 train_frame_rate:  179
I1008 17:00:26.290347 47672927442752 run_miniworld.py:243] Data collection iteration 5.
I1008 17:02:45.760141 47672927442752 run_miniworld.py:250] Evaluation iteration 5.
I1008 17:02:55.253006 47672927442752 run_miniworld.py:267] iteration:   5
 frame: 125000
 eval_episode_return:  0.00
 train_episode_return:  0.19
 train_exploration_epsilon: 0.820
 train_frame_rate:  179
I1008 17:02:58.103784 47672927442752 run_miniworld.py:243] Data collection iteration 6.
I1008 17:05:19.168030 47672927442752 run_miniworld.py:250] Evaluation iteration 6.
I1008 17:05:28.683877 47672927442752 run_miniworld.py:267] iteration:   6
 frame: 150000
 eval_episode_return:  0.00
 train_episode_return:  0.00
 train_exploration_epsilon: 0.775
 train_frame_rate:  177
I1008 17:05:31.373383 47672927442752 run_miniworld.py:243] Data collection iteration 7.
I1008 17:07:52.823962 47672927442752 run_miniworld.py:250] Evaluation iteration 7.
I1008 17:08:02.375060 47672927442752 run_miniworld.py:267] iteration:   7
 frame: 175000
 eval_episode_return:  0.00
 train_episode_return:  0.08
 train_exploration_epsilon: 0.730
 train_frame_rate:  177
I1008 17:08:05.112598 47672927442752 run_miniworld.py:243] Data collection iteration 8.
I1008 17:10:27.913661 47672927442752 run_miniworld.py:250] Evaluation iteration 8.
I1008 17:10:37.366418 47672927442752 run_miniworld.py:267] iteration:   8
 frame: 200000
 eval_episode_return:  0.00
 train_episode_return:  0.04
 train_exploration_epsilon: 0.685
 train_frame_rate:  175
I1008 17:10:40.246204 47672927442752 run_miniworld.py:243] Data collection iteration 9.
I1008 17:13:03.142805 47672927442752 run_miniworld.py:250] Evaluation iteration 9.
I1008 17:13:12.866777 47672927442752 run_miniworld.py:267] iteration:   9
 frame: 225000
 eval_episode_return:  0.00
 train_episode_return:  0.08
 train_exploration_epsilon: 0.640
 train_frame_rate:  175
I1008 17:13:15.993800 47672927442752 run_miniworld.py:243] Data collection iteration 10.
I1008 17:15:39.302050 47672927442752 run_miniworld.py:250] Evaluation iteration 10.
I1008 17:15:48.922254 47672927442752 run_miniworld.py:267] iteration:  10
 frame: 250000
 eval_episode_return:  0.00
 train_episode_return:  0.12
 train_exploration_epsilon: 0.595
 train_frame_rate:  174
I1008 17:15:52.088520 47672927442752 run_miniworld.py:243] Data collection iteration 11.
I1008 17:18:15.721869 47672927442752 run_miniworld.py:250] Evaluation iteration 11.
I1008 17:18:25.283315 47672927442752 run_miniworld.py:267] iteration:  11
 frame: 275000
 eval_episode_return:  0.00
 train_episode_return:  0.12
 train_exploration_epsilon: 0.550
 train_frame_rate:  174
I1008 17:18:28.587392 47672927442752 run_miniworld.py:243] Data collection iteration 12.
I1008 17:20:52.231475 47672927442752 run_miniworld.py:250] Evaluation iteration 12.
I1008 17:21:01.588562 47672927442752 run_miniworld.py:267] iteration:  12
 frame: 300000
 eval_episode_return:  0.00
 train_episode_return:  0.19
 train_exploration_epsilon: 0.505
 train_frame_rate:  174
I1008 17:21:04.279514 47672927442752 run_miniworld.py:243] Data collection iteration 13.
I1008 17:23:28.388451 47672927442752 run_miniworld.py:250] Evaluation iteration 13.
I1008 17:23:37.304285 47672927442752 run_miniworld.py:267] iteration:  13
 frame: 325000
 eval_episode_return:  0.00
 train_episode_return:  0.12
 train_exploration_epsilon: 0.460
 train_frame_rate:  173
I1008 17:23:40.568740 47672927442752 run_miniworld.py:243] Data collection iteration 14.
I1008 17:26:04.852519 47672927442752 run_miniworld.py:250] Evaluation iteration 14.
I1008 17:26:14.211814 47672927442752 run_miniworld.py:267] iteration:  14
 frame: 350000
 eval_episode_return:  0.00
 train_episode_return:  0.19
 train_exploration_epsilon: 0.415
 train_frame_rate:  173
I1008 17:26:17.375308 47672927442752 run_miniworld.py:243] Data collection iteration 15.
I1008 17:28:42.406858 47672927442752 run_miniworld.py:250] Evaluation iteration 15.
I1008 17:28:51.861049 47672927442752 run_miniworld.py:267] iteration:  15
 frame: 375000
 eval_episode_return:  0.00
 train_episode_return:  0.12
 train_exploration_epsilon: 0.370
 train_frame_rate:  172
I1008 17:28:54.581224 47672927442752 run_miniworld.py:243] Data collection iteration 16.
I1008 17:31:20.413626 47672927442752 run_miniworld.py:250] Evaluation iteration 16.
I1008 17:31:29.535306 47672927442752 run_miniworld.py:267] iteration:  16
 frame: 400000
 eval_episode_return:  0.00
 train_episode_return:  0.00
 train_exploration_epsilon: 0.325
 train_frame_rate:  171
I1008 17:31:32.253408 47672927442752 run_miniworld.py:243] Data collection iteration 17.
I1008 17:33:58.002537 47672927442752 run_miniworld.py:250] Evaluation iteration 17.
I1008 17:34:07.415036 47672927442752 run_miniworld.py:267] iteration:  17
 frame: 425000
 eval_episode_return:  0.00
 train_episode_return:  0.08
 train_exploration_epsilon: 0.280
 train_frame_rate:  172
I1008 17:34:10.684703 47672927442752 run_miniworld.py:243] Data collection iteration 18.
I1008 17:36:36.465634 47672927442752 run_miniworld.py:250] Evaluation iteration 18.
I1008 17:36:45.663397 47672927442752 run_miniworld.py:267] iteration:  18
 frame: 450000
 eval_episode_return:  0.00
 train_episode_return:  0.04
 train_exploration_epsilon: 0.235
 train_frame_rate:  171
I1008 17:36:48.391077 47672927442752 run_miniworld.py:243] Data collection iteration 19.
I1008 17:39:15.686594 47672927442752 run_miniworld.py:250] Evaluation iteration 19.
I1008 17:39:25.206099 47672927442752 run_miniworld.py:267] iteration:  19
 frame: 475000
 eval_episode_return:  0.00
 train_episode_return:  0.12
 train_exploration_epsilon: 0.190
 train_frame_rate:  170
I1008 17:39:27.940564 47672927442752 run_miniworld.py:243] Data collection iteration 20.
I1008 17:41:55.123744 47672927442752 run_miniworld.py:250] Evaluation iteration 20.
I1008 17:42:04.819942 47672927442752 run_miniworld.py:267] iteration:  20
 frame: 500000
 eval_episode_return:  0.00
 train_episode_return:  0.12
 train_exploration_epsilon: 0.145
 train_frame_rate:  170
I1008 17:42:08.140766 47672927442752 run_miniworld.py:243] Data collection iteration 21.
I1008 17:44:35.829338 47672927442752 run_miniworld.py:250] Evaluation iteration 21.
I1008 17:44:45.232855 47672927442752 run_miniworld.py:267] iteration:  21
 frame: 525000
 eval_episode_return:  0.00
 train_episode_return:  0.00
 train_exploration_epsilon: 0.100
 train_frame_rate:  169
I1008 17:44:47.962584 47672927442752 run_miniworld.py:243] Data collection iteration 22.
I1008 17:47:16.650447 47672927442752 run_miniworld.py:250] Evaluation iteration 22.
I1008 17:47:26.105569 47672927442752 run_miniworld.py:267] iteration:  22
 frame: 550000
 eval_episode_return:  0.00
 train_episode_return:  0.04
 train_exploration_epsilon: 0.100
 train_frame_rate:  168
I1008 17:47:29.509428 47672927442752 run_miniworld.py:243] Data collection iteration 23.
I1008 17:49:57.942945 47672927442752 run_miniworld.py:250] Evaluation iteration 23.
I1008 17:50:07.416375 47672927442752 run_miniworld.py:267] iteration:  23
 frame: 575000
 eval_episode_return:  0.00
 train_episode_return:  0.00
 train_exploration_epsilon: 0.100
 train_frame_rate:  168
I1008 17:50:11.083431 47672927442752 run_miniworld.py:243] Data collection iteration 24.
I1008 17:52:40.882630 47672927442752 run_miniworld.py:250] Evaluation iteration 24.
I1008 17:52:50.209489 47672927442752 run_miniworld.py:267] iteration:  24
 frame: 600000
 eval_episode_return:  0.00
 train_episode_return:  0.04
 train_exploration_epsilon: 0.100
 train_frame_rate:  167
I1008 17:52:52.925351 47672927442752 run_miniworld.py:243] Data collection iteration 25.
I1008 17:55:22.756865 47672927442752 run_miniworld.py:250] Evaluation iteration 25.
I1008 17:55:32.108175 47672927442752 run_miniworld.py:267] iteration:  25
 frame: 625000
 eval_episode_return:  0.00
 train_episode_return:  0.15
 train_exploration_epsilon: 0.100
 train_frame_rate:  167
I1008 17:55:35.587607 47672927442752 run_miniworld.py:243] Data collection iteration 26.
I1008 17:58:06.090405 47672927442752 run_miniworld.py:250] Evaluation iteration 26.
I1008 17:58:15.687712 47672927442752 run_miniworld.py:267] iteration:  26
 frame: 650000
 eval_episode_return:  0.00
 train_episode_return:  0.15
 train_exploration_epsilon: 0.100
 train_frame_rate:  166
I1008 17:58:18.462984 47672927442752 run_miniworld.py:243] Data collection iteration 27.
I1008 18:00:49.645551 47672927442752 run_miniworld.py:250] Evaluation iteration 27.
I1008 18:00:59.353897 47672927442752 run_miniworld.py:267] iteration:  27
 frame: 675000
 eval_episode_return:  0.00
 train_episode_return:  0.08
 train_exploration_epsilon: 0.100
 train_frame_rate:  165
I1008 18:01:02.978964 47672927442752 run_miniworld.py:243] Data collection iteration 28.
I1008 18:03:34.576141 47672927442752 run_miniworld.py:250] Evaluation iteration 28.
I1008 18:03:44.076690 47672927442752 run_miniworld.py:267] iteration:  28
 frame: 700000
 eval_episode_return:  0.00
 train_episode_return:  0.30
 train_exploration_epsilon: 0.100
 train_frame_rate:  165
I1008 18:03:46.840043 47672927442752 run_miniworld.py:243] Data collection iteration 29.
I1008 18:06:17.857192 47672927442752 run_miniworld.py:250] Evaluation iteration 29.
I1008 18:06:27.613616 47672927442752 run_miniworld.py:267] iteration:  29
 frame: 725000
 eval_episode_return:  0.00
 train_episode_return:  0.04
 train_exploration_epsilon: 0.100
 train_frame_rate:  166
I1008 18:06:31.193151 47672927442752 run_miniworld.py:243] Data collection iteration 30.
I1008 18:09:03.675028 47672927442752 run_miniworld.py:250] Evaluation iteration 30.
I1008 18:09:13.143465 47672927442752 run_miniworld.py:267] iteration:  30
 frame: 750000
 eval_episode_return:  0.00
 train_episode_return:  0.12
 train_exploration_epsilon: 0.100
 train_frame_rate:  164
I1008 18:09:15.893011 47672927442752 run_miniworld.py:243] Data collection iteration 31.
I1008 18:11:48.315921 47672927442752 run_miniworld.py:250] Evaluation iteration 31.
I1008 18:11:57.881656 47672927442752 run_miniworld.py:267] iteration:  31
 frame: 775000
 eval_episode_return:  0.00
 train_episode_return:  0.12
 train_exploration_epsilon: 0.100
 train_frame_rate:  164
I1008 18:12:00.589190 47672927442752 run_miniworld.py:243] Data collection iteration 32.
I1008 18:14:34.441011 47672927442752 run_miniworld.py:250] Evaluation iteration 32.
I1008 18:14:43.958645 47672927442752 run_miniworld.py:267] iteration:  32
 frame: 800000
 eval_episode_return:  0.00
 train_episode_return:  0.12
 train_exploration_epsilon: 0.100
 train_frame_rate:  162
I1008 18:14:46.750867 47672927442752 run_miniworld.py:243] Data collection iteration 33.
I1008 18:17:20.008886 47672927442752 run_miniworld.py:250] Evaluation iteration 33.
I1008 18:17:29.702046 47672927442752 run_miniworld.py:267] iteration:  33
 frame: 825000
 eval_episode_return:  0.00
 train_episode_return:  0.12
 train_exploration_epsilon: 0.100
 train_frame_rate:  163
I1008 18:17:32.515586 47672927442752 run_miniworld.py:243] Data collection iteration 34.
I1008 18:20:06.687041 47672927442752 run_miniworld.py:250] Evaluation iteration 34.
I1008 18:20:16.231906 47672927442752 run_miniworld.py:267] iteration:  34
 frame: 850000
 eval_episode_return:  0.00
 train_episode_return:  0.08
 train_exploration_epsilon: 0.100
 train_frame_rate:  162
I1008 18:20:19.050940 47672927442752 run_miniworld.py:243] Data collection iteration 35.
I1008 18:22:52.890062 47672927442752 run_miniworld.py:250] Evaluation iteration 35.
I1008 18:23:02.394186 47672927442752 run_miniworld.py:267] iteration:  35
 frame: 875000
 eval_episode_return:  0.00
 train_episode_return:  0.12
 train_exploration_epsilon: 0.100
 train_frame_rate:  163
I1008 18:23:05.161554 47672927442752 run_miniworld.py:243] Data collection iteration 36.
I1008 18:25:39.216312 47672927442752 run_miniworld.py:250] Evaluation iteration 36.
I1008 18:25:48.794283 47672927442752 run_miniworld.py:267] iteration:  36
 frame: 900000
 eval_episode_return:  0.00
 train_episode_return:  0.04
 train_exploration_epsilon: 0.100
 train_frame_rate:  162
I1008 18:25:52.368328 47672927442752 run_miniworld.py:243] Data collection iteration 37.
I1008 18:28:26.562433 47672927442752 run_miniworld.py:250] Evaluation iteration 37.
I1008 18:28:36.295784 47672927442752 run_miniworld.py:267] iteration:  37
 frame: 925000
 eval_episode_return:  0.00
 train_episode_return:  0.12
 train_exploration_epsilon: 0.100
 train_frame_rate:  162
I1008 18:28:39.196862 47672927442752 run_miniworld.py:243] Data collection iteration 38.
I1008 18:31:13.719515 47672927442752 run_miniworld.py:250] Evaluation iteration 38.
I1008 18:31:23.281189 47672927442752 run_miniworld.py:267] iteration:  38
 frame: 950000
 eval_episode_return:  0.00
 train_episode_return:  0.12
 train_exploration_epsilon: 0.100
 train_frame_rate:  162
I1008 18:31:26.936270 47672927442752 run_miniworld.py:243] Data collection iteration 39.
I1008 18:34:01.492770 47672927442752 run_miniworld.py:250] Evaluation iteration 39.
I1008 18:34:11.038578 47672927442752 run_miniworld.py:267] iteration:  39
 frame: 975000
 eval_episode_return:  0.00
 train_episode_return:  0.19
 train_exploration_epsilon: 0.100
 train_frame_rate:  162
I1008 18:34:13.912418 47672927442752 run_miniworld.py:243] Data collection iteration 40.
I1008 18:36:48.276818 47672927442752 run_miniworld.py:250] Evaluation iteration 40.
I1008 18:36:57.736734 47672927442752 run_miniworld.py:267] iteration:  40
 frame: 1000000
 eval_episode_return:  0.00
 train_episode_return:  0.19
 train_exploration_epsilon: 0.100
 train_frame_rate:  162
I1008 18:37:01.408199 47672927442752 run_miniworld.py:243] Data collection iteration 41.
I1008 18:39:36.605865 47672927442752 run_miniworld.py:250] Evaluation iteration 41.
I1008 18:39:46.223110 47672927442752 run_miniworld.py:267] iteration:  41
 frame: 1025000
 eval_episode_return:  0.00
 train_episode_return:  0.08
 train_exploration_epsilon: 0.100
 train_frame_rate:  161
I1008 18:39:49.226131 47672927442752 run_miniworld.py:243] Data collection iteration 42.
I1008 18:42:24.617052 47672927442752 run_miniworld.py:250] Evaluation iteration 42.
I1008 18:42:34.312126 47672927442752 run_miniworld.py:267] iteration:  42
 frame: 1050000
 eval_episode_return:  0.00
 train_episode_return:  0.22
 train_exploration_epsilon: 0.100
 train_frame_rate:  161
I1008 18:42:37.541625 47672927442752 run_miniworld.py:243] Data collection iteration 43.
I1008 18:45:12.435085 47672927442752 run_miniworld.py:250] Evaluation iteration 43.
I1008 18:45:22.051531 47672927442752 run_miniworld.py:267] iteration:  43
 frame: 1075000
 eval_episode_return:  0.00
 train_episode_return:  0.22
 train_exploration_epsilon: 0.100
 train_frame_rate:  161
I1008 18:45:26.023347 47672927442752 run_miniworld.py:243] Data collection iteration 44.
I1008 18:48:01.673088 47672927442752 run_miniworld.py:250] Evaluation iteration 44.
I1008 18:48:11.381482 47672927442752 run_miniworld.py:267] iteration:  44
 frame: 1100000
 eval_episode_return:  0.00
 train_episode_return:  0.12
 train_exploration_epsilon: 0.100
 train_frame_rate:  161
I1008 18:48:14.120775 47672927442752 run_miniworld.py:243] Data collection iteration 45.
I1008 18:50:49.848368 47672927442752 run_miniworld.py:250] Evaluation iteration 45.
I1008 18:50:59.508067 47672927442752 run_miniworld.py:267] iteration:  45
 frame: 1125000
 eval_episode_return:  0.00
 train_episode_return:  0.25
 train_exploration_epsilon: 0.100
 train_frame_rate:  161
I1008 18:51:03.500232 47672927442752 run_miniworld.py:243] Data collection iteration 46.
I1008 18:53:39.428757 47672927442752 run_miniworld.py:250] Evaluation iteration 46.
I1008 18:53:49.271881 47672927442752 run_miniworld.py:267] iteration:  46
 frame: 1150000
 eval_episode_return:  0.00
 train_episode_return:  0.08
 train_exploration_epsilon: 0.100
 train_frame_rate:  160
I1008 18:53:52.073468 47672927442752 run_miniworld.py:243] Data collection iteration 47.
I1008 18:56:27.708629 47672927442752 run_miniworld.py:250] Evaluation iteration 47.
I1008 18:56:37.333217 47672927442752 run_miniworld.py:267] iteration:  47
 frame: 1175000
 eval_episode_return:  0.00
 train_episode_return:  0.08
 train_exploration_epsilon: 0.100
 train_frame_rate:  161
I1008 18:56:40.089228 47672927442752 run_miniworld.py:243] Data collection iteration 48.
I1008 18:59:15.555828 47672927442752 run_miniworld.py:250] Evaluation iteration 48.
I1008 18:59:25.088887 47672927442752 run_miniworld.py:267] iteration:  48
 frame: 1200000
 eval_episode_return:  0.00
 train_episode_return:  0.12
 train_exploration_epsilon: 0.100
 train_frame_rate:  161
I1008 18:59:28.795848 47672927442752 run_miniworld.py:243] Data collection iteration 49.
I1008 19:02:03.956803 47672927442752 run_miniworld.py:250] Evaluation iteration 49.
I1008 19:02:13.540936 47672927442752 run_miniworld.py:267] iteration:  49
 frame: 1225000
 eval_episode_return:  0.00
 train_episode_return:  0.19
 train_exploration_epsilon: 0.100
 train_frame_rate:  161
I1008 19:02:16.314746 47672927442752 run_miniworld.py:243] Data collection iteration 50.
I1008 19:04:51.283160 47672927442752 run_miniworld.py:250] Evaluation iteration 50.
I1008 19:05:00.910589 47672927442752 run_miniworld.py:267] iteration:  50
 frame: 1250000
 eval_episode_return:  0.00
 train_episode_return:  0.08
 train_exploration_epsilon: 0.100
 train_frame_rate:  161
I1008 19:05:04.589306 47672927442752 run_miniworld.py:243] Data collection iteration 51.
I1008 19:07:39.974868 47672927442752 run_miniworld.py:250] Evaluation iteration 51.
I1008 19:07:49.605837 47672927442752 run_miniworld.py:267] iteration:  51
 frame: 1275000
 eval_episode_return:  0.00
 train_episode_return:  0.16
 train_exploration_epsilon: 0.100
 train_frame_rate:  161
I1008 19:07:52.408646 47672927442752 run_miniworld.py:243] Data collection iteration 52.
I1008 19:10:27.707990 47672927442752 run_miniworld.py:250] Evaluation iteration 52.
I1008 19:10:37.441364 47672927442752 run_miniworld.py:267] iteration:  52
 frame: 1300000
 eval_episode_return:  0.00
 train_episode_return:  0.22
 train_exploration_epsilon: 0.100
 train_frame_rate:  161
I1008 19:10:40.208429 47672927442752 run_miniworld.py:243] Data collection iteration 53.
I1008 19:13:15.132859 47672927442752 run_miniworld.py:250] Evaluation iteration 53.
I1008 19:13:24.701261 47672927442752 run_miniworld.py:267] iteration:  53
 frame: 1325000
 eval_episode_return:  0.00
 train_episode_return:  0.15
 train_exploration_epsilon: 0.100
 train_frame_rate:  161
I1008 19:13:28.433603 47672927442752 run_miniworld.py:243] Data collection iteration 54.
I1008 19:16:04.030014 47672927442752 run_miniworld.py:250] Evaluation iteration 54.
I1008 19:16:13.543444 47672927442752 run_miniworld.py:267] iteration:  54
 frame: 1350000
 eval_episode_return:  0.00
 train_episode_return:  0.22
 train_exploration_epsilon: 0.100
 train_frame_rate:  161
I1008 19:16:16.336448 47672927442752 run_miniworld.py:243] Data collection iteration 55.
I1008 19:18:51.624232 47672927442752 run_miniworld.py:250] Evaluation iteration 55.
I1008 19:19:01.145192 47672927442752 run_miniworld.py:267] iteration:  55
 frame: 1375000
 eval_episode_return:  0.00
 train_episode_return:  0.19
 train_exploration_epsilon: 0.100
 train_frame_rate:  161
I1008 19:19:04.809504 47672927442752 run_miniworld.py:243] Data collection iteration 56.
I1008 19:21:40.766118 47672927442752 run_miniworld.py:250] Evaluation iteration 56.
I1008 19:21:50.422984 47672927442752 run_miniworld.py:267] iteration:  56
 frame: 1400000
 eval_episode_return:  0.00
 train_episode_return:  0.15
 train_exploration_epsilon: 0.100
 train_frame_rate:  160
I1008 19:21:53.165344 47672927442752 run_miniworld.py:243] Data collection iteration 57.
I1008 19:24:28.660814 47672927442752 run_miniworld.py:250] Evaluation iteration 57.
I1008 19:24:38.177403 47672927442752 run_miniworld.py:267] iteration:  57
 frame: 1425000
 eval_episode_return:  0.00
 train_episode_return:  0.15
 train_exploration_epsilon: 0.100
 train_frame_rate:  161
I1008 19:24:40.941966 47672927442752 run_miniworld.py:243] Data collection iteration 58.
I1008 19:27:17.532983 47672927442752 run_miniworld.py:250] Evaluation iteration 58.
I1008 19:27:26.930120 47672927442752 run_miniworld.py:267] iteration:  58
 frame: 1450000
 eval_episode_return:  0.00
 train_episode_return:  0.33
 train_exploration_epsilon: 0.100
 train_frame_rate:  160
I1008 19:27:29.709647 47672927442752 run_miniworld.py:243] Data collection iteration 59.
I1008 19:30:05.599112 47672927442752 run_miniworld.py:250] Evaluation iteration 59.
I1008 19:30:15.376019 47672927442752 run_miniworld.py:267] iteration:  59
 frame: 1475000
 eval_episode_return:  0.00
 train_episode_return:  0.16
 train_exploration_epsilon: 0.100
 train_frame_rate:  160
I1008 19:30:18.146315 47672927442752 run_miniworld.py:243] Data collection iteration 60.
I1008 19:32:55.052267 47672927442752 run_miniworld.py:250] Evaluation iteration 60.
I1008 19:33:04.623749 47672927442752 run_miniworld.py:267] iteration:  60
 frame: 1500000
 eval_episode_return:  0.00
 train_episode_return:  0.12
 train_exploration_epsilon: 0.100
 train_frame_rate:  159
I1008 19:33:08.301558 47672927442752 run_miniworld.py:243] Data collection iteration 61.
I1008 19:35:45.149587 47672927442752 run_miniworld.py:250] Evaluation iteration 61.
I1008 19:35:54.764459 47672927442752 run_miniworld.py:267] iteration:  61
 frame: 1525000
 eval_episode_return:  0.00
 train_episode_return:  0.12
 train_exploration_epsilon: 0.100
 train_frame_rate:  159
I1008 19:35:57.529106 47672927442752 run_miniworld.py:243] Data collection iteration 62.
I1008 19:38:33.825981 47672927442752 run_miniworld.py:250] Evaluation iteration 62.
I1008 19:38:43.378816 47672927442752 run_miniworld.py:267] iteration:  62
 frame: 1550000
 eval_episode_return:  0.00
 train_episode_return:  0.19
 train_exploration_epsilon: 0.100
 train_frame_rate:  160
I1008 19:38:47.114752 47672927442752 run_miniworld.py:243] Data collection iteration 63.
I1008 19:41:23.818224 47672927442752 run_miniworld.py:250] Evaluation iteration 63.
I1008 19:41:33.334635 47672927442752 run_miniworld.py:267] iteration:  63
 frame: 1575000
 eval_episode_return:  0.00
 train_episode_return:  0.12
 train_exploration_epsilon: 0.100
 train_frame_rate:  160
I1008 19:41:36.110282 47672927442752 run_miniworld.py:243] Data collection iteration 64.
I1008 19:44:12.156790 47672927442752 run_miniworld.py:250] Evaluation iteration 64.
I1008 19:44:21.819132 47672927442752 run_miniworld.py:267] iteration:  64
 frame: 1600000
 eval_episode_return:  0.00
 train_episode_return:  0.15
 train_exploration_epsilon: 0.100
 train_frame_rate:  160
I1008 19:44:24.570533 47672927442752 run_miniworld.py:243] Data collection iteration 65.
I1008 19:47:01.139125 47672927442752 run_miniworld.py:250] Evaluation iteration 65.
I1008 19:47:11.080041 47672927442752 run_miniworld.py:267] iteration:  65
 frame: 1625000
 eval_episode_return:  0.00
 train_episode_return:  0.19
 train_exploration_epsilon: 0.100
 train_frame_rate:  160
I1008 19:47:14.880633 47672927442752 run_miniworld.py:243] Data collection iteration 66.
I1008 19:49:50.437568 47672927442752 run_miniworld.py:250] Evaluation iteration 66.
I1008 19:49:59.984759 47672927442752 run_miniworld.py:267] iteration:  66
 frame: 1650000
 eval_episode_return:  0.00
 train_episode_return:  0.25
 train_exploration_epsilon: 0.100
 train_frame_rate:  161
I1008 19:50:02.785540 47672927442752 run_miniworld.py:243] Data collection iteration 67.
I1008 19:52:38.347469 47672927442752 run_miniworld.py:250] Evaluation iteration 67.
I1008 19:52:47.936589 47672927442752 run_miniworld.py:267] iteration:  67
 frame: 1675000
 eval_episode_return:  0.00
 train_episode_return:  0.39
 train_exploration_epsilon: 0.100
 train_frame_rate:  161
I1008 19:52:51.637372 47672927442752 run_miniworld.py:243] Data collection iteration 68.
I1008 19:55:28.568051 47672927442752 run_miniworld.py:250] Evaluation iteration 68.
I1008 19:55:38.559224 47672927442752 run_miniworld.py:267] iteration:  68
 frame: 1700000
 eval_episode_return:  0.00
 train_episode_return:  0.15
 train_exploration_epsilon: 0.100
 train_frame_rate:  159
I1008 19:55:41.338125 47672927442752 run_miniworld.py:243] Data collection iteration 69.
I1008 19:58:18.270571 47672927442752 run_miniworld.py:250] Evaluation iteration 69.
I1008 19:58:28.151253 47672927442752 run_miniworld.py:267] iteration:  69
 frame: 1725000
 eval_episode_return:  0.00
 train_episode_return:  0.48
 train_exploration_epsilon: 0.100
 train_frame_rate:  159
I1008 19:58:31.128964 47672927442752 run_miniworld.py:243] Data collection iteration 70.
I1008 20:01:07.633211 47672927442752 run_miniworld.py:250] Evaluation iteration 70.
I1008 20:01:17.319663 47672927442752 run_miniworld.py:267] iteration:  70
 frame: 1750000
 eval_episode_return:  0.00
 train_episode_return:  0.21
 train_exploration_epsilon: 0.100
 train_frame_rate:  160
I1008 20:01:21.308518 47672927442752 run_miniworld.py:243] Data collection iteration 71.
I1008 20:03:57.692262 47672927442752 run_miniworld.py:250] Evaluation iteration 71.
I1008 20:04:07.294664 47672927442752 run_miniworld.py:267] iteration:  71
 frame: 1775000
 eval_episode_return:  0.00
 train_episode_return:  0.30
 train_exploration_epsilon: 0.100
 train_frame_rate:  160
I1008 20:04:10.051092 47672927442752 run_miniworld.py:243] Data collection iteration 72.
I1008 20:06:47.068513 47672927442752 run_miniworld.py:250] Evaluation iteration 72.
I1008 20:06:56.642380 47672927442752 run_miniworld.py:267] iteration:  72
 frame: 1800000
 eval_episode_return:  0.00
 train_episode_return:  0.15
 train_exploration_epsilon: 0.100
 train_frame_rate:  159
I1008 20:07:00.367004 47672927442752 run_miniworld.py:243] Data collection iteration 73.
I1008 20:09:37.503223 47672927442752 run_miniworld.py:250] Evaluation iteration 73.
I1008 20:09:47.277708 47672927442752 run_miniworld.py:267] iteration:  73
 frame: 1825000
 eval_episode_return:  0.00
 train_episode_return:  0.23
 train_exploration_epsilon: 0.100
 train_frame_rate:  159
I1008 20:09:50.089162 47672927442752 run_miniworld.py:243] Data collection iteration 74.
I1008 20:12:27.377989 47672927442752 run_miniworld.py:250] Evaluation iteration 74.
I1008 20:12:36.996497 47672927442752 run_miniworld.py:267] iteration:  74
 frame: 1850000
 eval_episode_return:  0.00
 train_episode_return:  0.32
 train_exploration_epsilon: 0.100
 train_frame_rate:  159
I1008 20:12:39.815597 47672927442752 run_miniworld.py:243] Data collection iteration 75.
I1008 20:15:15.967634 47672927442752 run_miniworld.py:250] Evaluation iteration 75.
I1008 20:15:25.722755 47672927442752 run_miniworld.py:267] iteration:  75
 frame: 1875000
 eval_episode_return:  0.00
 train_episode_return:  0.52
 train_exploration_epsilon: 0.100
 train_frame_rate:  160
I1008 20:15:29.657463 47672927442752 run_miniworld.py:243] Data collection iteration 76.
I1008 20:18:06.510084 47672927442752 run_miniworld.py:250] Evaluation iteration 76.
I1008 20:18:16.069286 47672927442752 run_miniworld.py:267] iteration:  76
 frame: 1900000
 eval_episode_return:  0.00
 train_episode_return:  0.41
 train_exploration_epsilon: 0.100
 train_frame_rate:  159
I1008 20:18:18.893918 47672927442752 run_miniworld.py:243] Data collection iteration 77.
I1008 20:20:55.952203 47672927442752 run_miniworld.py:250] Evaluation iteration 77.
I1008 20:21:05.618711 47672927442752 run_miniworld.py:267] iteration:  77
 frame: 1925000
 eval_episode_return:  0.00
 train_episode_return:  0.30
 train_exploration_epsilon: 0.100
 train_frame_rate:  159
I1008 20:21:09.514677 47672927442752 run_miniworld.py:243] Data collection iteration 78.
I1008 20:23:46.562551 47672927442752 run_miniworld.py:250] Evaluation iteration 78.
I1008 20:23:56.297377 47672927442752 run_miniworld.py:267] iteration:  78
 frame: 1950000
 eval_episode_return:  0.00
 train_episode_return:  0.45
 train_exploration_epsilon: 0.100
 train_frame_rate:  159
I1008 20:23:59.174000 47672927442752 run_miniworld.py:243] Data collection iteration 79.
I1008 20:26:35.345512 47672927442752 run_miniworld.py:250] Evaluation iteration 79.
I1008 20:26:44.987982 47672927442752 run_miniworld.py:267] iteration:  79
 frame: 1975000
 eval_episode_return:  0.00
 train_episode_return:  0.34
 train_exploration_epsilon: 0.100
 train_frame_rate:  160
I1008 20:26:48.180237 47672927442752 run_miniworld.py:243] Data collection iteration 80.
I1008 20:29:23.472696 47672927442752 run_miniworld.py:250] Evaluation iteration 80.
I1008 20:29:33.129383 47672927442752 run_miniworld.py:267] iteration:  80
 frame: 2000000
 eval_episode_return:  0.00
 train_episode_return:  0.31
 train_exploration_epsilon: 0.100
 train_frame_rate:  161
I1008 20:29:37.128253 47672927442752 run_miniworld.py:243] Data collection iteration 81.
I1008 20:32:11.940303 47672927442752 run_miniworld.py:250] Evaluation iteration 81.
I1008 20:32:21.664171 47672927442752 run_miniworld.py:267] iteration:  81
 frame: 2025000
 eval_episode_return:  0.00
 train_episode_return:  0.39
 train_exploration_epsilon: 0.100
 train_frame_rate:  161
I1008 20:32:24.496051 47672927442752 run_miniworld.py:243] Data collection iteration 82.
I1008 20:34:59.509043 47672927442752 run_miniworld.py:250] Evaluation iteration 82.
I1008 20:35:09.208696 47672927442752 run_miniworld.py:267] iteration:  82
 frame: 2050000
 eval_episode_return:  0.00
 train_episode_return:  0.79
 train_exploration_epsilon: 0.100
 train_frame_rate:  161
I1008 20:35:13.045009 47672927442752 run_miniworld.py:243] Data collection iteration 83.
I1008 20:37:48.271701 47672927442752 run_miniworld.py:250] Evaluation iteration 83.
I1008 20:37:58.224794 47672927442752 run_miniworld.py:267] iteration:  83
 frame: 2075000
 eval_episode_return:  0.00
 train_episode_return:  0.76
 train_exploration_epsilon: 0.100
 train_frame_rate:  161
I1008 20:38:00.963494 47672927442752 run_miniworld.py:243] Data collection iteration 84.
I1008 20:40:35.574524 47672927442752 run_miniworld.py:250] Evaluation iteration 84.
I1008 20:40:45.339196 47672927442752 run_miniworld.py:267] iteration:  84
 frame: 2100000
 eval_episode_return:  0.00
 train_episode_return:  0.91
 train_exploration_epsilon: 0.100
 train_frame_rate:  162
I1008 20:40:48.391680 47672927442752 run_miniworld.py:243] Data collection iteration 85.
I1008 20:43:24.039074 47672927442752 run_miniworld.py:250] Evaluation iteration 85.
I1008 20:43:33.779776 47672927442752 run_miniworld.py:267] iteration:  85
 frame: 2125000
 eval_episode_return:  0.00
 train_episode_return:  0.86
 train_exploration_epsilon: 0.100
 train_frame_rate:  161
I1008 20:43:37.929784 47672927442752 run_miniworld.py:243] Data collection iteration 86.
I1008 20:46:13.982575 47672927442752 run_miniworld.py:250] Evaluation iteration 86.
I1008 20:46:23.747808 47672927442752 run_miniworld.py:267] iteration:  86
 frame: 2150000
 eval_episode_return:  0.00
 train_episode_return:  0.90
 train_exploration_epsilon: 0.100
 train_frame_rate:  160
I1008 20:46:26.528171 47672927442752 run_miniworld.py:243] Data collection iteration 87.
I1008 20:49:02.638064 47672927442752 run_miniworld.py:250] Evaluation iteration 87.
I1008 20:49:12.464142 47672927442752 run_miniworld.py:267] iteration:  87
 frame: 2175000
 eval_episode_return:  0.00
 train_episode_return:  0.83
 train_exploration_epsilon: 0.100
 train_frame_rate:  160
I1008 20:49:16.225998 47672927442752 run_miniworld.py:243] Data collection iteration 88.
I1008 20:51:53.077507 47672927442752 run_miniworld.py:250] Evaluation iteration 88.
I1008 20:52:02.845144 47672927442752 run_miniworld.py:267] iteration:  88
 frame: 2200000
 eval_episode_return:  0.00
 train_episode_return:  0.91
 train_exploration_epsilon: 0.100
 train_frame_rate:  159
I1008 20:52:05.627635 47672927442752 run_miniworld.py:243] Data collection iteration 89.
I1008 20:54:41.656786 47672927442752 run_miniworld.py:250] Evaluation iteration 89.
I1008 20:54:51.320036 47672927442752 run_miniworld.py:267] iteration:  89
 frame: 2225000
 eval_episode_return:  0.00
 train_episode_return:  0.93
 train_exploration_epsilon: 0.100
 train_frame_rate:  160
I1008 20:54:54.211438 47672927442752 run_miniworld.py:243] Data collection iteration 90.
I1008 20:57:30.144927 47672927442752 run_miniworld.py:250] Evaluation iteration 90.
I1008 20:57:39.694732 47672927442752 run_miniworld.py:267] iteration:  90
 frame: 2250000
 eval_episode_return:  0.88
 train_episode_return:  0.97
 train_exploration_epsilon: 0.100
 train_frame_rate:  160
I1008 20:57:43.706654 47672927442752 run_miniworld.py:243] Data collection iteration 91.
I1008 21:00:20.267786 47672927442752 run_miniworld.py:250] Evaluation iteration 91.
I1008 21:00:30.140241 47672927442752 run_miniworld.py:267] iteration:  91
 frame: 2275000
 eval_episode_return:  0.00
 train_episode_return:  0.96
 train_exploration_epsilon: 0.100
 train_frame_rate:  160
I1008 21:00:33.950017 47672927442752 run_miniworld.py:243] Data collection iteration 92.
I1008 21:03:09.768926 47672927442752 run_miniworld.py:250] Evaluation iteration 92.
I1008 21:03:19.633275 47672927442752 run_miniworld.py:267] iteration:  92
 frame: 2300000
 eval_episode_return:  0.00
 train_episode_return:  0.94
 train_exploration_epsilon: 0.100
 train_frame_rate:  160
I1008 21:03:23.465806 47672927442752 run_miniworld.py:243] Data collection iteration 93.
I1008 21:05:58.332061 47672927442752 run_miniworld.py:250] Evaluation iteration 93.
I1008 21:06:07.878646 47672927442752 run_miniworld.py:267] iteration:  93
 frame: 2325000
 eval_episode_return:  0.00
 train_episode_return:  0.99
 train_exploration_epsilon: 0.100
 train_frame_rate:  161
I1008 21:06:10.905194 47672927442752 run_miniworld.py:243] Data collection iteration 94.
I1008 21:08:45.245543 47672927442752 run_miniworld.py:250] Evaluation iteration 94.
I1008 21:08:54.885131 47672927442752 run_miniworld.py:267] iteration:  94
 frame: 2350000
 eval_episode_return:  0.00
 train_episode_return:  0.92
 train_exploration_epsilon: 0.100
 train_frame_rate:  162
I1008 21:08:58.328721 47672927442752 run_miniworld.py:243] Data collection iteration 95.
I1008 21:11:34.293912 47672927442752 run_miniworld.py:250] Evaluation iteration 95.
I1008 21:11:44.205444 47672927442752 run_miniworld.py:267] iteration:  95
 frame: 2375000
 eval_episode_return:  0.00
 train_episode_return:  1.00
 train_exploration_epsilon: 0.100
 train_frame_rate:  160
I1008 21:11:46.963127 47672927442752 run_miniworld.py:243] Data collection iteration 96.
I1008 21:14:23.645142 47672927442752 run_miniworld.py:250] Evaluation iteration 96.
I1008 21:14:33.305213 47672927442752 run_miniworld.py:267] iteration:  96
 frame: 2400000
 eval_episode_return:  0.00
 train_episode_return:  0.97
 train_exploration_epsilon: 0.100
 train_frame_rate:  160
I1008 21:14:36.135865 47672927442752 run_miniworld.py:243] Data collection iteration 97.
I1008 21:17:13.289072 47672927442752 run_miniworld.py:250] Evaluation iteration 97.
I1008 21:17:23.077675 47672927442752 run_miniworld.py:267] iteration:  97
 frame: 2425000
 eval_episode_return:  0.00
 train_episode_return:  0.95
 train_exploration_epsilon: 0.100
 train_frame_rate:  159
I1008 21:17:27.046591 47672927442752 run_miniworld.py:243] Data collection iteration 98.
I1008 21:20:04.174765 47672927442752 run_miniworld.py:250] Evaluation iteration 98.
I1008 21:20:14.015520 47672927442752 run_miniworld.py:267] iteration:  98
 frame: 2450000
 eval_episode_return:  0.64
 train_episode_return:  0.99
 train_exploration_epsilon: 0.100
 train_frame_rate:  159
I1008 21:20:18.167855 47672927442752 run_miniworld.py:243] Data collection iteration 99.
I1008 21:22:55.420795 47672927442752 run_miniworld.py:250] Evaluation iteration 99.
I1008 21:23:05.294147 47672927442752 run_miniworld.py:267] iteration:  99
 frame: 2475000
 eval_episode_return:  0.00
 train_episode_return:  1.00
 train_exploration_epsilon: 0.100
 train_frame_rate:  159
I1008 21:23:09.312127 47672927442752 run_miniworld.py:243] Data collection iteration 100.
I1008 21:25:47.143701 47672927442752 run_miniworld.py:250] Evaluation iteration 100.
I1008 21:25:57.179476 47672927442752 run_miniworld.py:267] iteration: 100
 frame: 2500000
 eval_episode_return:  0.77
 train_episode_return:  1.00
 train_exploration_epsilon: 0.100
 train_frame_rate:  158
I1008 21:25:59.946329 47672927442752 run_miniworld.py:243] Data collection iteration 101.
I1008 21:28:36.356097 47672927442752 run_miniworld.py:250] Evaluation iteration 101.
I1008 21:28:46.281936 47672927442752 run_miniworld.py:267] iteration: 101
 frame: 2525000
 eval_episode_return:  0.78
 train_episode_return:  1.00
 train_exploration_epsilon: 0.100
 train_frame_rate:  160
I1008 21:28:49.163595 47672927442752 run_miniworld.py:243] Data collection iteration 102.
I1008 21:31:27.458935 47672927442752 run_miniworld.py:250] Evaluation iteration 102.
I1008 21:31:37.300090 47672927442752 run_miniworld.py:267] iteration: 102
 frame: 2550000
 eval_episode_return:  0.40
 train_episode_return:  1.00
 train_exploration_epsilon: 0.100
 train_frame_rate:  158
I1008 21:31:41.908056 47672927442752 run_miniworld.py:243] Data collection iteration 103.
I1008 21:34:20.207328 47672927442752 run_miniworld.py:250] Evaluation iteration 103.
I1008 21:34:30.037705 47672927442752 run_miniworld.py:267] iteration: 103
 frame: 2575000
 eval_episode_return:  0.00
 train_episode_return:  1.00
 train_exploration_epsilon: 0.100
 train_frame_rate:  158
I1008 21:34:32.854643 47672927442752 run_miniworld.py:243] Data collection iteration 104.
I1008 21:37:11.585605 47672927442752 run_miniworld.py:250] Evaluation iteration 104.
I1008 21:37:23.192752 47672927442752 run_miniworld.py:267] iteration: 104
 frame: 2600000
 eval_episode_return:  1.00
 train_episode_return:  1.00
 train_exploration_epsilon: 0.100
 train_frame_rate:  157
I1008 21:37:27.074672 47672927442752 run_miniworld.py:243] Data collection iteration 105.
I1008 21:40:06.823847 47672927442752 run_miniworld.py:250] Evaluation iteration 105.
I1008 21:40:18.584706 47672927442752 run_miniworld.py:267] iteration: 105
 frame: 2625000
 eval_episode_return:  1.00
 train_episode_return:  1.00
 train_exploration_epsilon: 0.100
 train_frame_rate:  156
I1008 21:40:21.390157 47672927442752 run_miniworld.py:243] Data collection iteration 106.
I1008 21:43:00.857668 47672927442752 run_miniworld.py:250] Evaluation iteration 106.
I1008 21:43:12.658530 47672927442752 run_miniworld.py:267] iteration: 106
 frame: 2650000
 eval_episode_return:  1.00
 train_episode_return:  1.00
 train_exploration_epsilon: 0.100
 train_frame_rate:  157
I1008 21:43:15.544149 47672927442752 run_miniworld.py:243] Data collection iteration 107.
I1008 21:45:54.497902 47672927442752 run_miniworld.py:250] Evaluation iteration 107.
I1008 21:46:05.944060 47672927442752 run_miniworld.py:267] iteration: 107
 frame: 2675000
 eval_episode_return:  1.00
 train_episode_return:  1.00
 train_exploration_epsilon: 0.100
 train_frame_rate:  157
I1008 21:46:09.913636 47672927442752 run_miniworld.py:243] Data collection iteration 108.
I1008 21:48:47.270625 47672927442752 run_miniworld.py:250] Evaluation iteration 108.
I1008 21:48:57.028817 47672927442752 run_miniworld.py:267] iteration: 108
 frame: 2700000
 eval_episode_return:  0.64
 train_episode_return:  1.00
 train_exploration_epsilon: 0.100
 train_frame_rate:  159
I1008 21:48:59.775077 47672927442752 run_miniworld.py:243] Data collection iteration 109.
I1008 21:51:36.831185 47672927442752 run_miniworld.py:250] Evaluation iteration 109.
I1008 21:51:48.469909 47672927442752 run_miniworld.py:267] iteration: 109
 frame: 2725000
 eval_episode_return:  1.00
 train_episode_return:  1.00
 train_exploration_epsilon: 0.100
 train_frame_rate:  159
I1008 21:51:52.238370 47672927442752 run_miniworld.py:243] Data collection iteration 110.
I1008 21:54:29.798673 47672927442752 run_miniworld.py:250] Evaluation iteration 110.
I1008 21:54:41.516980 47672927442752 run_miniworld.py:267] iteration: 110
 frame: 2750000
 eval_episode_return:  1.00
 train_episode_return:  1.00
 train_exploration_epsilon: 0.100
 train_frame_rate:  159
I1008 21:54:44.318246 47672927442752 run_miniworld.py:243] Data collection iteration 111.
I1008 21:57:22.338470 47672927442752 run_miniworld.py:250] Evaluation iteration 111.
I1008 21:57:34.162864 47672927442752 run_miniworld.py:267] iteration: 111
 frame: 2775000
 eval_episode_return:  1.00
 train_episode_return:  1.00
 train_exploration_epsilon: 0.100
 train_frame_rate:  158
I1008 21:57:36.975857 47672927442752 run_miniworld.py:243] Data collection iteration 112.
I1008 22:00:13.869682 47672927442752 run_miniworld.py:250] Evaluation iteration 112.
I1008 22:00:25.405427 47672927442752 run_miniworld.py:267] iteration: 112
 frame: 2800000
 eval_episode_return:  1.00
 train_episode_return:  1.00
 train_exploration_epsilon: 0.100
 train_frame_rate:  159
I1008 22:00:29.695199 47672927442752 run_miniworld.py:243] Data collection iteration 113.
I1008 22:03:06.927304 47672927442752 run_miniworld.py:250] Evaluation iteration 113.
I1008 22:03:18.541322 47672927442752 run_miniworld.py:267] iteration: 113
 frame: 2825000
 eval_episode_return:  1.00
 train_episode_return:  1.00
 train_exploration_epsilon: 0.100
 train_frame_rate:  159
I1008 22:03:21.542238 47672927442752 run_miniworld.py:243] Data collection iteration 114.
I1008 22:05:58.381520 47672927442752 run_miniworld.py:250] Evaluation iteration 114.
I1008 22:06:09.566990 47672927442752 run_miniworld.py:267] iteration: 114
 frame: 2850000
 eval_episode_return:  1.00
 train_episode_return:  1.00
 train_exploration_epsilon: 0.100
 train_frame_rate:  159
I1008 22:06:13.515143 47672927442752 run_miniworld.py:243] Data collection iteration 115.
I1008 22:08:51.202060 47672927442752 run_miniworld.py:250] Evaluation iteration 115.
I1008 22:09:02.871226 47672927442752 run_miniworld.py:267] iteration: 115
 frame: 2875000
 eval_episode_return:  1.00
 train_episode_return:  1.00
 train_exploration_epsilon: 0.100
 train_frame_rate:  159
I1008 22:09:05.669567 47672927442752 run_miniworld.py:243] Data collection iteration 116.
I1008 22:11:43.793891 47672927442752 run_miniworld.py:250] Evaluation iteration 116.
I1008 22:11:55.684573 47672927442752 run_miniworld.py:267] iteration: 116
 frame: 2900000
 eval_episode_return:  1.00
 train_episode_return:  1.00
 train_exploration_epsilon: 0.100
 train_frame_rate:  158
I1008 22:11:58.554763 47672927442752 run_miniworld.py:243] Data collection iteration 117.
I1008 22:14:36.449645 47672927442752 run_miniworld.py:250] Evaluation iteration 117.
I1008 22:14:48.194047 47672927442752 run_miniworld.py:267] iteration: 117
 frame: 2925000
 eval_episode_return:  1.00
 train_episode_return:  1.00
 train_exploration_epsilon: 0.100
 train_frame_rate:  158
I1008 22:14:52.258637 47672927442752 run_miniworld.py:243] Data collection iteration 118.
I1008 22:17:28.692282 47672927442752 run_miniworld.py:250] Evaluation iteration 118.
I1008 22:17:39.881720 47672927442752 run_miniworld.py:267] iteration: 118
 frame: 2950000
 eval_episode_return:  1.00
 train_episode_return:  1.00
 train_exploration_epsilon: 0.100
 train_frame_rate:  160
I1008 22:17:42.734792 47672927442752 run_miniworld.py:243] Data collection iteration 119.
I1008 22:20:19.989477 47672927442752 run_miniworld.py:250] Evaluation iteration 119.
I1008 22:20:31.943760 47672927442752 run_miniworld.py:267] iteration: 119
 frame: 2975000
 eval_episode_return:  1.00
 train_episode_return:  1.00
 train_exploration_epsilon: 0.100
 train_frame_rate:  159
I1008 22:20:38.607986 47672927442752 run_miniworld.py:243] Data collection iteration 120.
I1008 22:23:15.088539 47672927442752 run_miniworld.py:250] Evaluation iteration 120.
I1008 22:23:26.262780 47672927442752 run_miniworld.py:267] iteration: 120
 frame: 3000000
 eval_episode_return:  1.00
 train_episode_return:  1.00
 train_exploration_epsilon: 0.100
 train_frame_rate:  160
I1008 22:23:29.319656 47672927442752 run_miniworld.py:243] Data collection iteration 121.
I1008 22:26:05.944889 47672927442752 run_miniworld.py:250] Evaluation iteration 121.
I1008 22:26:17.334158 47672927442752 run_miniworld.py:267] iteration: 121
 frame: 3025000
 eval_episode_return:  1.00
 train_episode_return:  1.00
 train_exploration_epsilon: 0.100
 train_frame_rate:  160
I1008 22:26:20.645341 47672927442752 run_miniworld.py:243] Data collection iteration 122.
I1008 22:28:56.741639 47672927442752 run_miniworld.py:250] Evaluation iteration 122.
I1008 22:29:09.429002 47672927442752 run_miniworld.py:267] iteration: 122
 frame: 3050000
 eval_episode_return:  1.00
 train_episode_return:  1.00
 train_exploration_epsilon: 0.100
 train_frame_rate:  160
I1008 22:29:12.223895 47672927442752 run_miniworld.py:243] Data collection iteration 123.
I1008 22:31:48.600350 47672927442752 run_miniworld.py:250] Evaluation iteration 123.
I1008 22:32:00.021866 47672927442752 run_miniworld.py:267] iteration: 123
 frame: 3075000
 eval_episode_return:  1.00
 train_episode_return:  1.00
 train_exploration_epsilon: 0.100
 train_frame_rate:  160
I1008 22:32:02.832870 47672927442752 run_miniworld.py:243] Data collection iteration 124.
I1008 22:34:38.692315 47672927442752 run_miniworld.py:250] Evaluation iteration 124.
I1008 22:34:49.925883 47672927442752 run_miniworld.py:267] iteration: 124
 frame: 3100000
 eval_episode_return:  1.00
 train_episode_return:  1.00
 train_exploration_epsilon: 0.100
 train_frame_rate:  160
I1008 22:34:53.978081 47672927442752 run_miniworld.py:243] Data collection iteration 125.
I1008 22:37:30.829709 47672927442752 run_miniworld.py:250] Evaluation iteration 125.
I1008 22:37:42.278417 47672927442752 run_miniworld.py:267] iteration: 125
 frame: 3125000
 eval_episode_return:  1.00
 train_episode_return:  1.00
 train_exploration_epsilon: 0.100
 train_frame_rate:  159
I1008 22:37:45.080246 47672927442752 run_miniworld.py:243] Data collection iteration 126.
I1008 22:40:21.209068 47672927442752 run_miniworld.py:250] Evaluation iteration 126.
I1008 22:40:32.688740 47672927442752 run_miniworld.py:267] iteration: 126
 frame: 3150000
 eval_episode_return:  1.00
 train_episode_return:  1.00
 train_exploration_epsilon: 0.100
 train_frame_rate:  160
I1008 22:40:35.480221 47672927442752 run_miniworld.py:243] Data collection iteration 127.
I1008 22:43:14.789080 47672927442752 run_miniworld.py:250] Evaluation iteration 127.
I1008 22:43:26.424074 47672927442752 run_miniworld.py:267] iteration: 127
 frame: 3175000
 eval_episode_return:  1.00
 train_episode_return:  1.00
 train_exploration_epsilon: 0.100
 train_frame_rate:  157
I1008 22:43:29.923377 47672927442752 run_miniworld.py:243] Data collection iteration 128.
I1008 22:46:10.267225 47672927442752 run_miniworld.py:250] Evaluation iteration 128.
I1008 22:46:21.704101 47672927442752 run_miniworld.py:267] iteration: 128
 frame: 3200000
 eval_episode_return:  1.00
 train_episode_return:  1.00
 train_exploration_epsilon: 0.100
 train_frame_rate:  156
I1008 22:46:24.629917 47672927442752 run_miniworld.py:243] Data collection iteration 129.
I1008 22:49:07.317068 47672927442752 run_miniworld.py:250] Evaluation iteration 129.
I1008 22:49:19.075376 47672927442752 run_miniworld.py:267] iteration: 129
 frame: 3225000
 eval_episode_return:  1.00
 train_episode_return:  1.00
 train_exploration_epsilon: 0.100
 train_frame_rate:  154
I1008 22:49:23.141072 47672927442752 run_miniworld.py:243] Data collection iteration 130.
I1008 22:52:04.429548 47672927442752 run_miniworld.py:250] Evaluation iteration 130.
I1008 22:52:15.834289 47672927442752 run_miniworld.py:267] iteration: 130
 frame: 3250000
 eval_episode_return:  1.00
 train_episode_return:  1.00
 train_exploration_epsilon: 0.100
 train_frame_rate:  155
I1008 22:52:18.733231 47672927442752 run_miniworld.py:243] Data collection iteration 131.
I1008 22:54:59.999527 47672927442752 run_miniworld.py:250] Evaluation iteration 131.
I1008 22:55:11.539394 47672927442752 run_miniworld.py:267] iteration: 131
 frame: 3275000
 eval_episode_return:  1.00
 train_episode_return:  1.00
 train_exploration_epsilon: 0.100
 train_frame_rate:  155
I1008 22:55:15.452952 47672927442752 run_miniworld.py:243] Data collection iteration 132.
I1008 22:57:57.655943 47672927442752 run_miniworld.py:250] Evaluation iteration 132.
I1008 22:58:09.306507 47672927442752 run_miniworld.py:267] iteration: 132
 frame: 3300000
 eval_episode_return:  1.00
 train_episode_return:  1.00
 train_exploration_epsilon: 0.100
 train_frame_rate:  154
I1008 22:58:12.727815 47672927442752 run_miniworld.py:243] Data collection iteration 133.
I1008 23:00:54.996609 47672927442752 run_miniworld.py:250] Evaluation iteration 133.
I1008 23:01:06.607103 47672927442752 run_miniworld.py:267] iteration: 133
 frame: 3325000
 eval_episode_return:  1.00
 train_episode_return:  1.00
 train_exploration_epsilon: 0.100
 train_frame_rate:  154
I1008 23:01:09.662330 47672927442752 run_miniworld.py:243] Data collection iteration 134.
I1008 23:03:52.007828 47672927442752 run_miniworld.py:250] Evaluation iteration 134.
I1008 23:04:03.637203 47672927442752 run_miniworld.py:267] iteration: 134
 frame: 3350000
 eval_episode_return:  1.00
 train_episode_return:  1.00
 train_exploration_epsilon: 0.100
 train_frame_rate:  154
I1008 23:04:07.622695 47672927442752 run_miniworld.py:243] Data collection iteration 135.
I1008 23:06:50.614720 47672927442752 run_miniworld.py:250] Evaluation iteration 135.
I1008 23:07:02.690398 47672927442752 run_miniworld.py:267] iteration: 135
 frame: 3375000
 eval_episode_return:  1.00
 train_episode_return:  1.00
 train_exploration_epsilon: 0.100
 train_frame_rate:  153
I1008 23:07:05.571243 47672927442752 run_miniworld.py:243] Data collection iteration 136.
I1008 23:09:47.717925 47672927442752 run_miniworld.py:250] Evaluation iteration 136.
I1008 23:09:59.564965 47672927442752 run_miniworld.py:267] iteration: 136
 frame: 3400000
 eval_episode_return:  1.00
 train_episode_return:  1.00
 train_exploration_epsilon: 0.100
 train_frame_rate:  154
I1008 23:10:03.418573 47672927442752 run_miniworld.py:243] Data collection iteration 137.
I1008 23:12:47.205734 47672927442752 run_miniworld.py:250] Evaluation iteration 137.
I1008 23:12:58.935665 47672927442752 run_miniworld.py:267] iteration: 137
 frame: 3425000
 eval_episode_return:  1.00
 train_episode_return:  1.00
 train_exploration_epsilon: 0.100
 train_frame_rate:  153
I1008 23:13:01.868378 47672927442752 run_miniworld.py:243] Data collection iteration 138.
I1008 23:15:44.931038 47672927442752 run_miniworld.py:250] Evaluation iteration 138.
I1008 23:15:56.789321 47672927442752 run_miniworld.py:267] iteration: 138
 frame: 3450000
 eval_episode_return:  1.00
 train_episode_return:  1.00
 train_exploration_epsilon: 0.100
 train_frame_rate:  153
I1008 23:15:59.550205 47672927442752 run_miniworld.py:243] Data collection iteration 139.
I1008 23:18:38.983771 47672927442752 run_miniworld.py:250] Evaluation iteration 139.
I1008 23:18:49.503085 47672927442752 run_miniworld.py:267] iteration: 139
 frame: 3475000
 eval_episode_return:  1.00
 train_episode_return:  1.00
 train_exploration_epsilon: 0.100
 train_frame_rate:  157
I1008 23:18:54.958993 47672927442752 run_miniworld.py:243] Data collection iteration 140.
I1008 23:21:35.302400 47672927442752 run_miniworld.py:250] Evaluation iteration 140.
I1008 23:21:46.986335 47672927442752 run_miniworld.py:267] iteration: 140
 frame: 3500000
 eval_episode_return:  1.00
 train_episode_return:  1.00
 train_exploration_epsilon: 0.100
 train_frame_rate:  156
I1008 23:21:49.794806 47672927442752 run_miniworld.py:243] Data collection iteration 141.
I1008 23:24:29.705044 47672927442752 run_miniworld.py:250] Evaluation iteration 141.
I1008 23:24:41.222230 47672927442752 run_miniworld.py:267] iteration: 141
 frame: 3525000
 eval_episode_return:  1.00
 train_episode_return:  1.00
 train_exploration_epsilon: 0.100
 train_frame_rate:  156
I1008 23:24:45.204720 47672927442752 run_miniworld.py:243] Data collection iteration 142.
I1008 23:27:27.321055 47672927442752 run_miniworld.py:250] Evaluation iteration 142.
I1008 23:27:39.427219 47672927442752 run_miniworld.py:267] iteration: 142
 frame: 3550000
 eval_episode_return:  1.00
 train_episode_return:  1.00
 train_exploration_epsilon: 0.100
 train_frame_rate:  154
I1008 23:27:42.247504 47672927442752 run_miniworld.py:243] Data collection iteration 143.
I1008 23:30:22.332781 47672927442752 run_miniworld.py:250] Evaluation iteration 143.
I1008 23:30:34.031952 47672927442752 run_miniworld.py:267] iteration: 143
 frame: 3575000
 eval_episode_return:  1.00
 train_episode_return:  1.00
 train_exploration_epsilon: 0.100
 train_frame_rate:  156
I1008 23:30:36.811459 47672927442752 run_miniworld.py:243] Data collection iteration 144.
I1008 23:33:15.647311 47672927442752 run_miniworld.py:250] Evaluation iteration 144.
I1008 23:33:27.101095 47672927442752 run_miniworld.py:267] iteration: 144
 frame: 3600000
 eval_episode_return:  1.00
 train_episode_return:  1.00
 train_exploration_epsilon: 0.100
 train_frame_rate:  157
I1008 23:33:31.258545 47672927442752 run_miniworld.py:243] Data collection iteration 145.
I1008 23:36:12.651647 47672927442752 run_miniworld.py:250] Evaluation iteration 145.
I1008 23:36:24.456531 47672927442752 run_miniworld.py:267] iteration: 145
 frame: 3625000
 eval_episode_return:  1.00
 train_episode_return:  1.00
 train_exploration_epsilon: 0.100
 train_frame_rate:  155
I1008 23:36:27.313700 47672927442752 run_miniworld.py:243] Data collection iteration 146.
I1008 23:39:07.212692 47672927442752 run_miniworld.py:250] Evaluation iteration 146.
I1008 23:39:18.928281 47672927442752 run_miniworld.py:267] iteration: 146
 frame: 3650000
 eval_episode_return:  1.00
 train_episode_return:  1.00
 train_exploration_epsilon: 0.100
 train_frame_rate:  156
I1008 23:39:23.098502 47672927442752 run_miniworld.py:243] Data collection iteration 147.
I1008 23:42:05.849977 47672927442752 run_miniworld.py:250] Evaluation iteration 147.
I1008 23:42:17.776403 47672927442752 run_miniworld.py:267] iteration: 147
 frame: 3675000
 eval_episode_return:  1.00
 train_episode_return:  1.00
 train_exploration_epsilon: 0.100
 train_frame_rate:  154
I1008 23:42:20.746743 47672927442752 run_miniworld.py:243] Data collection iteration 148.
I1008 23:45:03.266198 47672927442752 run_miniworld.py:250] Evaluation iteration 148.
I1008 23:45:14.978682 47672927442752 run_miniworld.py:267] iteration: 148
 frame: 3700000
 eval_episode_return:  1.00
 train_episode_return:  1.00
 train_exploration_epsilon: 0.100
 train_frame_rate:  154
I1008 23:45:17.908795 47672927442752 run_miniworld.py:243] Data collection iteration 149.
I1008 23:47:57.604317 47672927442752 run_miniworld.py:250] Evaluation iteration 149.
I1008 23:48:09.085551 47672927442752 run_miniworld.py:267] iteration: 149
 frame: 3725000
 eval_episode_return:  1.00
 train_episode_return:  1.00
 train_exploration_epsilon: 0.100
 train_frame_rate:  157
I1008 23:48:13.161492 47672927442752 run_miniworld.py:243] Data collection iteration 150.
I1008 23:50:52.606174 47672927442752 run_miniworld.py:250] Evaluation iteration 150.
I1008 23:51:04.189571 47672927442752 run_miniworld.py:267] iteration: 150
 frame: 3750000
 eval_episode_return:  1.00
 train_episode_return:  0.99
 train_exploration_epsilon: 0.100
 train_frame_rate:  157
I1008 23:51:07.097057 47672927442752 run_miniworld.py:243] Data collection iteration 151.
I1008 23:53:46.296824 47672927442752 run_miniworld.py:250] Evaluation iteration 151.
I1008 23:53:57.865208 47672927442752 run_miniworld.py:267] iteration: 151
 frame: 3775000
 eval_episode_return:  1.00
 train_episode_return:  1.00
 train_exploration_epsilon: 0.100
 train_frame_rate:  157
I1008 23:54:01.951197 47672927442752 run_miniworld.py:243] Data collection iteration 152.
I1008 23:56:43.591410 47672927442752 run_miniworld.py:250] Evaluation iteration 152.
I1008 23:56:55.260628 47672927442752 run_miniworld.py:267] iteration: 152
 frame: 3800000
 eval_episode_return:  1.00
 train_episode_return:  1.00
 train_exploration_epsilon: 0.100
 train_frame_rate:  155
I1008 23:56:58.048443 47672927442752 run_miniworld.py:243] Data collection iteration 153.
I1008 23:59:39.430432 47672927442752 run_miniworld.py:250] Evaluation iteration 153.
I1008 23:59:51.255128 47672927442752 run_miniworld.py:267] iteration: 153
 frame: 3825000
 eval_episode_return:  1.00
 train_episode_return:  1.00
 train_exploration_epsilon: 0.100
 train_frame_rate:  155
I1008 23:59:54.046984 47672927442752 run_miniworld.py:243] Data collection iteration 154.
I1009 00:02:34.128250 47672927442752 run_miniworld.py:250] Evaluation iteration 154.
I1009 00:02:45.741010 47672927442752 run_miniworld.py:267] iteration: 154
 frame: 3850000
 eval_episode_return:  1.00
 train_episode_return:  1.00
 train_exploration_epsilon: 0.100
 train_frame_rate:  156
I1009 00:02:49.716737 47672927442752 run_miniworld.py:243] Data collection iteration 155.
I1009 00:05:30.789464 47672927442752 run_miniworld.py:250] Evaluation iteration 155.
I1009 00:05:42.883382 47672927442752 run_miniworld.py:267] iteration: 155
 frame: 3875000
 eval_episode_return:  1.00
 train_episode_return:  1.00
 train_exploration_epsilon: 0.100
 train_frame_rate:  155
I1009 00:05:45.841434 47672927442752 run_miniworld.py:243] Data collection iteration 156.
I1009 00:08:25.558413 47672927442752 run_miniworld.py:250] Evaluation iteration 156.
I1009 00:08:37.322216 47672927442752 run_miniworld.py:267] iteration: 156
 frame: 3900000
 eval_episode_return:  1.00
 train_episode_return:  1.00
 train_exploration_epsilon: 0.100
 train_frame_rate:  157
I1009 00:08:41.336227 47672927442752 run_miniworld.py:243] Data collection iteration 157.
I1009 00:11:21.052263 47672927442752 run_miniworld.py:250] Evaluation iteration 157.
I1009 00:11:32.432196 47672927442752 run_miniworld.py:267] iteration: 157
 frame: 3925000
 eval_episode_return:  1.00
 train_episode_return:  1.00
 train_exploration_epsilon: 0.100
 train_frame_rate:  157
I1009 00:11:35.372618 47672927442752 run_miniworld.py:243] Data collection iteration 158.
I1009 00:14:14.440462 47672927442752 run_miniworld.py:250] Evaluation iteration 158.
I1009 00:14:25.708195 47672927442752 run_miniworld.py:267] iteration: 158
 frame: 3950000
 eval_episode_return:  1.00
 train_episode_return:  1.00
 train_exploration_epsilon: 0.100
 train_frame_rate:  157
I1009 00:14:28.523281 47672927442752 run_miniworld.py:243] Data collection iteration 159.
I1009 00:17:07.840544 47672927442752 run_miniworld.py:250] Evaluation iteration 159.
I1009 00:17:19.622757 47672927442752 run_miniworld.py:267] iteration: 159
 frame: 3975000
 eval_episode_return:  1.00
 train_episode_return:  1.00
 train_exploration_epsilon: 0.100
 train_frame_rate:  157
I1009 00:17:23.524108 47672927442752 run_miniworld.py:243] Data collection iteration 160.
I1009 00:20:02.894225 47672927442752 run_miniworld.py:250] Evaluation iteration 160.
I1009 00:20:14.258842 47672927442752 run_miniworld.py:267] iteration: 160
 frame: 4000000
 eval_episode_return:  1.00
 train_episode_return:  1.00
 train_exploration_epsilon: 0.100
 train_frame_rate:  157
I1009 00:20:17.096183 47672927442752 run_miniworld.py:243] Data collection iteration 161.
I1009 00:22:56.238841 47672927442752 run_miniworld.py:250] Evaluation iteration 161.
I1009 00:23:08.004450 47672927442752 run_miniworld.py:267] iteration: 161
 frame: 4025000
 eval_episode_return:  1.00
 train_episode_return:  1.00
 train_exploration_epsilon: 0.100
 train_frame_rate:  157
I1009 00:23:11.884770 47672927442752 run_miniworld.py:243] Data collection iteration 162.
I1009 00:25:53.798870 47672927442752 run_miniworld.py:250] Evaluation iteration 162.
I1009 00:26:05.985347 47672927442752 run_miniworld.py:267] iteration: 162
 frame: 4050000
 eval_episode_return:  1.00
 train_episode_return:  1.00
 train_exploration_epsilon: 0.100
 train_frame_rate:  154
I1009 00:26:08.842881 47672927442752 run_miniworld.py:243] Data collection iteration 163.
I1009 00:28:49.070746 47672927442752 run_miniworld.py:250] Evaluation iteration 163.
I1009 00:29:00.694966 47672927442752 run_miniworld.py:267] iteration: 163
 frame: 4075000
 eval_episode_return:  1.00
 train_episode_return:  1.00
 train_exploration_epsilon: 0.100
 train_frame_rate:  156
I1009 00:29:03.505013 47672927442752 run_miniworld.py:243] Data collection iteration 164.
I1009 00:31:44.312923 47672927442752 run_miniworld.py:250] Evaluation iteration 164.
I1009 00:31:56.206512 47672927442752 run_miniworld.py:267] iteration: 164
 frame: 4100000
 eval_episode_return:  1.00
 train_episode_return:  1.00
 train_exploration_epsilon: 0.100
 train_frame_rate:  155
I1009 00:32:00.173647 47672927442752 run_miniworld.py:243] Data collection iteration 165.
I1009 00:34:39.859171 47672927442752 run_miniworld.py:250] Evaluation iteration 165.
I1009 00:34:51.522400 47672927442752 run_miniworld.py:267] iteration: 165
 frame: 4125000
 eval_episode_return:  1.00
 train_episode_return:  1.00
 train_exploration_epsilon: 0.100
 train_frame_rate:  157
I1009 00:34:54.288994 47672927442752 run_miniworld.py:243] Data collection iteration 166.
I1009 00:37:33.222573 47672927442752 run_miniworld.py:250] Evaluation iteration 166.
I1009 00:37:44.537031 47672927442752 run_miniworld.py:267] iteration: 166
 frame: 4150000
 eval_episode_return:  1.00
 train_episode_return:  1.00
 train_exploration_epsilon: 0.100
 train_frame_rate:  157
I1009 00:37:48.478654 47672927442752 run_miniworld.py:243] Data collection iteration 167.
I1009 00:40:28.219501 47672927442752 run_miniworld.py:250] Evaluation iteration 167.
I1009 00:40:39.756728 47672927442752 run_miniworld.py:267] iteration: 167
 frame: 4175000
 eval_episode_return:  1.00
 train_episode_return:  1.00
 train_exploration_epsilon: 0.100
 train_frame_rate:  157
I1009 00:40:42.569902 47672927442752 run_miniworld.py:243] Data collection iteration 168.
I1009 00:43:22.176013 47672927442752 run_miniworld.py:250] Evaluation iteration 168.
I1009 00:43:33.666765 47672927442752 run_miniworld.py:267] iteration: 168
 frame: 4200000
 eval_episode_return:  1.00
 train_episode_return:  1.00
 train_exploration_epsilon: 0.100
 train_frame_rate:  157
I1009 00:43:36.457435 47672927442752 run_miniworld.py:243] Data collection iteration 169.
I1009 00:46:15.170991 47672927442752 run_miniworld.py:250] Evaluation iteration 169.
I1009 00:46:28.152524 47672927442752 run_miniworld.py:267] iteration: 169
 frame: 4225000
 eval_episode_return:  1.00
 train_episode_return:  1.00
 train_exploration_epsilon: 0.100
 train_frame_rate:  158
I1009 00:46:30.890440 47672927442752 run_miniworld.py:243] Data collection iteration 170.
I1009 00:49:10.839212 47672927442752 run_miniworld.py:250] Evaluation iteration 170.
I1009 00:49:22.539965 47672927442752 run_miniworld.py:267] iteration: 170
 frame: 4250000
 eval_episode_return:  1.00
 train_episode_return:  1.00
 train_exploration_epsilon: 0.100
 train_frame_rate:  156
I1009 00:49:25.539986 47672927442752 run_miniworld.py:243] Data collection iteration 171.
I1009 00:52:05.178043 47672927442752 run_miniworld.py:250] Evaluation iteration 171.
I1009 00:52:16.464784 47672927442752 run_miniworld.py:267] iteration: 171
 frame: 4275000
 eval_episode_return:  1.00
 train_episode_return:  1.00
 train_exploration_epsilon: 0.100
 train_frame_rate:  157
I1009 00:52:20.962733 47672927442752 run_miniworld.py:243] Data collection iteration 172.
I1009 00:55:00.669842 47672927442752 run_miniworld.py:250] Evaluation iteration 172.
I1009 00:55:12.300738 47672927442752 run_miniworld.py:267] iteration: 172
 frame: 4300000
 eval_episode_return:  1.00
 train_episode_return:  1.00
 train_exploration_epsilon: 0.100
 train_frame_rate:  157
I1009 00:55:15.113305 47672927442752 run_miniworld.py:243] Data collection iteration 173.
I1009 00:57:55.586242 47672927442752 run_miniworld.py:250] Evaluation iteration 173.
I1009 00:58:07.237174 47672927442752 run_miniworld.py:267] iteration: 173
 frame: 4325000
 eval_episode_return:  1.00
 train_episode_return:  1.00
 train_exploration_epsilon: 0.100
 train_frame_rate:  156
I1009 00:58:10.288753 47672927442752 run_miniworld.py:243] Data collection iteration 174.
I1009 01:00:52.779498 47672927442752 run_miniworld.py:250] Evaluation iteration 174.
I1009 01:01:04.576668 47672927442752 run_miniworld.py:267] iteration: 174
 frame: 4350000
 eval_episode_return:  1.00
 train_episode_return:  1.00
 train_exploration_epsilon: 0.100
 train_frame_rate:  154
I1009 01:01:07.629742 47672927442752 run_miniworld.py:243] Data collection iteration 175.
I1009 01:03:47.361241 47672927442752 run_miniworld.py:250] Evaluation iteration 175.
I1009 01:03:59.039945 47672927442752 run_miniworld.py:267] iteration: 175
 frame: 4375000
 eval_episode_return:  1.00
 train_episode_return:  1.00
 train_exploration_epsilon: 0.100
 train_frame_rate:  157
I1009 01:04:02.200587 47672927442752 run_miniworld.py:243] Data collection iteration 176.
I1009 01:06:41.999785 47672927442752 run_miniworld.py:250] Evaluation iteration 176.
I1009 01:06:53.892582 47672927442752 run_miniworld.py:267] iteration: 176
 frame: 4400000
 eval_episode_return:  1.00
 train_episode_return:  1.00
 train_exploration_epsilon: 0.100
 train_frame_rate:  156
I1009 01:06:57.788172 47672927442752 run_miniworld.py:243] Data collection iteration 177.
I1009 01:09:39.209831 47672927442752 run_miniworld.py:250] Evaluation iteration 177.
I1009 01:09:51.412888 47672927442752 run_miniworld.py:267] iteration: 177
 frame: 4425000
 eval_episode_return:  1.00
 train_episode_return:  1.00
 train_exploration_epsilon: 0.100
 train_frame_rate:  155
I1009 01:09:54.217522 47672927442752 run_miniworld.py:243] Data collection iteration 178.
I1009 01:12:35.042441 47672927442752 run_miniworld.py:250] Evaluation iteration 178.
I1009 01:12:47.173723 47672927442752 run_miniworld.py:267] iteration: 178
 frame: 4450000
 eval_episode_return:  1.00
 train_episode_return:  1.00
 train_exploration_epsilon: 0.100
 train_frame_rate:  155
I1009 01:12:51.096481 47672927442752 run_miniworld.py:243] Data collection iteration 179.
I1009 01:15:31.751485 47672927442752 run_miniworld.py:250] Evaluation iteration 179.
I1009 01:15:43.529808 47672927442752 run_miniworld.py:267] iteration: 179
 frame: 4475000
 eval_episode_return:  1.00
 train_episode_return:  1.00
 train_exploration_epsilon: 0.100
 train_frame_rate:  156
I1009 01:15:46.494337 47672927442752 run_miniworld.py:243] Data collection iteration 180.
I1009 01:18:26.029639 47672927442752 run_miniworld.py:250] Evaluation iteration 180.
I1009 01:18:37.746446 47672927442752 run_miniworld.py:267] iteration: 180
 frame: 4500000
 eval_episode_return:  1.00
 train_episode_return:  1.00
 train_exploration_epsilon: 0.100
 train_frame_rate:  157
I1009 01:18:40.529799 47672927442752 run_miniworld.py:243] Data collection iteration 181.
I1009 01:21:19.277128 47672927442752 run_miniworld.py:250] Evaluation iteration 181.
I1009 01:21:30.676174 47672927442752 run_miniworld.py:267] iteration: 181
 frame: 4525000
 eval_episode_return:  1.00
 train_episode_return:  1.00
 train_exploration_epsilon: 0.100
 train_frame_rate:  157
I1009 01:21:35.115402 47672927442752 run_miniworld.py:243] Data collection iteration 182.
I1009 01:24:15.466979 47672927442752 run_miniworld.py:250] Evaluation iteration 182.
I1009 01:24:27.263014 47672927442752 run_miniworld.py:267] iteration: 182
 frame: 4550000
 eval_episode_return:  1.00
 train_episode_return:  1.00
 train_exploration_epsilon: 0.100
 train_frame_rate:  156
I1009 01:24:30.464190 47672927442752 run_miniworld.py:243] Data collection iteration 183.
I1009 01:27:09.404274 47672927442752 run_miniworld.py:250] Evaluation iteration 183.
I1009 01:27:20.628566 47672927442752 run_miniworld.py:267] iteration: 183
 frame: 4575000
 eval_episode_return:  1.00
 train_episode_return:  1.00
 train_exploration_epsilon: 0.100
 train_frame_rate:  157
I1009 01:27:25.960804 47672927442752 run_miniworld.py:243] Data collection iteration 184.
I1009 01:30:06.694124 47672927442752 run_miniworld.py:250] Evaluation iteration 184.
I1009 01:30:18.621029 47672927442752 run_miniworld.py:267] iteration: 184
 frame: 4600000
 eval_episode_return:  1.00
 train_episode_return:  1.00
 train_exploration_epsilon: 0.100
 train_frame_rate:  156
I1009 01:30:21.570385 47672927442752 run_miniworld.py:243] Data collection iteration 185.
I1009 01:33:00.905568 47672927442752 run_miniworld.py:250] Evaluation iteration 185.
I1009 01:33:12.254098 47672927442752 run_miniworld.py:267] iteration: 185
 frame: 4625000
 eval_episode_return:  1.00
 train_episode_return:  1.00
 train_exploration_epsilon: 0.100
 train_frame_rate:  157
I1009 01:33:15.776873 47672927442752 run_miniworld.py:243] Data collection iteration 186.
I1009 01:35:55.046459 47672927442752 run_miniworld.py:250] Evaluation iteration 186.
I1009 01:36:06.366230 47672927442752 run_miniworld.py:267] iteration: 186
 frame: 4650000
 eval_episode_return:  0.99
 train_episode_return:  1.00
 train_exploration_epsilon: 0.100
 train_frame_rate:  157
I1009 01:36:10.532788 47672927442752 run_miniworld.py:243] Data collection iteration 187.
I1009 01:38:50.349395 47672927442752 run_miniworld.py:250] Evaluation iteration 187.
I1009 01:39:02.101801 47672927442752 run_miniworld.py:267] iteration: 187
 frame: 4675000
 eval_episode_return:  1.00
 train_episode_return:  1.00
 train_exploration_epsilon: 0.100
 train_frame_rate:  156
I1009 01:39:04.874217 47672927442752 run_miniworld.py:243] Data collection iteration 188.
I1009 01:41:45.102094 47672927442752 run_miniworld.py:250] Evaluation iteration 188.
I1009 01:41:56.905073 47672927442752 run_miniworld.py:267] iteration: 188
 frame: 4700000
 eval_episode_return:  1.00
 train_episode_return:  1.00
 train_exploration_epsilon: 0.100
 train_frame_rate:  156
I1009 01:42:00.909262 47672927442752 run_miniworld.py:243] Data collection iteration 189.
I1009 01:44:41.423458 47672927442752 run_miniworld.py:250] Evaluation iteration 189.
I1009 01:44:53.254281 47672927442752 run_miniworld.py:267] iteration: 189
 frame: 4725000
 eval_episode_return:  1.00
 train_episode_return:  1.00
 train_exploration_epsilon: 0.100
 train_frame_rate:  156
I1009 01:44:56.358990 47672927442752 run_miniworld.py:243] Data collection iteration 190.
I1009 01:47:36.296424 47672927442752 run_miniworld.py:250] Evaluation iteration 190.
I1009 01:47:48.141334 47672927442752 run_miniworld.py:267] iteration: 190
 frame: 4750000
 eval_episode_return:  1.00
 train_episode_return:  1.00
 train_exploration_epsilon: 0.100
 train_frame_rate:  156
I1009 01:47:51.196093 47672927442752 run_miniworld.py:243] Data collection iteration 191.
I1009 01:50:30.905149 47672927442752 run_miniworld.py:250] Evaluation iteration 191.
I1009 01:50:42.886115 47672927442752 run_miniworld.py:267] iteration: 191
 frame: 4775000
 eval_episode_return:  1.00
 train_episode_return:  1.00
 train_exploration_epsilon: 0.100
 train_frame_rate:  157
I1009 01:50:46.902349 47672927442752 run_miniworld.py:243] Data collection iteration 192.
I1009 01:53:26.554016 47672927442752 run_miniworld.py:250] Evaluation iteration 192.
I1009 01:53:37.908976 47672927442752 run_miniworld.py:267] iteration: 192
 frame: 4800000
 eval_episode_return:  1.00
 train_episode_return:  1.00
 train_exploration_epsilon: 0.100
 train_frame_rate:  157
I1009 01:53:40.791855 47672927442752 run_miniworld.py:243] Data collection iteration 193.
I1009 01:56:20.259392 47672927442752 run_miniworld.py:250] Evaluation iteration 193.
I1009 01:56:31.907653 47672927442752 run_miniworld.py:267] iteration: 193
 frame: 4825000
 eval_episode_return:  1.00
 train_episode_return:  1.00
 train_exploration_epsilon: 0.100
 train_frame_rate:  157
I1009 01:56:36.129748 47672927442752 run_miniworld.py:243] Data collection iteration 194.
I1009 01:59:16.294724 47672927442752 run_miniworld.py:250] Evaluation iteration 194.
I1009 01:59:27.760808 47672927442752 run_miniworld.py:267] iteration: 194
 frame: 4850000
 eval_episode_return:  1.00
 train_episode_return:  1.00
 train_exploration_epsilon: 0.100
 train_frame_rate:  156
I1009 01:59:30.674961 47672927442752 run_miniworld.py:243] Data collection iteration 195.
I1009 02:02:10.152067 47672927442752 run_miniworld.py:250] Evaluation iteration 195.
I1009 02:02:21.930224 47672927442752 run_miniworld.py:267] iteration: 195
 frame: 4875000
 eval_episode_return:  1.00
 train_episode_return:  1.00
 train_exploration_epsilon: 0.100
 train_frame_rate:  157
I1009 02:02:24.925238 47672927442752 run_miniworld.py:243] Data collection iteration 196.
I1009 02:05:03.734307 47672927442752 run_miniworld.py:250] Evaluation iteration 196.
I1009 02:05:14.958827 47672927442752 run_miniworld.py:267] iteration: 196
 frame: 4900000
 eval_episode_return:  1.00
 train_episode_return:  1.00
 train_exploration_epsilon: 0.100
 train_frame_rate:  157
I1009 02:05:19.337018 47672927442752 run_miniworld.py:243] Data collection iteration 197.
I1009 02:07:59.304064 47672927442752 run_miniworld.py:250] Evaluation iteration 197.
I1009 02:08:11.141081 47672927442752 run_miniworld.py:267] iteration: 197
 frame: 4925000
 eval_episode_return:  1.00
 train_episode_return:  1.00
 train_exploration_epsilon: 0.100
 train_frame_rate:  156
I1009 02:08:14.031314 47672927442752 run_miniworld.py:243] Data collection iteration 198.
I1009 02:10:52.660058 47672927442752 run_miniworld.py:250] Evaluation iteration 198.
I1009 02:11:04.229859 47672927442752 run_miniworld.py:267] iteration: 198
 frame: 4950000
 eval_episode_return:  1.00
 train_episode_return:  1.00
 train_exploration_epsilon: 0.100
 train_frame_rate:  158
I1009 02:11:08.439857 47672927442752 run_miniworld.py:243] Data collection iteration 199.
I1009 02:13:49.435875 47672927442752 run_miniworld.py:250] Evaluation iteration 199.
I1009 02:14:01.538368 47672927442752 run_miniworld.py:267] iteration: 199
 frame: 4975000
 eval_episode_return:  1.00
 train_episode_return:  1.00
 train_exploration_epsilon: 0.100
 train_frame_rate:  155
I1009 02:14:04.365480 47672927442752 run_miniworld.py:243] Data collection iteration 200.
I1009 02:16:44.767531 47672927442752 run_miniworld.py:250] Evaluation iteration 200.
I1009 02:16:56.435899 47672927442752 run_miniworld.py:267] iteration: 200
 frame: 5000000
 eval_episode_return:  1.00
 train_episode_return:  1.00
 train_exploration_epsilon: 0.100
 train_frame_rate:  156
Falling back to num_samples=1
Falling back to num_samples=1
Falling back to num_samples=1
Falling back to num_samples=1
Falling back to num_samples=1
Falling back to num_samples=1
Falling back to num_samples=1
Falling back to num_samples=1
Falling back to num_samples=1
Falling back to num_samples=1
Falling back to num_samples=1
Falling back to num_samples=1
Falling back to num_samples=1
Falling back to num_samples=1
Falling back to num_samples=1
Falling back to num_samples=1
Falling back to num_samples=1
Falling back to num_samples=1
Falling back to num_samples=1
Falling back to num_samples=1
Falling back to num_samples=1
Falling back to num_samples=1
Falling back to num_samples=1
Falling back to num_samples=1
Falling back to num_samples=1
Falling back to num_samples=1
Falling back to num_samples=1
Falling back to num_samples=1
Falling back to num_samples=1
Falling back to num_samples=1
Falling back to num_samples=1
Falling back to num_samples=1
Falling back to num_samples=1
Falling back to num_samples=1
Falling back to num_samples=1
Falling back to num_samples=1
Falling back to num_samples=1
Falling back to num_samples=1
Falling back to num_samples=1
Falling back to num_samples=1
Falling back to num_samples=1
Falling back to num_samples=1
Falling back to num_samples=1
Falling back to num_samples=1
Falling back to num_samples=1
Falling back to num_samples=1
Falling back to num_samples=1
Falling back to num_samples=1
Falling back to num_samples=1
Falling back to num_samples=1
Falling back to num_samples=1
Falling back to num_samples=1
Falling back to num_samples=1
Falling back to num_samples=1
Falling back to num_samples=1
Falling back to num_samples=1
Falling back to num_samples=1
Falling back to num_samples=1
Falling back to num_samples=1
Falling back to num_samples=1
Falling back to num_samples=1
Falling back to num_samples=1
Falling back to num_samples=1
Falling back to num_samples=1
Falling back to num_samples=1
Falling back to num_samples=1
Falling back to num_samples=1
Falling back to num_samples=1
Falling back to num_samples=1
Falling back to num_samples=1
Falling back to num_samples=1
Falling back to num_samples=1
Falling back to num_samples=1
Falling back to num_samples=1
Falling back to num_samples=1
Falling back to num_samples=1
Falling back to num_samples=1
Falling back to num_samples=1
Falling back to num_samples=1
Falling back to num_samples=1
Falling back to num_samples=1
Falling back to num_samples=1
Falling back to num_samples=1
Falling back to num_samples=1
Falling back to num_samples=1
Falling back to num_samples=1
Falling back to num_samples=1
Falling back to num_samples=1
Falling back to num_samples=1
Falling back to num_samples=1
Falling back to num_samples=1
Falling back to num_samples=1
Falling back to num_samples=1
Falling back to num_samples=1
Falling back to num_samples=1
Falling back to num_samples=1
Falling back to num_samples=1
Falling back to num_samples=1
Falling back to num_samples=1
Falling back to num_samples=1
Falling back to num_samples=1
Falling back to num_samples=1
Falling back to num_samples=1
Falling back to num_samples=1
Falling back to num_samples=1
Falling back to num_samples=1
Falling back to num_samples=1
Falling back to num_samples=1
Falling back to num_samples=1
Falling back to num_samples=1
Falling back to num_samples=1
Falling back to num_samples=1
Falling back to num_samples=1
Falling back to num_samples=1
Falling back to num_samples=1
Falling back to num_samples=1
Falling back to num_samples=1
Falling back to num_samples=1
Falling back to num_samples=1
Falling back to num_samples=1
Falling back to num_samples=1
Falling back to num_samples=1
Falling back to num_samples=1
Falling back to num_samples=1
Falling back to num_samples=1
Falling back to num_samples=1
Falling back to num_samples=1
Falling back to num_samples=1
Falling back to num_samples=1
Falling back to num_samples=1
Falling back to num_samples=1
Falling back to num_samples=1
Falling back to num_samples=1
Falling back to num_samples=1
Falling back to num_samples=1
Falling back to num_samples=1
Falling back to num_samples=1
Falling back to num_samples=1
Falling back to num_samples=1
Falling back to num_samples=1
Falling back to num_samples=1
Falling back to num_samples=1
Falling back to num_samples=1
Falling back to num_samples=1
Falling back to num_samples=1
Falling back to num_samples=1
Falling back to num_samples=1
Falling back to num_samples=1
Falling back to num_samples=1
Falling back to num_samples=1
Falling back to num_samples=1
Falling back to num_samples=1
Falling back to num_samples=1
Falling back to num_samples=1
Falling back to num_samples=1
Falling back to num_samples=1
Falling back to num_samples=1
Falling back to num_samples=1
Falling back to num_samples=1
Falling back to num_samples=1
Falling back to num_samples=1
Falling back to num_samples=1
Falling back to num_samples=1
Falling back to num_samples=1
Falling back to num_samples=1
Falling back to num_samples=1
Falling back to num_samples=1
Falling back to num_samples=1
Falling back to num_samples=1
Falling back to num_samples=1
Falling back to num_samples=1
Falling back to num_samples=1
Falling back to num_samples=1
Falling back to num_samples=1
Falling back to num_samples=1
Falling back to num_samples=1
Falling back to num_samples=1
Falling back to num_samples=1
Falling back to num_samples=1
Falling back to num_samples=1
Falling back to num_samples=1
Falling back to num_samples=1
Falling back to num_samples=1
Falling back to num_samples=1
Falling back to num_samples=1
Falling back to num_samples=1
Falling back to num_samples=1
Falling back to num_samples=1
Falling back to num_samples=1
Falling back to num_samples=1
Falling back to num_samples=1
Falling back to num_samples=1
Falling back to num_samples=1
Falling back to num_samples=1
Falling back to num_samples=1
Falling back to num_samples=1
Falling back to num_samples=1
Falling back to num_samples=1
Falling back to num_samples=1
Falling back to num_samples=1
Falling back to num_samples=1
Falling back to num_samples=1
Falling back to num_samples=1
Falling back to num_samples=1
Falling back to num_samples=1
Falling back to num_samples=1
Falling back to num_samples=1
Falling back to num_samples=1
Falling back to num_samples=1
Falling back to num_samples=1
Falling back to num_samples=1
Falling back to num_samples=1
Falling back to num_samples=1
Falling back to num_samples=1
Falling back to num_samples=1
Falling back to num_samples=1
Falling back to num_samples=1
Falling back to num_samples=1
Falling back to num_samples=1
Falling back to num_samples=1
Falling back to num_samples=1
Falling back to num_samples=1
Falling back to num_samples=1
Falling back to num_samples=1
Falling back to num_samples=1
Falling back to num_samples=1
Falling back to num_samples=1
Falling back to num_samples=1
Falling back to num_samples=1
Falling back to num_samples=1
Falling back to num_samples=1
Falling back to num_samples=1
Falling back to num_samples=1
Falling back to num_samples=1
Falling back to num_samples=1
Falling back to num_samples=1
Falling back to num_samples=1
Falling back to num_samples=1
Falling back to num_samples=1
Falling back to num_samples=1
Falling back to num_samples=1
Falling back to num_samples=1
Falling back to num_samples=1
Falling back to num_samples=1
Falling back to num_samples=1
Falling back to num_samples=1
Falling back to num_samples=1
Falling back to num_samples=1
Falling back to num_samples=1
Falling back to num_samples=1
Falling back to num_samples=1
Falling back to num_samples=1
Falling back to num_samples=1
Falling back to num_samples=1
Falling back to num_samples=1
Falling back to num_samples=1
Falling back to num_samples=1
Falling back to num_samples=1
Falling back to num_samples=1
Falling back to num_samples=1
Falling back to num_samples=1
Falling back to num_samples=1
Falling back to num_samples=1
Falling back to num_samples=1
Falling back to num_samples=1
Falling back to num_samples=1
Falling back to num_samples=1
Falling back to num_samples=1
Falling back to num_samples=1
Falling back to num_samples=1
Falling back to num_samples=1
Falling back to num_samples=1
Falling back to num_samples=1
Falling back to num_samples=1
Falling back to num_samples=1
Falling back to num_samples=1
Falling back to num_samples=1
Falling back to num_samples=1
Falling back to num_samples=1
Falling back to num_samples=1
Falling back to num_samples=1
Falling back to num_samples=1
Falling back to num_samples=1
Falling back to num_samples=1
Falling back to num_samples=1
Falling back to num_samples=1
Falling back to num_samples=1
Falling back to num_samples=1
Falling back to num_samples=1
Falling back to num_samples=1
Falling back to num_samples=1
Falling back to num_samples=1
Falling back to num_samples=1
Falling back to num_samples=1
Falling back to num_samples=1
Falling back to num_samples=1
Falling back to num_samples=1
Falling back to num_samples=1
Falling back to num_samples=1
Falling back to num_samples=1
Falling back to num_samples=1
Falling back to num_samples=1
Falling back to num_samples=1
Falling back to num_samples=1
Falling back to num_samples=1
Falling back to num_samples=1
Falling back to num_samples=1
Falling back to num_samples=1
Falling back to num_samples=1
Falling back to num_samples=1
Falling back to num_samples=1
Falling back to num_samples=1
Falling back to num_samples=1
Falling back to num_samples=1
Falling back to num_samples=1
Falling back to num_samples=1
Falling back to num_samples=1
Falling back to num_samples=1
Falling back to num_samples=1
Falling back to num_samples=1
Falling back to num_samples=1
Falling back to num_samples=1
Falling back to num_samples=1
Falling back to num_samples=1
Falling back to num_samples=1
Falling back to num_samples=1
Falling back to num_samples=1
Falling back to num_samples=1
Falling back to num_samples=1
Falling back to num_samples=1
Falling back to num_samples=1
Falling back to num_samples=1
Falling back to num_samples=1
Falling back to num_samples=1
Falling back to num_samples=1
Falling back to num_samples=1
Falling back to num_samples=1
Falling back to num_samples=1
Falling back to num_samples=1
Falling back to num_samples=1
Falling back to num_samples=1
Falling back to num_samples=1
Falling back to num_samples=1
Falling back to num_samples=1
Falling back to num_samples=1
Falling back to num_samples=1
Falling back to num_samples=1
Falling back to num_samples=1
Falling back to num_samples=1
Falling back to num_samples=1
Falling back to num_samples=1
Falling back to num_samples=1
Falling back to num_samples=1
Falling back to num_samples=1
Falling back to num_samples=1
Falling back to num_samples=1
Falling back to num_samples=1
Falling back to num_samples=1
Falling back to num_samples=1
Falling back to num_samples=1
Falling back to num_samples=1
Falling back to num_samples=1
Falling back to num_samples=1
Falling back to num_samples=1
Falling back to num_samples=1
Falling back to num_samples=1
Falling back to num_samples=1
Falling back to num_samples=1
Falling back to num_samples=1
Falling back to num_samples=1
Falling back to num_samples=1
Falling back to num_samples=1
Falling back to num_samples=1
Falling back to num_samples=1
Falling back to num_samples=1
Falling back to num_samples=1
Falling back to num_samples=1
Falling back to num_samples=1
Falling back to num_samples=1
Falling back to num_samples=1
Falling back to num_samples=1
Falling back to num_samples=1
Falling back to num_samples=1
Falling back to num_samples=1
Falling back to num_samples=1
Falling back to num_samples=1
Falling back to num_samples=1
Falling back to num_samples=1
Falling back to num_samples=1
Falling back to num_samples=1
Falling back to num_samples=1
Falling back to num_samples=1
Falling back to num_samples=1
Falling back to num_samples=1
Falling back to num_samples=1
Falling back to num_samples=1
Falling back to num_samples=1
Falling back to num_samples=1
Falling back to num_samples=1
Falling back to num_samples=1
Falling back to num_samples=1
Falling back to num_samples=1
Falling back to num_samples=1
Falling back to num_samples=1
