I1015 20:58:43.821103 47395668789056 xla_bridge.py:355] Unable to initialize backend 'tpu_driver': NOT_FOUND: Unable to find driver in registry given worker: 
I1015 20:58:43.944484 47395668789056 xla_bridge.py:355] Unable to initialize backend 'rocm': NOT_FOUND: Could not find registered platform with name: "rocm". Available platform names are: Host Interpreter CUDA
I1015 20:58:43.944980 47395668789056 xla_bridge.py:355] Unable to initialize backend 'tpu': module 'jaxlib.xla_extension' has no attribute 'get_tpu_client'
I1015 20:58:43.945118 47395668789056 xla_bridge.py:355] Unable to initialize backend 'plugin': xla_extension has no attributes named get_plugin_device_client. Compile TensorFlow with //tensorflow/compiler/xla/python:enable_plugin_device set to true (defaults to false) to enable this.
I1015 20:58:43.945233 47395668789056 run_miniworld.py:102] Collecting data on MiniWorld on gpu.
I1015 20:58:49.550774 47395668789056 run_miniworld.py:138] Observation shape: (60, 80, 3)
I1015 20:58:57.853549 47395668789056 run_miniworld.py:243] Data collection iteration 0.
I1015 20:59:34.346489 47395668789056 run_miniworld.py:250] Evaluation iteration 0.
/home/mklissa/DCEO/lib/python3.8/site-packages/distrax/_src/distributions/categorical.py:96: UserWarning: Explicitly requested dtype <class 'jax.numpy.int64'> requested in astype is not available, and will be truncated to dtype int32. To enable more dtypes, set the jax_enable_x64 configuration option or the JAX_ENABLE_X64 shell environment variable. See https://github.com/google/jax#current-gotchas for more.
  return draws.astype(self._dtype)
I1015 20:59:44.346805 47395668789056 run_miniworld.py:267] iteration:   0
 frame:     0
 eval_episode_return:  0.00
 train_episode_return:  0.04
 train_exploration_epsilon: 1.000
 train_frame_rate:  685
I1015 20:59:48.599560 47395668789056 run_miniworld.py:243] Data collection iteration 1.
I1015 21:00:25.547499 47395668789056 run_miniworld.py:250] Evaluation iteration 1.
I1015 21:00:34.986199 47395668789056 run_miniworld.py:267] iteration:   1
 frame: 25000
 eval_episode_return:  0.00
 train_episode_return:  0.00
 train_exploration_epsilon: 1.000
 train_frame_rate:  677
I1015 21:00:38.327186 47395668789056 run_miniworld.py:243] Data collection iteration 2.
I1015 21:00:38.810806 47395668789056 dceo_agent.py:328] Begin learning
I1015 21:02:59.623307 47395668789056 run_miniworld.py:250] Evaluation iteration 2.
I1015 21:03:09.180854 47395668789056 run_miniworld.py:267] iteration:   2
 frame: 50000
 eval_episode_return:  0.00
 train_episode_return:  0.00
 train_exploration_epsilon: 0.955
 train_frame_rate:  177
I1015 21:03:12.673162 47395668789056 run_miniworld.py:243] Data collection iteration 3.
I1015 21:05:32.836456 47395668789056 run_miniworld.py:250] Evaluation iteration 3.
I1015 21:05:41.944807 47395668789056 run_miniworld.py:267] iteration:   3
 frame: 75000
 eval_episode_return:  0.00
 train_episode_return:  0.04
 train_exploration_epsilon: 0.910
 train_frame_rate:  178
I1015 21:05:45.016832 47395668789056 run_miniworld.py:243] Data collection iteration 4.
I1015 21:08:04.902544 47395668789056 run_miniworld.py:250] Evaluation iteration 4.
I1015 21:08:14.122625 47395668789056 run_miniworld.py:267] iteration:   4
 frame: 100000
 eval_episode_return:  0.00
 train_episode_return:  0.00
 train_exploration_epsilon: 0.865
 train_frame_rate:  179
I1015 21:08:17.168901 47395668789056 run_miniworld.py:243] Data collection iteration 5.
I1015 21:10:37.072180 47395668789056 run_miniworld.py:250] Evaluation iteration 5.
I1015 21:10:46.534932 47395668789056 run_miniworld.py:267] iteration:   5
 frame: 125000
 eval_episode_return:  0.00
 train_episode_return:  0.00
 train_exploration_epsilon: 0.820
 train_frame_rate:  179
I1015 21:10:49.451093 47395668789056 run_miniworld.py:243] Data collection iteration 6.
I1015 21:13:10.125536 47395668789056 run_miniworld.py:250] Evaluation iteration 6.
I1015 21:13:19.520728 47395668789056 run_miniworld.py:267] iteration:   6
 frame: 150000
 eval_episode_return:  0.00
 train_episode_return:  0.04
 train_exploration_epsilon: 0.775
 train_frame_rate:  178
I1015 21:13:22.275909 47395668789056 run_miniworld.py:243] Data collection iteration 7.
I1015 21:15:45.030191 47395668789056 run_miniworld.py:250] Evaluation iteration 7.
I1015 21:15:54.468038 47395668789056 run_miniworld.py:267] iteration:   7
 frame: 175000
 eval_episode_return:  0.00
 train_episode_return:  0.00
 train_exploration_epsilon: 0.730
 train_frame_rate:  175
I1015 21:15:57.181900 47395668789056 run_miniworld.py:243] Data collection iteration 8.
I1015 21:18:19.043143 47395668789056 run_miniworld.py:250] Evaluation iteration 8.
I1015 21:18:28.346668 47395668789056 run_miniworld.py:267] iteration:   8
 frame: 200000
 eval_episode_return:  0.00
 train_episode_return:  0.00
 train_exploration_epsilon: 0.685
 train_frame_rate:  176
I1015 21:18:31.584707 47395668789056 run_miniworld.py:243] Data collection iteration 9.
I1015 21:20:52.238405 47395668789056 run_miniworld.py:250] Evaluation iteration 9.
I1015 21:21:01.831111 47395668789056 run_miniworld.py:267] iteration:   9
 frame: 225000
 eval_episode_return:  0.00
 train_episode_return:  0.04
 train_exploration_epsilon: 0.640
 train_frame_rate:  178
I1015 21:21:05.142400 47395668789056 run_miniworld.py:243] Data collection iteration 10.
I1015 21:23:28.295086 47395668789056 run_miniworld.py:250] Evaluation iteration 10.
I1015 21:23:37.590201 47395668789056 run_miniworld.py:267] iteration:  10
 frame: 250000
 eval_episode_return:  0.00
 train_episode_return:  0.12
 train_exploration_epsilon: 0.595
 train_frame_rate:  175
I1015 21:23:40.778629 47395668789056 run_miniworld.py:243] Data collection iteration 11.
I1015 21:26:03.790735 47395668789056 run_miniworld.py:250] Evaluation iteration 11.
I1015 21:26:13.491707 47395668789056 run_miniworld.py:267] iteration:  11
 frame: 275000
 eval_episode_return:  0.00
 train_episode_return:  0.00
 train_exploration_epsilon: 0.550
 train_frame_rate:  175
I1015 21:26:16.419257 47395668789056 run_miniworld.py:243] Data collection iteration 12.
I1015 21:28:40.747385 47395668789056 run_miniworld.py:250] Evaluation iteration 12.
I1015 21:28:49.747103 47395668789056 run_miniworld.py:267] iteration:  12
 frame: 300000
 eval_episode_return:  0.00
 train_episode_return:  0.00
 train_exploration_epsilon: 0.505
 train_frame_rate:  173
I1015 21:28:52.644430 47395668789056 run_miniworld.py:243] Data collection iteration 13.
I1015 21:31:16.490270 47395668789056 run_miniworld.py:250] Evaluation iteration 13.
I1015 21:31:26.124409 47395668789056 run_miniworld.py:267] iteration:  13
 frame: 325000
 eval_episode_return:  0.00
 train_episode_return:  0.04
 train_exploration_epsilon: 0.460
 train_frame_rate:  174
I1015 21:31:29.415402 47395668789056 run_miniworld.py:243] Data collection iteration 14.
I1015 21:33:54.031691 47395668789056 run_miniworld.py:250] Evaluation iteration 14.
I1015 21:34:03.335444 47395668789056 run_miniworld.py:267] iteration:  14
 frame: 350000
 eval_episode_return:  0.00
 train_episode_return:  0.08
 train_exploration_epsilon: 0.415
 train_frame_rate:  173
I1015 21:34:07.249309 47395668789056 run_miniworld.py:243] Data collection iteration 15.
I1015 21:36:30.912043 47395668789056 run_miniworld.py:250] Evaluation iteration 15.
I1015 21:36:40.634420 47395668789056 run_miniworld.py:267] iteration:  15
 frame: 375000
 eval_episode_return:  0.00
 train_episode_return:  0.08
 train_exploration_epsilon: 0.370
 train_frame_rate:  174
I1015 21:36:43.373208 47395668789056 run_miniworld.py:243] Data collection iteration 16.
I1015 21:39:08.803405 47395668789056 run_miniworld.py:250] Evaluation iteration 16.
I1015 21:39:18.135889 47395668789056 run_miniworld.py:267] iteration:  16
 frame: 400000
 eval_episode_return:  0.00
 train_episode_return:  0.52
 train_exploration_epsilon: 0.325
 train_frame_rate:  172
I1015 21:39:21.705976 47395668789056 run_miniworld.py:243] Data collection iteration 17.
I1015 21:41:47.637067 47395668789056 run_miniworld.py:250] Evaluation iteration 17.
I1015 21:41:57.288511 47395668789056 run_miniworld.py:267] iteration:  17
 frame: 425000
 eval_episode_return:  0.00
 train_episode_return:  0.57
 train_exploration_epsilon: 0.280
 train_frame_rate:  171
I1015 21:42:00.666074 47395668789056 run_miniworld.py:243] Data collection iteration 18.
I1015 21:44:27.919258 47395668789056 run_miniworld.py:250] Evaluation iteration 18.
I1015 21:44:37.523536 47395668789056 run_miniworld.py:267] iteration:  18
 frame: 450000
 eval_episode_return:  0.00
 train_episode_return:  0.61
 train_exploration_epsilon: 0.235
 train_frame_rate:  170
I1015 21:44:40.685778 47395668789056 run_miniworld.py:243] Data collection iteration 19.
I1015 21:47:08.579001 47395668789056 run_miniworld.py:250] Evaluation iteration 19.
I1015 21:47:18.280922 47395668789056 run_miniworld.py:267] iteration:  19
 frame: 475000
 eval_episode_return:  0.00
 train_episode_return:  0.58
 train_exploration_epsilon: 0.190
 train_frame_rate:  169
I1015 21:47:21.778663 47395668789056 run_miniworld.py:243] Data collection iteration 20.
I1015 21:49:50.707166 47395668789056 run_miniworld.py:250] Evaluation iteration 20.
I1015 21:50:00.380070 47395668789056 run_miniworld.py:267] iteration:  20
 frame: 500000
 eval_episode_return:  0.00
 train_episode_return:  0.42
 train_exploration_epsilon: 0.145
 train_frame_rate:  168
I1015 21:50:03.122435 47395668789056 run_miniworld.py:243] Data collection iteration 21.
I1015 21:52:32.805721 47395668789056 run_miniworld.py:250] Evaluation iteration 21.
I1015 21:52:42.130351 47395668789056 run_miniworld.py:267] iteration:  21
 frame: 525000
 eval_episode_return:  0.00
 train_episode_return:  0.19
 train_exploration_epsilon: 0.100
 train_frame_rate:  167
I1015 21:52:45.005592 47395668789056 run_miniworld.py:243] Data collection iteration 22.
I1015 21:55:14.511870 47395668789056 run_miniworld.py:250] Evaluation iteration 22.
I1015 21:55:24.147169 47395668789056 run_miniworld.py:267] iteration:  22
 frame: 550000
 eval_episode_return:  0.00
 train_episode_return:  0.26
 train_exploration_epsilon: 0.100
 train_frame_rate:  167
I1015 21:55:27.594344 47395668789056 run_miniworld.py:243] Data collection iteration 23.
I1015 21:57:57.727857 47395668789056 run_miniworld.py:250] Evaluation iteration 23.
I1015 21:58:07.208828 47395668789056 run_miniworld.py:267] iteration:  23
 frame: 575000
 eval_episode_return:  0.00
 train_episode_return:  0.19
 train_exploration_epsilon: 0.100
 train_frame_rate:  167
I1015 21:58:10.166605 47395668789056 run_miniworld.py:243] Data collection iteration 24.
I1015 22:00:39.645029 47395668789056 run_miniworld.py:250] Evaluation iteration 24.
I1015 22:00:49.400291 47395668789056 run_miniworld.py:267] iteration:  24
 frame: 600000
 eval_episode_return:  0.00
 train_episode_return:  0.43
 train_exploration_epsilon: 0.100
 train_frame_rate:  167
I1015 22:00:52.918474 47395668789056 run_miniworld.py:243] Data collection iteration 25.
I1015 22:03:23.499720 47395668789056 run_miniworld.py:250] Evaluation iteration 25.
I1015 22:03:32.828632 47395668789056 run_miniworld.py:267] iteration:  25
 frame: 625000
 eval_episode_return:  0.00
 train_episode_return:  0.45
 train_exploration_epsilon: 0.100
 train_frame_rate:  166
I1015 22:03:36.134515 47395668789056 run_miniworld.py:243] Data collection iteration 26.
I1015 22:06:07.274732 47395668789056 run_miniworld.py:250] Evaluation iteration 26.
I1015 22:06:16.897044 47395668789056 run_miniworld.py:267] iteration:  26
 frame: 650000
 eval_episode_return:  0.00
 train_episode_return:  0.56
 train_exploration_epsilon: 0.100
 train_frame_rate:  165
I1015 22:06:21.026842 47395668789056 run_miniworld.py:243] Data collection iteration 27.
I1015 22:08:52.271934 47395668789056 run_miniworld.py:250] Evaluation iteration 27.
I1015 22:09:01.867563 47395668789056 run_miniworld.py:267] iteration:  27
 frame: 675000
 eval_episode_return:  0.00
 train_episode_return:  0.72
 train_exploration_epsilon: 0.100
 train_frame_rate:  165
I1015 22:09:04.682600 47395668789056 run_miniworld.py:243] Data collection iteration 28.
I1015 22:11:36.429332 47395668789056 run_miniworld.py:250] Evaluation iteration 28.
I1015 22:11:45.781465 47395668789056 run_miniworld.py:267] iteration:  28
 frame: 700000
 eval_episode_return:  0.00
 train_episode_return:  0.71
 train_exploration_epsilon: 0.100
 train_frame_rate:  165
I1015 22:11:49.587759 47395668789056 run_miniworld.py:243] Data collection iteration 29.
I1015 22:14:21.285484 47395668789056 run_miniworld.py:250] Evaluation iteration 29.
I1015 22:14:30.905826 47395668789056 run_miniworld.py:267] iteration:  29
 frame: 725000
 eval_episode_return:  0.00
 train_episode_return:  0.73
 train_exploration_epsilon: 0.100
 train_frame_rate:  165
I1015 22:14:33.726508 47395668789056 run_miniworld.py:243] Data collection iteration 30.
I1015 22:17:06.419556 47395668789056 run_miniworld.py:250] Evaluation iteration 30.
I1015 22:17:16.333027 47395668789056 run_miniworld.py:267] iteration:  30
 frame: 750000
 eval_episode_return:  0.00
 train_episode_return:  0.65
 train_exploration_epsilon: 0.100
 train_frame_rate:  164
I1015 22:17:19.911804 47395668789056 run_miniworld.py:243] Data collection iteration 31.
I1015 22:19:52.921106 47395668789056 run_miniworld.py:250] Evaluation iteration 31.
I1015 22:20:03.080430 47395668789056 run_miniworld.py:267] iteration:  31
 frame: 775000
 eval_episode_return:  0.00
 train_episode_return:  0.70
 train_exploration_epsilon: 0.100
 train_frame_rate:  163
I1015 22:20:05.935762 47395668789056 run_miniworld.py:243] Data collection iteration 32.
I1015 22:22:39.010587 47395668789056 run_miniworld.py:250] Evaluation iteration 32.
I1015 22:22:48.545536 47395668789056 run_miniworld.py:267] iteration:  32
 frame: 800000
 eval_episode_return:  0.00
 train_episode_return:  0.60
 train_exploration_epsilon: 0.100
 train_frame_rate:  163
I1015 22:22:52.127887 47395668789056 run_miniworld.py:243] Data collection iteration 33.
I1015 22:25:25.682130 47395668789056 run_miniworld.py:250] Evaluation iteration 33.
I1015 22:25:35.200952 47395668789056 run_miniworld.py:267] iteration:  33
 frame: 825000
 eval_episode_return:  0.00
 train_episode_return:  0.79
 train_exploration_epsilon: 0.100
 train_frame_rate:  163
I1015 22:25:37.957682 47395668789056 run_miniworld.py:243] Data collection iteration 34.
I1015 22:28:11.530354 47395668789056 run_miniworld.py:250] Evaluation iteration 34.
I1015 22:28:21.095128 47395668789056 run_miniworld.py:267] iteration:  34
 frame: 850000
 eval_episode_return:  0.00
 train_episode_return:  0.68
 train_exploration_epsilon: 0.100
 train_frame_rate:  163
I1015 22:28:24.802330 47395668789056 run_miniworld.py:243] Data collection iteration 35.
I1015 22:30:58.761329 47395668789056 run_miniworld.py:250] Evaluation iteration 35.
I1015 22:31:08.348531 47395668789056 run_miniworld.py:267] iteration:  35
 frame: 875000
 eval_episode_return:  0.00
 train_episode_return:  0.45
 train_exploration_epsilon: 0.100
 train_frame_rate:  162
I1015 22:31:11.163132 47395668789056 run_miniworld.py:243] Data collection iteration 36.
I1015 22:33:45.223232 47395668789056 run_miniworld.py:250] Evaluation iteration 36.
I1015 22:33:54.683514 47395668789056 run_miniworld.py:267] iteration:  36
 frame: 900000
 eval_episode_return:  0.00
 train_episode_return:  0.47
 train_exploration_epsilon: 0.100
 train_frame_rate:  162
I1015 22:33:58.385711 47395668789056 run_miniworld.py:243] Data collection iteration 37.
I1015 22:36:32.936918 47395668789056 run_miniworld.py:250] Evaluation iteration 37.
I1015 22:36:42.794327 47395668789056 run_miniworld.py:267] iteration:  37
 frame: 925000
 eval_episode_return:  0.00
 train_episode_return:  0.31
 train_exploration_epsilon: 0.100
 train_frame_rate:  162
I1015 22:36:45.582747 47395668789056 run_miniworld.py:243] Data collection iteration 38.
I1015 22:39:19.424979 47395668789056 run_miniworld.py:250] Evaluation iteration 38.
I1015 22:39:28.846322 47395668789056 run_miniworld.py:267] iteration:  38
 frame: 950000
 eval_episode_return:  0.00
 train_episode_return:  0.48
 train_exploration_epsilon: 0.100
 train_frame_rate:  163
I1015 22:39:32.537592 47395668789056 run_miniworld.py:243] Data collection iteration 39.
I1015 22:42:10.415954 47395668789056 run_miniworld.py:250] Evaluation iteration 39.
I1015 22:42:20.290993 47395668789056 run_miniworld.py:267] iteration:  39
 frame: 975000
 eval_episode_return:  0.00
 train_episode_return:  0.78
 train_exploration_epsilon: 0.100
 train_frame_rate:  158
I1015 22:42:23.124894 47395668789056 run_miniworld.py:243] Data collection iteration 40.
I1015 22:45:02.455953 47395668789056 run_miniworld.py:250] Evaluation iteration 40.
I1015 22:45:12.310130 47395668789056 run_miniworld.py:267] iteration:  40
 frame: 1000000
 eval_episode_return:  0.00
 train_episode_return:  0.70
 train_exploration_epsilon: 0.100
 train_frame_rate:  157
I1015 22:45:15.132798 47395668789056 run_miniworld.py:243] Data collection iteration 41.
I1015 22:47:55.279922 47395668789056 run_miniworld.py:250] Evaluation iteration 41.
I1015 22:48:05.152516 47395668789056 run_miniworld.py:267] iteration:  41
 frame: 1025000
 eval_episode_return:  0.00
 train_episode_return:  0.85
 train_exploration_epsilon: 0.100
 train_frame_rate:  156
I1015 22:48:08.935652 47395668789056 run_miniworld.py:243] Data collection iteration 42.
I1015 22:50:49.635699 47395668789056 run_miniworld.py:250] Evaluation iteration 42.
I1015 22:50:59.444134 47395668789056 run_miniworld.py:267] iteration:  42
 frame: 1050000
 eval_episode_return:  0.92
 train_episode_return:  0.85
 train_exploration_epsilon: 0.100
 train_frame_rate:  156
I1015 22:51:03.038366 47395668789056 run_miniworld.py:243] Data collection iteration 43.
I1015 22:53:44.021469 47395668789056 run_miniworld.py:250] Evaluation iteration 43.
I1015 22:53:53.921314 47395668789056 run_miniworld.py:267] iteration:  43
 frame: 1075000
 eval_episode_return:  0.00
 train_episode_return:  0.88
 train_exploration_epsilon: 0.100
 train_frame_rate:  155
I1015 22:53:57.742036 47395668789056 run_miniworld.py:243] Data collection iteration 44.
I1015 22:56:36.889530 47395668789056 run_miniworld.py:250] Evaluation iteration 44.
I1015 22:56:46.497768 47395668789056 run_miniworld.py:267] iteration:  44
 frame: 1100000
 eval_episode_return:  0.00
 train_episode_return:  0.89
 train_exploration_epsilon: 0.100
 train_frame_rate:  157
I1015 22:56:49.276999 47395668789056 run_miniworld.py:243] Data collection iteration 45.
I1015 22:59:27.576063 47395668789056 run_miniworld.py:250] Evaluation iteration 45.
I1015 22:59:36.938060 47395668789056 run_miniworld.py:267] iteration:  45
 frame: 1125000
 eval_episode_return:  0.00
 train_episode_return:  0.96
 train_exploration_epsilon: 0.100
 train_frame_rate:  158
I1015 22:59:39.748155 47395668789056 run_miniworld.py:243] Data collection iteration 46.
I1015 23:02:21.026264 47395668789056 run_miniworld.py:250] Evaluation iteration 46.
I1015 23:02:30.622139 47395668789056 run_miniworld.py:267] iteration:  46
 frame: 1150000
 eval_episode_return:  0.00
 train_episode_return:  0.94
 train_exploration_epsilon: 0.100
 train_frame_rate:  155
I1015 23:02:34.579951 47395668789056 run_miniworld.py:243] Data collection iteration 47.
I1015 23:05:15.689891 47395668789056 run_miniworld.py:250] Evaluation iteration 47.
I1015 23:05:26.112206 47395668789056 run_miniworld.py:267] iteration:  47
 frame: 1175000
 eval_episode_return:  0.00
 train_episode_return:  0.98
 train_exploration_epsilon: 0.100
 train_frame_rate:  155
I1015 23:05:29.083162 47395668789056 run_miniworld.py:243] Data collection iteration 48.
I1015 23:08:10.530022 47395668789056 run_miniworld.py:250] Evaluation iteration 48.
I1015 23:08:20.463267 47395668789056 run_miniworld.py:267] iteration:  48
 frame: 1200000
 eval_episode_return:  0.00
 train_episode_return:  0.99
 train_exploration_epsilon: 0.100
 train_frame_rate:  155
I1015 23:08:24.825315 47395668789056 run_miniworld.py:243] Data collection iteration 49.
I1015 23:11:01.290418 47395668789056 run_miniworld.py:250] Evaluation iteration 49.
I1015 23:11:11.129718 47395668789056 run_miniworld.py:267] iteration:  49
 frame: 1225000
 eval_episode_return:  0.00
 train_episode_return:  1.00
 train_exploration_epsilon: 0.100
 train_frame_rate:  160
I1015 23:11:13.949096 47395668789056 run_miniworld.py:243] Data collection iteration 50.
I1015 23:13:55.978003 47395668789056 run_miniworld.py:250] Evaluation iteration 50.
I1015 23:14:05.940119 47395668789056 run_miniworld.py:267] iteration:  50
 frame: 1250000
 eval_episode_return:  0.00
 train_episode_return:  1.00
 train_exploration_epsilon: 0.100
 train_frame_rate:  154
I1015 23:14:08.935613 47395668789056 run_miniworld.py:243] Data collection iteration 51.
I1015 23:16:50.240394 47395668789056 run_miniworld.py:250] Evaluation iteration 51.
I1015 23:16:59.594480 47395668789056 run_miniworld.py:267] iteration:  51
 frame: 1275000
 eval_episode_return:  0.00
 train_episode_return:  0.99
 train_exploration_epsilon: 0.100
 train_frame_rate:  155
I1015 23:17:03.422492 47395668789056 run_miniworld.py:243] Data collection iteration 52.
I1015 23:19:45.993113 47395668789056 run_miniworld.py:250] Evaluation iteration 52.
I1015 23:19:55.895426 47395668789056 run_miniworld.py:267] iteration:  52
 frame: 1300000
 eval_episode_return:  0.00
 train_episode_return:  1.00
 train_exploration_epsilon: 0.100
 train_frame_rate:  154
I1015 23:19:58.701619 47395668789056 run_miniworld.py:243] Data collection iteration 53.
I1015 23:22:40.628810 47395668789056 run_miniworld.py:250] Evaluation iteration 53.
I1015 23:22:50.054897 47395668789056 run_miniworld.py:267] iteration:  53
 frame: 1325000
 eval_episode_return:  0.00
 train_episode_return:  1.00
 train_exploration_epsilon: 0.100
 train_frame_rate:  154
I1015 23:22:53.878035 47395668789056 run_miniworld.py:243] Data collection iteration 54.
I1015 23:25:35.920826 47395668789056 run_miniworld.py:250] Evaluation iteration 54.
I1015 23:25:45.709175 47395668789056 run_miniworld.py:267] iteration:  54
 frame: 1350000
 eval_episode_return:  0.00
 train_episode_return:  1.00
 train_exploration_epsilon: 0.100
 train_frame_rate:  154
I1015 23:25:48.699542 47395668789056 run_miniworld.py:243] Data collection iteration 55.
I1015 23:28:31.479823 47395668789056 run_miniworld.py:250] Evaluation iteration 55.
I1015 23:28:41.359462 47395668789056 run_miniworld.py:267] iteration:  55
 frame: 1375000
 eval_episode_return:  0.00
 train_episode_return:  1.00
 train_exploration_epsilon: 0.100
 train_frame_rate:  154
I1015 23:28:44.277559 47395668789056 run_miniworld.py:243] Data collection iteration 56.
I1015 23:31:26.032595 47395668789056 run_miniworld.py:250] Evaluation iteration 56.
I1015 23:31:35.580578 47395668789056 run_miniworld.py:267] iteration:  56
 frame: 1400000
 eval_episode_return:  0.00
 train_episode_return:  1.00
 train_exploration_epsilon: 0.100
 train_frame_rate:  155
I1015 23:31:39.569008 47395668789056 run_miniworld.py:243] Data collection iteration 57.
I1015 23:34:22.714108 47395668789056 run_miniworld.py:250] Evaluation iteration 57.
I1015 23:34:32.659095 47395668789056 run_miniworld.py:267] iteration:  57
 frame: 1425000
 eval_episode_return:  0.20
 train_episode_return:  1.00
 train_exploration_epsilon: 0.100
 train_frame_rate:  153
I1015 23:34:35.628271 47395668789056 run_miniworld.py:243] Data collection iteration 58.
I1015 23:37:19.160856 47395668789056 run_miniworld.py:250] Evaluation iteration 58.
I1015 23:37:29.255952 47395668789056 run_miniworld.py:267] iteration:  58
 frame: 1450000
 eval_episode_return:  0.89
 train_episode_return:  1.00
 train_exploration_epsilon: 0.100
 train_frame_rate:  153
I1015 23:37:33.142765 47395668789056 run_miniworld.py:243] Data collection iteration 59.
I1015 23:40:16.830643 47395668789056 run_miniworld.py:250] Evaluation iteration 59.
I1015 23:40:26.599764 47395668789056 run_miniworld.py:267] iteration:  59
 frame: 1475000
 eval_episode_return:  0.00
 train_episode_return:  1.00
 train_exploration_epsilon: 0.100
 train_frame_rate:  153
I1015 23:40:29.454173 47395668789056 run_miniworld.py:243] Data collection iteration 60.
I1015 23:43:13.885066 47395668789056 run_miniworld.py:250] Evaluation iteration 60.
I1015 23:43:25.114054 47395668789056 run_miniworld.py:267] iteration:  60
 frame: 1500000
 eval_episode_return:  1.00
 train_episode_return:  1.00
 train_exploration_epsilon: 0.100
 train_frame_rate:  152
I1015 23:43:28.012107 47395668789056 run_miniworld.py:243] Data collection iteration 61.
I1015 23:46:12.796558 47395668789056 run_miniworld.py:250] Evaluation iteration 61.
I1015 23:46:25.048497 47395668789056 run_miniworld.py:267] iteration:  61
 frame: 1525000
 eval_episode_return:  1.00
 train_episode_return:  1.00
 train_exploration_epsilon: 0.100
 train_frame_rate:  152
I1015 23:46:29.651754 47395668789056 run_miniworld.py:243] Data collection iteration 62.
I1015 23:49:14.277150 47395668789056 run_miniworld.py:250] Evaluation iteration 62.
I1015 23:49:25.966782 47395668789056 run_miniworld.py:267] iteration:  62
 frame: 1550000
 eval_episode_return:  1.00
 train_episode_return:  1.00
 train_exploration_epsilon: 0.100
 train_frame_rate:  152
I1015 23:49:28.787614 47395668789056 run_miniworld.py:243] Data collection iteration 63.
I1015 23:52:13.646356 47395668789056 run_miniworld.py:250] Evaluation iteration 63.
I1015 23:52:25.344623 47395668789056 run_miniworld.py:267] iteration:  63
 frame: 1575000
 eval_episode_return:  1.00
 train_episode_return:  1.00
 train_exploration_epsilon: 0.100
 train_frame_rate:  152
I1015 23:52:29.139141 47395668789056 run_miniworld.py:243] Data collection iteration 64.
I1015 23:55:13.625315 47395668789056 run_miniworld.py:250] Evaluation iteration 64.
I1015 23:55:25.116960 47395668789056 run_miniworld.py:267] iteration:  64
 frame: 1600000
 eval_episode_return:  1.00
 train_episode_return:  1.00
 train_exploration_epsilon: 0.100
 train_frame_rate:  152
I1015 23:55:27.995764 47395668789056 run_miniworld.py:243] Data collection iteration 65.
I1015 23:58:13.646949 47395668789056 run_miniworld.py:250] Evaluation iteration 65.
I1015 23:58:25.450448 47395668789056 run_miniworld.py:267] iteration:  65
 frame: 1625000
 eval_episode_return:  1.00
 train_episode_return:  1.00
 train_exploration_epsilon: 0.100
 train_frame_rate:  151
I1015 23:58:28.445561 47395668789056 run_miniworld.py:243] Data collection iteration 66.
I1016 00:01:14.481785 47395668789056 run_miniworld.py:250] Evaluation iteration 66.
I1016 00:01:25.811962 47395668789056 run_miniworld.py:267] iteration:  66
 frame: 1650000
 eval_episode_return:  1.00
 train_episode_return:  1.00
 train_exploration_epsilon: 0.100
 train_frame_rate:  151
I1016 00:01:28.767408 47395668789056 run_miniworld.py:243] Data collection iteration 67.
I1016 00:04:14.089694 47395668789056 run_miniworld.py:250] Evaluation iteration 67.
I1016 00:04:25.609579 47395668789056 run_miniworld.py:267] iteration:  67
 frame: 1675000
 eval_episode_return:  1.00
 train_episode_return:  1.00
 train_exploration_epsilon: 0.100
 train_frame_rate:  151
I1016 00:04:28.544784 47395668789056 run_miniworld.py:243] Data collection iteration 68.
I1016 00:07:10.979022 47395668789056 run_miniworld.py:250] Evaluation iteration 68.
I1016 00:07:22.554074 47395668789056 run_miniworld.py:267] iteration:  68
 frame: 1700000
 eval_episode_return:  1.00
 train_episode_return:  1.00
 train_exploration_epsilon: 0.100
 train_frame_rate:  154
I1016 00:07:26.471002 47395668789056 run_miniworld.py:243] Data collection iteration 69.
I1016 00:10:11.474917 47395668789056 run_miniworld.py:250] Evaluation iteration 69.
I1016 00:10:23.247856 47395668789056 run_miniworld.py:267] iteration:  69
 frame: 1725000
 eval_episode_return:  1.00
 train_episode_return:  1.00
 train_exploration_epsilon: 0.100
 train_frame_rate:  152
I1016 00:10:26.149898 47395668789056 run_miniworld.py:243] Data collection iteration 70.
I1016 00:13:11.395244 47395668789056 run_miniworld.py:250] Evaluation iteration 70.
I1016 00:13:22.935347 47395668789056 run_miniworld.py:267] iteration:  70
 frame: 1750000
 eval_episode_return:  1.00
 train_episode_return:  1.00
 train_exploration_epsilon: 0.100
 train_frame_rate:  151
I1016 00:13:26.997218 47395668789056 run_miniworld.py:243] Data collection iteration 71.
I1016 00:16:13.995162 47395668789056 run_miniworld.py:250] Evaluation iteration 71.
I1016 00:16:25.467639 47395668789056 run_miniworld.py:267] iteration:  71
 frame: 1775000
 eval_episode_return:  1.00
 train_episode_return:  1.00
 train_exploration_epsilon: 0.100
 train_frame_rate:  150
I1016 00:16:28.399013 47395668789056 run_miniworld.py:243] Data collection iteration 72.
I1016 00:19:12.935708 47395668789056 run_miniworld.py:250] Evaluation iteration 72.
I1016 00:19:24.193480 47395668789056 run_miniworld.py:267] iteration:  72
 frame: 1800000
 eval_episode_return:  1.00
 train_episode_return:  1.00
 train_exploration_epsilon: 0.100
 train_frame_rate:  152
I1016 00:19:27.219541 47395668789056 run_miniworld.py:243] Data collection iteration 73.
I1016 00:22:12.965531 47395668789056 run_miniworld.py:250] Evaluation iteration 73.
I1016 00:22:24.132876 47395668789056 run_miniworld.py:267] iteration:  73
 frame: 1825000
 eval_episode_return:  1.00
 train_episode_return:  1.00
 train_exploration_epsilon: 0.100
 train_frame_rate:  151
I1016 00:22:28.150321 47395668789056 run_miniworld.py:243] Data collection iteration 74.
I1016 00:25:13.386177 47395668789056 run_miniworld.py:250] Evaluation iteration 74.
I1016 00:25:25.012612 47395668789056 run_miniworld.py:267] iteration:  74
 frame: 1850000
 eval_episode_return:  1.00
 train_episode_return:  1.00
 train_exploration_epsilon: 0.100
 train_frame_rate:  151
I1016 00:25:27.818959 47395668789056 run_miniworld.py:243] Data collection iteration 75.
I1016 00:28:13.551041 47395668789056 run_miniworld.py:250] Evaluation iteration 75.
I1016 00:28:24.823934 47395668789056 run_miniworld.py:267] iteration:  75
 frame: 1875000
 eval_episode_return:  1.00
 train_episode_return:  1.00
 train_exploration_epsilon: 0.100
 train_frame_rate:  151
I1016 00:28:28.648786 47395668789056 run_miniworld.py:243] Data collection iteration 76.
I1016 00:31:14.288822 47395668789056 run_miniworld.py:250] Evaluation iteration 76.
I1016 00:31:25.881881 47395668789056 run_miniworld.py:267] iteration:  76
 frame: 1900000
 eval_episode_return:  1.00
 train_episode_return:  1.00
 train_exploration_epsilon: 0.100
 train_frame_rate:  151
I1016 00:31:28.807896 47395668789056 run_miniworld.py:243] Data collection iteration 77.
I1016 00:34:14.625619 47395668789056 run_miniworld.py:250] Evaluation iteration 77.
I1016 00:34:26.354276 47395668789056 run_miniworld.py:267] iteration:  77
 frame: 1925000
 eval_episode_return:  1.00
 train_episode_return:  0.99
 train_exploration_epsilon: 0.100
 train_frame_rate:  151
I1016 00:34:29.401299 47395668789056 run_miniworld.py:243] Data collection iteration 78.
I1016 00:37:15.426212 47395668789056 run_miniworld.py:250] Evaluation iteration 78.
I1016 00:37:27.066642 47395668789056 run_miniworld.py:267] iteration:  78
 frame: 1950000
 eval_episode_return:  1.00
 train_episode_return:  0.99
 train_exploration_epsilon: 0.100
 train_frame_rate:  151
I1016 00:37:31.033063 47395668789056 run_miniworld.py:243] Data collection iteration 79.
I1016 00:40:16.979917 47395668789056 run_miniworld.py:250] Evaluation iteration 79.
I1016 00:40:28.508156 47395668789056 run_miniworld.py:267] iteration:  79
 frame: 1975000
 eval_episode_return:  1.00
 train_episode_return:  1.00
 train_exploration_epsilon: 0.100
 train_frame_rate:  151
I1016 00:40:31.318650 47395668789056 run_miniworld.py:243] Data collection iteration 80.
I1016 00:43:17.548285 47395668789056 run_miniworld.py:250] Evaluation iteration 80.
I1016 00:43:29.313238 47395668789056 run_miniworld.py:267] iteration:  80
 frame: 2000000
 eval_episode_return:  1.00
 train_episode_return:  1.00
 train_exploration_epsilon: 0.100
 train_frame_rate:  150
I1016 00:43:33.182003 47395668789056 run_miniworld.py:243] Data collection iteration 81.
I1016 00:46:18.860807 47395668789056 run_miniworld.py:250] Evaluation iteration 81.
I1016 00:46:30.263862 47395668789056 run_miniworld.py:267] iteration:  81
 frame: 2025000
 eval_episode_return:  1.00
 train_episode_return:  1.00
 train_exploration_epsilon: 0.100
 train_frame_rate:  151
I1016 00:46:33.110461 47395668789056 run_miniworld.py:243] Data collection iteration 82.
I1016 00:49:18.192595 47395668789056 run_miniworld.py:250] Evaluation iteration 82.
I1016 00:49:29.514316 47395668789056 run_miniworld.py:267] iteration:  82
 frame: 2050000
 eval_episode_return:  1.00
 train_episode_return:  1.00
 train_exploration_epsilon: 0.100
 train_frame_rate:  151
I1016 00:49:32.365777 47395668789056 run_miniworld.py:243] Data collection iteration 83.
I1016 00:52:17.602586 47395668789056 run_miniworld.py:250] Evaluation iteration 83.
I1016 00:52:29.504518 47395668789056 run_miniworld.py:267] iteration:  83
 frame: 2075000
 eval_episode_return:  1.00
 train_episode_return:  1.00
 train_exploration_epsilon: 0.100
 train_frame_rate:  151
I1016 00:52:33.534807 47395668789056 run_miniworld.py:243] Data collection iteration 84.
I1016 00:55:19.688868 47395668789056 run_miniworld.py:250] Evaluation iteration 84.
I1016 00:55:31.337160 47395668789056 run_miniworld.py:267] iteration:  84
 frame: 2100000
 eval_episode_return:  1.00
 train_episode_return:  1.00
 train_exploration_epsilon: 0.100
 train_frame_rate:  150
I1016 00:55:34.238162 47395668789056 run_miniworld.py:243] Data collection iteration 85.
I1016 00:58:20.310277 47395668789056 run_miniworld.py:250] Evaluation iteration 85.
I1016 00:58:32.027745 47395668789056 run_miniworld.py:267] iteration:  85
 frame: 2125000
 eval_episode_return:  1.00
 train_episode_return:  1.00
 train_exploration_epsilon: 0.100
 train_frame_rate:  151
I1016 00:58:35.989457 47395668789056 run_miniworld.py:243] Data collection iteration 86.
I1016 01:01:21.503764 47395668789056 run_miniworld.py:250] Evaluation iteration 86.
I1016 01:01:32.952273 47395668789056 run_miniworld.py:267] iteration:  86
 frame: 2150000
 eval_episode_return:  1.00
 train_episode_return:  1.00
 train_exploration_epsilon: 0.100
 train_frame_rate:  151
I1016 01:01:35.959164 47395668789056 run_miniworld.py:243] Data collection iteration 87.
I1016 01:04:22.035445 47395668789056 run_miniworld.py:250] Evaluation iteration 87.
I1016 01:04:33.838307 47395668789056 run_miniworld.py:267] iteration:  87
 frame: 2175000
 eval_episode_return:  1.00
 train_episode_return:  1.00
 train_exploration_epsilon: 0.100
 train_frame_rate:  151
I1016 01:04:36.818394 47395668789056 run_miniworld.py:243] Data collection iteration 88.
I1016 01:07:23.119175 47395668789056 run_miniworld.py:250] Evaluation iteration 88.
I1016 01:07:35.074392 47395668789056 run_miniworld.py:267] iteration:  88
 frame: 2200000
 eval_episode_return:  1.00
 train_episode_return:  1.00
 train_exploration_epsilon: 0.100
 train_frame_rate:  150
I1016 01:07:38.974736 47395668789056 run_miniworld.py:243] Data collection iteration 89.
I1016 01:10:24.986312 47395668789056 run_miniworld.py:250] Evaluation iteration 89.
I1016 01:10:36.770180 47395668789056 run_miniworld.py:267] iteration:  89
 frame: 2225000
 eval_episode_return:  1.00
 train_episode_return:  1.00
 train_exploration_epsilon: 0.100
 train_frame_rate:  151
I1016 01:10:39.944070 47395668789056 run_miniworld.py:243] Data collection iteration 90.
I1016 01:13:25.000849 47395668789056 run_miniworld.py:250] Evaluation iteration 90.
I1016 01:13:36.603718 47395668789056 run_miniworld.py:267] iteration:  90
 frame: 2250000
 eval_episode_return:  1.00
 train_episode_return:  1.00
 train_exploration_epsilon: 0.100
 train_frame_rate:  151
I1016 01:13:40.470911 47395668789056 run_miniworld.py:243] Data collection iteration 91.
I1016 01:16:27.850063 47395668789056 run_miniworld.py:250] Evaluation iteration 91.
I1016 01:16:39.897740 47395668789056 run_miniworld.py:267] iteration:  91
 frame: 2275000
 eval_episode_return:  1.00
 train_episode_return:  1.00
 train_exploration_epsilon: 0.100
 train_frame_rate:  149
I1016 01:16:42.779333 47395668789056 run_miniworld.py:243] Data collection iteration 92.
I1016 01:19:28.334092 47395668789056 run_miniworld.py:250] Evaluation iteration 92.
I1016 01:19:40.127587 47395668789056 run_miniworld.py:267] iteration:  92
 frame: 2300000
 eval_episode_return:  1.00
 train_episode_return:  1.00
 train_exploration_epsilon: 0.100
 train_frame_rate:  151
I1016 01:19:42.979321 47395668789056 run_miniworld.py:243] Data collection iteration 93.
I1016 01:22:29.913633 47395668789056 run_miniworld.py:250] Evaluation iteration 93.
I1016 01:22:41.290989 47395668789056 run_miniworld.py:267] iteration:  93
 frame: 2325000
 eval_episode_return:  1.00
 train_episode_return:  1.00
 train_exploration_epsilon: 0.100
 train_frame_rate:  150
I1016 01:22:44.151651 47395668789056 run_miniworld.py:243] Data collection iteration 94.
I1016 01:25:29.675883 47395668789056 run_miniworld.py:250] Evaluation iteration 94.
I1016 01:25:41.561838 47395668789056 run_miniworld.py:267] iteration:  94
 frame: 2350000
 eval_episode_return:  1.00
 train_episode_return:  1.00
 train_exploration_epsilon: 0.100
 train_frame_rate:  151
I1016 01:25:44.700765 47395668789056 run_miniworld.py:243] Data collection iteration 95.
I1016 01:28:26.564628 47395668789056 run_miniworld.py:250] Evaluation iteration 95.
I1016 01:28:38.357356 47395668789056 run_miniworld.py:267] iteration:  95
 frame: 2375000
 eval_episode_return:  1.00
 train_episode_return:  1.00
 train_exploration_epsilon: 0.100
 train_frame_rate:  154
I1016 01:28:42.275902 47395668789056 run_miniworld.py:243] Data collection iteration 96.
I1016 01:31:25.071642 47395668789056 run_miniworld.py:250] Evaluation iteration 96.
I1016 01:31:36.491668 47395668789056 run_miniworld.py:267] iteration:  96
 frame: 2400000
 eval_episode_return:  1.00
 train_episode_return:  1.00
 train_exploration_epsilon: 0.100
 train_frame_rate:  154
I1016 01:31:39.427373 47395668789056 run_miniworld.py:243] Data collection iteration 97.
I1016 01:34:22.411940 47395668789056 run_miniworld.py:250] Evaluation iteration 97.
I1016 01:34:34.009435 47395668789056 run_miniworld.py:267] iteration:  97
 frame: 2425000
 eval_episode_return:  1.00
 train_episode_return:  1.00
 train_exploration_epsilon: 0.100
 train_frame_rate:  153
I1016 01:34:37.989218 47395668789056 run_miniworld.py:243] Data collection iteration 98.
I1016 01:37:21.672740 47395668789056 run_miniworld.py:250] Evaluation iteration 98.
I1016 01:37:33.407496 47395668789056 run_miniworld.py:267] iteration:  98
 frame: 2450000
 eval_episode_return:  1.00
 train_episode_return:  1.00
 train_exploration_epsilon: 0.100
 train_frame_rate:  153
I1016 01:37:36.290042 47395668789056 run_miniworld.py:243] Data collection iteration 99.
I1016 01:40:19.227298 47395668789056 run_miniworld.py:250] Evaluation iteration 99.
I1016 01:40:30.686020 47395668789056 run_miniworld.py:267] iteration:  99
 frame: 2475000
 eval_episode_return:  1.00
 train_episode_return:  1.00
 train_exploration_epsilon: 0.100
 train_frame_rate:  153
I1016 01:40:33.501803 47395668789056 run_miniworld.py:243] Data collection iteration 100.
I1016 01:43:16.836451 47395668789056 run_miniworld.py:250] Evaluation iteration 100.
I1016 01:43:28.614943 47395668789056 run_miniworld.py:267] iteration: 100
 frame: 2500000
 eval_episode_return:  1.00
 train_episode_return:  1.00
 train_exploration_epsilon: 0.100
 train_frame_rate:  153
I1016 01:43:32.643449 47395668789056 run_miniworld.py:243] Data collection iteration 101.
I1016 01:46:15.118910 47395668789056 run_miniworld.py:250] Evaluation iteration 101.
I1016 01:46:25.478868 47395668789056 run_miniworld.py:267] iteration: 101
 frame: 2525000
 eval_episode_return:  1.00
 train_episode_return:  1.00
 train_exploration_epsilon: 0.100
 train_frame_rate:  154
I1016 01:46:28.452802 47395668789056 run_miniworld.py:243] Data collection iteration 102.
I1016 01:49:11.720889 47395668789056 run_miniworld.py:250] Evaluation iteration 102.
I1016 01:49:23.148326 47395668789056 run_miniworld.py:267] iteration: 102
 frame: 2550000
 eval_episode_return:  1.00
 train_episode_return:  1.00
 train_exploration_epsilon: 0.100
 train_frame_rate:  153
I1016 01:49:27.314723 47395668789056 run_miniworld.py:243] Data collection iteration 103.
I1016 01:52:10.772631 47395668789056 run_miniworld.py:250] Evaluation iteration 103.
I1016 01:52:22.654499 47395668789056 run_miniworld.py:267] iteration: 103
 frame: 2575000
 eval_episode_return:  1.00
 train_episode_return:  1.00
 train_exploration_epsilon: 0.100
 train_frame_rate:  153
I1016 01:52:25.488789 47395668789056 run_miniworld.py:243] Data collection iteration 104.
I1016 01:55:08.152456 47395668789056 run_miniworld.py:250] Evaluation iteration 104.
I1016 01:55:19.615874 47395668789056 run_miniworld.py:267] iteration: 104
 frame: 2600000
 eval_episode_return:  1.00
 train_episode_return:  1.00
 train_exploration_epsilon: 0.100
 train_frame_rate:  154
I1016 01:55:22.564648 47395668789056 run_miniworld.py:243] Data collection iteration 105.
I1016 01:58:05.117793 47395668789056 run_miniworld.py:250] Evaluation iteration 105.
I1016 01:58:16.963644 47395668789056 run_miniworld.py:267] iteration: 105
 frame: 2625000
 eval_episode_return:  1.00
 train_episode_return:  1.00
 train_exploration_epsilon: 0.100
 train_frame_rate:  154
I1016 01:58:21.179863 47395668789056 run_miniworld.py:243] Data collection iteration 106.
I1016 02:01:07.091329 47395668789056 run_miniworld.py:250] Evaluation iteration 106.
I1016 02:01:18.827735 47395668789056 run_miniworld.py:267] iteration: 106
 frame: 2650000
 eval_episode_return:  1.00
 train_episode_return:  1.00
 train_exploration_epsilon: 0.100
 train_frame_rate:  151
I1016 02:01:21.696679 47395668789056 run_miniworld.py:243] Data collection iteration 107.
I1016 02:04:04.292437 47395668789056 run_miniworld.py:250] Evaluation iteration 107.
I1016 02:04:15.562157 47395668789056 run_miniworld.py:267] iteration: 107
 frame: 2675000
 eval_episode_return:  1.00
 train_episode_return:  1.00
 train_exploration_epsilon: 0.100
 train_frame_rate:  154
I1016 02:04:19.806786 47395668789056 run_miniworld.py:243] Data collection iteration 108.
I1016 02:07:03.677025 47395668789056 run_miniworld.py:250] Evaluation iteration 108.
I1016 02:07:14.930196 47395668789056 run_miniworld.py:267] iteration: 108
 frame: 2700000
 eval_episode_return:  1.00
 train_episode_return:  1.00
 train_exploration_epsilon: 0.100
 train_frame_rate:  153
I1016 02:07:17.876778 47395668789056 run_miniworld.py:243] Data collection iteration 109.
I1016 02:10:01.726742 47395668789056 run_miniworld.py:250] Evaluation iteration 109.
I1016 02:10:13.513621 47395668789056 run_miniworld.py:267] iteration: 109
 frame: 2725000
 eval_episode_return:  1.00
 train_episode_return:  1.00
 train_exploration_epsilon: 0.100
 train_frame_rate:  153
I1016 02:10:16.433511 47395668789056 run_miniworld.py:243] Data collection iteration 110.
I1016 02:12:59.841989 47395668789056 run_miniworld.py:250] Evaluation iteration 110.
I1016 02:13:11.756194 47395668789056 run_miniworld.py:267] iteration: 110
 frame: 2750000
 eval_episode_return:  1.00
 train_episode_return:  1.00
 train_exploration_epsilon: 0.100
 train_frame_rate:  153
I1016 02:13:15.802545 47395668789056 run_miniworld.py:243] Data collection iteration 111.
I1016 02:16:00.421845 47395668789056 run_miniworld.py:250] Evaluation iteration 111.
I1016 02:16:12.473629 47395668789056 run_miniworld.py:267] iteration: 111
 frame: 2775000
 eval_episode_return:  1.00
 train_episode_return:  1.00
 train_exploration_epsilon: 0.100
 train_frame_rate:  152
I1016 02:16:15.496201 47395668789056 run_miniworld.py:243] Data collection iteration 112.
I1016 02:18:59.536954 47395668789056 run_miniworld.py:250] Evaluation iteration 112.
I1016 02:19:10.949940 47395668789056 run_miniworld.py:267] iteration: 112
 frame: 2800000
 eval_episode_return:  1.00
 train_episode_return:  1.00
 train_exploration_epsilon: 0.100
 train_frame_rate:  152
I1016 02:19:15.303666 47395668789056 run_miniworld.py:243] Data collection iteration 113.
I1016 02:22:00.034752 47395668789056 run_miniworld.py:250] Evaluation iteration 113.
I1016 02:22:11.870035 47395668789056 run_miniworld.py:267] iteration: 113
 frame: 2825000
 eval_episode_return:  1.00
 train_episode_return:  1.00
 train_exploration_epsilon: 0.100
 train_frame_rate:  152
I1016 02:22:14.689653 47395668789056 run_miniworld.py:243] Data collection iteration 114.
I1016 02:24:58.868334 47395668789056 run_miniworld.py:250] Evaluation iteration 114.
I1016 02:25:10.229938 47395668789056 run_miniworld.py:267] iteration: 114
 frame: 2850000
 eval_episode_return:  1.00
 train_episode_return:  1.00
 train_exploration_epsilon: 0.100
 train_frame_rate:  152
I1016 02:25:13.264591 47395668789056 run_miniworld.py:243] Data collection iteration 115.
I1016 02:27:57.298313 47395668789056 run_miniworld.py:250] Evaluation iteration 115.
I1016 02:28:08.817971 47395668789056 run_miniworld.py:267] iteration: 115
 frame: 2875000
 eval_episode_return:  1.00
 train_episode_return:  1.00
 train_exploration_epsilon: 0.100
 train_frame_rate:  152
I1016 02:28:12.950379 47395668789056 run_miniworld.py:243] Data collection iteration 116.
I1016 02:30:57.387894 47395668789056 run_miniworld.py:250] Evaluation iteration 116.
I1016 02:31:09.431801 47395668789056 run_miniworld.py:267] iteration: 116
 frame: 2900000
 eval_episode_return:  1.00
 train_episode_return:  1.00
 train_exploration_epsilon: 0.100
 train_frame_rate:  152
I1016 02:31:12.474165 47395668789056 run_miniworld.py:243] Data collection iteration 117.
I1016 02:33:57.478399 47395668789056 run_miniworld.py:250] Evaluation iteration 117.
I1016 02:34:09.046870 47395668789056 run_miniworld.py:267] iteration: 117
 frame: 2925000
 eval_episode_return:  1.00
 train_episode_return:  1.00
 train_exploration_epsilon: 0.100
 train_frame_rate:  152
I1016 02:34:12.984191 47395668789056 run_miniworld.py:243] Data collection iteration 118.
I1016 02:36:57.578000 47395668789056 run_miniworld.py:250] Evaluation iteration 118.
I1016 02:37:09.128515 47395668789056 run_miniworld.py:267] iteration: 118
 frame: 2950000
 eval_episode_return:  1.00
 train_episode_return:  1.00
 train_exploration_epsilon: 0.100
 train_frame_rate:  152
I1016 02:37:11.972807 47395668789056 run_miniworld.py:243] Data collection iteration 119.
I1016 02:39:56.984299 47395668789056 run_miniworld.py:250] Evaluation iteration 119.
I1016 02:40:07.839324 47395668789056 run_miniworld.py:267] iteration: 119
 frame: 2975000
 eval_episode_return:  1.00
 train_episode_return:  1.00
 train_exploration_epsilon: 0.100
 train_frame_rate:  152
I1016 02:40:10.702898 47395668789056 run_miniworld.py:243] Data collection iteration 120.
I1016 02:42:53.964271 47395668789056 run_miniworld.py:250] Evaluation iteration 120.
I1016 02:43:05.308552 47395668789056 run_miniworld.py:267] iteration: 120
 frame: 3000000
 eval_episode_return:  1.00
 train_episode_return:  1.00
 train_exploration_epsilon: 0.100
 train_frame_rate:  153
I1016 02:43:09.347310 47395668789056 run_miniworld.py:243] Data collection iteration 121.
I1016 02:45:53.207864 47395668789056 run_miniworld.py:250] Evaluation iteration 121.
I1016 02:46:04.622766 47395668789056 run_miniworld.py:267] iteration: 121
 frame: 3025000
 eval_episode_return:  1.00
 train_episode_return:  1.00
 train_exploration_epsilon: 0.100
 train_frame_rate:  153
I1016 02:46:07.842589 47395668789056 run_miniworld.py:243] Data collection iteration 122.
I1016 02:48:50.776294 47395668789056 run_miniworld.py:250] Evaluation iteration 122.
I1016 02:49:02.175528 47395668789056 run_miniworld.py:267] iteration: 122
 frame: 3050000
 eval_episode_return:  1.00
 train_episode_return:  1.00
 train_exploration_epsilon: 0.100
 train_frame_rate:  153
I1016 02:49:06.102380 47395668789056 run_miniworld.py:243] Data collection iteration 123.
I1016 02:51:50.734015 47395668789056 run_miniworld.py:250] Evaluation iteration 123.
I1016 02:52:02.366540 47395668789056 run_miniworld.py:267] iteration: 123
 frame: 3075000
 eval_episode_return:  1.00
 train_episode_return:  1.00
 train_exploration_epsilon: 0.100
 train_frame_rate:  152
I1016 02:52:05.784073 47395668789056 run_miniworld.py:243] Data collection iteration 124.
I1016 02:54:49.326088 47395668789056 run_miniworld.py:250] Evaluation iteration 124.
I1016 02:55:00.779855 47395668789056 run_miniworld.py:267] iteration: 124
 frame: 3100000
 eval_episode_return:  1.00
 train_episode_return:  1.00
 train_exploration_epsilon: 0.100
 train_frame_rate:  153
I1016 02:55:03.614948 47395668789056 run_miniworld.py:243] Data collection iteration 125.
I1016 02:57:46.918680 47395668789056 run_miniworld.py:250] Evaluation iteration 125.
I1016 02:57:58.259048 47395668789056 run_miniworld.py:267] iteration: 125
 frame: 3125000
 eval_episode_return:  1.00
 train_episode_return:  1.00
 train_exploration_epsilon: 0.100
 train_frame_rate:  153
I1016 02:58:02.292018 47395668789056 run_miniworld.py:243] Data collection iteration 126.
I1016 03:00:46.016192 47395668789056 run_miniworld.py:250] Evaluation iteration 126.
I1016 03:00:57.321102 47395668789056 run_miniworld.py:267] iteration: 126
 frame: 3150000
 eval_episode_return:  1.00
 train_episode_return:  1.00
 train_exploration_epsilon: 0.100
 train_frame_rate:  153
I1016 03:01:00.449647 47395668789056 run_miniworld.py:243] Data collection iteration 127.
I1016 03:03:44.545570 47395668789056 run_miniworld.py:250] Evaluation iteration 127.
I1016 03:03:55.964875 47395668789056 run_miniworld.py:267] iteration: 127
 frame: 3175000
 eval_episode_return:  1.00
 train_episode_return:  1.00
 train_exploration_epsilon: 0.100
 train_frame_rate:  152
I1016 03:03:59.917232 47395668789056 run_miniworld.py:243] Data collection iteration 128.
I1016 03:06:45.137562 47395668789056 run_miniworld.py:250] Evaluation iteration 128.
I1016 03:06:56.685389 47395668789056 run_miniworld.py:267] iteration: 128
 frame: 3200000
 eval_episode_return:  1.00
 train_episode_return:  1.00
 train_exploration_epsilon: 0.100
 train_frame_rate:  151
I1016 03:06:59.540777 47395668789056 run_miniworld.py:243] Data collection iteration 129.
I1016 03:09:43.962404 47395668789056 run_miniworld.py:250] Evaluation iteration 129.
I1016 03:09:55.885198 47395668789056 run_miniworld.py:267] iteration: 129
 frame: 3225000
 eval_episode_return:  1.00
 train_episode_return:  1.00
 train_exploration_epsilon: 0.100
 train_frame_rate:  152
I1016 03:09:58.681161 47395668789056 run_miniworld.py:243] Data collection iteration 130.
I1016 03:12:42.432308 47395668789056 run_miniworld.py:250] Evaluation iteration 130.
I1016 03:12:53.987637 47395668789056 run_miniworld.py:267] iteration: 130
 frame: 3250000
 eval_episode_return:  1.00
 train_episode_return:  1.00
 train_exploration_epsilon: 0.100
 train_frame_rate:  153
I1016 03:12:57.929764 47395668789056 run_miniworld.py:243] Data collection iteration 131.
I1016 03:15:41.925942 47395668789056 run_miniworld.py:250] Evaluation iteration 131.
I1016 03:15:53.628907 47395668789056 run_miniworld.py:267] iteration: 131
 frame: 3275000
 eval_episode_return:  1.00
 train_episode_return:  1.00
 train_exploration_epsilon: 0.100
 train_frame_rate:  152
I1016 03:15:56.503152 47395668789056 run_miniworld.py:243] Data collection iteration 132.
I1016 03:18:39.671622 47395668789056 run_miniworld.py:250] Evaluation iteration 132.
I1016 03:18:51.056229 47395668789056 run_miniworld.py:267] iteration: 132
 frame: 3300000
 eval_episode_return:  1.00
 train_episode_return:  1.00
 train_exploration_epsilon: 0.100
 train_frame_rate:  153
I1016 03:18:55.168632 47395668789056 run_miniworld.py:243] Data collection iteration 133.
I1016 03:21:40.305471 47395668789056 run_miniworld.py:250] Evaluation iteration 133.
I1016 03:21:52.035517 47395668789056 run_miniworld.py:267] iteration: 133
 frame: 3325000
 eval_episode_return:  1.00
 train_episode_return:  1.00
 train_exploration_epsilon: 0.100
 train_frame_rate:  151
I1016 03:21:54.896016 47395668789056 run_miniworld.py:243] Data collection iteration 134.
I1016 03:24:38.788589 47395668789056 run_miniworld.py:250] Evaluation iteration 134.
I1016 03:24:50.263943 47395668789056 run_miniworld.py:267] iteration: 134
 frame: 3350000
 eval_episode_return:  1.00
 train_episode_return:  1.00
 train_exploration_epsilon: 0.100
 train_frame_rate:  153
I1016 03:24:53.118082 47395668789056 run_miniworld.py:243] Data collection iteration 135.
I1016 03:27:38.197446 47395668789056 run_miniworld.py:250] Evaluation iteration 135.
I1016 03:27:50.354722 47395668789056 run_miniworld.py:267] iteration: 135
 frame: 3375000
 eval_episode_return:  1.00
 train_episode_return:  1.00
 train_exploration_epsilon: 0.100
 train_frame_rate:  151
I1016 03:27:54.399599 47395668789056 run_miniworld.py:243] Data collection iteration 136.
I1016 03:30:36.566929 47395668789056 run_miniworld.py:250] Evaluation iteration 136.
I1016 03:30:48.479124 47395668789056 run_miniworld.py:267] iteration: 136
 frame: 3400000
 eval_episode_return:  1.00
 train_episode_return:  1.00
 train_exploration_epsilon: 0.100
 train_frame_rate:  154
I1016 03:30:51.667095 47395668789056 run_miniworld.py:243] Data collection iteration 137.
I1016 03:33:35.487477 47395668789056 run_miniworld.py:250] Evaluation iteration 137.
I1016 03:33:47.310767 47395668789056 run_miniworld.py:267] iteration: 137
 frame: 3425000
 eval_episode_return:  1.00
 train_episode_return:  1.00
 train_exploration_epsilon: 0.100
 train_frame_rate:  153
I1016 03:33:51.299196 47395668789056 run_miniworld.py:243] Data collection iteration 138.
I1016 03:36:36.397325 47395668789056 run_miniworld.py:250] Evaluation iteration 138.
I1016 03:36:48.363389 47395668789056 run_miniworld.py:267] iteration: 138
 frame: 3450000
 eval_episode_return:  1.00
 train_episode_return:  1.00
 train_exploration_epsilon: 0.100
 train_frame_rate:  151
I1016 03:36:51.268085 47395668789056 run_miniworld.py:243] Data collection iteration 139.
I1016 03:39:35.135485 47395668789056 run_miniworld.py:250] Evaluation iteration 139.
I1016 03:39:46.365598 47395668789056 run_miniworld.py:267] iteration: 139
 frame: 3475000
 eval_episode_return:  1.00
 train_episode_return:  1.00
 train_exploration_epsilon: 0.100
 train_frame_rate:  153
I1016 03:39:49.157805 47395668789056 run_miniworld.py:243] Data collection iteration 140.
I1016 03:42:33.011384 47395668789056 run_miniworld.py:250] Evaluation iteration 140.
I1016 03:42:44.895390 47395668789056 run_miniworld.py:267] iteration: 140
 frame: 3500000
 eval_episode_return:  1.00
 train_episode_return:  1.00
 train_exploration_epsilon: 0.100
 train_frame_rate:  153
I1016 03:42:48.961432 47395668789056 run_miniworld.py:243] Data collection iteration 141.
I1016 03:45:32.502222 47395668789056 run_miniworld.py:250] Evaluation iteration 141.
I1016 03:45:44.082444 47395668789056 run_miniworld.py:267] iteration: 141
 frame: 3525000
 eval_episode_return:  1.00
 train_episode_return:  1.00
 train_exploration_epsilon: 0.100
 train_frame_rate:  153
I1016 03:45:46.935356 47395668789056 run_miniworld.py:243] Data collection iteration 142.
I1016 03:48:31.397905 47395668789056 run_miniworld.py:250] Evaluation iteration 142.
I1016 03:48:43.524415 47395668789056 run_miniworld.py:267] iteration: 142
 frame: 3550000
 eval_episode_return:  1.00
 train_episode_return:  1.00
 train_exploration_epsilon: 0.100
 train_frame_rate:  152
I1016 03:48:47.827656 47395668789056 run_miniworld.py:243] Data collection iteration 143.
I1016 03:51:32.426060 47395668789056 run_miniworld.py:250] Evaluation iteration 143.
I1016 03:51:44.223457 47395668789056 run_miniworld.py:267] iteration: 143
 frame: 3575000
 eval_episode_return:  1.00
 train_episode_return:  1.00
 train_exploration_epsilon: 0.100
 train_frame_rate:  152
I1016 03:51:47.135135 47395668789056 run_miniworld.py:243] Data collection iteration 144.
I1016 03:54:31.435976 47395668789056 run_miniworld.py:250] Evaluation iteration 144.
I1016 03:54:43.007084 47395668789056 run_miniworld.py:267] iteration: 144
 frame: 3600000
 eval_episode_return:  1.00
 train_episode_return:  1.00
 train_exploration_epsilon: 0.100
 train_frame_rate:  152
I1016 03:54:45.824128 47395668789056 run_miniworld.py:243] Data collection iteration 145.
I1016 03:57:32.347761 47395668789056 run_miniworld.py:250] Evaluation iteration 145.
I1016 03:57:43.988951 47395668789056 run_miniworld.py:267] iteration: 145
 frame: 3625000
 eval_episode_return:  1.00
 train_episode_return:  1.00
 train_exploration_epsilon: 0.100
 train_frame_rate:  150
I1016 03:57:48.015551 47395668789056 run_miniworld.py:243] Data collection iteration 146.
I1016 04:00:32.204066 47395668789056 run_miniworld.py:250] Evaluation iteration 146.
I1016 04:00:43.997313 47395668789056 run_miniworld.py:267] iteration: 146
 frame: 3650000
 eval_episode_return:  1.00
 train_episode_return:  1.00
 train_exploration_epsilon: 0.100
 train_frame_rate:  152
I1016 04:00:46.851577 47395668789056 run_miniworld.py:243] Data collection iteration 147.
I1016 04:03:30.866431 47395668789056 run_miniworld.py:250] Evaluation iteration 147.
I1016 04:03:42.751907 47395668789056 run_miniworld.py:267] iteration: 147
 frame: 3675000
 eval_episode_return:  1.00
 train_episode_return:  1.00
 train_exploration_epsilon: 0.100
 train_frame_rate:  152
I1016 04:03:46.838126 47395668789056 run_miniworld.py:243] Data collection iteration 148.
I1016 04:06:31.384982 47395668789056 run_miniworld.py:250] Evaluation iteration 148.
I1016 04:06:42.801119 47395668789056 run_miniworld.py:267] iteration: 148
 frame: 3700000
 eval_episode_return:  0.99
 train_episode_return:  1.00
 train_exploration_epsilon: 0.100
 train_frame_rate:  152
I1016 04:06:45.634706 47395668789056 run_miniworld.py:243] Data collection iteration 149.
I1016 04:09:28.806332 47395668789056 run_miniworld.py:250] Evaluation iteration 149.
I1016 04:09:40.364470 47395668789056 run_miniworld.py:267] iteration: 149
 frame: 3725000
 eval_episode_return:  1.00
 train_episode_return:  1.00
 train_exploration_epsilon: 0.100
 train_frame_rate:  153
I1016 04:09:43.200299 47395668789056 run_miniworld.py:243] Data collection iteration 150.
I1016 04:12:27.818849 47395668789056 run_miniworld.py:250] Evaluation iteration 150.
I1016 04:12:39.144526 47395668789056 run_miniworld.py:267] iteration: 150
 frame: 3750000
 eval_episode_return:  1.00
 train_episode_return:  1.00
 train_exploration_epsilon: 0.100
 train_frame_rate:  152
I1016 04:12:42.019040 47395668789056 run_miniworld.py:243] Data collection iteration 151.
I1016 04:15:25.677082 47395668789056 run_miniworld.py:250] Evaluation iteration 151.
I1016 04:15:37.320479 47395668789056 run_miniworld.py:267] iteration: 151
 frame: 3775000
 eval_episode_return:  1.00
 train_episode_return:  1.00
 train_exploration_epsilon: 0.100
 train_frame_rate:  153
I1016 04:15:40.182586 47395668789056 run_miniworld.py:243] Data collection iteration 152.
I1016 04:18:24.182038 47395668789056 run_miniworld.py:250] Evaluation iteration 152.
I1016 04:18:35.868426 47395668789056 run_miniworld.py:267] iteration: 152
 frame: 3800000
 eval_episode_return:  1.00
 train_episode_return:  1.00
 train_exploration_epsilon: 0.100
 train_frame_rate:  152
I1016 04:18:39.778096 47395668789056 run_miniworld.py:243] Data collection iteration 153.
I1016 04:21:24.479512 47395668789056 run_miniworld.py:250] Evaluation iteration 153.
I1016 04:21:36.419041 47395668789056 run_miniworld.py:267] iteration: 153
 frame: 3825000
 eval_episode_return:  1.00
 train_episode_return:  1.00
 train_exploration_epsilon: 0.100
 train_frame_rate:  152
I1016 04:21:39.839265 47395668789056 run_miniworld.py:243] Data collection iteration 154.
I1016 04:24:22.799767 47395668789056 run_miniworld.py:250] Evaluation iteration 154.
I1016 04:24:34.128932 47395668789056 run_miniworld.py:267] iteration: 154
 frame: 3850000
 eval_episode_return:  1.00
 train_episode_return:  1.00
 train_exploration_epsilon: 0.100
 train_frame_rate:  153
I1016 04:24:38.032371 47395668789056 run_miniworld.py:243] Data collection iteration 155.
I1016 04:27:23.784556 47395668789056 run_miniworld.py:250] Evaluation iteration 155.
I1016 04:27:36.078701 47395668789056 run_miniworld.py:267] iteration: 155
 frame: 3875000
 eval_episode_return:  1.00
 train_episode_return:  1.00
 train_exploration_epsilon: 0.100
 train_frame_rate:  151
I1016 04:27:38.956907 47395668789056 run_miniworld.py:243] Data collection iteration 156.
I1016 04:30:23.557946 47395668789056 run_miniworld.py:250] Evaluation iteration 156.
I1016 04:30:35.462625 47395668789056 run_miniworld.py:267] iteration: 156
 frame: 3900000
 eval_episode_return:  1.00
 train_episode_return:  1.00
 train_exploration_epsilon: 0.100
 train_frame_rate:  152
I1016 04:30:38.361797 47395668789056 run_miniworld.py:243] Data collection iteration 157.
I1016 04:33:21.771428 47395668789056 run_miniworld.py:250] Evaluation iteration 157.
I1016 04:33:33.293581 47395668789056 run_miniworld.py:267] iteration: 157
 frame: 3925000
 eval_episode_return:  1.00
 train_episode_return:  1.00
 train_exploration_epsilon: 0.100
 train_frame_rate:  153
I1016 04:33:37.277029 47395668789056 run_miniworld.py:243] Data collection iteration 158.
I1016 04:36:22.224540 47395668789056 run_miniworld.py:250] Evaluation iteration 158.
I1016 04:36:33.596248 47395668789056 run_miniworld.py:267] iteration: 158
 frame: 3950000
 eval_episode_return:  1.00
 train_episode_return:  1.00
 train_exploration_epsilon: 0.100
 train_frame_rate:  152
I1016 04:36:36.415888 47395668789056 run_miniworld.py:243] Data collection iteration 159.
I1016 04:39:20.068884 47395668789056 run_miniworld.py:250] Evaluation iteration 159.
I1016 04:39:31.705554 47395668789056 run_miniworld.py:267] iteration: 159
 frame: 3975000
 eval_episode_return:  1.00
 train_episode_return:  1.00
 train_exploration_epsilon: 0.100
 train_frame_rate:  153
I1016 04:39:35.830544 47395668789056 run_miniworld.py:243] Data collection iteration 160.
I1016 04:42:20.681522 47395668789056 run_miniworld.py:250] Evaluation iteration 160.
I1016 04:42:32.154632 47395668789056 run_miniworld.py:267] iteration: 160
 frame: 4000000
 eval_episode_return:  1.00
 train_episode_return:  1.00
 train_exploration_epsilon: 0.100
 train_frame_rate:  152
I1016 04:42:35.066067 47395668789056 run_miniworld.py:243] Data collection iteration 161.
I1016 04:45:19.823067 47395668789056 run_miniworld.py:250] Evaluation iteration 161.
I1016 04:45:31.574083 47395668789056 run_miniworld.py:267] iteration: 161
 frame: 4025000
 eval_episode_return:  1.00
 train_episode_return:  1.00
 train_exploration_epsilon: 0.100
 train_frame_rate:  152
I1016 04:45:34.593870 47395668789056 run_miniworld.py:243] Data collection iteration 162.
I1016 04:48:19.106370 47395668789056 run_miniworld.py:250] Evaluation iteration 162.
I1016 04:48:31.335170 47395668789056 run_miniworld.py:267] iteration: 162
 frame: 4050000
 eval_episode_return:  1.00
 train_episode_return:  1.00
 train_exploration_epsilon: 0.100
 train_frame_rate:  152
I1016 04:48:35.731965 47395668789056 run_miniworld.py:243] Data collection iteration 163.
I1016 04:51:22.482978 47395668789056 run_miniworld.py:250] Evaluation iteration 163.
I1016 04:51:34.143723 47395668789056 run_miniworld.py:267] iteration: 163
 frame: 4075000
 eval_episode_return:  1.00
 train_episode_return:  1.00
 train_exploration_epsilon: 0.100
 train_frame_rate:  150
I1016 04:51:37.041929 47395668789056 run_miniworld.py:243] Data collection iteration 164.
I1016 04:54:22.164255 47395668789056 run_miniworld.py:250] Evaluation iteration 164.
I1016 04:54:34.111822 47395668789056 run_miniworld.py:267] iteration: 164
 frame: 4100000
 eval_episode_return:  1.00
 train_episode_return:  1.00
 train_exploration_epsilon: 0.100
 train_frame_rate:  151
I1016 04:54:38.016779 47395668789056 run_miniworld.py:243] Data collection iteration 165.
I1016 04:57:25.184342 47395668789056 run_miniworld.py:250] Evaluation iteration 165.
I1016 04:57:36.942083 47395668789056 run_miniworld.py:267] iteration: 165
 frame: 4125000
 eval_episode_return:  1.00
 train_episode_return:  1.00
 train_exploration_epsilon: 0.100
 train_frame_rate:  150
I1016 04:57:39.790369 47395668789056 run_miniworld.py:243] Data collection iteration 166.
I1016 05:00:25.413893 47395668789056 run_miniworld.py:250] Evaluation iteration 166.
I1016 05:00:36.785089 47395668789056 run_miniworld.py:267] iteration: 166
 frame: 4150000
 eval_episode_return:  1.00
 train_episode_return:  1.00
 train_exploration_epsilon: 0.100
 train_frame_rate:  151
I1016 05:00:39.569500 47395668789056 run_miniworld.py:243] Data collection iteration 167.
I1016 05:03:25.617509 47395668789056 run_miniworld.py:250] Evaluation iteration 167.
I1016 05:03:37.175105 47395668789056 run_miniworld.py:267] iteration: 167
 frame: 4175000
 eval_episode_return:  1.00
 train_episode_return:  1.00
 train_exploration_epsilon: 0.100
 train_frame_rate:  151
I1016 05:03:41.245946 47395668789056 run_miniworld.py:243] Data collection iteration 168.
I1016 05:06:28.173914 47395668789056 run_miniworld.py:250] Evaluation iteration 168.
I1016 05:06:39.647051 47395668789056 run_miniworld.py:267] iteration: 168
 frame: 4200000
 eval_episode_return:  1.00
 train_episode_return:  1.00
 train_exploration_epsilon: 0.100
 train_frame_rate:  150
I1016 05:06:42.466907 47395668789056 run_miniworld.py:243] Data collection iteration 169.
I1016 05:09:27.555182 47395668789056 run_miniworld.py:250] Evaluation iteration 169.
I1016 05:09:38.945974 47395668789056 run_miniworld.py:267] iteration: 169
 frame: 4225000
 eval_episode_return:  1.00
 train_episode_return:  1.00
 train_exploration_epsilon: 0.100
 train_frame_rate:  151
I1016 05:09:43.013457 47395668789056 run_miniworld.py:243] Data collection iteration 170.
I1016 05:12:29.143645 47395668789056 run_miniworld.py:250] Evaluation iteration 170.
I1016 05:12:40.834787 47395668789056 run_miniworld.py:267] iteration: 170
 frame: 4250000
 eval_episode_return:  1.00
 train_episode_return:  1.00
 train_exploration_epsilon: 0.100
 train_frame_rate:  150
I1016 05:12:44.234647 47395668789056 run_miniworld.py:243] Data collection iteration 171.
I1016 05:15:29.180569 47395668789056 run_miniworld.py:250] Evaluation iteration 171.
I1016 05:15:40.483584 47395668789056 run_miniworld.py:267] iteration: 171
 frame: 4275000
 eval_episode_return:  1.00
 train_episode_return:  1.00
 train_exploration_epsilon: 0.100
 train_frame_rate:  152
I1016 05:15:43.418100 47395668789056 run_miniworld.py:243] Data collection iteration 172.
I1016 05:18:27.610341 47395668789056 run_miniworld.py:250] Evaluation iteration 172.
I1016 05:18:39.047706 47395668789056 run_miniworld.py:267] iteration: 172
 frame: 4300000
 eval_episode_return:  1.00
 train_episode_return:  1.00
 train_exploration_epsilon: 0.100
 train_frame_rate:  152
I1016 05:18:43.170885 47395668789056 run_miniworld.py:243] Data collection iteration 173.
I1016 05:21:28.787425 47395668789056 run_miniworld.py:250] Evaluation iteration 173.
I1016 05:21:40.406708 47395668789056 run_miniworld.py:267] iteration: 173
 frame: 4325000
 eval_episode_return:  1.00
 train_episode_return:  1.00
 train_exploration_epsilon: 0.100
 train_frame_rate:  151
I1016 05:21:43.438151 47395668789056 run_miniworld.py:243] Data collection iteration 174.
I1016 05:24:29.328430 47395668789056 run_miniworld.py:250] Evaluation iteration 174.
I1016 05:24:41.171100 47395668789056 run_miniworld.py:267] iteration: 174
 frame: 4350000
 eval_episode_return:  1.00
 train_episode_return:  1.00
 train_exploration_epsilon: 0.100
 train_frame_rate:  151
I1016 05:24:45.211941 47395668789056 run_miniworld.py:243] Data collection iteration 175.
I1016 05:27:30.662275 47395668789056 run_miniworld.py:250] Evaluation iteration 175.
I1016 05:27:42.389693 47395668789056 run_miniworld.py:267] iteration: 175
 frame: 4375000
 eval_episode_return:  1.00
 train_episode_return:  1.00
 train_exploration_epsilon: 0.100
 train_frame_rate:  151
I1016 05:27:45.251413 47395668789056 run_miniworld.py:243] Data collection iteration 176.
I1016 05:30:29.973740 47395668789056 run_miniworld.py:250] Evaluation iteration 176.
I1016 05:30:41.417665 47395668789056 run_miniworld.py:267] iteration: 176
 frame: 4400000
 eval_episode_return:  1.00
 train_episode_return:  1.00
 train_exploration_epsilon: 0.100
 train_frame_rate:  152
I1016 05:30:44.191727 47395668789056 run_miniworld.py:243] Data collection iteration 177.
I1016 05:33:28.010596 47395668789056 run_miniworld.py:250] Evaluation iteration 177.
I1016 05:33:40.087073 47395668789056 run_miniworld.py:267] iteration: 177
 frame: 4425000
 eval_episode_return:  1.00
 train_episode_return:  1.00
 train_exploration_epsilon: 0.100
 train_frame_rate:  153
I1016 05:33:44.259775 47395668789056 run_miniworld.py:243] Data collection iteration 178.
I1016 05:36:29.077944 47395668789056 run_miniworld.py:250] Evaluation iteration 178.
I1016 05:36:41.157170 47395668789056 run_miniworld.py:267] iteration: 178
 frame: 4450000
 eval_episode_return:  1.00
 train_episode_return:  1.00
 train_exploration_epsilon: 0.100
 train_frame_rate:  152
I1016 05:36:44.109760 47395668789056 run_miniworld.py:243] Data collection iteration 179.
I1016 05:39:29.250421 47395668789056 run_miniworld.py:250] Evaluation iteration 179.
I1016 05:39:40.799810 47395668789056 run_miniworld.py:267] iteration: 179
 frame: 4475000
 eval_episode_return:  1.00
 train_episode_return:  1.00
 train_exploration_epsilon: 0.100
 train_frame_rate:  151
I1016 05:39:44.778883 47395668789056 run_miniworld.py:243] Data collection iteration 180.
I1016 05:42:30.208150 47395668789056 run_miniworld.py:250] Evaluation iteration 180.
I1016 05:42:41.810682 47395668789056 run_miniworld.py:267] iteration: 180
 frame: 4500000
 eval_episode_return:  1.00
 train_episode_return:  1.00
 train_exploration_epsilon: 0.100
 train_frame_rate:  151
I1016 05:42:44.896574 47395668789056 run_miniworld.py:243] Data collection iteration 181.
I1016 05:45:29.886609 47395668789056 run_miniworld.py:250] Evaluation iteration 181.
I1016 05:45:41.154489 47395668789056 run_miniworld.py:267] iteration: 181
 frame: 4525000
 eval_episode_return:  1.00
 train_episode_return:  1.00
 train_exploration_epsilon: 0.100
 train_frame_rate:  152
I1016 05:45:44.057507 47395668789056 run_miniworld.py:243] Data collection iteration 182.
I1016 05:48:29.531352 47395668789056 run_miniworld.py:250] Evaluation iteration 182.
I1016 05:48:41.057176 47395668789056 run_miniworld.py:267] iteration: 182
 frame: 4550000
 eval_episode_return:  1.00
 train_episode_return:  1.00
 train_exploration_epsilon: 0.100
 train_frame_rate:  151
I1016 05:48:45.370016 47395668789056 run_miniworld.py:243] Data collection iteration 183.
I1016 05:51:31.239548 47395668789056 run_miniworld.py:250] Evaluation iteration 183.
I1016 05:51:42.520065 47395668789056 run_miniworld.py:267] iteration: 183
 frame: 4575000
 eval_episode_return:  1.00
 train_episode_return:  1.00
 train_exploration_epsilon: 0.100
 train_frame_rate:  151
I1016 05:51:45.369596 47395668789056 run_miniworld.py:243] Data collection iteration 184.
I1016 05:54:31.347732 47395668789056 run_miniworld.py:250] Evaluation iteration 184.
I1016 05:54:43.260684 47395668789056 run_miniworld.py:267] iteration: 184
 frame: 4600000
 eval_episode_return:  1.00
 train_episode_return:  1.00
 train_exploration_epsilon: 0.100
 train_frame_rate:  151
I1016 05:54:47.421809 47395668789056 run_miniworld.py:243] Data collection iteration 185.
I1016 05:57:33.444194 47395668789056 run_miniworld.py:250] Evaluation iteration 185.
I1016 05:57:44.832326 47395668789056 run_miniworld.py:267] iteration: 185
 frame: 4625000
 eval_episode_return:  1.00
 train_episode_return:  1.00
 train_exploration_epsilon: 0.100
 train_frame_rate:  151
I1016 05:57:47.692408 47395668789056 run_miniworld.py:243] Data collection iteration 186.
I1016 06:00:33.752187 47395668789056 run_miniworld.py:250] Evaluation iteration 186.
I1016 06:00:45.392547 47395668789056 run_miniworld.py:267] iteration: 186
 frame: 4650000
 eval_episode_return:  1.00
 train_episode_return:  1.00
 train_exploration_epsilon: 0.100
 train_frame_rate:  151
I1016 06:00:48.186670 47395668789056 run_miniworld.py:243] Data collection iteration 187.
I1016 06:03:33.909956 47395668789056 run_miniworld.py:250] Evaluation iteration 187.
I1016 06:03:45.708368 47395668789056 run_miniworld.py:267] iteration: 187
 frame: 4675000
 eval_episode_return:  1.00
 train_episode_return:  1.00
 train_exploration_epsilon: 0.100
 train_frame_rate:  151
I1016 06:03:49.797827 47395668789056 run_miniworld.py:243] Data collection iteration 188.
I1016 06:06:36.154755 47395668789056 run_miniworld.py:250] Evaluation iteration 188.
I1016 06:06:47.671947 47395668789056 run_miniworld.py:267] iteration: 188
 frame: 4700000
 eval_episode_return:  1.00
 train_episode_return:  1.00
 train_exploration_epsilon: 0.100
 train_frame_rate:  150
I1016 06:06:50.516514 47395668789056 run_miniworld.py:243] Data collection iteration 189.
I1016 06:09:37.470800 47395668789056 run_miniworld.py:250] Evaluation iteration 189.
I1016 06:09:49.284608 47395668789056 run_miniworld.py:267] iteration: 189
 frame: 4725000
 eval_episode_return:  1.00
 train_episode_return:  1.00
 train_exploration_epsilon: 0.100
 train_frame_rate:  150
I1016 06:09:53.245564 47395668789056 run_miniworld.py:243] Data collection iteration 190.
I1016 06:12:39.825538 47395668789056 run_miniworld.py:250] Evaluation iteration 190.
I1016 06:12:51.314103 47395668789056 run_miniworld.py:267] iteration: 190
 frame: 4750000
 eval_episode_return:  1.00
 train_episode_return:  1.00
 train_exploration_epsilon: 0.100
 train_frame_rate:  150
I1016 06:12:54.298859 47395668789056 run_miniworld.py:243] Data collection iteration 191.
I1016 06:15:40.419903 47395668789056 run_miniworld.py:250] Evaluation iteration 191.
I1016 06:15:52.045879 47395668789056 run_miniworld.py:267] iteration: 191
 frame: 4775000
 eval_episode_return:  1.00
 train_episode_return:  1.00
 train_exploration_epsilon: 0.100
 train_frame_rate:  150
I1016 06:15:55.241721 47395668789056 run_miniworld.py:243] Data collection iteration 192.
I1016 06:18:40.835247 47395668789056 run_miniworld.py:250] Evaluation iteration 192.
I1016 06:18:52.039381 47395668789056 run_miniworld.py:267] iteration: 192
 frame: 4800000
 eval_episode_return:  1.00
 train_episode_return:  1.00
 train_exploration_epsilon: 0.100
 train_frame_rate:  151
I1016 06:18:56.102516 47395668789056 run_miniworld.py:243] Data collection iteration 193.
I1016 06:21:43.078905 47395668789056 run_miniworld.py:250] Evaluation iteration 193.
I1016 06:21:54.840543 47395668789056 run_miniworld.py:267] iteration: 193
 frame: 4825000
 eval_episode_return:  1.00
 train_episode_return:  1.00
 train_exploration_epsilon: 0.100
 train_frame_rate:  150
I1016 06:21:57.663898 47395668789056 run_miniworld.py:243] Data collection iteration 194.
I1016 06:24:43.232621 47395668789056 run_miniworld.py:250] Evaluation iteration 194.
I1016 06:24:54.717363 47395668789056 run_miniworld.py:267] iteration: 194
 frame: 4850000
 eval_episode_return:  1.00
 train_episode_return:  1.00
 train_exploration_epsilon: 0.100
 train_frame_rate:  151
I1016 06:24:58.777273 47395668789056 run_miniworld.py:243] Data collection iteration 195.
I1016 06:27:45.991266 47395668789056 run_miniworld.py:250] Evaluation iteration 195.
I1016 06:27:57.407621 47395668789056 run_miniworld.py:267] iteration: 195
 frame: 4875000
 eval_episode_return:  1.00
 train_episode_return:  1.00
 train_exploration_epsilon: 0.100
 train_frame_rate:  150
I1016 06:28:00.272569 47395668789056 run_miniworld.py:243] Data collection iteration 196.
I1016 06:30:45.767681 47395668789056 run_miniworld.py:250] Evaluation iteration 196.
I1016 06:30:57.134141 47395668789056 run_miniworld.py:267] iteration: 196
 frame: 4900000
 eval_episode_return:  1.00
 train_episode_return:  1.00
 train_exploration_epsilon: 0.100
 train_frame_rate:  151
I1016 06:31:00.090488 47395668789056 run_miniworld.py:243] Data collection iteration 197.
I1016 06:33:48.179948 47395668789056 run_miniworld.py:250] Evaluation iteration 197.
I1016 06:34:00.047326 47395668789056 run_miniworld.py:267] iteration: 197
 frame: 4925000
 eval_episode_return:  1.00
 train_episode_return:  1.00
 train_exploration_epsilon: 0.100
 train_frame_rate:  149
I1016 06:34:02.901377 47395668789056 run_miniworld.py:243] Data collection iteration 198.
I1016 06:36:48.706713 47395668789056 run_miniworld.py:250] Evaluation iteration 198.
I1016 06:37:00.336698 47395668789056 run_miniworld.py:267] iteration: 198
 frame: 4950000
 eval_episode_return:  1.00
 train_episode_return:  1.00
 train_exploration_epsilon: 0.100
 train_frame_rate:  151
I1016 06:37:03.512162 47395668789056 run_miniworld.py:243] Data collection iteration 199.
I1016 06:39:51.385042 47395668789056 run_miniworld.py:250] Evaluation iteration 199.
I1016 06:40:03.186696 47395668789056 run_miniworld.py:267] iteration: 199
 frame: 4975000
 eval_episode_return:  1.00
 train_episode_return:  1.00
 train_exploration_epsilon: 0.100
 train_frame_rate:  149
I1016 06:40:07.131170 47395668789056 run_miniworld.py:243] Data collection iteration 200.
I1016 06:42:53.108084 47395668789056 run_miniworld.py:250] Evaluation iteration 200.
I1016 06:43:04.516628 47395668789056 run_miniworld.py:267] iteration: 200
 frame: 5000000
 eval_episode_return:  1.00
 train_episode_return:  1.00
 train_exploration_epsilon: 0.100
 train_frame_rate:  151
Falling back to num_samples=1
Falling back to num_samples=1
Falling back to num_samples=1
Falling back to num_samples=1
Falling back to num_samples=1
Falling back to num_samples=1
Falling back to num_samples=1
Falling back to num_samples=1
Falling back to num_samples=1
Falling back to num_samples=1
Falling back to num_samples=1
Falling back to num_samples=1
Falling back to num_samples=1
Falling back to num_samples=1
Falling back to num_samples=1
Falling back to num_samples=1
Falling back to num_samples=1
Falling back to num_samples=1
Falling back to num_samples=1
Falling back to num_samples=1
Falling back to num_samples=1
Falling back to num_samples=1
Falling back to num_samples=1
Falling back to num_samples=1
Falling back to num_samples=1
Falling back to num_samples=1
Falling back to num_samples=1
Falling back to num_samples=1
Falling back to num_samples=1
Falling back to num_samples=1
Falling back to num_samples=1
Falling back to num_samples=1
Falling back to num_samples=1
Falling back to num_samples=1
Falling back to num_samples=1
Falling back to num_samples=1
Falling back to num_samples=1
Falling back to num_samples=1
Falling back to num_samples=1
Falling back to num_samples=1
Falling back to num_samples=1
Falling back to num_samples=1
Falling back to num_samples=1
Falling back to num_samples=1
Falling back to num_samples=1
Falling back to num_samples=1
Falling back to num_samples=1
Falling back to num_samples=1
Falling back to num_samples=1
Falling back to num_samples=1
Falling back to num_samples=1
Falling back to num_samples=1
Falling back to num_samples=1
Falling back to num_samples=1
Falling back to num_samples=1
Falling back to num_samples=1
Falling back to num_samples=1
Falling back to num_samples=1
Falling back to num_samples=1
Falling back to num_samples=1
Falling back to num_samples=1
Falling back to num_samples=1
Falling back to num_samples=1
Falling back to num_samples=1
Falling back to num_samples=1
Falling back to num_samples=1
Falling back to num_samples=1
Falling back to num_samples=1
Falling back to num_samples=1
Falling back to num_samples=1
Falling back to num_samples=1
Falling back to num_samples=1
Falling back to num_samples=1
Falling back to num_samples=1
Falling back to num_samples=1
Falling back to num_samples=1
Falling back to num_samples=1
Falling back to num_samples=1
Falling back to num_samples=1
Falling back to num_samples=1
Falling back to num_samples=1
Falling back to num_samples=1
Falling back to num_samples=1
Falling back to num_samples=1
Falling back to num_samples=1
Falling back to num_samples=1
Falling back to num_samples=1
Falling back to num_samples=1
Falling back to num_samples=1
Falling back to num_samples=1
Falling back to num_samples=1
Falling back to num_samples=1
Falling back to num_samples=1
Falling back to num_samples=1
Falling back to num_samples=1
Falling back to num_samples=1
Falling back to num_samples=1
Falling back to num_samples=1
Falling back to num_samples=1
Falling back to num_samples=1
Falling back to num_samples=1
Falling back to num_samples=1
Falling back to num_samples=1
Falling back to num_samples=1
Falling back to num_samples=1
Falling back to num_samples=1
Falling back to num_samples=1
Falling back to num_samples=1
Falling back to num_samples=1
Falling back to num_samples=1
Falling back to num_samples=1
Falling back to num_samples=1
Falling back to num_samples=1
Falling back to num_samples=1
Falling back to num_samples=1
Falling back to num_samples=1
Falling back to num_samples=1
Falling back to num_samples=1
Falling back to num_samples=1
Falling back to num_samples=1
Falling back to num_samples=1
Falling back to num_samples=1
Falling back to num_samples=1
Falling back to num_samples=1
Falling back to num_samples=1
Falling back to num_samples=1
Falling back to num_samples=1
Falling back to num_samples=1
Falling back to num_samples=1
Falling back to num_samples=1
Falling back to num_samples=1
Falling back to num_samples=1
Falling back to num_samples=1
Falling back to num_samples=1
Falling back to num_samples=1
Falling back to num_samples=1
Falling back to num_samples=1
Falling back to num_samples=1
Falling back to num_samples=1
Falling back to num_samples=1
Falling back to num_samples=1
Falling back to num_samples=1
Falling back to num_samples=1
Falling back to num_samples=1
Falling back to num_samples=1
Falling back to num_samples=1
Falling back to num_samples=1
Falling back to num_samples=1
Falling back to num_samples=1
Falling back to num_samples=1
Falling back to num_samples=1
Falling back to num_samples=1
Falling back to num_samples=1
Falling back to num_samples=1
Falling back to num_samples=1
Falling back to num_samples=1
Falling back to num_samples=1
Falling back to num_samples=1
Falling back to num_samples=1
Falling back to num_samples=1
Falling back to num_samples=1
Falling back to num_samples=1
Falling back to num_samples=1
Falling back to num_samples=1
Falling back to num_samples=1
Falling back to num_samples=1
Falling back to num_samples=1
Falling back to num_samples=1
Falling back to num_samples=1
Falling back to num_samples=1
Falling back to num_samples=1
Falling back to num_samples=1
Falling back to num_samples=1
Falling back to num_samples=1
Falling back to num_samples=1
Falling back to num_samples=1
Falling back to num_samples=1
Falling back to num_samples=1
Falling back to num_samples=1
Falling back to num_samples=1
Falling back to num_samples=1
Falling back to num_samples=1
Falling back to num_samples=1
Falling back to num_samples=1
Falling back to num_samples=1
Falling back to num_samples=1
Falling back to num_samples=1
Falling back to num_samples=1
Falling back to num_samples=1
Falling back to num_samples=1
Falling back to num_samples=1
Falling back to num_samples=1
Falling back to num_samples=1
Falling back to num_samples=1
Falling back to num_samples=1
Falling back to num_samples=1
Falling back to num_samples=1
Falling back to num_samples=1
Falling back to num_samples=1
Falling back to num_samples=1
Falling back to num_samples=1
Falling back to num_samples=1
Falling back to num_samples=1
Falling back to num_samples=1
Falling back to num_samples=1
Falling back to num_samples=1
Falling back to num_samples=1
Falling back to num_samples=1
Falling back to num_samples=1
Falling back to num_samples=1
Falling back to num_samples=1
Falling back to num_samples=1
Falling back to num_samples=1
Falling back to num_samples=1
Falling back to num_samples=1
Falling back to num_samples=1
Falling back to num_samples=1
Falling back to num_samples=1
Falling back to num_samples=1
Falling back to num_samples=1
Falling back to num_samples=1
Falling back to num_samples=1
Falling back to num_samples=1
Falling back to num_samples=1
Falling back to num_samples=1
Falling back to num_samples=1
Falling back to num_samples=1
Falling back to num_samples=1
Falling back to num_samples=1
Falling back to num_samples=1
Falling back to num_samples=1
Falling back to num_samples=1
Falling back to num_samples=1
Falling back to num_samples=1
Falling back to num_samples=1
Falling back to num_samples=1
Falling back to num_samples=1
Falling back to num_samples=1
Falling back to num_samples=1
Falling back to num_samples=1
Falling back to num_samples=1
Falling back to num_samples=1
Falling back to num_samples=1
Falling back to num_samples=1
Falling back to num_samples=1
Falling back to num_samples=1
Falling back to num_samples=1
Falling back to num_samples=1
Falling back to num_samples=1
Falling back to num_samples=1
Falling back to num_samples=1
Falling back to num_samples=1
Falling back to num_samples=1
Falling back to num_samples=1
Falling back to num_samples=1
Falling back to num_samples=1
Falling back to num_samples=1
Falling back to num_samples=1
Falling back to num_samples=1
Falling back to num_samples=1
Falling back to num_samples=1
Falling back to num_samples=1
Falling back to num_samples=1
Falling back to num_samples=1
Falling back to num_samples=1
Falling back to num_samples=1
Falling back to num_samples=1
Falling back to num_samples=1
Falling back to num_samples=1
Falling back to num_samples=1
Falling back to num_samples=1
Falling back to num_samples=1
Falling back to num_samples=1
Falling back to num_samples=1
Falling back to num_samples=1
Falling back to num_samples=1
Falling back to num_samples=1
Falling back to num_samples=1
Falling back to num_samples=1
Falling back to num_samples=1
Falling back to num_samples=1
Falling back to num_samples=1
Falling back to num_samples=1
Falling back to num_samples=1
Falling back to num_samples=1
Falling back to num_samples=1
Falling back to num_samples=1
Falling back to num_samples=1
Falling back to num_samples=1
Falling back to num_samples=1
Falling back to num_samples=1
Falling back to num_samples=1
Falling back to num_samples=1
Falling back to num_samples=1
Falling back to num_samples=1
Falling back to num_samples=1
Falling back to num_samples=1
Falling back to num_samples=1
Falling back to num_samples=1
Falling back to num_samples=1
Falling back to num_samples=1
Falling back to num_samples=1
Falling back to num_samples=1
Falling back to num_samples=1
Falling back to num_samples=1
Falling back to num_samples=1
Falling back to num_samples=1
Falling back to num_samples=1
Falling back to num_samples=1
Falling back to num_samples=1
Falling back to num_samples=1
Falling back to num_samples=1
Falling back to num_samples=1
Falling back to num_samples=1
Falling back to num_samples=1
Falling back to num_samples=1
Falling back to num_samples=1
Falling back to num_samples=1
Falling back to num_samples=1
Falling back to num_samples=1
Falling back to num_samples=1
Falling back to num_samples=1
Falling back to num_samples=1
Falling back to num_samples=1
Falling back to num_samples=1
Falling back to num_samples=1
Falling back to num_samples=1
Falling back to num_samples=1
Falling back to num_samples=1
Falling back to num_samples=1
Falling back to num_samples=1
Falling back to num_samples=1
Falling back to num_samples=1
Falling back to num_samples=1
Falling back to num_samples=1
Falling back to num_samples=1
Falling back to num_samples=1
Falling back to num_samples=1
Falling back to num_samples=1
Falling back to num_samples=1
Falling back to num_samples=1
Falling back to num_samples=1
Falling back to num_samples=1
Falling back to num_samples=1
Falling back to num_samples=1
Falling back to num_samples=1
Falling back to num_samples=1
Falling back to num_samples=1
Falling back to num_samples=1
Falling back to num_samples=1
Falling back to num_samples=1
Falling back to num_samples=1
Falling back to num_samples=1
Falling back to num_samples=1
Falling back to num_samples=1
Falling back to num_samples=1
Falling back to num_samples=1
Falling back to num_samples=1
Falling back to num_samples=1
Falling back to num_samples=1
Falling back to num_samples=1
Falling back to num_samples=1
Falling back to num_samples=1
Falling back to num_samples=1
Falling back to num_samples=1
Falling back to num_samples=1
Falling back to num_samples=1
Falling back to num_samples=1
Falling back to num_samples=1
Falling back to num_samples=1
Falling back to num_samples=1
Falling back to num_samples=1
Falling back to num_samples=1
Falling back to num_samples=1
Falling back to num_samples=1
Falling back to num_samples=1
Falling back to num_samples=1
Falling back to num_samples=1
Falling back to num_samples=1
Falling back to num_samples=1
Falling back to num_samples=1
Falling back to num_samples=1
Falling back to num_samples=1
Falling back to num_samples=1
Falling back to num_samples=1
Falling back to num_samples=1
Falling back to num_samples=1
Falling back to num_samples=1
Falling back to num_samples=1
Falling back to num_samples=1
Falling back to num_samples=1
Falling back to num_samples=1
Falling back to num_samples=1
Falling back to num_samples=1
Falling back to num_samples=1
Falling back to num_samples=1
Falling back to num_samples=1
Falling back to num_samples=1
Falling back to num_samples=1
Falling back to num_samples=1
Falling back to num_samples=1
Falling back to num_samples=1
Falling back to num_samples=1
Falling back to num_samples=1
