I1002 15:22:38.300678 47855750186816 xla_bridge.py:355] Unable to initialize backend 'tpu_driver': NOT_FOUND: Unable to find driver in registry given worker: 
I1002 15:22:38.444419 47855750186816 xla_bridge.py:355] Unable to initialize backend 'rocm': NOT_FOUND: Could not find registered platform with name: "rocm". Available platform names are: Host CUDA Interpreter
I1002 15:22:38.444895 47855750186816 xla_bridge.py:355] Unable to initialize backend 'tpu': module 'jaxlib.xla_extension' has no attribute 'get_tpu_client'
I1002 15:22:38.445025 47855750186816 xla_bridge.py:355] Unable to initialize backend 'plugin': xla_extension has no attributes named get_plugin_device_client. Compile TensorFlow with //tensorflow/compiler/xla/python:enable_plugin_device set to true (defaults to false) to enable this.
I1002 15:22:38.445144 47855750186816 run_miniworld.py:100] Collecting data on MiniWorld on gpu.
I1002 15:22:43.893470 47855750186816 run_miniworld.py:136] Observation shape: (60, 80, 3)
I1002 15:22:53.079655 47855750186816 run_miniworld.py:239] Data collection iteration 0.
I1002 15:23:26.858073 47855750186816 run_miniworld.py:246] Evaluation iteration 0.
/home/mklissa/DCEO/lib/python3.8/site-packages/distrax/_src/distributions/categorical.py:96: UserWarning: Explicitly requested dtype <class 'jax.numpy.int64'> requested in astype is not available, and will be truncated to dtype int32. To enable more dtypes, set the jax_enable_x64 configuration option or the JAX_ENABLE_X64 shell environment variable. See https://github.com/google/jax#current-gotchas for more.
  return draws.astype(self._dtype)
I1002 15:23:35.713935 47855750186816 run_miniworld.py:263] iteration:   0
 frame:     0
 eval_episode_return:  0.00
 train_episode_return:  0.00
 train_exploration_epsilon: 1.000
 train_frame_rate:  740
I1002 15:23:36.063873 47855750186816 run_miniworld.py:239] Data collection iteration 1.
I1002 15:24:09.933687 47855750186816 run_miniworld.py:246] Evaluation iteration 1.
I1002 15:24:18.321527 47855750186816 run_miniworld.py:263] iteration:   1
 frame: 25000
 eval_episode_return:  0.00
 train_episode_return:  0.00
 train_exploration_epsilon: 1.000
 train_frame_rate:  738
I1002 15:24:18.613773 47855750186816 run_miniworld.py:239] Data collection iteration 2.
I1002 15:24:19.156349 47855750186816 dceo_agent.py:296] Begin learning
I1002 15:26:49.449319 47855750186816 run_miniworld.py:246] Evaluation iteration 2.
I1002 15:26:58.368483 47855750186816 run_miniworld.py:263] iteration:   2
 frame: 50000
 eval_episode_return:  0.00
 train_episode_return:  0.00
 train_exploration_epsilon: 0.955
 train_frame_rate:  166
I1002 15:26:58.664217 47855750186816 run_miniworld.py:239] Data collection iteration 3.
I1002 15:29:24.049112 47855750186816 run_miniworld.py:246] Evaluation iteration 3.
I1002 15:29:32.866011 47855750186816 run_miniworld.py:263] iteration:   3
 frame: 75000
 eval_episode_return:  0.00
 train_episode_return:  0.00
 train_exploration_epsilon: 0.910
 train_frame_rate:  172
I1002 15:29:33.162698 47855750186816 run_miniworld.py:239] Data collection iteration 4.
I1002 15:31:52.886015 47855750186816 run_miniworld.py:246] Evaluation iteration 4.
I1002 15:32:01.102127 47855750186816 run_miniworld.py:263] iteration:   4
 frame: 100000
 eval_episode_return:  0.00
 train_episode_return:  0.04
 train_exploration_epsilon: 0.865
 train_frame_rate:  179
I1002 15:32:01.441757 47855750186816 run_miniworld.py:239] Data collection iteration 5.
I1002 15:34:20.483245 47855750186816 run_miniworld.py:246] Evaluation iteration 5.
I1002 15:34:29.390811 47855750186816 run_miniworld.py:263] iteration:   5
 frame: 125000
 eval_episode_return:  0.00
 train_episode_return:  0.00
 train_exploration_epsilon: 0.820
 train_frame_rate:  180
I1002 15:34:29.684259 47855750186816 run_miniworld.py:239] Data collection iteration 6.
I1002 15:36:48.734672 47855750186816 run_miniworld.py:246] Evaluation iteration 6.
I1002 15:36:57.526042 47855750186816 run_miniworld.py:263] iteration:   6
 frame: 150000
 eval_episode_return:  0.00
 train_episode_return:  0.00
 train_exploration_epsilon: 0.775
 train_frame_rate:  180
I1002 15:36:57.821013 47855750186816 run_miniworld.py:239] Data collection iteration 7.
I1002 15:39:17.941767 47855750186816 run_miniworld.py:246] Evaluation iteration 7.
I1002 15:39:26.901686 47855750186816 run_miniworld.py:263] iteration:   7
 frame: 175000
 eval_episode_return:  0.00
 train_episode_return:  0.04
 train_exploration_epsilon: 0.730
 train_frame_rate:  178
I1002 15:39:27.199032 47855750186816 run_miniworld.py:239] Data collection iteration 8.
I1002 15:41:48.340887 47855750186816 run_miniworld.py:246] Evaluation iteration 8.
I1002 15:41:57.248713 47855750186816 run_miniworld.py:263] iteration:   8
 frame: 200000
 eval_episode_return:  0.00
 train_episode_return:  0.00
 train_exploration_epsilon: 0.685
 train_frame_rate:  177
I1002 15:41:57.550995 47855750186816 run_miniworld.py:239] Data collection iteration 9.
I1002 15:44:19.846918 47855750186816 run_miniworld.py:246] Evaluation iteration 9.
I1002 15:44:28.913035 47855750186816 run_miniworld.py:263] iteration:   9
 frame: 225000
 eval_episode_return:  0.00
 train_episode_return:  0.04
 train_exploration_epsilon: 0.640
 train_frame_rate:  176
I1002 15:44:29.214455 47855750186816 run_miniworld.py:239] Data collection iteration 10.
I1002 15:46:54.739054 47855750186816 run_miniworld.py:246] Evaluation iteration 10.
I1002 15:47:03.957516 47855750186816 run_miniworld.py:263] iteration:  10
 frame: 250000
 eval_episode_return:  0.00
 train_episode_return:  0.00
 train_exploration_epsilon: 0.595
 train_frame_rate:  172
I1002 15:47:04.255469 47855750186816 run_miniworld.py:239] Data collection iteration 11.
I1002 15:49:28.756250 47855750186816 run_miniworld.py:246] Evaluation iteration 11.
I1002 15:49:38.106553 47855750186816 run_miniworld.py:263] iteration:  11
 frame: 275000
 eval_episode_return:  0.00
 train_episode_return:  0.08
 train_exploration_epsilon: 0.550
 train_frame_rate:  173
I1002 15:49:38.405665 47855750186816 run_miniworld.py:239] Data collection iteration 12.
I1002 15:52:03.451596 47855750186816 run_miniworld.py:246] Evaluation iteration 12.
I1002 15:52:12.635231 47855750186816 run_miniworld.py:263] iteration:  12
 frame: 300000
 eval_episode_return:  0.00
 train_episode_return:  0.04
 train_exploration_epsilon: 0.505
 train_frame_rate:  172
I1002 15:52:12.938337 47855750186816 run_miniworld.py:239] Data collection iteration 13.
I1002 15:54:39.223364 47855750186816 run_miniworld.py:246] Evaluation iteration 13.
I1002 15:54:48.484998 47855750186816 run_miniworld.py:263] iteration:  13
 frame: 325000
 eval_episode_return:  0.00
 train_episode_return:  0.04
 train_exploration_epsilon: 0.460
 train_frame_rate:  171
I1002 15:54:48.791004 47855750186816 run_miniworld.py:239] Data collection iteration 14.
I1002 15:57:15.637822 47855750186816 run_miniworld.py:246] Evaluation iteration 14.
I1002 15:57:24.688928 47855750186816 run_miniworld.py:263] iteration:  14
 frame: 350000
 eval_episode_return:  0.00
 train_episode_return:  0.00
 train_exploration_epsilon: 0.415
 train_frame_rate:  170
I1002 15:57:24.991755 47855750186816 run_miniworld.py:239] Data collection iteration 15.
I1002 15:59:52.994209 47855750186816 run_miniworld.py:246] Evaluation iteration 15.
I1002 16:00:02.104120 47855750186816 run_miniworld.py:263] iteration:  15
 frame: 375000
 eval_episode_return:  0.00
 train_episode_return:  0.00
 train_exploration_epsilon: 0.370
 train_frame_rate:  169
I1002 16:00:02.405842 47855750186816 run_miniworld.py:239] Data collection iteration 16.
I1002 16:02:30.961434 47855750186816 run_miniworld.py:246] Evaluation iteration 16.
I1002 16:02:39.907008 47855750186816 run_miniworld.py:263] iteration:  16
 frame: 400000
 eval_episode_return:  0.00
 train_episode_return:  0.00
 train_exploration_epsilon: 0.325
 train_frame_rate:  168
I1002 16:02:40.205976 47855750186816 run_miniworld.py:239] Data collection iteration 17.
I1002 16:05:05.709266 47855750186816 run_miniworld.py:246] Evaluation iteration 17.
I1002 16:05:14.738861 47855750186816 run_miniworld.py:263] iteration:  17
 frame: 425000
 eval_episode_return:  0.00
 train_episode_return:  0.00
 train_exploration_epsilon: 0.280
 train_frame_rate:  172
I1002 16:05:15.044612 47855750186816 run_miniworld.py:239] Data collection iteration 18.
I1002 16:07:42.121404 47855750186816 run_miniworld.py:246] Evaluation iteration 18.
I1002 16:07:51.338734 47855750186816 run_miniworld.py:263] iteration:  18
 frame: 450000
 eval_episode_return:  0.00
 train_episode_return:  0.00
 train_exploration_epsilon: 0.235
 train_frame_rate:  170
I1002 16:07:51.642347 47855750186816 run_miniworld.py:239] Data collection iteration 19.
I1002 16:10:18.830220 47855750186816 run_miniworld.py:246] Evaluation iteration 19.
I1002 16:10:27.705790 47855750186816 run_miniworld.py:263] iteration:  19
 frame: 475000
 eval_episode_return:  0.00
 train_episode_return:  0.04
 train_exploration_epsilon: 0.190
 train_frame_rate:  170
I1002 16:10:28.007015 47855750186816 run_miniworld.py:239] Data collection iteration 20.
I1002 16:12:56.603093 47855750186816 run_miniworld.py:246] Evaluation iteration 20.
I1002 16:13:05.891901 47855750186816 run_miniworld.py:263] iteration:  20
 frame: 500000
 eval_episode_return:  0.00
 train_episode_return:  0.00
 train_exploration_epsilon: 0.145
 train_frame_rate:  168
I1002 16:13:06.198720 47855750186816 run_miniworld.py:239] Data collection iteration 21.
I1002 16:15:35.503252 47855750186816 run_miniworld.py:246] Evaluation iteration 21.
I1002 16:15:44.513514 47855750186816 run_miniworld.py:263] iteration:  21
 frame: 525000
 eval_episode_return:  0.00
 train_episode_return:  0.00
 train_exploration_epsilon: 0.100
 train_frame_rate:  167
I1002 16:15:44.817856 47855750186816 run_miniworld.py:239] Data collection iteration 22.
I1002 16:18:14.443990 47855750186816 run_miniworld.py:246] Evaluation iteration 22.
I1002 16:18:23.379346 47855750186816 run_miniworld.py:263] iteration:  22
 frame: 550000
 eval_episode_return:  0.00
 train_episode_return:  0.00
 train_exploration_epsilon: 0.100
 train_frame_rate:  167
I1002 16:18:23.687429 47855750186816 run_miniworld.py:239] Data collection iteration 23.
I1002 16:20:53.441676 47855750186816 run_miniworld.py:246] Evaluation iteration 23.
I1002 16:21:02.355337 47855750186816 run_miniworld.py:263] iteration:  23
 frame: 575000
 eval_episode_return:  0.00
 train_episode_return:  0.00
 train_exploration_epsilon: 0.100
 train_frame_rate:  167
I1002 16:21:02.665064 47855750186816 run_miniworld.py:239] Data collection iteration 24.
I1002 16:26:03.160418 47855750186816 run_miniworld.py:246] Evaluation iteration 24.
I1002 16:26:12.008224 47855750186816 run_miniworld.py:263] iteration:  24
 frame: 600000
 eval_episode_return:  0.00
 train_episode_return:  0.04
 train_exploration_epsilon: 0.100
 train_frame_rate:   83
I1002 16:26:12.353464 47855750186816 run_miniworld.py:239] Data collection iteration 25.
I1002 16:28:43.060140 47855750186816 run_miniworld.py:246] Evaluation iteration 25.
I1002 16:28:52.100088 47855750186816 run_miniworld.py:263] iteration:  25
 frame: 625000
 eval_episode_return:  0.00
 train_episode_return:  0.00
 train_exploration_epsilon: 0.100
 train_frame_rate:  166
I1002 16:28:52.426991 47855750186816 run_miniworld.py:239] Data collection iteration 26.
I1002 16:31:22.456044 47855750186816 run_miniworld.py:246] Evaluation iteration 26.
I1002 16:31:31.338656 47855750186816 run_miniworld.py:263] iteration:  26
 frame: 650000
 eval_episode_return:  0.00
 train_episode_return:  0.04
 train_exploration_epsilon: 0.100
 train_frame_rate:  167
I1002 16:31:31.656506 47855750186816 run_miniworld.py:239] Data collection iteration 27.
I1002 16:34:01.648016 47855750186816 run_miniworld.py:246] Evaluation iteration 27.
I1002 16:34:10.546243 47855750186816 run_miniworld.py:263] iteration:  27
 frame: 675000
 eval_episode_return:  0.00
 train_episode_return:  0.00
 train_exploration_epsilon: 0.100
 train_frame_rate:  167
I1002 16:34:10.853154 47855750186816 run_miniworld.py:239] Data collection iteration 28.
I1002 16:36:41.907251 47855750186816 run_miniworld.py:246] Evaluation iteration 28.
I1002 16:36:51.010553 47855750186816 run_miniworld.py:263] iteration:  28
 frame: 700000
 eval_episode_return:  0.00
 train_episode_return:  0.00
 train_exploration_epsilon: 0.100
 train_frame_rate:  166
I1002 16:36:51.329266 47855750186816 run_miniworld.py:239] Data collection iteration 29.
I1002 16:39:23.138043 47855750186816 run_miniworld.py:246] Evaluation iteration 29.
I1002 16:39:32.356137 47855750186816 run_miniworld.py:263] iteration:  29
 frame: 725000
 eval_episode_return:  0.00
 train_episode_return:  0.00
 train_exploration_epsilon: 0.100
 train_frame_rate:  165
I1002 16:39:32.670305 47855750186816 run_miniworld.py:239] Data collection iteration 30.
I1002 16:42:05.138431 47855750186816 run_miniworld.py:246] Evaluation iteration 30.
I1002 16:42:13.954902 47855750186816 run_miniworld.py:263] iteration:  30
 frame: 750000
 eval_episode_return:  0.00
 train_episode_return:  0.00
 train_exploration_epsilon: 0.100
 train_frame_rate:  164
I1002 16:42:14.263688 47855750186816 run_miniworld.py:239] Data collection iteration 31.
I1002 16:44:47.121957 47855750186816 run_miniworld.py:246] Evaluation iteration 31.
I1002 16:44:56.249970 47855750186816 run_miniworld.py:263] iteration:  31
 frame: 775000
 eval_episode_return:  0.00
 train_episode_return:  0.04
 train_exploration_epsilon: 0.100
 train_frame_rate:  164
I1002 16:44:56.561330 47855750186816 run_miniworld.py:239] Data collection iteration 32.
I1002 16:47:29.428819 47855750186816 run_miniworld.py:246] Evaluation iteration 32.
I1002 16:47:38.382382 47855750186816 run_miniworld.py:263] iteration:  32
 frame: 800000
 eval_episode_return:  0.00
 train_episode_return:  0.00
 train_exploration_epsilon: 0.100
 train_frame_rate:  164
I1002 16:47:38.697723 47855750186816 run_miniworld.py:239] Data collection iteration 33.
I1002 16:50:13.416297 47855750186816 run_miniworld.py:246] Evaluation iteration 33.
I1002 16:50:22.617326 47855750186816 run_miniworld.py:263] iteration:  33
 frame: 825000
 eval_episode_return:  0.00
 train_episode_return:  0.00
 train_exploration_epsilon: 0.100
 train_frame_rate:  162
I1002 16:50:22.982203 47855750186816 run_miniworld.py:239] Data collection iteration 34.
I1002 16:52:55.554119 47855750186816 run_miniworld.py:246] Evaluation iteration 34.
I1002 16:53:04.373992 47855750186816 run_miniworld.py:263] iteration:  34
 frame: 850000
 eval_episode_return:  0.00
 train_episode_return:  0.00
 train_exploration_epsilon: 0.100
 train_frame_rate:  164
I1002 16:53:04.687784 47855750186816 run_miniworld.py:239] Data collection iteration 35.
I1002 16:55:38.206993 47855750186816 run_miniworld.py:246] Evaluation iteration 35.
I1002 16:55:47.230789 47855750186816 run_miniworld.py:263] iteration:  35
 frame: 875000
 eval_episode_return:  0.00
 train_episode_return:  0.00
 train_exploration_epsilon: 0.100
 train_frame_rate:  163
I1002 16:55:47.543315 47855750186816 run_miniworld.py:239] Data collection iteration 36.
I1002 16:58:21.462816 47855750186816 run_miniworld.py:246] Evaluation iteration 36.
I1002 16:58:30.447579 47855750186816 run_miniworld.py:263] iteration:  36
 frame: 900000
 eval_episode_return:  0.00
 train_episode_return:  0.00
 train_exploration_epsilon: 0.100
 train_frame_rate:  162
I1002 16:58:30.763214 47855750186816 run_miniworld.py:239] Data collection iteration 37.
I1002 17:01:05.371686 47855750186816 run_miniworld.py:246] Evaluation iteration 37.
I1002 17:01:14.527245 47855750186816 run_miniworld.py:263] iteration:  37
 frame: 925000
 eval_episode_return:  0.00
 train_episode_return:  0.04
 train_exploration_epsilon: 0.100
 train_frame_rate:  162
I1002 17:01:14.841703 47855750186816 run_miniworld.py:239] Data collection iteration 38.
I1002 17:03:50.834880 47855750186816 run_miniworld.py:246] Evaluation iteration 38.
I1002 17:03:59.908894 47855750186816 run_miniworld.py:263] iteration:  38
 frame: 950000
 eval_episode_return:  0.00
 train_episode_return:  0.04
 train_exploration_epsilon: 0.100
 train_frame_rate:  160
I1002 17:04:00.238429 47855750186816 run_miniworld.py:239] Data collection iteration 39.
I1002 17:06:40.759033 47855750186816 run_miniworld.py:246] Evaluation iteration 39.
I1002 17:06:50.338454 47855750186816 run_miniworld.py:263] iteration:  39
 frame: 975000
 eval_episode_return:  0.00
 train_episode_return:  0.04
 train_exploration_epsilon: 0.100
 train_frame_rate:  156
I1002 17:06:50.663007 47855750186816 run_miniworld.py:239] Data collection iteration 40.
I1002 17:09:26.426655 47855750186816 run_miniworld.py:246] Evaluation iteration 40.
I1002 17:09:35.706338 47855750186816 run_miniworld.py:263] iteration:  40
 frame: 1000000
 eval_episode_return:  0.00
 train_episode_return:  0.00
 train_exploration_epsilon: 0.100
 train_frame_rate:  161
I1002 17:09:36.024270 47855750186816 run_miniworld.py:239] Data collection iteration 41.
I1002 17:12:22.341350 47855750186816 run_miniworld.py:246] Evaluation iteration 41.
I1002 17:12:31.653253 47855750186816 run_miniworld.py:263] iteration:  41
 frame: 1025000
 eval_episode_return:  0.00
 train_episode_return:  0.00
 train_exploration_epsilon: 0.100
 train_frame_rate:  150
I1002 17:12:31.974519 47855750186816 run_miniworld.py:239] Data collection iteration 42.
I1002 17:15:13.600183 47855750186816 run_miniworld.py:246] Evaluation iteration 42.
I1002 17:15:22.799273 47855750186816 run_miniworld.py:263] iteration:  42
 frame: 1050000
 eval_episode_return:  0.00
 train_episode_return:  0.00
 train_exploration_epsilon: 0.100
 train_frame_rate:  155
I1002 17:15:23.142551 47855750186816 run_miniworld.py:239] Data collection iteration 43.
I1002 17:18:04.604231 47855750186816 run_miniworld.py:246] Evaluation iteration 43.
I1002 17:18:13.656529 47855750186816 run_miniworld.py:263] iteration:  43
 frame: 1075000
 eval_episode_return:  0.00
 train_episode_return:  0.00
 train_exploration_epsilon: 0.100
 train_frame_rate:  155
I1002 17:18:13.971914 47855750186816 run_miniworld.py:239] Data collection iteration 44.
I1002 17:20:53.967210 47855750186816 run_miniworld.py:246] Evaluation iteration 44.
I1002 17:21:02.933530 47855750186816 run_miniworld.py:263] iteration:  44
 frame: 1100000
 eval_episode_return:  0.00
 train_episode_return:  0.00
 train_exploration_epsilon: 0.100
 train_frame_rate:  156
I1002 17:21:03.249616 47855750186816 run_miniworld.py:239] Data collection iteration 45.
I1002 17:23:38.786421 47855750186816 run_miniworld.py:246] Evaluation iteration 45.
I1002 17:23:47.780128 47855750186816 run_miniworld.py:263] iteration:  45
 frame: 1125000
 eval_episode_return:  0.00
 train_episode_return:  0.00
 train_exploration_epsilon: 0.100
 train_frame_rate:  161
I1002 17:23:48.092141 47855750186816 run_miniworld.py:239] Data collection iteration 46.
I1002 17:26:22.441190 47855750186816 run_miniworld.py:246] Evaluation iteration 46.
I1002 17:26:31.737059 47855750186816 run_miniworld.py:263] iteration:  46
 frame: 1150000
 eval_episode_return:  0.00
 train_episode_return:  0.00
 train_exploration_epsilon: 0.100
 train_frame_rate:  162
I1002 17:26:32.050719 47855750186816 run_miniworld.py:239] Data collection iteration 47.
I1002 17:29:06.613839 47855750186816 run_miniworld.py:246] Evaluation iteration 47.
I1002 17:29:15.872336 47855750186816 run_miniworld.py:263] iteration:  47
 frame: 1175000
 eval_episode_return:  0.00
 train_episode_return:  0.00
 train_exploration_epsilon: 0.100
 train_frame_rate:  162
I1002 17:29:16.187763 47855750186816 run_miniworld.py:239] Data collection iteration 48.
I1002 17:31:52.926517 47855750186816 run_miniworld.py:246] Evaluation iteration 48.
I1002 17:32:02.249255 47855750186816 run_miniworld.py:263] iteration:  48
 frame: 1200000
 eval_episode_return:  0.00
 train_episode_return:  0.00
 train_exploration_epsilon: 0.100
 train_frame_rate:  160
I1002 17:32:02.563637 47855750186816 run_miniworld.py:239] Data collection iteration 49.
I1002 17:34:39.068287 47855750186816 run_miniworld.py:246] Evaluation iteration 49.
I1002 17:34:48.180588 47855750186816 run_miniworld.py:263] iteration:  49
 frame: 1225000
 eval_episode_return:  0.00
 train_episode_return:  0.04
 train_exploration_epsilon: 0.100
 train_frame_rate:  160
I1002 17:34:48.496607 47855750186816 run_miniworld.py:239] Data collection iteration 50.
I1002 17:37:25.102189 47855750186816 run_miniworld.py:246] Evaluation iteration 50.
I1002 17:37:34.326763 47855750186816 run_miniworld.py:263] iteration:  50
 frame: 1250000
 eval_episode_return:  0.00
 train_episode_return:  0.00
 train_exploration_epsilon: 0.100
 train_frame_rate:  160
I1002 17:37:34.647837 47855750186816 run_miniworld.py:239] Data collection iteration 51.
I1002 17:40:11.751761 47855750186816 run_miniworld.py:246] Evaluation iteration 51.
I1002 17:40:20.647510 47855750186816 run_miniworld.py:263] iteration:  51
 frame: 1275000
 eval_episode_return:  0.00
 train_episode_return:  0.04
 train_exploration_epsilon: 0.100
 train_frame_rate:  159
I1002 17:40:20.969492 47855750186816 run_miniworld.py:239] Data collection iteration 52.
I1002 17:42:57.566222 47855750186816 run_miniworld.py:246] Evaluation iteration 52.
I1002 17:43:06.591897 47855750186816 run_miniworld.py:263] iteration:  52
 frame: 1300000
 eval_episode_return:  0.00
 train_episode_return:  0.00
 train_exploration_epsilon: 0.100
 train_frame_rate:  160
I1002 17:43:06.913364 47855750186816 run_miniworld.py:239] Data collection iteration 53.
I1002 17:45:43.492761 47855750186816 run_miniworld.py:246] Evaluation iteration 53.
I1002 17:45:52.452622 47855750186816 run_miniworld.py:263] iteration:  53
 frame: 1325000
 eval_episode_return:  0.00
 train_episode_return:  0.04
 train_exploration_epsilon: 0.100
 train_frame_rate:  160
I1002 17:45:52.771339 47855750186816 run_miniworld.py:239] Data collection iteration 54.
I1002 17:48:26.152154 47855750186816 run_miniworld.py:246] Evaluation iteration 54.
I1002 17:48:35.081013 47855750186816 run_miniworld.py:263] iteration:  54
 frame: 1350000
 eval_episode_return:  0.00
 train_episode_return:  0.00
 train_exploration_epsilon: 0.100
 train_frame_rate:  163
I1002 17:48:35.400700 47855750186816 run_miniworld.py:239] Data collection iteration 55.
I1002 17:51:09.250640 47855750186816 run_miniworld.py:246] Evaluation iteration 55.
I1002 17:51:18.068693 47855750186816 run_miniworld.py:263] iteration:  55
 frame: 1375000
 eval_episode_return:  0.00
 train_episode_return:  0.00
 train_exploration_epsilon: 0.100
 train_frame_rate:  162
I1002 17:51:18.380634 47855750186816 run_miniworld.py:239] Data collection iteration 56.
I1002 17:53:51.397881 47855750186816 run_miniworld.py:246] Evaluation iteration 56.
I1002 17:54:00.726591 47855750186816 run_miniworld.py:263] iteration:  56
 frame: 1400000
 eval_episode_return:  0.00
 train_episode_return:  0.04
 train_exploration_epsilon: 0.100
 train_frame_rate:  163
I1002 17:54:01.046219 47855750186816 run_miniworld.py:239] Data collection iteration 57.
I1002 17:56:35.569567 47855750186816 run_miniworld.py:246] Evaluation iteration 57.
I1002 17:56:44.559645 47855750186816 run_miniworld.py:263] iteration:  57
 frame: 1425000
 eval_episode_return:  0.00
 train_episode_return:  0.00
 train_exploration_epsilon: 0.100
 train_frame_rate:  162
I1002 17:56:44.873227 47855750186816 run_miniworld.py:239] Data collection iteration 58.
I1002 17:59:19.530474 47855750186816 run_miniworld.py:246] Evaluation iteration 58.
I1002 17:59:28.634438 47855750186816 run_miniworld.py:263] iteration:  58
 frame: 1450000
 eval_episode_return:  0.00
 train_episode_return:  0.00
 train_exploration_epsilon: 0.100
 train_frame_rate:  162
I1002 17:59:28.950481 47855750186816 run_miniworld.py:239] Data collection iteration 59.
I1002 18:02:03.666252 47855750186816 run_miniworld.py:246] Evaluation iteration 59.
I1002 18:02:12.655048 47855750186816 run_miniworld.py:263] iteration:  59
 frame: 1475000
 eval_episode_return:  0.00
 train_episode_return:  0.00
 train_exploration_epsilon: 0.100
 train_frame_rate:  162
I1002 18:02:12.971760 47855750186816 run_miniworld.py:239] Data collection iteration 60.
I1002 18:04:48.103011 47855750186816 run_miniworld.py:246] Evaluation iteration 60.
I1002 18:04:57.226768 47855750186816 run_miniworld.py:263] iteration:  60
 frame: 1500000
 eval_episode_return:  0.00
 train_episode_return:  0.04
 train_exploration_epsilon: 0.100
 train_frame_rate:  161
I1002 18:04:57.542119 47855750186816 run_miniworld.py:239] Data collection iteration 61.
I1002 18:07:32.008954 47855750186816 run_miniworld.py:246] Evaluation iteration 61.
I1002 18:07:41.250959 47855750186816 run_miniworld.py:263] iteration:  61
 frame: 1525000
 eval_episode_return:  0.00
 train_episode_return:  0.00
 train_exploration_epsilon: 0.100
 train_frame_rate:  162
I1002 18:07:41.566686 47855750186816 run_miniworld.py:239] Data collection iteration 62.
I1002 18:10:17.012093 47855750186816 run_miniworld.py:246] Evaluation iteration 62.
I1002 18:10:26.212524 47855750186816 run_miniworld.py:263] iteration:  62
 frame: 1550000
 eval_episode_return:  0.00
 train_episode_return:  0.00
 train_exploration_epsilon: 0.100
 train_frame_rate:  161
I1002 18:10:26.533148 47855750186816 run_miniworld.py:239] Data collection iteration 63.
I1002 18:13:01.237603 47855750186816 run_miniworld.py:246] Evaluation iteration 63.
I1002 18:13:10.284034 47855750186816 run_miniworld.py:263] iteration:  63
 frame: 1575000
 eval_episode_return:  0.00
 train_episode_return:  0.04
 train_exploration_epsilon: 0.100
 train_frame_rate:  162
I1002 18:13:10.620972 47855750186816 run_miniworld.py:239] Data collection iteration 64.
I1002 18:15:44.442171 47855750186816 run_miniworld.py:246] Evaluation iteration 64.
I1002 18:15:53.659953 47855750186816 run_miniworld.py:263] iteration:  64
 frame: 1600000
 eval_episode_return:  0.00
 train_episode_return:  0.08
 train_exploration_epsilon: 0.100
 train_frame_rate:  163
I1002 18:15:53.978363 47855750186816 run_miniworld.py:239] Data collection iteration 65.
I1002 18:20:40.640646 47855750186816 run_miniworld.py:246] Evaluation iteration 65.
I1002 18:20:49.775751 47855750186816 run_miniworld.py:263] iteration:  65
 frame: 1625000
 eval_episode_return:  0.00
 train_episode_return:  0.00
 train_exploration_epsilon: 0.100
 train_frame_rate:   87
I1002 18:20:50.092655 47855750186816 run_miniworld.py:239] Data collection iteration 66.
I1002 18:23:24.506948 47855750186816 run_miniworld.py:246] Evaluation iteration 66.
I1002 18:23:33.860682 47855750186816 run_miniworld.py:263] iteration:  66
 frame: 1650000
 eval_episode_return:  0.00
 train_episode_return:  0.04
 train_exploration_epsilon: 0.100
 train_frame_rate:  162
I1002 18:23:34.175441 47855750186816 run_miniworld.py:239] Data collection iteration 67.
I1002 18:26:09.538906 47855750186816 run_miniworld.py:246] Evaluation iteration 67.
I1002 18:26:18.599214 47855750186816 run_miniworld.py:263] iteration:  67
 frame: 1675000
 eval_episode_return:  0.00
 train_episode_return:  0.04
 train_exploration_epsilon: 0.100
 train_frame_rate:  161
I1002 18:26:18.915020 47855750186816 run_miniworld.py:239] Data collection iteration 68.
I1002 18:28:52.341728 47855750186816 run_miniworld.py:246] Evaluation iteration 68.
I1002 18:29:01.425212 47855750186816 run_miniworld.py:263] iteration:  68
 frame: 1700000
 eval_episode_return:  0.00
 train_episode_return:  0.00
 train_exploration_epsilon: 0.100
 train_frame_rate:  163
I1002 18:29:01.741624 47855750186816 run_miniworld.py:239] Data collection iteration 69.
I1002 18:31:35.232694 47855750186816 run_miniworld.py:246] Evaluation iteration 69.
I1002 18:31:44.328073 47855750186816 run_miniworld.py:263] iteration:  69
 frame: 1725000
 eval_episode_return:  0.00
 train_episode_return:  0.08
 train_exploration_epsilon: 0.100
 train_frame_rate:  163
I1002 18:31:44.643775 47855750186816 run_miniworld.py:239] Data collection iteration 70.
I1002 18:34:19.327429 47855750186816 run_miniworld.py:246] Evaluation iteration 70.
I1002 18:34:28.628304 47855750186816 run_miniworld.py:263] iteration:  70
 frame: 1750000
 eval_episode_return:  0.00
 train_episode_return:  0.00
 train_exploration_epsilon: 0.100
 train_frame_rate:  162
I1002 18:34:28.945498 47855750186816 run_miniworld.py:239] Data collection iteration 71.
I1002 18:37:02.591967 47855750186816 run_miniworld.py:246] Evaluation iteration 71.
I1002 18:37:13.952822 47855750186816 run_miniworld.py:263] iteration:  71
 frame: 1775000
 eval_episode_return:  0.00
 train_episode_return:  0.04
 train_exploration_epsilon: 0.100
 train_frame_rate:  163
I1002 18:37:14.264318 47855750186816 run_miniworld.py:239] Data collection iteration 72.
I1002 18:39:48.018094 47855750186816 run_miniworld.py:246] Evaluation iteration 72.
I1002 18:39:57.290518 47855750186816 run_miniworld.py:263] iteration:  72
 frame: 1800000
 eval_episode_return:  0.00
 train_episode_return:  0.00
 train_exploration_epsilon: 0.100
 train_frame_rate:  163
I1002 18:39:57.611087 47855750186816 run_miniworld.py:239] Data collection iteration 73.
I1002 18:42:31.346546 47855750186816 run_miniworld.py:246] Evaluation iteration 73.
I1002 18:42:40.470505 47855750186816 run_miniworld.py:263] iteration:  73
 frame: 1825000
 eval_episode_return:  0.00
 train_episode_return:  0.00
 train_exploration_epsilon: 0.100
 train_frame_rate:  163
I1002 18:42:40.787779 47855750186816 run_miniworld.py:239] Data collection iteration 74.
I1002 18:45:14.893033 47855750186816 run_miniworld.py:246] Evaluation iteration 74.
I1002 18:45:23.780252 47855750186816 run_miniworld.py:263] iteration:  74
 frame: 1850000
 eval_episode_return:  0.00
 train_episode_return:  0.04
 train_exploration_epsilon: 0.100
 train_frame_rate:  162
I1002 18:45:24.097297 47855750186816 run_miniworld.py:239] Data collection iteration 75.
I1002 18:47:59.113416 47855750186816 run_miniworld.py:246] Evaluation iteration 75.
I1002 18:48:08.202159 47855750186816 run_miniworld.py:263] iteration:  75
 frame: 1875000
 eval_episode_return:  0.00
 train_episode_return:  0.00
 train_exploration_epsilon: 0.100
 train_frame_rate:  161
I1002 18:48:08.517657 47855750186816 run_miniworld.py:239] Data collection iteration 76.
I1002 18:50:43.574319 47855750186816 run_miniworld.py:246] Evaluation iteration 76.
I1002 18:50:52.654739 47855750186816 run_miniworld.py:263] iteration:  76
 frame: 1900000
 eval_episode_return:  0.00
 train_episode_return:  0.00
 train_exploration_epsilon: 0.100
 train_frame_rate:  161
I1002 18:50:53.033037 47855750186816 run_miniworld.py:239] Data collection iteration 77.
I1002 18:53:29.190865 47855750186816 run_miniworld.py:246] Evaluation iteration 77.
I1002 18:53:38.437894 47855750186816 run_miniworld.py:263] iteration:  77
 frame: 1925000
 eval_episode_return:  0.00
 train_episode_return:  0.00
 train_exploration_epsilon: 0.100
 train_frame_rate:  160
I1002 18:53:38.763595 47855750186816 run_miniworld.py:239] Data collection iteration 78.
I1002 18:56:18.638499 47855750186816 run_miniworld.py:246] Evaluation iteration 78.
I1002 18:56:28.060202 47855750186816 run_miniworld.py:263] iteration:  78
 frame: 1950000
 eval_episode_return:  0.00
 train_episode_return:  0.04
 train_exploration_epsilon: 0.100
 train_frame_rate:  156
I1002 18:56:28.376099 47855750186816 run_miniworld.py:239] Data collection iteration 79.
I1002 18:59:08.832873 47855750186816 run_miniworld.py:246] Evaluation iteration 79.
I1002 18:59:18.193982 47855750186816 run_miniworld.py:263] iteration:  79
 frame: 1975000
 eval_episode_return:  0.00
 train_episode_return:  0.08
 train_exploration_epsilon: 0.100
 train_frame_rate:  156
I1002 18:59:18.511665 47855750186816 run_miniworld.py:239] Data collection iteration 80.
I1002 19:01:58.447978 47855750186816 run_miniworld.py:246] Evaluation iteration 80.
I1002 19:02:07.607064 47855750186816 run_miniworld.py:263] iteration:  80
 frame: 2000000
 eval_episode_return:  0.00
 train_episode_return:  0.08
 train_exploration_epsilon: 0.100
 train_frame_rate:  156
I1002 19:02:07.991042 47855750186816 run_miniworld.py:239] Data collection iteration 81.
I1002 19:04:47.088661 47855750186816 run_miniworld.py:246] Evaluation iteration 81.
I1002 19:04:55.889909 47855750186816 run_miniworld.py:263] iteration:  81
 frame: 2025000
 eval_episode_return:  0.00
 train_episode_return:  0.00
 train_exploration_epsilon: 0.100
 train_frame_rate:  157
I1002 19:04:56.212242 47855750186816 run_miniworld.py:239] Data collection iteration 82.
I1002 19:07:32.050482 47855750186816 run_miniworld.py:246] Evaluation iteration 82.
I1002 19:07:40.931673 47855750186816 run_miniworld.py:263] iteration:  82
 frame: 2050000
 eval_episode_return:  0.00
 train_episode_return:  0.00
 train_exploration_epsilon: 0.100
 train_frame_rate:  160
I1002 19:07:41.255125 47855750186816 run_miniworld.py:239] Data collection iteration 83.
I1002 19:10:17.761530 47855750186816 run_miniworld.py:246] Evaluation iteration 83.
I1002 19:10:26.938930 47855750186816 run_miniworld.py:263] iteration:  83
 frame: 2075000
 eval_episode_return:  0.00
 train_episode_return:  0.04
 train_exploration_epsilon: 0.100
 train_frame_rate:  160
I1002 19:10:27.259624 47855750186816 run_miniworld.py:239] Data collection iteration 84.
I1002 19:13:04.580277 47855750186816 run_miniworld.py:246] Evaluation iteration 84.
I1002 19:13:13.607455 47855750186816 run_miniworld.py:263] iteration:  84
 frame: 2100000
 eval_episode_return:  0.00
 train_episode_return:  0.00
 train_exploration_epsilon: 0.100
 train_frame_rate:  159
I1002 19:13:13.956668 47855750186816 run_miniworld.py:239] Data collection iteration 85.
I1002 19:15:52.506467 47855750186816 run_miniworld.py:246] Evaluation iteration 85.
I1002 19:16:02.071177 47855750186816 run_miniworld.py:263] iteration:  85
 frame: 2125000
 eval_episode_return:  0.00
 train_episode_return:  0.04
 train_exploration_epsilon: 0.100
 train_frame_rate:  158
I1002 19:16:02.407690 47855750186816 run_miniworld.py:239] Data collection iteration 86.
I1002 19:18:40.405652 47855750186816 run_miniworld.py:246] Evaluation iteration 86.
I1002 19:18:49.977591 47855750186816 run_miniworld.py:263] iteration:  86
 frame: 2150000
 eval_episode_return:  0.00
 train_episode_return:  0.08
 train_exploration_epsilon: 0.100
 train_frame_rate:  158
I1002 19:18:50.308832 47855750186816 run_miniworld.py:239] Data collection iteration 87.
I1002 19:21:29.839283 47855750186816 run_miniworld.py:246] Evaluation iteration 87.
I1002 19:21:39.091696 47855750186816 run_miniworld.py:263] iteration:  87
 frame: 2175000
 eval_episode_return:  0.00
 train_episode_return:  0.00
 train_exploration_epsilon: 0.100
 train_frame_rate:  157
I1002 19:21:39.415798 47855750186816 run_miniworld.py:239] Data collection iteration 88.
I1002 19:24:18.788345 47855750186816 run_miniworld.py:246] Evaluation iteration 88.
I1002 19:24:27.951777 47855750186816 run_miniworld.py:263] iteration:  88
 frame: 2200000
 eval_episode_return:  0.00
 train_episode_return:  0.04
 train_exploration_epsilon: 0.100
 train_frame_rate:  157
I1002 19:24:28.284968 47855750186816 run_miniworld.py:239] Data collection iteration 89.
I1002 19:27:08.636828 47855750186816 run_miniworld.py:246] Evaluation iteration 89.
I1002 19:27:17.715501 47855750186816 run_miniworld.py:263] iteration:  89
 frame: 2225000
 eval_episode_return:  0.00
 train_episode_return:  0.04
 train_exploration_epsilon: 0.100
 train_frame_rate:  156
I1002 19:27:18.041696 47855750186816 run_miniworld.py:239] Data collection iteration 90.
I1002 19:29:56.749019 47855750186816 run_miniworld.py:246] Evaluation iteration 90.
I1002 19:30:06.165753 47855750186816 run_miniworld.py:263] iteration:  90
 frame: 2250000
 eval_episode_return:  0.00
 train_episode_return:  0.00
 train_exploration_epsilon: 0.100
 train_frame_rate:  158
I1002 19:30:06.495863 47855750186816 run_miniworld.py:239] Data collection iteration 91.
I1002 19:32:40.862317 47855750186816 run_miniworld.py:246] Evaluation iteration 91.
I1002 19:32:50.307667 47855750186816 run_miniworld.py:263] iteration:  91
 frame: 2275000
 eval_episode_return:  0.00
 train_episode_return:  0.00
 train_exploration_epsilon: 0.100
 train_frame_rate:  162
I1002 19:32:50.646742 47855750186816 run_miniworld.py:239] Data collection iteration 92.
I1002 19:35:25.561879 47855750186816 run_miniworld.py:246] Evaluation iteration 92.
I1002 19:35:34.802097 47855750186816 run_miniworld.py:263] iteration:  92
 frame: 2300000
 eval_episode_return:  0.00
 train_episode_return:  0.04
 train_exploration_epsilon: 0.100
 train_frame_rate:  161
I1002 19:35:35.131266 47855750186816 run_miniworld.py:239] Data collection iteration 93.
I1002 19:38:09.936486 47855750186816 run_miniworld.py:246] Evaluation iteration 93.
I1002 19:38:18.940163 47855750186816 run_miniworld.py:263] iteration:  93
 frame: 2325000
 eval_episode_return:  0.00
 train_episode_return:  0.00
 train_exploration_epsilon: 0.100
 train_frame_rate:  161
I1002 19:38:19.265744 47855750186816 run_miniworld.py:239] Data collection iteration 94.
I1002 19:40:54.532036 47855750186816 run_miniworld.py:246] Evaluation iteration 94.
I1002 19:41:03.880428 47855750186816 run_miniworld.py:263] iteration:  94
 frame: 2350000
 eval_episode_return:  0.00
 train_episode_return:  0.00
 train_exploration_epsilon: 0.100
 train_frame_rate:  161
I1002 19:41:04.207634 47855750186816 run_miniworld.py:239] Data collection iteration 95.
I1002 19:43:39.035099 47855750186816 run_miniworld.py:246] Evaluation iteration 95.
I1002 19:43:48.724281 47855750186816 run_miniworld.py:263] iteration:  95
 frame: 2375000
 eval_episode_return:  0.00
 train_episode_return:  0.00
 train_exploration_epsilon: 0.100
 train_frame_rate:  161
I1002 19:43:49.055318 47855750186816 run_miniworld.py:239] Data collection iteration 96.
I1002 19:46:28.090374 47855750186816 run_miniworld.py:246] Evaluation iteration 96.
I1002 19:46:38.084556 47855750186816 run_miniworld.py:263] iteration:  96
 frame: 2400000
 eval_episode_return:  0.00
 train_episode_return:  0.04
 train_exploration_epsilon: 0.100
 train_frame_rate:  157
I1002 19:46:38.457030 47855750186816 run_miniworld.py:239] Data collection iteration 97.
I1002 19:49:21.674324 47855750186816 run_miniworld.py:246] Evaluation iteration 97.
I1002 19:49:31.394548 47855750186816 run_miniworld.py:263] iteration:  97
 frame: 2425000
 eval_episode_return:  0.00
 train_episode_return:  0.00
 train_exploration_epsilon: 0.100
 train_frame_rate:  153
I1002 19:49:31.732746 47855750186816 run_miniworld.py:239] Data collection iteration 98.
I1002 19:52:09.766383 47855750186816 run_miniworld.py:246] Evaluation iteration 98.
I1002 19:52:19.322079 47855750186816 run_miniworld.py:263] iteration:  98
 frame: 2450000
 eval_episode_return:  0.00
 train_episode_return:  0.00
 train_exploration_epsilon: 0.100
 train_frame_rate:  158
I1002 19:52:19.660641 47855750186816 run_miniworld.py:239] Data collection iteration 99.
I1002 19:55:02.772763 47855750186816 run_miniworld.py:246] Evaluation iteration 99.
I1002 19:55:12.349893 47855750186816 run_miniworld.py:263] iteration:  99
 frame: 2475000
 eval_episode_return:  0.00
 train_episode_return:  0.00
 train_exploration_epsilon: 0.100
 train_frame_rate:  153
I1002 19:55:12.686767 47855750186816 run_miniworld.py:239] Data collection iteration 100.
I1002 19:57:49.437256 47855750186816 run_miniworld.py:246] Evaluation iteration 100.
I1002 19:57:58.745422 47855750186816 run_miniworld.py:263] iteration: 100
 frame: 2500000
 eval_episode_return:  0.00
 train_episode_return:  0.04
 train_exploration_epsilon: 0.100
 train_frame_rate:  159
I1002 19:57:59.083477 47855750186816 run_miniworld.py:239] Data collection iteration 101.
I1002 20:00:36.381043 47855750186816 run_miniworld.py:246] Evaluation iteration 101.
I1002 20:00:45.947501 47855750186816 run_miniworld.py:263] iteration: 101
 frame: 2525000
 eval_episode_return:  0.00
 train_episode_return:  0.00
 train_exploration_epsilon: 0.100
 train_frame_rate:  159
I1002 20:00:46.283997 47855750186816 run_miniworld.py:239] Data collection iteration 102.
I1002 20:03:22.802766 47855750186816 run_miniworld.py:246] Evaluation iteration 102.
I1002 20:03:32.456249 47855750186816 run_miniworld.py:263] iteration: 102
 frame: 2550000
 eval_episode_return:  0.00
 train_episode_return:  0.00
 train_exploration_epsilon: 0.100
 train_frame_rate:  160
I1002 20:03:32.791787 47855750186816 run_miniworld.py:239] Data collection iteration 103.
I1002 20:06:10.658752 47855750186816 run_miniworld.py:246] Evaluation iteration 103.
I1002 20:06:20.373240 47855750186816 run_miniworld.py:263] iteration: 103
 frame: 2575000
 eval_episode_return:  0.00
 train_episode_return:  0.04
 train_exploration_epsilon: 0.100
 train_frame_rate:  158
I1002 20:06:20.711825 47855750186816 run_miniworld.py:239] Data collection iteration 104.
I1002 20:08:57.154478 47855750186816 run_miniworld.py:246] Evaluation iteration 104.
I1002 20:09:06.680587 47855750186816 run_miniworld.py:263] iteration: 104
 frame: 2600000
 eval_episode_return:  0.00
 train_episode_return:  0.00
 train_exploration_epsilon: 0.100
 train_frame_rate:  160
I1002 20:09:07.018082 47855750186816 run_miniworld.py:239] Data collection iteration 105.
I1002 20:11:42.642164 47855750186816 run_miniworld.py:246] Evaluation iteration 105.
I1002 20:11:51.992233 47855750186816 run_miniworld.py:263] iteration: 105
 frame: 2625000
 eval_episode_return:  0.00
 train_episode_return:  0.00
 train_exploration_epsilon: 0.100
 train_frame_rate:  161
I1002 20:11:52.325502 47855750186816 run_miniworld.py:239] Data collection iteration 106.
I1002 20:14:27.747690 47855750186816 run_miniworld.py:246] Evaluation iteration 106.
I1002 20:14:37.083969 47855750186816 run_miniworld.py:263] iteration: 106
 frame: 2650000
 eval_episode_return:  0.00
 train_episode_return:  0.00
 train_exploration_epsilon: 0.100
 train_frame_rate:  161
I1002 20:14:37.420509 47855750186816 run_miniworld.py:239] Data collection iteration 107.
I1002 20:17:12.331381 47855750186816 run_miniworld.py:246] Evaluation iteration 107.
I1002 20:17:21.433926 47855750186816 run_miniworld.py:263] iteration: 107
 frame: 2675000
 eval_episode_return:  0.00
 train_episode_return:  0.04
 train_exploration_epsilon: 0.100
 train_frame_rate:  161
I1002 20:17:21.774457 47855750186816 run_miniworld.py:239] Data collection iteration 108.
I1002 20:19:57.766407 47855750186816 run_miniworld.py:246] Evaluation iteration 108.
I1002 20:20:07.096842 47855750186816 run_miniworld.py:263] iteration: 108
 frame: 2700000
 eval_episode_return:  0.00
 train_episode_return:  0.00
 train_exploration_epsilon: 0.100
 train_frame_rate:  160
I1002 20:20:07.438332 47855750186816 run_miniworld.py:239] Data collection iteration 109.
I1002 20:22:43.859476 47855750186816 run_miniworld.py:246] Evaluation iteration 109.
I1002 20:22:53.349007 47855750186816 run_miniworld.py:263] iteration: 109
 frame: 2725000
 eval_episode_return:  0.00
 train_episode_return:  0.08
 train_exploration_epsilon: 0.100
 train_frame_rate:  160
I1002 20:22:53.684028 47855750186816 run_miniworld.py:239] Data collection iteration 110.
I1002 20:25:30.350010 47855750186816 run_miniworld.py:246] Evaluation iteration 110.
I1002 20:25:40.062438 47855750186816 run_miniworld.py:263] iteration: 110
 frame: 2750000
 eval_episode_return:  0.00
 train_episode_return:  0.04
 train_exploration_epsilon: 0.100
 train_frame_rate:  160
I1002 20:25:40.402060 47855750186816 run_miniworld.py:239] Data collection iteration 111.
I1002 20:28:18.924876 47855750186816 run_miniworld.py:246] Evaluation iteration 111.
I1002 20:28:28.362202 47855750186816 run_miniworld.py:263] iteration: 111
 frame: 2775000
 eval_episode_return:  0.00
 train_episode_return:  0.00
 train_exploration_epsilon: 0.100
 train_frame_rate:  158
I1002 20:28:28.698278 47855750186816 run_miniworld.py:239] Data collection iteration 112.
I1002 20:31:05.563370 47855750186816 run_miniworld.py:246] Evaluation iteration 112.
I1002 20:31:14.660378 47855750186816 run_miniworld.py:263] iteration: 112
 frame: 2800000
 eval_episode_return:  0.00
 train_episode_return:  0.00
 train_exploration_epsilon: 0.100
 train_frame_rate:  159
I1002 20:31:14.998839 47855750186816 run_miniworld.py:239] Data collection iteration 113.
I1002 20:33:49.919227 47855750186816 run_miniworld.py:246] Evaluation iteration 113.
I1002 20:33:59.136960 47855750186816 run_miniworld.py:263] iteration: 113
 frame: 2825000
 eval_episode_return:  0.00
 train_episode_return:  0.12
 train_exploration_epsilon: 0.100
 train_frame_rate:  161
I1002 20:33:59.485238 47855750186816 run_miniworld.py:239] Data collection iteration 114.
I1002 20:36:34.452149 47855750186816 run_miniworld.py:246] Evaluation iteration 114.
I1002 20:36:43.872888 47855750186816 run_miniworld.py:263] iteration: 114
 frame: 2850000
 eval_episode_return:  0.00
 train_episode_return:  0.04
 train_exploration_epsilon: 0.100
 train_frame_rate:  161
I1002 20:36:44.201575 47855750186816 run_miniworld.py:239] Data collection iteration 115.
I1002 20:39:24.271344 47855750186816 run_miniworld.py:246] Evaluation iteration 115.
I1002 20:39:33.068400 47855750186816 run_miniworld.py:263] iteration: 115
 frame: 2875000
 eval_episode_return:  0.00
 train_episode_return:  0.00
 train_exploration_epsilon: 0.100
 train_frame_rate:  156
I1002 20:39:33.394985 47855750186816 run_miniworld.py:239] Data collection iteration 116.
I1002 20:42:13.557923 47855750186816 run_miniworld.py:246] Evaluation iteration 116.
I1002 20:42:22.701822 47855750186816 run_miniworld.py:263] iteration: 116
 frame: 2900000
 eval_episode_return:  0.00
 train_episode_return:  0.00
 train_exploration_epsilon: 0.100
 train_frame_rate:  156
I1002 20:42:23.069672 47855750186816 run_miniworld.py:239] Data collection iteration 117.
I1002 20:45:03.670011 47855750186816 run_miniworld.py:246] Evaluation iteration 117.
I1002 20:45:13.095958 47855750186816 run_miniworld.py:263] iteration: 117
 frame: 2925000
 eval_episode_return:  0.00
 train_episode_return:  0.00
 train_exploration_epsilon: 0.100
 train_frame_rate:  156
I1002 20:45:13.420549 47855750186816 run_miniworld.py:239] Data collection iteration 118.
I1002 20:47:52.596207 47855750186816 run_miniworld.py:246] Evaluation iteration 118.
I1002 20:48:01.917509 47855750186816 run_miniworld.py:263] iteration: 118
 frame: 2950000
 eval_episode_return:  0.00
 train_episode_return:  0.00
 train_exploration_epsilon: 0.100
 train_frame_rate:  157
I1002 20:48:02.240251 47855750186816 run_miniworld.py:239] Data collection iteration 119.
I1002 20:50:39.851590 47855750186816 run_miniworld.py:246] Evaluation iteration 119.
I1002 20:50:48.711991 47855750186816 run_miniworld.py:263] iteration: 119
 frame: 2975000
 eval_episode_return:  0.00
 train_episode_return:  0.04
 train_exploration_epsilon: 0.100
 train_frame_rate:  159
I1002 20:50:49.057594 47855750186816 run_miniworld.py:239] Data collection iteration 120.
I1002 20:53:25.906941 47855750186816 run_miniworld.py:246] Evaluation iteration 120.
I1002 20:53:35.105112 47855750186816 run_miniworld.py:263] iteration: 120
 frame: 3000000
 eval_episode_return:  0.00
 train_episode_return:  0.04
 train_exploration_epsilon: 0.100
 train_frame_rate:  159
I1002 20:53:35.434871 47855750186816 run_miniworld.py:239] Data collection iteration 121.
I1002 20:56:13.241587 47855750186816 run_miniworld.py:246] Evaluation iteration 121.
I1002 20:56:22.092128 47855750186816 run_miniworld.py:263] iteration: 121
 frame: 3025000
 eval_episode_return:  0.00
 train_episode_return:  0.00
 train_exploration_epsilon: 0.100
 train_frame_rate:  158
I1002 20:56:22.424810 47855750186816 run_miniworld.py:239] Data collection iteration 122.
I1002 20:59:01.834639 47855750186816 run_miniworld.py:246] Evaluation iteration 122.
I1002 20:59:11.368158 47855750186816 run_miniworld.py:263] iteration: 122
 frame: 3050000
 eval_episode_return:  0.00
 train_episode_return:  0.04
 train_exploration_epsilon: 0.100
 train_frame_rate:  157
I1002 20:59:11.763991 47855750186816 run_miniworld.py:239] Data collection iteration 123.
I1002 21:01:51.498896 47855750186816 run_miniworld.py:246] Evaluation iteration 123.
I1002 21:02:00.900419 47855750186816 run_miniworld.py:263] iteration: 123
 frame: 3075000
 eval_episode_return:  0.00
 train_episode_return:  0.04
 train_exploration_epsilon: 0.100
 train_frame_rate:  157
I1002 21:02:01.306358 47855750186816 run_miniworld.py:239] Data collection iteration 124.
I1002 21:04:42.929411 47855750186816 run_miniworld.py:246] Evaluation iteration 124.
I1002 21:04:51.755338 47855750186816 run_miniworld.py:263] iteration: 124
 frame: 3100000
 eval_episode_return:  0.00
 train_episode_return:  0.00
 train_exploration_epsilon: 0.100
 train_frame_rate:  155
I1002 21:04:52.098267 47855750186816 run_miniworld.py:239] Data collection iteration 125.
I1002 21:07:33.196934 47855750186816 run_miniworld.py:246] Evaluation iteration 125.
I1002 21:07:42.764698 47855750186816 run_miniworld.py:263] iteration: 125
 frame: 3125000
 eval_episode_return:  0.00
 train_episode_return:  0.00
 train_exploration_epsilon: 0.100
 train_frame_rate:  155
I1002 21:07:43.175742 47855750186816 run_miniworld.py:239] Data collection iteration 126.
I1002 21:10:25.887454 47855750186816 run_miniworld.py:246] Evaluation iteration 126.
I1002 21:10:35.607368 47855750186816 run_miniworld.py:263] iteration: 126
 frame: 3150000
 eval_episode_return:  0.00
 train_episode_return:  0.00
 train_exploration_epsilon: 0.100
 train_frame_rate:  154
I1002 21:10:36.001292 47855750186816 run_miniworld.py:239] Data collection iteration 127.
I1002 21:13:17.653753 47855750186816 run_miniworld.py:246] Evaluation iteration 127.
I1002 21:13:27.046751 47855750186816 run_miniworld.py:263] iteration: 127
 frame: 3175000
 eval_episode_return:  0.00
 train_episode_return:  0.00
 train_exploration_epsilon: 0.100
 train_frame_rate:  155
I1002 21:13:27.394305 47855750186816 run_miniworld.py:239] Data collection iteration 128.
I1002 21:16:02.778128 47855750186816 run_miniworld.py:246] Evaluation iteration 128.
I1002 21:16:12.130740 47855750186816 run_miniworld.py:263] iteration: 128
 frame: 3200000
 eval_episode_return:  0.00
 train_episode_return:  0.04
 train_exploration_epsilon: 0.100
 train_frame_rate:  161
I1002 21:16:12.523923 47855750186816 run_miniworld.py:239] Data collection iteration 129.
I1002 21:18:48.313152 47855750186816 run_miniworld.py:246] Evaluation iteration 129.
I1002 21:18:57.761899 47855750186816 run_miniworld.py:263] iteration: 129
 frame: 3225000
 eval_episode_return:  0.00
 train_episode_return:  0.08
 train_exploration_epsilon: 0.100
 train_frame_rate:  160
I1002 21:18:58.084885 47855750186816 run_miniworld.py:239] Data collection iteration 130.
I1002 21:21:34.004998 47855750186816 run_miniworld.py:246] Evaluation iteration 130.
I1002 21:21:43.251000 47855750186816 run_miniworld.py:263] iteration: 130
 frame: 3250000
 eval_episode_return:  0.00
 train_episode_return:  0.00
 train_exploration_epsilon: 0.100
 train_frame_rate:  160
I1002 21:21:43.569979 47855750186816 run_miniworld.py:239] Data collection iteration 131.
I1002 21:24:19.928735 47855750186816 run_miniworld.py:246] Evaluation iteration 131.
I1002 21:24:29.361495 47855750186816 run_miniworld.py:263] iteration: 131
 frame: 3275000
 eval_episode_return:  0.00
 train_episode_return:  0.00
 train_exploration_epsilon: 0.100
 train_frame_rate:  160
I1002 21:24:29.789519 47855750186816 run_miniworld.py:239] Data collection iteration 132.
I1002 21:27:07.968655 47855750186816 run_miniworld.py:246] Evaluation iteration 132.
I1002 21:27:17.478826 47855750186816 run_miniworld.py:263] iteration: 132
 frame: 3300000
 eval_episode_return:  0.00
 train_episode_return:  0.00
 train_exploration_epsilon: 0.100
 train_frame_rate:  158
I1002 21:27:17.818067 47855750186816 run_miniworld.py:239] Data collection iteration 133.
I1002 21:29:56.560888 47855750186816 run_miniworld.py:246] Evaluation iteration 133.
I1002 21:30:06.084335 47855750186816 run_miniworld.py:263] iteration: 133
 frame: 3325000
 eval_episode_return:  0.00
 train_episode_return:  0.04
 train_exploration_epsilon: 0.100
 train_frame_rate:  157
I1002 21:30:06.424919 47855750186816 run_miniworld.py:239] Data collection iteration 134.
I1002 21:32:44.806855 47855750186816 run_miniworld.py:246] Evaluation iteration 134.
I1002 21:32:54.298451 47855750186816 run_miniworld.py:263] iteration: 134
 frame: 3350000
 eval_episode_return:  0.00
 train_episode_return:  0.08
 train_exploration_epsilon: 0.100
 train_frame_rate:  158
I1002 21:32:54.660160 47855750186816 run_miniworld.py:239] Data collection iteration 135.
I1002 21:37:29.978437 47855750186816 run_miniworld.py:246] Evaluation iteration 135.
I1002 21:37:38.967325 47855750186816 run_miniworld.py:263] iteration: 135
 frame: 3375000
 eval_episode_return:  0.00
 train_episode_return:  0.04
 train_exploration_epsilon: 0.100
 train_frame_rate:   91
I1002 21:37:39.308143 47855750186816 run_miniworld.py:239] Data collection iteration 136.
I1002 21:40:27.257460 47855750186816 run_miniworld.py:246] Evaluation iteration 136.
I1002 21:40:36.672457 47855750186816 run_miniworld.py:263] iteration: 136
 frame: 3400000
 eval_episode_return:  0.00
 train_episode_return:  0.08
 train_exploration_epsilon: 0.100
 train_frame_rate:  149
I1002 21:40:37.030986 47855750186816 run_miniworld.py:239] Data collection iteration 137.
I1002 21:43:18.185064 47855750186816 run_miniworld.py:246] Evaluation iteration 137.
I1002 21:43:27.524532 47855750186816 run_miniworld.py:263] iteration: 137
 frame: 3425000
 eval_episode_return:  0.00
 train_episode_return:  0.20
 train_exploration_epsilon: 0.100
 train_frame_rate:  155
I1002 21:43:27.873512 47855750186816 run_miniworld.py:239] Data collection iteration 138.
I1002 21:46:12.432765 47855750186816 run_miniworld.py:246] Evaluation iteration 138.
I1002 21:46:21.793909 47855750186816 run_miniworld.py:263] iteration: 138
 frame: 3450000
 eval_episode_return:  0.00
 train_episode_return:  0.12
 train_exploration_epsilon: 0.100
 train_frame_rate:  152
I1002 21:46:22.145573 47855750186816 run_miniworld.py:239] Data collection iteration 139.
I1002 21:49:03.276639 47855750186816 run_miniworld.py:246] Evaluation iteration 139.
I1002 21:49:13.023634 47855750186816 run_miniworld.py:263] iteration: 139
 frame: 3475000
 eval_episode_return:  0.00
 train_episode_return:  0.00
 train_exploration_epsilon: 0.100
 train_frame_rate:  155
I1002 21:49:13.350848 47855750186816 run_miniworld.py:239] Data collection iteration 140.
I1002 21:51:55.813684 47855750186816 run_miniworld.py:246] Evaluation iteration 140.
I1002 21:52:05.616216 47855750186816 run_miniworld.py:263] iteration: 140
 frame: 3500000
 eval_episode_return:  0.00
 train_episode_return:  0.00
 train_exploration_epsilon: 0.100
 train_frame_rate:  154
I1002 21:52:05.967845 47855750186816 run_miniworld.py:239] Data collection iteration 141.
I1002 21:54:48.756375 47855750186816 run_miniworld.py:246] Evaluation iteration 141.
I1002 21:54:58.594634 47855750186816 run_miniworld.py:263] iteration: 141
 frame: 3525000
 eval_episode_return:  0.00
 train_episode_return:  0.12
 train_exploration_epsilon: 0.100
 train_frame_rate:  154
I1002 21:54:58.960913 47855750186816 run_miniworld.py:239] Data collection iteration 142.
I1002 21:57:39.162654 47855750186816 run_miniworld.py:246] Evaluation iteration 142.
I1002 21:57:48.393690 47855750186816 run_miniworld.py:263] iteration: 142
 frame: 3550000
 eval_episode_return:  0.00
 train_episode_return:  0.00
 train_exploration_epsilon: 0.100
 train_frame_rate:  156
I1002 21:57:48.722632 47855750186816 run_miniworld.py:239] Data collection iteration 143.
I1002 22:00:27.551730 47855750186816 run_miniworld.py:246] Evaluation iteration 143.
I1002 22:00:36.767512 47855750186816 run_miniworld.py:263] iteration: 143
 frame: 3575000
 eval_episode_return:  0.00
 train_episode_return:  0.04
 train_exploration_epsilon: 0.100
 train_frame_rate:  157
I1002 22:00:37.137545 47855750186816 run_miniworld.py:239] Data collection iteration 144.
I1002 22:03:16.902122 47855750186816 run_miniworld.py:246] Evaluation iteration 144.
I1002 22:03:26.210376 47855750186816 run_miniworld.py:263] iteration: 144
 frame: 3600000
 eval_episode_return:  0.00
 train_episode_return:  0.04
 train_exploration_epsilon: 0.100
 train_frame_rate:  156
I1002 22:03:26.543622 47855750186816 run_miniworld.py:239] Data collection iteration 145.
I1002 22:06:03.284844 47855750186816 run_miniworld.py:246] Evaluation iteration 145.
I1002 22:06:12.262521 47855750186816 run_miniworld.py:263] iteration: 145
 frame: 3625000
 eval_episode_return:  0.00
 train_episode_return:  0.00
 train_exploration_epsilon: 0.100
 train_frame_rate:  159
I1002 22:06:12.590088 47855750186816 run_miniworld.py:239] Data collection iteration 146.
I1002 22:08:50.685645 47855750186816 run_miniworld.py:246] Evaluation iteration 146.
I1002 22:09:00.730733 47855750186816 run_miniworld.py:263] iteration: 146
 frame: 3650000
 eval_episode_return:  0.00
 train_episode_return:  0.00
 train_exploration_epsilon: 0.100
 train_frame_rate:  158
I1002 22:09:01.077833 47855750186816 run_miniworld.py:239] Data collection iteration 147.
I1002 22:11:41.193389 47855750186816 run_miniworld.py:246] Evaluation iteration 147.
I1002 22:11:50.870894 47855750186816 run_miniworld.py:263] iteration: 147
 frame: 3675000
 eval_episode_return:  0.00
 train_episode_return:  0.00
 train_exploration_epsilon: 0.100
 train_frame_rate:  156
I1002 22:11:51.204502 47855750186816 run_miniworld.py:239] Data collection iteration 148.
I1002 22:14:27.830203 47855750186816 run_miniworld.py:246] Evaluation iteration 148.
I1002 22:14:37.099516 47855750186816 run_miniworld.py:263] iteration: 148
 frame: 3700000
 eval_episode_return:  0.00
 train_episode_return:  0.04
 train_exploration_epsilon: 0.100
 train_frame_rate:  160
I1002 22:14:37.428322 47855750186816 run_miniworld.py:239] Data collection iteration 149.
I1002 22:17:12.696113 47855750186816 run_miniworld.py:246] Evaluation iteration 149.
I1002 22:17:22.158562 47855750186816 run_miniworld.py:263] iteration: 149
 frame: 3725000
 eval_episode_return:  0.00
 train_episode_return:  0.08
 train_exploration_epsilon: 0.100
 train_frame_rate:  161
I1002 22:17:22.478445 47855750186816 run_miniworld.py:239] Data collection iteration 150.
I1002 22:19:57.691938 47855750186816 run_miniworld.py:246] Evaluation iteration 150.
I1002 22:20:07.111338 47855750186816 run_miniworld.py:263] iteration: 150
 frame: 3750000
 eval_episode_return:  0.00
 train_episode_return:  0.12
 train_exploration_epsilon: 0.100
 train_frame_rate:  161
I1002 22:20:07.420314 47855750186816 run_miniworld.py:239] Data collection iteration 151.
I1002 22:22:48.263388 47855750186816 run_miniworld.py:246] Evaluation iteration 151.
I1002 22:22:57.914690 47855750186816 run_miniworld.py:263] iteration: 151
 frame: 3775000
 eval_episode_return:  0.00
 train_episode_return:  0.08
 train_exploration_epsilon: 0.100
 train_frame_rate:  155
I1002 22:22:58.228605 47855750186816 run_miniworld.py:239] Data collection iteration 152.
I1002 22:25:38.598483 47855750186816 run_miniworld.py:246] Evaluation iteration 152.
I1002 22:25:47.768307 47855750186816 run_miniworld.py:263] iteration: 152
 frame: 3800000
 eval_episode_return:  0.00
 train_episode_return:  0.08
 train_exploration_epsilon: 0.100
 train_frame_rate:  156
I1002 22:25:48.077270 47855750186816 run_miniworld.py:239] Data collection iteration 153.
I1002 22:28:28.767367 47855750186816 run_miniworld.py:246] Evaluation iteration 153.
I1002 22:28:37.624891 47855750186816 run_miniworld.py:263] iteration: 153
 frame: 3825000
 eval_episode_return:  0.00
 train_episode_return:  0.00
 train_exploration_epsilon: 0.100
 train_frame_rate:  156
I1002 22:28:37.979006 47855750186816 run_miniworld.py:239] Data collection iteration 154.
I1002 22:31:17.526165 47855750186816 run_miniworld.py:246] Evaluation iteration 154.
I1002 22:31:26.883157 47855750186816 run_miniworld.py:263] iteration: 154
 frame: 3850000
 eval_episode_return:  0.00
 train_episode_return:  0.04
 train_exploration_epsilon: 0.100
 train_frame_rate:  157
I1002 22:31:27.193990 47855750186816 run_miniworld.py:239] Data collection iteration 155.
I1002 22:34:04.734336 47855750186816 run_miniworld.py:246] Evaluation iteration 155.
I1002 22:34:14.266105 47855750186816 run_miniworld.py:263] iteration: 155
 frame: 3875000
 eval_episode_return:  0.00
 train_episode_return:  0.12
 train_exploration_epsilon: 0.100
 train_frame_rate:  159
I1002 22:34:14.578618 47855750186816 run_miniworld.py:239] Data collection iteration 156.
I1002 22:36:51.734234 47855750186816 run_miniworld.py:246] Evaluation iteration 156.
I1002 22:37:01.431512 47855750186816 run_miniworld.py:263] iteration: 156
 frame: 3900000
 eval_episode_return:  0.00
 train_episode_return:  0.18
 train_exploration_epsilon: 0.100
 train_frame_rate:  159
I1002 22:37:01.742723 47855750186816 run_miniworld.py:239] Data collection iteration 157.
I1002 22:39:39.306010 47855750186816 run_miniworld.py:246] Evaluation iteration 157.
I1002 22:39:48.884908 47855750186816 run_miniworld.py:263] iteration: 157
 frame: 3925000
 eval_episode_return:  0.00
 train_episode_return:  0.08
 train_exploration_epsilon: 0.100
 train_frame_rate:  159
I1002 22:39:49.198903 47855750186816 run_miniworld.py:239] Data collection iteration 158.
I1002 22:42:27.817735 47855750186816 run_miniworld.py:246] Evaluation iteration 158.
I1002 22:42:37.170155 47855750186816 run_miniworld.py:263] iteration: 158
 frame: 3950000
 eval_episode_return:  0.00
 train_episode_return:  0.00
 train_exploration_epsilon: 0.100
 train_frame_rate:  158
I1002 22:42:37.485075 47855750186816 run_miniworld.py:239] Data collection iteration 159.
I1002 22:45:16.374269 47855750186816 run_miniworld.py:246] Evaluation iteration 159.
I1002 22:45:26.017658 47855750186816 run_miniworld.py:263] iteration: 159
 frame: 3975000
 eval_episode_return:  0.00
 train_episode_return:  0.08
 train_exploration_epsilon: 0.100
 train_frame_rate:  157
I1002 22:45:26.342463 47855750186816 run_miniworld.py:239] Data collection iteration 160.
I1002 22:48:06.078466 47855750186816 run_miniworld.py:246] Evaluation iteration 160.
I1002 22:48:15.681877 47855750186816 run_miniworld.py:263] iteration: 160
 frame: 4000000
 eval_episode_return:  0.00
 train_episode_return:  0.22
 train_exploration_epsilon: 0.100
 train_frame_rate:  157
I1002 22:48:15.998910 47855750186816 run_miniworld.py:239] Data collection iteration 161.
I1002 22:50:55.436624 47855750186816 run_miniworld.py:246] Evaluation iteration 161.
I1002 22:51:04.649160 47855750186816 run_miniworld.py:263] iteration: 161
 frame: 4025000
 eval_episode_return:  0.00
 train_episode_return:  0.19
 train_exploration_epsilon: 0.100
 train_frame_rate:  157
I1002 22:51:04.964592 47855750186816 run_miniworld.py:239] Data collection iteration 162.
I1002 22:53:43.890492 47855750186816 run_miniworld.py:246] Evaluation iteration 162.
I1002 22:53:53.342742 47855750186816 run_miniworld.py:263] iteration: 162
 frame: 4050000
 eval_episode_return:  0.00
 train_episode_return:  0.08
 train_exploration_epsilon: 0.100
 train_frame_rate:  157
I1002 22:53:53.656008 47855750186816 run_miniworld.py:239] Data collection iteration 163.
I1002 22:56:31.667362 47855750186816 run_miniworld.py:246] Evaluation iteration 163.
I1002 22:56:40.380589 47855750186816 run_miniworld.py:263] iteration: 163
 frame: 4075000
 eval_episode_return:  0.00
 train_episode_return:  0.08
 train_exploration_epsilon: 0.100
 train_frame_rate:  158
I1002 22:56:40.692471 47855750186816 run_miniworld.py:239] Data collection iteration 164.
I1002 22:59:15.892822 47855750186816 run_miniworld.py:246] Evaluation iteration 164.
I1002 22:59:25.203829 47855750186816 run_miniworld.py:263] iteration: 164
 frame: 4100000
 eval_episode_return:  0.00
 train_episode_return:  0.19
 train_exploration_epsilon: 0.100
 train_frame_rate:  161
I1002 22:59:25.545731 47855750186816 run_miniworld.py:239] Data collection iteration 165.
I1002 23:02:01.668447 47855750186816 run_miniworld.py:246] Evaluation iteration 165.
I1002 23:02:11.416546 47855750186816 run_miniworld.py:263] iteration: 165
 frame: 4125000
 eval_episode_return:  0.00
 train_episode_return:  0.15
 train_exploration_epsilon: 0.100
 train_frame_rate:  160
I1002 23:02:11.737365 47855750186816 run_miniworld.py:239] Data collection iteration 166.
I1002 23:04:57.373068 47855750186816 run_miniworld.py:246] Evaluation iteration 166.
I1002 23:05:07.002021 47855750186816 run_miniworld.py:263] iteration: 166
 frame: 4150000
 eval_episode_return:  0.00
 train_episode_return:  0.08
 train_exploration_epsilon: 0.100
 train_frame_rate:  151
I1002 23:05:07.320245 47855750186816 run_miniworld.py:239] Data collection iteration 167.
I1002 23:07:51.333546 47855750186816 run_miniworld.py:246] Evaluation iteration 167.
I1002 23:08:01.153439 47855750186816 run_miniworld.py:263] iteration: 167
 frame: 4175000
 eval_episode_return:  0.00
 train_episode_return:  0.28
 train_exploration_epsilon: 0.100
 train_frame_rate:  152
I1002 23:08:01.477621 47855750186816 run_miniworld.py:239] Data collection iteration 168.
I1002 23:10:41.953514 47855750186816 run_miniworld.py:246] Evaluation iteration 168.
I1002 23:10:51.363877 47855750186816 run_miniworld.py:263] iteration: 168
 frame: 4200000
 eval_episode_return:  0.00
 train_episode_return:  0.12
 train_exploration_epsilon: 0.100
 train_frame_rate:  156
I1002 23:10:51.687402 47855750186816 run_miniworld.py:239] Data collection iteration 169.
I1002 23:13:29.521410 47855750186816 run_miniworld.py:246] Evaluation iteration 169.
I1002 23:13:39.329489 47855750186816 run_miniworld.py:263] iteration: 169
 frame: 4225000
 eval_episode_return:  0.00
 train_episode_return:  0.29
 train_exploration_epsilon: 0.100
 train_frame_rate:  158
I1002 23:13:39.649413 47855750186816 run_miniworld.py:239] Data collection iteration 170.
I1002 23:16:18.911064 47855750186816 run_miniworld.py:246] Evaluation iteration 170.
I1002 23:16:28.803741 47855750186816 run_miniworld.py:263] iteration: 170
 frame: 4250000
 eval_episode_return:  0.00
 train_episode_return:  0.08
 train_exploration_epsilon: 0.100
 train_frame_rate:  157
I1002 23:16:29.130954 47855750186816 run_miniworld.py:239] Data collection iteration 171.
I1002 23:19:07.911367 47855750186816 run_miniworld.py:246] Evaluation iteration 171.
I1002 23:19:16.661799 47855750186816 run_miniworld.py:263] iteration: 171
 frame: 4275000
 eval_episode_return:  0.00
 train_episode_return:  0.04
 train_exploration_epsilon: 0.100
 train_frame_rate:  157
I1002 23:19:16.985294 47855750186816 run_miniworld.py:239] Data collection iteration 172.
I1002 23:21:54.959413 47855750186816 run_miniworld.py:246] Evaluation iteration 172.
I1002 23:22:03.991748 47855750186816 run_miniworld.py:263] iteration: 172
 frame: 4300000
 eval_episode_return:  0.00
 train_episode_return:  0.22
 train_exploration_epsilon: 0.100
 train_frame_rate:  158
I1002 23:22:04.317596 47855750186816 run_miniworld.py:239] Data collection iteration 173.
I1002 23:24:41.542442 47855750186816 run_miniworld.py:246] Evaluation iteration 173.
I1002 23:24:50.806160 47855750186816 run_miniworld.py:263] iteration: 173
 frame: 4325000
 eval_episode_return:  0.00
 train_episode_return:  0.12
 train_exploration_epsilon: 0.100
 train_frame_rate:  159
I1002 23:24:51.130710 47855750186816 run_miniworld.py:239] Data collection iteration 174.
I1002 23:27:30.028427 47855750186816 run_miniworld.py:246] Evaluation iteration 174.
I1002 23:27:39.032203 47855750186816 run_miniworld.py:263] iteration: 174
 frame: 4350000
 eval_episode_return:  0.00
 train_episode_return:  0.04
 train_exploration_epsilon: 0.100
 train_frame_rate:  157
I1002 23:27:39.352816 47855750186816 run_miniworld.py:239] Data collection iteration 175.
I1002 23:30:17.710777 47855750186816 run_miniworld.py:246] Evaluation iteration 175.
I1002 23:30:26.999837 47855750186816 run_miniworld.py:263] iteration: 175
 frame: 4375000
 eval_episode_return:  0.00
 train_episode_return:  0.27
 train_exploration_epsilon: 0.100
 train_frame_rate:  158
I1002 23:30:27.438222 47855750186816 run_miniworld.py:239] Data collection iteration 176.
I1002 23:33:04.161050 47855750186816 run_miniworld.py:246] Evaluation iteration 176.
I1002 23:33:13.403492 47855750186816 run_miniworld.py:263] iteration: 176
 frame: 4400000
 eval_episode_return:  0.00
 train_episode_return:  0.08
 train_exploration_epsilon: 0.100
 train_frame_rate:  160
I1002 23:33:13.830026 47855750186816 run_miniworld.py:239] Data collection iteration 177.
I1002 23:35:52.258247 47855750186816 run_miniworld.py:246] Evaluation iteration 177.
I1002 23:36:01.388663 47855750186816 run_miniworld.py:263] iteration: 177
 frame: 4425000
 eval_episode_return:  0.00
 train_episode_return:  0.08
 train_exploration_epsilon: 0.100
 train_frame_rate:  158
I1002 23:36:01.708176 47855750186816 run_miniworld.py:239] Data collection iteration 178.
I1002 23:38:41.379909 47855750186816 run_miniworld.py:246] Evaluation iteration 178.
I1002 23:38:50.158995 47855750186816 run_miniworld.py:263] iteration: 178
 frame: 4450000
 eval_episode_return:  0.00
 train_episode_return:  0.15
 train_exploration_epsilon: 0.100
 train_frame_rate:  157
I1002 23:38:50.486236 47855750186816 run_miniworld.py:239] Data collection iteration 179.
I1002 23:41:31.413839 47855750186816 run_miniworld.py:246] Evaluation iteration 179.
I1002 23:41:40.931031 47855750186816 run_miniworld.py:263] iteration: 179
 frame: 4475000
 eval_episode_return:  0.00
 train_episode_return:  0.15
 train_exploration_epsilon: 0.100
 train_frame_rate:  155
I1002 23:41:41.276324 47855750186816 run_miniworld.py:239] Data collection iteration 180.
I1002 23:44:29.074213 47855750186816 run_miniworld.py:246] Evaluation iteration 180.
I1002 23:44:39.474755 47855750186816 run_miniworld.py:263] iteration: 180
 frame: 4500000
 eval_episode_return:  0.00
 train_episode_return:  0.00
 train_exploration_epsilon: 0.100
 train_frame_rate:  149
I1002 23:44:39.803118 47855750186816 run_miniworld.py:239] Data collection iteration 181.
I1002 23:47:26.436751 47855750186816 run_miniworld.py:246] Evaluation iteration 181.
I1002 23:47:36.038928 47855750186816 run_miniworld.py:263] iteration: 181
 frame: 4525000
 eval_episode_return:  0.00
 train_episode_return:  0.15
 train_exploration_epsilon: 0.100
 train_frame_rate:  150
I1002 23:47:36.361925 47855750186816 run_miniworld.py:239] Data collection iteration 182.
I1002 23:50:16.711840 47855750186816 run_miniworld.py:246] Evaluation iteration 182.
I1002 23:50:26.308010 47855750186816 run_miniworld.py:263] iteration: 182
 frame: 4550000
 eval_episode_return:  0.00
 train_episode_return:  0.12
 train_exploration_epsilon: 0.100
 train_frame_rate:  156
I1002 23:50:26.632906 47855750186816 run_miniworld.py:239] Data collection iteration 183.
I1002 23:53:05.504377 47855750186816 run_miniworld.py:246] Evaluation iteration 183.
I1002 23:53:14.778660 47855750186816 run_miniworld.py:263] iteration: 183
 frame: 4575000
 eval_episode_return:  0.00
 train_episode_return:  0.00
 train_exploration_epsilon: 0.100
 train_frame_rate:  157
I1002 23:53:15.164678 47855750186816 run_miniworld.py:239] Data collection iteration 184.
I1002 23:55:53.153862 47855750186816 run_miniworld.py:246] Evaluation iteration 184.
I1002 23:56:02.859137 47855750186816 run_miniworld.py:263] iteration: 184
 frame: 4600000
 eval_episode_return:  0.00
 train_episode_return:  0.19
 train_exploration_epsilon: 0.100
 train_frame_rate:  158
I1002 23:56:03.195432 47855750186816 run_miniworld.py:239] Data collection iteration 185.
I1002 23:58:39.898097 47855750186816 run_miniworld.py:246] Evaluation iteration 185.
I1002 23:58:49.101395 47855750186816 run_miniworld.py:263] iteration: 185
 frame: 4625000
 eval_episode_return:  0.00
 train_episode_return:  0.19
 train_exploration_epsilon: 0.100
 train_frame_rate:  160
I1002 23:58:49.539532 47855750186816 run_miniworld.py:239] Data collection iteration 186.
I1003 00:01:24.897929 47855750186816 run_miniworld.py:246] Evaluation iteration 186.
I1003 00:01:33.809067 47855750186816 run_miniworld.py:263] iteration: 186
 frame: 4650000
 eval_episode_return:  0.00
 train_episode_return:  0.12
 train_exploration_epsilon: 0.100
 train_frame_rate:  161
I1003 00:01:34.121036 47855750186816 run_miniworld.py:239] Data collection iteration 187.
I1003 00:04:13.034982 47855750186816 run_miniworld.py:246] Evaluation iteration 187.
I1003 00:04:22.734610 47855750186816 run_miniworld.py:263] iteration: 187
 frame: 4675000
 eval_episode_return:  0.00
 train_episode_return:  0.18
 train_exploration_epsilon: 0.100
 train_frame_rate:  157
I1003 00:04:23.105725 47855750186816 run_miniworld.py:239] Data collection iteration 188.
I1003 00:07:04.514105 47855750186816 run_miniworld.py:246] Evaluation iteration 188.
I1003 00:07:14.176636 47855750186816 run_miniworld.py:263] iteration: 188
 frame: 4700000
 eval_episode_return:  0.00
 train_episode_return:  0.12
 train_exploration_epsilon: 0.100
 train_frame_rate:  155
I1003 00:07:14.484517 47855750186816 run_miniworld.py:239] Data collection iteration 189.
I1003 00:09:54.686263 47855750186816 run_miniworld.py:246] Evaluation iteration 189.
I1003 00:10:03.752815 47855750186816 run_miniworld.py:263] iteration: 189
 frame: 4725000
 eval_episode_return:  0.00
 train_episode_return:  0.12
 train_exploration_epsilon: 0.100
 train_frame_rate:  156
I1003 00:10:04.084478 47855750186816 run_miniworld.py:239] Data collection iteration 190.
I1003 00:12:45.233760 47855750186816 run_miniworld.py:246] Evaluation iteration 190.
I1003 00:12:54.676725 47855750186816 run_miniworld.py:263] iteration: 190
 frame: 4750000
 eval_episode_return:  0.00
 train_episode_return:  0.08
 train_exploration_epsilon: 0.100
 train_frame_rate:  155
I1003 00:12:55.097881 47855750186816 run_miniworld.py:239] Data collection iteration 191.
I1003 00:15:33.461054 47855750186816 run_miniworld.py:246] Evaluation iteration 191.
I1003 00:15:42.909121 47855750186816 run_miniworld.py:263] iteration: 191
 frame: 4775000
 eval_episode_return:  0.00
 train_episode_return:  0.15
 train_exploration_epsilon: 0.100
 train_frame_rate:  158
I1003 00:15:43.217550 47855750186816 run_miniworld.py:239] Data collection iteration 192.
I1003 00:18:21.541001 47855750186816 run_miniworld.py:246] Evaluation iteration 192.
I1003 00:18:30.870764 47855750186816 run_miniworld.py:263] iteration: 192
 frame: 4800000
 eval_episode_return:  0.00
 train_episode_return:  0.19
 train_exploration_epsilon: 0.100
 train_frame_rate:  158
I1003 00:18:31.185305 47855750186816 run_miniworld.py:239] Data collection iteration 193.
I1003 00:21:08.673744 47855750186816 run_miniworld.py:246] Evaluation iteration 193.
I1003 00:21:18.076965 47855750186816 run_miniworld.py:263] iteration: 193
 frame: 4825000
 eval_episode_return:  0.00
 train_episode_return:  0.08
 train_exploration_epsilon: 0.100
 train_frame_rate:  159
I1003 00:21:18.383050 47855750186816 run_miniworld.py:239] Data collection iteration 194.
I1003 00:23:57.155428 47855750186816 run_miniworld.py:246] Evaluation iteration 194.
I1003 00:24:06.342497 47855750186816 run_miniworld.py:263] iteration: 194
 frame: 4850000
 eval_episode_return:  0.00
 train_episode_return:  0.15
 train_exploration_epsilon: 0.100
 train_frame_rate:  157
I1003 00:24:06.656646 47855750186816 run_miniworld.py:239] Data collection iteration 195.
I1003 00:26:45.700690 47855750186816 run_miniworld.py:246] Evaluation iteration 195.
I1003 00:26:55.471210 47855750186816 run_miniworld.py:263] iteration: 195
 frame: 4875000
 eval_episode_return:  0.00
 train_episode_return:  0.08
 train_exploration_epsilon: 0.100
 train_frame_rate:  157
I1003 00:26:55.787084 47855750186816 run_miniworld.py:239] Data collection iteration 196.
I1003 00:29:34.886829 47855750186816 run_miniworld.py:246] Evaluation iteration 196.
I1003 00:29:44.188434 47855750186816 run_miniworld.py:263] iteration: 196
 frame: 4900000
 eval_episode_return:  0.00
 train_episode_return:  0.12
 train_exploration_epsilon: 0.100
 train_frame_rate:  157
I1003 00:29:44.502349 47855750186816 run_miniworld.py:239] Data collection iteration 197.
I1003 00:32:23.643630 47855750186816 run_miniworld.py:246] Evaluation iteration 197.
I1003 00:32:33.248026 47855750186816 run_miniworld.py:263] iteration: 197
 frame: 4925000
 eval_episode_return:  0.00
 train_episode_return:  0.12
 train_exploration_epsilon: 0.100
 train_frame_rate:  157
I1003 00:32:33.564783 47855750186816 run_miniworld.py:239] Data collection iteration 198.
I1003 00:35:13.435694 47855750186816 run_miniworld.py:246] Evaluation iteration 198.
I1003 00:35:22.513279 47855750186816 run_miniworld.py:263] iteration: 198
 frame: 4950000
 eval_episode_return:  0.00
 train_episode_return:  0.26
 train_exploration_epsilon: 0.100
 train_frame_rate:  156
I1003 00:35:22.826972 47855750186816 run_miniworld.py:239] Data collection iteration 199.
I1003 00:38:02.803409 47855750186816 run_miniworld.py:246] Evaluation iteration 199.
I1003 00:38:12.137903 47855750186816 run_miniworld.py:263] iteration: 199
 frame: 4975000
 eval_episode_return:  0.00
 train_episode_return:  0.08
 train_exploration_epsilon: 0.100
 train_frame_rate:  156
I1003 00:38:12.448747 47855750186816 run_miniworld.py:239] Data collection iteration 200.
I1003 00:40:46.073944 47855750186816 run_miniworld.py:246] Evaluation iteration 200.
I1003 00:40:54.874071 47855750186816 run_miniworld.py:263] iteration: 200
 frame: 5000000
 eval_episode_return:  0.00
 train_episode_return:  0.08
 train_exploration_epsilon: 0.100
 train_frame_rate:  163
Falling back to num_samples=1
Falling back to num_samples=1
Falling back to num_samples=1
Falling back to num_samples=1
Falling back to num_samples=1
Falling back to num_samples=1
Falling back to num_samples=1
Falling back to num_samples=1
Falling back to num_samples=1
Falling back to num_samples=1
Falling back to num_samples=1
Falling back to num_samples=1
Falling back to num_samples=1
Falling back to num_samples=1
Falling back to num_samples=1
Falling back to num_samples=1
Falling back to num_samples=1
Falling back to num_samples=1
Falling back to num_samples=1
Falling back to num_samples=1
Falling back to num_samples=1
Falling back to num_samples=1
Falling back to num_samples=1
Falling back to num_samples=1
Falling back to num_samples=1
Falling back to num_samples=1
Falling back to num_samples=1
Falling back to num_samples=1
Falling back to num_samples=1
Falling back to num_samples=1
Falling back to num_samples=1
Falling back to num_samples=1
Falling back to num_samples=1
Falling back to num_samples=1
Falling back to num_samples=1
Falling back to num_samples=1
Falling back to num_samples=1
Falling back to num_samples=1
Falling back to num_samples=1
Falling back to num_samples=1
Falling back to num_samples=1
Falling back to num_samples=1
Falling back to num_samples=1
Falling back to num_samples=1
Falling back to num_samples=1
Falling back to num_samples=1
Falling back to num_samples=1
Falling back to num_samples=1
Falling back to num_samples=1
Falling back to num_samples=1
Falling back to num_samples=1
Falling back to num_samples=1
Falling back to num_samples=1
Falling back to num_samples=1
Falling back to num_samples=1
Falling back to num_samples=1
Falling back to num_samples=1
Falling back to num_samples=1
Falling back to num_samples=1
Falling back to num_samples=1
Falling back to num_samples=1
Falling back to num_samples=1
Falling back to num_samples=1
Falling back to num_samples=1
Falling back to num_samples=1
Falling back to num_samples=1
Falling back to num_samples=1
Falling back to num_samples=1
Falling back to num_samples=1
Falling back to num_samples=1
Falling back to num_samples=1
Falling back to num_samples=1
Falling back to num_samples=1
Falling back to num_samples=1
Falling back to num_samples=1
Falling back to num_samples=1
Falling back to num_samples=1
Falling back to num_samples=1
Falling back to num_samples=1
Falling back to num_samples=1
Falling back to num_samples=1
Falling back to num_samples=1
Falling back to num_samples=1
Falling back to num_samples=1
Falling back to num_samples=1
Falling back to num_samples=1
Falling back to num_samples=1
Falling back to num_samples=1
Falling back to num_samples=1
Falling back to num_samples=1
Falling back to num_samples=1
Falling back to num_samples=1
Falling back to num_samples=1
Falling back to num_samples=1
Falling back to num_samples=1
Falling back to num_samples=1
Falling back to num_samples=1
Falling back to num_samples=1
Falling back to num_samples=1
Falling back to num_samples=1
Falling back to num_samples=1
Falling back to num_samples=1
Falling back to num_samples=1
Falling back to num_samples=1
Falling back to num_samples=1
Falling back to num_samples=1
Falling back to num_samples=1
Falling back to num_samples=1
Falling back to num_samples=1
Falling back to num_samples=1
Falling back to num_samples=1
Falling back to num_samples=1
Falling back to num_samples=1
Falling back to num_samples=1
Falling back to num_samples=1
Falling back to num_samples=1
Falling back to num_samples=1
Falling back to num_samples=1
Falling back to num_samples=1
Falling back to num_samples=1
Falling back to num_samples=1
Falling back to num_samples=1
Falling back to num_samples=1
Falling back to num_samples=1
Falling back to num_samples=1
Falling back to num_samples=1
Falling back to num_samples=1
Falling back to num_samples=1
Falling back to num_samples=1
Falling back to num_samples=1
Falling back to num_samples=1
Falling back to num_samples=1
Falling back to num_samples=1
Falling back to num_samples=1
Falling back to num_samples=1
Falling back to num_samples=1
Falling back to num_samples=1
Falling back to num_samples=1
Falling back to num_samples=1
Falling back to num_samples=1
Falling back to num_samples=1
Falling back to num_samples=1
Falling back to num_samples=1
Falling back to num_samples=1
Falling back to num_samples=1
Falling back to num_samples=1
Falling back to num_samples=1
Falling back to num_samples=1
Falling back to num_samples=1
Falling back to num_samples=1
Falling back to num_samples=1
Falling back to num_samples=1
Falling back to num_samples=1
Falling back to num_samples=1
Falling back to num_samples=1
Falling back to num_samples=1
Falling back to num_samples=1
Falling back to num_samples=1
Falling back to num_samples=1
Falling back to num_samples=1
Falling back to num_samples=1
Falling back to num_samples=1
Falling back to num_samples=1
Falling back to num_samples=1
Falling back to num_samples=1
Falling back to num_samples=1
Falling back to num_samples=1
Falling back to num_samples=1
Falling back to num_samples=1
Falling back to num_samples=1
Falling back to num_samples=1
Falling back to num_samples=1
Falling back to num_samples=1
Falling back to num_samples=1
Falling back to num_samples=1
Falling back to num_samples=1
Falling back to num_samples=1
Falling back to num_samples=1
Falling back to num_samples=1
Falling back to num_samples=1
Falling back to num_samples=1
Falling back to num_samples=1
Falling back to num_samples=1
Falling back to num_samples=1
Falling back to num_samples=1
Falling back to num_samples=1
Falling back to num_samples=1
Falling back to num_samples=1
Falling back to num_samples=1
Falling back to num_samples=1
Falling back to num_samples=1
Falling back to num_samples=1
Falling back to num_samples=1
Falling back to num_samples=1
Falling back to num_samples=1
Falling back to num_samples=1
Falling back to num_samples=1
Falling back to num_samples=1
Falling back to num_samples=1
Falling back to num_samples=1
Falling back to num_samples=1
Falling back to num_samples=1
Falling back to num_samples=1
Falling back to num_samples=1
Falling back to num_samples=1
Falling back to num_samples=1
Falling back to num_samples=1
Falling back to num_samples=1
Falling back to num_samples=1
Falling back to num_samples=1
Falling back to num_samples=1
Falling back to num_samples=1
Falling back to num_samples=1
Falling back to num_samples=1
Falling back to num_samples=1
Falling back to num_samples=1
Falling back to num_samples=1
Falling back to num_samples=1
Falling back to num_samples=1
Falling back to num_samples=1
Falling back to num_samples=1
Falling back to num_samples=1
Falling back to num_samples=1
Falling back to num_samples=1
Falling back to num_samples=1
Falling back to num_samples=1
Falling back to num_samples=1
Falling back to num_samples=1
Falling back to num_samples=1
Falling back to num_samples=1
Falling back to num_samples=1
Falling back to num_samples=1
Falling back to num_samples=1
Falling back to num_samples=1
Falling back to num_samples=1
Falling back to num_samples=1
Falling back to num_samples=1
Falling back to num_samples=1
Falling back to num_samples=1
Falling back to num_samples=1
Falling back to num_samples=1
Falling back to num_samples=1
Falling back to num_samples=1
Falling back to num_samples=1
Falling back to num_samples=1
Falling back to num_samples=1
Falling back to num_samples=1
Falling back to num_samples=1
Falling back to num_samples=1
Falling back to num_samples=1
Falling back to num_samples=1
Falling back to num_samples=1
Falling back to num_samples=1
Falling back to num_samples=1
Falling back to num_samples=1
Falling back to num_samples=1
Falling back to num_samples=1
Falling back to num_samples=1
Falling back to num_samples=1
Falling back to num_samples=1
Falling back to num_samples=1
Falling back to num_samples=1
Falling back to num_samples=1
Falling back to num_samples=1
Falling back to num_samples=1
Falling back to num_samples=1
Falling back to num_samples=1
Falling back to num_samples=1
Falling back to num_samples=1
Falling back to num_samples=1
Falling back to num_samples=1
Falling back to num_samples=1
Falling back to num_samples=1
Falling back to num_samples=1
Falling back to num_samples=1
Falling back to num_samples=1
Falling back to num_samples=1
Falling back to num_samples=1
Falling back to num_samples=1
Falling back to num_samples=1
Falling back to num_samples=1
Falling back to num_samples=1
Falling back to num_samples=1
Falling back to num_samples=1
Falling back to num_samples=1
Falling back to num_samples=1
Falling back to num_samples=1
Falling back to num_samples=1
Falling back to num_samples=1
Falling back to num_samples=1
Falling back to num_samples=1
Falling back to num_samples=1
Falling back to num_samples=1
Falling back to num_samples=1
Falling back to num_samples=1
Falling back to num_samples=1
Falling back to num_samples=1
Falling back to num_samples=1
Falling back to num_samples=1
Falling back to num_samples=1
Falling back to num_samples=1
Falling back to num_samples=1
Falling back to num_samples=1
Falling back to num_samples=1
Falling back to num_samples=1
Falling back to num_samples=1
Falling back to num_samples=1
Falling back to num_samples=1
Falling back to num_samples=1
Falling back to num_samples=1
Falling back to num_samples=1
Falling back to num_samples=1
Falling back to num_samples=1
Falling back to num_samples=1
Falling back to num_samples=1
Falling back to num_samples=1
Falling back to num_samples=1
Falling back to num_samples=1
Falling back to num_samples=1
Falling back to num_samples=1
Falling back to num_samples=1
Falling back to num_samples=1
Falling back to num_samples=1
Falling back to num_samples=1
Falling back to num_samples=1
Falling back to num_samples=1
Falling back to num_samples=1
Falling back to num_samples=1
Falling back to num_samples=1
Falling back to num_samples=1
Falling back to num_samples=1
Falling back to num_samples=1
Falling back to num_samples=1
Falling back to num_samples=1
Falling back to num_samples=1
Falling back to num_samples=1
Falling back to num_samples=1
Falling back to num_samples=1
Falling back to num_samples=1
Falling back to num_samples=1
Falling back to num_samples=1
Falling back to num_samples=1
Falling back to num_samples=1
Falling back to num_samples=1
Falling back to num_samples=1
Falling back to num_samples=1
Falling back to num_samples=1
Falling back to num_samples=1
Falling back to num_samples=1
Falling back to num_samples=1
Falling back to num_samples=1
Falling back to num_samples=1
Falling back to num_samples=1
Falling back to num_samples=1
Falling back to num_samples=1
Falling back to num_samples=1
Falling back to num_samples=1
Falling back to num_samples=1
Falling back to num_samples=1
Falling back to num_samples=1
Falling back to num_samples=1
Falling back to num_samples=1
Falling back to num_samples=1
Falling back to num_samples=1
Falling back to num_samples=1
Falling back to num_samples=1
Falling back to num_samples=1
Falling back to num_samples=1
Falling back to num_samples=1
Falling back to num_samples=1
Falling back to num_samples=1
Falling back to num_samples=1
Falling back to num_samples=1
Falling back to num_samples=1
Falling back to num_samples=1
Falling back to num_samples=1
Falling back to num_samples=1
Falling back to num_samples=1
Falling back to num_samples=1
Falling back to num_samples=1
Falling back to num_samples=1
Falling back to num_samples=1
Falling back to num_samples=1
Falling back to num_samples=1
Falling back to num_samples=1
Falling back to num_samples=1
Falling back to num_samples=1
Falling back to num_samples=1
Falling back to num_samples=1
Falling back to num_samples=1
Falling back to num_samples=1
Falling back to num_samples=1
Falling back to num_samples=1
Falling back to num_samples=1
Falling back to num_samples=1
Falling back to num_samples=1
Falling back to num_samples=1
Falling back to num_samples=1
Falling back to num_samples=1
Falling back to num_samples=1
Falling back to num_samples=1
Falling back to num_samples=1
Falling back to num_samples=1
Falling back to num_samples=1
