I1002 15:07:45.055167 47865824307008 xla_bridge.py:355] Unable to initialize backend 'tpu_driver': NOT_FOUND: Unable to find driver in registry given worker: 
I1002 15:07:45.174247 47865824307008 xla_bridge.py:355] Unable to initialize backend 'rocm': NOT_FOUND: Could not find registered platform with name: "rocm". Available platform names are: Host CUDA Interpreter
I1002 15:07:45.174737 47865824307008 xla_bridge.py:355] Unable to initialize backend 'tpu': module 'jaxlib.xla_extension' has no attribute 'get_tpu_client'
I1002 15:07:45.174862 47865824307008 xla_bridge.py:355] Unable to initialize backend 'plugin': xla_extension has no attributes named get_plugin_device_client. Compile TensorFlow with //tensorflow/compiler/xla/python:enable_plugin_device set to true (defaults to false) to enable this.
I1002 15:07:45.174983 47865824307008 run_miniworld.py:100] Collecting data on MiniWorld on gpu.
I1002 15:07:50.846482 47865824307008 run_miniworld.py:136] Observation shape: (60, 80, 3)
I1002 15:07:59.480525 47865824307008 run_miniworld.py:239] Data collection iteration 0.
I1002 15:08:33.475198 47865824307008 run_miniworld.py:246] Evaluation iteration 0.
/home/mklissa/DCEO/lib/python3.8/site-packages/distrax/_src/distributions/categorical.py:96: UserWarning: Explicitly requested dtype <class 'jax.numpy.int64'> requested in astype is not available, and will be truncated to dtype int32. To enable more dtypes, set the jax_enable_x64 configuration option or the JAX_ENABLE_X64 shell environment variable. See https://github.com/google/jax#current-gotchas for more.
  return draws.astype(self._dtype)
I1002 15:08:42.426481 47865824307008 run_miniworld.py:263] iteration:   0
 frame:     0
 eval_episode_return:  0.00
 train_episode_return:  0.00
 train_exploration_epsilon: 1.000
 train_frame_rate:  735
I1002 15:08:42.716355 47865824307008 run_miniworld.py:239] Data collection iteration 1.
I1002 15:09:16.646086 47865824307008 run_miniworld.py:246] Evaluation iteration 1.
I1002 15:09:25.140921 47865824307008 run_miniworld.py:263] iteration:   1
 frame: 25000
 eval_episode_return:  0.00
 train_episode_return:  0.00
 train_exploration_epsilon: 1.000
 train_frame_rate:  737
I1002 15:09:25.426229 47865824307008 run_miniworld.py:239] Data collection iteration 2.
I1002 15:09:25.983173 47865824307008 dceo_agent.py:296] Begin learning
I1002 15:11:50.133398 47865824307008 run_miniworld.py:246] Evaluation iteration 2.
I1002 15:11:59.010939 47865824307008 run_miniworld.py:263] iteration:   2
 frame: 50000
 eval_episode_return:  0.00
 train_episode_return:  0.04
 train_exploration_epsilon: 0.955
 train_frame_rate:  173
I1002 15:11:59.348543 47865824307008 run_miniworld.py:239] Data collection iteration 3.
I1002 15:14:18.007918 47865824307008 run_miniworld.py:246] Evaluation iteration 3.
I1002 15:14:27.099590 47865824307008 run_miniworld.py:263] iteration:   3
 frame: 75000
 eval_episode_return:  0.00
 train_episode_return:  0.04
 train_exploration_epsilon: 0.910
 train_frame_rate:  180
I1002 15:14:27.388502 47865824307008 run_miniworld.py:239] Data collection iteration 4.
I1002 15:16:46.365783 47865824307008 run_miniworld.py:246] Evaluation iteration 4.
I1002 15:16:55.172061 47865824307008 run_miniworld.py:263] iteration:   4
 frame: 100000
 eval_episode_return:  0.00
 train_episode_return:  0.00
 train_exploration_epsilon: 0.865
 train_frame_rate:  180
I1002 15:16:55.460471 47865824307008 run_miniworld.py:239] Data collection iteration 5.
I1002 15:19:14.569770 47865824307008 run_miniworld.py:246] Evaluation iteration 5.
I1002 15:19:23.445356 47865824307008 run_miniworld.py:263] iteration:   5
 frame: 125000
 eval_episode_return:  0.00
 train_episode_return:  0.00
 train_exploration_epsilon: 0.820
 train_frame_rate:  180
I1002 15:19:23.737421 47865824307008 run_miniworld.py:239] Data collection iteration 6.
I1002 15:21:43.288393 47865824307008 run_miniworld.py:246] Evaluation iteration 6.
I1002 15:21:52.251049 47865824307008 run_miniworld.py:263] iteration:   6
 frame: 150000
 eval_episode_return:  0.00
 train_episode_return:  0.00
 train_exploration_epsilon: 0.775
 train_frame_rate:  179
I1002 15:21:52.540598 47865824307008 run_miniworld.py:239] Data collection iteration 7.
I1002 15:24:12.921235 47865824307008 run_miniworld.py:246] Evaluation iteration 7.
I1002 15:24:21.820009 47865824307008 run_miniworld.py:263] iteration:   7
 frame: 175000
 eval_episode_return:  0.00
 train_episode_return:  0.04
 train_exploration_epsilon: 0.730
 train_frame_rate:  178
I1002 15:24:22.117814 47865824307008 run_miniworld.py:239] Data collection iteration 8.
I1002 15:26:43.343465 47865824307008 run_miniworld.py:246] Evaluation iteration 8.
I1002 15:26:52.266061 47865824307008 run_miniworld.py:263] iteration:   8
 frame: 200000
 eval_episode_return:  0.00
 train_episode_return:  0.00
 train_exploration_epsilon: 0.685
 train_frame_rate:  177
I1002 15:26:52.571480 47865824307008 run_miniworld.py:239] Data collection iteration 9.
I1002 15:29:14.988467 47865824307008 run_miniworld.py:246] Evaluation iteration 9.
I1002 15:29:24.089108 47865824307008 run_miniworld.py:263] iteration:   9
 frame: 225000
 eval_episode_return:  0.00
 train_episode_return:  0.04
 train_exploration_epsilon: 0.640
 train_frame_rate:  176
I1002 15:29:24.384907 47865824307008 run_miniworld.py:239] Data collection iteration 10.
I1002 15:31:47.055535 47865824307008 run_miniworld.py:246] Evaluation iteration 10.
I1002 15:31:56.008107 47865824307008 run_miniworld.py:263] iteration:  10
 frame: 250000
 eval_episode_return:  0.00
 train_episode_return:  0.00
 train_exploration_epsilon: 0.595
 train_frame_rate:  175
I1002 15:31:56.300971 47865824307008 run_miniworld.py:239] Data collection iteration 11.
I1002 15:34:18.592606 47865824307008 run_miniworld.py:246] Evaluation iteration 11.
I1002 15:34:27.673584 47865824307008 run_miniworld.py:263] iteration:  11
 frame: 275000
 eval_episode_return:  0.00
 train_episode_return:  0.00
 train_exploration_epsilon: 0.550
 train_frame_rate:  176
I1002 15:34:27.969355 47865824307008 run_miniworld.py:239] Data collection iteration 12.
I1002 15:36:51.158747 47865824307008 run_miniworld.py:246] Evaluation iteration 12.
I1002 15:37:00.648990 47865824307008 run_miniworld.py:263] iteration:  12
 frame: 300000
 eval_episode_return:  0.20
 train_episode_return:  0.00
 train_exploration_epsilon: 0.505
 train_frame_rate:  175
I1002 15:37:00.947145 47865824307008 run_miniworld.py:239] Data collection iteration 13.
I1002 15:39:24.748475 47865824307008 run_miniworld.py:246] Evaluation iteration 13.
I1002 15:39:33.917747 47865824307008 run_miniworld.py:263] iteration:  13
 frame: 325000
 eval_episode_return:  0.00
 train_episode_return:  0.04
 train_exploration_epsilon: 0.460
 train_frame_rate:  174
I1002 15:39:34.209151 47865824307008 run_miniworld.py:239] Data collection iteration 14.
I1002 15:41:58.599374 47865824307008 run_miniworld.py:246] Evaluation iteration 14.
I1002 15:42:07.751601 47865824307008 run_miniworld.py:263] iteration:  14
 frame: 350000
 eval_episode_return:  0.00
 train_episode_return:  0.12
 train_exploration_epsilon: 0.415
 train_frame_rate:  173
I1002 15:42:08.043917 47865824307008 run_miniworld.py:239] Data collection iteration 15.
I1002 15:44:32.077623 47865824307008 run_miniworld.py:246] Evaluation iteration 15.
I1002 15:44:41.159653 47865824307008 run_miniworld.py:263] iteration:  15
 frame: 375000
 eval_episode_return:  0.00
 train_episode_return:  0.04
 train_exploration_epsilon: 0.370
 train_frame_rate:  174
I1002 15:44:41.452647 47865824307008 run_miniworld.py:239] Data collection iteration 16.
I1002 15:47:06.509986 47865824307008 run_miniworld.py:246] Evaluation iteration 16.
I1002 15:47:15.412844 47865824307008 run_miniworld.py:263] iteration:  16
 frame: 400000
 eval_episode_return:  0.00
 train_episode_return:  0.00
 train_exploration_epsilon: 0.325
 train_frame_rate:  172
I1002 15:47:15.704709 47865824307008 run_miniworld.py:239] Data collection iteration 17.
I1002 15:49:40.758983 47865824307008 run_miniworld.py:246] Evaluation iteration 17.
I1002 15:49:49.671719 47865824307008 run_miniworld.py:263] iteration:  17
 frame: 425000
 eval_episode_return:  0.00
 train_episode_return:  0.00
 train_exploration_epsilon: 0.280
 train_frame_rate:  172
I1002 15:49:49.988400 47865824307008 run_miniworld.py:239] Data collection iteration 18.
I1002 15:52:15.514975 47865824307008 run_miniworld.py:246] Evaluation iteration 18.
I1002 15:52:24.738834 47865824307008 run_miniworld.py:263] iteration:  18
 frame: 450000
 eval_episode_return:  0.00
 train_episode_return:  0.00
 train_exploration_epsilon: 0.235
 train_frame_rate:  172
I1002 15:52:25.032424 47865824307008 run_miniworld.py:239] Data collection iteration 19.
I1002 15:54:51.205664 47865824307008 run_miniworld.py:246] Evaluation iteration 19.
I1002 15:55:00.033195 47865824307008 run_miniworld.py:263] iteration:  19
 frame: 475000
 eval_episode_return:  0.00
 train_episode_return:  0.00
 train_exploration_epsilon: 0.190
 train_frame_rate:  171
I1002 15:55:00.323198 47865824307008 run_miniworld.py:239] Data collection iteration 20.
I1002 15:57:26.493448 47865824307008 run_miniworld.py:246] Evaluation iteration 20.
I1002 15:57:35.646059 47865824307008 run_miniworld.py:263] iteration:  20
 frame: 500000
 eval_episode_return:  0.00
 train_episode_return:  0.00
 train_exploration_epsilon: 0.145
 train_frame_rate:  171
I1002 15:57:35.941152 47865824307008 run_miniworld.py:239] Data collection iteration 21.
I1002 16:00:02.506113 47865824307008 run_miniworld.py:246] Evaluation iteration 21.
I1002 16:00:11.687025 47865824307008 run_miniworld.py:263] iteration:  21
 frame: 525000
 eval_episode_return:  0.00
 train_episode_return:  0.00
 train_exploration_epsilon: 0.100
 train_frame_rate:  171
I1002 16:00:11.979184 47865824307008 run_miniworld.py:239] Data collection iteration 22.
I1002 16:02:39.074649 47865824307008 run_miniworld.py:246] Evaluation iteration 22.
I1002 16:02:48.236937 47865824307008 run_miniworld.py:263] iteration:  22
 frame: 550000
 eval_episode_return:  0.00
 train_episode_return:  0.00
 train_exploration_epsilon: 0.100
 train_frame_rate:  170
I1002 16:02:48.532288 47865824307008 run_miniworld.py:239] Data collection iteration 23.
I1002 16:05:15.848950 47865824307008 run_miniworld.py:246] Evaluation iteration 23.
I1002 16:05:24.894468 47865824307008 run_miniworld.py:263] iteration:  23
 frame: 575000
 eval_episode_return:  0.00
 train_episode_return:  0.00
 train_exploration_epsilon: 0.100
 train_frame_rate:  170
I1002 16:05:25.186780 47865824307008 run_miniworld.py:239] Data collection iteration 24.
I1002 16:07:53.277800 47865824307008 run_miniworld.py:246] Evaluation iteration 24.
I1002 16:08:02.135199 47865824307008 run_miniworld.py:263] iteration:  24
 frame: 600000
 eval_episode_return:  0.00
 train_episode_return:  0.00
 train_exploration_epsilon: 0.100
 train_frame_rate:  169
I1002 16:08:02.427676 47865824307008 run_miniworld.py:239] Data collection iteration 25.
I1002 16:10:30.183551 47865824307008 run_miniworld.py:246] Evaluation iteration 25.
I1002 16:10:39.152496 47865824307008 run_miniworld.py:263] iteration:  25
 frame: 625000
 eval_episode_return:  0.00
 train_episode_return:  0.00
 train_exploration_epsilon: 0.100
 train_frame_rate:  169
I1002 16:10:39.445487 47865824307008 run_miniworld.py:239] Data collection iteration 26.
I1002 16:13:08.052304 47865824307008 run_miniworld.py:246] Evaluation iteration 26.
I1002 16:13:17.752274 47865824307008 run_miniworld.py:263] iteration:  26
 frame: 650000
 eval_episode_return:  0.00
 train_episode_return:  0.00
 train_exploration_epsilon: 0.100
 train_frame_rate:  168
I1002 16:13:18.084776 47865824307008 run_miniworld.py:239] Data collection iteration 27.
I1002 16:15:47.272589 47865824307008 run_miniworld.py:246] Evaluation iteration 27.
I1002 16:15:56.485490 47865824307008 run_miniworld.py:263] iteration:  27
 frame: 675000
 eval_episode_return:  0.00
 train_episode_return:  0.04
 train_exploration_epsilon: 0.100
 train_frame_rate:  168
I1002 16:15:56.858890 47865824307008 run_miniworld.py:239] Data collection iteration 28.
I1002 16:18:26.195581 47865824307008 run_miniworld.py:246] Evaluation iteration 28.
I1002 16:18:35.617486 47865824307008 run_miniworld.py:263] iteration:  28
 frame: 700000
 eval_episode_return:  0.00
 train_episode_return:  0.08
 train_exploration_epsilon: 0.100
 train_frame_rate:  167
I1002 16:18:35.949048 47865824307008 run_miniworld.py:239] Data collection iteration 29.
I1002 16:21:05.760319 47865824307008 run_miniworld.py:246] Evaluation iteration 29.
I1002 16:21:15.138903 47865824307008 run_miniworld.py:263] iteration:  29
 frame: 725000
 eval_episode_return:  0.00
 train_episode_return:  0.04
 train_exploration_epsilon: 0.100
 train_frame_rate:  167
I1002 16:21:15.461802 47865824307008 run_miniworld.py:239] Data collection iteration 30.
I1002 16:26:13.490546 47865824307008 run_miniworld.py:246] Evaluation iteration 30.
I1002 16:26:22.683885 47865824307008 run_miniworld.py:263] iteration:  30
 frame: 750000
 eval_episode_return:  0.00
 train_episode_return:  0.00
 train_exploration_epsilon: 0.100
 train_frame_rate:   84
I1002 16:26:22.990475 47865824307008 run_miniworld.py:239] Data collection iteration 31.
I1002 16:28:53.109313 47865824307008 run_miniworld.py:246] Evaluation iteration 31.
I1002 16:29:02.403621 47865824307008 run_miniworld.py:263] iteration:  31
 frame: 775000
 eval_episode_return:  0.00
 train_episode_return:  0.00
 train_exploration_epsilon: 0.100
 train_frame_rate:  167
I1002 16:29:02.711963 47865824307008 run_miniworld.py:239] Data collection iteration 32.
I1002 16:31:33.096453 47865824307008 run_miniworld.py:246] Evaluation iteration 32.
I1002 16:31:41.995025 47865824307008 run_miniworld.py:263] iteration:  32
 frame: 800000
 eval_episode_return:  0.00
 train_episode_return:  0.00
 train_exploration_epsilon: 0.100
 train_frame_rate:  166
I1002 16:31:42.300290 47865824307008 run_miniworld.py:239] Data collection iteration 33.
I1002 16:34:14.407853 47865824307008 run_miniworld.py:246] Evaluation iteration 33.
I1002 16:34:23.622798 47865824307008 run_miniworld.py:263] iteration:  33
 frame: 825000
 eval_episode_return:  0.00
 train_episode_return:  0.08
 train_exploration_epsilon: 0.100
 train_frame_rate:  164
I1002 16:34:23.923940 47865824307008 run_miniworld.py:239] Data collection iteration 34.
I1002 16:36:55.205680 47865824307008 run_miniworld.py:246] Evaluation iteration 34.
I1002 16:37:04.262541 47865824307008 run_miniworld.py:263] iteration:  34
 frame: 850000
 eval_episode_return:  0.00
 train_episode_return:  0.04
 train_exploration_epsilon: 0.100
 train_frame_rate:  165
I1002 16:37:04.563551 47865824307008 run_miniworld.py:239] Data collection iteration 35.
I1002 16:39:35.391607 47865824307008 run_miniworld.py:246] Evaluation iteration 35.
I1002 16:39:44.491533 47865824307008 run_miniworld.py:263] iteration:  35
 frame: 875000
 eval_episode_return:  0.00
 train_episode_return:  0.08
 train_exploration_epsilon: 0.100
 train_frame_rate:  166
I1002 16:39:44.815315 47865824307008 run_miniworld.py:239] Data collection iteration 36.
I1002 16:42:15.099550 47865824307008 run_miniworld.py:246] Evaluation iteration 36.
I1002 16:42:24.076394 47865824307008 run_miniworld.py:263] iteration:  36
 frame: 900000
 eval_episode_return:  0.00
 train_episode_return:  0.08
 train_exploration_epsilon: 0.100
 train_frame_rate:  166
I1002 16:42:24.377502 47865824307008 run_miniworld.py:239] Data collection iteration 37.
I1002 16:44:55.330012 47865824307008 run_miniworld.py:246] Evaluation iteration 37.
I1002 16:45:04.692258 47865824307008 run_miniworld.py:263] iteration:  37
 frame: 925000
 eval_episode_return:  0.00
 train_episode_return:  0.12
 train_exploration_epsilon: 0.100
 train_frame_rate:  166
I1002 16:45:04.995546 47865824307008 run_miniworld.py:239] Data collection iteration 38.
I1002 16:47:35.490806 47865824307008 run_miniworld.py:246] Evaluation iteration 38.
I1002 16:47:44.401275 47865824307008 run_miniworld.py:263] iteration:  38
 frame: 950000
 eval_episode_return:  0.00
 train_episode_return:  0.04
 train_exploration_epsilon: 0.100
 train_frame_rate:  166
I1002 16:47:44.706018 47865824307008 run_miniworld.py:239] Data collection iteration 39.
I1002 16:50:14.909741 47865824307008 run_miniworld.py:246] Evaluation iteration 39.
I1002 16:50:24.162188 47865824307008 run_miniworld.py:263] iteration:  39
 frame: 975000
 eval_episode_return:  0.00
 train_episode_return:  0.04
 train_exploration_epsilon: 0.100
 train_frame_rate:  166
I1002 16:50:24.476276 47865824307008 run_miniworld.py:239] Data collection iteration 40.
I1002 16:52:55.619853 47865824307008 run_miniworld.py:246] Evaluation iteration 40.
I1002 16:53:04.237236 47865824307008 run_miniworld.py:263] iteration:  40
 frame: 1000000
 eval_episode_return:  0.00
 train_episode_return:  0.15
 train_exploration_epsilon: 0.100
 train_frame_rate:  165
I1002 16:53:04.539639 47865824307008 run_miniworld.py:239] Data collection iteration 41.
I1002 16:55:34.188419 47865824307008 run_miniworld.py:246] Evaluation iteration 41.
I1002 16:55:43.300308 47865824307008 run_miniworld.py:263] iteration:  41
 frame: 1025000
 eval_episode_return:  0.00
 train_episode_return:  0.08
 train_exploration_epsilon: 0.100
 train_frame_rate:  167
I1002 16:55:43.617062 47865824307008 run_miniworld.py:239] Data collection iteration 42.
I1002 16:58:13.148538 47865824307008 run_miniworld.py:246] Evaluation iteration 42.
I1002 16:58:22.329497 47865824307008 run_miniworld.py:263] iteration:  42
 frame: 1050000
 eval_episode_return:  0.00
 train_episode_return:  0.00
 train_exploration_epsilon: 0.100
 train_frame_rate:  167
I1002 16:58:22.637160 47865824307008 run_miniworld.py:239] Data collection iteration 43.
I1002 17:00:52.100548 47865824307008 run_miniworld.py:246] Evaluation iteration 43.
I1002 17:01:01.154360 47865824307008 run_miniworld.py:263] iteration:  43
 frame: 1075000
 eval_episode_return:  0.00
 train_episode_return:  0.25
 train_exploration_epsilon: 0.100
 train_frame_rate:  167
I1002 17:01:01.455882 47865824307008 run_miniworld.py:239] Data collection iteration 44.
I1002 17:03:30.313866 47865824307008 run_miniworld.py:246] Evaluation iteration 44.
I1002 17:03:39.770967 47865824307008 run_miniworld.py:263] iteration:  44
 frame: 1100000
 eval_episode_return:  0.00
 train_episode_return:  0.04
 train_exploration_epsilon: 0.100
 train_frame_rate:  168
I1002 17:03:40.077551 47865824307008 run_miniworld.py:239] Data collection iteration 45.
I1002 17:06:09.351943 47865824307008 run_miniworld.py:246] Evaluation iteration 45.
I1002 17:06:18.538101 47865824307008 run_miniworld.py:263] iteration:  45
 frame: 1125000
 eval_episode_return:  0.00
 train_episode_return:  0.00
 train_exploration_epsilon: 0.100
 train_frame_rate:  167
I1002 17:06:18.843266 47865824307008 run_miniworld.py:239] Data collection iteration 46.
I1002 17:08:46.882372 47865824307008 run_miniworld.py:246] Evaluation iteration 46.
I1002 17:08:56.185159 47865824307008 run_miniworld.py:263] iteration:  46
 frame: 1150000
 eval_episode_return:  0.00
 train_episode_return:  0.04
 train_exploration_epsilon: 0.100
 train_frame_rate:  169
I1002 17:08:56.489853 47865824307008 run_miniworld.py:239] Data collection iteration 47.
I1002 17:11:24.537659 47865824307008 run_miniworld.py:246] Evaluation iteration 47.
I1002 17:11:33.822424 47865824307008 run_miniworld.py:263] iteration:  47
 frame: 1175000
 eval_episode_return:  0.00
 train_episode_return:  0.04
 train_exploration_epsilon: 0.100
 train_frame_rate:  169
I1002 17:11:34.139133 47865824307008 run_miniworld.py:239] Data collection iteration 48.
I1002 17:14:02.238509 47865824307008 run_miniworld.py:246] Evaluation iteration 48.
I1002 17:14:10.878653 47865824307008 run_miniworld.py:263] iteration:  48
 frame: 1200000
 eval_episode_return:  0.00
 train_episode_return:  0.04
 train_exploration_epsilon: 0.100
 train_frame_rate:  169
I1002 17:14:11.179552 47865824307008 run_miniworld.py:239] Data collection iteration 49.
I1002 17:16:39.108071 47865824307008 run_miniworld.py:246] Evaluation iteration 49.
I1002 17:16:48.229672 47865824307008 run_miniworld.py:263] iteration:  49
 frame: 1225000
 eval_episode_return:  0.00
 train_episode_return:  0.04
 train_exploration_epsilon: 0.100
 train_frame_rate:  169
I1002 17:16:48.538672 47865824307008 run_miniworld.py:239] Data collection iteration 50.
I1002 17:19:17.454303 47865824307008 run_miniworld.py:246] Evaluation iteration 50.
I1002 17:19:26.592447 47865824307008 run_miniworld.py:263] iteration:  50
 frame: 1250000
 eval_episode_return:  0.00
 train_episode_return:  0.00
 train_exploration_epsilon: 0.100
 train_frame_rate:  168
I1002 17:19:26.910600 47865824307008 run_miniworld.py:239] Data collection iteration 51.
I1002 17:21:54.771839 47865824307008 run_miniworld.py:246] Evaluation iteration 51.
I1002 17:22:03.754212 47865824307008 run_miniworld.py:263] iteration:  51
 frame: 1275000
 eval_episode_return:  0.00
 train_episode_return:  0.00
 train_exploration_epsilon: 0.100
 train_frame_rate:  169
I1002 17:22:04.060883 47865824307008 run_miniworld.py:239] Data collection iteration 52.
I1002 17:24:31.380362 47865824307008 run_miniworld.py:246] Evaluation iteration 52.
I1002 17:24:40.456444 47865824307008 run_miniworld.py:263] iteration:  52
 frame: 1300000
 eval_episode_return:  0.00
 train_episode_return:  0.00
 train_exploration_epsilon: 0.100
 train_frame_rate:  170
I1002 17:24:40.778660 47865824307008 run_miniworld.py:239] Data collection iteration 53.
I1002 17:27:08.605213 47865824307008 run_miniworld.py:246] Evaluation iteration 53.
I1002 17:27:17.626677 47865824307008 run_miniworld.py:263] iteration:  53
 frame: 1325000
 eval_episode_return:  0.00
 train_episode_return:  0.04
 train_exploration_epsilon: 0.100
 train_frame_rate:  169
I1002 17:27:17.929805 47865824307008 run_miniworld.py:239] Data collection iteration 54.
I1002 17:29:44.725687 47865824307008 run_miniworld.py:246] Evaluation iteration 54.
I1002 17:29:53.892581 47865824307008 run_miniworld.py:263] iteration:  54
 frame: 1350000
 eval_episode_return:  0.00
 train_episode_return:  0.00
 train_exploration_epsilon: 0.100
 train_frame_rate:  170
I1002 17:29:54.202113 47865824307008 run_miniworld.py:239] Data collection iteration 55.
I1002 17:32:21.430267 47865824307008 run_miniworld.py:246] Evaluation iteration 55.
I1002 17:32:30.801051 47865824307008 run_miniworld.py:263] iteration:  55
 frame: 1375000
 eval_episode_return:  0.00
 train_episode_return:  0.00
 train_exploration_epsilon: 0.100
 train_frame_rate:  170
I1002 17:32:31.105022 47865824307008 run_miniworld.py:239] Data collection iteration 56.
I1002 17:34:58.022665 47865824307008 run_miniworld.py:246] Evaluation iteration 56.
I1002 17:35:07.218972 47865824307008 run_miniworld.py:263] iteration:  56
 frame: 1400000
 eval_episode_return:  0.00
 train_episode_return:  0.04
 train_exploration_epsilon: 0.100
 train_frame_rate:  170
I1002 17:35:07.518083 47865824307008 run_miniworld.py:239] Data collection iteration 57.
I1002 17:37:34.682098 47865824307008 run_miniworld.py:246] Evaluation iteration 57.
I1002 17:37:43.979185 47865824307008 run_miniworld.py:263] iteration:  57
 frame: 1425000
 eval_episode_return:  0.00
 train_episode_return:  0.08
 train_exploration_epsilon: 0.100
 train_frame_rate:  170
I1002 17:37:44.284476 47865824307008 run_miniworld.py:239] Data collection iteration 58.
I1002 17:40:12.466979 47865824307008 run_miniworld.py:246] Evaluation iteration 58.
I1002 17:40:21.687476 47865824307008 run_miniworld.py:263] iteration:  58
 frame: 1450000
 eval_episode_return:  0.00
 train_episode_return:  0.00
 train_exploration_epsilon: 0.100
 train_frame_rate:  169
I1002 17:40:21.990230 47865824307008 run_miniworld.py:239] Data collection iteration 59.
I1002 17:42:49.415795 47865824307008 run_miniworld.py:246] Evaluation iteration 59.
I1002 17:42:58.705283 47865824307008 run_miniworld.py:263] iteration:  59
 frame: 1475000
 eval_episode_return:  0.00
 train_episode_return:  0.04
 train_exploration_epsilon: 0.100
 train_frame_rate:  170
I1002 17:42:59.011062 47865824307008 run_miniworld.py:239] Data collection iteration 60.
I1002 17:45:26.505051 47865824307008 run_miniworld.py:246] Evaluation iteration 60.
I1002 17:45:35.876571 47865824307008 run_miniworld.py:263] iteration:  60
 frame: 1500000
 eval_episode_return:  0.00
 train_episode_return:  0.00
 train_exploration_epsilon: 0.100
 train_frame_rate:  169
I1002 17:45:36.199769 47865824307008 run_miniworld.py:239] Data collection iteration 61.
I1002 17:48:03.192447 47865824307008 run_miniworld.py:246] Evaluation iteration 61.
I1002 17:48:12.539945 47865824307008 run_miniworld.py:263] iteration:  61
 frame: 1525000
 eval_episode_return:  0.00
 train_episode_return:  0.00
 train_exploration_epsilon: 0.100
 train_frame_rate:  170
I1002 17:48:12.855058 47865824307008 run_miniworld.py:239] Data collection iteration 62.
I1002 17:50:39.894197 47865824307008 run_miniworld.py:246] Evaluation iteration 62.
I1002 17:50:49.369174 47865824307008 run_miniworld.py:263] iteration:  62
 frame: 1550000
 eval_episode_return:  0.00
 train_episode_return:  0.00
 train_exploration_epsilon: 0.100
 train_frame_rate:  170
I1002 17:50:49.681228 47865824307008 run_miniworld.py:239] Data collection iteration 63.
I1002 17:53:16.992986 47865824307008 run_miniworld.py:246] Evaluation iteration 63.
I1002 17:53:26.192483 47865824307008 run_miniworld.py:263] iteration:  63
 frame: 1575000
 eval_episode_return:  0.00
 train_episode_return:  0.00
 train_exploration_epsilon: 0.100
 train_frame_rate:  170
I1002 17:53:26.497966 47865824307008 run_miniworld.py:239] Data collection iteration 64.
I1002 17:55:53.500464 47865824307008 run_miniworld.py:246] Evaluation iteration 64.
I1002 17:56:02.763700 47865824307008 run_miniworld.py:263] iteration:  64
 frame: 1600000
 eval_episode_return:  0.00
 train_episode_return:  0.00
 train_exploration_epsilon: 0.100
 train_frame_rate:  170
I1002 17:56:03.069582 47865824307008 run_miniworld.py:239] Data collection iteration 65.
I1002 17:58:29.076617 47865824307008 run_miniworld.py:246] Evaluation iteration 65.
I1002 17:58:38.623067 47865824307008 run_miniworld.py:263] iteration:  65
 frame: 1625000
 eval_episode_return:  0.00
 train_episode_return:  0.00
 train_exploration_epsilon: 0.100
 train_frame_rate:  171
I1002 17:58:38.930272 47865824307008 run_miniworld.py:239] Data collection iteration 66.
I1002 18:01:06.060550 47865824307008 run_miniworld.py:246] Evaluation iteration 66.
I1002 18:01:14.893733 47865824307008 run_miniworld.py:263] iteration:  66
 frame: 1650000
 eval_episode_return:  0.00
 train_episode_return:  0.00
 train_exploration_epsilon: 0.100
 train_frame_rate:  170
I1002 18:01:15.199218 47865824307008 run_miniworld.py:239] Data collection iteration 67.
I1002 18:03:42.386449 47865824307008 run_miniworld.py:246] Evaluation iteration 67.
I1002 18:03:51.374779 47865824307008 run_miniworld.py:263] iteration:  67
 frame: 1675000
 eval_episode_return:  0.00
 train_episode_return:  0.00
 train_exploration_epsilon: 0.100
 train_frame_rate:  170
I1002 18:03:51.679885 47865824307008 run_miniworld.py:239] Data collection iteration 68.
I1002 18:06:18.777815 47865824307008 run_miniworld.py:246] Evaluation iteration 68.
I1002 18:06:28.228262 47865824307008 run_miniworld.py:263] iteration:  68
 frame: 1700000
 eval_episode_return:  0.00
 train_episode_return:  0.00
 train_exploration_epsilon: 0.100
 train_frame_rate:  170
I1002 18:06:28.536274 47865824307008 run_miniworld.py:239] Data collection iteration 69.
I1002 18:08:55.429548 47865824307008 run_miniworld.py:246] Evaluation iteration 69.
I1002 18:09:04.765098 47865824307008 run_miniworld.py:263] iteration:  69
 frame: 1725000
 eval_episode_return:  0.00
 train_episode_return:  0.00
 train_exploration_epsilon: 0.100
 train_frame_rate:  170
I1002 18:09:05.066387 47865824307008 run_miniworld.py:239] Data collection iteration 70.
I1002 18:11:31.277966 47865824307008 run_miniworld.py:246] Evaluation iteration 70.
I1002 18:11:40.357115 47865824307008 run_miniworld.py:263] iteration:  70
 frame: 1750000
 eval_episode_return:  0.00
 train_episode_return:  0.00
 train_exploration_epsilon: 0.100
 train_frame_rate:  171
I1002 18:11:40.685187 47865824307008 run_miniworld.py:239] Data collection iteration 71.
I1002 18:14:06.921954 47865824307008 run_miniworld.py:246] Evaluation iteration 71.
I1002 18:14:16.835575 47865824307008 run_miniworld.py:263] iteration:  71
 frame: 1775000
 eval_episode_return:  0.00
 train_episode_return:  0.00
 train_exploration_epsilon: 0.100
 train_frame_rate:  171
I1002 18:14:17.141672 47865824307008 run_miniworld.py:239] Data collection iteration 72.
I1002 18:16:43.093220 47865824307008 run_miniworld.py:246] Evaluation iteration 72.
I1002 18:16:51.827804 47865824307008 run_miniworld.py:263] iteration:  72
 frame: 1800000
 eval_episode_return:  0.00
 train_episode_return:  0.00
 train_exploration_epsilon: 0.100
 train_frame_rate:  171
I1002 18:16:52.134882 47865824307008 run_miniworld.py:239] Data collection iteration 73.
I1002 18:21:35.802990 47865824307008 run_miniworld.py:246] Evaluation iteration 73.
I1002 18:21:44.476252 47865824307008 run_miniworld.py:263] iteration:  73
 frame: 1825000
 eval_episode_return:  0.00
 train_episode_return:  0.00
 train_exploration_epsilon: 0.100
 train_frame_rate:   88
I1002 18:21:44.873358 47865824307008 run_miniworld.py:239] Data collection iteration 74.
I1002 18:24:12.269795 47865824307008 run_miniworld.py:246] Evaluation iteration 74.
I1002 18:24:22.109049 47865824307008 run_miniworld.py:263] iteration:  74
 frame: 1850000
 eval_episode_return:  0.00
 train_episode_return:  0.00
 train_exploration_epsilon: 0.100
 train_frame_rate:  170
I1002 18:24:22.415531 47865824307008 run_miniworld.py:239] Data collection iteration 75.
I1002 18:26:50.361592 47865824307008 run_miniworld.py:246] Evaluation iteration 75.
I1002 18:26:59.468606 47865824307008 run_miniworld.py:263] iteration:  75
 frame: 1875000
 eval_episode_return:  0.00
 train_episode_return:  0.00
 train_exploration_epsilon: 0.100
 train_frame_rate:  169
I1002 18:26:59.784058 47865824307008 run_miniworld.py:239] Data collection iteration 76.
I1002 18:29:27.099286 47865824307008 run_miniworld.py:246] Evaluation iteration 76.
I1002 18:29:36.607511 47865824307008 run_miniworld.py:263] iteration:  76
 frame: 1900000
 eval_episode_return:  0.00
 train_episode_return:  0.00
 train_exploration_epsilon: 0.100
 train_frame_rate:  170
I1002 18:29:36.917347 47865824307008 run_miniworld.py:239] Data collection iteration 77.
I1002 18:32:04.735661 47865824307008 run_miniworld.py:246] Evaluation iteration 77.
I1002 18:32:14.580428 47865824307008 run_miniworld.py:263] iteration:  77
 frame: 1925000
 eval_episode_return:  0.00
 train_episode_return:  0.00
 train_exploration_epsilon: 0.100
 train_frame_rate:  169
I1002 18:32:14.884011 47865824307008 run_miniworld.py:239] Data collection iteration 78.
I1002 18:34:42.469446 47865824307008 run_miniworld.py:246] Evaluation iteration 78.
I1002 18:34:51.421751 47865824307008 run_miniworld.py:263] iteration:  78
 frame: 1950000
 eval_episode_return:  0.00
 train_episode_return:  0.00
 train_exploration_epsilon: 0.100
 train_frame_rate:  169
I1002 18:34:51.730477 47865824307008 run_miniworld.py:239] Data collection iteration 79.
I1002 18:37:19.526163 47865824307008 run_miniworld.py:246] Evaluation iteration 79.
I1002 18:37:28.907999 47865824307008 run_miniworld.py:263] iteration:  79
 frame: 1975000
 eval_episode_return:  0.00
 train_episode_return:  0.00
 train_exploration_epsilon: 0.100
 train_frame_rate:  169
I1002 18:37:29.210597 47865824307008 run_miniworld.py:239] Data collection iteration 80.
I1002 18:39:56.505789 47865824307008 run_miniworld.py:246] Evaluation iteration 80.
I1002 18:40:06.183580 47865824307008 run_miniworld.py:263] iteration:  80
 frame: 2000000
 eval_episode_return:  0.00
 train_episode_return:  0.00
 train_exploration_epsilon: 0.100
 train_frame_rate:  170
I1002 18:40:06.496666 47865824307008 run_miniworld.py:239] Data collection iteration 81.
I1002 18:42:32.035663 47865824307008 run_miniworld.py:246] Evaluation iteration 81.
I1002 18:42:41.156174 47865824307008 run_miniworld.py:263] iteration:  81
 frame: 2025000
 eval_episode_return:  0.00
 train_episode_return:  0.00
 train_exploration_epsilon: 0.100
 train_frame_rate:  172
I1002 18:42:41.456612 47865824307008 run_miniworld.py:239] Data collection iteration 82.
I1002 18:45:07.813366 47865824307008 run_miniworld.py:246] Evaluation iteration 82.
I1002 18:45:17.007353 47865824307008 run_miniworld.py:263] iteration:  82
 frame: 2050000
 eval_episode_return:  0.00
 train_episode_return:  0.00
 train_exploration_epsilon: 0.100
 train_frame_rate:  171
I1002 18:45:17.304136 47865824307008 run_miniworld.py:239] Data collection iteration 83.
I1002 18:47:42.289952 47865824307008 run_miniworld.py:246] Evaluation iteration 83.
I1002 18:47:51.310942 47865824307008 run_miniworld.py:263] iteration:  83
 frame: 2075000
 eval_episode_return:  0.00
 train_episode_return:  0.00
 train_exploration_epsilon: 0.100
 train_frame_rate:  172
I1002 18:47:51.615252 47865824307008 run_miniworld.py:239] Data collection iteration 84.
I1002 18:50:17.041349 47865824307008 run_miniworld.py:246] Evaluation iteration 84.
I1002 18:50:26.282203 47865824307008 run_miniworld.py:263] iteration:  84
 frame: 2100000
 eval_episode_return:  0.00
 train_episode_return:  0.00
 train_exploration_epsilon: 0.100
 train_frame_rate:  172
I1002 18:50:26.584935 47865824307008 run_miniworld.py:239] Data collection iteration 85.
I1002 18:52:53.271552 47865824307008 run_miniworld.py:246] Evaluation iteration 85.
I1002 18:53:02.639698 47865824307008 run_miniworld.py:263] iteration:  85
 frame: 2125000
 eval_episode_return:  0.00
 train_episode_return:  0.00
 train_exploration_epsilon: 0.100
 train_frame_rate:  170
I1002 18:53:02.938917 47865824307008 run_miniworld.py:239] Data collection iteration 86.
I1002 18:55:28.469026 47865824307008 run_miniworld.py:246] Evaluation iteration 86.
I1002 18:55:37.492442 47865824307008 run_miniworld.py:263] iteration:  86
 frame: 2150000
 eval_episode_return:  0.00
 train_episode_return:  0.04
 train_exploration_epsilon: 0.100
 train_frame_rate:  172
I1002 18:55:37.796534 47865824307008 run_miniworld.py:239] Data collection iteration 87.
I1002 18:58:03.843761 47865824307008 run_miniworld.py:246] Evaluation iteration 87.
I1002 18:58:13.314248 47865824307008 run_miniworld.py:263] iteration:  87
 frame: 2175000
 eval_episode_return:  0.00
 train_episode_return:  0.00
 train_exploration_epsilon: 0.100
 train_frame_rate:  171
I1002 18:58:13.613624 47865824307008 run_miniworld.py:239] Data collection iteration 88.
I1002 19:00:40.136567 47865824307008 run_miniworld.py:246] Evaluation iteration 88.
I1002 19:00:49.371784 47865824307008 run_miniworld.py:263] iteration:  88
 frame: 2200000
 eval_episode_return:  0.00
 train_episode_return:  0.00
 train_exploration_epsilon: 0.100
 train_frame_rate:  171
I1002 19:00:49.675930 47865824307008 run_miniworld.py:239] Data collection iteration 89.
I1002 19:03:15.963066 47865824307008 run_miniworld.py:246] Evaluation iteration 89.
I1002 19:03:24.478647 47865824307008 run_miniworld.py:263] iteration:  89
 frame: 2225000
 eval_episode_return:  0.00
 train_episode_return:  0.08
 train_exploration_epsilon: 0.100
 train_frame_rate:  171
I1002 19:03:24.795313 47865824307008 run_miniworld.py:239] Data collection iteration 90.
I1002 19:05:50.959665 47865824307008 run_miniworld.py:246] Evaluation iteration 90.
I1002 19:05:59.937543 47865824307008 run_miniworld.py:263] iteration:  90
 frame: 2250000
 eval_episode_return:  0.00
 train_episode_return:  0.00
 train_exploration_epsilon: 0.100
 train_frame_rate:  171
I1002 19:06:00.256231 47865824307008 run_miniworld.py:239] Data collection iteration 91.
I1002 19:08:26.340606 47865824307008 run_miniworld.py:246] Evaluation iteration 91.
I1002 19:08:35.150633 47865824307008 run_miniworld.py:263] iteration:  91
 frame: 2275000
 eval_episode_return:  0.00
 train_episode_return:  0.00
 train_exploration_epsilon: 0.100
 train_frame_rate:  171
I1002 19:08:35.457762 47865824307008 run_miniworld.py:239] Data collection iteration 92.
I1002 19:11:01.638653 47865824307008 run_miniworld.py:246] Evaluation iteration 92.
I1002 19:11:10.579087 47865824307008 run_miniworld.py:263] iteration:  92
 frame: 2300000
 eval_episode_return:  0.00
 train_episode_return:  0.04
 train_exploration_epsilon: 0.100
 train_frame_rate:  171
I1002 19:11:10.900676 47865824307008 run_miniworld.py:239] Data collection iteration 93.
I1002 19:13:37.666377 47865824307008 run_miniworld.py:246] Evaluation iteration 93.
I1002 19:13:47.058765 47865824307008 run_miniworld.py:263] iteration:  93
 frame: 2325000
 eval_episode_return:  0.00
 train_episode_return:  0.04
 train_exploration_epsilon: 0.100
 train_frame_rate:  170
I1002 19:13:47.365782 47865824307008 run_miniworld.py:239] Data collection iteration 94.
I1002 19:16:12.799942 47865824307008 run_miniworld.py:246] Evaluation iteration 94.
I1002 19:16:22.187136 47865824307008 run_miniworld.py:263] iteration:  94
 frame: 2350000
 eval_episode_return:  0.00
 train_episode_return:  0.04
 train_exploration_epsilon: 0.100
 train_frame_rate:  172
I1002 19:16:22.498044 47865824307008 run_miniworld.py:239] Data collection iteration 95.
I1002 19:18:48.838953 47865824307008 run_miniworld.py:246] Evaluation iteration 95.
I1002 19:18:58.031147 47865824307008 run_miniworld.py:263] iteration:  95
 frame: 2375000
 eval_episode_return:  0.00
 train_episode_return:  0.04
 train_exploration_epsilon: 0.100
 train_frame_rate:  171
I1002 19:18:58.345093 47865824307008 run_miniworld.py:239] Data collection iteration 96.
I1002 19:21:24.697434 47865824307008 run_miniworld.py:246] Evaluation iteration 96.
I1002 19:21:34.182573 47865824307008 run_miniworld.py:263] iteration:  96
 frame: 2400000
 eval_episode_return:  0.00
 train_episode_return:  0.00
 train_exploration_epsilon: 0.100
 train_frame_rate:  171
I1002 19:21:34.489624 47865824307008 run_miniworld.py:239] Data collection iteration 97.
I1002 19:24:00.950616 47865824307008 run_miniworld.py:246] Evaluation iteration 97.
I1002 19:24:10.458835 47865824307008 run_miniworld.py:263] iteration:  97
 frame: 2425000
 eval_episode_return:  0.00
 train_episode_return:  0.04
 train_exploration_epsilon: 0.100
 train_frame_rate:  171
I1002 19:24:10.792670 47865824307008 run_miniworld.py:239] Data collection iteration 98.
I1002 19:26:38.481851 47865824307008 run_miniworld.py:246] Evaluation iteration 98.
I1002 19:26:47.936549 47865824307008 run_miniworld.py:263] iteration:  98
 frame: 2450000
 eval_episode_return:  0.00
 train_episode_return:  0.00
 train_exploration_epsilon: 0.100
 train_frame_rate:  169
I1002 19:26:48.252273 47865824307008 run_miniworld.py:239] Data collection iteration 99.
I1002 19:29:15.103560 47865824307008 run_miniworld.py:246] Evaluation iteration 99.
I1002 19:29:24.448423 47865824307008 run_miniworld.py:263] iteration:  99
 frame: 2475000
 eval_episode_return:  0.00
 train_episode_return:  0.04
 train_exploration_epsilon: 0.100
 train_frame_rate:  170
I1002 19:29:24.761940 47865824307008 run_miniworld.py:239] Data collection iteration 100.
I1002 19:31:51.671593 47865824307008 run_miniworld.py:246] Evaluation iteration 100.
I1002 19:32:00.843487 47865824307008 run_miniworld.py:263] iteration: 100
 frame: 2500000
 eval_episode_return:  0.00
 train_episode_return:  0.00
 train_exploration_epsilon: 0.100
 train_frame_rate:  170
I1002 19:32:01.161366 47865824307008 run_miniworld.py:239] Data collection iteration 101.
I1002 19:34:28.630813 47865824307008 run_miniworld.py:246] Evaluation iteration 101.
I1002 19:34:37.783370 47865824307008 run_miniworld.py:263] iteration: 101
 frame: 2525000
 eval_episode_return:  0.00
 train_episode_return:  0.00
 train_exploration_epsilon: 0.100
 train_frame_rate:  170
I1002 19:34:38.107664 47865824307008 run_miniworld.py:239] Data collection iteration 102.
I1002 19:37:04.015474 47865824307008 run_miniworld.py:246] Evaluation iteration 102.
I1002 19:37:13.076332 47865824307008 run_miniworld.py:263] iteration: 102
 frame: 2550000
 eval_episode_return:  0.00
 train_episode_return:  0.00
 train_exploration_epsilon: 0.100
 train_frame_rate:  171
I1002 19:37:13.391629 47865824307008 run_miniworld.py:239] Data collection iteration 103.
I1002 19:39:40.570812 47865824307008 run_miniworld.py:246] Evaluation iteration 103.
I1002 19:39:49.856266 47865824307008 run_miniworld.py:263] iteration: 103
 frame: 2575000
 eval_episode_return:  0.00
 train_episode_return:  0.00
 train_exploration_epsilon: 0.100
 train_frame_rate:  170
I1002 19:39:50.174321 47865824307008 run_miniworld.py:239] Data collection iteration 104.
I1002 19:42:16.893099 47865824307008 run_miniworld.py:246] Evaluation iteration 104.
I1002 19:42:26.085968 47865824307008 run_miniworld.py:263] iteration: 104
 frame: 2600000
 eval_episode_return:  0.00
 train_episode_return:  0.00
 train_exploration_epsilon: 0.100
 train_frame_rate:  170
I1002 19:42:26.387610 47865824307008 run_miniworld.py:239] Data collection iteration 105.
I1002 19:44:53.583962 47865824307008 run_miniworld.py:246] Evaluation iteration 105.
I1002 19:45:03.042445 47865824307008 run_miniworld.py:263] iteration: 105
 frame: 2625000
 eval_episode_return:  0.00
 train_episode_return:  0.00
 train_exploration_epsilon: 0.100
 train_frame_rate:  170
I1002 19:45:03.346929 47865824307008 run_miniworld.py:239] Data collection iteration 106.
I1002 19:47:30.665126 47865824307008 run_miniworld.py:246] Evaluation iteration 106.
I1002 19:47:40.161782 47865824307008 run_miniworld.py:263] iteration: 106
 frame: 2650000
 eval_episode_return:  0.00
 train_episode_return:  0.00
 train_exploration_epsilon: 0.100
 train_frame_rate:  170
I1002 19:47:40.468310 47865824307008 run_miniworld.py:239] Data collection iteration 107.
I1002 19:50:07.083575 47865824307008 run_miniworld.py:246] Evaluation iteration 107.
I1002 19:50:16.154437 47865824307008 run_miniworld.py:263] iteration: 107
 frame: 2675000
 eval_episode_return:  0.00
 train_episode_return:  0.00
 train_exploration_epsilon: 0.100
 train_frame_rate:  171
I1002 19:50:16.458206 47865824307008 run_miniworld.py:239] Data collection iteration 108.
I1002 19:52:43.328957 47865824307008 run_miniworld.py:246] Evaluation iteration 108.
I1002 19:52:52.973931 47865824307008 run_miniworld.py:263] iteration: 108
 frame: 2700000
 eval_episode_return:  0.00
 train_episode_return:  0.00
 train_exploration_epsilon: 0.100
 train_frame_rate:  170
I1002 19:52:53.290428 47865824307008 run_miniworld.py:239] Data collection iteration 109.
I1002 19:55:20.769217 47865824307008 run_miniworld.py:246] Evaluation iteration 109.
I1002 19:55:29.675794 47865824307008 run_miniworld.py:263] iteration: 109
 frame: 2725000
 eval_episode_return:  0.00
 train_episode_return:  0.08
 train_exploration_epsilon: 0.100
 train_frame_rate:  170
I1002 19:55:29.987192 47865824307008 run_miniworld.py:239] Data collection iteration 110.
I1002 19:57:56.462613 47865824307008 run_miniworld.py:246] Evaluation iteration 110.
I1002 19:58:05.722253 47865824307008 run_miniworld.py:263] iteration: 110
 frame: 2750000
 eval_episode_return:  0.00
 train_episode_return:  0.00
 train_exploration_epsilon: 0.100
 train_frame_rate:  171
I1002 19:58:06.035243 47865824307008 run_miniworld.py:239] Data collection iteration 111.
I1002 20:00:34.962209 47865824307008 run_miniworld.py:246] Evaluation iteration 111.
I1002 20:00:44.313436 47865824307008 run_miniworld.py:263] iteration: 111
 frame: 2775000
 eval_episode_return:  0.00
 train_episode_return:  0.00
 train_exploration_epsilon: 0.100
 train_frame_rate:  168
I1002 20:00:44.695949 47865824307008 run_miniworld.py:239] Data collection iteration 112.
I1002 20:03:12.131405 47865824307008 run_miniworld.py:246] Evaluation iteration 112.
I1002 20:03:21.603143 47865824307008 run_miniworld.py:263] iteration: 112
 frame: 2800000
 eval_episode_return:  0.00
 train_episode_return:  0.00
 train_exploration_epsilon: 0.100
 train_frame_rate:  170
I1002 20:03:21.912588 47865824307008 run_miniworld.py:239] Data collection iteration 113.
I1002 20:05:48.773501 47865824307008 run_miniworld.py:246] Evaluation iteration 113.
I1002 20:05:57.995910 47865824307008 run_miniworld.py:263] iteration: 113
 frame: 2825000
 eval_episode_return:  0.00
 train_episode_return:  0.04
 train_exploration_epsilon: 0.100
 train_frame_rate:  170
I1002 20:05:58.313430 47865824307008 run_miniworld.py:239] Data collection iteration 114.
I1002 20:08:27.342674 47865824307008 run_miniworld.py:246] Evaluation iteration 114.
I1002 20:08:36.432268 47865824307008 run_miniworld.py:263] iteration: 114
 frame: 2850000
 eval_episode_return:  0.00
 train_episode_return:  0.00
 train_exploration_epsilon: 0.100
 train_frame_rate:  168
I1002 20:08:36.748105 47865824307008 run_miniworld.py:239] Data collection iteration 115.
I1002 20:11:04.890132 47865824307008 run_miniworld.py:246] Evaluation iteration 115.
I1002 20:11:14.098839 47865824307008 run_miniworld.py:263] iteration: 115
 frame: 2875000
 eval_episode_return:  0.00
 train_episode_return:  0.00
 train_exploration_epsilon: 0.100
 train_frame_rate:  169
I1002 20:11:14.413561 47865824307008 run_miniworld.py:239] Data collection iteration 116.
I1002 20:13:41.695454 47865824307008 run_miniworld.py:246] Evaluation iteration 116.
I1002 20:13:50.730829 47865824307008 run_miniworld.py:263] iteration: 116
 frame: 2900000
 eval_episode_return:  0.00
 train_episode_return:  0.00
 train_exploration_epsilon: 0.100
 train_frame_rate:  170
I1002 20:13:51.045043 47865824307008 run_miniworld.py:239] Data collection iteration 117.
I1002 20:16:18.980931 47865824307008 run_miniworld.py:246] Evaluation iteration 117.
I1002 20:16:28.018894 47865824307008 run_miniworld.py:263] iteration: 117
 frame: 2925000
 eval_episode_return:  0.00
 train_episode_return:  0.00
 train_exploration_epsilon: 0.100
 train_frame_rate:  169
I1002 20:16:28.328941 47865824307008 run_miniworld.py:239] Data collection iteration 118.
I1002 20:18:56.759518 47865824307008 run_miniworld.py:246] Evaluation iteration 118.
I1002 20:19:06.071919 47865824307008 run_miniworld.py:263] iteration: 118
 frame: 2950000
 eval_episode_return:  0.00
 train_episode_return:  0.00
 train_exploration_epsilon: 0.100
 train_frame_rate:  168
I1002 20:19:06.382043 47865824307008 run_miniworld.py:239] Data collection iteration 119.
I1002 20:21:33.815650 47865824307008 run_miniworld.py:246] Evaluation iteration 119.
I1002 20:21:43.218672 47865824307008 run_miniworld.py:263] iteration: 119
 frame: 2975000
 eval_episode_return:  0.00
 train_episode_return:  0.00
 train_exploration_epsilon: 0.100
 train_frame_rate:  170
I1002 20:21:43.522191 47865824307008 run_miniworld.py:239] Data collection iteration 120.
I1002 20:24:10.273649 47865824307008 run_miniworld.py:246] Evaluation iteration 120.
I1002 20:24:19.551979 47865824307008 run_miniworld.py:263] iteration: 120
 frame: 3000000
 eval_episode_return:  0.00
 train_episode_return:  0.00
 train_exploration_epsilon: 0.100
 train_frame_rate:  170
I1002 20:24:19.858056 47865824307008 run_miniworld.py:239] Data collection iteration 121.
I1002 20:26:46.560845 47865824307008 run_miniworld.py:246] Evaluation iteration 121.
I1002 20:26:55.199880 47865824307008 run_miniworld.py:263] iteration: 121
 frame: 3025000
 eval_episode_return:  0.00
 train_episode_return:  0.04
 train_exploration_epsilon: 0.100
 train_frame_rate:  170
I1002 20:26:55.506886 47865824307008 run_miniworld.py:239] Data collection iteration 122.
I1002 20:29:21.948541 47865824307008 run_miniworld.py:246] Evaluation iteration 122.
I1002 20:29:31.257518 47865824307008 run_miniworld.py:263] iteration: 122
 frame: 3050000
 eval_episode_return:  0.00
 train_episode_return:  0.00
 train_exploration_epsilon: 0.100
 train_frame_rate:  171
I1002 20:29:31.766134 47865824307008 run_miniworld.py:239] Data collection iteration 123.
I1002 20:31:58.485282 47865824307008 run_miniworld.py:246] Evaluation iteration 123.
I1002 20:32:07.706441 47865824307008 run_miniworld.py:263] iteration: 123
 frame: 3075000
 eval_episode_return:  0.00
 train_episode_return:  0.00
 train_exploration_epsilon: 0.100
 train_frame_rate:  170
I1002 20:32:08.020807 47865824307008 run_miniworld.py:239] Data collection iteration 124.
I1002 20:34:34.769646 47865824307008 run_miniworld.py:246] Evaluation iteration 124.
I1002 20:34:43.913015 47865824307008 run_miniworld.py:263] iteration: 124
 frame: 3100000
 eval_episode_return:  0.00
 train_episode_return:  0.00
 train_exploration_epsilon: 0.100
 train_frame_rate:  170
I1002 20:34:44.221588 47865824307008 run_miniworld.py:239] Data collection iteration 125.
I1002 20:37:11.528903 47865824307008 run_miniworld.py:246] Evaluation iteration 125.
I1002 20:37:20.826206 47865824307008 run_miniworld.py:263] iteration: 125
 frame: 3125000
 eval_episode_return:  0.00
 train_episode_return:  0.00
 train_exploration_epsilon: 0.100
 train_frame_rate:  170
I1002 20:37:21.610366 47865824307008 run_miniworld.py:239] Data collection iteration 126.
I1002 20:39:48.821899 47865824307008 run_miniworld.py:246] Evaluation iteration 126.
I1002 20:39:58.258989 47865824307008 run_miniworld.py:263] iteration: 126
 frame: 3150000
 eval_episode_return:  0.00
 train_episode_return:  0.00
 train_exploration_epsilon: 0.100
 train_frame_rate:  170
I1002 20:39:58.584420 47865824307008 run_miniworld.py:239] Data collection iteration 127.
I1002 20:42:25.731803 47865824307008 run_miniworld.py:246] Evaluation iteration 127.
I1002 20:42:35.530508 47865824307008 run_miniworld.py:263] iteration: 127
 frame: 3175000
 eval_episode_return:  0.00
 train_episode_return:  0.00
 train_exploration_epsilon: 0.100
 train_frame_rate:  170
I1002 20:42:35.876698 47865824307008 run_miniworld.py:239] Data collection iteration 128.
I1002 20:45:02.480519 47865824307008 run_miniworld.py:246] Evaluation iteration 128.
I1002 20:45:11.666541 47865824307008 run_miniworld.py:263] iteration: 128
 frame: 3200000
 eval_episode_return:  0.00
 train_episode_return:  0.00
 train_exploration_epsilon: 0.100
 train_frame_rate:  171
I1002 20:45:12.004018 47865824307008 run_miniworld.py:239] Data collection iteration 129.
I1002 20:47:39.469534 47865824307008 run_miniworld.py:246] Evaluation iteration 129.
I1002 20:47:48.645919 47865824307008 run_miniworld.py:263] iteration: 129
 frame: 3225000
 eval_episode_return:  0.00
 train_episode_return:  0.00
 train_exploration_epsilon: 0.100
 train_frame_rate:  170
I1002 20:47:48.973911 47865824307008 run_miniworld.py:239] Data collection iteration 130.
I1002 20:50:15.629215 47865824307008 run_miniworld.py:246] Evaluation iteration 130.
I1002 20:50:24.976717 47865824307008 run_miniworld.py:263] iteration: 130
 frame: 3250000
 eval_episode_return:  0.00
 train_episode_return:  0.00
 train_exploration_epsilon: 0.100
 train_frame_rate:  170
I1002 20:50:25.282603 47865824307008 run_miniworld.py:239] Data collection iteration 131.
I1002 20:52:52.937620 47865824307008 run_miniworld.py:246] Evaluation iteration 131.
I1002 20:53:01.969314 47865824307008 run_miniworld.py:263] iteration: 131
 frame: 3275000
 eval_episode_return:  0.00
 train_episode_return:  0.00
 train_exploration_epsilon: 0.100
 train_frame_rate:  169
I1002 20:53:02.276189 47865824307008 run_miniworld.py:239] Data collection iteration 132.
I1002 20:55:29.132338 47865824307008 run_miniworld.py:246] Evaluation iteration 132.
I1002 20:55:38.481089 47865824307008 run_miniworld.py:263] iteration: 132
 frame: 3300000
 eval_episode_return:  0.00
 train_episode_return:  0.00
 train_exploration_epsilon: 0.100
 train_frame_rate:  170
I1002 20:55:38.778595 47865824307008 run_miniworld.py:239] Data collection iteration 133.
I1002 20:58:05.381709 47865824307008 run_miniworld.py:246] Evaluation iteration 133.
I1002 20:58:14.559225 47865824307008 run_miniworld.py:263] iteration: 133
 frame: 3325000
 eval_episode_return:  0.00
 train_episode_return:  0.00
 train_exploration_epsilon: 0.100
 train_frame_rate:  171
I1002 20:58:14.866116 47865824307008 run_miniworld.py:239] Data collection iteration 134.
I1002 21:00:41.865321 47865824307008 run_miniworld.py:246] Evaluation iteration 134.
I1002 21:00:50.554808 47865824307008 run_miniworld.py:263] iteration: 134
 frame: 3350000
 eval_episode_return:  0.00
 train_episode_return:  0.04
 train_exploration_epsilon: 0.100
 train_frame_rate:  170
I1002 21:00:50.869301 47865824307008 run_miniworld.py:239] Data collection iteration 135.
I1002 21:03:17.495987 47865824307008 run_miniworld.py:246] Evaluation iteration 135.
I1002 21:03:26.603028 47865824307008 run_miniworld.py:263] iteration: 135
 frame: 3375000
 eval_episode_return:  0.00
 train_episode_return:  0.04
 train_exploration_epsilon: 0.100
 train_frame_rate:  171
I1002 21:03:26.907376 47865824307008 run_miniworld.py:239] Data collection iteration 136.
I1002 21:05:53.325366 47865824307008 run_miniworld.py:246] Evaluation iteration 136.
I1002 21:06:02.879981 47865824307008 run_miniworld.py:263] iteration: 136
 frame: 3400000
 eval_episode_return:  0.00
 train_episode_return:  0.04
 train_exploration_epsilon: 0.100
 train_frame_rate:  171
I1002 21:06:03.190284 47865824307008 run_miniworld.py:239] Data collection iteration 137.
I1002 21:08:30.354146 47865824307008 run_miniworld.py:246] Evaluation iteration 137.
I1002 21:08:39.791039 47865824307008 run_miniworld.py:263] iteration: 137
 frame: 3425000
 eval_episode_return:  0.00
 train_episode_return:  0.04
 train_exploration_epsilon: 0.100
 train_frame_rate:  170
I1002 21:08:40.093662 47865824307008 run_miniworld.py:239] Data collection iteration 138.
I1002 21:11:06.204610 47865824307008 run_miniworld.py:246] Evaluation iteration 138.
I1002 21:11:15.643084 47865824307008 run_miniworld.py:263] iteration: 138
 frame: 3450000
 eval_episode_return:  0.00
 train_episode_return:  0.00
 train_exploration_epsilon: 0.100
 train_frame_rate:  171
I1002 21:11:15.948738 47865824307008 run_miniworld.py:239] Data collection iteration 139.
I1002 21:13:40.291177 47865824307008 run_miniworld.py:246] Evaluation iteration 139.
I1002 21:13:49.239753 47865824307008 run_miniworld.py:263] iteration: 139
 frame: 3475000
 eval_episode_return:  0.00
 train_episode_return:  0.00
 train_exploration_epsilon: 0.100
 train_frame_rate:  173
I1002 21:13:49.551053 47865824307008 run_miniworld.py:239] Data collection iteration 140.
I1002 21:16:14.118092 47865824307008 run_miniworld.py:246] Evaluation iteration 140.
I1002 21:16:23.345515 47865824307008 run_miniworld.py:263] iteration: 140
 frame: 3500000
 eval_episode_return:  0.00
 train_episode_return:  0.00
 train_exploration_epsilon: 0.100
 train_frame_rate:  173
I1002 21:16:23.646785 47865824307008 run_miniworld.py:239] Data collection iteration 141.
I1002 21:18:47.477241 47865824307008 run_miniworld.py:246] Evaluation iteration 141.
I1002 21:18:56.534268 47865824307008 run_miniworld.py:263] iteration: 141
 frame: 3525000
 eval_episode_return:  0.00
 train_episode_return:  0.00
 train_exploration_epsilon: 0.100
 train_frame_rate:  174
I1002 21:18:56.839040 47865824307008 run_miniworld.py:239] Data collection iteration 142.
I1002 21:21:21.357401 47865824307008 run_miniworld.py:246] Evaluation iteration 142.
I1002 21:21:31.001920 47865824307008 run_miniworld.py:263] iteration: 142
 frame: 3550000
 eval_episode_return:  0.00
 train_episode_return:  0.00
 train_exploration_epsilon: 0.100
 train_frame_rate:  173
I1002 21:21:31.304653 47865824307008 run_miniworld.py:239] Data collection iteration 143.
I1002 21:23:55.412947 47865824307008 run_miniworld.py:246] Evaluation iteration 143.
I1002 21:24:04.512133 47865824307008 run_miniworld.py:263] iteration: 143
 frame: 3575000
 eval_episode_return:  0.00
 train_episode_return:  0.04
 train_exploration_epsilon: 0.100
 train_frame_rate:  173
I1002 21:24:04.812702 47865824307008 run_miniworld.py:239] Data collection iteration 144.
I1002 21:26:27.738649 47865824307008 run_miniworld.py:246] Evaluation iteration 144.
I1002 21:26:37.057590 47865824307008 run_miniworld.py:263] iteration: 144
 frame: 3600000
 eval_episode_return:  0.00
 train_episode_return:  0.00
 train_exploration_epsilon: 0.100
 train_frame_rate:  175
I1002 21:26:37.356798 47865824307008 run_miniworld.py:239] Data collection iteration 145.
I1002 21:29:00.720613 47865824307008 run_miniworld.py:246] Evaluation iteration 145.
I1002 21:29:09.897586 47865824307008 run_miniworld.py:263] iteration: 145
 frame: 3625000
 eval_episode_return:  0.00
 train_episode_return:  0.00
 train_exploration_epsilon: 0.100
 train_frame_rate:  174
I1002 21:29:10.199208 47865824307008 run_miniworld.py:239] Data collection iteration 146.
I1002 21:31:33.661304 47865824307008 run_miniworld.py:246] Evaluation iteration 146.
I1002 21:31:42.755098 47865824307008 run_miniworld.py:263] iteration: 146
 frame: 3650000
 eval_episode_return:  0.00
 train_episode_return:  0.00
 train_exploration_epsilon: 0.100
 train_frame_rate:  174
I1002 21:31:43.066003 47865824307008 run_miniworld.py:239] Data collection iteration 147.
I1002 21:35:10.860471 47865824307008 run_miniworld.py:246] Evaluation iteration 147.
I1002 21:36:26.439789 47865824307008 run_miniworld.py:263] iteration: 147
 frame: 3675000
 eval_episode_return:  0.00
 train_episode_return:  0.00
 train_exploration_epsilon: 0.100
 train_frame_rate:  120
I1002 21:36:26.742160 47865824307008 run_miniworld.py:239] Data collection iteration 148.
I1002 21:38:50.285490 47865824307008 run_miniworld.py:246] Evaluation iteration 148.
I1002 21:38:59.444298 47865824307008 run_miniworld.py:263] iteration: 148
 frame: 3700000
 eval_episode_return:  0.00
 train_episode_return:  0.00
 train_exploration_epsilon: 0.100
 train_frame_rate:  174
I1002 21:38:59.830222 47865824307008 run_miniworld.py:239] Data collection iteration 149.
I1002 21:41:22.892638 47865824307008 run_miniworld.py:246] Evaluation iteration 149.
I1002 21:41:32.016078 47865824307008 run_miniworld.py:263] iteration: 149
 frame: 3725000
 eval_episode_return:  0.00
 train_episode_return:  0.00
 train_exploration_epsilon: 0.100
 train_frame_rate:  175
I1002 21:41:32.445475 47865824307008 run_miniworld.py:239] Data collection iteration 150.
I1002 21:43:55.548656 47865824307008 run_miniworld.py:246] Evaluation iteration 150.
I1002 21:44:05.169559 47865824307008 run_miniworld.py:263] iteration: 150
 frame: 3750000
 eval_episode_return:  0.00
 train_episode_return:  0.00
 train_exploration_epsilon: 0.100
 train_frame_rate:  175
I1002 21:44:05.468696 47865824307008 run_miniworld.py:239] Data collection iteration 151.
I1002 21:46:30.497922 47865824307008 run_miniworld.py:246] Evaluation iteration 151.
I1002 21:46:39.889760 47865824307008 run_miniworld.py:263] iteration: 151
 frame: 3775000
 eval_episode_return:  0.00
 train_episode_return:  0.00
 train_exploration_epsilon: 0.100
 train_frame_rate:  172
I1002 21:46:40.197619 47865824307008 run_miniworld.py:239] Data collection iteration 152.
I1002 21:49:03.439848 47865824307008 run_miniworld.py:246] Evaluation iteration 152.
I1002 21:49:12.710955 47865824307008 run_miniworld.py:263] iteration: 152
 frame: 3800000
 eval_episode_return:  0.00
 train_episode_return:  0.00
 train_exploration_epsilon: 0.100
 train_frame_rate:  175
I1002 21:49:13.008048 47865824307008 run_miniworld.py:239] Data collection iteration 153.
I1002 21:51:36.009491 47865824307008 run_miniworld.py:246] Evaluation iteration 153.
I1002 21:51:45.842278 47865824307008 run_miniworld.py:263] iteration: 153
 frame: 3825000
 eval_episode_return:  0.00
 train_episode_return:  0.00
 train_exploration_epsilon: 0.100
 train_frame_rate:  175
I1002 21:51:46.140607 47865824307008 run_miniworld.py:239] Data collection iteration 154.
I1002 21:54:09.254505 47865824307008 run_miniworld.py:246] Evaluation iteration 154.
I1002 21:54:19.084083 47865824307008 run_miniworld.py:263] iteration: 154
 frame: 3850000
 eval_episode_return:  0.00
 train_episode_return:  0.00
 train_exploration_epsilon: 0.100
 train_frame_rate:  175
I1002 21:54:19.379808 47865824307008 run_miniworld.py:239] Data collection iteration 155.
I1002 21:56:42.819517 47865824307008 run_miniworld.py:246] Evaluation iteration 155.
I1002 21:56:52.417189 47865824307008 run_miniworld.py:263] iteration: 155
 frame: 3875000
 eval_episode_return:  0.00
 train_episode_return:  0.00
 train_exploration_epsilon: 0.100
 train_frame_rate:  174
I1002 21:56:52.722182 47865824307008 run_miniworld.py:239] Data collection iteration 156.
I1002 21:59:16.217763 47865824307008 run_miniworld.py:246] Evaluation iteration 156.
I1002 21:59:25.437711 47865824307008 run_miniworld.py:263] iteration: 156
 frame: 3900000
 eval_episode_return:  0.00
 train_episode_return:  0.00
 train_exploration_epsilon: 0.100
 train_frame_rate:  174
I1002 21:59:25.753770 47865824307008 run_miniworld.py:239] Data collection iteration 157.
I1002 22:01:49.845404 47865824307008 run_miniworld.py:246] Evaluation iteration 157.
I1002 22:01:58.871713 47865824307008 run_miniworld.py:263] iteration: 157
 frame: 3925000
 eval_episode_return:  0.00
 train_episode_return:  0.00
 train_exploration_epsilon: 0.100
 train_frame_rate:  174
I1002 22:01:59.172401 47865824307008 run_miniworld.py:239] Data collection iteration 158.
I1002 22:04:22.478646 47865824307008 run_miniworld.py:246] Evaluation iteration 158.
I1002 22:04:31.219391 47865824307008 run_miniworld.py:263] iteration: 158
 frame: 3950000
 eval_episode_return:  0.00
 train_episode_return:  0.00
 train_exploration_epsilon: 0.100
 train_frame_rate:  174
I1002 22:04:31.517306 47865824307008 run_miniworld.py:239] Data collection iteration 159.
I1002 22:06:55.114035 47865824307008 run_miniworld.py:246] Evaluation iteration 159.
I1002 22:07:04.577439 47865824307008 run_miniworld.py:263] iteration: 159
 frame: 3975000
 eval_episode_return:  0.00
 train_episode_return:  0.00
 train_exploration_epsilon: 0.100
 train_frame_rate:  174
I1002 22:07:04.880439 47865824307008 run_miniworld.py:239] Data collection iteration 160.
I1002 22:09:28.616460 47865824307008 run_miniworld.py:246] Evaluation iteration 160.
I1002 22:09:37.382630 47865824307008 run_miniworld.py:263] iteration: 160
 frame: 4000000
 eval_episode_return:  0.00
 train_episode_return:  0.00
 train_exploration_epsilon: 0.100
 train_frame_rate:  174
I1002 22:09:37.678286 47865824307008 run_miniworld.py:239] Data collection iteration 161.
I1002 22:12:01.344583 47865824307008 run_miniworld.py:246] Evaluation iteration 161.
I1002 22:12:11.089340 47865824307008 run_miniworld.py:263] iteration: 161
 frame: 4025000
 eval_episode_return:  0.00
 train_episode_return:  0.00
 train_exploration_epsilon: 0.100
 train_frame_rate:  174
I1002 22:12:11.383762 47865824307008 run_miniworld.py:239] Data collection iteration 162.
I1002 22:14:34.617184 47865824307008 run_miniworld.py:246] Evaluation iteration 162.
I1002 22:14:44.258116 47865824307008 run_miniworld.py:263] iteration: 162
 frame: 4050000
 eval_episode_return:  0.00
 train_episode_return:  0.00
 train_exploration_epsilon: 0.100
 train_frame_rate:  175
I1002 22:14:44.557555 47865824307008 run_miniworld.py:239] Data collection iteration 163.
I1002 22:17:08.248670 47865824307008 run_miniworld.py:246] Evaluation iteration 163.
I1002 22:17:17.378515 47865824307008 run_miniworld.py:263] iteration: 163
 frame: 4075000
 eval_episode_return:  0.00
 train_episode_return:  0.00
 train_exploration_epsilon: 0.100
 train_frame_rate:  174
I1002 22:17:17.679964 47865824307008 run_miniworld.py:239] Data collection iteration 164.
I1002 22:19:41.206443 47865824307008 run_miniworld.py:246] Evaluation iteration 164.
I1002 22:19:51.064800 47865824307008 run_miniworld.py:263] iteration: 164
 frame: 4100000
 eval_episode_return:  0.00
 train_episode_return:  0.00
 train_exploration_epsilon: 0.100
 train_frame_rate:  174
I1002 22:19:51.359116 47865824307008 run_miniworld.py:239] Data collection iteration 165.
I1002 22:22:15.630134 47865824307008 run_miniworld.py:246] Evaluation iteration 165.
I1002 22:22:25.009900 47865824307008 run_miniworld.py:263] iteration: 165
 frame: 4125000
 eval_episode_return:  0.00
 train_episode_return:  0.00
 train_exploration_epsilon: 0.100
 train_frame_rate:  173
I1002 22:22:25.310688 47865824307008 run_miniworld.py:239] Data collection iteration 166.
I1002 22:24:48.810615 47865824307008 run_miniworld.py:246] Evaluation iteration 166.
I1002 22:24:58.288004 47865824307008 run_miniworld.py:263] iteration: 166
 frame: 4150000
 eval_episode_return:  0.00
 train_episode_return:  0.00
 train_exploration_epsilon: 0.100
 train_frame_rate:  174
I1002 22:24:58.584398 47865824307008 run_miniworld.py:239] Data collection iteration 167.
I1002 22:27:22.176224 47865824307008 run_miniworld.py:246] Evaluation iteration 167.
I1002 22:27:31.374361 47865824307008 run_miniworld.py:263] iteration: 167
 frame: 4175000
 eval_episode_return:  0.00
 train_episode_return:  0.00
 train_exploration_epsilon: 0.100
 train_frame_rate:  174
I1002 22:27:31.669265 47865824307008 run_miniworld.py:239] Data collection iteration 168.
I1002 22:29:55.292311 47865824307008 run_miniworld.py:246] Evaluation iteration 168.
I1002 22:30:04.586112 47865824307008 run_miniworld.py:263] iteration: 168
 frame: 4200000
 eval_episode_return:  0.00
 train_episode_return:  0.00
 train_exploration_epsilon: 0.100
 train_frame_rate:  174
I1002 22:30:04.884984 47865824307008 run_miniworld.py:239] Data collection iteration 169.
I1002 22:32:28.655263 47865824307008 run_miniworld.py:246] Evaluation iteration 169.
I1002 22:32:37.912859 47865824307008 run_miniworld.py:263] iteration: 169
 frame: 4225000
 eval_episode_return:  0.00
 train_episode_return:  0.00
 train_exploration_epsilon: 0.100
 train_frame_rate:  174
I1002 22:32:38.213549 47865824307008 run_miniworld.py:239] Data collection iteration 170.
I1002 22:35:01.775261 47865824307008 run_miniworld.py:246] Evaluation iteration 170.
I1002 22:35:11.217729 47865824307008 run_miniworld.py:263] iteration: 170
 frame: 4250000
 eval_episode_return:  0.00
 train_episode_return:  0.00
 train_exploration_epsilon: 0.100
 train_frame_rate:  174
I1002 22:35:11.520569 47865824307008 run_miniworld.py:239] Data collection iteration 171.
I1002 22:37:34.936443 47865824307008 run_miniworld.py:246] Evaluation iteration 171.
I1002 22:37:44.229493 47865824307008 run_miniworld.py:263] iteration: 171
 frame: 4275000
 eval_episode_return:  0.00
 train_episode_return:  0.00
 train_exploration_epsilon: 0.100
 train_frame_rate:  174
I1002 22:37:44.531943 47865824307008 run_miniworld.py:239] Data collection iteration 172.
I1002 22:40:08.545365 47865824307008 run_miniworld.py:246] Evaluation iteration 172.
I1002 22:40:17.700535 47865824307008 run_miniworld.py:263] iteration: 172
 frame: 4300000
 eval_episode_return:  0.00
 train_episode_return:  0.00
 train_exploration_epsilon: 0.100
 train_frame_rate:  174
I1002 22:40:18.000232 47865824307008 run_miniworld.py:239] Data collection iteration 173.
I1002 22:42:41.637446 47865824307008 run_miniworld.py:246] Evaluation iteration 173.
I1002 22:42:50.883064 47865824307008 run_miniworld.py:263] iteration: 173
 frame: 4325000
 eval_episode_return:  0.00
 train_episode_return:  0.00
 train_exploration_epsilon: 0.100
 train_frame_rate:  174
I1002 22:42:51.180809 47865824307008 run_miniworld.py:239] Data collection iteration 174.
I1002 22:45:14.782736 47865824307008 run_miniworld.py:246] Evaluation iteration 174.
I1002 22:45:23.925810 47865824307008 run_miniworld.py:263] iteration: 174
 frame: 4350000
 eval_episode_return:  0.00
 train_episode_return:  0.00
 train_exploration_epsilon: 0.100
 train_frame_rate:  174
I1002 22:45:24.227976 47865824307008 run_miniworld.py:239] Data collection iteration 175.
I1002 22:47:48.921683 47865824307008 run_miniworld.py:246] Evaluation iteration 175.
I1002 22:47:58.297568 47865824307008 run_miniworld.py:263] iteration: 175
 frame: 4375000
 eval_episode_return:  0.00
 train_episode_return:  0.04
 train_exploration_epsilon: 0.100
 train_frame_rate:  173
I1002 22:47:58.604015 47865824307008 run_miniworld.py:239] Data collection iteration 176.
I1002 22:50:22.713253 47865824307008 run_miniworld.py:246] Evaluation iteration 176.
I1002 22:50:32.173013 47865824307008 run_miniworld.py:263] iteration: 176
 frame: 4400000
 eval_episode_return:  0.00
 train_episode_return:  0.00
 train_exploration_epsilon: 0.100
 train_frame_rate:  173
I1002 22:50:32.469836 47865824307008 run_miniworld.py:239] Data collection iteration 177.
I1002 22:52:55.789656 47865824307008 run_miniworld.py:246] Evaluation iteration 177.
I1002 22:53:05.303653 47865824307008 run_miniworld.py:263] iteration: 177
 frame: 4425000
 eval_episode_return:  0.00
 train_episode_return:  0.00
 train_exploration_epsilon: 0.100
 train_frame_rate:  174
I1002 22:53:05.611970 47865824307008 run_miniworld.py:239] Data collection iteration 178.
I1002 22:55:30.259861 47865824307008 run_miniworld.py:246] Evaluation iteration 178.
I1002 22:55:39.839583 47865824307008 run_miniworld.py:263] iteration: 178
 frame: 4450000
 eval_episode_return:  0.00
 train_episode_return:  0.00
 train_exploration_epsilon: 0.100
 train_frame_rate:  173
I1002 22:55:40.134803 47865824307008 run_miniworld.py:239] Data collection iteration 179.
I1002 22:58:03.537922 47865824307008 run_miniworld.py:246] Evaluation iteration 179.
I1002 22:58:12.718833 47865824307008 run_miniworld.py:263] iteration: 179
 frame: 4475000
 eval_episode_return:  0.00
 train_episode_return:  0.00
 train_exploration_epsilon: 0.100
 train_frame_rate:  174
I1002 22:58:13.013364 47865824307008 run_miniworld.py:239] Data collection iteration 180.
I1002 23:00:36.346644 47865824307008 run_miniworld.py:246] Evaluation iteration 180.
I1002 23:00:46.019106 47865824307008 run_miniworld.py:263] iteration: 180
 frame: 4500000
 eval_episode_return:  0.00
 train_episode_return:  0.00
 train_exploration_epsilon: 0.100
 train_frame_rate:  174
I1002 23:00:46.322373 47865824307008 run_miniworld.py:239] Data collection iteration 181.
I1002 23:03:10.253644 47865824307008 run_miniworld.py:246] Evaluation iteration 181.
I1002 23:03:19.502772 47865824307008 run_miniworld.py:263] iteration: 181
 frame: 4525000
 eval_episode_return:  0.00
 train_episode_return:  0.00
 train_exploration_epsilon: 0.100
 train_frame_rate:  174
I1002 23:03:19.802207 47865824307008 run_miniworld.py:239] Data collection iteration 182.
I1002 23:05:43.609900 47865824307008 run_miniworld.py:246] Evaluation iteration 182.
I1002 23:05:53.410918 47865824307008 run_miniworld.py:263] iteration: 182
 frame: 4550000
 eval_episode_return:  0.00
 train_episode_return:  0.00
 train_exploration_epsilon: 0.100
 train_frame_rate:  174
I1002 23:05:53.705533 47865824307008 run_miniworld.py:239] Data collection iteration 183.
I1002 23:08:17.203235 47865824307008 run_miniworld.py:246] Evaluation iteration 183.
I1002 23:08:26.710197 47865824307008 run_miniworld.py:263] iteration: 183
 frame: 4575000
 eval_episode_return:  0.00
 train_episode_return:  0.00
 train_exploration_epsilon: 0.100
 train_frame_rate:  174
I1002 23:08:27.009170 47865824307008 run_miniworld.py:239] Data collection iteration 184.
I1002 23:10:51.392797 47865824307008 run_miniworld.py:246] Evaluation iteration 184.
I1002 23:11:00.757191 47865824307008 run_miniworld.py:263] iteration: 184
 frame: 4600000
 eval_episode_return:  0.00
 train_episode_return:  0.00
 train_exploration_epsilon: 0.100
 train_frame_rate:  173
I1002 23:11:01.052548 47865824307008 run_miniworld.py:239] Data collection iteration 185.
I1002 23:13:24.997869 47865824307008 run_miniworld.py:246] Evaluation iteration 185.
I1002 23:13:34.398200 47865824307008 run_miniworld.py:263] iteration: 185
 frame: 4625000
 eval_episode_return:  0.00
 train_episode_return:  0.00
 train_exploration_epsilon: 0.100
 train_frame_rate:  174
I1002 23:13:34.695940 47865824307008 run_miniworld.py:239] Data collection iteration 186.
I1002 23:15:59.068625 47865824307008 run_miniworld.py:246] Evaluation iteration 186.
I1002 23:16:08.757454 47865824307008 run_miniworld.py:263] iteration: 186
 frame: 4650000
 eval_episode_return:  0.00
 train_episode_return:  0.04
 train_exploration_epsilon: 0.100
 train_frame_rate:  173
I1002 23:16:09.068226 47865824307008 run_miniworld.py:239] Data collection iteration 187.
I1002 23:18:33.150368 47865824307008 run_miniworld.py:246] Evaluation iteration 187.
I1002 23:18:42.740256 47865824307008 run_miniworld.py:263] iteration: 187
 frame: 4675000
 eval_episode_return:  0.00
 train_episode_return:  0.00
 train_exploration_epsilon: 0.100
 train_frame_rate:  174
I1002 23:18:43.037794 47865824307008 run_miniworld.py:239] Data collection iteration 188.
I1002 23:21:06.443577 47865824307008 run_miniworld.py:246] Evaluation iteration 188.
I1002 23:21:16.035928 47865824307008 run_miniworld.py:263] iteration: 188
 frame: 4700000
 eval_episode_return:  0.00
 train_episode_return:  0.00
 train_exploration_epsilon: 0.100
 train_frame_rate:  174
I1002 23:21:16.336151 47865824307008 run_miniworld.py:239] Data collection iteration 189.
I1002 23:23:40.130678 47865824307008 run_miniworld.py:246] Evaluation iteration 189.
I1002 23:23:49.591480 47865824307008 run_miniworld.py:263] iteration: 189
 frame: 4725000
 eval_episode_return:  0.00
 train_episode_return:  0.00
 train_exploration_epsilon: 0.100
 train_frame_rate:  174
I1002 23:23:49.902122 47865824307008 run_miniworld.py:239] Data collection iteration 190.
I1002 23:26:14.659002 47865824307008 run_miniworld.py:246] Evaluation iteration 190.
I1002 23:26:24.186926 47865824307008 run_miniworld.py:263] iteration: 190
 frame: 4750000
 eval_episode_return:  0.00
 train_episode_return:  0.00
 train_exploration_epsilon: 0.100
 train_frame_rate:  173
I1002 23:26:24.483075 47865824307008 run_miniworld.py:239] Data collection iteration 191.
I1002 23:28:50.230986 47865824307008 run_miniworld.py:246] Evaluation iteration 191.
I1002 23:28:59.910671 47865824307008 run_miniworld.py:263] iteration: 191
 frame: 4775000
 eval_episode_return:  0.00
 train_episode_return:  0.00
 train_exploration_epsilon: 0.100
 train_frame_rate:  172
I1002 23:29:00.211515 47865824307008 run_miniworld.py:239] Data collection iteration 192.
I1002 23:31:24.519106 47865824307008 run_miniworld.py:246] Evaluation iteration 192.
I1002 23:31:33.992956 47865824307008 run_miniworld.py:263] iteration: 192
 frame: 4800000
 eval_episode_return:  0.00
 train_episode_return:  0.00
 train_exploration_epsilon: 0.100
 train_frame_rate:  173
I1002 23:31:34.291756 47865824307008 run_miniworld.py:239] Data collection iteration 193.
I1002 23:33:59.127707 47865824307008 run_miniworld.py:246] Evaluation iteration 193.
I1002 23:34:08.633231 47865824307008 run_miniworld.py:263] iteration: 193
 frame: 4825000
 eval_episode_return:  0.00
 train_episode_return:  0.00
 train_exploration_epsilon: 0.100
 train_frame_rate:  173
I1002 23:34:08.938873 47865824307008 run_miniworld.py:239] Data collection iteration 194.
I1002 23:36:32.567847 47865824307008 run_miniworld.py:246] Evaluation iteration 194.
I1002 23:36:42.386203 47865824307008 run_miniworld.py:263] iteration: 194
 frame: 4850000
 eval_episode_return:  0.00
 train_episode_return:  0.00
 train_exploration_epsilon: 0.100
 train_frame_rate:  174
I1002 23:36:42.685023 47865824307008 run_miniworld.py:239] Data collection iteration 195.
I1002 23:39:06.875461 47865824307008 run_miniworld.py:246] Evaluation iteration 195.
I1002 23:39:16.268970 47865824307008 run_miniworld.py:263] iteration: 195
 frame: 4875000
 eval_episode_return:  0.00
 train_episode_return:  0.00
 train_exploration_epsilon: 0.100
 train_frame_rate:  173
I1002 23:39:16.577702 47865824307008 run_miniworld.py:239] Data collection iteration 196.
I1002 23:41:40.867997 47865824307008 run_miniworld.py:246] Evaluation iteration 196.
I1002 23:41:50.561685 47865824307008 run_miniworld.py:263] iteration: 196
 frame: 4900000
 eval_episode_return:  0.00
 train_episode_return:  0.00
 train_exploration_epsilon: 0.100
 train_frame_rate:  173
I1002 23:41:50.862066 47865824307008 run_miniworld.py:239] Data collection iteration 197.
I1002 23:44:14.460738 47865824307008 run_miniworld.py:246] Evaluation iteration 197.
I1002 23:44:24.147805 47865824307008 run_miniworld.py:263] iteration: 197
 frame: 4925000
 eval_episode_return:  0.00
 train_episode_return:  0.00
 train_exploration_epsilon: 0.100
 train_frame_rate:  174
I1002 23:44:24.447268 47865824307008 run_miniworld.py:239] Data collection iteration 198.
I1002 23:46:49.237925 47865824307008 run_miniworld.py:246] Evaluation iteration 198.
I1002 23:46:58.970827 47865824307008 run_miniworld.py:263] iteration: 198
 frame: 4950000
 eval_episode_return:  0.00
 train_episode_return:  0.00
 train_exploration_epsilon: 0.100
 train_frame_rate:  173
I1002 23:46:59.270382 47865824307008 run_miniworld.py:239] Data collection iteration 199.
I1002 23:49:23.228960 47865824307008 run_miniworld.py:246] Evaluation iteration 199.
I1002 23:49:32.395635 47865824307008 run_miniworld.py:263] iteration: 199
 frame: 4975000
 eval_episode_return:  0.00
 train_episode_return:  0.04
 train_exploration_epsilon: 0.100
 train_frame_rate:  174
I1002 23:49:32.690668 47865824307008 run_miniworld.py:239] Data collection iteration 200.
I1002 23:51:56.432399 47865824307008 run_miniworld.py:246] Evaluation iteration 200.
I1002 23:52:05.528450 47865824307008 run_miniworld.py:263] iteration: 200
 frame: 5000000
 eval_episode_return:  0.00
 train_episode_return:  0.00
 train_exploration_epsilon: 0.100
 train_frame_rate:  174
Falling back to num_samples=1
Falling back to num_samples=1
Falling back to num_samples=1
Falling back to num_samples=1
Falling back to num_samples=1
Falling back to num_samples=1
Falling back to num_samples=1
Falling back to num_samples=1
Falling back to num_samples=1
Falling back to num_samples=1
Falling back to num_samples=1
Falling back to num_samples=1
Falling back to num_samples=1
Falling back to num_samples=1
Falling back to num_samples=1
Falling back to num_samples=1
Falling back to num_samples=1
Falling back to num_samples=1
Falling back to num_samples=1
Falling back to num_samples=1
Falling back to num_samples=1
Falling back to num_samples=1
Falling back to num_samples=1
Falling back to num_samples=1
Falling back to num_samples=1
Falling back to num_samples=1
Falling back to num_samples=1
Falling back to num_samples=1
Falling back to num_samples=1
Falling back to num_samples=1
Falling back to num_samples=1
Falling back to num_samples=1
Falling back to num_samples=1
Falling back to num_samples=1
Falling back to num_samples=1
Falling back to num_samples=1
Falling back to num_samples=1
Falling back to num_samples=1
Falling back to num_samples=1
Falling back to num_samples=1
Falling back to num_samples=1
Falling back to num_samples=1
Falling back to num_samples=1
Falling back to num_samples=1
Falling back to num_samples=1
Falling back to num_samples=1
Falling back to num_samples=1
Falling back to num_samples=1
Falling back to num_samples=1
Falling back to num_samples=1
Falling back to num_samples=1
Falling back to num_samples=1
Falling back to num_samples=1
Falling back to num_samples=1
Falling back to num_samples=1
Falling back to num_samples=1
Falling back to num_samples=1
Falling back to num_samples=1
Falling back to num_samples=1
Falling back to num_samples=1
Falling back to num_samples=1
Falling back to num_samples=1
Falling back to num_samples=1
Falling back to num_samples=1
Falling back to num_samples=1
Falling back to num_samples=1
Falling back to num_samples=1
Falling back to num_samples=1
Falling back to num_samples=1
Falling back to num_samples=1
Falling back to num_samples=1
Falling back to num_samples=1
Falling back to num_samples=1
Falling back to num_samples=1
Falling back to num_samples=1
Falling back to num_samples=1
Falling back to num_samples=1
Falling back to num_samples=1
Falling back to num_samples=1
Falling back to num_samples=1
Falling back to num_samples=1
Falling back to num_samples=1
Falling back to num_samples=1
Falling back to num_samples=1
Falling back to num_samples=1
Falling back to num_samples=1
Falling back to num_samples=1
Falling back to num_samples=1
Falling back to num_samples=1
Falling back to num_samples=1
Falling back to num_samples=1
Falling back to num_samples=1
Falling back to num_samples=1
Falling back to num_samples=1
Falling back to num_samples=1
Falling back to num_samples=1
Falling back to num_samples=1
Falling back to num_samples=1
Falling back to num_samples=1
Falling back to num_samples=1
Falling back to num_samples=1
Falling back to num_samples=1
Falling back to num_samples=1
Falling back to num_samples=1
Falling back to num_samples=1
Falling back to num_samples=1
Falling back to num_samples=1
Falling back to num_samples=1
Falling back to num_samples=1
Falling back to num_samples=1
Falling back to num_samples=1
Falling back to num_samples=1
Falling back to num_samples=1
Falling back to num_samples=1
Falling back to num_samples=1
Falling back to num_samples=1
Falling back to num_samples=1
Falling back to num_samples=1
Falling back to num_samples=1
Falling back to num_samples=1
Falling back to num_samples=1
Falling back to num_samples=1
Falling back to num_samples=1
Falling back to num_samples=1
Falling back to num_samples=1
Falling back to num_samples=1
Falling back to num_samples=1
Falling back to num_samples=1
Falling back to num_samples=1
Falling back to num_samples=1
Falling back to num_samples=1
Falling back to num_samples=1
Falling back to num_samples=1
Falling back to num_samples=1
Falling back to num_samples=1
Falling back to num_samples=1
Falling back to num_samples=1
Falling back to num_samples=1
Falling back to num_samples=1
Falling back to num_samples=1
Falling back to num_samples=1
Falling back to num_samples=1
Falling back to num_samples=1
Falling back to num_samples=1
Falling back to num_samples=1
Falling back to num_samples=1
Falling back to num_samples=1
Falling back to num_samples=1
Falling back to num_samples=1
Falling back to num_samples=1
Falling back to num_samples=1
Falling back to num_samples=1
Falling back to num_samples=1
Falling back to num_samples=1
Falling back to num_samples=1
Falling back to num_samples=1
Falling back to num_samples=1
Falling back to num_samples=1
Falling back to num_samples=1
Falling back to num_samples=1
Falling back to num_samples=1
Falling back to num_samples=1
Falling back to num_samples=1
Falling back to num_samples=1
Falling back to num_samples=1
Falling back to num_samples=1
Falling back to num_samples=1
Falling back to num_samples=1
Falling back to num_samples=1
Falling back to num_samples=1
Falling back to num_samples=1
Falling back to num_samples=1
Falling back to num_samples=1
Falling back to num_samples=1
Falling back to num_samples=1
Falling back to num_samples=1
Falling back to num_samples=1
Falling back to num_samples=1
Falling back to num_samples=1
Falling back to num_samples=1
Falling back to num_samples=1
Falling back to num_samples=1
Falling back to num_samples=1
Falling back to num_samples=1
Falling back to num_samples=1
Falling back to num_samples=1
Falling back to num_samples=1
Falling back to num_samples=1
Falling back to num_samples=1
Falling back to num_samples=1
Falling back to num_samples=1
Falling back to num_samples=1
Falling back to num_samples=1
Falling back to num_samples=1
Falling back to num_samples=1
Falling back to num_samples=1
Falling back to num_samples=1
Falling back to num_samples=1
Falling back to num_samples=1
Falling back to num_samples=1
Falling back to num_samples=1
Falling back to num_samples=1
Falling back to num_samples=1
Falling back to num_samples=1
Falling back to num_samples=1
Falling back to num_samples=1
Falling back to num_samples=1
Falling back to num_samples=1
Falling back to num_samples=1
Falling back to num_samples=1
Falling back to num_samples=1
Falling back to num_samples=1
Falling back to num_samples=1
Falling back to num_samples=1
Falling back to num_samples=1
Falling back to num_samples=1
Falling back to num_samples=1
Falling back to num_samples=1
Falling back to num_samples=1
Falling back to num_samples=1
Falling back to num_samples=1
Falling back to num_samples=1
Falling back to num_samples=1
Falling back to num_samples=1
Falling back to num_samples=1
Falling back to num_samples=1
Falling back to num_samples=1
Falling back to num_samples=1
Falling back to num_samples=1
Falling back to num_samples=1
Falling back to num_samples=1
Falling back to num_samples=1
Falling back to num_samples=1
Falling back to num_samples=1
Falling back to num_samples=1
Falling back to num_samples=1
Falling back to num_samples=1
Falling back to num_samples=1
Falling back to num_samples=1
Falling back to num_samples=1
Falling back to num_samples=1
Falling back to num_samples=1
Falling back to num_samples=1
Falling back to num_samples=1
Falling back to num_samples=1
Falling back to num_samples=1
Falling back to num_samples=1
Falling back to num_samples=1
Falling back to num_samples=1
Falling back to num_samples=1
Falling back to num_samples=1
Falling back to num_samples=1
Falling back to num_samples=1
Falling back to num_samples=1
Falling back to num_samples=1
Falling back to num_samples=1
Falling back to num_samples=1
Falling back to num_samples=1
Falling back to num_samples=1
Falling back to num_samples=1
Falling back to num_samples=1
Falling back to num_samples=1
Falling back to num_samples=1
Falling back to num_samples=1
Falling back to num_samples=1
Falling back to num_samples=1
Falling back to num_samples=1
Falling back to num_samples=1
Falling back to num_samples=1
Falling back to num_samples=1
Falling back to num_samples=1
Falling back to num_samples=1
Falling back to num_samples=1
Falling back to num_samples=1
Falling back to num_samples=1
Falling back to num_samples=1
Falling back to num_samples=1
Falling back to num_samples=1
Falling back to num_samples=1
Falling back to num_samples=1
Falling back to num_samples=1
Falling back to num_samples=1
Falling back to num_samples=1
Falling back to num_samples=1
Falling back to num_samples=1
Falling back to num_samples=1
Falling back to num_samples=1
Falling back to num_samples=1
Falling back to num_samples=1
Falling back to num_samples=1
Falling back to num_samples=1
Falling back to num_samples=1
Falling back to num_samples=1
Falling back to num_samples=1
Falling back to num_samples=1
Falling back to num_samples=1
Falling back to num_samples=1
Falling back to num_samples=1
Falling back to num_samples=1
Falling back to num_samples=1
Falling back to num_samples=1
Falling back to num_samples=1
Falling back to num_samples=1
Falling back to num_samples=1
Falling back to num_samples=1
Falling back to num_samples=1
Falling back to num_samples=1
Falling back to num_samples=1
Falling back to num_samples=1
Falling back to num_samples=1
Falling back to num_samples=1
Falling back to num_samples=1
Falling back to num_samples=1
Falling back to num_samples=1
Falling back to num_samples=1
Falling back to num_samples=1
Falling back to num_samples=1
Falling back to num_samples=1
Falling back to num_samples=1
Falling back to num_samples=1
Falling back to num_samples=1
Falling back to num_samples=1
Falling back to num_samples=1
Falling back to num_samples=1
Falling back to num_samples=1
Falling back to num_samples=1
Falling back to num_samples=1
Falling back to num_samples=1
Falling back to num_samples=1
Falling back to num_samples=1
Falling back to num_samples=1
Falling back to num_samples=1
Falling back to num_samples=1
Falling back to num_samples=1
Falling back to num_samples=1
Falling back to num_samples=1
Falling back to num_samples=1
Falling back to num_samples=1
Falling back to num_samples=1
Falling back to num_samples=1
Falling back to num_samples=1
Falling back to num_samples=1
Falling back to num_samples=1
Falling back to num_samples=1
Falling back to num_samples=1
Falling back to num_samples=1
Falling back to num_samples=1
Falling back to num_samples=1
Falling back to num_samples=1
Falling back to num_samples=1
Falling back to num_samples=1
Falling back to num_samples=1
Falling back to num_samples=1
Falling back to num_samples=1
Falling back to num_samples=1
Falling back to num_samples=1
Falling back to num_samples=1
Falling back to num_samples=1
Falling back to num_samples=1
Falling back to num_samples=1
Falling back to num_samples=1
Falling back to num_samples=1
Falling back to num_samples=1
Falling back to num_samples=1
Falling back to num_samples=1
Falling back to num_samples=1
Falling back to num_samples=1
Falling back to num_samples=1
Falling back to num_samples=1
Falling back to num_samples=1
Falling back to num_samples=1
Falling back to num_samples=1
Falling back to num_samples=1
Falling back to num_samples=1
Falling back to num_samples=1
Falling back to num_samples=1
Falling back to num_samples=1
Falling back to num_samples=1
Falling back to num_samples=1
Falling back to num_samples=1
Falling back to num_samples=1
Falling back to num_samples=1
Falling back to num_samples=1
Falling back to num_samples=1
Falling back to num_samples=1
Falling back to num_samples=1
Falling back to num_samples=1
Falling back to num_samples=1
Falling back to num_samples=1
Falling back to num_samples=1
Falling back to num_samples=1
Falling back to num_samples=1
Falling back to num_samples=1
Falling back to num_samples=1
Falling back to num_samples=1
Falling back to num_samples=1
Falling back to num_samples=1
Falling back to num_samples=1
Falling back to num_samples=1
Falling back to num_samples=1
Falling back to num_samples=1
Falling back to num_samples=1
Falling back to num_samples=1
Falling back to num_samples=1
