I1002 15:22:38.300696 47876555302720 xla_bridge.py:355] Unable to initialize backend 'tpu_driver': NOT_FOUND: Unable to find driver in registry given worker: 
I1002 15:22:38.427317 47876555302720 xla_bridge.py:355] Unable to initialize backend 'rocm': NOT_FOUND: Could not find registered platform with name: "rocm". Available platform names are: Interpreter CUDA Host
I1002 15:22:38.427790 47876555302720 xla_bridge.py:355] Unable to initialize backend 'tpu': module 'jaxlib.xla_extension' has no attribute 'get_tpu_client'
I1002 15:22:38.427914 47876555302720 xla_bridge.py:355] Unable to initialize backend 'plugin': xla_extension has no attributes named get_plugin_device_client. Compile TensorFlow with //tensorflow/compiler/xla/python:enable_plugin_device set to true (defaults to false) to enable this.
I1002 15:22:38.428032 47876555302720 run_miniworld.py:100] Collecting data on MiniWorld on gpu.
I1002 15:22:43.764579 47876555302720 run_miniworld.py:136] Observation shape: (60, 80, 3)
I1002 15:22:53.265476 47876555302720 run_miniworld.py:239] Data collection iteration 0.
I1002 15:23:26.607483 47876555302720 run_miniworld.py:246] Evaluation iteration 0.
/home/mklissa/DCEO/lib/python3.8/site-packages/distrax/_src/distributions/categorical.py:96: UserWarning: Explicitly requested dtype <class 'jax.numpy.int64'> requested in astype is not available, and will be truncated to dtype int32. To enable more dtypes, set the jax_enable_x64 configuration option or the JAX_ENABLE_X64 shell environment variable. See https://github.com/google/jax#current-gotchas for more.
  return draws.astype(self._dtype)
I1002 15:23:35.394861 47876555302720 run_miniworld.py:263] iteration:   0
 frame:     0
 eval_episode_return:  0.00
 train_episode_return:  0.00
 train_exploration_epsilon: 1.000
 train_frame_rate:  750
I1002 15:23:47.011480 47876555302720 run_miniworld.py:239] Data collection iteration 1.
I1002 15:24:20.437802 47876555302720 run_miniworld.py:246] Evaluation iteration 1.
I1002 15:24:28.672772 47876555302720 run_miniworld.py:263] iteration:   1
 frame: 25000
 eval_episode_return:  0.00
 train_episode_return:  0.00
 train_exploration_epsilon: 1.000
 train_frame_rate:  748
I1002 15:24:39.252073 47876555302720 run_miniworld.py:239] Data collection iteration 2.
I1002 15:24:39.786954 47876555302720 dceo_agent.py:296] Begin learning
I1002 15:27:05.845805 47876555302720 run_miniworld.py:246] Evaluation iteration 2.
I1002 15:27:14.862868 47876555302720 run_miniworld.py:263] iteration:   2
 frame: 50000
 eval_episode_return:  0.00
 train_episode_return:  0.00
 train_exploration_epsilon: 0.955
 train_frame_rate:  171
I1002 15:27:25.063262 47876555302720 run_miniworld.py:239] Data collection iteration 3.
I1002 15:29:44.677436 47876555302720 run_miniworld.py:246] Evaluation iteration 3.
I1002 15:29:53.563583 47876555302720 run_miniworld.py:263] iteration:   3
 frame: 75000
 eval_episode_return:  0.00
 train_episode_return:  0.00
 train_exploration_epsilon: 0.910
 train_frame_rate:  179
I1002 15:30:03.938486 47876555302720 run_miniworld.py:239] Data collection iteration 4.
I1002 15:32:25.174651 47876555302720 run_miniworld.py:246] Evaluation iteration 4.
I1002 15:32:34.068779 47876555302720 run_miniworld.py:263] iteration:   4
 frame: 100000
 eval_episode_return:  0.00
 train_episode_return:  0.04
 train_exploration_epsilon: 0.865
 train_frame_rate:  177
I1002 15:32:44.523898 47876555302720 run_miniworld.py:239] Data collection iteration 5.
I1002 15:35:05.489399 47876555302720 run_miniworld.py:246] Evaluation iteration 5.
I1002 15:35:14.368003 47876555302720 run_miniworld.py:263] iteration:   5
 frame: 125000
 eval_episode_return:  0.00
 train_episode_return:  0.08
 train_exploration_epsilon: 0.820
 train_frame_rate:  177
I1002 15:35:24.976901 47876555302720 run_miniworld.py:239] Data collection iteration 6.
I1002 15:37:46.330532 47876555302720 run_miniworld.py:246] Evaluation iteration 6.
I1002 15:37:55.263623 47876555302720 run_miniworld.py:263] iteration:   6
 frame: 150000
 eval_episode_return:  0.00
 train_episode_return:  0.00
 train_exploration_epsilon: 0.775
 train_frame_rate:  177
I1002 15:38:05.919785 47876555302720 run_miniworld.py:239] Data collection iteration 7.
I1002 15:40:27.219260 47876555302720 run_miniworld.py:246] Evaluation iteration 7.
I1002 15:40:36.063610 47876555302720 run_miniworld.py:263] iteration:   7
 frame: 175000
 eval_episode_return:  0.00
 train_episode_return:  0.00
 train_exploration_epsilon: 0.730
 train_frame_rate:  177
I1002 15:40:46.152034 47876555302720 run_miniworld.py:239] Data collection iteration 8.
I1002 15:43:08.028387 47876555302720 run_miniworld.py:246] Evaluation iteration 8.
I1002 15:43:16.950541 47876555302720 run_miniworld.py:263] iteration:   8
 frame: 200000
 eval_episode_return:  0.00
 train_episode_return:  0.00
 train_exploration_epsilon: 0.685
 train_frame_rate:  176
I1002 15:43:27.937862 47876555302720 run_miniworld.py:239] Data collection iteration 9.
I1002 15:45:50.540094 47876555302720 run_miniworld.py:246] Evaluation iteration 9.
I1002 15:45:59.438397 47876555302720 run_miniworld.py:263] iteration:   9
 frame: 225000
 eval_episode_return:  0.00
 train_episode_return:  0.00
 train_exploration_epsilon: 0.640
 train_frame_rate:  175
I1002 15:46:09.703358 47876555302720 run_miniworld.py:239] Data collection iteration 10.
I1002 15:48:33.130328 47876555302720 run_miniworld.py:246] Evaluation iteration 10.
I1002 15:48:41.900866 47876555302720 run_miniworld.py:263] iteration:  10
 frame: 250000
 eval_episode_return:  0.00
 train_episode_return:  0.00
 train_exploration_epsilon: 0.595
 train_frame_rate:  174
I1002 15:48:52.693558 47876555302720 run_miniworld.py:239] Data collection iteration 11.
I1002 15:51:15.964691 47876555302720 run_miniworld.py:246] Evaluation iteration 11.
I1002 15:51:24.745918 47876555302720 run_miniworld.py:263] iteration:  11
 frame: 275000
 eval_episode_return:  0.00
 train_episode_return:  0.00
 train_exploration_epsilon: 0.550
 train_frame_rate:  174
I1002 15:51:35.170070 47876555302720 run_miniworld.py:239] Data collection iteration 12.
I1002 15:53:58.170989 47876555302720 run_miniworld.py:246] Evaluation iteration 12.
I1002 15:54:06.939481 47876555302720 run_miniworld.py:263] iteration:  12
 frame: 300000
 eval_episode_return:  0.00
 train_episode_return:  0.00
 train_exploration_epsilon: 0.505
 train_frame_rate:  175
I1002 15:54:17.746668 47876555302720 run_miniworld.py:239] Data collection iteration 13.
I1002 15:56:41.298558 47876555302720 run_miniworld.py:246] Evaluation iteration 13.
I1002 15:56:50.383698 47876555302720 run_miniworld.py:263] iteration:  13
 frame: 325000
 eval_episode_return:  0.00
 train_episode_return:  0.00
 train_exploration_epsilon: 0.460
 train_frame_rate:  174
I1002 15:57:00.700330 47876555302720 run_miniworld.py:239] Data collection iteration 14.
I1002 15:59:22.848554 47876555302720 run_miniworld.py:246] Evaluation iteration 14.
I1002 15:59:31.777811 47876555302720 run_miniworld.py:263] iteration:  14
 frame: 350000
 eval_episode_return:  0.00
 train_episode_return:  0.00
 train_exploration_epsilon: 0.415
 train_frame_rate:  176
I1002 15:59:42.257142 47876555302720 run_miniworld.py:239] Data collection iteration 15.
I1002 16:02:05.765882 47876555302720 run_miniworld.py:246] Evaluation iteration 15.
I1002 16:02:15.033936 47876555302720 run_miniworld.py:263] iteration:  15
 frame: 375000
 eval_episode_return:  0.00
 train_episode_return:  0.00
 train_exploration_epsilon: 0.370
 train_frame_rate:  174
I1002 16:02:25.972054 47876555302720 run_miniworld.py:239] Data collection iteration 16.
I1002 16:04:52.479095 47876555302720 run_miniworld.py:246] Evaluation iteration 16.
I1002 16:05:01.461382 47876555302720 run_miniworld.py:263] iteration:  16
 frame: 400000
 eval_episode_return:  0.00
 train_episode_return:  0.00
 train_exploration_epsilon: 0.325
 train_frame_rate:  171
I1002 16:05:12.717165 47876555302720 run_miniworld.py:239] Data collection iteration 17.
I1002 16:07:39.010048 47876555302720 run_miniworld.py:246] Evaluation iteration 17.
I1002 16:07:47.879466 47876555302720 run_miniworld.py:263] iteration:  17
 frame: 425000
 eval_episode_return:  0.00
 train_episode_return:  0.00
 train_exploration_epsilon: 0.280
 train_frame_rate:  171
I1002 16:08:01.093511 47876555302720 run_miniworld.py:239] Data collection iteration 18.
I1002 16:10:27.894848 47876555302720 run_miniworld.py:246] Evaluation iteration 18.
I1002 16:10:37.116208 47876555302720 run_miniworld.py:263] iteration:  18
 frame: 450000
 eval_episode_return:  0.00
 train_episode_return:  0.00
 train_exploration_epsilon: 0.235
 train_frame_rate:  170
I1002 16:10:48.104174 47876555302720 run_miniworld.py:239] Data collection iteration 19.
I1002 16:13:16.423396 47876555302720 run_miniworld.py:246] Evaluation iteration 19.
I1002 16:13:25.026945 47876555302720 run_miniworld.py:263] iteration:  19
 frame: 475000
 eval_episode_return:  0.00
 train_episode_return:  0.00
 train_exploration_epsilon: 0.190
 train_frame_rate:  169
I1002 16:13:35.737617 47876555302720 run_miniworld.py:239] Data collection iteration 20.
I1002 16:16:03.429163 47876555302720 run_miniworld.py:246] Evaluation iteration 20.
I1002 16:16:12.289238 47876555302720 run_miniworld.py:263] iteration:  20
 frame: 500000
 eval_episode_return:  0.00
 train_episode_return:  0.00
 train_exploration_epsilon: 0.145
 train_frame_rate:  169
I1002 16:16:23.678843 47876555302720 run_miniworld.py:239] Data collection iteration 21.
I1002 16:18:51.958971 47876555302720 run_miniworld.py:246] Evaluation iteration 21.
I1002 16:19:00.940471 47876555302720 run_miniworld.py:263] iteration:  21
 frame: 525000
 eval_episode_return:  0.00
 train_episode_return:  0.00
 train_exploration_epsilon: 0.100
 train_frame_rate:  169
I1002 16:19:12.893197 47876555302720 run_miniworld.py:239] Data collection iteration 22.
I1002 16:21:42.814548 47876555302720 run_miniworld.py:246] Evaluation iteration 22.
I1002 16:21:51.702230 47876555302720 run_miniworld.py:263] iteration:  22
 frame: 550000
 eval_episode_return:  0.00
 train_episode_return:  0.00
 train_exploration_epsilon: 0.100
 train_frame_rate:  167
I1002 16:22:02.694879 47876555302720 run_miniworld.py:239] Data collection iteration 23.
I1002 16:27:01.493805 47876555302720 run_miniworld.py:246] Evaluation iteration 23.
I1002 16:27:09.996349 47876555302720 run_miniworld.py:263] iteration:  23
 frame: 575000
 eval_episode_return:  0.00
 train_episode_return:  0.00
 train_exploration_epsilon: 0.100
 train_frame_rate:   84
I1002 16:27:20.759533 47876555302720 run_miniworld.py:239] Data collection iteration 24.
I1002 16:29:50.556261 47876555302720 run_miniworld.py:246] Evaluation iteration 24.
I1002 16:29:59.273332 47876555302720 run_miniworld.py:263] iteration:  24
 frame: 600000
 eval_episode_return:  0.00
 train_episode_return:  0.00
 train_exploration_epsilon: 0.100
 train_frame_rate:  167
I1002 16:30:09.746627 47876555302720 run_miniworld.py:239] Data collection iteration 25.
I1002 16:32:41.373244 47876555302720 run_miniworld.py:246] Evaluation iteration 25.
I1002 16:32:50.289338 47876555302720 run_miniworld.py:263] iteration:  25
 frame: 625000
 eval_episode_return:  0.00
 train_episode_return:  0.00
 train_exploration_epsilon: 0.100
 train_frame_rate:  165
I1002 16:33:01.392119 47876555302720 run_miniworld.py:239] Data collection iteration 26.
I1002 16:35:30.863871 47876555302720 run_miniworld.py:246] Evaluation iteration 26.
I1002 16:35:40.091653 47876555302720 run_miniworld.py:263] iteration:  26
 frame: 650000
 eval_episode_return:  0.00
 train_episode_return:  0.00
 train_exploration_epsilon: 0.100
 train_frame_rate:  167
I1002 16:35:51.127720 47876555302720 run_miniworld.py:239] Data collection iteration 27.
I1002 16:38:21.604765 47876555302720 run_miniworld.py:246] Evaluation iteration 27.
I1002 16:38:30.363394 47876555302720 run_miniworld.py:263] iteration:  27
 frame: 675000
 eval_episode_return:  0.00
 train_episode_return:  0.00
 train_exploration_epsilon: 0.100
 train_frame_rate:  166
I1002 16:38:41.300335 47876555302720 run_miniworld.py:239] Data collection iteration 28.
I1002 16:41:12.233582 47876555302720 run_miniworld.py:246] Evaluation iteration 28.
I1002 16:41:21.078734 47876555302720 run_miniworld.py:263] iteration:  28
 frame: 700000
 eval_episode_return:  0.00
 train_episode_return:  0.00
 train_exploration_epsilon: 0.100
 train_frame_rate:  166
I1002 16:41:31.328741 47876555302720 run_miniworld.py:239] Data collection iteration 29.
I1002 16:44:03.756154 47876555302720 run_miniworld.py:246] Evaluation iteration 29.
I1002 16:44:12.713168 47876555302720 run_miniworld.py:263] iteration:  29
 frame: 725000
 eval_episode_return:  0.00
 train_episode_return:  0.00
 train_exploration_epsilon: 0.100
 train_frame_rate:  164
I1002 16:44:24.064527 47876555302720 run_miniworld.py:239] Data collection iteration 30.
I1002 16:46:56.627691 47876555302720 run_miniworld.py:246] Evaluation iteration 30.
I1002 16:47:05.924985 47876555302720 run_miniworld.py:263] iteration:  30
 frame: 750000
 eval_episode_return:  0.00
 train_episode_return:  0.04
 train_exploration_epsilon: 0.100
 train_frame_rate:  164
I1002 16:47:16.342748 47876555302720 run_miniworld.py:239] Data collection iteration 31.
I1002 16:49:49.315430 47876555302720 run_miniworld.py:246] Evaluation iteration 31.
I1002 16:49:58.671742 47876555302720 run_miniworld.py:263] iteration:  31
 frame: 775000
 eval_episode_return:  0.00
 train_episode_return:  0.00
 train_exploration_epsilon: 0.100
 train_frame_rate:  163
I1002 16:50:10.159782 47876555302720 run_miniworld.py:239] Data collection iteration 32.
I1002 16:52:44.165518 47876555302720 run_miniworld.py:246] Evaluation iteration 32.
I1002 16:52:53.134382 47876555302720 run_miniworld.py:263] iteration:  32
 frame: 800000
 eval_episode_return:  0.00
 train_episode_return:  0.04
 train_exploration_epsilon: 0.100
 train_frame_rate:  162
I1002 16:53:03.978900 47876555302720 run_miniworld.py:239] Data collection iteration 33.
I1002 16:55:37.712738 47876555302720 run_miniworld.py:246] Evaluation iteration 33.
I1002 16:55:46.952039 47876555302720 run_miniworld.py:263] iteration:  33
 frame: 825000
 eval_episode_return:  0.00
 train_episode_return:  0.04
 train_exploration_epsilon: 0.100
 train_frame_rate:  163
I1002 16:55:58.718645 47876555302720 run_miniworld.py:239] Data collection iteration 34.
I1002 16:58:33.301915 47876555302720 run_miniworld.py:246] Evaluation iteration 34.
I1002 16:58:42.375592 47876555302720 run_miniworld.py:263] iteration:  34
 frame: 850000
 eval_episode_return:  0.00
 train_episode_return:  0.00
 train_exploration_epsilon: 0.100
 train_frame_rate:  162
I1002 16:58:53.151416 47876555302720 run_miniworld.py:239] Data collection iteration 35.
I1002 17:01:28.059294 47876555302720 run_miniworld.py:246] Evaluation iteration 35.
I1002 17:01:36.993227 47876555302720 run_miniworld.py:263] iteration:  35
 frame: 875000
 eval_episode_return:  0.00
 train_episode_return:  0.00
 train_exploration_epsilon: 0.100
 train_frame_rate:  161
I1002 17:01:48.427088 47876555302720 run_miniworld.py:239] Data collection iteration 36.
I1002 17:04:22.645518 47876555302720 run_miniworld.py:246] Evaluation iteration 36.
I1002 17:04:31.755678 47876555302720 run_miniworld.py:263] iteration:  36
 frame: 900000
 eval_episode_return:  0.00
 train_episode_return:  0.00
 train_exploration_epsilon: 0.100
 train_frame_rate:  162
I1002 17:04:42.585757 47876555302720 run_miniworld.py:239] Data collection iteration 37.
I1002 17:07:15.600665 47876555302720 run_miniworld.py:246] Evaluation iteration 37.
I1002 17:07:24.818437 47876555302720 run_miniworld.py:263] iteration:  37
 frame: 925000
 eval_episode_return:  0.00
 train_episode_return:  0.00
 train_exploration_epsilon: 0.100
 train_frame_rate:  163
I1002 17:07:36.703265 47876555302720 run_miniworld.py:239] Data collection iteration 38.
I1002 17:10:10.402743 47876555302720 run_miniworld.py:246] Evaluation iteration 38.
I1002 17:10:19.289396 47876555302720 run_miniworld.py:263] iteration:  38
 frame: 950000
 eval_episode_return:  0.00
 train_episode_return:  0.00
 train_exploration_epsilon: 0.100
 train_frame_rate:  163
I1002 17:10:30.049513 47876555302720 run_miniworld.py:239] Data collection iteration 39.
I1002 17:13:07.088223 47876555302720 run_miniworld.py:246] Evaluation iteration 39.
I1002 17:13:16.039904 47876555302720 run_miniworld.py:263] iteration:  39
 frame: 975000
 eval_episode_return:  0.00
 train_episode_return:  0.04
 train_exploration_epsilon: 0.100
 train_frame_rate:  159
I1002 17:13:26.704861 47876555302720 run_miniworld.py:239] Data collection iteration 40.
I1002 17:16:00.156725 47876555302720 run_miniworld.py:246] Evaluation iteration 40.
I1002 17:16:09.004922 47876555302720 run_miniworld.py:263] iteration:  40
 frame: 1000000
 eval_episode_return:  0.00
 train_episode_return:  0.00
 train_exploration_epsilon: 0.100
 train_frame_rate:  163
I1002 17:16:19.674942 47876555302720 run_miniworld.py:239] Data collection iteration 41.
I1002 17:18:51.898265 47876555302720 run_miniworld.py:246] Evaluation iteration 41.
I1002 17:19:00.962774 47876555302720 run_miniworld.py:263] iteration:  41
 frame: 1025000
 eval_episode_return:  0.00
 train_episode_return:  0.00
 train_exploration_epsilon: 0.100
 train_frame_rate:  164
I1002 17:19:11.725100 47876555302720 run_miniworld.py:239] Data collection iteration 42.
I1002 17:21:43.465942 47876555302720 run_miniworld.py:246] Evaluation iteration 42.
I1002 17:21:52.857697 47876555302720 run_miniworld.py:263] iteration:  42
 frame: 1050000
 eval_episode_return:  0.00
 train_episode_return:  0.00
 train_exploration_epsilon: 0.100
 train_frame_rate:  165
I1002 17:22:03.571894 47876555302720 run_miniworld.py:239] Data collection iteration 43.
I1002 17:24:35.228613 47876555302720 run_miniworld.py:246] Evaluation iteration 43.
I1002 17:24:44.076435 47876555302720 run_miniworld.py:263] iteration:  43
 frame: 1075000
 eval_episode_return:  0.00
 train_episode_return:  0.00
 train_exploration_epsilon: 0.100
 train_frame_rate:  165
I1002 17:24:55.198149 47876555302720 run_miniworld.py:239] Data collection iteration 44.
I1002 17:27:26.838950 47876555302720 run_miniworld.py:246] Evaluation iteration 44.
I1002 17:27:36.926073 47876555302720 run_miniworld.py:263] iteration:  44
 frame: 1100000
 eval_episode_return:  0.00
 train_episode_return:  0.04
 train_exploration_epsilon: 0.100
 train_frame_rate:  165
I1002 17:27:47.893216 47876555302720 run_miniworld.py:239] Data collection iteration 45.
I1002 17:30:19.168097 47876555302720 run_miniworld.py:246] Evaluation iteration 45.
I1002 17:30:28.363764 47876555302720 run_miniworld.py:263] iteration:  45
 frame: 1125000
 eval_episode_return:  0.00
 train_episode_return:  0.00
 train_exploration_epsilon: 0.100
 train_frame_rate:  165
I1002 17:30:39.402996 47876555302720 run_miniworld.py:239] Data collection iteration 46.
I1002 17:33:11.147054 47876555302720 run_miniworld.py:246] Evaluation iteration 46.
I1002 17:33:20.112729 47876555302720 run_miniworld.py:263] iteration:  46
 frame: 1150000
 eval_episode_return:  0.00
 train_episode_return:  0.00
 train_exploration_epsilon: 0.100
 train_frame_rate:  165
I1002 17:33:30.891576 47876555302720 run_miniworld.py:239] Data collection iteration 47.
I1002 17:36:03.468151 47876555302720 run_miniworld.py:246] Evaluation iteration 47.
I1002 17:36:12.481528 47876555302720 run_miniworld.py:263] iteration:  47
 frame: 1175000
 eval_episode_return:  0.00
 train_episode_return:  0.00
 train_exploration_epsilon: 0.100
 train_frame_rate:  164
I1002 17:36:23.242564 47876555302720 run_miniworld.py:239] Data collection iteration 48.
I1002 17:38:55.122863 47876555302720 run_miniworld.py:246] Evaluation iteration 48.
I1002 17:39:04.036327 47876555302720 run_miniworld.py:263] iteration:  48
 frame: 1200000
 eval_episode_return:  0.00
 train_episode_return:  0.00
 train_exploration_epsilon: 0.100
 train_frame_rate:  165
I1002 17:39:14.778235 47876555302720 run_miniworld.py:239] Data collection iteration 49.
I1002 17:41:45.717058 47876555302720 run_miniworld.py:246] Evaluation iteration 49.
I1002 17:41:54.752512 47876555302720 run_miniworld.py:263] iteration:  49
 frame: 1225000
 eval_episode_return:  0.00
 train_episode_return:  0.04
 train_exploration_epsilon: 0.100
 train_frame_rate:  166
I1002 17:42:09.824957 47876555302720 run_miniworld.py:239] Data collection iteration 50.
I1002 17:44:42.485922 47876555302720 run_miniworld.py:246] Evaluation iteration 50.
I1002 17:44:51.704832 47876555302720 run_miniworld.py:263] iteration:  50
 frame: 1250000
 eval_episode_return:  0.00
 train_episode_return:  0.00
 train_exploration_epsilon: 0.100
 train_frame_rate:  164
I1002 17:45:02.254551 47876555302720 run_miniworld.py:239] Data collection iteration 51.
I1002 17:47:33.905389 47876555302720 run_miniworld.py:246] Evaluation iteration 51.
I1002 17:47:42.909338 47876555302720 run_miniworld.py:263] iteration:  51
 frame: 1275000
 eval_episode_return:  0.00
 train_episode_return:  0.00
 train_exploration_epsilon: 0.100
 train_frame_rate:  165
I1002 17:47:53.379415 47876555302720 run_miniworld.py:239] Data collection iteration 52.
I1002 17:50:24.893989 47876555302720 run_miniworld.py:246] Evaluation iteration 52.
I1002 17:50:33.594950 47876555302720 run_miniworld.py:263] iteration:  52
 frame: 1300000
 eval_episode_return:  0.00
 train_episode_return:  0.00
 train_exploration_epsilon: 0.100
 train_frame_rate:  165
I1002 17:50:44.092567 47876555302720 run_miniworld.py:239] Data collection iteration 53.
I1002 17:53:17.032735 47876555302720 run_miniworld.py:246] Evaluation iteration 53.
I1002 17:53:26.467742 47876555302720 run_miniworld.py:263] iteration:  53
 frame: 1325000
 eval_episode_return:  0.20
 train_episode_return:  0.00
 train_exploration_epsilon: 0.100
 train_frame_rate:  163
I1002 17:53:37.418457 47876555302720 run_miniworld.py:239] Data collection iteration 54.
I1002 17:56:09.399519 47876555302720 run_miniworld.py:246] Evaluation iteration 54.
I1002 17:56:18.326886 47876555302720 run_miniworld.py:263] iteration:  54
 frame: 1350000
 eval_episode_return:  0.00
 train_episode_return:  0.00
 train_exploration_epsilon: 0.100
 train_frame_rate:  164
I1002 17:56:28.943195 47876555302720 run_miniworld.py:239] Data collection iteration 55.
I1002 17:59:00.744901 47876555302720 run_miniworld.py:246] Evaluation iteration 55.
I1002 17:59:09.570193 47876555302720 run_miniworld.py:263] iteration:  55
 frame: 1375000
 eval_episode_return:  0.00
 train_episode_return:  0.00
 train_exploration_epsilon: 0.100
 train_frame_rate:  165
I1002 17:59:20.802936 47876555302720 run_miniworld.py:239] Data collection iteration 56.
I1002 18:01:54.614262 47876555302720 run_miniworld.py:246] Evaluation iteration 56.
I1002 18:02:03.643666 47876555302720 run_miniworld.py:263] iteration:  56
 frame: 1400000
 eval_episode_return:  0.00
 train_episode_return:  0.00
 train_exploration_epsilon: 0.100
 train_frame_rate:  163
I1002 18:02:13.943572 47876555302720 run_miniworld.py:239] Data collection iteration 57.
I1002 18:04:46.198293 47876555302720 run_miniworld.py:246] Evaluation iteration 57.
I1002 18:04:55.100195 47876555302720 run_miniworld.py:263] iteration:  57
 frame: 1425000
 eval_episode_return:  0.00
 train_episode_return:  0.04
 train_exploration_epsilon: 0.100
 train_frame_rate:  164
I1002 18:05:05.529337 47876555302720 run_miniworld.py:239] Data collection iteration 58.
I1002 18:07:37.900198 47876555302720 run_miniworld.py:246] Evaluation iteration 58.
I1002 18:07:47.040226 47876555302720 run_miniworld.py:263] iteration:  58
 frame: 1450000
 eval_episode_return:  0.00
 train_episode_return:  0.00
 train_exploration_epsilon: 0.100
 train_frame_rate:  164
I1002 18:07:57.644749 47876555302720 run_miniworld.py:239] Data collection iteration 59.
I1002 18:10:31.181257 47876555302720 run_miniworld.py:246] Evaluation iteration 59.
I1002 18:10:40.596243 47876555302720 run_miniworld.py:263] iteration:  59
 frame: 1475000
 eval_episode_return:  0.00
 train_episode_return:  0.00
 train_exploration_epsilon: 0.100
 train_frame_rate:  163
I1002 18:10:51.136605 47876555302720 run_miniworld.py:239] Data collection iteration 60.
I1002 18:13:23.933346 47876555302720 run_miniworld.py:246] Evaluation iteration 60.
I1002 18:13:33.170778 47876555302720 run_miniworld.py:263] iteration:  60
 frame: 1500000
 eval_episode_return:  0.00
 train_episode_return:  0.00
 train_exploration_epsilon: 0.100
 train_frame_rate:  164
I1002 18:13:43.556131 47876555302720 run_miniworld.py:239] Data collection iteration 61.
I1002 18:16:15.634829 47876555302720 run_miniworld.py:246] Evaluation iteration 61.
I1002 18:16:24.730490 47876555302720 run_miniworld.py:263] iteration:  61
 frame: 1525000
 eval_episode_return:  0.00
 train_episode_return:  0.00
 train_exploration_epsilon: 0.100
 train_frame_rate:  164
I1002 18:16:35.291737 47876555302720 run_miniworld.py:239] Data collection iteration 62.
I1002 18:21:23.774970 47876555302720 run_miniworld.py:246] Evaluation iteration 62.
I1002 18:21:33.027133 47876555302720 run_miniworld.py:263] iteration:  62
 frame: 1550000
 eval_episode_return:  0.00
 train_episode_return:  0.00
 train_exploration_epsilon: 0.100
 train_frame_rate:   87
I1002 18:21:43.482692 47876555302720 run_miniworld.py:239] Data collection iteration 63.
I1002 18:24:15.815948 47876555302720 run_miniworld.py:246] Evaluation iteration 63.
I1002 18:24:24.694869 47876555302720 run_miniworld.py:263] iteration:  63
 frame: 1575000
 eval_episode_return:  0.00
 train_episode_return:  0.00
 train_exploration_epsilon: 0.100
 train_frame_rate:  164
I1002 18:24:35.713476 47876555302720 run_miniworld.py:239] Data collection iteration 64.
I1002 18:27:08.313345 47876555302720 run_miniworld.py:246] Evaluation iteration 64.
I1002 18:27:17.380347 47876555302720 run_miniworld.py:263] iteration:  64
 frame: 1600000
 eval_episode_return:  0.00
 train_episode_return:  0.00
 train_exploration_epsilon: 0.100
 train_frame_rate:  164
I1002 18:27:27.818373 47876555302720 run_miniworld.py:239] Data collection iteration 65.
I1002 18:29:59.665313 47876555302720 run_miniworld.py:246] Evaluation iteration 65.
I1002 18:30:09.947341 47876555302720 run_miniworld.py:263] iteration:  65
 frame: 1625000
 eval_episode_return:  0.00
 train_episode_return:  0.00
 train_exploration_epsilon: 0.100
 train_frame_rate:  165
I1002 18:30:20.312711 47876555302720 run_miniworld.py:239] Data collection iteration 66.
I1002 18:32:53.673455 47876555302720 run_miniworld.py:246] Evaluation iteration 66.
I1002 18:33:02.690163 47876555302720 run_miniworld.py:263] iteration:  66
 frame: 1650000
 eval_episode_return:  0.00
 train_episode_return:  0.00
 train_exploration_epsilon: 0.100
 train_frame_rate:  163
I1002 18:33:13.177814 47876555302720 run_miniworld.py:239] Data collection iteration 67.
I1002 18:35:45.958994 47876555302720 run_miniworld.py:246] Evaluation iteration 67.
I1002 18:35:55.290802 47876555302720 run_miniworld.py:263] iteration:  67
 frame: 1675000
 eval_episode_return:  0.00
 train_episode_return:  0.00
 train_exploration_epsilon: 0.100
 train_frame_rate:  164
I1002 18:36:05.879334 47876555302720 run_miniworld.py:239] Data collection iteration 68.
I1002 18:38:40.323091 47876555302720 run_miniworld.py:246] Evaluation iteration 68.
I1002 18:38:49.544516 47876555302720 run_miniworld.py:263] iteration:  68
 frame: 1700000
 eval_episode_return:  0.00
 train_episode_return:  0.00
 train_exploration_epsilon: 0.100
 train_frame_rate:  162
I1002 18:39:00.074563 47876555302720 run_miniworld.py:239] Data collection iteration 69.
I1002 18:41:32.792937 47876555302720 run_miniworld.py:246] Evaluation iteration 69.
I1002 18:41:41.890757 47876555302720 run_miniworld.py:263] iteration:  69
 frame: 1725000
 eval_episode_return:  0.00
 train_episode_return:  0.08
 train_exploration_epsilon: 0.100
 train_frame_rate:  164
I1002 18:41:52.585157 47876555302720 run_miniworld.py:239] Data collection iteration 70.
I1002 18:44:25.412002 47876555302720 run_miniworld.py:246] Evaluation iteration 70.
I1002 18:44:34.059326 47876555302720 run_miniworld.py:263] iteration:  70
 frame: 1750000
 eval_episode_return:  0.00
 train_episode_return:  0.00
 train_exploration_epsilon: 0.100
 train_frame_rate:  164
I1002 18:44:44.694686 47876555302720 run_miniworld.py:239] Data collection iteration 71.
I1002 18:47:16.774337 47876555302720 run_miniworld.py:246] Evaluation iteration 71.
I1002 18:47:26.989501 47876555302720 run_miniworld.py:263] iteration:  71
 frame: 1775000
 eval_episode_return:  0.00
 train_episode_return:  0.00
 train_exploration_epsilon: 0.100
 train_frame_rate:  164
I1002 18:47:38.118673 47876555302720 run_miniworld.py:239] Data collection iteration 72.
I1002 18:50:11.768522 47876555302720 run_miniworld.py:246] Evaluation iteration 72.
I1002 18:50:20.631383 47876555302720 run_miniworld.py:263] iteration:  72
 frame: 1800000
 eval_episode_return:  0.00
 train_episode_return:  0.00
 train_exploration_epsilon: 0.100
 train_frame_rate:  163
I1002 18:50:31.967062 47876555302720 run_miniworld.py:239] Data collection iteration 73.
I1002 18:53:04.635020 47876555302720 run_miniworld.py:246] Evaluation iteration 73.
I1002 18:53:13.654047 47876555302720 run_miniworld.py:263] iteration:  73
 frame: 1825000
 eval_episode_return:  0.00
 train_episode_return:  0.00
 train_exploration_epsilon: 0.100
 train_frame_rate:  164
I1002 18:53:25.094483 47876555302720 run_miniworld.py:239] Data collection iteration 74.
I1002 18:55:59.120098 47876555302720 run_miniworld.py:246] Evaluation iteration 74.
I1002 18:56:08.522697 47876555302720 run_miniworld.py:263] iteration:  74
 frame: 1850000
 eval_episode_return:  0.00
 train_episode_return:  0.00
 train_exploration_epsilon: 0.100
 train_frame_rate:  162
I1002 18:56:20.170886 47876555302720 run_miniworld.py:239] Data collection iteration 75.
I1002 18:58:52.888417 47876555302720 run_miniworld.py:246] Evaluation iteration 75.
I1002 18:59:01.926786 47876555302720 run_miniworld.py:263] iteration:  75
 frame: 1875000
 eval_episode_return:  0.00
 train_episode_return:  0.00
 train_exploration_epsilon: 0.100
 train_frame_rate:  164
I1002 18:59:12.883768 47876555302720 run_miniworld.py:239] Data collection iteration 76.
I1002 19:01:45.414315 47876555302720 run_miniworld.py:246] Evaluation iteration 76.
I1002 19:01:54.884235 47876555302720 run_miniworld.py:263] iteration:  76
 frame: 1900000
 eval_episode_return:  0.00
 train_episode_return:  0.00
 train_exploration_epsilon: 0.100
 train_frame_rate:  164
I1002 19:02:05.831919 47876555302720 run_miniworld.py:239] Data collection iteration 77.
I1002 19:04:39.565328 47876555302720 run_miniworld.py:246] Evaluation iteration 77.
I1002 19:04:48.799083 47876555302720 run_miniworld.py:263] iteration:  77
 frame: 1925000
 eval_episode_return:  0.00
 train_episode_return:  0.00
 train_exploration_epsilon: 0.100
 train_frame_rate:  163
I1002 19:04:59.895235 47876555302720 run_miniworld.py:239] Data collection iteration 78.
I1002 19:07:32.834210 47876555302720 run_miniworld.py:246] Evaluation iteration 78.
I1002 19:07:42.077087 47876555302720 run_miniworld.py:263] iteration:  78
 frame: 1950000
 eval_episode_return:  0.00
 train_episode_return:  0.00
 train_exploration_epsilon: 0.100
 train_frame_rate:  163
I1002 19:07:53.156237 47876555302720 run_miniworld.py:239] Data collection iteration 79.
I1002 19:10:26.029948 47876555302720 run_miniworld.py:246] Evaluation iteration 79.
I1002 19:10:35.222043 47876555302720 run_miniworld.py:263] iteration:  79
 frame: 1975000
 eval_episode_return:  0.00
 train_episode_return:  0.04
 train_exploration_epsilon: 0.100
 train_frame_rate:  164
I1002 19:10:45.812716 47876555302720 run_miniworld.py:239] Data collection iteration 80.
I1002 19:13:20.783040 47876555302720 run_miniworld.py:246] Evaluation iteration 80.
I1002 19:13:30.398181 47876555302720 run_miniworld.py:263] iteration:  80
 frame: 2000000
 eval_episode_return:  0.00
 train_episode_return:  0.00
 train_exploration_epsilon: 0.100
 train_frame_rate:  161
I1002 19:13:41.488746 47876555302720 run_miniworld.py:239] Data collection iteration 81.
I1002 19:16:14.846486 47876555302720 run_miniworld.py:246] Evaluation iteration 81.
I1002 19:16:23.830593 47876555302720 run_miniworld.py:263] iteration:  81
 frame: 2025000
 eval_episode_return:  0.00
 train_episode_return:  0.00
 train_exploration_epsilon: 0.100
 train_frame_rate:  163
I1002 19:16:34.924925 47876555302720 run_miniworld.py:239] Data collection iteration 82.
I1002 19:19:08.637058 47876555302720 run_miniworld.py:246] Evaluation iteration 82.
I1002 19:19:18.264005 47876555302720 run_miniworld.py:263] iteration:  82
 frame: 2050000
 eval_episode_return:  0.00
 train_episode_return:  0.00
 train_exploration_epsilon: 0.100
 train_frame_rate:  163
I1002 19:19:29.021546 47876555302720 run_miniworld.py:239] Data collection iteration 83.
I1002 19:22:00.787672 47876555302720 run_miniworld.py:246] Evaluation iteration 83.
I1002 19:22:10.911006 47876555302720 run_miniworld.py:263] iteration:  83
 frame: 2075000
 eval_episode_return:  0.00
 train_episode_return:  0.00
 train_exploration_epsilon: 0.100
 train_frame_rate:  165
I1002 19:22:21.576871 47876555302720 run_miniworld.py:239] Data collection iteration 84.
I1002 19:24:54.145573 47876555302720 run_miniworld.py:246] Evaluation iteration 84.
I1002 19:25:03.163572 47876555302720 run_miniworld.py:263] iteration:  84
 frame: 2100000
 eval_episode_return:  0.00
 train_episode_return:  0.00
 train_exploration_epsilon: 0.100
 train_frame_rate:  164
I1002 19:25:13.964045 47876555302720 run_miniworld.py:239] Data collection iteration 85.
I1002 19:27:46.479081 47876555302720 run_miniworld.py:246] Evaluation iteration 85.
I1002 19:27:56.026527 47876555302720 run_miniworld.py:263] iteration:  85
 frame: 2125000
 eval_episode_return:  0.00
 train_episode_return:  0.00
 train_exploration_epsilon: 0.100
 train_frame_rate:  164
I1002 19:28:08.542332 47876555302720 run_miniworld.py:239] Data collection iteration 86.
I1002 19:30:42.250239 47876555302720 run_miniworld.py:246] Evaluation iteration 86.
I1002 19:30:51.449155 47876555302720 run_miniworld.py:263] iteration:  86
 frame: 2150000
 eval_episode_return:  0.00
 train_episode_return:  0.04
 train_exploration_epsilon: 0.100
 train_frame_rate:  163
I1002 19:31:02.394735 47876555302720 run_miniworld.py:239] Data collection iteration 87.
I1002 19:33:35.330105 47876555302720 run_miniworld.py:246] Evaluation iteration 87.
I1002 19:33:44.226952 47876555302720 run_miniworld.py:263] iteration:  87
 frame: 2175000
 eval_episode_return:  0.00
 train_episode_return:  0.00
 train_exploration_epsilon: 0.100
 train_frame_rate:  163
I1002 19:33:55.351956 47876555302720 run_miniworld.py:239] Data collection iteration 88.
I1002 19:36:27.312387 47876555302720 run_miniworld.py:246] Evaluation iteration 88.
I1002 19:36:36.347991 47876555302720 run_miniworld.py:263] iteration:  88
 frame: 2200000
 eval_episode_return:  0.00
 train_episode_return:  0.04
 train_exploration_epsilon: 0.100
 train_frame_rate:  165
I1002 19:36:47.515894 47876555302720 run_miniworld.py:239] Data collection iteration 89.
I1002 19:39:21.335159 47876555302720 run_miniworld.py:246] Evaluation iteration 89.
I1002 19:39:30.310127 47876555302720 run_miniworld.py:263] iteration:  89
 frame: 2225000
 eval_episode_return:  0.00
 train_episode_return:  0.00
 train_exploration_epsilon: 0.100
 train_frame_rate:  163
I1002 19:39:41.302579 47876555302720 run_miniworld.py:239] Data collection iteration 90.
I1002 19:42:13.936454 47876555302720 run_miniworld.py:246] Evaluation iteration 90.
I1002 19:42:23.454504 47876555302720 run_miniworld.py:263] iteration:  90
 frame: 2250000
 eval_episode_return:  0.00
 train_episode_return:  0.00
 train_exploration_epsilon: 0.100
 train_frame_rate:  164
I1002 19:42:34.153461 47876555302720 run_miniworld.py:239] Data collection iteration 91.
I1002 19:45:06.748437 47876555302720 run_miniworld.py:246] Evaluation iteration 91.
I1002 19:45:15.566497 47876555302720 run_miniworld.py:263] iteration:  91
 frame: 2275000
 eval_episode_return:  0.00
 train_episode_return:  0.00
 train_exploration_epsilon: 0.100
 train_frame_rate:  164
I1002 19:45:26.143861 47876555302720 run_miniworld.py:239] Data collection iteration 92.
I1002 19:47:59.969487 47876555302720 run_miniworld.py:246] Evaluation iteration 92.
I1002 19:48:09.063309 47876555302720 run_miniworld.py:263] iteration:  92
 frame: 2300000
 eval_episode_return:  0.00
 train_episode_return:  0.04
 train_exploration_epsilon: 0.100
 train_frame_rate:  163
I1002 19:48:22.220754 47876555302720 run_miniworld.py:239] Data collection iteration 93.
I1002 19:50:55.770052 47876555302720 run_miniworld.py:246] Evaluation iteration 93.
I1002 19:51:04.622671 47876555302720 run_miniworld.py:263] iteration:  93
 frame: 2325000
 eval_episode_return:  0.00
 train_episode_return:  0.00
 train_exploration_epsilon: 0.100
 train_frame_rate:  163
I1002 19:51:15.182037 47876555302720 run_miniworld.py:239] Data collection iteration 94.
I1002 19:53:47.565752 47876555302720 run_miniworld.py:246] Evaluation iteration 94.
I1002 19:53:56.722095 47876555302720 run_miniworld.py:263] iteration:  94
 frame: 2350000
 eval_episode_return:  0.00
 train_episode_return:  0.00
 train_exploration_epsilon: 0.100
 train_frame_rate:  164
I1002 19:59:06.464057 47876555302720 run_miniworld.py:239] Data collection iteration 95.
I1002 20:01:40.637205 47876555302720 run_miniworld.py:246] Evaluation iteration 95.
I1002 20:01:49.719330 47876555302720 run_miniworld.py:263] iteration:  95
 frame: 2375000
 eval_episode_return:  0.00
 train_episode_return:  0.00
 train_exploration_epsilon: 0.100
 train_frame_rate:  162
I1002 20:02:07.674510 47876555302720 run_miniworld.py:239] Data collection iteration 96.
I1002 20:04:40.782649 47876555302720 run_miniworld.py:246] Evaluation iteration 96.
I1002 20:04:50.067432 47876555302720 run_miniworld.py:263] iteration:  96
 frame: 2400000
 eval_episode_return:  0.00
 train_episode_return:  0.04
 train_exploration_epsilon: 0.100
 train_frame_rate:  163
I1002 20:05:00.715707 47876555302720 run_miniworld.py:239] Data collection iteration 97.
I1002 20:07:33.596672 47876555302720 run_miniworld.py:246] Evaluation iteration 97.
I1002 20:07:42.278427 47876555302720 run_miniworld.py:263] iteration:  97
 frame: 2425000
 eval_episode_return:  0.00
 train_episode_return:  0.00
 train_exploration_epsilon: 0.100
 train_frame_rate:  164
I1002 20:07:53.235010 47876555302720 run_miniworld.py:239] Data collection iteration 98.
I1002 20:10:26.405326 47876555302720 run_miniworld.py:246] Evaluation iteration 98.
I1002 20:10:35.753582 47876555302720 run_miniworld.py:263] iteration:  98
 frame: 2450000
 eval_episode_return:  0.00
 train_episode_return:  0.00
 train_exploration_epsilon: 0.100
 train_frame_rate:  163
I1002 20:10:46.582204 47876555302720 run_miniworld.py:239] Data collection iteration 99.
I1002 20:13:19.288730 47876555302720 run_miniworld.py:246] Evaluation iteration 99.
I1002 20:13:28.572455 47876555302720 run_miniworld.py:263] iteration:  99
 frame: 2475000
 eval_episode_return:  0.00
 train_episode_return:  0.00
 train_exploration_epsilon: 0.100
 train_frame_rate:  164
I1002 20:13:40.183293 47876555302720 run_miniworld.py:239] Data collection iteration 100.
I1002 20:16:12.479743 47876555302720 run_miniworld.py:246] Evaluation iteration 100.
I1002 20:16:21.397093 47876555302720 run_miniworld.py:263] iteration: 100
 frame: 2500000
 eval_episode_return:  0.00
 train_episode_return:  0.00
 train_exploration_epsilon: 0.100
 train_frame_rate:  164
I1002 20:16:58.426038 47876555302720 run_miniworld.py:239] Data collection iteration 101.
I1002 20:19:31.655373 47876555302720 run_miniworld.py:246] Evaluation iteration 101.
I1002 20:19:40.701933 47876555302720 run_miniworld.py:263] iteration: 101
 frame: 2525000
 eval_episode_return:  0.00
 train_episode_return:  0.00
 train_exploration_epsilon: 0.100
 train_frame_rate:  163
I1002 20:19:51.710945 47876555302720 run_miniworld.py:239] Data collection iteration 102.
I1002 20:22:24.433212 47876555302720 run_miniworld.py:246] Evaluation iteration 102.
I1002 20:22:33.656559 47876555302720 run_miniworld.py:263] iteration: 102
 frame: 2550000
 eval_episode_return:  0.00
 train_episode_return:  0.00
 train_exploration_epsilon: 0.100
 train_frame_rate:  164
I1002 20:22:44.369598 47876555302720 run_miniworld.py:239] Data collection iteration 103.
I1002 20:25:17.536375 47876555302720 run_miniworld.py:246] Evaluation iteration 103.
I1002 20:25:27.058902 47876555302720 run_miniworld.py:263] iteration: 103
 frame: 2575000
 eval_episode_return:  0.00
 train_episode_return:  0.00
 train_exploration_epsilon: 0.100
 train_frame_rate:  163
I1002 20:25:39.168581 47876555302720 run_miniworld.py:239] Data collection iteration 104.
I1002 20:28:12.956758 47876555302720 run_miniworld.py:246] Evaluation iteration 104.
I1002 20:28:22.150513 47876555302720 run_miniworld.py:263] iteration: 104
 frame: 2600000
 eval_episode_return:  0.00
 train_episode_return:  0.00
 train_exploration_epsilon: 0.100
 train_frame_rate:  163
I1002 20:28:36.380192 47876555302720 run_miniworld.py:239] Data collection iteration 105.
I1002 20:31:10.032106 47876555302720 run_miniworld.py:246] Evaluation iteration 105.
I1002 20:31:19.344774 47876555302720 run_miniworld.py:263] iteration: 105
 frame: 2625000
 eval_episode_return:  0.00
 train_episode_return:  0.00
 train_exploration_epsilon: 0.100
 train_frame_rate:  163
I1002 20:33:30.327522 47876555302720 run_miniworld.py:239] Data collection iteration 106.
I1002 20:36:02.757719 47876555302720 run_miniworld.py:246] Evaluation iteration 106.
I1002 20:36:12.181767 47876555302720 run_miniworld.py:263] iteration: 106
 frame: 2650000
 eval_episode_return:  0.00
 train_episode_return:  0.00
 train_exploration_epsilon: 0.100
 train_frame_rate:  164
I1002 20:36:25.253054 47876555302720 run_miniworld.py:239] Data collection iteration 107.
I1002 20:38:59.715620 47876555302720 run_miniworld.py:246] Evaluation iteration 107.
I1002 20:39:08.694516 47876555302720 run_miniworld.py:263] iteration: 107
 frame: 2675000
 eval_episode_return:  0.00
 train_episode_return:  0.00
 train_exploration_epsilon: 0.100
 train_frame_rate:  162
I1002 20:39:19.696691 47876555302720 run_miniworld.py:239] Data collection iteration 108.
I1002 20:41:52.466761 47876555302720 run_miniworld.py:246] Evaluation iteration 108.
I1002 20:42:01.429232 47876555302720 run_miniworld.py:263] iteration: 108
 frame: 2700000
 eval_episode_return:  0.00
 train_episode_return:  0.00
 train_exploration_epsilon: 0.100
 train_frame_rate:  164
I1002 20:42:12.174069 47876555302720 run_miniworld.py:239] Data collection iteration 109.
I1002 20:44:45.053831 47876555302720 run_miniworld.py:246] Evaluation iteration 109.
I1002 20:44:54.302726 47876555302720 run_miniworld.py:263] iteration: 109
 frame: 2725000
 eval_episode_return:  0.00
 train_episode_return:  0.00
 train_exploration_epsilon: 0.100
 train_frame_rate:  164
I1002 20:45:05.118787 47876555302720 run_miniworld.py:239] Data collection iteration 110.
I1002 20:47:38.660389 47876555302720 run_miniworld.py:246] Evaluation iteration 110.
I1002 20:47:47.780068 47876555302720 run_miniworld.py:263] iteration: 110
 frame: 2750000
 eval_episode_return:  0.00
 train_episode_return:  0.00
 train_exploration_epsilon: 0.100
 train_frame_rate:  163
I1002 20:47:58.498049 47876555302720 run_miniworld.py:239] Data collection iteration 111.
I1002 20:50:31.323067 47876555302720 run_miniworld.py:246] Evaluation iteration 111.
I1002 20:50:40.596771 47876555302720 run_miniworld.py:263] iteration: 111
 frame: 2775000
 eval_episode_return:  0.00
 train_episode_return:  0.00
 train_exploration_epsilon: 0.100
 train_frame_rate:  164
I1002 20:50:51.313667 47876555302720 run_miniworld.py:239] Data collection iteration 112.
I1002 20:53:24.591251 47876555302720 run_miniworld.py:246] Evaluation iteration 112.
I1002 20:53:33.841457 47876555302720 run_miniworld.py:263] iteration: 112
 frame: 2800000
 eval_episode_return:  0.00
 train_episode_return:  0.00
 train_exploration_epsilon: 0.100
 train_frame_rate:  163
I1002 20:53:46.079743 47876555302720 run_miniworld.py:239] Data collection iteration 113.
I1002 20:56:18.647361 47876555302720 run_miniworld.py:246] Evaluation iteration 113.
I1002 20:56:27.730407 47876555302720 run_miniworld.py:263] iteration: 113
 frame: 2825000
 eval_episode_return:  0.00
 train_episode_return:  0.00
 train_exploration_epsilon: 0.100
 train_frame_rate:  164
I1002 20:56:39.490978 47876555302720 run_miniworld.py:239] Data collection iteration 114.
I1002 20:59:13.285573 47876555302720 run_miniworld.py:246] Evaluation iteration 114.
I1002 20:59:21.969729 47876555302720 run_miniworld.py:263] iteration: 114
 frame: 2850000
 eval_episode_return:  0.00
 train_episode_return:  0.00
 train_exploration_epsilon: 0.100
 train_frame_rate:  163
I1002 20:59:32.974953 47876555302720 run_miniworld.py:239] Data collection iteration 115.
I1002 21:02:05.770088 47876555302720 run_miniworld.py:246] Evaluation iteration 115.
I1002 21:02:15.290279 47876555302720 run_miniworld.py:263] iteration: 115
 frame: 2875000
 eval_episode_return:  0.00
 train_episode_return:  0.00
 train_exploration_epsilon: 0.100
 train_frame_rate:  164
I1002 21:02:27.235416 47876555302720 run_miniworld.py:239] Data collection iteration 116.
I1002 21:04:59.931837 47876555302720 run_miniworld.py:246] Evaluation iteration 116.
I1002 21:05:09.284613 47876555302720 run_miniworld.py:263] iteration: 116
 frame: 2900000
 eval_episode_return:  0.00
 train_episode_return:  0.00
 train_exploration_epsilon: 0.100
 train_frame_rate:  164
I1002 21:05:21.080507 47876555302720 run_miniworld.py:239] Data collection iteration 117.
I1002 21:07:54.395790 47876555302720 run_miniworld.py:246] Evaluation iteration 117.
I1002 21:08:04.042072 47876555302720 run_miniworld.py:263] iteration: 117
 frame: 2925000
 eval_episode_return:  0.00
 train_episode_return:  0.00
 train_exploration_epsilon: 0.100
 train_frame_rate:  163
I1002 21:08:15.405661 47876555302720 run_miniworld.py:239] Data collection iteration 118.
I1002 21:10:48.619204 47876555302720 run_miniworld.py:246] Evaluation iteration 118.
I1002 21:10:57.718456 47876555302720 run_miniworld.py:263] iteration: 118
 frame: 2950000
 eval_episode_return:  0.00
 train_episode_return:  0.00
 train_exploration_epsilon: 0.100
 train_frame_rate:  163
I1002 21:11:09.224065 47876555302720 run_miniworld.py:239] Data collection iteration 119.
I1002 21:13:41.152354 47876555302720 run_miniworld.py:246] Evaluation iteration 119.
I1002 21:13:51.672883 47876555302720 run_miniworld.py:263] iteration: 119
 frame: 2975000
 eval_episode_return:  0.00
 train_episode_return:  0.00
 train_exploration_epsilon: 0.100
 train_frame_rate:  165
I1002 21:14:02.446950 47876555302720 run_miniworld.py:239] Data collection iteration 120.
I1002 21:16:35.663678 47876555302720 run_miniworld.py:246] Evaluation iteration 120.
I1002 21:16:44.423969 47876555302720 run_miniworld.py:263] iteration: 120
 frame: 3000000
 eval_episode_return:  0.00
 train_episode_return:  0.04
 train_exploration_epsilon: 0.100
 train_frame_rate:  163
I1002 21:16:54.946144 47876555302720 run_miniworld.py:239] Data collection iteration 121.
I1002 21:19:27.495900 47876555302720 run_miniworld.py:246] Evaluation iteration 121.
I1002 21:19:36.429551 47876555302720 run_miniworld.py:263] iteration: 121
 frame: 3025000
 eval_episode_return:  0.00
 train_episode_return:  0.04
 train_exploration_epsilon: 0.100
 train_frame_rate:  164
I1002 21:19:47.672946 47876555302720 run_miniworld.py:239] Data collection iteration 122.
I1002 21:22:21.599961 47876555302720 run_miniworld.py:246] Evaluation iteration 122.
I1002 21:22:30.720719 47876555302720 run_miniworld.py:263] iteration: 122
 frame: 3050000
 eval_episode_return:  0.00
 train_episode_return:  0.00
 train_exploration_epsilon: 0.100
 train_frame_rate:  162
I1002 21:22:41.320859 47876555302720 run_miniworld.py:239] Data collection iteration 123.
I1002 21:25:14.143834 47876555302720 run_miniworld.py:246] Evaluation iteration 123.
I1002 21:25:23.323546 47876555302720 run_miniworld.py:263] iteration: 123
 frame: 3075000
 eval_episode_return:  0.00
 train_episode_return:  0.00
 train_exploration_epsilon: 0.100
 train_frame_rate:  164
I1002 21:25:34.212312 47876555302720 run_miniworld.py:239] Data collection iteration 124.
I1002 21:28:06.377261 47876555302720 run_miniworld.py:246] Evaluation iteration 124.
I1002 21:28:15.865630 47876555302720 run_miniworld.py:263] iteration: 124
 frame: 3100000
 eval_episode_return:  0.00
 train_episode_return:  0.00
 train_exploration_epsilon: 0.100
 train_frame_rate:  164
I1002 21:28:26.644541 47876555302720 run_miniworld.py:239] Data collection iteration 125.
I1002 21:30:59.060852 47876555302720 run_miniworld.py:246] Evaluation iteration 125.
I1002 21:31:08.007033 47876555302720 run_miniworld.py:263] iteration: 125
 frame: 3125000
 eval_episode_return:  0.00
 train_episode_return:  0.00
 train_exploration_epsilon: 0.100
 train_frame_rate:  164
I1002 21:31:19.397195 47876555302720 run_miniworld.py:239] Data collection iteration 126.
I1002 21:33:52.410066 47876555302720 run_miniworld.py:246] Evaluation iteration 126.
I1002 21:35:07.215128 47876555302720 run_miniworld.py:263] iteration: 126
 frame: 3150000
 eval_episode_return:  0.00
 train_episode_return:  0.00
 train_exploration_epsilon: 0.100
 train_frame_rate:  163
I1002 21:36:23.726747 47876555302720 run_miniworld.py:239] Data collection iteration 127.
I1002 21:38:56.134621 47876555302720 run_miniworld.py:246] Evaluation iteration 127.
I1002 21:39:04.888551 47876555302720 run_miniworld.py:263] iteration: 127
 frame: 3175000
 eval_episode_return:  0.00
 train_episode_return:  0.00
 train_exploration_epsilon: 0.100
 train_frame_rate:  164
I1002 21:39:16.289592 47876555302720 run_miniworld.py:239] Data collection iteration 128.
I1002 21:41:50.146136 47876555302720 run_miniworld.py:246] Evaluation iteration 128.
I1002 21:41:59.525594 47876555302720 run_miniworld.py:263] iteration: 128
 frame: 3200000
 eval_episode_return:  0.00
 train_episode_return:  0.00
 train_exploration_epsilon: 0.100
 train_frame_rate:  162
I1002 21:42:10.220749 47876555302720 run_miniworld.py:239] Data collection iteration 129.
I1002 21:44:43.228861 47876555302720 run_miniworld.py:246] Evaluation iteration 129.
I1002 21:44:52.561149 47876555302720 run_miniworld.py:263] iteration: 129
 frame: 3225000
 eval_episode_return:  0.00
 train_episode_return:  0.00
 train_exploration_epsilon: 0.100
 train_frame_rate:  163
I1002 21:45:03.318862 47876555302720 run_miniworld.py:239] Data collection iteration 130.
I1002 21:47:36.246813 47876555302720 run_miniworld.py:246] Evaluation iteration 130.
I1002 21:47:45.354825 47876555302720 run_miniworld.py:263] iteration: 130
 frame: 3250000
 eval_episode_return:  0.00
 train_episode_return:  0.00
 train_exploration_epsilon: 0.100
 train_frame_rate:  163
I1002 21:47:55.943520 47876555302720 run_miniworld.py:239] Data collection iteration 131.
I1002 21:50:29.392203 47876555302720 run_miniworld.py:246] Evaluation iteration 131.
I1002 21:50:38.547671 47876555302720 run_miniworld.py:263] iteration: 131
 frame: 3275000
 eval_episode_return:  0.00
 train_episode_return:  0.00
 train_exploration_epsilon: 0.100
 train_frame_rate:  163
I1002 21:50:49.319731 47876555302720 run_miniworld.py:239] Data collection iteration 132.
I1002 21:53:22.755815 47876555302720 run_miniworld.py:246] Evaluation iteration 132.
I1002 21:53:31.742540 47876555302720 run_miniworld.py:263] iteration: 132
 frame: 3300000
 eval_episode_return:  0.00
 train_episode_return:  0.00
 train_exploration_epsilon: 0.100
 train_frame_rate:  163
I1002 21:53:42.768779 47876555302720 run_miniworld.py:239] Data collection iteration 133.
I1002 21:56:14.727954 47876555302720 run_miniworld.py:246] Evaluation iteration 133.
I1002 21:56:24.031702 47876555302720 run_miniworld.py:263] iteration: 133
 frame: 3325000
 eval_episode_return:  0.00
 train_episode_return:  0.00
 train_exploration_epsilon: 0.100
 train_frame_rate:  165
I1002 21:56:35.655210 47876555302720 run_miniworld.py:239] Data collection iteration 134.
I1002 21:59:10.041057 47876555302720 run_miniworld.py:246] Evaluation iteration 134.
I1002 21:59:19.439079 47876555302720 run_miniworld.py:263] iteration: 134
 frame: 3350000
 eval_episode_return:  0.00
 train_episode_return:  0.00
 train_exploration_epsilon: 0.100
 train_frame_rate:  162
I1002 21:59:30.512146 47876555302720 run_miniworld.py:239] Data collection iteration 135.
I1002 22:02:03.207797 47876555302720 run_miniworld.py:246] Evaluation iteration 135.
I1002 22:02:12.408592 47876555302720 run_miniworld.py:263] iteration: 135
 frame: 3375000
 eval_episode_return:  0.00
 train_episode_return:  0.00
 train_exploration_epsilon: 0.100
 train_frame_rate:  164
I1002 22:02:23.778354 47876555302720 run_miniworld.py:239] Data collection iteration 136.
I1002 22:04:56.998086 47876555302720 run_miniworld.py:246] Evaluation iteration 136.
I1002 22:05:06.394365 47876555302720 run_miniworld.py:263] iteration: 136
 frame: 3400000
 eval_episode_return:  0.00
 train_episode_return:  0.00
 train_exploration_epsilon: 0.100
 train_frame_rate:  163
I1002 22:05:17.043157 47876555302720 run_miniworld.py:239] Data collection iteration 137.
I1002 22:07:49.494651 47876555302720 run_miniworld.py:246] Evaluation iteration 137.
I1002 22:07:59.976762 47876555302720 run_miniworld.py:263] iteration: 137
 frame: 3425000
 eval_episode_return:  0.00
 train_episode_return:  0.00
 train_exploration_epsilon: 0.100
 train_frame_rate:  164
I1002 22:08:10.578900 47876555302720 run_miniworld.py:239] Data collection iteration 138.
I1002 22:10:44.420174 47876555302720 run_miniworld.py:246] Evaluation iteration 138.
I1002 22:10:53.602612 47876555302720 run_miniworld.py:263] iteration: 138
 frame: 3450000
 eval_episode_return:  0.00
 train_episode_return:  0.00
 train_exploration_epsilon: 0.100
 train_frame_rate:  163
I1002 22:11:04.209484 47876555302720 run_miniworld.py:239] Data collection iteration 139.
I1002 22:13:36.515369 47876555302720 run_miniworld.py:246] Evaluation iteration 139.
I1002 22:13:45.162364 47876555302720 run_miniworld.py:263] iteration: 139
 frame: 3475000
 eval_episode_return:  0.00
 train_episode_return:  0.00
 train_exploration_epsilon: 0.100
 train_frame_rate:  164
I1002 22:13:55.960576 47876555302720 run_miniworld.py:239] Data collection iteration 140.
I1002 22:16:30.270086 47876555302720 run_miniworld.py:246] Evaluation iteration 140.
I1002 22:16:39.514148 47876555302720 run_miniworld.py:263] iteration: 140
 frame: 3500000
 eval_episode_return:  0.00
 train_episode_return:  0.00
 train_exploration_epsilon: 0.100
 train_frame_rate:  162
I1002 22:16:50.340770 47876555302720 run_miniworld.py:239] Data collection iteration 141.
I1002 22:19:23.836936 47876555302720 run_miniworld.py:246] Evaluation iteration 141.
I1002 22:19:32.806137 47876555302720 run_miniworld.py:263] iteration: 141
 frame: 3525000
 eval_episode_return:  0.00
 train_episode_return:  0.00
 train_exploration_epsilon: 0.100
 train_frame_rate:  163
I1002 22:19:43.529375 47876555302720 run_miniworld.py:239] Data collection iteration 142.
I1002 22:22:16.183149 47876555302720 run_miniworld.py:246] Evaluation iteration 142.
I1002 22:22:25.589287 47876555302720 run_miniworld.py:263] iteration: 142
 frame: 3550000
 eval_episode_return:  0.00
 train_episode_return:  0.04
 train_exploration_epsilon: 0.100
 train_frame_rate:  164
I1002 22:22:36.595263 47876555302720 run_miniworld.py:239] Data collection iteration 143.
I1002 22:25:09.705678 47876555302720 run_miniworld.py:246] Evaluation iteration 143.
I1002 22:25:18.963695 47876555302720 run_miniworld.py:263] iteration: 143
 frame: 3575000
 eval_episode_return:  0.00
 train_episode_return:  0.00
 train_exploration_epsilon: 0.100
 train_frame_rate:  163
I1002 22:25:31.137120 47876555302720 run_miniworld.py:239] Data collection iteration 144.
I1002 22:28:04.530617 47876555302720 run_miniworld.py:246] Evaluation iteration 144.
I1002 22:28:13.637998 47876555302720 run_miniworld.py:263] iteration: 144
 frame: 3600000
 eval_episode_return:  0.00
 train_episode_return:  0.04
 train_exploration_epsilon: 0.100
 train_frame_rate:  163
I1002 22:28:25.059058 47876555302720 run_miniworld.py:239] Data collection iteration 145.
I1002 22:30:57.943502 47876555302720 run_miniworld.py:246] Evaluation iteration 145.
I1002 22:31:07.082493 47876555302720 run_miniworld.py:263] iteration: 145
 frame: 3625000
 eval_episode_return:  0.00
 train_episode_return:  0.04
 train_exploration_epsilon: 0.100
 train_frame_rate:  164
I1002 22:31:18.027966 47876555302720 run_miniworld.py:239] Data collection iteration 146.
I1002 22:33:50.657955 47876555302720 run_miniworld.py:246] Evaluation iteration 146.
I1002 22:33:59.581237 47876555302720 run_miniworld.py:263] iteration: 146
 frame: 3650000
 eval_episode_return:  0.00
 train_episode_return:  0.00
 train_exploration_epsilon: 0.100
 train_frame_rate:  164
I1002 22:34:11.365372 47876555302720 run_miniworld.py:239] Data collection iteration 147.
I1002 22:36:45.127685 47876555302720 run_miniworld.py:246] Evaluation iteration 147.
I1002 22:36:54.162382 47876555302720 run_miniworld.py:263] iteration: 147
 frame: 3675000
 eval_episode_return:  0.00
 train_episode_return:  0.00
 train_exploration_epsilon: 0.100
 train_frame_rate:  163
I1002 22:37:05.088166 47876555302720 run_miniworld.py:239] Data collection iteration 148.
I1002 22:39:37.316110 47876555302720 run_miniworld.py:246] Evaluation iteration 148.
I1002 22:39:46.547926 47876555302720 run_miniworld.py:263] iteration: 148
 frame: 3700000
 eval_episode_return:  0.00
 train_episode_return:  0.00
 train_exploration_epsilon: 0.100
 train_frame_rate:  164
I1002 22:39:57.473005 47876555302720 run_miniworld.py:239] Data collection iteration 149.
I1002 22:42:30.259687 47876555302720 run_miniworld.py:246] Evaluation iteration 149.
I1002 22:42:40.460409 47876555302720 run_miniworld.py:263] iteration: 149
 frame: 3725000
 eval_episode_return:  0.00
 train_episode_return:  0.00
 train_exploration_epsilon: 0.100
 train_frame_rate:  164
I1002 22:42:51.142282 47876555302720 run_miniworld.py:239] Data collection iteration 150.
I1002 22:45:24.756164 47876555302720 run_miniworld.py:246] Evaluation iteration 150.
I1002 22:45:34.137270 47876555302720 run_miniworld.py:263] iteration: 150
 frame: 3750000
 eval_episode_return:  0.00
 train_episode_return:  0.00
 train_exploration_epsilon: 0.100
 train_frame_rate:  163
I1002 22:45:45.231971 47876555302720 run_miniworld.py:239] Data collection iteration 151.
I1002 22:48:18.092207 47876555302720 run_miniworld.py:246] Evaluation iteration 151.
I1002 22:48:27.325667 47876555302720 run_miniworld.py:263] iteration: 151
 frame: 3775000
 eval_episode_return:  0.00
 train_episode_return:  0.00
 train_exploration_epsilon: 0.100
 train_frame_rate:  164
I1002 22:48:38.221734 47876555302720 run_miniworld.py:239] Data collection iteration 152.
I1002 22:51:12.532715 47876555302720 run_miniworld.py:246] Evaluation iteration 152.
I1002 22:51:21.685520 47876555302720 run_miniworld.py:263] iteration: 152
 frame: 3800000
 eval_episode_return:  0.00
 train_episode_return:  0.00
 train_exploration_epsilon: 0.100
 train_frame_rate:  162
I1002 22:51:32.940795 47876555302720 run_miniworld.py:239] Data collection iteration 153.
I1002 22:54:06.683704 47876555302720 run_miniworld.py:246] Evaluation iteration 153.
I1002 22:54:15.874942 47876555302720 run_miniworld.py:263] iteration: 153
 frame: 3825000
 eval_episode_return:  0.00
 train_episode_return:  0.00
 train_exploration_epsilon: 0.100
 train_frame_rate:  163
I1002 22:54:26.884729 47876555302720 run_miniworld.py:239] Data collection iteration 154.
I1002 22:56:59.318519 47876555302720 run_miniworld.py:246] Evaluation iteration 154.
I1002 22:57:08.261961 47876555302720 run_miniworld.py:263] iteration: 154
 frame: 3850000
 eval_episode_return:  0.00
 train_episode_return:  0.00
 train_exploration_epsilon: 0.100
 train_frame_rate:  164
I1002 22:57:18.930278 47876555302720 run_miniworld.py:239] Data collection iteration 155.
I1002 22:59:51.461000 47876555302720 run_miniworld.py:246] Evaluation iteration 155.
I1002 23:00:00.464072 47876555302720 run_miniworld.py:263] iteration: 155
 frame: 3875000
 eval_episode_return:  0.00
 train_episode_return:  0.00
 train_exploration_epsilon: 0.100
 train_frame_rate:  164
I1002 23:00:12.497871 47876555302720 run_miniworld.py:239] Data collection iteration 156.
I1002 23:02:45.800627 47876555302720 run_miniworld.py:246] Evaluation iteration 156.
I1002 23:02:54.894589 47876555302720 run_miniworld.py:263] iteration: 156
 frame: 3900000
 eval_episode_return:  0.00
 train_episode_return:  0.00
 train_exploration_epsilon: 0.100
 train_frame_rate:  163
I1002 23:03:05.914261 47876555302720 run_miniworld.py:239] Data collection iteration 157.
I1002 23:05:38.836325 47876555302720 run_miniworld.py:246] Evaluation iteration 157.
I1002 23:05:48.087394 47876555302720 run_miniworld.py:263] iteration: 157
 frame: 3925000
 eval_episode_return:  0.00
 train_episode_return:  0.00
 train_exploration_epsilon: 0.100
 train_frame_rate:  163
I1002 23:05:58.843884 47876555302720 run_miniworld.py:239] Data collection iteration 158.
I1002 23:08:30.781054 47876555302720 run_miniworld.py:246] Evaluation iteration 158.
I1002 23:08:39.785551 47876555302720 run_miniworld.py:263] iteration: 158
 frame: 3950000
 eval_episode_return:  0.00
 train_episode_return:  0.00
 train_exploration_epsilon: 0.100
 train_frame_rate:  165
I1002 23:08:51.612975 47876555302720 run_miniworld.py:239] Data collection iteration 159.
I1002 23:11:26.164873 47876555302720 run_miniworld.py:246] Evaluation iteration 159.
I1002 23:11:35.647967 47876555302720 run_miniworld.py:263] iteration: 159
 frame: 3975000
 eval_episode_return:  0.00
 train_episode_return:  0.00
 train_exploration_epsilon: 0.100
 train_frame_rate:  162
I1002 23:11:46.582474 47876555302720 run_miniworld.py:239] Data collection iteration 160.
I1002 23:14:19.148657 47876555302720 run_miniworld.py:246] Evaluation iteration 160.
I1002 23:14:28.127627 47876555302720 run_miniworld.py:263] iteration: 160
 frame: 4000000
 eval_episode_return:  0.00
 train_episode_return:  0.00
 train_exploration_epsilon: 0.100
 train_frame_rate:  164
I1002 23:14:38.872557 47876555302720 run_miniworld.py:239] Data collection iteration 161.
I1002 23:17:12.475859 47876555302720 run_miniworld.py:246] Evaluation iteration 161.
I1002 23:17:22.580053 47876555302720 run_miniworld.py:263] iteration: 161
 frame: 4025000
 eval_episode_return:  0.00
 train_episode_return:  0.00
 train_exploration_epsilon: 0.100
 train_frame_rate:  163
I1002 23:17:33.048865 47876555302720 run_miniworld.py:239] Data collection iteration 162.
I1002 23:20:07.004759 47876555302720 run_miniworld.py:246] Evaluation iteration 162.
I1002 23:20:16.372470 47876555302720 run_miniworld.py:263] iteration: 162
 frame: 4050000
 eval_episode_return:  0.00
 train_episode_return:  0.00
 train_exploration_epsilon: 0.100
 train_frame_rate:  162
I1002 23:20:27.039785 47876555302720 run_miniworld.py:239] Data collection iteration 163.
I1002 23:23:00.085476 47876555302720 run_miniworld.py:246] Evaluation iteration 163.
I1002 23:23:09.205619 47876555302720 run_miniworld.py:263] iteration: 163
 frame: 4075000
 eval_episode_return:  0.00
 train_episode_return:  0.00
 train_exploration_epsilon: 0.100
 train_frame_rate:  163
I1002 23:23:19.837461 47876555302720 run_miniworld.py:239] Data collection iteration 164.
I1002 23:25:54.384025 47876555302720 run_miniworld.py:246] Evaluation iteration 164.
I1002 23:26:03.612162 47876555302720 run_miniworld.py:263] iteration: 164
 frame: 4100000
 eval_episode_return:  0.00
 train_episode_return:  0.00
 train_exploration_epsilon: 0.100
 train_frame_rate:  162
I1002 23:26:14.788127 47876555302720 run_miniworld.py:239] Data collection iteration 165.
I1002 23:28:49.001758 47876555302720 run_miniworld.py:246] Evaluation iteration 165.
I1002 23:28:58.013708 47876555302720 run_miniworld.py:263] iteration: 165
 frame: 4125000
 eval_episode_return:  0.00
 train_episode_return:  0.00
 train_exploration_epsilon: 0.100
 train_frame_rate:  162
I1002 23:29:09.051954 47876555302720 run_miniworld.py:239] Data collection iteration 166.
I1002 23:31:42.089548 47876555302720 run_miniworld.py:246] Evaluation iteration 166.
I1002 23:31:51.643650 47876555302720 run_miniworld.py:263] iteration: 166
 frame: 4150000
 eval_episode_return:  0.00
 train_episode_return:  0.00
 train_exploration_epsilon: 0.100
 train_frame_rate:  163
I1002 23:32:02.546403 47876555302720 run_miniworld.py:239] Data collection iteration 167.
I1002 23:34:36.979985 47876555302720 run_miniworld.py:246] Evaluation iteration 167.
I1002 23:34:45.787782 47876555302720 run_miniworld.py:263] iteration: 167
 frame: 4175000
 eval_episode_return:  0.00
 train_episode_return:  0.00
 train_exploration_epsilon: 0.100
 train_frame_rate:  162
I1002 23:34:57.452808 47876555302720 run_miniworld.py:239] Data collection iteration 168.
I1002 23:37:31.910343 47876555302720 run_miniworld.py:246] Evaluation iteration 168.
I1002 23:37:41.376480 47876555302720 run_miniworld.py:263] iteration: 168
 frame: 4200000
 eval_episode_return:  0.00
 train_episode_return:  0.00
 train_exploration_epsilon: 0.100
 train_frame_rate:  162
I1002 23:37:52.215512 47876555302720 run_miniworld.py:239] Data collection iteration 169.
I1002 23:40:25.034109 47876555302720 run_miniworld.py:246] Evaluation iteration 169.
I1002 23:40:34.536461 47876555302720 run_miniworld.py:263] iteration: 169
 frame: 4225000
 eval_episode_return:  0.00
 train_episode_return:  0.00
 train_exploration_epsilon: 0.100
 train_frame_rate:  164
I1002 23:40:46.136029 47876555302720 run_miniworld.py:239] Data collection iteration 170.
I1002 23:43:20.602471 47876555302720 run_miniworld.py:246] Evaluation iteration 170.
I1002 23:43:29.956915 47876555302720 run_miniworld.py:263] iteration: 170
 frame: 4250000
 eval_episode_return:  0.00
 train_episode_return:  0.00
 train_exploration_epsilon: 0.100
 train_frame_rate:  162
I1002 23:43:40.811142 47876555302720 run_miniworld.py:239] Data collection iteration 171.
I1002 23:46:15.008672 47876555302720 run_miniworld.py:246] Evaluation iteration 171.
I1002 23:46:24.129224 47876555302720 run_miniworld.py:263] iteration: 171
 frame: 4275000
 eval_episode_return:  0.00
 train_episode_return:  0.00
 train_exploration_epsilon: 0.100
 train_frame_rate:  162
I1002 23:46:35.510120 47876555302720 run_miniworld.py:239] Data collection iteration 172.
I1002 23:49:08.973980 47876555302720 run_miniworld.py:246] Evaluation iteration 172.
I1002 23:49:18.233920 47876555302720 run_miniworld.py:263] iteration: 172
 frame: 4300000
 eval_episode_return:  0.00
 train_episode_return:  0.00
 train_exploration_epsilon: 0.100
 train_frame_rate:  163
I1002 23:49:29.775448 47876555302720 run_miniworld.py:239] Data collection iteration 173.
I1002 23:52:04.616146 47876555302720 run_miniworld.py:246] Evaluation iteration 173.
I1002 23:52:13.744289 47876555302720 run_miniworld.py:263] iteration: 173
 frame: 4325000
 eval_episode_return:  0.00
 train_episode_return:  0.04
 train_exploration_epsilon: 0.100
 train_frame_rate:  161
I1002 23:52:25.307575 47876555302720 run_miniworld.py:239] Data collection iteration 174.
I1002 23:54:59.044783 47876555302720 run_miniworld.py:246] Evaluation iteration 174.
I1002 23:55:08.247981 47876555302720 run_miniworld.py:263] iteration: 174
 frame: 4350000
 eval_episode_return:  0.00
 train_episode_return:  0.00
 train_exploration_epsilon: 0.100
 train_frame_rate:  163
I1002 23:55:19.549880 47876555302720 run_miniworld.py:239] Data collection iteration 175.
I1002 23:57:53.150017 47876555302720 run_miniworld.py:246] Evaluation iteration 175.
I1002 23:58:02.312001 47876555302720 run_miniworld.py:263] iteration: 175
 frame: 4375000
 eval_episode_return:  0.00
 train_episode_return:  0.00
 train_exploration_epsilon: 0.100
 train_frame_rate:  163
I1002 23:58:13.214234 47876555302720 run_miniworld.py:239] Data collection iteration 176.
I1003 00:00:48.435758 47876555302720 run_miniworld.py:246] Evaluation iteration 176.
I1003 00:00:57.738421 47876555302720 run_miniworld.py:263] iteration: 176
 frame: 4400000
 eval_episode_return:  0.00
 train_episode_return:  0.00
 train_exploration_epsilon: 0.100
 train_frame_rate:  161
I1003 00:01:08.602967 47876555302720 run_miniworld.py:239] Data collection iteration 177.
I1003 00:03:42.442430 47876555302720 run_miniworld.py:246] Evaluation iteration 177.
I1003 00:03:51.506502 47876555302720 run_miniworld.py:263] iteration: 177
 frame: 4425000
 eval_episode_return:  0.00
 train_episode_return:  0.00
 train_exploration_epsilon: 0.100
 train_frame_rate:  163
I1003 00:04:03.914213 47876555302720 run_miniworld.py:239] Data collection iteration 178.
I1003 00:06:37.061343 47876555302720 run_miniworld.py:246] Evaluation iteration 178.
I1003 00:06:46.202596 47876555302720 run_miniworld.py:263] iteration: 178
 frame: 4450000
 eval_episode_return:  0.00
 train_episode_return:  0.00
 train_exploration_epsilon: 0.100
 train_frame_rate:  163
I1003 00:06:57.893133 47876555302720 run_miniworld.py:239] Data collection iteration 179.
I1003 00:09:32.544364 47876555302720 run_miniworld.py:246] Evaluation iteration 179.
I1003 00:09:41.556221 47876555302720 run_miniworld.py:263] iteration: 179
 frame: 4475000
 eval_episode_return:  0.00
 train_episode_return:  0.00
 train_exploration_epsilon: 0.100
 train_frame_rate:  162
I1003 00:09:54.484219 47876555302720 run_miniworld.py:239] Data collection iteration 180.
I1003 00:12:28.356621 47876555302720 run_miniworld.py:246] Evaluation iteration 180.
I1003 00:12:37.588841 47876555302720 run_miniworld.py:263] iteration: 180
 frame: 4500000
 eval_episode_return:  0.00
 train_episode_return:  0.00
 train_exploration_epsilon: 0.100
 train_frame_rate:  162
I1003 00:12:49.561280 47876555302720 run_miniworld.py:239] Data collection iteration 181.
I1003 00:15:21.700239 47876555302720 run_miniworld.py:246] Evaluation iteration 181.
I1003 00:15:30.540342 47876555302720 run_miniworld.py:263] iteration: 181
 frame: 4525000
 eval_episode_return:  0.00
 train_episode_return:  0.00
 train_exploration_epsilon: 0.100
 train_frame_rate:  164
I1003 00:15:42.890665 47876555302720 run_miniworld.py:239] Data collection iteration 182.
I1003 00:18:17.986467 47876555302720 run_miniworld.py:246] Evaluation iteration 182.
I1003 00:18:27.571105 47876555302720 run_miniworld.py:263] iteration: 182
 frame: 4550000
 eval_episode_return:  0.00
 train_episode_return:  0.00
 train_exploration_epsilon: 0.100
 train_frame_rate:  161
I1003 00:18:38.559329 47876555302720 run_miniworld.py:239] Data collection iteration 183.
I1003 00:21:12.470890 47876555302720 run_miniworld.py:246] Evaluation iteration 183.
I1003 00:21:21.654490 47876555302720 run_miniworld.py:263] iteration: 183
 frame: 4575000
 eval_episode_return:  0.00
 train_episode_return:  0.00
 train_exploration_epsilon: 0.100
 train_frame_rate:  162
I1003 00:21:32.416135 47876555302720 run_miniworld.py:239] Data collection iteration 184.
I1003 00:24:05.162943 47876555302720 run_miniworld.py:246] Evaluation iteration 184.
I1003 00:24:14.507009 47876555302720 run_miniworld.py:263] iteration: 184
 frame: 4600000
 eval_episode_return:  0.00
 train_episode_return:  0.04
 train_exploration_epsilon: 0.100
 train_frame_rate:  164
I1003 00:24:25.468804 47876555302720 run_miniworld.py:239] Data collection iteration 185.
I1003 00:26:58.829682 47876555302720 run_miniworld.py:246] Evaluation iteration 185.
I1003 00:27:07.841017 47876555302720 run_miniworld.py:263] iteration: 185
 frame: 4625000
 eval_episode_return:  0.00
 train_episode_return:  0.00
 train_exploration_epsilon: 0.100
 train_frame_rate:  163
I1003 00:27:21.332314 47876555302720 run_miniworld.py:239] Data collection iteration 186.
I1003 00:29:56.838135 47876555302720 run_miniworld.py:246] Evaluation iteration 186.
I1003 00:30:06.292343 47876555302720 run_miniworld.py:263] iteration: 186
 frame: 4650000
 eval_episode_return:  0.00
 train_episode_return:  0.04
 train_exploration_epsilon: 0.100
 train_frame_rate:  161
I1003 00:30:17.207461 47876555302720 run_miniworld.py:239] Data collection iteration 187.
I1003 00:32:50.680857 47876555302720 run_miniworld.py:246] Evaluation iteration 187.
I1003 00:32:59.978981 47876555302720 run_miniworld.py:263] iteration: 187
 frame: 4675000
 eval_episode_return:  0.00
 train_episode_return:  0.00
 train_exploration_epsilon: 0.100
 train_frame_rate:  163
I1003 00:33:10.642164 47876555302720 run_miniworld.py:239] Data collection iteration 188.
I1003 00:35:43.901942 47876555302720 run_miniworld.py:246] Evaluation iteration 188.
I1003 00:35:54.448413 47876555302720 run_miniworld.py:263] iteration: 188
 frame: 4700000
 eval_episode_return:  0.00
 train_episode_return:  0.04
 train_exploration_epsilon: 0.100
 train_frame_rate:  163
I1003 00:36:05.649435 47876555302720 run_miniworld.py:239] Data collection iteration 189.
I1003 00:38:40.123483 47876555302720 run_miniworld.py:246] Evaluation iteration 189.
I1003 00:38:49.492680 47876555302720 run_miniworld.py:263] iteration: 189
 frame: 4725000
 eval_episode_return:  0.00
 train_episode_return:  0.00
 train_exploration_epsilon: 0.100
 train_frame_rate:  162
I1003 00:39:00.072493 47876555302720 run_miniworld.py:239] Data collection iteration 190.
I1003 00:41:33.148867 47876555302720 run_miniworld.py:246] Evaluation iteration 190.
I1003 00:41:42.565327 47876555302720 run_miniworld.py:263] iteration: 190
 frame: 4750000
 eval_episode_return:  0.00
 train_episode_return:  0.00
 train_exploration_epsilon: 0.100
 train_frame_rate:  163
I1003 00:41:53.651797 47876555302720 run_miniworld.py:239] Data collection iteration 191.
I1003 00:44:28.957695 47876555302720 run_miniworld.py:246] Evaluation iteration 191.
I1003 00:44:37.949434 47876555302720 run_miniworld.py:263] iteration: 191
 frame: 4775000
 eval_episode_return:  0.00
 train_episode_return:  0.00
 train_exploration_epsilon: 0.100
 train_frame_rate:  161
I1003 00:44:48.818170 47876555302720 run_miniworld.py:239] Data collection iteration 192.
I1003 00:47:22.705189 47876555302720 run_miniworld.py:246] Evaluation iteration 192.
I1003 00:47:31.797665 47876555302720 run_miniworld.py:263] iteration: 192
 frame: 4800000
 eval_episode_return:  0.00
 train_episode_return:  0.04
 train_exploration_epsilon: 0.100
 train_frame_rate:  162
I1003 00:47:42.650342 47876555302720 run_miniworld.py:239] Data collection iteration 193.
I1003 00:50:16.617606 47876555302720 run_miniworld.py:246] Evaluation iteration 193.
I1003 00:50:25.746241 47876555302720 run_miniworld.py:263] iteration: 193
 frame: 4825000
 eval_episode_return:  0.00
 train_episode_return:  0.00
 train_exploration_epsilon: 0.100
 train_frame_rate:  162
I1003 00:50:38.293793 47876555302720 run_miniworld.py:239] Data collection iteration 194.
I1003 00:53:11.001344 47876555302720 run_miniworld.py:246] Evaluation iteration 194.
I1003 00:53:20.314852 47876555302720 run_miniworld.py:263] iteration: 194
 frame: 4850000
 eval_episode_return:  0.00
 train_episode_return:  0.00
 train_exploration_epsilon: 0.100
 train_frame_rate:  164
I1003 00:53:32.402197 47876555302720 run_miniworld.py:239] Data collection iteration 195.
I1003 00:56:07.354352 47876555302720 run_miniworld.py:246] Evaluation iteration 195.
I1003 00:56:16.908841 47876555302720 run_miniworld.py:263] iteration: 195
 frame: 4875000
 eval_episode_return:  0.00
 train_episode_return:  0.04
 train_exploration_epsilon: 0.100
 train_frame_rate:  161
I1003 00:56:27.962077 47876555302720 run_miniworld.py:239] Data collection iteration 196.
I1003 00:59:01.027119 47876555302720 run_miniworld.py:246] Evaluation iteration 196.
I1003 00:59:14.303983 47876555302720 run_miniworld.py:263] iteration: 196
 frame: 4900000
 eval_episode_return:  0.00
 train_episode_return:  0.04
 train_exploration_epsilon: 0.100
 train_frame_rate:  163
I1003 00:59:56.906208 47876555302720 run_miniworld.py:239] Data collection iteration 197.
I1003 01:02:30.699837 47876555302720 run_miniworld.py:246] Evaluation iteration 197.
I1003 01:02:39.675449 47876555302720 run_miniworld.py:263] iteration: 197
 frame: 4925000
 eval_episode_return:  0.00
 train_episode_return:  0.00
 train_exploration_epsilon: 0.100
 train_frame_rate:  163
I1003 01:02:51.542214 47876555302720 run_miniworld.py:239] Data collection iteration 198.
I1003 01:05:25.942896 47876555302720 run_miniworld.py:246] Evaluation iteration 198.
I1003 01:05:35.057245 47876555302720 run_miniworld.py:263] iteration: 198
 frame: 4950000
 eval_episode_return:  0.00
 train_episode_return:  0.04
 train_exploration_epsilon: 0.100
 train_frame_rate:  162
I1003 01:05:45.803292 47876555302720 run_miniworld.py:239] Data collection iteration 199.
I1003 01:08:20.077636 47876555302720 run_miniworld.py:246] Evaluation iteration 199.
I1003 01:08:29.491887 47876555302720 run_miniworld.py:263] iteration: 199
 frame: 4975000
 eval_episode_return:  0.00
 train_episode_return:  0.04
 train_exploration_epsilon: 0.100
 train_frame_rate:  162
I1003 01:08:40.270832 47876555302720 run_miniworld.py:239] Data collection iteration 200.
I1003 01:11:13.411132 47876555302720 run_miniworld.py:246] Evaluation iteration 200.
I1003 01:11:23.357674 47876555302720 run_miniworld.py:263] iteration: 200
 frame: 5000000
 eval_episode_return:  0.00
 train_episode_return:  0.00
 train_exploration_epsilon: 0.100
 train_frame_rate:  163
Falling back to num_samples=1
Falling back to num_samples=1
Falling back to num_samples=1
Falling back to num_samples=1
Falling back to num_samples=1
Falling back to num_samples=1
Falling back to num_samples=1
Falling back to num_samples=1
Falling back to num_samples=1
Falling back to num_samples=1
Falling back to num_samples=1
Falling back to num_samples=1
Falling back to num_samples=1
Falling back to num_samples=1
Falling back to num_samples=1
Falling back to num_samples=1
Falling back to num_samples=1
Falling back to num_samples=1
Falling back to num_samples=1
Falling back to num_samples=1
Falling back to num_samples=1
Falling back to num_samples=1
Falling back to num_samples=1
Falling back to num_samples=1
Falling back to num_samples=1
Falling back to num_samples=1
Falling back to num_samples=1
Falling back to num_samples=1
Falling back to num_samples=1
Falling back to num_samples=1
Falling back to num_samples=1
Falling back to num_samples=1
Falling back to num_samples=1
Falling back to num_samples=1
Falling back to num_samples=1
Falling back to num_samples=1
Falling back to num_samples=1
Falling back to num_samples=1
Falling back to num_samples=1
Falling back to num_samples=1
Falling back to num_samples=1
Falling back to num_samples=1
Falling back to num_samples=1
Falling back to num_samples=1
Falling back to num_samples=1
Falling back to num_samples=1
Falling back to num_samples=1
Falling back to num_samples=1
Falling back to num_samples=1
Falling back to num_samples=1
Falling back to num_samples=1
Falling back to num_samples=1
Falling back to num_samples=1
Falling back to num_samples=1
Falling back to num_samples=1
Falling back to num_samples=1
Falling back to num_samples=1
Falling back to num_samples=1
Falling back to num_samples=1
Falling back to num_samples=1
Falling back to num_samples=1
Falling back to num_samples=1
Falling back to num_samples=1
Falling back to num_samples=1
Falling back to num_samples=1
Falling back to num_samples=1
Falling back to num_samples=1
Falling back to num_samples=1
Falling back to num_samples=1
Falling back to num_samples=1
Falling back to num_samples=1
Falling back to num_samples=1
Falling back to num_samples=1
Falling back to num_samples=1
Falling back to num_samples=1
Falling back to num_samples=1
Falling back to num_samples=1
Falling back to num_samples=1
Falling back to num_samples=1
Falling back to num_samples=1
Falling back to num_samples=1
Falling back to num_samples=1
Falling back to num_samples=1
Falling back to num_samples=1
Falling back to num_samples=1
Falling back to num_samples=1
Falling back to num_samples=1
Falling back to num_samples=1
Falling back to num_samples=1
Falling back to num_samples=1
Falling back to num_samples=1
Falling back to num_samples=1
Falling back to num_samples=1
Falling back to num_samples=1
Falling back to num_samples=1
Falling back to num_samples=1
Falling back to num_samples=1
Falling back to num_samples=1
Falling back to num_samples=1
Falling back to num_samples=1
Falling back to num_samples=1
Falling back to num_samples=1
Falling back to num_samples=1
Falling back to num_samples=1
Falling back to num_samples=1
Falling back to num_samples=1
Falling back to num_samples=1
Falling back to num_samples=1
Falling back to num_samples=1
Falling back to num_samples=1
Falling back to num_samples=1
Falling back to num_samples=1
Falling back to num_samples=1
Falling back to num_samples=1
Falling back to num_samples=1
Falling back to num_samples=1
Falling back to num_samples=1
Falling back to num_samples=1
Falling back to num_samples=1
Falling back to num_samples=1
Falling back to num_samples=1
Falling back to num_samples=1
Falling back to num_samples=1
Falling back to num_samples=1
Falling back to num_samples=1
Falling back to num_samples=1
Falling back to num_samples=1
Falling back to num_samples=1
Falling back to num_samples=1
Falling back to num_samples=1
Falling back to num_samples=1
Falling back to num_samples=1
Falling back to num_samples=1
Falling back to num_samples=1
Falling back to num_samples=1
Falling back to num_samples=1
Falling back to num_samples=1
Falling back to num_samples=1
Falling back to num_samples=1
Falling back to num_samples=1
Falling back to num_samples=1
Falling back to num_samples=1
Falling back to num_samples=1
Falling back to num_samples=1
Falling back to num_samples=1
Falling back to num_samples=1
Falling back to num_samples=1
Falling back to num_samples=1
Falling back to num_samples=1
Falling back to num_samples=1
Falling back to num_samples=1
Falling back to num_samples=1
Falling back to num_samples=1
Falling back to num_samples=1
Falling back to num_samples=1
Falling back to num_samples=1
Falling back to num_samples=1
Falling back to num_samples=1
Falling back to num_samples=1
Falling back to num_samples=1
Falling back to num_samples=1
Falling back to num_samples=1
Falling back to num_samples=1
Falling back to num_samples=1
Falling back to num_samples=1
Falling back to num_samples=1
Falling back to num_samples=1
Falling back to num_samples=1
Falling back to num_samples=1
Falling back to num_samples=1
Falling back to num_samples=1
Falling back to num_samples=1
Falling back to num_samples=1
Falling back to num_samples=1
Falling back to num_samples=1
Falling back to num_samples=1
Falling back to num_samples=1
Falling back to num_samples=1
Falling back to num_samples=1
Falling back to num_samples=1
Falling back to num_samples=1
Falling back to num_samples=1
Falling back to num_samples=1
Falling back to num_samples=1
Falling back to num_samples=1
Falling back to num_samples=1
Falling back to num_samples=1
Falling back to num_samples=1
Falling back to num_samples=1
Falling back to num_samples=1
Falling back to num_samples=1
Falling back to num_samples=1
Falling back to num_samples=1
Falling back to num_samples=1
Falling back to num_samples=1
Falling back to num_samples=1
Falling back to num_samples=1
Falling back to num_samples=1
Falling back to num_samples=1
Falling back to num_samples=1
Falling back to num_samples=1
Falling back to num_samples=1
Falling back to num_samples=1
Falling back to num_samples=1
Falling back to num_samples=1
Falling back to num_samples=1
Falling back to num_samples=1
Falling back to num_samples=1
Falling back to num_samples=1
Falling back to num_samples=1
Falling back to num_samples=1
Falling back to num_samples=1
Falling back to num_samples=1
Falling back to num_samples=1
Falling back to num_samples=1
Falling back to num_samples=1
Falling back to num_samples=1
Falling back to num_samples=1
Falling back to num_samples=1
Falling back to num_samples=1
Falling back to num_samples=1
Falling back to num_samples=1
Falling back to num_samples=1
Falling back to num_samples=1
Falling back to num_samples=1
Falling back to num_samples=1
Falling back to num_samples=1
Falling back to num_samples=1
Falling back to num_samples=1
Falling back to num_samples=1
Falling back to num_samples=1
Falling back to num_samples=1
Falling back to num_samples=1
Falling back to num_samples=1
Falling back to num_samples=1
Falling back to num_samples=1
Falling back to num_samples=1
Falling back to num_samples=1
Falling back to num_samples=1
Falling back to num_samples=1
Falling back to num_samples=1
Falling back to num_samples=1
Falling back to num_samples=1
Falling back to num_samples=1
Falling back to num_samples=1
Falling back to num_samples=1
Falling back to num_samples=1
Falling back to num_samples=1
Falling back to num_samples=1
Falling back to num_samples=1
Falling back to num_samples=1
Falling back to num_samples=1
Falling back to num_samples=1
Falling back to num_samples=1
Falling back to num_samples=1
Falling back to num_samples=1
Falling back to num_samples=1
Falling back to num_samples=1
Falling back to num_samples=1
Falling back to num_samples=1
Falling back to num_samples=1
Falling back to num_samples=1
Falling back to num_samples=1
Falling back to num_samples=1
Falling back to num_samples=1
Falling back to num_samples=1
Falling back to num_samples=1
Falling back to num_samples=1
Falling back to num_samples=1
Falling back to num_samples=1
Falling back to num_samples=1
Falling back to num_samples=1
Falling back to num_samples=1
Falling back to num_samples=1
Falling back to num_samples=1
Falling back to num_samples=1
Falling back to num_samples=1
Falling back to num_samples=1
Falling back to num_samples=1
Falling back to num_samples=1
Falling back to num_samples=1
Falling back to num_samples=1
Falling back to num_samples=1
Falling back to num_samples=1
Falling back to num_samples=1
Falling back to num_samples=1
Falling back to num_samples=1
Falling back to num_samples=1
Falling back to num_samples=1
Falling back to num_samples=1
Falling back to num_samples=1
Falling back to num_samples=1
Falling back to num_samples=1
Falling back to num_samples=1
Falling back to num_samples=1
Falling back to num_samples=1
Falling back to num_samples=1
Falling back to num_samples=1
Falling back to num_samples=1
Falling back to num_samples=1
Falling back to num_samples=1
Falling back to num_samples=1
Falling back to num_samples=1
Falling back to num_samples=1
Falling back to num_samples=1
Falling back to num_samples=1
Falling back to num_samples=1
Falling back to num_samples=1
Falling back to num_samples=1
Falling back to num_samples=1
Falling back to num_samples=1
Falling back to num_samples=1
Falling back to num_samples=1
Falling back to num_samples=1
Falling back to num_samples=1
Falling back to num_samples=1
Falling back to num_samples=1
Falling back to num_samples=1
Falling back to num_samples=1
Falling back to num_samples=1
Falling back to num_samples=1
Falling back to num_samples=1
Falling back to num_samples=1
Falling back to num_samples=1
Falling back to num_samples=1
Falling back to num_samples=1
Falling back to num_samples=1
Falling back to num_samples=1
Falling back to num_samples=1
Falling back to num_samples=1
Falling back to num_samples=1
Falling back to num_samples=1
Falling back to num_samples=1
Falling back to num_samples=1
Falling back to num_samples=1
Falling back to num_samples=1
Falling back to num_samples=1
Falling back to num_samples=1
Falling back to num_samples=1
Falling back to num_samples=1
Falling back to num_samples=1
Falling back to num_samples=1
Falling back to num_samples=1
Falling back to num_samples=1
Falling back to num_samples=1
Falling back to num_samples=1
Falling back to num_samples=1
Falling back to num_samples=1
Falling back to num_samples=1
Falling back to num_samples=1
Falling back to num_samples=1
Falling back to num_samples=1
Falling back to num_samples=1
Falling back to num_samples=1
Falling back to num_samples=1
Falling back to num_samples=1
Falling back to num_samples=1
Falling back to num_samples=1
Falling back to num_samples=1
Falling back to num_samples=1
Falling back to num_samples=1
Falling back to num_samples=1
Falling back to num_samples=1
Falling back to num_samples=1
Falling back to num_samples=1
Falling back to num_samples=1
Falling back to num_samples=1
Falling back to num_samples=1
Falling back to num_samples=1
Falling back to num_samples=1
Falling back to num_samples=1
Falling back to num_samples=1
Falling back to num_samples=1
Falling back to num_samples=1
Falling back to num_samples=1
Falling back to num_samples=1
Falling back to num_samples=1
Falling back to num_samples=1
Falling back to num_samples=1
Falling back to num_samples=1
Falling back to num_samples=1
Falling back to num_samples=1
Falling back to num_samples=1
Falling back to num_samples=1
Falling back to num_samples=1
Falling back to num_samples=1
Falling back to num_samples=1
Falling back to num_samples=1
Falling back to num_samples=1
Falling back to num_samples=1
Falling back to num_samples=1
Falling back to num_samples=1
Falling back to num_samples=1
Falling back to num_samples=1
Falling back to num_samples=1
Falling back to num_samples=1
Falling back to num_samples=1
Falling back to num_samples=1
Falling back to num_samples=1
Falling back to num_samples=1
Falling back to num_samples=1
Falling back to num_samples=1
Falling back to num_samples=1
Falling back to num_samples=1
