I1002 15:48:01.226369 47642629252928 xla_bridge.py:355] Unable to initialize backend 'tpu_driver': NOT_FOUND: Unable to find driver in registry given worker: 
I1002 15:48:01.357794 47642629252928 xla_bridge.py:355] Unable to initialize backend 'rocm': NOT_FOUND: Could not find registered platform with name: "rocm". Available platform names are: Interpreter Host CUDA
I1002 15:48:01.358290 47642629252928 xla_bridge.py:355] Unable to initialize backend 'tpu': module 'jaxlib.xla_extension' has no attribute 'get_tpu_client'
I1002 15:48:01.358444 47642629252928 xla_bridge.py:355] Unable to initialize backend 'plugin': xla_extension has no attributes named get_plugin_device_client. Compile TensorFlow with //tensorflow/compiler/xla/python:enable_plugin_device set to true (defaults to false) to enable this.
I1002 15:48:01.358561 47642629252928 run_miniworld.py:100] Collecting data on MiniWorld on gpu.
I1002 15:48:06.582248 47642629252928 run_miniworld.py:136] Observation shape: (60, 80, 3)
I1002 15:48:15.767553 47642629252928 run_miniworld.py:239] Data collection iteration 0.
I1002 15:48:48.996494 47642629252928 run_miniworld.py:246] Evaluation iteration 0.
/home/mklissa/DCEO/lib/python3.8/site-packages/distrax/_src/distributions/categorical.py:96: UserWarning: Explicitly requested dtype <class 'jax.numpy.int64'> requested in astype is not available, and will be truncated to dtype int32. To enable more dtypes, set the jax_enable_x64 configuration option or the JAX_ENABLE_X64 shell environment variable. See https://github.com/google/jax#current-gotchas for more.
  return draws.astype(self._dtype)
I1002 15:48:57.817504 47642629252928 run_miniworld.py:263] iteration:   0
 frame:     0
 eval_episode_return:  0.00
 train_episode_return:  0.00
 train_exploration_epsilon: 1.000
 train_frame_rate:  752
I1002 15:49:09.612243 47642629252928 run_miniworld.py:239] Data collection iteration 1.
I1002 15:49:43.236048 47642629252928 run_miniworld.py:246] Evaluation iteration 1.
I1002 15:49:51.578117 47642629252928 run_miniworld.py:263] iteration:   1
 frame: 25000
 eval_episode_return:  0.00
 train_episode_return:  0.00
 train_exploration_epsilon: 1.000
 train_frame_rate:  744
I1002 15:50:01.949352 47642629252928 run_miniworld.py:239] Data collection iteration 2.
I1002 15:50:02.485379 47642629252928 dceo_agent.py:296] Begin learning
I1002 15:52:28.867822 47642629252928 run_miniworld.py:246] Evaluation iteration 2.
I1002 15:52:37.531748 47642629252928 run_miniworld.py:263] iteration:   2
 frame: 50000
 eval_episode_return:  0.00
 train_episode_return:  0.04
 train_exploration_epsilon: 0.955
 train_frame_rate:  170
I1002 15:52:47.641494 47642629252928 run_miniworld.py:239] Data collection iteration 3.
I1002 15:55:07.821785 47642629252928 run_miniworld.py:246] Evaluation iteration 3.
I1002 15:55:16.652936 47642629252928 run_miniworld.py:263] iteration:   3
 frame: 75000
 eval_episode_return:  0.00
 train_episode_return:  0.00
 train_exploration_epsilon: 0.910
 train_frame_rate:  178
I1002 15:55:27.083216 47642629252928 run_miniworld.py:239] Data collection iteration 4.
I1002 15:57:47.509374 47642629252928 run_miniworld.py:246] Evaluation iteration 4.
I1002 15:57:56.656274 47642629252928 run_miniworld.py:263] iteration:   4
 frame: 100000
 eval_episode_return:  0.00
 train_episode_return:  0.08
 train_exploration_epsilon: 0.865
 train_frame_rate:  178
I1002 15:58:07.353013 47642629252928 run_miniworld.py:239] Data collection iteration 5.
I1002 16:00:28.487102 47642629252928 run_miniworld.py:246] Evaluation iteration 5.
I1002 16:00:37.500173 47642629252928 run_miniworld.py:263] iteration:   5
 frame: 125000
 eval_episode_return:  0.00
 train_episode_return:  0.00
 train_exploration_epsilon: 0.820
 train_frame_rate:  177
I1002 16:00:48.312919 47642629252928 run_miniworld.py:239] Data collection iteration 6.
I1002 16:03:10.233470 47642629252928 run_miniworld.py:246] Evaluation iteration 6.
I1002 16:03:18.890893 47642629252928 run_miniworld.py:263] iteration:   6
 frame: 150000
 eval_episode_return:  0.00
 train_episode_return:  0.00
 train_exploration_epsilon: 0.775
 train_frame_rate:  176
I1002 16:03:29.228928 47642629252928 run_miniworld.py:239] Data collection iteration 7.
I1002 16:05:49.570121 47642629252928 run_miniworld.py:246] Evaluation iteration 7.
I1002 16:05:58.550375 47642629252928 run_miniworld.py:263] iteration:   7
 frame: 175000
 eval_episode_return:  0.00
 train_episode_return:  0.04
 train_exploration_epsilon: 0.730
 train_frame_rate:  178
I1002 16:06:09.115033 47642629252928 run_miniworld.py:239] Data collection iteration 8.
I1002 16:08:32.984028 47642629252928 run_miniworld.py:246] Evaluation iteration 8.
I1002 16:08:41.796254 47642629252928 run_miniworld.py:263] iteration:   8
 frame: 200000
 eval_episode_return:  0.00
 train_episode_return:  0.00
 train_exploration_epsilon: 0.685
 train_frame_rate:  174
I1002 16:08:52.661315 47642629252928 run_miniworld.py:239] Data collection iteration 9.
I1002 16:11:17.461920 47642629252928 run_miniworld.py:246] Evaluation iteration 9.
I1002 16:11:26.236415 47642629252928 run_miniworld.py:263] iteration:   9
 frame: 225000
 eval_episode_return:  0.00
 train_episode_return:  0.00
 train_exploration_epsilon: 0.640
 train_frame_rate:  173
I1002 16:11:36.608560 47642629252928 run_miniworld.py:239] Data collection iteration 10.
I1002 16:14:00.954942 47642629252928 run_miniworld.py:246] Evaluation iteration 10.
I1002 16:14:10.060148 47642629252928 run_miniworld.py:263] iteration:  10
 frame: 250000
 eval_episode_return:  0.00
 train_episode_return:  0.00
 train_exploration_epsilon: 0.595
 train_frame_rate:  173
I1002 16:14:21.862936 47642629252928 run_miniworld.py:239] Data collection iteration 11.
I1002 16:16:47.293690 47642629252928 run_miniworld.py:246] Evaluation iteration 11.
I1002 16:16:56.203546 47642629252928 run_miniworld.py:263] iteration:  11
 frame: 275000
 eval_episode_return:  0.00
 train_episode_return:  0.00
 train_exploration_epsilon: 0.550
 train_frame_rate:  172
I1002 16:17:06.629586 47642629252928 run_miniworld.py:239] Data collection iteration 12.
I1002 16:19:32.918108 47642629252928 run_miniworld.py:246] Evaluation iteration 12.
I1002 16:19:41.705184 47642629252928 run_miniworld.py:263] iteration:  12
 frame: 300000
 eval_episode_return:  0.00
 train_episode_return:  0.00
 train_exploration_epsilon: 0.505
 train_frame_rate:  171
I1002 16:19:55.118229 47642629252928 run_miniworld.py:239] Data collection iteration 13.
I1002 16:22:21.040789 47642629252928 run_miniworld.py:246] Evaluation iteration 13.
I1002 16:22:29.996461 47642629252928 run_miniworld.py:263] iteration:  13
 frame: 325000
 eval_episode_return:  0.00
 train_episode_return:  0.00
 train_exploration_epsilon: 0.460
 train_frame_rate:  171
I1002 16:22:41.277534 47642629252928 run_miniworld.py:239] Data collection iteration 14.
I1002 16:27:33.404652 47642629252928 run_miniworld.py:246] Evaluation iteration 14.
I1002 16:27:41.949148 47642629252928 run_miniworld.py:263] iteration:  14
 frame: 350000
 eval_episode_return:  0.00
 train_episode_return:  0.04
 train_exploration_epsilon: 0.415
 train_frame_rate:   86
I1002 16:27:52.968897 47642629252928 run_miniworld.py:239] Data collection iteration 15.
I1002 16:30:19.058398 47642629252928 run_miniworld.py:246] Evaluation iteration 15.
I1002 16:30:27.748747 47642629252928 run_miniworld.py:263] iteration:  15
 frame: 375000
 eval_episode_return:  0.00
 train_episode_return:  0.00
 train_exploration_epsilon: 0.370
 train_frame_rate:  171
I1002 16:30:38.331844 47642629252928 run_miniworld.py:239] Data collection iteration 16.
I1002 16:33:04.787912 47642629252928 run_miniworld.py:246] Evaluation iteration 16.
I1002 16:33:14.097691 47642629252928 run_miniworld.py:263] iteration:  16
 frame: 400000
 eval_episode_return:  0.00
 train_episode_return:  0.00
 train_exploration_epsilon: 0.325
 train_frame_rate:  171
I1002 16:33:25.057767 47642629252928 run_miniworld.py:239] Data collection iteration 17.
I1002 16:35:52.404090 47642629252928 run_miniworld.py:246] Evaluation iteration 17.
I1002 16:36:01.096088 47642629252928 run_miniworld.py:263] iteration:  17
 frame: 425000
 eval_episode_return:  0.00
 train_episode_return:  0.00
 train_exploration_epsilon: 0.280
 train_frame_rate:  170
I1002 16:36:12.419442 47642629252928 run_miniworld.py:239] Data collection iteration 18.
I1002 16:38:40.642944 47642629252928 run_miniworld.py:246] Evaluation iteration 18.
I1002 16:38:49.708223 47642629252928 run_miniworld.py:263] iteration:  18
 frame: 450000
 eval_episode_return:  0.00
 train_episode_return:  0.00
 train_exploration_epsilon: 0.235
 train_frame_rate:  169
I1002 16:39:00.598855 47642629252928 run_miniworld.py:239] Data collection iteration 19.
I1002 16:41:29.079933 47642629252928 run_miniworld.py:246] Evaluation iteration 19.
I1002 16:41:37.811476 47642629252928 run_miniworld.py:263] iteration:  19
 frame: 475000
 eval_episode_return:  0.00
 train_episode_return:  0.00
 train_exploration_epsilon: 0.190
 train_frame_rate:  168
I1002 16:41:49.178900 47642629252928 run_miniworld.py:239] Data collection iteration 20.
I1002 16:44:17.829423 47642629252928 run_miniworld.py:246] Evaluation iteration 20.
I1002 16:44:26.654050 47642629252928 run_miniworld.py:263] iteration:  20
 frame: 500000
 eval_episode_return:  0.00
 train_episode_return:  0.00
 train_exploration_epsilon: 0.145
 train_frame_rate:  168
I1002 16:44:37.340761 47642629252928 run_miniworld.py:239] Data collection iteration 21.
I1002 16:47:07.290698 47642629252928 run_miniworld.py:246] Evaluation iteration 21.
I1002 16:47:16.178706 47642629252928 run_miniworld.py:263] iteration:  21
 frame: 525000
 eval_episode_return:  0.00
 train_episode_return:  0.00
 train_exploration_epsilon: 0.100
 train_frame_rate:  167
I1002 16:47:27.260324 47642629252928 run_miniworld.py:239] Data collection iteration 22.
I1002 16:49:56.889324 47642629252928 run_miniworld.py:246] Evaluation iteration 22.
I1002 16:50:06.014677 47642629252928 run_miniworld.py:263] iteration:  22
 frame: 550000
 eval_episode_return:  0.00
 train_episode_return:  0.00
 train_exploration_epsilon: 0.100
 train_frame_rate:  167
I1002 16:50:17.652572 47642629252928 run_miniworld.py:239] Data collection iteration 23.
I1002 16:52:47.781126 47642629252928 run_miniworld.py:246] Evaluation iteration 23.
I1002 16:52:56.700577 47642629252928 run_miniworld.py:263] iteration:  23
 frame: 575000
 eval_episode_return:  0.00
 train_episode_return:  0.00
 train_exploration_epsilon: 0.100
 train_frame_rate:  167
I1002 16:53:07.661098 47642629252928 run_miniworld.py:239] Data collection iteration 24.
I1002 16:55:38.159807 47642629252928 run_miniworld.py:246] Evaluation iteration 24.
I1002 16:55:46.979529 47642629252928 run_miniworld.py:263] iteration:  24
 frame: 600000
 eval_episode_return:  0.00
 train_episode_return:  0.00
 train_exploration_epsilon: 0.100
 train_frame_rate:  166
I1002 16:55:58.377147 47642629252928 run_miniworld.py:239] Data collection iteration 25.
I1002 16:58:29.459634 47642629252928 run_miniworld.py:246] Evaluation iteration 25.
I1002 16:58:38.282853 47642629252928 run_miniworld.py:263] iteration:  25
 frame: 625000
 eval_episode_return:  0.00
 train_episode_return:  0.00
 train_exploration_epsilon: 0.100
 train_frame_rate:  165
I1002 16:58:49.556794 47642629252928 run_miniworld.py:239] Data collection iteration 26.
I1002 17:01:20.812134 47642629252928 run_miniworld.py:246] Evaluation iteration 26.
I1002 17:01:29.881689 47642629252928 run_miniworld.py:263] iteration:  26
 frame: 650000
 eval_episode_return:  0.00
 train_episode_return:  0.00
 train_exploration_epsilon: 0.100
 train_frame_rate:  165
I1002 17:01:40.907334 47642629252928 run_miniworld.py:239] Data collection iteration 27.
I1002 17:04:13.024216 47642629252928 run_miniworld.py:246] Evaluation iteration 27.
I1002 17:04:21.932995 47642629252928 run_miniworld.py:263] iteration:  27
 frame: 675000
 eval_episode_return:  0.00
 train_episode_return:  0.04
 train_exploration_epsilon: 0.100
 train_frame_rate:  164
I1002 17:04:32.703194 47642629252928 run_miniworld.py:239] Data collection iteration 28.
I1002 17:07:05.055268 47642629252928 run_miniworld.py:246] Evaluation iteration 28.
I1002 17:07:13.985932 47642629252928 run_miniworld.py:263] iteration:  28
 frame: 700000
 eval_episode_return:  0.00
 train_episode_return:  0.00
 train_exploration_epsilon: 0.100
 train_frame_rate:  164
I1002 17:07:25.565151 47642629252928 run_miniworld.py:239] Data collection iteration 29.
I1002 17:09:57.784671 47642629252928 run_miniworld.py:246] Evaluation iteration 29.
I1002 17:10:06.858374 47642629252928 run_miniworld.py:263] iteration:  29
 frame: 725000
 eval_episode_return:  0.00
 train_episode_return:  0.00
 train_exploration_epsilon: 0.100
 train_frame_rate:  164
I1002 17:10:17.814277 47642629252928 run_miniworld.py:239] Data collection iteration 30.
I1002 17:12:51.635749 47642629252928 run_miniworld.py:246] Evaluation iteration 30.
I1002 17:13:00.445340 47642629252928 run_miniworld.py:263] iteration:  30
 frame: 750000
 eval_episode_return:  0.00
 train_episode_return:  0.00
 train_exploration_epsilon: 0.100
 train_frame_rate:  163
I1002 17:13:10.574886 47642629252928 run_miniworld.py:239] Data collection iteration 31.
I1002 17:15:43.502328 47642629252928 run_miniworld.py:246] Evaluation iteration 31.
I1002 17:15:52.441478 47642629252928 run_miniworld.py:263] iteration:  31
 frame: 775000
 eval_episode_return:  0.00
 train_episode_return:  0.00
 train_exploration_epsilon: 0.100
 train_frame_rate:  163
I1002 17:16:03.652472 47642629252928 run_miniworld.py:239] Data collection iteration 32.
I1002 17:18:37.246499 47642629252928 run_miniworld.py:246] Evaluation iteration 32.
I1002 17:18:46.015684 47642629252928 run_miniworld.py:263] iteration:  32
 frame: 800000
 eval_episode_return:  0.00
 train_episode_return:  0.00
 train_exploration_epsilon: 0.100
 train_frame_rate:  163
I1002 17:18:56.351100 47642629252928 run_miniworld.py:239] Data collection iteration 33.
I1002 17:21:30.103888 47642629252928 run_miniworld.py:246] Evaluation iteration 33.
I1002 17:21:39.101298 47642629252928 run_miniworld.py:263] iteration:  33
 frame: 825000
 eval_episode_return:  0.00
 train_episode_return:  0.00
 train_exploration_epsilon: 0.100
 train_frame_rate:  163
I1002 17:21:49.862198 47642629252928 run_miniworld.py:239] Data collection iteration 34.
I1002 17:24:24.701735 47642629252928 run_miniworld.py:246] Evaluation iteration 34.
I1002 17:24:33.432448 47642629252928 run_miniworld.py:263] iteration:  34
 frame: 850000
 eval_episode_return:  0.00
 train_episode_return:  0.00
 train_exploration_epsilon: 0.100
 train_frame_rate:  161
I1002 17:24:43.935997 47642629252928 run_miniworld.py:239] Data collection iteration 35.
I1002 17:27:17.684738 47642629252928 run_miniworld.py:246] Evaluation iteration 35.
I1002 17:27:26.264034 47642629252928 run_miniworld.py:263] iteration:  35
 frame: 875000
 eval_episode_return:  0.00
 train_episode_return:  0.00
 train_exploration_epsilon: 0.100
 train_frame_rate:  163
I1002 17:27:36.970215 47642629252928 run_miniworld.py:239] Data collection iteration 36.
I1002 17:30:10.792923 47642629252928 run_miniworld.py:246] Evaluation iteration 36.
I1002 17:30:19.901879 47642629252928 run_miniworld.py:263] iteration:  36
 frame: 900000
 eval_episode_return:  0.00
 train_episode_return:  0.00
 train_exploration_epsilon: 0.100
 train_frame_rate:  163
I1002 17:30:31.324950 47642629252928 run_miniworld.py:239] Data collection iteration 37.
I1002 17:33:05.642333 47642629252928 run_miniworld.py:246] Evaluation iteration 37.
I1002 17:33:14.395707 47642629252928 run_miniworld.py:263] iteration:  37
 frame: 925000
 eval_episode_return:  0.00
 train_episode_return:  0.00
 train_exploration_epsilon: 0.100
 train_frame_rate:  162
I1002 17:33:25.124319 47642629252928 run_miniworld.py:239] Data collection iteration 38.
I1002 17:36:00.214766 47642629252928 run_miniworld.py:246] Evaluation iteration 38.
I1002 17:36:09.486884 47642629252928 run_miniworld.py:263] iteration:  38
 frame: 950000
 eval_episode_return:  0.00
 train_episode_return:  0.00
 train_exploration_epsilon: 0.100
 train_frame_rate:  161
I1002 17:36:20.943987 47642629252928 run_miniworld.py:239] Data collection iteration 39.
I1002 17:38:55.732930 47642629252928 run_miniworld.py:246] Evaluation iteration 39.
I1002 17:39:04.403786 47642629252928 run_miniworld.py:263] iteration:  39
 frame: 975000
 eval_episode_return:  0.00
 train_episode_return:  0.00
 train_exploration_epsilon: 0.100
 train_frame_rate:  162
I1002 17:39:15.004144 47642629252928 run_miniworld.py:239] Data collection iteration 40.
I1002 17:41:50.601807 47642629252928 run_miniworld.py:246] Evaluation iteration 40.
I1002 17:41:59.533740 47642629252928 run_miniworld.py:263] iteration:  40
 frame: 1000000
 eval_episode_return:  0.00
 train_episode_return:  0.00
 train_exploration_epsilon: 0.100
 train_frame_rate:  161
I1002 17:42:11.162678 47642629252928 run_miniworld.py:239] Data collection iteration 41.
I1002 17:44:46.598524 47642629252928 run_miniworld.py:246] Evaluation iteration 41.
I1002 17:44:55.385706 47642629252928 run_miniworld.py:263] iteration:  41
 frame: 1025000
 eval_episode_return:  0.00
 train_episode_return:  0.04
 train_exploration_epsilon: 0.100
 train_frame_rate:  161
I1002 17:45:05.988345 47642629252928 run_miniworld.py:239] Data collection iteration 42.
I1002 17:47:42.961909 47642629252928 run_miniworld.py:246] Evaluation iteration 42.
I1002 17:47:52.035468 47642629252928 run_miniworld.py:263] iteration:  42
 frame: 1050000
 eval_episode_return:  0.00
 train_episode_return:  0.00
 train_exploration_epsilon: 0.100
 train_frame_rate:  159
I1002 17:48:02.539811 47642629252928 run_miniworld.py:239] Data collection iteration 43.
I1002 17:50:38.021023 47642629252928 run_miniworld.py:246] Evaluation iteration 43.
I1002 17:50:47.155618 47642629252928 run_miniworld.py:263] iteration:  43
 frame: 1075000
 eval_episode_return:  0.00
 train_episode_return:  0.00
 train_exploration_epsilon: 0.100
 train_frame_rate:  161
I1002 17:50:57.509310 47642629252928 run_miniworld.py:239] Data collection iteration 44.
I1002 17:53:33.096993 47642629252928 run_miniworld.py:246] Evaluation iteration 44.
I1002 17:53:42.002924 47642629252928 run_miniworld.py:263] iteration:  44
 frame: 1100000
 eval_episode_return:  0.00
 train_episode_return:  0.00
 train_exploration_epsilon: 0.100
 train_frame_rate:  161
I1002 17:53:52.511071 47642629252928 run_miniworld.py:239] Data collection iteration 45.
I1002 17:56:27.527895 47642629252928 run_miniworld.py:246] Evaluation iteration 45.
I1002 17:56:37.574384 47642629252928 run_miniworld.py:263] iteration:  45
 frame: 1125000
 eval_episode_return:  0.00
 train_episode_return:  0.00
 train_exploration_epsilon: 0.100
 train_frame_rate:  161
I1002 17:56:48.338797 47642629252928 run_miniworld.py:239] Data collection iteration 46.
I1002 17:59:22.687060 47642629252928 run_miniworld.py:246] Evaluation iteration 46.
I1002 17:59:31.750149 47642629252928 run_miniworld.py:263] iteration:  46
 frame: 1150000
 eval_episode_return:  0.00
 train_episode_return:  0.00
 train_exploration_epsilon: 0.100
 train_frame_rate:  162
I1002 17:59:42.474776 47642629252928 run_miniworld.py:239] Data collection iteration 47.
I1002 18:02:19.295516 47642629252928 run_miniworld.py:246] Evaluation iteration 47.
I1002 18:02:28.195100 47642629252928 run_miniworld.py:263] iteration:  47
 frame: 1175000
 eval_episode_return:  0.00
 train_episode_return:  0.00
 train_exploration_epsilon: 0.100
 train_frame_rate:  159
I1002 18:02:38.752650 47642629252928 run_miniworld.py:239] Data collection iteration 48.
I1002 18:05:11.020684 47642629252928 run_miniworld.py:246] Evaluation iteration 48.
I1002 18:05:20.305860 47642629252928 run_miniworld.py:263] iteration:  48
 frame: 1200000
 eval_episode_return:  0.00
 train_episode_return:  0.04
 train_exploration_epsilon: 0.100
 train_frame_rate:  164
I1002 18:05:30.709727 47642629252928 run_miniworld.py:239] Data collection iteration 49.
I1002 18:08:02.342950 47642629252928 run_miniworld.py:246] Evaluation iteration 49.
I1002 18:08:11.257066 47642629252928 run_miniworld.py:263] iteration:  49
 frame: 1225000
 eval_episode_return:  0.00
 train_episode_return:  0.00
 train_exploration_epsilon: 0.100
 train_frame_rate:  165
I1002 18:08:21.714198 47642629252928 run_miniworld.py:239] Data collection iteration 50.
I1002 18:10:53.224977 47642629252928 run_miniworld.py:246] Evaluation iteration 50.
I1002 18:11:02.388315 47642629252928 run_miniworld.py:263] iteration:  50
 frame: 1250000
 eval_episode_return:  0.00
 train_episode_return:  0.00
 train_exploration_epsilon: 0.100
 train_frame_rate:  165
I1002 18:11:13.387680 47642629252928 run_miniworld.py:239] Data collection iteration 51.
I1002 18:13:44.511462 47642629252928 run_miniworld.py:246] Evaluation iteration 51.
I1002 18:13:54.825761 47642629252928 run_miniworld.py:263] iteration:  51
 frame: 1275000
 eval_episode_return:  0.00
 train_episode_return:  0.00
 train_exploration_epsilon: 0.100
 train_frame_rate:  165
I1002 18:14:04.990772 47642629252928 run_miniworld.py:239] Data collection iteration 52.
I1002 18:16:36.445434 47642629252928 run_miniworld.py:246] Evaluation iteration 52.
I1002 18:16:45.117460 47642629252928 run_miniworld.py:263] iteration:  52
 frame: 1300000
 eval_episode_return:  0.00
 train_episode_return:  0.00
 train_exploration_epsilon: 0.100
 train_frame_rate:  165
I1002 18:18:37.883619 47642629252928 run_miniworld.py:239] Data collection iteration 53.
I1002 18:21:51.666778 47642629252928 run_miniworld.py:246] Evaluation iteration 53.
I1002 18:22:00.708214 47642629252928 run_miniworld.py:263] iteration:  53
 frame: 1325000
 eval_episode_return:  0.00
 train_episode_return:  0.00
 train_exploration_epsilon: 0.100
 train_frame_rate:  129
I1002 18:22:11.049866 47642629252928 run_miniworld.py:239] Data collection iteration 54.
I1002 18:24:43.715499 47642629252928 run_miniworld.py:246] Evaluation iteration 54.
I1002 18:24:52.401549 47642629252928 run_miniworld.py:263] iteration:  54
 frame: 1350000
 eval_episode_return:  0.00
 train_episode_return:  0.00
 train_exploration_epsilon: 0.100
 train_frame_rate:  164
I1002 18:25:02.567888 47642629252928 run_miniworld.py:239] Data collection iteration 55.
I1002 18:27:33.338779 47642629252928 run_miniworld.py:246] Evaluation iteration 55.
I1002 18:27:42.305221 47642629252928 run_miniworld.py:263] iteration:  55
 frame: 1375000
 eval_episode_return:  0.00
 train_episode_return:  0.00
 train_exploration_epsilon: 0.100
 train_frame_rate:  166
I1002 18:27:52.506463 47642629252928 run_miniworld.py:239] Data collection iteration 56.
I1002 18:30:23.560229 47642629252928 run_miniworld.py:246] Evaluation iteration 56.
I1002 18:30:32.399003 47642629252928 run_miniworld.py:263] iteration:  56
 frame: 1400000
 eval_episode_return:  0.00
 train_episode_return:  0.00
 train_exploration_epsilon: 0.100
 train_frame_rate:  166
I1002 18:30:42.694729 47642629252928 run_miniworld.py:239] Data collection iteration 57.
I1002 18:33:13.968592 47642629252928 run_miniworld.py:246] Evaluation iteration 57.
I1002 18:33:24.238951 47642629252928 run_miniworld.py:263] iteration:  57
 frame: 1425000
 eval_episode_return:  0.00
 train_episode_return:  0.00
 train_exploration_epsilon: 0.100
 train_frame_rate:  165
I1002 18:33:34.367849 47642629252928 run_miniworld.py:239] Data collection iteration 58.
I1002 18:36:05.903317 47642629252928 run_miniworld.py:246] Evaluation iteration 58.
I1002 18:36:14.910320 47642629252928 run_miniworld.py:263] iteration:  58
 frame: 1450000
 eval_episode_return:  0.00
 train_episode_return:  0.00
 train_exploration_epsilon: 0.100
 train_frame_rate:  165
I1002 18:36:25.250705 47642629252928 run_miniworld.py:239] Data collection iteration 59.
I1002 18:38:56.347174 47642629252928 run_miniworld.py:246] Evaluation iteration 59.
I1002 18:39:05.600543 47642629252928 run_miniworld.py:263] iteration:  59
 frame: 1475000
 eval_episode_return:  0.00
 train_episode_return:  0.00
 train_exploration_epsilon: 0.100
 train_frame_rate:  165
I1002 18:39:15.827274 47642629252928 run_miniworld.py:239] Data collection iteration 60.
I1002 18:41:48.236215 47642629252928 run_miniworld.py:246] Evaluation iteration 60.
I1002 18:41:57.363006 47642629252928 run_miniworld.py:263] iteration:  60
 frame: 1500000
 eval_episode_return:  0.00
 train_episode_return:  0.00
 train_exploration_epsilon: 0.100
 train_frame_rate:  164
I1002 18:42:07.670644 47642629252928 run_miniworld.py:239] Data collection iteration 61.
I1002 18:44:38.906581 47642629252928 run_miniworld.py:246] Evaluation iteration 61.
I1002 18:44:47.778385 47642629252928 run_miniworld.py:263] iteration:  61
 frame: 1525000
 eval_episode_return:  0.00
 train_episode_return:  0.00
 train_exploration_epsilon: 0.100
 train_frame_rate:  165
I1002 18:44:58.470097 47642629252928 run_miniworld.py:239] Data collection iteration 62.
I1002 18:47:29.860807 47642629252928 run_miniworld.py:246] Evaluation iteration 62.
I1002 18:47:38.953331 47642629252928 run_miniworld.py:263] iteration:  62
 frame: 1550000
 eval_episode_return:  0.00
 train_episode_return:  0.00
 train_exploration_epsilon: 0.100
 train_frame_rate:  165
I1002 18:47:49.406939 47642629252928 run_miniworld.py:239] Data collection iteration 63.
I1002 18:50:22.205683 47642629252928 run_miniworld.py:246] Evaluation iteration 63.
I1002 18:50:31.152118 47642629252928 run_miniworld.py:263] iteration:  63
 frame: 1575000
 eval_episode_return:  0.00
 train_episode_return:  0.00
 train_exploration_epsilon: 0.100
 train_frame_rate:  164
I1002 18:50:41.926065 47642629252928 run_miniworld.py:239] Data collection iteration 64.
I1002 18:53:13.771709 47642629252928 run_miniworld.py:246] Evaluation iteration 64.
I1002 18:53:22.482638 47642629252928 run_miniworld.py:263] iteration:  64
 frame: 1600000
 eval_episode_return:  0.00
 train_episode_return:  0.00
 train_exploration_epsilon: 0.100
 train_frame_rate:  165
I1002 18:53:32.767153 47642629252928 run_miniworld.py:239] Data collection iteration 65.
I1002 18:56:04.518645 47642629252928 run_miniworld.py:246] Evaluation iteration 65.
I1002 18:56:13.694249 47642629252928 run_miniworld.py:263] iteration:  65
 frame: 1625000
 eval_episode_return:  0.00
 train_episode_return:  0.00
 train_exploration_epsilon: 0.100
 train_frame_rate:  165
I1002 18:56:24.258847 47642629252928 run_miniworld.py:239] Data collection iteration 66.
I1002 18:58:55.895725 47642629252928 run_miniworld.py:246] Evaluation iteration 66.
I1002 18:59:06.095177 47642629252928 run_miniworld.py:263] iteration:  66
 frame: 1650000
 eval_episode_return:  0.00
 train_episode_return:  0.00
 train_exploration_epsilon: 0.100
 train_frame_rate:  165
I1002 18:59:16.841866 47642629252928 run_miniworld.py:239] Data collection iteration 67.
I1002 19:01:48.930316 47642629252928 run_miniworld.py:246] Evaluation iteration 67.
I1002 19:01:58.210161 47642629252928 run_miniworld.py:263] iteration:  67
 frame: 1675000
 eval_episode_return:  0.00
 train_episode_return:  0.00
 train_exploration_epsilon: 0.100
 train_frame_rate:  164
I1002 19:02:10.652646 47642629252928 run_miniworld.py:239] Data collection iteration 68.
I1002 19:04:42.016417 47642629252928 run_miniworld.py:246] Evaluation iteration 68.
I1002 19:04:51.119912 47642629252928 run_miniworld.py:263] iteration:  68
 frame: 1700000
 eval_episode_return:  0.00
 train_episode_return:  0.00
 train_exploration_epsilon: 0.100
 train_frame_rate:  165
I1002 19:05:03.068131 47642629252928 run_miniworld.py:239] Data collection iteration 69.
I1002 19:07:36.128463 47642629252928 run_miniworld.py:246] Evaluation iteration 69.
I1002 19:07:45.381369 47642629252928 run_miniworld.py:263] iteration:  69
 frame: 1725000
 eval_episode_return:  0.00
 train_episode_return:  0.00
 train_exploration_epsilon: 0.100
 train_frame_rate:  163
I1002 19:07:56.463684 47642629252928 run_miniworld.py:239] Data collection iteration 70.
I1002 19:10:28.227723 47642629252928 run_miniworld.py:246] Evaluation iteration 70.
I1002 19:10:37.264810 47642629252928 run_miniworld.py:263] iteration:  70
 frame: 1750000
 eval_episode_return:  0.00
 train_episode_return:  0.00
 train_exploration_epsilon: 0.100
 train_frame_rate:  165
I1002 19:10:47.847056 47642629252928 run_miniworld.py:239] Data collection iteration 71.
I1002 19:13:19.545650 47642629252928 run_miniworld.py:246] Evaluation iteration 71.
I1002 19:13:28.390515 47642629252928 run_miniworld.py:263] iteration:  71
 frame: 1775000
 eval_episode_return:  0.00
 train_episode_return:  0.00
 train_exploration_epsilon: 0.100
 train_frame_rate:  165
I1002 19:13:39.643127 47642629252928 run_miniworld.py:239] Data collection iteration 72.
I1002 19:16:12.504704 47642629252928 run_miniworld.py:246] Evaluation iteration 72.
I1002 19:16:21.378907 47642629252928 run_miniworld.py:263] iteration:  72
 frame: 1800000
 eval_episode_return:  0.00
 train_episode_return:  0.00
 train_exploration_epsilon: 0.100
 train_frame_rate:  164
I1002 19:16:32.271812 47642629252928 run_miniworld.py:239] Data collection iteration 73.
I1002 19:19:03.786497 47642629252928 run_miniworld.py:246] Evaluation iteration 73.
I1002 19:19:12.623880 47642629252928 run_miniworld.py:263] iteration:  73
 frame: 1825000
 eval_episode_return:  0.00
 train_episode_return:  0.00
 train_exploration_epsilon: 0.100
 train_frame_rate:  165
I1002 19:19:23.166771 47642629252928 run_miniworld.py:239] Data collection iteration 74.
I1002 19:21:54.879225 47642629252928 run_miniworld.py:246] Evaluation iteration 74.
I1002 19:22:03.933103 47642629252928 run_miniworld.py:263] iteration:  74
 frame: 1850000
 eval_episode_return:  0.00
 train_episode_return:  0.00
 train_exploration_epsilon: 0.100
 train_frame_rate:  165
I1002 19:22:15.108065 47642629252928 run_miniworld.py:239] Data collection iteration 75.
I1002 19:24:48.369048 47642629252928 run_miniworld.py:246] Evaluation iteration 75.
I1002 19:24:57.079186 47642629252928 run_miniworld.py:263] iteration:  75
 frame: 1875000
 eval_episode_return:  0.00
 train_episode_return:  0.00
 train_exploration_epsilon: 0.100
 train_frame_rate:  163
I1002 19:25:38.177448 47642629252928 run_miniworld.py:239] Data collection iteration 76.
I1002 19:28:10.480421 47642629252928 run_miniworld.py:246] Evaluation iteration 76.
I1002 19:28:19.619703 47642629252928 run_miniworld.py:263] iteration:  76
 frame: 1900000
 eval_episode_return:  0.00
 train_episode_return:  0.00
 train_exploration_epsilon: 0.100
 train_frame_rate:  164
I1002 19:28:31.796188 47642629252928 run_miniworld.py:239] Data collection iteration 77.
I1002 19:31:03.765463 47642629252928 run_miniworld.py:246] Evaluation iteration 77.
I1002 19:31:12.978205 47642629252928 run_miniworld.py:263] iteration:  77
 frame: 1925000
 eval_episode_return:  0.00
 train_episode_return:  0.00
 train_exploration_epsilon: 0.100
 train_frame_rate:  165
I1002 19:31:25.221843 47642629252928 run_miniworld.py:239] Data collection iteration 78.
I1002 19:33:57.637396 47642629252928 run_miniworld.py:246] Evaluation iteration 78.
I1002 19:34:06.712805 47642629252928 run_miniworld.py:263] iteration:  78
 frame: 1950000
 eval_episode_return:  0.00
 train_episode_return:  0.00
 train_exploration_epsilon: 0.100
 train_frame_rate:  164
I1002 19:34:17.041272 47642629252928 run_miniworld.py:239] Data collection iteration 79.
I1002 19:36:48.555366 47642629252928 run_miniworld.py:246] Evaluation iteration 79.
I1002 19:36:57.208935 47642629252928 run_miniworld.py:263] iteration:  79
 frame: 1975000
 eval_episode_return:  0.00
 train_episode_return:  0.00
 train_exploration_epsilon: 0.100
 train_frame_rate:  165
I1002 19:37:08.490862 47642629252928 run_miniworld.py:239] Data collection iteration 80.
I1002 19:39:39.764279 47642629252928 run_miniworld.py:246] Evaluation iteration 80.
I1002 19:39:49.022385 47642629252928 run_miniworld.py:263] iteration:  80
 frame: 2000000
 eval_episode_return:  0.00
 train_episode_return:  0.00
 train_exploration_epsilon: 0.100
 train_frame_rate:  165
I1002 19:39:59.691008 47642629252928 run_miniworld.py:239] Data collection iteration 81.
I1002 19:42:31.952235 47642629252928 run_miniworld.py:246] Evaluation iteration 81.
I1002 19:42:41.221023 47642629252928 run_miniworld.py:263] iteration:  81
 frame: 2025000
 eval_episode_return:  0.00
 train_episode_return:  0.00
 train_exploration_epsilon: 0.100
 train_frame_rate:  164
I1002 19:42:51.668577 47642629252928 run_miniworld.py:239] Data collection iteration 82.
I1002 19:45:23.698985 47642629252928 run_miniworld.py:246] Evaluation iteration 82.
I1002 19:45:32.404129 47642629252928 run_miniworld.py:263] iteration:  82
 frame: 2050000
 eval_episode_return:  0.00
 train_episode_return:  0.00
 train_exploration_epsilon: 0.100
 train_frame_rate:  164
I1002 19:45:44.117532 47642629252928 run_miniworld.py:239] Data collection iteration 83.
I1002 19:48:15.183869 47642629252928 run_miniworld.py:246] Evaluation iteration 83.
I1002 19:48:24.435406 47642629252928 run_miniworld.py:263] iteration:  83
 frame: 2075000
 eval_episode_return:  0.00
 train_episode_return:  0.00
 train_exploration_epsilon: 0.100
 train_frame_rate:  165
I1002 19:48:34.960552 47642629252928 run_miniworld.py:239] Data collection iteration 84.
I1002 19:51:07.038698 47642629252928 run_miniworld.py:246] Evaluation iteration 84.
I1002 19:51:16.231052 47642629252928 run_miniworld.py:263] iteration:  84
 frame: 2100000
 eval_episode_return:  0.00
 train_episode_return:  0.00
 train_exploration_epsilon: 0.100
 train_frame_rate:  164
I1002 19:51:26.483931 47642629252928 run_miniworld.py:239] Data collection iteration 85.
I1002 19:53:58.152451 47642629252928 run_miniworld.py:246] Evaluation iteration 85.
I1002 19:54:07.326488 47642629252928 run_miniworld.py:263] iteration:  85
 frame: 2125000
 eval_episode_return:  0.00
 train_episode_return:  0.00
 train_exploration_epsilon: 0.100
 train_frame_rate:  165
I1002 19:59:06.190022 47642629252928 run_miniworld.py:239] Data collection iteration 86.
I1002 20:01:37.115803 47642629252928 run_miniworld.py:246] Evaluation iteration 86.
I1002 20:01:46.115221 47642629252928 run_miniworld.py:263] iteration:  86
 frame: 2150000
 eval_episode_return:  0.00
 train_episode_return:  0.00
 train_exploration_epsilon: 0.100
 train_frame_rate:  166
I1002 20:01:56.810860 47642629252928 run_miniworld.py:239] Data collection iteration 87.
I1002 20:04:29.258491 47642629252928 run_miniworld.py:246] Evaluation iteration 87.
I1002 20:04:38.307265 47642629252928 run_miniworld.py:263] iteration:  87
 frame: 2175000
 eval_episode_return:  0.00
 train_episode_return:  0.00
 train_exploration_epsilon: 0.100
 train_frame_rate:  164
I1002 20:04:49.362976 47642629252928 run_miniworld.py:239] Data collection iteration 88.
I1002 20:07:20.927162 47642629252928 run_miniworld.py:246] Evaluation iteration 88.
I1002 20:07:29.838038 47642629252928 run_miniworld.py:263] iteration:  88
 frame: 2200000
 eval_episode_return:  0.00
 train_episode_return:  0.00
 train_exploration_epsilon: 0.100
 train_frame_rate:  165
I1002 20:07:40.456217 47642629252928 run_miniworld.py:239] Data collection iteration 89.
I1002 20:10:12.172902 47642629252928 run_miniworld.py:246] Evaluation iteration 89.
I1002 20:10:21.389325 47642629252928 run_miniworld.py:263] iteration:  89
 frame: 2225000
 eval_episode_return:  0.00
 train_episode_return:  0.00
 train_exploration_epsilon: 0.100
 train_frame_rate:  165
I1002 20:10:32.378668 47642629252928 run_miniworld.py:239] Data collection iteration 90.
I1002 20:13:04.691925 47642629252928 run_miniworld.py:246] Evaluation iteration 90.
I1002 20:13:13.922813 47642629252928 run_miniworld.py:263] iteration:  90
 frame: 2250000
 eval_episode_return:  0.00
 train_episode_return:  0.00
 train_exploration_epsilon: 0.100
 train_frame_rate:  164
I1002 20:13:24.375300 47642629252928 run_miniworld.py:239] Data collection iteration 91.
I1002 20:15:55.665060 47642629252928 run_miniworld.py:246] Evaluation iteration 91.
I1002 20:16:04.901271 47642629252928 run_miniworld.py:263] iteration:  91
 frame: 2275000
 eval_episode_return:  0.00
 train_episode_return:  0.00
 train_exploration_epsilon: 0.100
 train_frame_rate:  165
I1002 20:16:15.204312 47642629252928 run_miniworld.py:239] Data collection iteration 92.
I1002 20:18:46.200780 47642629252928 run_miniworld.py:246] Evaluation iteration 92.
I1002 20:18:55.463224 47642629252928 run_miniworld.py:263] iteration:  92
 frame: 2300000
 eval_episode_return:  0.00
 train_episode_return:  0.00
 train_exploration_epsilon: 0.100
 train_frame_rate:  166
I1002 20:19:06.137294 47642629252928 run_miniworld.py:239] Data collection iteration 93.
I1002 20:21:38.380987 47642629252928 run_miniworld.py:246] Evaluation iteration 93.
I1002 20:21:47.542055 47642629252928 run_miniworld.py:263] iteration:  93
 frame: 2325000
 eval_episode_return:  0.00
 train_episode_return:  0.04
 train_exploration_epsilon: 0.100
 train_frame_rate:  164
I1002 20:21:58.441900 47642629252928 run_miniworld.py:239] Data collection iteration 94.
I1002 20:24:30.212768 47642629252928 run_miniworld.py:246] Evaluation iteration 94.
I1002 20:24:39.469846 47642629252928 run_miniworld.py:263] iteration:  94
 frame: 2350000
 eval_episode_return:  0.00
 train_episode_return:  0.00
 train_exploration_epsilon: 0.100
 train_frame_rate:  165
I1002 20:24:53.676590 47642629252928 run_miniworld.py:239] Data collection iteration 95.
I1002 20:27:25.018089 47642629252928 run_miniworld.py:246] Evaluation iteration 95.
I1002 20:27:34.195057 47642629252928 run_miniworld.py:263] iteration:  95
 frame: 2375000
 eval_episode_return:  0.00
 train_episode_return:  0.04
 train_exploration_epsilon: 0.100
 train_frame_rate:  165
I1002 20:27:45.821597 47642629252928 run_miniworld.py:239] Data collection iteration 96.
I1002 20:30:16.887689 47642629252928 run_miniworld.py:246] Evaluation iteration 96.
I1002 20:30:25.975882 47642629252928 run_miniworld.py:263] iteration:  96
 frame: 2400000
 eval_episode_return:  0.00
 train_episode_return:  0.00
 train_exploration_epsilon: 0.100
 train_frame_rate:  165
I1002 20:31:16.397494 47642629252928 run_miniworld.py:239] Data collection iteration 97.
I1002 20:33:48.785204 47642629252928 run_miniworld.py:246] Evaluation iteration 97.
I1002 20:33:57.846102 47642629252928 run_miniworld.py:263] iteration:  97
 frame: 2425000
 eval_episode_return:  0.00
 train_episode_return:  0.00
 train_exploration_epsilon: 0.100
 train_frame_rate:  164
I1002 20:34:08.234231 47642629252928 run_miniworld.py:239] Data collection iteration 98.
I1002 20:36:40.776995 47642629252928 run_miniworld.py:246] Evaluation iteration 98.
I1002 20:36:50.035341 47642629252928 run_miniworld.py:263] iteration:  98
 frame: 2450000
 eval_episode_return:  0.00
 train_episode_return:  0.00
 train_exploration_epsilon: 0.100
 train_frame_rate:  164
I1002 20:37:00.870752 47642629252928 run_miniworld.py:239] Data collection iteration 99.
I1002 20:39:33.747594 47642629252928 run_miniworld.py:246] Evaluation iteration 99.
I1002 20:39:42.884650 47642629252928 run_miniworld.py:263] iteration:  99
 frame: 2475000
 eval_episode_return:  0.00
 train_episode_return:  0.00
 train_exploration_epsilon: 0.100
 train_frame_rate:  164
I1002 20:39:53.258962 47642629252928 run_miniworld.py:239] Data collection iteration 100.
I1002 20:42:25.431465 47642629252928 run_miniworld.py:246] Evaluation iteration 100.
I1002 20:42:34.857010 47642629252928 run_miniworld.py:263] iteration: 100
 frame: 2500000
 eval_episode_return:  0.00
 train_episode_return:  0.00
 train_exploration_epsilon: 0.100
 train_frame_rate:  164
I1002 20:42:45.308398 47642629252928 run_miniworld.py:239] Data collection iteration 101.
I1002 20:45:16.651285 47642629252928 run_miniworld.py:246] Evaluation iteration 101.
I1002 20:45:25.771465 47642629252928 run_miniworld.py:263] iteration: 101
 frame: 2525000
 eval_episode_return:  0.00
 train_episode_return:  0.00
 train_exploration_epsilon: 0.100
 train_frame_rate:  165
I1002 20:45:36.148678 47642629252928 run_miniworld.py:239] Data collection iteration 102.
I1002 20:48:08.417496 47642629252928 run_miniworld.py:246] Evaluation iteration 102.
I1002 20:48:17.599279 47642629252928 run_miniworld.py:263] iteration: 102
 frame: 2550000
 eval_episode_return:  0.00
 train_episode_return:  0.00
 train_exploration_epsilon: 0.100
 train_frame_rate:  164
I1002 20:48:27.881830 47642629252928 run_miniworld.py:239] Data collection iteration 103.
I1002 20:50:59.480742 47642629252928 run_miniworld.py:246] Evaluation iteration 103.
I1002 20:51:08.616011 47642629252928 run_miniworld.py:263] iteration: 103
 frame: 2575000
 eval_episode_return:  0.00
 train_episode_return:  0.04
 train_exploration_epsilon: 0.100
 train_frame_rate:  165
I1002 20:51:18.946619 47642629252928 run_miniworld.py:239] Data collection iteration 104.
I1002 20:53:50.796003 47642629252928 run_miniworld.py:246] Evaluation iteration 104.
I1002 20:53:59.825999 47642629252928 run_miniworld.py:263] iteration: 104
 frame: 2600000
 eval_episode_return:  0.00
 train_episode_return:  0.00
 train_exploration_epsilon: 0.100
 train_frame_rate:  165
I1002 20:54:10.870448 47642629252928 run_miniworld.py:239] Data collection iteration 105.
I1002 20:56:43.892931 47642629252928 run_miniworld.py:246] Evaluation iteration 105.
I1002 20:56:53.037245 47642629252928 run_miniworld.py:263] iteration: 105
 frame: 2625000
 eval_episode_return:  0.00
 train_episode_return:  0.00
 train_exploration_epsilon: 0.100
 train_frame_rate:  163
I1002 20:57:03.656012 47642629252928 run_miniworld.py:239] Data collection iteration 106.
I1002 20:59:34.928285 47642629252928 run_miniworld.py:246] Evaluation iteration 106.
I1002 20:59:44.114976 47642629252928 run_miniworld.py:263] iteration: 106
 frame: 2650000
 eval_episode_return:  0.00
 train_episode_return:  0.00
 train_exploration_epsilon: 0.100
 train_frame_rate:  165
I1002 20:59:55.105821 47642629252928 run_miniworld.py:239] Data collection iteration 107.
I1002 21:02:26.122766 47642629252928 run_miniworld.py:246] Evaluation iteration 107.
I1002 21:02:35.154407 47642629252928 run_miniworld.py:263] iteration: 107
 frame: 2675000
 eval_episode_return:  0.00
 train_episode_return:  0.00
 train_exploration_epsilon: 0.100
 train_frame_rate:  166
I1002 21:02:45.756040 47642629252928 run_miniworld.py:239] Data collection iteration 108.
I1002 21:05:17.295716 47642629252928 run_miniworld.py:246] Evaluation iteration 108.
I1002 21:05:26.157747 47642629252928 run_miniworld.py:263] iteration: 108
 frame: 2700000
 eval_episode_return:  0.00
 train_episode_return:  0.00
 train_exploration_epsilon: 0.100
 train_frame_rate:  165
I1002 21:05:36.721299 47642629252928 run_miniworld.py:239] Data collection iteration 109.
I1002 21:08:08.093803 47642629252928 run_miniworld.py:246] Evaluation iteration 109.
I1002 21:08:17.051773 47642629252928 run_miniworld.py:263] iteration: 109
 frame: 2725000
 eval_episode_return:  0.00
 train_episode_return:  0.00
 train_exploration_epsilon: 0.100
 train_frame_rate:  165
I1002 21:08:28.010893 47642629252928 run_miniworld.py:239] Data collection iteration 110.
I1002 21:10:59.853720 47642629252928 run_miniworld.py:246] Evaluation iteration 110.
I1002 21:11:08.778204 47642629252928 run_miniworld.py:263] iteration: 110
 frame: 2750000
 eval_episode_return:  0.00
 train_episode_return:  0.00
 train_exploration_epsilon: 0.100
 train_frame_rate:  165
I1002 21:11:19.537243 47642629252928 run_miniworld.py:239] Data collection iteration 111.
I1002 21:13:53.068208 47642629252928 run_miniworld.py:246] Evaluation iteration 111.
I1002 21:14:02.201483 47642629252928 run_miniworld.py:263] iteration: 111
 frame: 2775000
 eval_episode_return:  0.00
 train_episode_return:  0.00
 train_exploration_epsilon: 0.100
 train_frame_rate:  163
I1002 21:14:13.149862 47642629252928 run_miniworld.py:239] Data collection iteration 112.
I1002 21:16:45.384372 47642629252928 run_miniworld.py:246] Evaluation iteration 112.
I1002 21:16:53.900817 47642629252928 run_miniworld.py:263] iteration: 112
 frame: 2800000
 eval_episode_return:  0.00
 train_episode_return:  0.00
 train_exploration_epsilon: 0.100
 train_frame_rate:  164
I1002 21:17:05.231467 47642629252928 run_miniworld.py:239] Data collection iteration 113.
I1002 21:19:38.572008 47642629252928 run_miniworld.py:246] Evaluation iteration 113.
I1002 21:19:47.707319 47642629252928 run_miniworld.py:263] iteration: 113
 frame: 2825000
 eval_episode_return:  0.00
 train_episode_return:  0.00
 train_exploration_epsilon: 0.100
 train_frame_rate:  163
I1002 21:19:58.571474 47642629252928 run_miniworld.py:239] Data collection iteration 114.
I1002 21:22:31.477333 47642629252928 run_miniworld.py:246] Evaluation iteration 114.
I1002 21:22:40.394666 47642629252928 run_miniworld.py:263] iteration: 114
 frame: 2850000
 eval_episode_return:  0.00
 train_episode_return:  0.00
 train_exploration_epsilon: 0.100
 train_frame_rate:  163
I1002 21:22:50.959143 47642629252928 run_miniworld.py:239] Data collection iteration 115.
I1002 21:25:24.222169 47642629252928 run_miniworld.py:246] Evaluation iteration 115.
I1002 21:25:33.230391 47642629252928 run_miniworld.py:263] iteration: 115
 frame: 2875000
 eval_episode_return:  0.00
 train_episode_return:  0.00
 train_exploration_epsilon: 0.100
 train_frame_rate:  163
I1002 21:25:43.538287 47642629252928 run_miniworld.py:239] Data collection iteration 116.
I1002 21:28:15.954353 47642629252928 run_miniworld.py:246] Evaluation iteration 116.
I1002 21:28:24.473431 47642629252928 run_miniworld.py:263] iteration: 116
 frame: 2900000
 eval_episode_return:  0.00
 train_episode_return:  0.00
 train_exploration_epsilon: 0.100
 train_frame_rate:  164
I1002 21:28:35.262569 47642629252928 run_miniworld.py:239] Data collection iteration 117.
I1002 21:31:09.541224 47642629252928 run_miniworld.py:246] Evaluation iteration 117.
I1002 21:31:18.757457 47642629252928 run_miniworld.py:263] iteration: 117
 frame: 2925000
 eval_episode_return:  0.00
 train_episode_return:  0.00
 train_exploration_epsilon: 0.100
 train_frame_rate:  162
I1002 21:31:29.291625 47642629252928 run_miniworld.py:239] Data collection iteration 118.
I1002 21:34:03.197977 47642629252928 run_miniworld.py:246] Evaluation iteration 118.
I1002 21:36:09.741812 47642629252928 run_miniworld.py:263] iteration: 118
 frame: 2950000
 eval_episode_return:  0.00
 train_episode_return:  0.00
 train_exploration_epsilon: 0.100
 train_frame_rate:  162
I1002 21:36:31.159087 47642629252928 run_miniworld.py:239] Data collection iteration 119.
I1002 21:39:04.155333 47642629252928 run_miniworld.py:246] Evaluation iteration 119.
I1002 21:39:13.410682 47642629252928 run_miniworld.py:263] iteration: 119
 frame: 2975000
 eval_episode_return:  0.00
 train_episode_return:  0.00
 train_exploration_epsilon: 0.100
 train_frame_rate:  163
I1002 21:39:23.976075 47642629252928 run_miniworld.py:239] Data collection iteration 120.
I1002 21:41:57.552372 47642629252928 run_miniworld.py:246] Evaluation iteration 120.
I1002 21:42:06.347133 47642629252928 run_miniworld.py:263] iteration: 120
 frame: 3000000
 eval_episode_return:  0.00
 train_episode_return:  0.00
 train_exploration_epsilon: 0.100
 train_frame_rate:  163
I1002 21:42:16.965477 47642629252928 run_miniworld.py:239] Data collection iteration 121.
I1002 21:44:48.878319 47642629252928 run_miniworld.py:246] Evaluation iteration 121.
I1002 21:44:57.466815 47642629252928 run_miniworld.py:263] iteration: 121
 frame: 3025000
 eval_episode_return:  0.00
 train_episode_return:  0.00
 train_exploration_epsilon: 0.100
 train_frame_rate:  165
I1002 21:45:08.092279 47642629252928 run_miniworld.py:239] Data collection iteration 122.
I1002 21:47:39.132706 47642629252928 run_miniworld.py:246] Evaluation iteration 122.
I1002 21:47:48.309495 47642629252928 run_miniworld.py:263] iteration: 122
 frame: 3050000
 eval_episode_return:  0.00
 train_episode_return:  0.00
 train_exploration_epsilon: 0.100
 train_frame_rate:  166
I1002 21:47:58.888656 47642629252928 run_miniworld.py:239] Data collection iteration 123.
I1002 21:50:32.233562 47642629252928 run_miniworld.py:246] Evaluation iteration 123.
I1002 21:50:41.362650 47642629252928 run_miniworld.py:263] iteration: 123
 frame: 3075000
 eval_episode_return:  0.00
 train_episode_return:  0.00
 train_exploration_epsilon: 0.100
 train_frame_rate:  163
I1002 21:50:51.846860 47642629252928 run_miniworld.py:239] Data collection iteration 124.
I1002 21:53:24.168167 47642629252928 run_miniworld.py:246] Evaluation iteration 124.
I1002 21:53:33.138384 47642629252928 run_miniworld.py:263] iteration: 124
 frame: 3100000
 eval_episode_return:  0.00
 train_episode_return:  0.00
 train_exploration_epsilon: 0.100
 train_frame_rate:  164
I1002 21:53:45.253268 47642629252928 run_miniworld.py:239] Data collection iteration 125.
I1002 21:56:17.377019 47642629252928 run_miniworld.py:246] Evaluation iteration 125.
I1002 21:56:26.554490 47642629252928 run_miniworld.py:263] iteration: 125
 frame: 3125000
 eval_episode_return:  0.00
 train_episode_return:  0.00
 train_exploration_epsilon: 0.100
 train_frame_rate:  164
I1002 21:56:37.010812 47642629252928 run_miniworld.py:239] Data collection iteration 126.
I1002 21:59:07.981254 47642629252928 run_miniworld.py:246] Evaluation iteration 126.
I1002 21:59:16.557917 47642629252928 run_miniworld.py:263] iteration: 126
 frame: 3150000
 eval_episode_return:  0.00
 train_episode_return:  0.00
 train_exploration_epsilon: 0.100
 train_frame_rate:  166
I1002 21:59:28.706749 47642629252928 run_miniworld.py:239] Data collection iteration 127.
I1002 22:02:01.064352 47642629252928 run_miniworld.py:246] Evaluation iteration 127.
I1002 22:02:10.222904 47642629252928 run_miniworld.py:263] iteration: 127
 frame: 3175000
 eval_episode_return:  0.00
 train_episode_return:  0.00
 train_exploration_epsilon: 0.100
 train_frame_rate:  164
I1002 22:02:21.129174 47642629252928 run_miniworld.py:239] Data collection iteration 128.
I1002 22:04:53.129390 47642629252928 run_miniworld.py:246] Evaluation iteration 128.
I1002 22:05:02.218698 47642629252928 run_miniworld.py:263] iteration: 128
 frame: 3200000
 eval_episode_return:  0.00
 train_episode_return:  0.00
 train_exploration_epsilon: 0.100
 train_frame_rate:  164
I1002 22:05:12.722190 47642629252928 run_miniworld.py:239] Data collection iteration 129.
I1002 22:07:43.622265 47642629252928 run_miniworld.py:246] Evaluation iteration 129.
I1002 22:07:53.006840 47642629252928 run_miniworld.py:263] iteration: 129
 frame: 3225000
 eval_episode_return:  0.00
 train_episode_return:  0.00
 train_exploration_epsilon: 0.100
 train_frame_rate:  166
I1002 22:08:04.897018 47642629252928 run_miniworld.py:239] Data collection iteration 130.
I1002 22:10:37.387059 47642629252928 run_miniworld.py:246] Evaluation iteration 130.
I1002 22:10:46.478525 47642629252928 run_miniworld.py:263] iteration: 130
 frame: 3250000
 eval_episode_return:  0.00
 train_episode_return:  0.00
 train_exploration_epsilon: 0.100
 train_frame_rate:  164
I1002 22:10:57.113742 47642629252928 run_miniworld.py:239] Data collection iteration 131.
I1002 22:13:29.258787 47642629252928 run_miniworld.py:246] Evaluation iteration 131.
I1002 22:13:38.467319 47642629252928 run_miniworld.py:263] iteration: 131
 frame: 3275000
 eval_episode_return:  0.00
 train_episode_return:  0.00
 train_exploration_epsilon: 0.100
 train_frame_rate:  164
I1002 22:13:49.937579 47642629252928 run_miniworld.py:239] Data collection iteration 132.
I1002 22:16:21.057202 47642629252928 run_miniworld.py:246] Evaluation iteration 132.
I1002 22:16:31.588941 47642629252928 run_miniworld.py:263] iteration: 132
 frame: 3300000
 eval_episode_return:  0.00
 train_episode_return:  0.00
 train_exploration_epsilon: 0.100
 train_frame_rate:  165
I1002 22:16:42.135834 47642629252928 run_miniworld.py:239] Data collection iteration 133.
I1002 22:19:15.078968 47642629252928 run_miniworld.py:246] Evaluation iteration 133.
I1002 22:19:24.164545 47642629252928 run_miniworld.py:263] iteration: 133
 frame: 3325000
 eval_episode_return:  0.00
 train_episode_return:  0.00
 train_exploration_epsilon: 0.100
 train_frame_rate:  163
I1002 22:19:34.940481 47642629252928 run_miniworld.py:239] Data collection iteration 134.
I1002 22:22:07.641789 47642629252928 run_miniworld.py:246] Evaluation iteration 134.
I1002 22:22:16.724886 47642629252928 run_miniworld.py:263] iteration: 134
 frame: 3350000
 eval_episode_return:  0.00
 train_episode_return:  0.00
 train_exploration_epsilon: 0.100
 train_frame_rate:  164
I1002 22:22:27.588368 47642629252928 run_miniworld.py:239] Data collection iteration 135.
I1002 22:24:59.310518 47642629252928 run_miniworld.py:246] Evaluation iteration 135.
I1002 22:25:09.752659 47642629252928 run_miniworld.py:263] iteration: 135
 frame: 3375000
 eval_episode_return:  0.00
 train_episode_return:  0.00
 train_exploration_epsilon: 0.100
 train_frame_rate:  165
I1002 22:25:20.305617 47642629252928 run_miniworld.py:239] Data collection iteration 136.
I1002 22:27:53.077000 47642629252928 run_miniworld.py:246] Evaluation iteration 136.
I1002 22:28:02.365328 47642629252928 run_miniworld.py:263] iteration: 136
 frame: 3400000
 eval_episode_return:  0.00
 train_episode_return:  0.00
 train_exploration_epsilon: 0.100
 train_frame_rate:  164
I1002 22:28:12.781435 47642629252928 run_miniworld.py:239] Data collection iteration 137.
I1002 22:30:45.020188 47642629252928 run_miniworld.py:246] Evaluation iteration 137.
I1002 22:30:54.299392 47642629252928 run_miniworld.py:263] iteration: 137
 frame: 3425000
 eval_episode_return:  0.00
 train_episode_return:  0.00
 train_exploration_epsilon: 0.100
 train_frame_rate:  164
I1002 22:31:05.048120 47642629252928 run_miniworld.py:239] Data collection iteration 138.
I1002 22:33:38.306513 47642629252928 run_miniworld.py:246] Evaluation iteration 138.
I1002 22:33:47.422228 47642629252928 run_miniworld.py:263] iteration: 138
 frame: 3450000
 eval_episode_return:  0.00
 train_episode_return:  0.04
 train_exploration_epsilon: 0.100
 train_frame_rate:  163
I1002 22:33:58.460579 47642629252928 run_miniworld.py:239] Data collection iteration 139.
I1002 22:36:31.443097 47642629252928 run_miniworld.py:246] Evaluation iteration 139.
I1002 22:36:40.644317 47642629252928 run_miniworld.py:263] iteration: 139
 frame: 3475000
 eval_episode_return:  0.00
 train_episode_return:  0.00
 train_exploration_epsilon: 0.100
 train_frame_rate:  163
I1002 22:36:51.300624 47642629252928 run_miniworld.py:239] Data collection iteration 140.
I1002 22:39:23.092947 47642629252928 run_miniworld.py:246] Evaluation iteration 140.
I1002 22:39:32.339933 47642629252928 run_miniworld.py:263] iteration: 140
 frame: 3500000
 eval_episode_return:  0.00
 train_episode_return:  0.00
 train_exploration_epsilon: 0.100
 train_frame_rate:  165
I1002 22:39:43.025220 47642629252928 run_miniworld.py:239] Data collection iteration 141.
I1002 22:42:15.377017 47642629252928 run_miniworld.py:246] Evaluation iteration 141.
I1002 22:42:25.657385 47642629252928 run_miniworld.py:263] iteration: 141
 frame: 3525000
 eval_episode_return:  0.00
 train_episode_return:  0.12
 train_exploration_epsilon: 0.100
 train_frame_rate:  164
I1002 22:42:36.265666 47642629252928 run_miniworld.py:239] Data collection iteration 142.
I1002 22:45:09.133136 47642629252928 run_miniworld.py:246] Evaluation iteration 142.
I1002 22:45:18.205196 47642629252928 run_miniworld.py:263] iteration: 142
 frame: 3550000
 eval_episode_return:  0.00
 train_episode_return:  0.00
 train_exploration_epsilon: 0.100
 train_frame_rate:  164
I1002 22:45:28.803270 47642629252928 run_miniworld.py:239] Data collection iteration 143.
I1002 22:48:00.784869 47642629252928 run_miniworld.py:246] Evaluation iteration 143.
I1002 22:48:10.114269 47642629252928 run_miniworld.py:263] iteration: 143
 frame: 3575000
 eval_episode_return:  0.00
 train_episode_return:  0.00
 train_exploration_epsilon: 0.100
 train_frame_rate:  164
I1002 22:48:21.210439 47642629252928 run_miniworld.py:239] Data collection iteration 144.
I1002 22:50:53.581897 47642629252928 run_miniworld.py:246] Evaluation iteration 144.
I1002 22:51:03.938812 47642629252928 run_miniworld.py:263] iteration: 144
 frame: 3600000
 eval_episode_return:  0.00
 train_episode_return:  0.04
 train_exploration_epsilon: 0.100
 train_frame_rate:  164
I1002 22:51:14.179064 47642629252928 run_miniworld.py:239] Data collection iteration 145.
I1002 22:53:47.006034 47642629252928 run_miniworld.py:246] Evaluation iteration 145.
I1002 22:53:56.437506 47642629252928 run_miniworld.py:263] iteration: 145
 frame: 3625000
 eval_episode_return:  0.00
 train_episode_return:  0.00
 train_exploration_epsilon: 0.100
 train_frame_rate:  164
I1002 22:54:07.034069 47642629252928 run_miniworld.py:239] Data collection iteration 146.
I1002 22:56:39.031397 47642629252928 run_miniworld.py:246] Evaluation iteration 146.
I1002 22:56:48.086836 47642629252928 run_miniworld.py:263] iteration: 146
 frame: 3650000
 eval_episode_return:  0.00
 train_episode_return:  0.04
 train_exploration_epsilon: 0.100
 train_frame_rate:  164
I1002 22:56:58.672506 47642629252928 run_miniworld.py:239] Data collection iteration 147.
I1002 22:59:32.340843 47642629252928 run_miniworld.py:246] Evaluation iteration 147.
I1002 22:59:41.387889 47642629252928 run_miniworld.py:263] iteration: 147
 frame: 3675000
 eval_episode_return:  0.00
 train_episode_return:  0.04
 train_exploration_epsilon: 0.100
 train_frame_rate:  163
I1002 22:59:52.953178 47642629252928 run_miniworld.py:239] Data collection iteration 148.
I1002 23:02:26.354978 47642629252928 run_miniworld.py:246] Evaluation iteration 148.
I1002 23:02:35.533307 47642629252928 run_miniworld.py:263] iteration: 148
 frame: 3700000
 eval_episode_return:  0.00
 train_episode_return:  0.04
 train_exploration_epsilon: 0.100
 train_frame_rate:  163
I1002 23:02:46.272663 47642629252928 run_miniworld.py:239] Data collection iteration 149.
I1002 23:05:18.125337 47642629252928 run_miniworld.py:246] Evaluation iteration 149.
I1002 23:05:27.151334 47642629252928 run_miniworld.py:263] iteration: 149
 frame: 3725000
 eval_episode_return:  0.00
 train_episode_return:  0.00
 train_exploration_epsilon: 0.100
 train_frame_rate:  165
I1002 23:05:37.701379 47642629252928 run_miniworld.py:239] Data collection iteration 150.
I1002 23:08:10.948196 47642629252928 run_miniworld.py:246] Evaluation iteration 150.
I1002 23:08:19.860000 47642629252928 run_miniworld.py:263] iteration: 150
 frame: 3750000
 eval_episode_return:  0.00
 train_episode_return:  0.00
 train_exploration_epsilon: 0.100
 train_frame_rate:  163
I1002 23:08:30.271365 47642629252928 run_miniworld.py:239] Data collection iteration 151.
I1002 23:11:02.123142 47642629252928 run_miniworld.py:246] Evaluation iteration 151.
I1002 23:11:11.145590 47642629252928 run_miniworld.py:263] iteration: 151
 frame: 3775000
 eval_episode_return:  0.00
 train_episode_return:  0.00
 train_exploration_epsilon: 0.100
 train_frame_rate:  165
I1002 23:11:21.748948 47642629252928 run_miniworld.py:239] Data collection iteration 152.
I1002 23:13:53.849642 47642629252928 run_miniworld.py:246] Evaluation iteration 152.
I1002 23:14:03.013872 47642629252928 run_miniworld.py:263] iteration: 152
 frame: 3800000
 eval_episode_return:  0.00
 train_episode_return:  0.00
 train_exploration_epsilon: 0.100
 train_frame_rate:  164
I1002 23:14:13.638717 47642629252928 run_miniworld.py:239] Data collection iteration 153.
I1002 23:16:45.540806 47642629252928 run_miniworld.py:246] Evaluation iteration 153.
I1002 23:16:56.100443 47642629252928 run_miniworld.py:263] iteration: 153
 frame: 3825000
 eval_episode_return:  0.00
 train_episode_return:  0.00
 train_exploration_epsilon: 0.100
 train_frame_rate:  165
I1002 23:17:06.671456 47642629252928 run_miniworld.py:239] Data collection iteration 154.
I1002 23:19:38.872984 47642629252928 run_miniworld.py:246] Evaluation iteration 154.
I1002 23:19:47.604699 47642629252928 run_miniworld.py:263] iteration: 154
 frame: 3850000
 eval_episode_return:  0.00
 train_episode_return:  0.00
 train_exploration_epsilon: 0.100
 train_frame_rate:  164
I1002 23:19:58.141580 47642629252928 run_miniworld.py:239] Data collection iteration 155.
I1002 23:22:29.844460 47642629252928 run_miniworld.py:246] Evaluation iteration 155.
I1002 23:22:38.941597 47642629252928 run_miniworld.py:263] iteration: 155
 frame: 3875000
 eval_episode_return:  0.00
 train_episode_return:  0.08
 train_exploration_epsilon: 0.100
 train_frame_rate:  165
I1002 23:22:49.331870 47642629252928 run_miniworld.py:239] Data collection iteration 156.
I1002 23:25:22.295709 47642629252928 run_miniworld.py:246] Evaluation iteration 156.
I1002 23:25:31.406154 47642629252928 run_miniworld.py:263] iteration: 156
 frame: 3900000
 eval_episode_return:  0.00
 train_episode_return:  0.00
 train_exploration_epsilon: 0.100
 train_frame_rate:  163
I1002 23:25:42.589116 47642629252928 run_miniworld.py:239] Data collection iteration 157.
I1002 23:28:15.244519 47642629252928 run_miniworld.py:246] Evaluation iteration 157.
I1002 23:28:24.173611 47642629252928 run_miniworld.py:263] iteration: 157
 frame: 3925000
 eval_episode_return:  0.00
 train_episode_return:  0.00
 train_exploration_epsilon: 0.100
 train_frame_rate:  164
I1002 23:28:34.998101 47642629252928 run_miniworld.py:239] Data collection iteration 158.
I1002 23:31:06.382104 47642629252928 run_miniworld.py:246] Evaluation iteration 158.
I1002 23:31:15.142508 47642629252928 run_miniworld.py:263] iteration: 158
 frame: 3950000
 eval_episode_return:  0.00
 train_episode_return:  0.00
 train_exploration_epsilon: 0.100
 train_frame_rate:  165
I1002 23:31:26.172643 47642629252928 run_miniworld.py:239] Data collection iteration 159.
I1002 23:33:59.455736 47642629252928 run_miniworld.py:246] Evaluation iteration 159.
I1002 23:34:08.756430 47642629252928 run_miniworld.py:263] iteration: 159
 frame: 3975000
 eval_episode_return:  0.00
 train_episode_return:  0.04
 train_exploration_epsilon: 0.100
 train_frame_rate:  163
I1002 23:34:20.036963 47642629252928 run_miniworld.py:239] Data collection iteration 160.
I1002 23:36:53.329114 47642629252928 run_miniworld.py:246] Evaluation iteration 160.
I1002 23:37:02.329766 47642629252928 run_miniworld.py:263] iteration: 160
 frame: 4000000
 eval_episode_return:  0.00
 train_episode_return:  0.00
 train_exploration_epsilon: 0.100
 train_frame_rate:  163
I1002 23:37:13.578864 47642629252928 run_miniworld.py:239] Data collection iteration 161.
I1002 23:39:46.536817 47642629252928 run_miniworld.py:246] Evaluation iteration 161.
I1002 23:39:55.891536 47642629252928 run_miniworld.py:263] iteration: 161
 frame: 4025000
 eval_episode_return:  0.00
 train_episode_return:  0.00
 train_exploration_epsilon: 0.100
 train_frame_rate:  163
I1002 23:40:06.681226 47642629252928 run_miniworld.py:239] Data collection iteration 162.
I1002 23:42:40.774071 47642629252928 run_miniworld.py:246] Evaluation iteration 162.
I1002 23:42:49.761604 47642629252928 run_miniworld.py:263] iteration: 162
 frame: 4050000
 eval_episode_return:  0.00
 train_episode_return:  0.04
 train_exploration_epsilon: 0.100
 train_frame_rate:  162
I1002 23:43:00.845202 47642629252928 run_miniworld.py:239] Data collection iteration 163.
I1002 23:45:33.815123 47642629252928 run_miniworld.py:246] Evaluation iteration 163.
I1002 23:45:42.815634 47642629252928 run_miniworld.py:263] iteration: 163
 frame: 4075000
 eval_episode_return:  0.00
 train_episode_return:  0.00
 train_exploration_epsilon: 0.100
 train_frame_rate:  163
I1002 23:45:53.475287 47642629252928 run_miniworld.py:239] Data collection iteration 164.
I1002 23:48:25.468008 47642629252928 run_miniworld.py:246] Evaluation iteration 164.
I1002 23:48:34.442628 47642629252928 run_miniworld.py:263] iteration: 164
 frame: 4100000
 eval_episode_return:  0.00
 train_episode_return:  0.00
 train_exploration_epsilon: 0.100
 train_frame_rate:  164
I1002 23:48:44.916174 47642629252928 run_miniworld.py:239] Data collection iteration 165.
I1002 23:51:16.744400 47642629252928 run_miniworld.py:246] Evaluation iteration 165.
I1002 23:51:27.053653 47642629252928 run_miniworld.py:263] iteration: 165
 frame: 4125000
 eval_episode_return:  0.00
 train_episode_return:  0.00
 train_exploration_epsilon: 0.100
 train_frame_rate:  165
I1002 23:51:38.891099 47642629252928 run_miniworld.py:239] Data collection iteration 166.
I1002 23:54:11.450364 47642629252928 run_miniworld.py:246] Evaluation iteration 166.
I1002 23:54:20.757252 47642629252928 run_miniworld.py:263] iteration: 166
 frame: 4150000
 eval_episode_return:  0.00
 train_episode_return:  0.04
 train_exploration_epsilon: 0.100
 train_frame_rate:  164
I1002 23:54:31.283604 47642629252928 run_miniworld.py:239] Data collection iteration 167.
I1002 23:57:03.294424 47642629252928 run_miniworld.py:246] Evaluation iteration 167.
I1002 23:57:12.353996 47642629252928 run_miniworld.py:263] iteration: 167
 frame: 4175000
 eval_episode_return:  0.00
 train_episode_return:  0.00
 train_exploration_epsilon: 0.100
 train_frame_rate:  164
I1002 23:57:23.231200 47642629252928 run_miniworld.py:239] Data collection iteration 168.
I1002 23:59:57.059866 47642629252928 run_miniworld.py:246] Evaluation iteration 168.
I1003 00:00:06.081997 47642629252928 run_miniworld.py:263] iteration: 168
 frame: 4200000
 eval_episode_return:  0.00
 train_episode_return:  0.04
 train_exploration_epsilon: 0.100
 train_frame_rate:  163
I1003 00:00:17.476453 47642629252928 run_miniworld.py:239] Data collection iteration 169.
I1003 00:02:50.464271 47642629252928 run_miniworld.py:246] Evaluation iteration 169.
I1003 00:02:59.655054 47642629252928 run_miniworld.py:263] iteration: 169
 frame: 4225000
 eval_episode_return:  0.00
 train_episode_return:  0.00
 train_exploration_epsilon: 0.100
 train_frame_rate:  163
I1003 00:03:10.772626 47642629252928 run_miniworld.py:239] Data collection iteration 170.
I1003 00:05:43.007333 47642629252928 run_miniworld.py:246] Evaluation iteration 170.
I1003 00:05:52.175344 47642629252928 run_miniworld.py:263] iteration: 170
 frame: 4250000
 eval_episode_return:  0.00
 train_episode_return:  0.00
 train_exploration_epsilon: 0.100
 train_frame_rate:  164
I1003 00:06:03.212533 47642629252928 run_miniworld.py:239] Data collection iteration 171.
I1003 00:08:37.276054 47642629252928 run_miniworld.py:246] Evaluation iteration 171.
I1003 00:08:46.465794 47642629252928 run_miniworld.py:263] iteration: 171
 frame: 4275000
 eval_episode_return:  0.00
 train_episode_return:  0.04
 train_exploration_epsilon: 0.100
 train_frame_rate:  162
I1003 00:08:58.188732 47642629252928 run_miniworld.py:239] Data collection iteration 172.
I1003 00:11:31.043370 47642629252928 run_miniworld.py:246] Evaluation iteration 172.
I1003 00:11:40.349896 47642629252928 run_miniworld.py:263] iteration: 172
 frame: 4300000
 eval_episode_return:  0.00
 train_episode_return:  0.00
 train_exploration_epsilon: 0.100
 train_frame_rate:  164
I1003 00:11:51.617333 47642629252928 run_miniworld.py:239] Data collection iteration 173.
I1003 00:14:24.701166 47642629252928 run_miniworld.py:246] Evaluation iteration 173.
I1003 00:14:34.269284 47642629252928 run_miniworld.py:263] iteration: 173
 frame: 4325000
 eval_episode_return:  0.00
 train_episode_return:  0.04
 train_exploration_epsilon: 0.100
 train_frame_rate:  163
I1003 00:14:44.715244 47642629252928 run_miniworld.py:239] Data collection iteration 174.
I1003 00:17:17.039276 47642629252928 run_miniworld.py:246] Evaluation iteration 174.
I1003 00:17:27.622187 47642629252928 run_miniworld.py:263] iteration: 174
 frame: 4350000
 eval_episode_return:  0.00
 train_episode_return:  0.00
 train_exploration_epsilon: 0.100
 train_frame_rate:  164
I1003 00:17:38.313962 47642629252928 run_miniworld.py:239] Data collection iteration 175.
I1003 00:20:12.354311 47642629252928 run_miniworld.py:246] Evaluation iteration 175.
I1003 00:20:21.776639 47642629252928 run_miniworld.py:263] iteration: 175
 frame: 4375000
 eval_episode_return:  0.00
 train_episode_return:  0.04
 train_exploration_epsilon: 0.100
 train_frame_rate:  162
I1003 00:20:32.678868 47642629252928 run_miniworld.py:239] Data collection iteration 176.
I1003 00:23:05.264107 47642629252928 run_miniworld.py:246] Evaluation iteration 176.
I1003 00:23:14.744964 47642629252928 run_miniworld.py:263] iteration: 176
 frame: 4400000
 eval_episode_return:  0.00
 train_episode_return:  0.00
 train_exploration_epsilon: 0.100
 train_frame_rate:  164
I1003 00:23:25.778676 47642629252928 run_miniworld.py:239] Data collection iteration 177.
I1003 00:25:59.221700 47642629252928 run_miniworld.py:246] Evaluation iteration 177.
I1003 00:26:08.385291 47642629252928 run_miniworld.py:263] iteration: 177
 frame: 4425000
 eval_episode_return:  0.00
 train_episode_return:  0.00
 train_exploration_epsilon: 0.100
 train_frame_rate:  163
I1003 00:26:19.131542 47642629252928 run_miniworld.py:239] Data collection iteration 178.
I1003 00:28:52.083545 47642629252928 run_miniworld.py:246] Evaluation iteration 178.
I1003 00:29:01.184460 47642629252928 run_miniworld.py:263] iteration: 178
 frame: 4450000
 eval_episode_return:  0.00
 train_episode_return:  0.04
 train_exploration_epsilon: 0.100
 train_frame_rate:  163
I1003 00:29:11.677855 47642629252928 run_miniworld.py:239] Data collection iteration 179.
I1003 00:31:43.908871 47642629252928 run_miniworld.py:246] Evaluation iteration 179.
I1003 00:31:52.988610 47642629252928 run_miniworld.py:263] iteration: 179
 frame: 4475000
 eval_episode_return:  0.00
 train_episode_return:  0.00
 train_exploration_epsilon: 0.100
 train_frame_rate:  164
I1003 00:32:03.637430 47642629252928 run_miniworld.py:239] Data collection iteration 180.
I1003 00:34:37.355368 47642629252928 run_miniworld.py:246] Evaluation iteration 180.
I1003 00:34:46.880452 47642629252928 run_miniworld.py:263] iteration: 180
 frame: 4500000
 eval_episode_return:  0.00
 train_episode_return:  0.00
 train_exploration_epsilon: 0.100
 train_frame_rate:  163
I1003 00:34:57.805622 47642629252928 run_miniworld.py:239] Data collection iteration 181.
I1003 00:37:30.905586 47642629252928 run_miniworld.py:246] Evaluation iteration 181.
I1003 00:37:39.889541 47642629252928 run_miniworld.py:263] iteration: 181
 frame: 4525000
 eval_episode_return:  0.00
 train_episode_return:  0.00
 train_exploration_epsilon: 0.100
 train_frame_rate:  163
I1003 00:37:50.796313 47642629252928 run_miniworld.py:239] Data collection iteration 182.
I1003 00:40:23.113969 47642629252928 run_miniworld.py:246] Evaluation iteration 182.
I1003 00:40:31.867142 47642629252928 run_miniworld.py:263] iteration: 182
 frame: 4550000
 eval_episode_return:  0.00
 train_episode_return:  0.00
 train_exploration_epsilon: 0.100
 train_frame_rate:  164
I1003 00:40:43.146380 47642629252928 run_miniworld.py:239] Data collection iteration 183.
I1003 00:43:15.537465 47642629252928 run_miniworld.py:246] Evaluation iteration 183.
I1003 00:43:24.735816 47642629252928 run_miniworld.py:263] iteration: 183
 frame: 4575000
 eval_episode_return:  0.00
 train_episode_return:  0.00
 train_exploration_epsilon: 0.100
 train_frame_rate:  164
I1003 00:43:36.390844 47642629252928 run_miniworld.py:239] Data collection iteration 184.
I1003 00:46:09.666607 47642629252928 run_miniworld.py:246] Evaluation iteration 184.
I1003 00:46:19.082811 47642629252928 run_miniworld.py:263] iteration: 184
 frame: 4600000
 eval_episode_return:  0.00
 train_episode_return:  0.00
 train_exploration_epsilon: 0.100
 train_frame_rate:  163
I1003 00:46:29.628050 47642629252928 run_miniworld.py:239] Data collection iteration 185.
I1003 00:49:01.856498 47642629252928 run_miniworld.py:246] Evaluation iteration 185.
I1003 00:49:10.961316 47642629252928 run_miniworld.py:263] iteration: 185
 frame: 4625000
 eval_episode_return:  0.00
 train_episode_return:  0.00
 train_exploration_epsilon: 0.100
 train_frame_rate:  164
I1003 00:49:21.516228 47642629252928 run_miniworld.py:239] Data collection iteration 186.
I1003 00:51:54.445930 47642629252928 run_miniworld.py:246] Evaluation iteration 186.
I1003 00:52:04.845279 47642629252928 run_miniworld.py:263] iteration: 186
 frame: 4650000
 eval_episode_return:  0.00
 train_episode_return:  0.00
 train_exploration_epsilon: 0.100
 train_frame_rate:  163
I1003 00:52:15.182198 47642629252928 run_miniworld.py:239] Data collection iteration 187.
I1003 00:54:48.460812 47642629252928 run_miniworld.py:246] Evaluation iteration 187.
I1003 00:54:57.658448 47642629252928 run_miniworld.py:263] iteration: 187
 frame: 4675000
 eval_episode_return:  0.00
 train_episode_return:  0.04
 train_exploration_epsilon: 0.100
 train_frame_rate:  163
I1003 00:55:08.403914 47642629252928 run_miniworld.py:239] Data collection iteration 188.
I1003 00:57:41.577563 47642629252928 run_miniworld.py:246] Evaluation iteration 188.
I1003 00:57:50.756182 47642629252928 run_miniworld.py:263] iteration: 188
 frame: 4700000
 eval_episode_return:  0.00
 train_episode_return:  0.00
 train_exploration_epsilon: 0.100
 train_frame_rate:  163
I1003 00:58:01.444702 47642629252928 run_miniworld.py:239] Data collection iteration 189.
I1003 01:01:01.993209 47642629252928 run_miniworld.py:246] Evaluation iteration 189.
I1003 01:01:11.297396 47642629252928 run_miniworld.py:263] iteration: 189
 frame: 4725000
 eval_episode_return:  0.00
 train_episode_return:  0.04
 train_exploration_epsilon: 0.100
 train_frame_rate:  138
I1003 01:01:21.713764 47642629252928 run_miniworld.py:239] Data collection iteration 190.
I1003 01:03:54.718140 47642629252928 run_miniworld.py:246] Evaluation iteration 190.
I1003 01:04:03.837657 47642629252928 run_miniworld.py:263] iteration: 190
 frame: 4750000
 eval_episode_return:  0.00
 train_episode_return:  0.00
 train_exploration_epsilon: 0.100
 train_frame_rate:  163
I1003 01:04:14.366714 47642629252928 run_miniworld.py:239] Data collection iteration 191.
I1003 01:06:47.113502 47642629252928 run_miniworld.py:246] Evaluation iteration 191.
I1003 01:06:56.324671 47642629252928 run_miniworld.py:263] iteration: 191
 frame: 4775000
 eval_episode_return:  0.00
 train_episode_return:  0.00
 train_exploration_epsilon: 0.100
 train_frame_rate:  164
I1003 01:07:06.839692 47642629252928 run_miniworld.py:239] Data collection iteration 192.
I1003 01:09:40.780614 47642629252928 run_miniworld.py:246] Evaluation iteration 192.
I1003 01:09:49.701626 47642629252928 run_miniworld.py:263] iteration: 192
 frame: 4800000
 eval_episode_return:  0.00
 train_episode_return:  0.00
 train_exploration_epsilon: 0.100
 train_frame_rate:  162
I1003 01:10:00.342109 47642629252928 run_miniworld.py:239] Data collection iteration 193.
I1003 01:12:34.544165 47642629252928 run_miniworld.py:246] Evaluation iteration 193.
I1003 01:12:43.904700 47642629252928 run_miniworld.py:263] iteration: 193
 frame: 4825000
 eval_episode_return:  0.00
 train_episode_return:  0.00
 train_exploration_epsilon: 0.100
 train_frame_rate:  162
I1003 01:12:54.519452 47642629252928 run_miniworld.py:239] Data collection iteration 194.
I1003 01:15:27.173956 47642629252928 run_miniworld.py:246] Evaluation iteration 194.
I1003 01:15:36.435691 47642629252928 run_miniworld.py:263] iteration: 194
 frame: 4850000
 eval_episode_return:  0.00
 train_episode_return:  0.00
 train_exploration_epsilon: 0.100
 train_frame_rate:  164
I1003 01:15:47.515595 47642629252928 run_miniworld.py:239] Data collection iteration 195.
I1003 01:18:19.663222 47642629252928 run_miniworld.py:246] Evaluation iteration 195.
I1003 01:18:28.851576 47642629252928 run_miniworld.py:263] iteration: 195
 frame: 4875000
 eval_episode_return:  0.00
 train_episode_return:  0.00
 train_exploration_epsilon: 0.100
 train_frame_rate:  164
I1003 01:18:40.658102 47642629252928 run_miniworld.py:239] Data collection iteration 196.
I1003 01:21:14.951254 47642629252928 run_miniworld.py:246] Evaluation iteration 196.
I1003 01:21:24.109574 47642629252928 run_miniworld.py:263] iteration: 196
 frame: 4900000
 eval_episode_return:  0.00
 train_episode_return:  0.00
 train_exploration_epsilon: 0.100
 train_frame_rate:  162
I1003 01:21:34.741844 47642629252928 run_miniworld.py:239] Data collection iteration 197.
I1003 01:24:13.795545 47642629252928 run_miniworld.py:246] Evaluation iteration 197.
I1003 01:24:22.967016 47642629252928 run_miniworld.py:263] iteration: 197
 frame: 4925000
 eval_episode_return:  0.00
 train_episode_return:  0.00
 train_exploration_epsilon: 0.100
 train_frame_rate:  157
I1003 01:24:33.500558 47642629252928 run_miniworld.py:239] Data collection iteration 198.
I1003 01:27:06.086984 47642629252928 run_miniworld.py:246] Evaluation iteration 198.
I1003 01:27:16.731775 47642629252928 run_miniworld.py:263] iteration: 198
 frame: 4950000
 eval_episode_return:  0.00
 train_episode_return:  0.00
 train_exploration_epsilon: 0.100
 train_frame_rate:  164
I1003 01:27:27.662327 47642629252928 run_miniworld.py:239] Data collection iteration 199.
I1003 01:30:01.342174 47642629252928 run_miniworld.py:246] Evaluation iteration 199.
I1003 01:30:10.454175 47642629252928 run_miniworld.py:263] iteration: 199
 frame: 4975000
 eval_episode_return:  0.00
 train_episode_return:  0.00
 train_exploration_epsilon: 0.100
 train_frame_rate:  163
I1003 01:30:21.140634 47642629252928 run_miniworld.py:239] Data collection iteration 200.
I1003 01:32:54.357165 47642629252928 run_miniworld.py:246] Evaluation iteration 200.
I1003 01:33:03.604109 47642629252928 run_miniworld.py:263] iteration: 200
 frame: 5000000
 eval_episode_return:  0.00
 train_episode_return:  0.00
 train_exploration_epsilon: 0.100
 train_frame_rate:  163
Falling back to num_samples=1
Falling back to num_samples=1
Falling back to num_samples=1
Falling back to num_samples=1
Falling back to num_samples=1
Falling back to num_samples=1
Falling back to num_samples=1
Falling back to num_samples=1
Falling back to num_samples=1
Falling back to num_samples=1
Falling back to num_samples=1
Falling back to num_samples=1
Falling back to num_samples=1
Falling back to num_samples=1
Falling back to num_samples=1
Falling back to num_samples=1
Falling back to num_samples=1
Falling back to num_samples=1
Falling back to num_samples=1
Falling back to num_samples=1
Falling back to num_samples=1
Falling back to num_samples=1
Falling back to num_samples=1
Falling back to num_samples=1
Falling back to num_samples=1
Falling back to num_samples=1
Falling back to num_samples=1
Falling back to num_samples=1
Falling back to num_samples=1
Falling back to num_samples=1
Falling back to num_samples=1
Falling back to num_samples=1
Falling back to num_samples=1
Falling back to num_samples=1
Falling back to num_samples=1
Falling back to num_samples=1
Falling back to num_samples=1
Falling back to num_samples=1
Falling back to num_samples=1
Falling back to num_samples=1
Falling back to num_samples=1
Falling back to num_samples=1
Falling back to num_samples=1
Falling back to num_samples=1
Falling back to num_samples=1
Falling back to num_samples=1
Falling back to num_samples=1
Falling back to num_samples=1
Falling back to num_samples=1
Falling back to num_samples=1
Falling back to num_samples=1
Falling back to num_samples=1
Falling back to num_samples=1
Falling back to num_samples=1
Falling back to num_samples=1
Falling back to num_samples=1
Falling back to num_samples=1
Falling back to num_samples=1
Falling back to num_samples=1
Falling back to num_samples=1
Falling back to num_samples=1
Falling back to num_samples=1
Falling back to num_samples=1
Falling back to num_samples=1
Falling back to num_samples=1
Falling back to num_samples=1
Falling back to num_samples=1
Falling back to num_samples=1
Falling back to num_samples=1
Falling back to num_samples=1
Falling back to num_samples=1
Falling back to num_samples=1
Falling back to num_samples=1
Falling back to num_samples=1
Falling back to num_samples=1
Falling back to num_samples=1
Falling back to num_samples=1
Falling back to num_samples=1
Falling back to num_samples=1
Falling back to num_samples=1
Falling back to num_samples=1
Falling back to num_samples=1
Falling back to num_samples=1
Falling back to num_samples=1
Falling back to num_samples=1
Falling back to num_samples=1
Falling back to num_samples=1
Falling back to num_samples=1
Falling back to num_samples=1
Falling back to num_samples=1
Falling back to num_samples=1
Falling back to num_samples=1
Falling back to num_samples=1
Falling back to num_samples=1
Falling back to num_samples=1
Falling back to num_samples=1
Falling back to num_samples=1
Falling back to num_samples=1
Falling back to num_samples=1
Falling back to num_samples=1
Falling back to num_samples=1
Falling back to num_samples=1
Falling back to num_samples=1
Falling back to num_samples=1
Falling back to num_samples=1
Falling back to num_samples=1
Falling back to num_samples=1
Falling back to num_samples=1
Falling back to num_samples=1
Falling back to num_samples=1
Falling back to num_samples=1
Falling back to num_samples=1
Falling back to num_samples=1
Falling back to num_samples=1
Falling back to num_samples=1
Falling back to num_samples=1
Falling back to num_samples=1
Falling back to num_samples=1
Falling back to num_samples=1
Falling back to num_samples=1
Falling back to num_samples=1
Falling back to num_samples=1
Falling back to num_samples=1
Falling back to num_samples=1
Falling back to num_samples=1
Falling back to num_samples=1
Falling back to num_samples=1
Falling back to num_samples=1
Falling back to num_samples=1
Falling back to num_samples=1
Falling back to num_samples=1
Falling back to num_samples=1
Falling back to num_samples=1
Falling back to num_samples=1
Falling back to num_samples=1
Falling back to num_samples=1
Falling back to num_samples=1
Falling back to num_samples=1
Falling back to num_samples=1
Falling back to num_samples=1
Falling back to num_samples=1
Falling back to num_samples=1
Falling back to num_samples=1
Falling back to num_samples=1
Falling back to num_samples=1
Falling back to num_samples=1
Falling back to num_samples=1
Falling back to num_samples=1
Falling back to num_samples=1
Falling back to num_samples=1
Falling back to num_samples=1
Falling back to num_samples=1
Falling back to num_samples=1
Falling back to num_samples=1
Falling back to num_samples=1
Falling back to num_samples=1
Falling back to num_samples=1
Falling back to num_samples=1
Falling back to num_samples=1
Falling back to num_samples=1
Falling back to num_samples=1
Falling back to num_samples=1
Falling back to num_samples=1
Falling back to num_samples=1
Falling back to num_samples=1
Falling back to num_samples=1
Falling back to num_samples=1
Falling back to num_samples=1
Falling back to num_samples=1
Falling back to num_samples=1
Falling back to num_samples=1
Falling back to num_samples=1
Falling back to num_samples=1
Falling back to num_samples=1
Falling back to num_samples=1
Falling back to num_samples=1
Falling back to num_samples=1
Falling back to num_samples=1
Falling back to num_samples=1
Falling back to num_samples=1
Falling back to num_samples=1
Falling back to num_samples=1
Falling back to num_samples=1
Falling back to num_samples=1
Falling back to num_samples=1
Falling back to num_samples=1
Falling back to num_samples=1
Falling back to num_samples=1
Falling back to num_samples=1
Falling back to num_samples=1
Falling back to num_samples=1
Falling back to num_samples=1
Falling back to num_samples=1
Falling back to num_samples=1
Falling back to num_samples=1
Falling back to num_samples=1
Falling back to num_samples=1
Falling back to num_samples=1
Falling back to num_samples=1
Falling back to num_samples=1
Falling back to num_samples=1
Falling back to num_samples=1
Falling back to num_samples=1
Falling back to num_samples=1
Falling back to num_samples=1
Falling back to num_samples=1
Falling back to num_samples=1
Falling back to num_samples=1
Falling back to num_samples=1
Falling back to num_samples=1
Falling back to num_samples=1
Falling back to num_samples=1
Falling back to num_samples=1
Falling back to num_samples=1
Falling back to num_samples=1
Falling back to num_samples=1
Falling back to num_samples=1
Falling back to num_samples=1
Falling back to num_samples=1
Falling back to num_samples=1
Falling back to num_samples=1
Falling back to num_samples=1
Falling back to num_samples=1
Falling back to num_samples=1
Falling back to num_samples=1
Falling back to num_samples=1
Falling back to num_samples=1
Falling back to num_samples=1
Falling back to num_samples=1
Falling back to num_samples=1
Falling back to num_samples=1
Falling back to num_samples=1
Falling back to num_samples=1
Falling back to num_samples=1
Falling back to num_samples=1
Falling back to num_samples=1
Falling back to num_samples=1
Falling back to num_samples=1
Falling back to num_samples=1
Falling back to num_samples=1
Falling back to num_samples=1
Falling back to num_samples=1
Falling back to num_samples=1
Falling back to num_samples=1
Falling back to num_samples=1
Falling back to num_samples=1
Falling back to num_samples=1
Falling back to num_samples=1
Falling back to num_samples=1
Falling back to num_samples=1
Falling back to num_samples=1
Falling back to num_samples=1
Falling back to num_samples=1
Falling back to num_samples=1
Falling back to num_samples=1
Falling back to num_samples=1
Falling back to num_samples=1
Falling back to num_samples=1
Falling back to num_samples=1
Falling back to num_samples=1
Falling back to num_samples=1
Falling back to num_samples=1
Falling back to num_samples=1
Falling back to num_samples=1
Falling back to num_samples=1
Falling back to num_samples=1
Falling back to num_samples=1
Falling back to num_samples=1
Falling back to num_samples=1
Falling back to num_samples=1
Falling back to num_samples=1
Falling back to num_samples=1
Falling back to num_samples=1
Falling back to num_samples=1
Falling back to num_samples=1
Falling back to num_samples=1
Falling back to num_samples=1
Falling back to num_samples=1
Falling back to num_samples=1
Falling back to num_samples=1
Falling back to num_samples=1
Falling back to num_samples=1
Falling back to num_samples=1
Falling back to num_samples=1
Falling back to num_samples=1
Falling back to num_samples=1
Falling back to num_samples=1
Falling back to num_samples=1
Falling back to num_samples=1
Falling back to num_samples=1
Falling back to num_samples=1
Falling back to num_samples=1
Falling back to num_samples=1
Falling back to num_samples=1
Falling back to num_samples=1
Falling back to num_samples=1
Falling back to num_samples=1
Falling back to num_samples=1
Falling back to num_samples=1
Falling back to num_samples=1
Falling back to num_samples=1
Falling back to num_samples=1
Falling back to num_samples=1
Falling back to num_samples=1
Falling back to num_samples=1
Falling back to num_samples=1
Falling back to num_samples=1
Falling back to num_samples=1
Falling back to num_samples=1
Falling back to num_samples=1
Falling back to num_samples=1
Falling back to num_samples=1
Falling back to num_samples=1
Falling back to num_samples=1
Falling back to num_samples=1
Falling back to num_samples=1
Falling back to num_samples=1
Falling back to num_samples=1
Falling back to num_samples=1
Falling back to num_samples=1
Falling back to num_samples=1
Falling back to num_samples=1
Falling back to num_samples=1
Falling back to num_samples=1
Falling back to num_samples=1
Falling back to num_samples=1
Falling back to num_samples=1
Falling back to num_samples=1
Falling back to num_samples=1
Falling back to num_samples=1
Falling back to num_samples=1
Falling back to num_samples=1
Falling back to num_samples=1
Falling back to num_samples=1
Falling back to num_samples=1
Falling back to num_samples=1
Falling back to num_samples=1
Falling back to num_samples=1
Falling back to num_samples=1
Falling back to num_samples=1
Falling back to num_samples=1
Falling back to num_samples=1
Falling back to num_samples=1
Falling back to num_samples=1
Falling back to num_samples=1
Falling back to num_samples=1
Falling back to num_samples=1
Falling back to num_samples=1
Falling back to num_samples=1
Falling back to num_samples=1
Falling back to num_samples=1
Falling back to num_samples=1
Falling back to num_samples=1
Falling back to num_samples=1
Falling back to num_samples=1
Falling back to num_samples=1
Falling back to num_samples=1
Falling back to num_samples=1
Falling back to num_samples=1
Falling back to num_samples=1
Falling back to num_samples=1
Falling back to num_samples=1
Falling back to num_samples=1
Falling back to num_samples=1
Falling back to num_samples=1
Falling back to num_samples=1
Falling back to num_samples=1
Falling back to num_samples=1
Falling back to num_samples=1
Falling back to num_samples=1
Falling back to num_samples=1
Falling back to num_samples=1
Falling back to num_samples=1
Falling back to num_samples=1
Falling back to num_samples=1
Falling back to num_samples=1
Falling back to num_samples=1
Falling back to num_samples=1
Falling back to num_samples=1
Falling back to num_samples=1
Falling back to num_samples=1
Falling back to num_samples=1
Falling back to num_samples=1
Falling back to num_samples=1
Falling back to num_samples=1
Falling back to num_samples=1
Falling back to num_samples=1
Falling back to num_samples=1
Falling back to num_samples=1
Falling back to num_samples=1
Falling back to num_samples=1
Falling back to num_samples=1
Falling back to num_samples=1
Falling back to num_samples=1
Falling back to num_samples=1
Falling back to num_samples=1
Falling back to num_samples=1
Falling back to num_samples=1
Falling back to num_samples=1
Falling back to num_samples=1
Falling back to num_samples=1
Falling back to num_samples=1
Falling back to num_samples=1
Falling back to num_samples=1
