I1002 15:41:55.398080 47544520693568 xla_bridge.py:355] Unable to initialize backend 'tpu_driver': NOT_FOUND: Unable to find driver in registry given worker: 
I1002 15:41:55.521667 47544520693568 xla_bridge.py:355] Unable to initialize backend 'rocm': NOT_FOUND: Could not find registered platform with name: "rocm". Available platform names are: Interpreter CUDA Host
I1002 15:41:55.522165 47544520693568 xla_bridge.py:355] Unable to initialize backend 'tpu': module 'jaxlib.xla_extension' has no attribute 'get_tpu_client'
I1002 15:41:55.522299 47544520693568 xla_bridge.py:355] Unable to initialize backend 'plugin': xla_extension has no attributes named get_plugin_device_client. Compile TensorFlow with //tensorflow/compiler/xla/python:enable_plugin_device set to true (defaults to false) to enable this.
I1002 15:41:55.522435 47544520693568 run_miniworld.py:100] Collecting data on MiniWorld on gpu.
I1002 15:42:00.989809 47544520693568 run_miniworld.py:136] Observation shape: (60, 80, 3)
I1002 15:42:09.235254 47544520693568 run_miniworld.py:239] Data collection iteration 0.
I1002 15:42:42.425374 47544520693568 run_miniworld.py:246] Evaluation iteration 0.
/home/mklissa/DCEO/lib/python3.8/site-packages/distrax/_src/distributions/categorical.py:96: UserWarning: Explicitly requested dtype <class 'jax.numpy.int64'> requested in astype is not available, and will be truncated to dtype int32. To enable more dtypes, set the jax_enable_x64 configuration option or the JAX_ENABLE_X64 shell environment variable. See https://github.com/google/jax#current-gotchas for more.
  return draws.astype(self._dtype)
I1002 15:42:51.100932 47544520693568 run_miniworld.py:263] iteration:   0
 frame:     0
 eval_episode_return:  0.00
 train_episode_return:  0.00
 train_exploration_epsilon: 1.000
 train_frame_rate:  753
I1002 15:42:51.533692 47544520693568 run_miniworld.py:239] Data collection iteration 1.
I1002 15:43:24.666617 47544520693568 run_miniworld.py:246] Evaluation iteration 1.
I1002 15:43:32.802250 47544520693568 run_miniworld.py:263] iteration:   1
 frame: 25000
 eval_episode_return:  0.00
 train_episode_return:  0.00
 train_exploration_epsilon: 1.000
 train_frame_rate:  755
I1002 15:43:33.092996 47544520693568 run_miniworld.py:239] Data collection iteration 2.
I1002 15:43:33.630245 47544520693568 dceo_agent.py:296] Begin learning
I1002 15:45:58.365980 47544520693568 run_miniworld.py:246] Evaluation iteration 2.
I1002 15:46:06.633783 47544520693568 run_miniworld.py:263] iteration:   2
 frame: 50000
 eval_episode_return:  0.00
 train_episode_return:  0.00
 train_exploration_epsilon: 0.955
 train_frame_rate:  172
I1002 15:46:06.931180 47544520693568 run_miniworld.py:239] Data collection iteration 3.
I1002 15:48:26.036169 47544520693568 run_miniworld.py:246] Evaluation iteration 3.
I1002 15:48:34.806386 47544520693568 run_miniworld.py:263] iteration:   3
 frame: 75000
 eval_episode_return:  0.00
 train_episode_return:  0.00
 train_exploration_epsilon: 0.910
 train_frame_rate:  180
I1002 15:48:35.101089 47544520693568 run_miniworld.py:239] Data collection iteration 4.
I1002 15:50:53.834138 47544520693568 run_miniworld.py:246] Evaluation iteration 4.
I1002 15:51:02.116726 47544520693568 run_miniworld.py:263] iteration:   4
 frame: 100000
 eval_episode_return:  0.00
 train_episode_return:  0.00
 train_exploration_epsilon: 0.865
 train_frame_rate:  180
I1002 15:51:02.410220 47544520693568 run_miniworld.py:239] Data collection iteration 5.
I1002 15:53:21.966248 47544520693568 run_miniworld.py:246] Evaluation iteration 5.
I1002 15:53:30.316100 47544520693568 run_miniworld.py:263] iteration:   5
 frame: 125000
 eval_episode_return:  0.00
 train_episode_return:  0.00
 train_exploration_epsilon: 0.820
 train_frame_rate:  179
I1002 15:53:30.610195 47544520693568 run_miniworld.py:239] Data collection iteration 6.
I1002 15:55:49.608638 47544520693568 run_miniworld.py:246] Evaluation iteration 6.
I1002 15:55:58.110251 47544520693568 run_miniworld.py:263] iteration:   6
 frame: 150000
 eval_episode_return:  0.00
 train_episode_return:  0.00
 train_exploration_epsilon: 0.775
 train_frame_rate:  180
I1002 15:55:58.410788 47544520693568 run_miniworld.py:239] Data collection iteration 7.
I1002 15:58:18.799160 47544520693568 run_miniworld.py:246] Evaluation iteration 7.
I1002 15:58:27.250184 47544520693568 run_miniworld.py:263] iteration:   7
 frame: 175000
 eval_episode_return:  0.00
 train_episode_return:  0.08
 train_exploration_epsilon: 0.730
 train_frame_rate:  178
I1002 15:58:27.546586 47544520693568 run_miniworld.py:239] Data collection iteration 8.
I1002 16:00:48.071055 47544520693568 run_miniworld.py:246] Evaluation iteration 8.
I1002 16:00:56.717447 47544520693568 run_miniworld.py:263] iteration:   8
 frame: 200000
 eval_episode_return:  0.00
 train_episode_return:  0.00
 train_exploration_epsilon: 0.685
 train_frame_rate:  178
I1002 16:00:57.017605 47544520693568 run_miniworld.py:239] Data collection iteration 9.
I1002 16:03:19.031866 47544520693568 run_miniworld.py:246] Evaluation iteration 9.
I1002 16:03:27.701780 47544520693568 run_miniworld.py:263] iteration:   9
 frame: 225000
 eval_episode_return:  0.00
 train_episode_return:  0.00
 train_exploration_epsilon: 0.640
 train_frame_rate:  176
I1002 16:03:27.999583 47544520693568 run_miniworld.py:239] Data collection iteration 10.
I1002 16:05:51.206358 47544520693568 run_miniworld.py:246] Evaluation iteration 10.
I1002 16:06:00.050966 47544520693568 run_miniworld.py:263] iteration:  10
 frame: 250000
 eval_episode_return:  0.00
 train_episode_return:  0.00
 train_exploration_epsilon: 0.595
 train_frame_rate:  175
I1002 16:06:00.349138 47544520693568 run_miniworld.py:239] Data collection iteration 11.
I1002 16:08:22.844643 47544520693568 run_miniworld.py:246] Evaluation iteration 11.
I1002 16:08:31.523310 47544520693568 run_miniworld.py:263] iteration:  11
 frame: 275000
 eval_episode_return:  0.00
 train_episode_return:  0.00
 train_exploration_epsilon: 0.550
 train_frame_rate:  175
I1002 16:08:31.824704 47544520693568 run_miniworld.py:239] Data collection iteration 12.
I1002 16:10:55.208552 47544520693568 run_miniworld.py:246] Evaluation iteration 12.
I1002 16:11:03.819829 47544520693568 run_miniworld.py:263] iteration:  12
 frame: 300000
 eval_episode_return:  0.00
 train_episode_return:  0.04
 train_exploration_epsilon: 0.505
 train_frame_rate:  174
I1002 16:11:04.118473 47544520693568 run_miniworld.py:239] Data collection iteration 13.
I1002 16:13:26.869901 47544520693568 run_miniworld.py:246] Evaluation iteration 13.
I1002 16:13:35.536452 47544520693568 run_miniworld.py:263] iteration:  13
 frame: 325000
 eval_episode_return:  0.00
 train_episode_return:  0.00
 train_exploration_epsilon: 0.460
 train_frame_rate:  175
I1002 16:13:35.833132 47544520693568 run_miniworld.py:239] Data collection iteration 14.
I1002 16:15:59.334613 47544520693568 run_miniworld.py:246] Evaluation iteration 14.
I1002 16:16:08.053258 47544520693568 run_miniworld.py:263] iteration:  14
 frame: 350000
 eval_episode_return:  0.00
 train_episode_return:  0.04
 train_exploration_epsilon: 0.415
 train_frame_rate:  174
I1002 16:16:08.355353 47544520693568 run_miniworld.py:239] Data collection iteration 15.
I1002 16:18:32.822749 47544520693568 run_miniworld.py:246] Evaluation iteration 15.
I1002 16:18:41.539367 47544520693568 run_miniworld.py:263] iteration:  15
 frame: 375000
 eval_episode_return:  0.00
 train_episode_return:  0.00
 train_exploration_epsilon: 0.370
 train_frame_rate:  173
I1002 16:18:41.837797 47544520693568 run_miniworld.py:239] Data collection iteration 16.
I1002 16:21:06.904223 47544520693568 run_miniworld.py:246] Evaluation iteration 16.
I1002 16:21:15.632581 47544520693568 run_miniworld.py:263] iteration:  16
 frame: 400000
 eval_episode_return:  0.00
 train_episode_return:  0.04
 train_exploration_epsilon: 0.325
 train_frame_rate:  172
I1002 16:21:15.932271 47544520693568 run_miniworld.py:239] Data collection iteration 17.
I1002 16:26:11.298724 47544520693568 run_miniworld.py:246] Evaluation iteration 17.
I1002 16:26:19.911522 47544520693568 run_miniworld.py:263] iteration:  17
 frame: 425000
 eval_episode_return:  0.00
 train_episode_return:  0.00
 train_exploration_epsilon: 0.280
 train_frame_rate:   85
I1002 16:26:20.237465 47544520693568 run_miniworld.py:239] Data collection iteration 18.
I1002 16:28:45.834954 47544520693568 run_miniworld.py:246] Evaluation iteration 18.
I1002 16:28:54.519586 47544520693568 run_miniworld.py:263] iteration:  18
 frame: 450000
 eval_episode_return:  0.00
 train_episode_return:  0.00
 train_exploration_epsilon: 0.235
 train_frame_rate:  172
I1002 16:28:54.817724 47544520693568 run_miniworld.py:239] Data collection iteration 19.
I1002 16:31:20.591694 47544520693568 run_miniworld.py:246] Evaluation iteration 19.
I1002 16:31:29.206370 47544520693568 run_miniworld.py:263] iteration:  19
 frame: 475000
 eval_episode_return:  0.00
 train_episode_return:  0.00
 train_exploration_epsilon: 0.190
 train_frame_rate:  171
I1002 16:31:29.504001 47544520693568 run_miniworld.py:239] Data collection iteration 20.
I1002 16:33:56.054434 47544520693568 run_miniworld.py:246] Evaluation iteration 20.
I1002 16:34:04.754658 47544520693568 run_miniworld.py:263] iteration:  20
 frame: 500000
 eval_episode_return:  0.00
 train_episode_return:  0.00
 train_exploration_epsilon: 0.145
 train_frame_rate:  171
I1002 16:34:05.054834 47544520693568 run_miniworld.py:239] Data collection iteration 21.
I1002 16:36:31.819414 47544520693568 run_miniworld.py:246] Evaluation iteration 21.
I1002 16:36:40.634893 47544520693568 run_miniworld.py:263] iteration:  21
 frame: 525000
 eval_episode_return:  0.00
 train_episode_return:  0.00
 train_exploration_epsilon: 0.100
 train_frame_rate:  170
I1002 16:36:40.935325 47544520693568 run_miniworld.py:239] Data collection iteration 22.
I1002 16:39:08.533591 47544520693568 run_miniworld.py:246] Evaluation iteration 22.
I1002 16:39:17.165742 47544520693568 run_miniworld.py:263] iteration:  22
 frame: 550000
 eval_episode_return:  0.00
 train_episode_return:  0.00
 train_exploration_epsilon: 0.100
 train_frame_rate:  169
I1002 16:39:17.465898 47544520693568 run_miniworld.py:239] Data collection iteration 23.
I1002 16:41:45.798567 47544520693568 run_miniworld.py:246] Evaluation iteration 23.
I1002 16:41:54.472185 47544520693568 run_miniworld.py:263] iteration:  23
 frame: 575000
 eval_episode_return:  0.00
 train_episode_return:  0.00
 train_exploration_epsilon: 0.100
 train_frame_rate:  169
I1002 16:41:54.770771 47544520693568 run_miniworld.py:239] Data collection iteration 24.
I1002 16:44:23.098411 47544520693568 run_miniworld.py:246] Evaluation iteration 24.
I1002 16:44:31.748202 47544520693568 run_miniworld.py:263] iteration:  24
 frame: 600000
 eval_episode_return:  0.00
 train_episode_return:  0.00
 train_exploration_epsilon: 0.100
 train_frame_rate:  169
I1002 16:44:32.047698 47544520693568 run_miniworld.py:239] Data collection iteration 25.
I1002 16:47:00.607744 47544520693568 run_miniworld.py:246] Evaluation iteration 25.
I1002 16:47:09.179399 47544520693568 run_miniworld.py:263] iteration:  25
 frame: 625000
 eval_episode_return:  0.00
 train_episode_return:  0.00
 train_exploration_epsilon: 0.100
 train_frame_rate:  168
I1002 16:47:09.494122 47544520693568 run_miniworld.py:239] Data collection iteration 26.
I1002 16:49:37.836387 47544520693568 run_miniworld.py:246] Evaluation iteration 26.
I1002 16:49:46.513638 47544520693568 run_miniworld.py:263] iteration:  26
 frame: 650000
 eval_episode_return:  0.00
 train_episode_return:  0.04
 train_exploration_epsilon: 0.100
 train_frame_rate:  169
I1002 16:49:46.821249 47544520693568 run_miniworld.py:239] Data collection iteration 27.
I1002 16:52:16.353793 47544520693568 run_miniworld.py:246] Evaluation iteration 27.
I1002 16:52:25.158803 47544520693568 run_miniworld.py:263] iteration:  27
 frame: 675000
 eval_episode_return:  0.00
 train_episode_return:  0.04
 train_exploration_epsilon: 0.100
 train_frame_rate:  167
I1002 16:52:25.463512 47544520693568 run_miniworld.py:239] Data collection iteration 28.
I1002 16:54:55.290193 47544520693568 run_miniworld.py:246] Evaluation iteration 28.
I1002 16:55:04.015350 47544520693568 run_miniworld.py:263] iteration:  28
 frame: 700000
 eval_episode_return:  0.00
 train_episode_return:  0.00
 train_exploration_epsilon: 0.100
 train_frame_rate:  167
I1002 16:55:04.388162 47544520693568 run_miniworld.py:239] Data collection iteration 29.
I1002 16:57:34.146163 47544520693568 run_miniworld.py:246] Evaluation iteration 29.
I1002 16:57:42.894906 47544520693568 run_miniworld.py:263] iteration:  29
 frame: 725000
 eval_episode_return:  0.00
 train_episode_return:  0.04
 train_exploration_epsilon: 0.100
 train_frame_rate:  167
I1002 16:57:43.204678 47544520693568 run_miniworld.py:239] Data collection iteration 30.
I1002 17:00:13.523190 47544520693568 run_miniworld.py:246] Evaluation iteration 30.
I1002 17:00:22.430891 47544520693568 run_miniworld.py:263] iteration:  30
 frame: 750000
 eval_episode_return:  0.00
 train_episode_return:  0.00
 train_exploration_epsilon: 0.100
 train_frame_rate:  166
I1002 17:00:22.735269 47544520693568 run_miniworld.py:239] Data collection iteration 31.
I1002 17:02:53.039668 47544520693568 run_miniworld.py:246] Evaluation iteration 31.
I1002 17:03:01.970031 47544520693568 run_miniworld.py:263] iteration:  31
 frame: 775000
 eval_episode_return:  0.00
 train_episode_return:  0.00
 train_exploration_epsilon: 0.100
 train_frame_rate:  166
I1002 17:03:02.276883 47544520693568 run_miniworld.py:239] Data collection iteration 32.
I1002 17:05:33.048311 47544520693568 run_miniworld.py:246] Evaluation iteration 32.
I1002 17:05:41.884973 47544520693568 run_miniworld.py:263] iteration:  32
 frame: 800000
 eval_episode_return:  0.00
 train_episode_return:  0.00
 train_exploration_epsilon: 0.100
 train_frame_rate:  166
I1002 17:05:42.194449 47544520693568 run_miniworld.py:239] Data collection iteration 33.
I1002 17:08:13.694313 47544520693568 run_miniworld.py:246] Evaluation iteration 33.
I1002 17:08:22.419876 47544520693568 run_miniworld.py:263] iteration:  33
 frame: 825000
 eval_episode_return:  0.00
 train_episode_return:  0.00
 train_exploration_epsilon: 0.100
 train_frame_rate:  165
I1002 17:08:22.725625 47544520693568 run_miniworld.py:239] Data collection iteration 34.
I1002 17:10:53.495816 47544520693568 run_miniworld.py:246] Evaluation iteration 34.
I1002 17:11:02.131115 47544520693568 run_miniworld.py:263] iteration:  34
 frame: 850000
 eval_episode_return:  0.00
 train_episode_return:  0.00
 train_exploration_epsilon: 0.100
 train_frame_rate:  166
I1002 17:11:02.441603 47544520693568 run_miniworld.py:239] Data collection iteration 35.
I1002 17:13:33.198363 47544520693568 run_miniworld.py:246] Evaluation iteration 35.
I1002 17:13:41.929188 47544520693568 run_miniworld.py:263] iteration:  35
 frame: 875000
 eval_episode_return:  0.00
 train_episode_return:  0.04
 train_exploration_epsilon: 0.100
 train_frame_rate:  166
I1002 17:13:42.236010 47544520693568 run_miniworld.py:239] Data collection iteration 36.
I1002 17:16:13.741990 47544520693568 run_miniworld.py:246] Evaluation iteration 36.
I1002 17:16:22.453079 47544520693568 run_miniworld.py:263] iteration:  36
 frame: 900000
 eval_episode_return:  0.00
 train_episode_return:  0.00
 train_exploration_epsilon: 0.100
 train_frame_rate:  165
I1002 17:16:22.764562 47544520693568 run_miniworld.py:239] Data collection iteration 37.
I1002 17:18:55.010975 47544520693568 run_miniworld.py:246] Evaluation iteration 37.
I1002 17:19:03.974514 47544520693568 run_miniworld.py:263] iteration:  37
 frame: 925000
 eval_episode_return:  0.00
 train_episode_return:  0.04
 train_exploration_epsilon: 0.100
 train_frame_rate:  164
I1002 17:19:04.283598 47544520693568 run_miniworld.py:239] Data collection iteration 38.
I1002 17:21:36.434320 47544520693568 run_miniworld.py:246] Evaluation iteration 38.
I1002 17:21:45.110981 47544520693568 run_miniworld.py:263] iteration:  38
 frame: 950000
 eval_episode_return:  0.00
 train_episode_return:  0.00
 train_exploration_epsilon: 0.100
 train_frame_rate:  164
I1002 17:21:45.418016 47544520693568 run_miniworld.py:239] Data collection iteration 39.
I1002 17:24:17.782254 47544520693568 run_miniworld.py:246] Evaluation iteration 39.
I1002 17:24:25.953887 47544520693568 run_miniworld.py:263] iteration:  39
 frame: 975000
 eval_episode_return:  0.00
 train_episode_return:  0.00
 train_exploration_epsilon: 0.100
 train_frame_rate:  164
I1002 17:24:26.257025 47544520693568 run_miniworld.py:239] Data collection iteration 40.
I1002 17:26:58.935654 47544520693568 run_miniworld.py:246] Evaluation iteration 40.
I1002 17:27:08.142135 47544520693568 run_miniworld.py:263] iteration:  40
 frame: 1000000
 eval_episode_return:  0.00
 train_episode_return:  0.00
 train_exploration_epsilon: 0.100
 train_frame_rate:  164
I1002 17:27:08.450003 47544520693568 run_miniworld.py:239] Data collection iteration 41.
I1002 17:29:40.937076 47544520693568 run_miniworld.py:246] Evaluation iteration 41.
I1002 17:29:50.085642 47544520693568 run_miniworld.py:263] iteration:  41
 frame: 1025000
 eval_episode_return:  0.00
 train_episode_return:  0.00
 train_exploration_epsilon: 0.100
 train_frame_rate:  164
I1002 17:29:50.396568 47544520693568 run_miniworld.py:239] Data collection iteration 42.
I1002 17:32:23.287685 47544520693568 run_miniworld.py:246] Evaluation iteration 42.
I1002 17:32:32.290869 47544520693568 run_miniworld.py:263] iteration:  42
 frame: 1050000
 eval_episode_return:  0.00
 train_episode_return:  0.08
 train_exploration_epsilon: 0.100
 train_frame_rate:  164
I1002 17:32:32.603225 47544520693568 run_miniworld.py:239] Data collection iteration 43.
I1002 17:35:04.963128 47544520693568 run_miniworld.py:246] Evaluation iteration 43.
I1002 17:35:13.823559 47544520693568 run_miniworld.py:263] iteration:  43
 frame: 1075000
 eval_episode_return:  0.00
 train_episode_return:  0.00
 train_exploration_epsilon: 0.100
 train_frame_rate:  164
I1002 17:35:14.136963 47544520693568 run_miniworld.py:239] Data collection iteration 44.
I1002 17:37:46.067173 47544520693568 run_miniworld.py:246] Evaluation iteration 44.
I1002 17:37:54.902262 47544520693568 run_miniworld.py:263] iteration:  44
 frame: 1100000
 eval_episode_return:  0.00
 train_episode_return:  0.00
 train_exploration_epsilon: 0.100
 train_frame_rate:  165
I1002 17:37:55.214000 47544520693568 run_miniworld.py:239] Data collection iteration 45.
I1002 17:40:28.671363 47544520693568 run_miniworld.py:246] Evaluation iteration 45.
I1002 17:40:37.504561 47544520693568 run_miniworld.py:263] iteration:  45
 frame: 1125000
 eval_episode_return:  0.00
 train_episode_return:  0.08
 train_exploration_epsilon: 0.100
 train_frame_rate:  163
I1002 17:40:37.816442 47544520693568 run_miniworld.py:239] Data collection iteration 46.
I1002 17:43:10.527933 47544520693568 run_miniworld.py:246] Evaluation iteration 46.
I1002 17:43:19.221149 47544520693568 run_miniworld.py:263] iteration:  46
 frame: 1150000
 eval_episode_return:  0.00
 train_episode_return:  0.00
 train_exploration_epsilon: 0.100
 train_frame_rate:  164
I1002 17:43:19.590371 47544520693568 run_miniworld.py:239] Data collection iteration 47.
I1002 17:45:52.510082 47544520693568 run_miniworld.py:246] Evaluation iteration 47.
I1002 17:46:01.201996 47544520693568 run_miniworld.py:263] iteration:  47
 frame: 1175000
 eval_episode_return:  0.00
 train_episode_return:  0.00
 train_exploration_epsilon: 0.100
 train_frame_rate:  163
I1002 17:46:01.514782 47544520693568 run_miniworld.py:239] Data collection iteration 48.
I1002 17:48:34.531941 47544520693568 run_miniworld.py:246] Evaluation iteration 48.
I1002 17:48:43.421378 47544520693568 run_miniworld.py:263] iteration:  48
 frame: 1200000
 eval_episode_return:  0.00
 train_episode_return:  0.00
 train_exploration_epsilon: 0.100
 train_frame_rate:  163
I1002 17:48:43.736185 47544520693568 run_miniworld.py:239] Data collection iteration 49.
I1002 17:51:16.433625 47544520693568 run_miniworld.py:246] Evaluation iteration 49.
I1002 17:51:25.690048 47544520693568 run_miniworld.py:263] iteration:  49
 frame: 1225000
 eval_episode_return:  0.00
 train_episode_return:  0.04
 train_exploration_epsilon: 0.100
 train_frame_rate:  164
I1002 17:51:26.003654 47544520693568 run_miniworld.py:239] Data collection iteration 50.
I1002 17:53:59.615267 47544520693568 run_miniworld.py:246] Evaluation iteration 50.
I1002 17:54:08.522409 47544520693568 run_miniworld.py:263] iteration:  50
 frame: 1250000
 eval_episode_return:  0.00
 train_episode_return:  0.04
 train_exploration_epsilon: 0.100
 train_frame_rate:  163
I1002 17:54:08.844654 47544520693568 run_miniworld.py:239] Data collection iteration 51.
I1002 17:56:41.531488 47544520693568 run_miniworld.py:246] Evaluation iteration 51.
I1002 17:56:50.186668 47544520693568 run_miniworld.py:263] iteration:  51
 frame: 1275000
 eval_episode_return:  0.00
 train_episode_return:  0.08
 train_exploration_epsilon: 0.100
 train_frame_rate:  164
I1002 17:56:50.503359 47544520693568 run_miniworld.py:239] Data collection iteration 52.
I1002 17:59:23.867182 47544520693568 run_miniworld.py:246] Evaluation iteration 52.
I1002 17:59:32.794069 47544520693568 run_miniworld.py:263] iteration:  52
 frame: 1300000
 eval_episode_return:  0.00
 train_episode_return:  0.00
 train_exploration_epsilon: 0.100
 train_frame_rate:  163
I1002 17:59:33.109956 47544520693568 run_miniworld.py:239] Data collection iteration 53.
I1002 18:02:06.169167 47544520693568 run_miniworld.py:246] Evaluation iteration 53.
I1002 18:02:15.360025 47544520693568 run_miniworld.py:263] iteration:  53
 frame: 1325000
 eval_episode_return:  0.00
 train_episode_return:  0.00
 train_exploration_epsilon: 0.100
 train_frame_rate:  163
I1002 18:02:15.675105 47544520693568 run_miniworld.py:239] Data collection iteration 54.
I1002 18:04:48.825617 47544520693568 run_miniworld.py:246] Evaluation iteration 54.
I1002 18:04:57.665420 47544520693568 run_miniworld.py:263] iteration:  54
 frame: 1350000
 eval_episode_return:  0.00
 train_episode_return:  0.04
 train_exploration_epsilon: 0.100
 train_frame_rate:  163
I1002 18:04:57.979259 47544520693568 run_miniworld.py:239] Data collection iteration 55.
I1002 18:07:31.223910 47544520693568 run_miniworld.py:246] Evaluation iteration 55.
I1002 18:07:39.957418 47544520693568 run_miniworld.py:263] iteration:  55
 frame: 1375000
 eval_episode_return:  0.00
 train_episode_return:  0.00
 train_exploration_epsilon: 0.100
 train_frame_rate:  163
I1002 18:07:40.266788 47544520693568 run_miniworld.py:239] Data collection iteration 56.
I1002 18:10:13.452600 47544520693568 run_miniworld.py:246] Evaluation iteration 56.
I1002 18:10:22.261715 47544520693568 run_miniworld.py:263] iteration:  56
 frame: 1400000
 eval_episode_return:  0.00
 train_episode_return:  0.00
 train_exploration_epsilon: 0.100
 train_frame_rate:  163
I1002 18:10:22.578049 47544520693568 run_miniworld.py:239] Data collection iteration 57.
I1002 18:12:56.535811 47544520693568 run_miniworld.py:246] Evaluation iteration 57.
I1002 18:13:05.483977 47544520693568 run_miniworld.py:263] iteration:  57
 frame: 1425000
 eval_episode_return:  0.00
 train_episode_return:  0.08
 train_exploration_epsilon: 0.100
 train_frame_rate:  162
I1002 18:13:05.796361 47544520693568 run_miniworld.py:239] Data collection iteration 58.
I1002 18:15:40.734488 47544520693568 run_miniworld.py:246] Evaluation iteration 58.
I1002 18:15:49.597310 47544520693568 run_miniworld.py:263] iteration:  58
 frame: 1450000
 eval_episode_return:  0.00
 train_episode_return:  0.00
 train_exploration_epsilon: 0.100
 train_frame_rate:  161
I1002 18:15:49.904745 47544520693568 run_miniworld.py:239] Data collection iteration 59.
I1002 18:20:39.065709 47544520693568 run_miniworld.py:246] Evaluation iteration 59.
I1002 18:20:47.998549 47544520693568 run_miniworld.py:263] iteration:  59
 frame: 1475000
 eval_episode_return:  0.00
 train_episode_return:  0.08
 train_exploration_epsilon: 0.100
 train_frame_rate:   86
I1002 18:20:48.311441 47544520693568 run_miniworld.py:239] Data collection iteration 60.
I1002 18:23:22.075396 47544520693568 run_miniworld.py:246] Evaluation iteration 60.
I1002 18:23:30.921806 47544520693568 run_miniworld.py:263] iteration:  60
 frame: 1500000
 eval_episode_return:  0.00
 train_episode_return:  0.00
 train_exploration_epsilon: 0.100
 train_frame_rate:  163
I1002 18:23:31.237817 47544520693568 run_miniworld.py:239] Data collection iteration 61.
I1002 18:26:04.892836 47544520693568 run_miniworld.py:246] Evaluation iteration 61.
I1002 18:26:13.898493 47544520693568 run_miniworld.py:263] iteration:  61
 frame: 1525000
 eval_episode_return:  0.00
 train_episode_return:  0.00
 train_exploration_epsilon: 0.100
 train_frame_rate:  163
I1002 18:26:14.215239 47544520693568 run_miniworld.py:239] Data collection iteration 62.
I1002 18:28:48.716369 47544520693568 run_miniworld.py:246] Evaluation iteration 62.
I1002 18:28:57.766434 47544520693568 run_miniworld.py:263] iteration:  62
 frame: 1550000
 eval_episode_return:  0.00
 train_episode_return:  0.08
 train_exploration_epsilon: 0.100
 train_frame_rate:  162
I1002 18:28:58.074424 47544520693568 run_miniworld.py:239] Data collection iteration 63.
I1002 18:31:32.313420 47544520693568 run_miniworld.py:246] Evaluation iteration 63.
I1002 18:31:41.204359 47544520693568 run_miniworld.py:263] iteration:  63
 frame: 1575000
 eval_episode_return:  0.00
 train_episode_return:  0.26
 train_exploration_epsilon: 0.100
 train_frame_rate:  162
I1002 18:31:41.512803 47544520693568 run_miniworld.py:239] Data collection iteration 64.
I1002 18:34:14.990254 47544520693568 run_miniworld.py:246] Evaluation iteration 64.
I1002 18:34:23.761743 47544520693568 run_miniworld.py:263] iteration:  64
 frame: 1600000
 eval_episode_return:  0.00
 train_episode_return:  0.04
 train_exploration_epsilon: 0.100
 train_frame_rate:  163
I1002 18:34:24.074486 47544520693568 run_miniworld.py:239] Data collection iteration 65.
I1002 18:36:57.542961 47544520693568 run_miniworld.py:246] Evaluation iteration 65.
I1002 18:37:06.597259 47544520693568 run_miniworld.py:263] iteration:  65
 frame: 1625000
 eval_episode_return:  0.00
 train_episode_return:  0.04
 train_exploration_epsilon: 0.100
 train_frame_rate:  163
I1002 18:37:06.911975 47544520693568 run_miniworld.py:239] Data collection iteration 66.
I1002 18:39:40.142772 47544520693568 run_miniworld.py:246] Evaluation iteration 66.
I1002 18:39:49.107153 47544520693568 run_miniworld.py:263] iteration:  66
 frame: 1650000
 eval_episode_return:  0.00
 train_episode_return:  0.08
 train_exploration_epsilon: 0.100
 train_frame_rate:  163
I1002 18:39:49.484522 47544520693568 run_miniworld.py:239] Data collection iteration 67.
I1002 18:42:23.997289 47544520693568 run_miniworld.py:246] Evaluation iteration 67.
I1002 18:42:32.941790 47544520693568 run_miniworld.py:263] iteration:  67
 frame: 1675000
 eval_episode_return:  0.00
 train_episode_return:  0.08
 train_exploration_epsilon: 0.100
 train_frame_rate:  162
I1002 18:42:33.257740 47544520693568 run_miniworld.py:239] Data collection iteration 68.
I1002 18:45:07.450518 47544520693568 run_miniworld.py:246] Evaluation iteration 68.
I1002 18:45:16.615067 47544520693568 run_miniworld.py:263] iteration:  68
 frame: 1700000
 eval_episode_return:  0.00
 train_episode_return:  0.04
 train_exploration_epsilon: 0.100
 train_frame_rate:  162
I1002 18:45:16.930075 47544520693568 run_miniworld.py:239] Data collection iteration 69.
I1002 18:47:50.361183 47544520693568 run_miniworld.py:246] Evaluation iteration 69.
I1002 18:47:59.376088 47544520693568 run_miniworld.py:263] iteration:  69
 frame: 1725000
 eval_episode_return:  0.00
 train_episode_return:  0.08
 train_exploration_epsilon: 0.100
 train_frame_rate:  163
I1002 18:47:59.693270 47544520693568 run_miniworld.py:239] Data collection iteration 70.
I1002 18:50:33.702210 47544520693568 run_miniworld.py:246] Evaluation iteration 70.
I1002 18:50:42.560156 47544520693568 run_miniworld.py:263] iteration:  70
 frame: 1750000
 eval_episode_return:  0.00
 train_episode_return:  0.12
 train_exploration_epsilon: 0.100
 train_frame_rate:  162
I1002 18:50:42.873290 47544520693568 run_miniworld.py:239] Data collection iteration 71.
I1002 18:53:16.688948 47544520693568 run_miniworld.py:246] Evaluation iteration 71.
I1002 18:53:26.360691 47544520693568 run_miniworld.py:263] iteration:  71
 frame: 1775000
 eval_episode_return:  0.00
 train_episode_return:  0.08
 train_exploration_epsilon: 0.100
 train_frame_rate:  163
I1002 18:53:26.676086 47544520693568 run_miniworld.py:239] Data collection iteration 72.
I1002 18:56:01.554496 47544520693568 run_miniworld.py:246] Evaluation iteration 72.
I1002 18:56:10.583220 47544520693568 run_miniworld.py:263] iteration:  72
 frame: 1800000
 eval_episode_return:  0.00
 train_episode_return:  0.04
 train_exploration_epsilon: 0.100
 train_frame_rate:  161
I1002 18:56:10.896938 47544520693568 run_miniworld.py:239] Data collection iteration 73.
I1002 18:58:45.077584 47544520693568 run_miniworld.py:246] Evaluation iteration 73.
I1002 18:58:53.883408 47544520693568 run_miniworld.py:263] iteration:  73
 frame: 1825000
 eval_episode_return:  0.00
 train_episode_return:  0.04
 train_exploration_epsilon: 0.100
 train_frame_rate:  162
I1002 18:58:54.197309 47544520693568 run_miniworld.py:239] Data collection iteration 74.
I1002 19:01:29.736874 47544520693568 run_miniworld.py:246] Evaluation iteration 74.
I1002 19:01:38.659672 47544520693568 run_miniworld.py:263] iteration:  74
 frame: 1850000
 eval_episode_return:  0.00
 train_episode_return:  0.30
 train_exploration_epsilon: 0.100
 train_frame_rate:  161
I1002 19:01:38.982954 47544520693568 run_miniworld.py:239] Data collection iteration 75.
I1002 19:04:13.110969 47544520693568 run_miniworld.py:246] Evaluation iteration 75.
I1002 19:04:22.247693 47544520693568 run_miniworld.py:263] iteration:  75
 frame: 1875000
 eval_episode_return:  0.00
 train_episode_return:  0.08
 train_exploration_epsilon: 0.100
 train_frame_rate:  162
I1002 19:04:22.566056 47544520693568 run_miniworld.py:239] Data collection iteration 76.
I1002 19:06:57.306800 47544520693568 run_miniworld.py:246] Evaluation iteration 76.
I1002 19:07:06.183475 47544520693568 run_miniworld.py:263] iteration:  76
 frame: 1900000
 eval_episode_return:  0.00
 train_episode_return:  0.08
 train_exploration_epsilon: 0.100
 train_frame_rate:  162
I1002 19:07:06.496133 47544520693568 run_miniworld.py:239] Data collection iteration 77.
I1002 19:09:40.891739 47544520693568 run_miniworld.py:246] Evaluation iteration 77.
I1002 19:09:49.670463 47544520693568 run_miniworld.py:263] iteration:  77
 frame: 1925000
 eval_episode_return:  0.00
 train_episode_return:  0.08
 train_exploration_epsilon: 0.100
 train_frame_rate:  162
I1002 19:09:49.984297 47544520693568 run_miniworld.py:239] Data collection iteration 78.
I1002 19:12:25.079946 47544520693568 run_miniworld.py:246] Evaluation iteration 78.
I1002 19:12:33.958554 47544520693568 run_miniworld.py:263] iteration:  78
 frame: 1950000
 eval_episode_return:  0.00
 train_episode_return:  0.15
 train_exploration_epsilon: 0.100
 train_frame_rate:  161
I1002 19:12:34.272039 47544520693568 run_miniworld.py:239] Data collection iteration 79.
I1002 19:15:09.654086 47544520693568 run_miniworld.py:246] Evaluation iteration 79.
I1002 19:15:18.206377 47544520693568 run_miniworld.py:263] iteration:  79
 frame: 1975000
 eval_episode_return:  0.00
 train_episode_return:  0.15
 train_exploration_epsilon: 0.100
 train_frame_rate:  161
I1002 19:15:18.522944 47544520693568 run_miniworld.py:239] Data collection iteration 80.
I1002 19:17:52.920464 47544520693568 run_miniworld.py:246] Evaluation iteration 80.
I1002 19:18:01.551165 47544520693568 run_miniworld.py:263] iteration:  80
 frame: 2000000
 eval_episode_return:  0.00
 train_episode_return:  0.15
 train_exploration_epsilon: 0.100
 train_frame_rate:  162
I1002 19:18:01.869415 47544520693568 run_miniworld.py:239] Data collection iteration 81.
I1002 19:20:36.292073 47544520693568 run_miniworld.py:246] Evaluation iteration 81.
I1002 19:20:44.729182 47544520693568 run_miniworld.py:263] iteration:  81
 frame: 2025000
 eval_episode_return:  0.00
 train_episode_return:  0.12
 train_exploration_epsilon: 0.100
 train_frame_rate:  162
I1002 19:20:45.042979 47544520693568 run_miniworld.py:239] Data collection iteration 82.
I1002 19:23:18.425071 47544520693568 run_miniworld.py:246] Evaluation iteration 82.
I1002 19:23:27.764370 47544520693568 run_miniworld.py:263] iteration:  82
 frame: 2050000
 eval_episode_return:  0.00
 train_episode_return:  0.12
 train_exploration_epsilon: 0.100
 train_frame_rate:  163
I1002 19:23:28.087977 47544520693568 run_miniworld.py:239] Data collection iteration 83.
I1002 19:26:01.712030 47544520693568 run_miniworld.py:246] Evaluation iteration 83.
I1002 19:26:10.730715 47544520693568 run_miniworld.py:263] iteration:  83
 frame: 2075000
 eval_episode_return:  0.00
 train_episode_return:  0.19
 train_exploration_epsilon: 0.100
 train_frame_rate:  163
I1002 19:26:11.053275 47544520693568 run_miniworld.py:239] Data collection iteration 84.
I1002 19:28:44.093254 47544520693568 run_miniworld.py:246] Evaluation iteration 84.
I1002 19:28:53.205049 47544520693568 run_miniworld.py:263] iteration:  84
 frame: 2100000
 eval_episode_return:  0.00
 train_episode_return:  0.04
 train_exploration_epsilon: 0.100
 train_frame_rate:  163
I1002 19:28:53.523118 47544520693568 run_miniworld.py:239] Data collection iteration 85.
I1002 19:31:28.394011 47544520693568 run_miniworld.py:246] Evaluation iteration 85.
I1002 19:31:37.493007 47544520693568 run_miniworld.py:263] iteration:  85
 frame: 2125000
 eval_episode_return:  0.00
 train_episode_return:  0.19
 train_exploration_epsilon: 0.100
 train_frame_rate:  161
I1002 19:31:37.814207 47544520693568 run_miniworld.py:239] Data collection iteration 86.
I1002 19:34:11.878862 47544520693568 run_miniworld.py:246] Evaluation iteration 86.
I1002 19:34:20.825870 47544520693568 run_miniworld.py:263] iteration:  86
 frame: 2150000
 eval_episode_return:  0.00
 train_episode_return:  0.15
 train_exploration_epsilon: 0.100
 train_frame_rate:  162
I1002 19:34:21.144437 47544520693568 run_miniworld.py:239] Data collection iteration 87.
I1002 19:36:55.141729 47544520693568 run_miniworld.py:246] Evaluation iteration 87.
I1002 19:37:03.869741 47544520693568 run_miniworld.py:263] iteration:  87
 frame: 2175000
 eval_episode_return:  0.00
 train_episode_return:  0.08
 train_exploration_epsilon: 0.100
 train_frame_rate:  162
I1002 19:37:04.192659 47544520693568 run_miniworld.py:239] Data collection iteration 88.
I1002 19:39:39.113004 47544520693568 run_miniworld.py:246] Evaluation iteration 88.
I1002 19:39:48.029882 47544520693568 run_miniworld.py:263] iteration:  88
 frame: 2200000
 eval_episode_return:  0.00
 train_episode_return:  0.19
 train_exploration_epsilon: 0.100
 train_frame_rate:  161
I1002 19:39:48.352344 47544520693568 run_miniworld.py:239] Data collection iteration 89.
I1002 19:42:23.260917 47544520693568 run_miniworld.py:246] Evaluation iteration 89.
I1002 19:42:32.888577 47544520693568 run_miniworld.py:263] iteration:  89
 frame: 2225000
 eval_episode_return:  0.00
 train_episode_return:  0.15
 train_exploration_epsilon: 0.100
 train_frame_rate:  161
I1002 19:42:33.208177 47544520693568 run_miniworld.py:239] Data collection iteration 90.
I1002 19:45:08.437086 47544520693568 run_miniworld.py:246] Evaluation iteration 90.
I1002 19:45:17.662948 47544520693568 run_miniworld.py:263] iteration:  90
 frame: 2250000
 eval_episode_return:  0.00
 train_episode_return:  0.32
 train_exploration_epsilon: 0.100
 train_frame_rate:  161
I1002 19:45:17.987655 47544520693568 run_miniworld.py:239] Data collection iteration 91.
I1002 19:47:53.411862 47544520693568 run_miniworld.py:246] Evaluation iteration 91.
I1002 19:48:02.048633 47544520693568 run_miniworld.py:263] iteration:  91
 frame: 2275000
 eval_episode_return:  0.00
 train_episode_return:  0.08
 train_exploration_epsilon: 0.100
 train_frame_rate:  161
I1002 19:48:02.368792 47544520693568 run_miniworld.py:239] Data collection iteration 92.
I1002 19:50:36.264896 47544520693568 run_miniworld.py:246] Evaluation iteration 92.
I1002 19:50:45.264260 47544520693568 run_miniworld.py:263] iteration:  92
 frame: 2300000
 eval_episode_return:  0.00
 train_episode_return:  0.15
 train_exploration_epsilon: 0.100
 train_frame_rate:  162
I1002 19:50:45.584303 47544520693568 run_miniworld.py:239] Data collection iteration 93.
I1002 19:53:20.817868 47544520693568 run_miniworld.py:246] Evaluation iteration 93.
I1002 19:53:29.954116 47544520693568 run_miniworld.py:263] iteration:  93
 frame: 2325000
 eval_episode_return:  0.00
 train_episode_return:  0.26
 train_exploration_epsilon: 0.100
 train_frame_rate:  161
I1002 19:53:30.274227 47544520693568 run_miniworld.py:239] Data collection iteration 94.
I1002 19:56:04.511692 47544520693568 run_miniworld.py:246] Evaluation iteration 94.
I1002 19:56:13.786091 47544520693568 run_miniworld.py:263] iteration:  94
 frame: 2350000
 eval_episode_return:  0.00
 train_episode_return:  0.15
 train_exploration_epsilon: 0.100
 train_frame_rate:  162
I1002 19:56:14.106786 47544520693568 run_miniworld.py:239] Data collection iteration 95.
I1002 19:58:48.778539 47544520693568 run_miniworld.py:246] Evaluation iteration 95.
I1002 19:58:57.622632 47544520693568 run_miniworld.py:263] iteration:  95
 frame: 2375000
 eval_episode_return:  0.00
 train_episode_return:  0.19
 train_exploration_epsilon: 0.100
 train_frame_rate:  162
I1002 19:58:57.949745 47544520693568 run_miniworld.py:239] Data collection iteration 96.
I1002 20:01:32.931764 47544520693568 run_miniworld.py:246] Evaluation iteration 96.
I1002 20:01:42.373193 47544520693568 run_miniworld.py:263] iteration:  96
 frame: 2400000
 eval_episode_return:  0.00
 train_episode_return:  0.08
 train_exploration_epsilon: 0.100
 train_frame_rate:  161
I1002 20:01:42.701242 47544520693568 run_miniworld.py:239] Data collection iteration 97.
I1002 20:04:18.407769 47544520693568 run_miniworld.py:246] Evaluation iteration 97.
I1002 20:04:27.614411 47544520693568 run_miniworld.py:263] iteration:  97
 frame: 2425000
 eval_episode_return:  0.00
 train_episode_return:  0.04
 train_exploration_epsilon: 0.100
 train_frame_rate:  161
I1002 20:04:27.941496 47544520693568 run_miniworld.py:239] Data collection iteration 98.
I1002 20:07:03.840979 47544520693568 run_miniworld.py:246] Evaluation iteration 98.
I1002 20:07:13.067767 47544520693568 run_miniworld.py:263] iteration:  98
 frame: 2450000
 eval_episode_return:  0.00
 train_episode_return:  0.19
 train_exploration_epsilon: 0.100
 train_frame_rate:  160
I1002 20:07:13.396643 47544520693568 run_miniworld.py:239] Data collection iteration 99.
I1002 20:09:47.862809 47544520693568 run_miniworld.py:246] Evaluation iteration 99.
I1002 20:09:56.957304 47544520693568 run_miniworld.py:263] iteration:  99
 frame: 2475000
 eval_episode_return:  0.00
 train_episode_return:  0.08
 train_exploration_epsilon: 0.100
 train_frame_rate:  162
I1002 20:09:57.278669 47544520693568 run_miniworld.py:239] Data collection iteration 100.
I1002 20:12:31.548812 47544520693568 run_miniworld.py:246] Evaluation iteration 100.
I1002 20:12:40.867528 47544520693568 run_miniworld.py:263] iteration: 100
 frame: 2500000
 eval_episode_return:  0.00
 train_episode_return:  0.04
 train_exploration_epsilon: 0.100
 train_frame_rate:  162
I1002 20:12:41.190124 47544520693568 run_miniworld.py:239] Data collection iteration 101.
I1002 20:15:15.618557 47544520693568 run_miniworld.py:246] Evaluation iteration 101.
I1002 20:15:24.532704 47544520693568 run_miniworld.py:263] iteration: 101
 frame: 2525000
 eval_episode_return:  0.00
 train_episode_return:  0.00
 train_exploration_epsilon: 0.100
 train_frame_rate:  162
I1002 20:15:24.854137 47544520693568 run_miniworld.py:239] Data collection iteration 102.
I1002 20:17:59.931168 47544520693568 run_miniworld.py:246] Evaluation iteration 102.
I1002 20:18:08.799838 47544520693568 run_miniworld.py:263] iteration: 102
 frame: 2550000
 eval_episode_return:  0.00
 train_episode_return:  0.04
 train_exploration_epsilon: 0.100
 train_frame_rate:  161
I1002 20:18:09.123259 47544520693568 run_miniworld.py:239] Data collection iteration 103.
I1002 20:20:44.895266 47544520693568 run_miniworld.py:246] Evaluation iteration 103.
I1002 20:20:54.110115 47544520693568 run_miniworld.py:263] iteration: 103
 frame: 2575000
 eval_episode_return:  0.00
 train_episode_return:  0.00
 train_exploration_epsilon: 0.100
 train_frame_rate:  160
I1002 20:20:54.437942 47544520693568 run_miniworld.py:239] Data collection iteration 104.
I1002 20:23:28.882517 47544520693568 run_miniworld.py:246] Evaluation iteration 104.
I1002 20:23:38.322920 47544520693568 run_miniworld.py:263] iteration: 104
 frame: 2600000
 eval_episode_return:  0.00
 train_episode_return:  0.00
 train_exploration_epsilon: 0.100
 train_frame_rate:  162
I1002 20:23:38.645419 47544520693568 run_miniworld.py:239] Data collection iteration 105.
I1002 20:26:13.218702 47544520693568 run_miniworld.py:246] Evaluation iteration 105.
I1002 20:26:21.848679 47544520693568 run_miniworld.py:263] iteration: 105
 frame: 2625000
 eval_episode_return:  0.00
 train_episode_return:  0.04
 train_exploration_epsilon: 0.100
 train_frame_rate:  162
I1002 20:26:22.175046 47544520693568 run_miniworld.py:239] Data collection iteration 106.
I1002 20:28:56.626719 47544520693568 run_miniworld.py:246] Evaluation iteration 106.
I1002 20:29:05.257473 47544520693568 run_miniworld.py:263] iteration: 106
 frame: 2650000
 eval_episode_return:  0.00
 train_episode_return:  0.00
 train_exploration_epsilon: 0.100
 train_frame_rate:  162
I1002 20:29:05.581164 47544520693568 run_miniworld.py:239] Data collection iteration 107.
I1002 20:31:40.132420 47544520693568 run_miniworld.py:246] Evaluation iteration 107.
I1002 20:31:49.592199 47544520693568 run_miniworld.py:263] iteration: 107
 frame: 2675000
 eval_episode_return:  0.00
 train_episode_return:  0.04
 train_exploration_epsilon: 0.100
 train_frame_rate:  162
I1002 20:31:49.916542 47544520693568 run_miniworld.py:239] Data collection iteration 108.
I1002 20:34:24.820433 47544520693568 run_miniworld.py:246] Evaluation iteration 108.
I1002 20:34:34.123469 47544520693568 run_miniworld.py:263] iteration: 108
 frame: 2700000
 eval_episode_return:  0.00
 train_episode_return:  0.04
 train_exploration_epsilon: 0.100
 train_frame_rate:  161
I1002 20:34:34.515580 47544520693568 run_miniworld.py:239] Data collection iteration 109.
I1002 20:37:10.344749 47544520693568 run_miniworld.py:246] Evaluation iteration 109.
I1002 20:37:19.228581 47544520693568 run_miniworld.py:263] iteration: 109
 frame: 2725000
 eval_episode_return:  0.00
 train_episode_return:  0.04
 train_exploration_epsilon: 0.100
 train_frame_rate:  160
I1002 20:37:19.604900 47544520693568 run_miniworld.py:239] Data collection iteration 110.
I1002 20:39:55.629016 47544520693568 run_miniworld.py:246] Evaluation iteration 110.
I1002 20:40:04.583820 47544520693568 run_miniworld.py:263] iteration: 110
 frame: 2750000
 eval_episode_return:  0.00
 train_episode_return:  0.00
 train_exploration_epsilon: 0.100
 train_frame_rate:  160
I1002 20:40:04.903525 47544520693568 run_miniworld.py:239] Data collection iteration 111.
I1002 20:42:40.944265 47544520693568 run_miniworld.py:246] Evaluation iteration 111.
I1002 20:42:50.067110 47544520693568 run_miniworld.py:263] iteration: 111
 frame: 2775000
 eval_episode_return:  0.00
 train_episode_return:  0.04
 train_exploration_epsilon: 0.100
 train_frame_rate:  160
I1002 20:42:50.394118 47544520693568 run_miniworld.py:239] Data collection iteration 112.
I1002 20:45:26.662961 47544520693568 run_miniworld.py:246] Evaluation iteration 112.
I1002 20:45:36.140494 47544520693568 run_miniworld.py:263] iteration: 112
 frame: 2800000
 eval_episode_return:  0.00
 train_episode_return:  0.00
 train_exploration_epsilon: 0.100
 train_frame_rate:  160
I1002 20:45:36.462646 47544520693568 run_miniworld.py:239] Data collection iteration 113.
I1002 20:48:13.564025 47544520693568 run_miniworld.py:246] Evaluation iteration 113.
I1002 20:48:22.572632 47544520693568 run_miniworld.py:263] iteration: 113
 frame: 2825000
 eval_episode_return:  0.00
 train_episode_return:  0.04
 train_exploration_epsilon: 0.100
 train_frame_rate:  159
I1002 20:48:22.896440 47544520693568 run_miniworld.py:239] Data collection iteration 114.
I1002 20:50:59.766100 47544520693568 run_miniworld.py:246] Evaluation iteration 114.
I1002 20:51:09.137108 47544520693568 run_miniworld.py:263] iteration: 114
 frame: 2850000
 eval_episode_return:  0.00
 train_episode_return:  0.04
 train_exploration_epsilon: 0.100
 train_frame_rate:  159
I1002 20:51:09.462374 47544520693568 run_miniworld.py:239] Data collection iteration 115.
I1002 20:53:47.116038 47544520693568 run_miniworld.py:246] Evaluation iteration 115.
I1002 20:53:56.596426 47544520693568 run_miniworld.py:263] iteration: 115
 frame: 2875000
 eval_episode_return:  0.00
 train_episode_return:  0.00
 train_exploration_epsilon: 0.100
 train_frame_rate:  159
I1002 20:53:56.914849 47544520693568 run_miniworld.py:239] Data collection iteration 116.
I1002 20:56:32.971320 47544520693568 run_miniworld.py:246] Evaluation iteration 116.
I1002 20:56:41.837265 47544520693568 run_miniworld.py:263] iteration: 116
 frame: 2900000
 eval_episode_return:  0.00
 train_episode_return:  0.08
 train_exploration_epsilon: 0.100
 train_frame_rate:  160
I1002 20:56:42.163440 47544520693568 run_miniworld.py:239] Data collection iteration 117.
I1002 20:59:17.908474 47544520693568 run_miniworld.py:246] Evaluation iteration 117.
I1002 20:59:27.080482 47544520693568 run_miniworld.py:263] iteration: 117
 frame: 2925000
 eval_episode_return:  0.00
 train_episode_return:  0.00
 train_exploration_epsilon: 0.100
 train_frame_rate:  161
I1002 20:59:27.405520 47544520693568 run_miniworld.py:239] Data collection iteration 118.
I1002 21:02:03.503916 47544520693568 run_miniworld.py:246] Evaluation iteration 118.
I1002 21:02:12.477453 47544520693568 run_miniworld.py:263] iteration: 118
 frame: 2950000
 eval_episode_return:  0.00
 train_episode_return:  0.04
 train_exploration_epsilon: 0.100
 train_frame_rate:  160
I1002 21:02:12.802744 47544520693568 run_miniworld.py:239] Data collection iteration 119.
I1002 21:04:50.175659 47544520693568 run_miniworld.py:246] Evaluation iteration 119.
I1002 21:04:59.581811 47544520693568 run_miniworld.py:263] iteration: 119
 frame: 2975000
 eval_episode_return:  0.00
 train_episode_return:  0.00
 train_exploration_epsilon: 0.100
 train_frame_rate:  159
I1002 21:04:59.907172 47544520693568 run_miniworld.py:239] Data collection iteration 120.
I1002 21:07:36.916348 47544520693568 run_miniworld.py:246] Evaluation iteration 120.
I1002 21:07:46.459793 47544520693568 run_miniworld.py:263] iteration: 120
 frame: 3000000
 eval_episode_return:  0.00
 train_episode_return:  0.04
 train_exploration_epsilon: 0.100
 train_frame_rate:  159
I1002 21:07:46.780288 47544520693568 run_miniworld.py:239] Data collection iteration 121.
I1002 21:10:22.100145 47544520693568 run_miniworld.py:246] Evaluation iteration 121.
I1002 21:10:31.618915 47544520693568 run_miniworld.py:263] iteration: 121
 frame: 3025000
 eval_episode_return:  0.00
 train_episode_return:  0.00
 train_exploration_epsilon: 0.100
 train_frame_rate:  161
I1002 21:10:31.942000 47544520693568 run_miniworld.py:239] Data collection iteration 122.
I1002 21:13:06.962097 47544520693568 run_miniworld.py:246] Evaluation iteration 122.
I1002 21:13:16.511773 47544520693568 run_miniworld.py:263] iteration: 122
 frame: 3050000
 eval_episode_return:  0.00
 train_episode_return:  0.04
 train_exploration_epsilon: 0.100
 train_frame_rate:  161
I1002 21:13:16.846175 47544520693568 run_miniworld.py:239] Data collection iteration 123.
I1002 21:15:51.363622 47544520693568 run_miniworld.py:246] Evaluation iteration 123.
I1002 21:16:01.045130 47544520693568 run_miniworld.py:263] iteration: 123
 frame: 3075000
 eval_episode_return:  0.00
 train_episode_return:  0.00
 train_exploration_epsilon: 0.100
 train_frame_rate:  162
I1002 21:16:01.366507 47544520693568 run_miniworld.py:239] Data collection iteration 124.
I1002 21:18:36.392933 47544520693568 run_miniworld.py:246] Evaluation iteration 124.
I1002 21:18:45.791315 47544520693568 run_miniworld.py:263] iteration: 124
 frame: 3100000
 eval_episode_return:  0.00
 train_episode_return:  0.00
 train_exploration_epsilon: 0.100
 train_frame_rate:  161
I1002 21:18:46.116886 47544520693568 run_miniworld.py:239] Data collection iteration 125.
I1002 21:21:23.460031 47544520693568 run_miniworld.py:246] Evaluation iteration 125.
I1002 21:21:32.648137 47544520693568 run_miniworld.py:263] iteration: 125
 frame: 3125000
 eval_episode_return:  0.00
 train_episode_return:  0.00
 train_exploration_epsilon: 0.100
 train_frame_rate:  159
I1002 21:21:32.969102 47544520693568 run_miniworld.py:239] Data collection iteration 126.
I1002 21:24:05.536106 47544520693568 run_miniworld.py:246] Evaluation iteration 126.
I1002 21:24:14.891836 47544520693568 run_miniworld.py:263] iteration: 126
 frame: 3150000
 eval_episode_return:  0.00
 train_episode_return:  0.00
 train_exploration_epsilon: 0.100
 train_frame_rate:  164
I1002 21:24:15.213239 47544520693568 run_miniworld.py:239] Data collection iteration 127.
I1002 21:26:48.877180 47544520693568 run_miniworld.py:246] Evaluation iteration 127.
I1002 21:26:58.178914 47544520693568 run_miniworld.py:263] iteration: 127
 frame: 3175000
 eval_episode_return:  0.00
 train_episode_return:  0.04
 train_exploration_epsilon: 0.100
 train_frame_rate:  163
I1002 21:26:58.500702 47544520693568 run_miniworld.py:239] Data collection iteration 128.
I1002 21:29:34.622123 47544520693568 run_miniworld.py:246] Evaluation iteration 128.
I1002 21:29:44.116549 47544520693568 run_miniworld.py:263] iteration: 128
 frame: 3200000
 eval_episode_return:  0.00
 train_episode_return:  0.00
 train_exploration_epsilon: 0.100
 train_frame_rate:  160
I1002 21:29:44.437997 47544520693568 run_miniworld.py:239] Data collection iteration 129.
I1002 21:32:19.426568 47544520693568 run_miniworld.py:246] Evaluation iteration 129.
I1002 21:32:28.763675 47544520693568 run_miniworld.py:263] iteration: 129
 frame: 3225000
 eval_episode_return:  0.00
 train_episode_return:  0.00
 train_exploration_epsilon: 0.100
 train_frame_rate:  161
I1002 21:32:29.088632 47544520693568 run_miniworld.py:239] Data collection iteration 130.
I1002 21:37:04.231364 47544520693568 run_miniworld.py:246] Evaluation iteration 130.
I1002 21:37:13.282015 47544520693568 run_miniworld.py:263] iteration: 130
 frame: 3250000
 eval_episode_return:  0.00
 train_episode_return:  0.00
 train_exploration_epsilon: 0.100
 train_frame_rate:   91
I1002 21:37:13.604536 47544520693568 run_miniworld.py:239] Data collection iteration 131.
I1002 21:39:49.366767 47544520693568 run_miniworld.py:246] Evaluation iteration 131.
I1002 21:39:58.487756 47544520693568 run_miniworld.py:263] iteration: 131
 frame: 3275000
 eval_episode_return:  0.00
 train_episode_return:  0.00
 train_exploration_epsilon: 0.100
 train_frame_rate:  161
I1002 21:39:58.836630 47544520693568 run_miniworld.py:239] Data collection iteration 132.
I1002 21:42:34.615808 47544520693568 run_miniworld.py:246] Evaluation iteration 132.
I1002 21:42:43.822762 47544520693568 run_miniworld.py:263] iteration: 132
 frame: 3300000
 eval_episode_return:  0.00
 train_episode_return:  0.00
 train_exploration_epsilon: 0.100
 train_frame_rate:  160
I1002 21:42:44.152140 47544520693568 run_miniworld.py:239] Data collection iteration 133.
I1002 21:45:20.051126 47544520693568 run_miniworld.py:246] Evaluation iteration 133.
I1002 21:45:29.446645 47544520693568 run_miniworld.py:263] iteration: 133
 frame: 3325000
 eval_episode_return:  0.00
 train_episode_return:  0.00
 train_exploration_epsilon: 0.100
 train_frame_rate:  160
I1002 21:45:29.770608 47544520693568 run_miniworld.py:239] Data collection iteration 134.
I1002 21:48:05.949794 47544520693568 run_miniworld.py:246] Evaluation iteration 134.
I1002 21:48:15.209076 47544520693568 run_miniworld.py:263] iteration: 134
 frame: 3350000
 eval_episode_return:  0.00
 train_episode_return:  0.00
 train_exploration_epsilon: 0.100
 train_frame_rate:  160
I1002 21:48:15.523988 47544520693568 run_miniworld.py:239] Data collection iteration 135.
I1002 21:50:51.505630 47544520693568 run_miniworld.py:246] Evaluation iteration 135.
I1002 21:51:00.609433 47544520693568 run_miniworld.py:263] iteration: 135
 frame: 3375000
 eval_episode_return:  0.00
 train_episode_return:  0.04
 train_exploration_epsilon: 0.100
 train_frame_rate:  160
I1002 21:51:00.925582 47544520693568 run_miniworld.py:239] Data collection iteration 136.
I1002 21:53:36.935217 47544520693568 run_miniworld.py:246] Evaluation iteration 136.
I1002 21:53:45.887272 47544520693568 run_miniworld.py:263] iteration: 136
 frame: 3400000
 eval_episode_return:  0.00
 train_episode_return:  0.04
 train_exploration_epsilon: 0.100
 train_frame_rate:  160
I1002 21:53:46.200022 47544520693568 run_miniworld.py:239] Data collection iteration 137.
I1002 21:56:22.287636 47544520693568 run_miniworld.py:246] Evaluation iteration 137.
I1002 21:56:30.875666 47544520693568 run_miniworld.py:263] iteration: 137
 frame: 3425000
 eval_episode_return:  0.00
 train_episode_return:  0.00
 train_exploration_epsilon: 0.100
 train_frame_rate:  160
I1002 21:56:31.192512 47544520693568 run_miniworld.py:239] Data collection iteration 138.
I1002 21:59:08.134212 47544520693568 run_miniworld.py:246] Evaluation iteration 138.
I1002 21:59:16.807451 47544520693568 run_miniworld.py:263] iteration: 138
 frame: 3450000
 eval_episode_return:  0.00
 train_episode_return:  0.00
 train_exploration_epsilon: 0.100
 train_frame_rate:  159
I1002 21:59:17.122322 47544520693568 run_miniworld.py:239] Data collection iteration 139.
I1002 22:01:52.850772 47544520693568 run_miniworld.py:246] Evaluation iteration 139.
I1002 22:02:02.164033 47544520693568 run_miniworld.py:263] iteration: 139
 frame: 3475000
 eval_episode_return:  0.00
 train_episode_return:  0.04
 train_exploration_epsilon: 0.100
 train_frame_rate:  161
I1002 22:02:02.476961 47544520693568 run_miniworld.py:239] Data collection iteration 140.
I1002 22:04:38.097706 47544520693568 run_miniworld.py:246] Evaluation iteration 140.
I1002 22:04:47.316521 47544520693568 run_miniworld.py:263] iteration: 140
 frame: 3500000
 eval_episode_return:  0.00
 train_episode_return:  0.00
 train_exploration_epsilon: 0.100
 train_frame_rate:  161
I1002 22:04:47.634051 47544520693568 run_miniworld.py:239] Data collection iteration 141.
I1002 22:07:23.902629 47544520693568 run_miniworld.py:246] Evaluation iteration 141.
I1002 22:07:33.689817 47544520693568 run_miniworld.py:263] iteration: 141
 frame: 3525000
 eval_episode_return:  0.00
 train_episode_return:  0.04
 train_exploration_epsilon: 0.100
 train_frame_rate:  160
I1002 22:07:34.006749 47544520693568 run_miniworld.py:239] Data collection iteration 142.
I1002 22:10:09.702574 47544520693568 run_miniworld.py:246] Evaluation iteration 142.
I1002 22:10:18.671614 47544520693568 run_miniworld.py:263] iteration: 142
 frame: 3550000
 eval_episode_return:  0.00
 train_episode_return:  0.04
 train_exploration_epsilon: 0.100
 train_frame_rate:  161
I1002 22:10:18.986038 47544520693568 run_miniworld.py:239] Data collection iteration 143.
I1002 22:12:55.524775 47544520693568 run_miniworld.py:246] Evaluation iteration 143.
I1002 22:13:04.899868 47544520693568 run_miniworld.py:263] iteration: 143
 frame: 3575000
 eval_episode_return:  0.00
 train_episode_return:  0.04
 train_exploration_epsilon: 0.100
 train_frame_rate:  160
I1002 22:13:05.216588 47544520693568 run_miniworld.py:239] Data collection iteration 144.
I1002 22:15:40.933376 47544520693568 run_miniworld.py:246] Evaluation iteration 144.
I1002 22:15:49.540839 47544520693568 run_miniworld.py:263] iteration: 144
 frame: 3600000
 eval_episode_return:  0.00
 train_episode_return:  0.00
 train_exploration_epsilon: 0.100
 train_frame_rate:  161
I1002 22:15:49.856949 47544520693568 run_miniworld.py:239] Data collection iteration 145.
I1002 22:18:26.225121 47544520693568 run_miniworld.py:246] Evaluation iteration 145.
I1002 22:18:35.651388 47544520693568 run_miniworld.py:263] iteration: 145
 frame: 3625000
 eval_episode_return:  0.00
 train_episode_return:  0.00
 train_exploration_epsilon: 0.100
 train_frame_rate:  160
I1002 22:18:35.975021 47544520693568 run_miniworld.py:239] Data collection iteration 146.
I1002 22:21:11.798983 47544520693568 run_miniworld.py:246] Evaluation iteration 146.
I1002 22:21:21.208267 47544520693568 run_miniworld.py:263] iteration: 146
 frame: 3650000
 eval_episode_return:  0.00
 train_episode_return:  0.00
 train_exploration_epsilon: 0.100
 train_frame_rate:  160
I1002 22:21:21.522217 47544520693568 run_miniworld.py:239] Data collection iteration 147.
I1002 22:23:57.973131 47544520693568 run_miniworld.py:246] Evaluation iteration 147.
I1002 22:24:07.318221 47544520693568 run_miniworld.py:263] iteration: 147
 frame: 3675000
 eval_episode_return:  0.00
 train_episode_return:  0.00
 train_exploration_epsilon: 0.100
 train_frame_rate:  160
I1002 22:24:07.632779 47544520693568 run_miniworld.py:239] Data collection iteration 148.
I1002 22:26:43.434226 47544520693568 run_miniworld.py:246] Evaluation iteration 148.
I1002 22:26:52.497752 47544520693568 run_miniworld.py:263] iteration: 148
 frame: 3700000
 eval_episode_return:  0.00
 train_episode_return:  0.04
 train_exploration_epsilon: 0.100
 train_frame_rate:  160
I1002 22:26:52.812256 47544520693568 run_miniworld.py:239] Data collection iteration 149.
I1002 22:29:28.287931 47544520693568 run_miniworld.py:246] Evaluation iteration 149.
I1002 22:29:37.289067 47544520693568 run_miniworld.py:263] iteration: 149
 frame: 3725000
 eval_episode_return:  0.00
 train_episode_return:  0.00
 train_exploration_epsilon: 0.100
 train_frame_rate:  161
I1002 22:29:37.605831 47544520693568 run_miniworld.py:239] Data collection iteration 150.
I1002 22:32:13.329591 47544520693568 run_miniworld.py:246] Evaluation iteration 150.
I1002 22:32:22.821861 47544520693568 run_miniworld.py:263] iteration: 150
 frame: 3750000
 eval_episode_return:  0.00
 train_episode_return:  0.04
 train_exploration_epsilon: 0.100
 train_frame_rate:  161
I1002 22:32:23.136559 47544520693568 run_miniworld.py:239] Data collection iteration 151.
I1002 22:34:59.943670 47544520693568 run_miniworld.py:246] Evaluation iteration 151.
I1002 22:35:09.239206 47544520693568 run_miniworld.py:263] iteration: 151
 frame: 3775000
 eval_episode_return:  0.00
 train_episode_return:  0.00
 train_exploration_epsilon: 0.100
 train_frame_rate:  159
I1002 22:35:09.555649 47544520693568 run_miniworld.py:239] Data collection iteration 152.
I1002 22:37:45.213090 47544520693568 run_miniworld.py:246] Evaluation iteration 152.
I1002 22:37:54.624132 47544520693568 run_miniworld.py:263] iteration: 152
 frame: 3800000
 eval_episode_return:  0.00
 train_episode_return:  0.04
 train_exploration_epsilon: 0.100
 train_frame_rate:  161
I1002 22:37:54.940388 47544520693568 run_miniworld.py:239] Data collection iteration 153.
I1002 22:40:30.792367 47544520693568 run_miniworld.py:246] Evaluation iteration 153.
I1002 22:40:39.976021 47544520693568 run_miniworld.py:263] iteration: 153
 frame: 3825000
 eval_episode_return:  0.00
 train_episode_return:  0.04
 train_exploration_epsilon: 0.100
 train_frame_rate:  160
I1002 22:40:40.291178 47544520693568 run_miniworld.py:239] Data collection iteration 154.
I1002 22:43:16.308824 47544520693568 run_miniworld.py:246] Evaluation iteration 154.
I1002 22:43:25.527629 47544520693568 run_miniworld.py:263] iteration: 154
 frame: 3850000
 eval_episode_return:  0.00
 train_episode_return:  0.00
 train_exploration_epsilon: 0.100
 train_frame_rate:  160
I1002 22:43:25.845623 47544520693568 run_miniworld.py:239] Data collection iteration 155.
I1002 22:46:01.685219 47544520693568 run_miniworld.py:246] Evaluation iteration 155.
I1002 22:46:10.799062 47544520693568 run_miniworld.py:263] iteration: 155
 frame: 3875000
 eval_episode_return:  0.00
 train_episode_return:  0.00
 train_exploration_epsilon: 0.100
 train_frame_rate:  160
I1002 22:46:11.114191 47544520693568 run_miniworld.py:239] Data collection iteration 156.
I1002 22:48:47.171861 47544520693568 run_miniworld.py:246] Evaluation iteration 156.
I1002 22:48:56.410963 47544520693568 run_miniworld.py:263] iteration: 156
 frame: 3900000
 eval_episode_return:  0.00
 train_episode_return:  0.00
 train_exploration_epsilon: 0.100
 train_frame_rate:  160
I1002 22:48:56.724853 47544520693568 run_miniworld.py:239] Data collection iteration 157.
I1002 22:51:32.109173 47544520693568 run_miniworld.py:246] Evaluation iteration 157.
I1002 22:51:41.213711 47544520693568 run_miniworld.py:263] iteration: 157
 frame: 3925000
 eval_episode_return:  0.00
 train_episode_return:  0.00
 train_exploration_epsilon: 0.100
 train_frame_rate:  161
I1002 22:51:41.523972 47544520693568 run_miniworld.py:239] Data collection iteration 158.
I1002 22:54:16.791553 47544520693568 run_miniworld.py:246] Evaluation iteration 158.
I1002 22:54:25.421366 47544520693568 run_miniworld.py:263] iteration: 158
 frame: 3950000
 eval_episode_return:  0.00
 train_episode_return:  0.00
 train_exploration_epsilon: 0.100
 train_frame_rate:  161
I1002 22:54:25.732040 47544520693568 run_miniworld.py:239] Data collection iteration 159.
I1002 22:57:01.247387 47544520693568 run_miniworld.py:246] Evaluation iteration 159.
I1002 22:57:10.759181 47544520693568 run_miniworld.py:263] iteration: 159
 frame: 3975000
 eval_episode_return:  0.00
 train_episode_return:  0.00
 train_exploration_epsilon: 0.100
 train_frame_rate:  161
I1002 22:57:11.069086 47544520693568 run_miniworld.py:239] Data collection iteration 160.
I1002 22:59:46.343293 47544520693568 run_miniworld.py:246] Evaluation iteration 160.
I1002 22:59:55.795082 47544520693568 run_miniworld.py:263] iteration: 160
 frame: 4000000
 eval_episode_return:  0.00
 train_episode_return:  0.04
 train_exploration_epsilon: 0.100
 train_frame_rate:  161
I1002 22:59:56.107708 47544520693568 run_miniworld.py:239] Data collection iteration 161.
I1002 23:02:31.501011 47544520693568 run_miniworld.py:246] Evaluation iteration 161.
I1002 23:02:40.789159 47544520693568 run_miniworld.py:263] iteration: 161
 frame: 4025000
 eval_episode_return:  0.00
 train_episode_return:  0.04
 train_exploration_epsilon: 0.100
 train_frame_rate:  161
I1002 23:02:41.102596 47544520693568 run_miniworld.py:239] Data collection iteration 162.
I1002 23:05:16.663744 47544520693568 run_miniworld.py:246] Evaluation iteration 162.
I1002 23:05:26.001729 47544520693568 run_miniworld.py:263] iteration: 162
 frame: 4050000
 eval_episode_return:  0.00
 train_episode_return:  0.04
 train_exploration_epsilon: 0.100
 train_frame_rate:  161
I1002 23:05:26.311691 47544520693568 run_miniworld.py:239] Data collection iteration 163.
I1002 23:08:02.044448 47544520693568 run_miniworld.py:246] Evaluation iteration 163.
I1002 23:08:10.914462 47544520693568 run_miniworld.py:263] iteration: 163
 frame: 4075000
 eval_episode_return:  0.00
 train_episode_return:  0.00
 train_exploration_epsilon: 0.100
 train_frame_rate:  161
I1002 23:08:11.223326 47544520693568 run_miniworld.py:239] Data collection iteration 164.
I1002 23:10:46.699469 47544520693568 run_miniworld.py:246] Evaluation iteration 164.
I1002 23:10:56.682553 47544520693568 run_miniworld.py:263] iteration: 164
 frame: 4100000
 eval_episode_return:  0.00
 train_episode_return:  0.00
 train_exploration_epsilon: 0.100
 train_frame_rate:  161
I1002 23:10:56.991233 47544520693568 run_miniworld.py:239] Data collection iteration 165.
I1002 23:13:32.280544 47544520693568 run_miniworld.py:246] Evaluation iteration 165.
I1002 23:13:40.922117 47544520693568 run_miniworld.py:263] iteration: 165
 frame: 4125000
 eval_episode_return:  0.00
 train_episode_return:  0.04
 train_exploration_epsilon: 0.100
 train_frame_rate:  161
I1002 23:13:41.234877 47544520693568 run_miniworld.py:239] Data collection iteration 166.
I1002 23:16:16.541275 47544520693568 run_miniworld.py:246] Evaluation iteration 166.
I1002 23:16:25.609309 47544520693568 run_miniworld.py:263] iteration: 166
 frame: 4150000
 eval_episode_return:  0.00
 train_episode_return:  0.04
 train_exploration_epsilon: 0.100
 train_frame_rate:  161
I1002 23:16:25.918792 47544520693568 run_miniworld.py:239] Data collection iteration 167.
I1002 23:19:01.661872 47544520693568 run_miniworld.py:246] Evaluation iteration 167.
I1002 23:19:11.032697 47544520693568 run_miniworld.py:263] iteration: 167
 frame: 4175000
 eval_episode_return:  0.00
 train_episode_return:  0.04
 train_exploration_epsilon: 0.100
 train_frame_rate:  161
I1002 23:19:11.343582 47544520693568 run_miniworld.py:239] Data collection iteration 168.
I1002 23:21:47.247309 47544520693568 run_miniworld.py:246] Evaluation iteration 168.
I1002 23:21:56.693435 47544520693568 run_miniworld.py:263] iteration: 168
 frame: 4200000
 eval_episode_return:  0.00
 train_episode_return:  0.00
 train_exploration_epsilon: 0.100
 train_frame_rate:  160
I1002 23:21:57.005013 47544520693568 run_miniworld.py:239] Data collection iteration 169.
I1002 23:24:32.682792 47544520693568 run_miniworld.py:246] Evaluation iteration 169.
I1002 23:24:41.616665 47544520693568 run_miniworld.py:263] iteration: 169
 frame: 4225000
 eval_episode_return:  0.00
 train_episode_return:  0.00
 train_exploration_epsilon: 0.100
 train_frame_rate:  161
I1002 23:24:41.937783 47544520693568 run_miniworld.py:239] Data collection iteration 170.
I1002 23:27:17.554405 47544520693568 run_miniworld.py:246] Evaluation iteration 170.
I1002 23:27:26.209201 47544520693568 run_miniworld.py:263] iteration: 170
 frame: 4250000
 eval_episode_return:  0.00
 train_episode_return:  0.00
 train_exploration_epsilon: 0.100
 train_frame_rate:  161
I1002 23:27:26.523106 47544520693568 run_miniworld.py:239] Data collection iteration 171.
I1002 23:30:02.011432 47544520693568 run_miniworld.py:246] Evaluation iteration 171.
I1002 23:30:10.912403 47544520693568 run_miniworld.py:263] iteration: 171
 frame: 4275000
 eval_episode_return:  0.00
 train_episode_return:  0.00
 train_exploration_epsilon: 0.100
 train_frame_rate:  161
I1002 23:30:11.228587 47544520693568 run_miniworld.py:239] Data collection iteration 172.
I1002 23:32:47.367886 47544520693568 run_miniworld.py:246] Evaluation iteration 172.
I1002 23:32:56.072897 47544520693568 run_miniworld.py:263] iteration: 172
 frame: 4300000
 eval_episode_return:  0.00
 train_episode_return:  0.00
 train_exploration_epsilon: 0.100
 train_frame_rate:  160
I1002 23:32:56.387326 47544520693568 run_miniworld.py:239] Data collection iteration 173.
I1002 23:35:31.973181 47544520693568 run_miniworld.py:246] Evaluation iteration 173.
I1002 23:35:40.643312 47544520693568 run_miniworld.py:263] iteration: 173
 frame: 4325000
 eval_episode_return:  0.00
 train_episode_return:  0.04
 train_exploration_epsilon: 0.100
 train_frame_rate:  161
I1002 23:35:40.955712 47544520693568 run_miniworld.py:239] Data collection iteration 174.
I1002 23:38:16.239510 47544520693568 run_miniworld.py:246] Evaluation iteration 174.
I1002 23:38:25.182504 47544520693568 run_miniworld.py:263] iteration: 174
 frame: 4350000
 eval_episode_return:  0.00
 train_episode_return:  0.00
 train_exploration_epsilon: 0.100
 train_frame_rate:  161
I1002 23:38:25.492449 47544520693568 run_miniworld.py:239] Data collection iteration 175.
I1002 23:41:01.023373 47544520693568 run_miniworld.py:246] Evaluation iteration 175.
I1002 23:41:09.909790 47544520693568 run_miniworld.py:263] iteration: 175
 frame: 4375000
 eval_episode_return:  0.00
 train_episode_return:  0.00
 train_exploration_epsilon: 0.100
 train_frame_rate:  161
I1002 23:41:10.219833 47544520693568 run_miniworld.py:239] Data collection iteration 176.
I1002 23:43:46.394347 47544520693568 run_miniworld.py:246] Evaluation iteration 176.
I1002 23:43:55.407512 47544520693568 run_miniworld.py:263] iteration: 176
 frame: 4400000
 eval_episode_return:  0.00
 train_episode_return:  0.04
 train_exploration_epsilon: 0.100
 train_frame_rate:  160
I1002 23:43:55.720010 47544520693568 run_miniworld.py:239] Data collection iteration 177.
I1002 23:46:31.290772 47544520693568 run_miniworld.py:246] Evaluation iteration 177.
I1002 23:46:40.592151 47544520693568 run_miniworld.py:263] iteration: 177
 frame: 4425000
 eval_episode_return:  0.00
 train_episode_return:  0.00
 train_exploration_epsilon: 0.100
 train_frame_rate:  161
I1002 23:46:40.904245 47544520693568 run_miniworld.py:239] Data collection iteration 178.
I1002 23:49:13.863501 47544520693568 run_miniworld.py:246] Evaluation iteration 178.
I1002 23:49:22.784909 47544520693568 run_miniworld.py:263] iteration: 178
 frame: 4450000
 eval_episode_return:  0.00
 train_episode_return:  0.00
 train_exploration_epsilon: 0.100
 train_frame_rate:  163
I1002 23:49:23.094738 47544520693568 run_miniworld.py:239] Data collection iteration 179.
I1002 23:51:58.386010 47544520693568 run_miniworld.py:246] Evaluation iteration 179.
I1002 23:52:07.522549 47544520693568 run_miniworld.py:263] iteration: 179
 frame: 4475000
 eval_episode_return:  0.00
 train_episode_return:  0.00
 train_exploration_epsilon: 0.100
 train_frame_rate:  161
I1002 23:52:07.834666 47544520693568 run_miniworld.py:239] Data collection iteration 180.
I1002 23:54:43.888938 47544520693568 run_miniworld.py:246] Evaluation iteration 180.
I1002 23:54:52.647265 47544520693568 run_miniworld.py:263] iteration: 180
 frame: 4500000
 eval_episode_return:  0.00
 train_episode_return:  0.00
 train_exploration_epsilon: 0.100
 train_frame_rate:  160
I1002 23:54:52.959049 47544520693568 run_miniworld.py:239] Data collection iteration 181.
I1002 23:57:28.913525 47544520693568 run_miniworld.py:246] Evaluation iteration 181.
I1002 23:57:38.094491 47544520693568 run_miniworld.py:263] iteration: 181
 frame: 4525000
 eval_episode_return:  0.00
 train_episode_return:  0.00
 train_exploration_epsilon: 0.100
 train_frame_rate:  160
I1002 23:57:38.407905 47544520693568 run_miniworld.py:239] Data collection iteration 182.
I1003 00:00:14.250290 47544520693568 run_miniworld.py:246] Evaluation iteration 182.
I1003 00:00:22.804423 47544520693568 run_miniworld.py:263] iteration: 182
 frame: 4550000
 eval_episode_return:  0.00
 train_episode_return:  0.00
 train_exploration_epsilon: 0.100
 train_frame_rate:  160
I1003 00:00:23.117259 47544520693568 run_miniworld.py:239] Data collection iteration 183.
I1003 00:02:58.682867 47544520693568 run_miniworld.py:246] Evaluation iteration 183.
I1003 00:03:08.061290 47544520693568 run_miniworld.py:263] iteration: 183
 frame: 4575000
 eval_episode_return:  0.00
 train_episode_return:  0.00
 train_exploration_epsilon: 0.100
 train_frame_rate:  161
I1003 00:03:08.372044 47544520693568 run_miniworld.py:239] Data collection iteration 184.
I1003 00:05:42.479885 47544520693568 run_miniworld.py:246] Evaluation iteration 184.
I1003 00:05:51.259169 47544520693568 run_miniworld.py:263] iteration: 184
 frame: 4600000
 eval_episode_return:  0.00
 train_episode_return:  0.00
 train_exploration_epsilon: 0.100
 train_frame_rate:  162
I1003 00:05:51.573456 47544520693568 run_miniworld.py:239] Data collection iteration 185.
I1003 00:08:24.707556 47544520693568 run_miniworld.py:246] Evaluation iteration 185.
I1003 00:08:34.082118 47544520693568 run_miniworld.py:263] iteration: 185
 frame: 4625000
 eval_episode_return:  0.00
 train_episode_return:  0.00
 train_exploration_epsilon: 0.100
 train_frame_rate:  163
I1003 00:08:34.486209 47544520693568 run_miniworld.py:239] Data collection iteration 186.
I1003 00:11:10.402358 47544520693568 run_miniworld.py:246] Evaluation iteration 186.
I1003 00:11:19.162376 47544520693568 run_miniworld.py:263] iteration: 186
 frame: 4650000
 eval_episode_return:  0.00
 train_episode_return:  0.04
 train_exploration_epsilon: 0.100
 train_frame_rate:  160
I1003 00:11:19.593525 47544520693568 run_miniworld.py:239] Data collection iteration 187.
I1003 00:13:55.361997 47544520693568 run_miniworld.py:246] Evaluation iteration 187.
I1003 00:14:04.147707 47544520693568 run_miniworld.py:263] iteration: 187
 frame: 4675000
 eval_episode_return:  0.00
 train_episode_return:  0.08
 train_exploration_epsilon: 0.100
 train_frame_rate:  160
I1003 00:14:04.587939 47544520693568 run_miniworld.py:239] Data collection iteration 188.
I1003 00:16:40.407528 47544520693568 run_miniworld.py:246] Evaluation iteration 188.
I1003 00:16:49.436286 47544520693568 run_miniworld.py:263] iteration: 188
 frame: 4700000
 eval_episode_return:  0.00
 train_episode_return:  0.00
 train_exploration_epsilon: 0.100
 train_frame_rate:  160
I1003 00:16:49.754259 47544520693568 run_miniworld.py:239] Data collection iteration 189.
I1003 00:19:25.414398 47544520693568 run_miniworld.py:246] Evaluation iteration 189.
I1003 00:19:34.270729 47544520693568 run_miniworld.py:263] iteration: 189
 frame: 4725000
 eval_episode_return:  0.00
 train_episode_return:  0.04
 train_exploration_epsilon: 0.100
 train_frame_rate:  161
I1003 00:19:34.591630 47544520693568 run_miniworld.py:239] Data collection iteration 190.
I1003 00:22:10.464401 47544520693568 run_miniworld.py:246] Evaluation iteration 190.
I1003 00:22:20.033093 47544520693568 run_miniworld.py:263] iteration: 190
 frame: 4750000
 eval_episode_return:  0.00
 train_episode_return:  0.00
 train_exploration_epsilon: 0.100
 train_frame_rate:  160
I1003 00:22:20.341247 47544520693568 run_miniworld.py:239] Data collection iteration 191.
I1003 00:24:59.679136 47544520693568 run_miniworld.py:246] Evaluation iteration 191.
I1003 00:25:09.049088 47544520693568 run_miniworld.py:263] iteration: 191
 frame: 4775000
 eval_episode_return:  0.00
 train_episode_return:  0.00
 train_exploration_epsilon: 0.100
 train_frame_rate:  157
I1003 00:25:09.358446 47544520693568 run_miniworld.py:239] Data collection iteration 192.
I1003 00:27:42.605001 47544520693568 run_miniworld.py:246] Evaluation iteration 192.
I1003 00:27:51.507171 47544520693568 run_miniworld.py:263] iteration: 192
 frame: 4800000
 eval_episode_return:  0.00
 train_episode_return:  0.00
 train_exploration_epsilon: 0.100
 train_frame_rate:  163
I1003 00:27:51.813988 47544520693568 run_miniworld.py:239] Data collection iteration 193.
I1003 00:30:26.891474 47544520693568 run_miniworld.py:246] Evaluation iteration 193.
I1003 00:30:35.540079 47544520693568 run_miniworld.py:263] iteration: 193
 frame: 4825000
 eval_episode_return:  0.00
 train_episode_return:  0.00
 train_exploration_epsilon: 0.100
 train_frame_rate:  161
I1003 00:30:35.862618 47544520693568 run_miniworld.py:239] Data collection iteration 194.
I1003 00:33:10.864208 47544520693568 run_miniworld.py:246] Evaluation iteration 194.
I1003 00:33:19.923987 47544520693568 run_miniworld.py:263] iteration: 194
 frame: 4850000
 eval_episode_return:  0.00
 train_episode_return:  0.00
 train_exploration_epsilon: 0.100
 train_frame_rate:  161
I1003 00:33:20.239846 47544520693568 run_miniworld.py:239] Data collection iteration 195.
I1003 00:35:55.699546 47544520693568 run_miniworld.py:246] Evaluation iteration 195.
I1003 00:36:04.589821 47544520693568 run_miniworld.py:263] iteration: 195
 frame: 4875000
 eval_episode_return:  0.00
 train_episode_return:  0.00
 train_exploration_epsilon: 0.100
 train_frame_rate:  161
I1003 00:36:04.924035 47544520693568 run_miniworld.py:239] Data collection iteration 196.
I1003 00:38:48.223968 47544520693568 run_miniworld.py:246] Evaluation iteration 196.
I1003 00:38:57.310375 47544520693568 run_miniworld.py:263] iteration: 196
 frame: 4900000
 eval_episode_return:  0.00
 train_episode_return:  0.00
 train_exploration_epsilon: 0.100
 train_frame_rate:  153
I1003 00:38:57.634287 47544520693568 run_miniworld.py:239] Data collection iteration 197.
I1003 00:41:39.135008 47544520693568 run_miniworld.py:246] Evaluation iteration 197.
I1003 00:41:48.613139 47544520693568 run_miniworld.py:263] iteration: 197
 frame: 4925000
 eval_episode_return:  0.00
 train_episode_return:  0.00
 train_exploration_epsilon: 0.100
 train_frame_rate:  155
I1003 00:41:48.932386 47544520693568 run_miniworld.py:239] Data collection iteration 198.
I1003 00:44:27.616912 47544520693568 run_miniworld.py:246] Evaluation iteration 198.
I1003 00:44:36.791475 47544520693568 run_miniworld.py:263] iteration: 198
 frame: 4950000
 eval_episode_return:  0.00
 train_episode_return:  0.04
 train_exploration_epsilon: 0.100
 train_frame_rate:  158
I1003 00:44:37.100616 47544520693568 run_miniworld.py:239] Data collection iteration 199.
I1003 00:47:14.899518 47544520693568 run_miniworld.py:246] Evaluation iteration 199.
I1003 00:47:23.962106 47544520693568 run_miniworld.py:263] iteration: 199
 frame: 4975000
 eval_episode_return:  0.00
 train_episode_return:  0.00
 train_exploration_epsilon: 0.100
 train_frame_rate:  158
I1003 00:47:24.270487 47544520693568 run_miniworld.py:239] Data collection iteration 200.
I1003 00:50:00.421014 47544520693568 run_miniworld.py:246] Evaluation iteration 200.
I1003 00:50:09.648583 47544520693568 run_miniworld.py:263] iteration: 200
 frame: 5000000
 eval_episode_return:  0.00
 train_episode_return:  0.00
 train_exploration_epsilon: 0.100
 train_frame_rate:  160
Falling back to num_samples=1
Falling back to num_samples=1
Falling back to num_samples=1
Falling back to num_samples=1
Falling back to num_samples=1
Falling back to num_samples=1
Falling back to num_samples=1
Falling back to num_samples=1
Falling back to num_samples=1
Falling back to num_samples=1
Falling back to num_samples=1
Falling back to num_samples=1
Falling back to num_samples=1
Falling back to num_samples=1
Falling back to num_samples=1
Falling back to num_samples=1
Falling back to num_samples=1
Falling back to num_samples=1
Falling back to num_samples=1
Falling back to num_samples=1
Falling back to num_samples=1
Falling back to num_samples=1
Falling back to num_samples=1
Falling back to num_samples=1
Falling back to num_samples=1
Falling back to num_samples=1
Falling back to num_samples=1
Falling back to num_samples=1
Falling back to num_samples=1
Falling back to num_samples=1
Falling back to num_samples=1
Falling back to num_samples=1
Falling back to num_samples=1
Falling back to num_samples=1
Falling back to num_samples=1
Falling back to num_samples=1
Falling back to num_samples=1
Falling back to num_samples=1
Falling back to num_samples=1
Falling back to num_samples=1
Falling back to num_samples=1
Falling back to num_samples=1
Falling back to num_samples=1
Falling back to num_samples=1
Falling back to num_samples=1
Falling back to num_samples=1
Falling back to num_samples=1
Falling back to num_samples=1
Falling back to num_samples=1
Falling back to num_samples=1
Falling back to num_samples=1
Falling back to num_samples=1
Falling back to num_samples=1
Falling back to num_samples=1
Falling back to num_samples=1
Falling back to num_samples=1
Falling back to num_samples=1
Falling back to num_samples=1
Falling back to num_samples=1
Falling back to num_samples=1
Falling back to num_samples=1
Falling back to num_samples=1
Falling back to num_samples=1
Falling back to num_samples=1
Falling back to num_samples=1
Falling back to num_samples=1
Falling back to num_samples=1
Falling back to num_samples=1
Falling back to num_samples=1
Falling back to num_samples=1
Falling back to num_samples=1
Falling back to num_samples=1
Falling back to num_samples=1
Falling back to num_samples=1
Falling back to num_samples=1
Falling back to num_samples=1
Falling back to num_samples=1
Falling back to num_samples=1
Falling back to num_samples=1
Falling back to num_samples=1
Falling back to num_samples=1
Falling back to num_samples=1
Falling back to num_samples=1
Falling back to num_samples=1
Falling back to num_samples=1
Falling back to num_samples=1
Falling back to num_samples=1
Falling back to num_samples=1
Falling back to num_samples=1
Falling back to num_samples=1
Falling back to num_samples=1
Falling back to num_samples=1
Falling back to num_samples=1
Falling back to num_samples=1
Falling back to num_samples=1
Falling back to num_samples=1
Falling back to num_samples=1
Falling back to num_samples=1
Falling back to num_samples=1
Falling back to num_samples=1
Falling back to num_samples=1
Falling back to num_samples=1
Falling back to num_samples=1
Falling back to num_samples=1
Falling back to num_samples=1
Falling back to num_samples=1
Falling back to num_samples=1
Falling back to num_samples=1
Falling back to num_samples=1
Falling back to num_samples=1
Falling back to num_samples=1
Falling back to num_samples=1
Falling back to num_samples=1
Falling back to num_samples=1
Falling back to num_samples=1
Falling back to num_samples=1
Falling back to num_samples=1
Falling back to num_samples=1
Falling back to num_samples=1
Falling back to num_samples=1
Falling back to num_samples=1
Falling back to num_samples=1
Falling back to num_samples=1
Falling back to num_samples=1
Falling back to num_samples=1
Falling back to num_samples=1
Falling back to num_samples=1
Falling back to num_samples=1
Falling back to num_samples=1
Falling back to num_samples=1
Falling back to num_samples=1
Falling back to num_samples=1
Falling back to num_samples=1
Falling back to num_samples=1
Falling back to num_samples=1
Falling back to num_samples=1
Falling back to num_samples=1
Falling back to num_samples=1
Falling back to num_samples=1
Falling back to num_samples=1
Falling back to num_samples=1
Falling back to num_samples=1
Falling back to num_samples=1
Falling back to num_samples=1
Falling back to num_samples=1
Falling back to num_samples=1
Falling back to num_samples=1
Falling back to num_samples=1
Falling back to num_samples=1
Falling back to num_samples=1
Falling back to num_samples=1
Falling back to num_samples=1
Falling back to num_samples=1
Falling back to num_samples=1
Falling back to num_samples=1
Falling back to num_samples=1
Falling back to num_samples=1
Falling back to num_samples=1
Falling back to num_samples=1
Falling back to num_samples=1
Falling back to num_samples=1
Falling back to num_samples=1
Falling back to num_samples=1
Falling back to num_samples=1
Falling back to num_samples=1
Falling back to num_samples=1
Falling back to num_samples=1
Falling back to num_samples=1
Falling back to num_samples=1
Falling back to num_samples=1
Falling back to num_samples=1
Falling back to num_samples=1
Falling back to num_samples=1
Falling back to num_samples=1
Falling back to num_samples=1
Falling back to num_samples=1
Falling back to num_samples=1
Falling back to num_samples=1
Falling back to num_samples=1
Falling back to num_samples=1
Falling back to num_samples=1
Falling back to num_samples=1
Falling back to num_samples=1
Falling back to num_samples=1
Falling back to num_samples=1
Falling back to num_samples=1
Falling back to num_samples=1
Falling back to num_samples=1
Falling back to num_samples=1
Falling back to num_samples=1
Falling back to num_samples=1
Falling back to num_samples=1
Falling back to num_samples=1
Falling back to num_samples=1
Falling back to num_samples=1
Falling back to num_samples=1
Falling back to num_samples=1
Falling back to num_samples=1
Falling back to num_samples=1
Falling back to num_samples=1
Falling back to num_samples=1
Falling back to num_samples=1
Falling back to num_samples=1
Falling back to num_samples=1
Falling back to num_samples=1
Falling back to num_samples=1
Falling back to num_samples=1
Falling back to num_samples=1
Falling back to num_samples=1
Falling back to num_samples=1
Falling back to num_samples=1
Falling back to num_samples=1
Falling back to num_samples=1
Falling back to num_samples=1
Falling back to num_samples=1
Falling back to num_samples=1
Falling back to num_samples=1
Falling back to num_samples=1
Falling back to num_samples=1
Falling back to num_samples=1
Falling back to num_samples=1
Falling back to num_samples=1
Falling back to num_samples=1
Falling back to num_samples=1
Falling back to num_samples=1
Falling back to num_samples=1
Falling back to num_samples=1
Falling back to num_samples=1
Falling back to num_samples=1
Falling back to num_samples=1
Falling back to num_samples=1
Falling back to num_samples=1
Falling back to num_samples=1
Falling back to num_samples=1
Falling back to num_samples=1
Falling back to num_samples=1
Falling back to num_samples=1
Falling back to num_samples=1
Falling back to num_samples=1
Falling back to num_samples=1
Falling back to num_samples=1
Falling back to num_samples=1
Falling back to num_samples=1
Falling back to num_samples=1
Falling back to num_samples=1
Falling back to num_samples=1
Falling back to num_samples=1
Falling back to num_samples=1
Falling back to num_samples=1
Falling back to num_samples=1
Falling back to num_samples=1
Falling back to num_samples=1
Falling back to num_samples=1
Falling back to num_samples=1
Falling back to num_samples=1
Falling back to num_samples=1
Falling back to num_samples=1
Falling back to num_samples=1
Falling back to num_samples=1
Falling back to num_samples=1
Falling back to num_samples=1
Falling back to num_samples=1
Falling back to num_samples=1
Falling back to num_samples=1
Falling back to num_samples=1
Falling back to num_samples=1
Falling back to num_samples=1
Falling back to num_samples=1
Falling back to num_samples=1
Falling back to num_samples=1
Falling back to num_samples=1
Falling back to num_samples=1
Falling back to num_samples=1
Falling back to num_samples=1
Falling back to num_samples=1
Falling back to num_samples=1
Falling back to num_samples=1
Falling back to num_samples=1
Falling back to num_samples=1
Falling back to num_samples=1
Falling back to num_samples=1
Falling back to num_samples=1
Falling back to num_samples=1
Falling back to num_samples=1
Falling back to num_samples=1
Falling back to num_samples=1
Falling back to num_samples=1
Falling back to num_samples=1
Falling back to num_samples=1
Falling back to num_samples=1
Falling back to num_samples=1
Falling back to num_samples=1
Falling back to num_samples=1
Falling back to num_samples=1
Falling back to num_samples=1
Falling back to num_samples=1
Falling back to num_samples=1
Falling back to num_samples=1
Falling back to num_samples=1
Falling back to num_samples=1
Falling back to num_samples=1
Falling back to num_samples=1
Falling back to num_samples=1
Falling back to num_samples=1
Falling back to num_samples=1
Falling back to num_samples=1
Falling back to num_samples=1
Falling back to num_samples=1
Falling back to num_samples=1
Falling back to num_samples=1
Falling back to num_samples=1
Falling back to num_samples=1
Falling back to num_samples=1
Falling back to num_samples=1
Falling back to num_samples=1
Falling back to num_samples=1
Falling back to num_samples=1
Falling back to num_samples=1
Falling back to num_samples=1
Falling back to num_samples=1
Falling back to num_samples=1
Falling back to num_samples=1
Falling back to num_samples=1
Falling back to num_samples=1
Falling back to num_samples=1
Falling back to num_samples=1
Falling back to num_samples=1
Falling back to num_samples=1
Falling back to num_samples=1
Falling back to num_samples=1
Falling back to num_samples=1
Falling back to num_samples=1
Falling back to num_samples=1
Falling back to num_samples=1
Falling back to num_samples=1
Falling back to num_samples=1
Falling back to num_samples=1
Falling back to num_samples=1
Falling back to num_samples=1
Falling back to num_samples=1
Falling back to num_samples=1
Falling back to num_samples=1
Falling back to num_samples=1
Falling back to num_samples=1
Falling back to num_samples=1
Falling back to num_samples=1
Falling back to num_samples=1
Falling back to num_samples=1
Falling back to num_samples=1
Falling back to num_samples=1
Falling back to num_samples=1
Falling back to num_samples=1
Falling back to num_samples=1
Falling back to num_samples=1
Falling back to num_samples=1
Falling back to num_samples=1
Falling back to num_samples=1
Falling back to num_samples=1
Falling back to num_samples=1
Falling back to num_samples=1
Falling back to num_samples=1
Falling back to num_samples=1
Falling back to num_samples=1
Falling back to num_samples=1
Falling back to num_samples=1
Falling back to num_samples=1
Falling back to num_samples=1
Falling back to num_samples=1
Falling back to num_samples=1
Falling back to num_samples=1
Falling back to num_samples=1
Falling back to num_samples=1
Falling back to num_samples=1
Falling back to num_samples=1
Falling back to num_samples=1
Falling back to num_samples=1
Falling back to num_samples=1
Falling back to num_samples=1
Falling back to num_samples=1
Falling back to num_samples=1
Falling back to num_samples=1
Falling back to num_samples=1
Falling back to num_samples=1
Falling back to num_samples=1
Falling back to num_samples=1
Falling back to num_samples=1
Falling back to num_samples=1
Falling back to num_samples=1
Falling back to num_samples=1
Falling back to num_samples=1
Falling back to num_samples=1
Falling back to num_samples=1
Falling back to num_samples=1
Falling back to num_samples=1
Falling back to num_samples=1
Falling back to num_samples=1
Falling back to num_samples=1
Falling back to num_samples=1
Falling back to num_samples=1
Falling back to num_samples=1
Falling back to num_samples=1
Falling back to num_samples=1
Falling back to num_samples=1
Falling back to num_samples=1
