I1008 16:37:52.095513 47075659306816 xla_bridge.py:355] Unable to initialize backend 'tpu_driver': NOT_FOUND: Unable to find driver in registry given worker: 
I1008 16:37:52.289136 47075659306816 xla_bridge.py:355] Unable to initialize backend 'rocm': NOT_FOUND: Could not find registered platform with name: "rocm". Available platform names are: Interpreter Host CUDA
I1008 16:37:52.289654 47075659306816 xla_bridge.py:355] Unable to initialize backend 'tpu': module 'jaxlib.xla_extension' has no attribute 'get_tpu_client'
I1008 16:37:52.289796 47075659306816 xla_bridge.py:355] Unable to initialize backend 'plugin': xla_extension has no attributes named get_plugin_device_client. Compile TensorFlow with //tensorflow/compiler/xla/python:enable_plugin_device set to true (defaults to false) to enable this.
I1008 16:37:52.289913 47075659306816 run_miniworld.py:102] Collecting data on MiniWorld on gpu.
I1008 16:37:59.009241 47075659306816 run_miniworld.py:138] Observation shape: (60, 80, 3)
I1008 16:38:10.367074 47075659306816 run_miniworld.py:243] Data collection iteration 0.
I1008 16:38:47.481181 47075659306816 run_miniworld.py:250] Evaluation iteration 0.
/home/mklissa/DCEO/lib/python3.8/site-packages/distrax/_src/distributions/categorical.py:96: UserWarning: Explicitly requested dtype <class 'jax.numpy.int64'> requested in astype is not available, and will be truncated to dtype int32. To enable more dtypes, set the jax_enable_x64 configuration option or the JAX_ENABLE_X64 shell environment variable. See https://github.com/google/jax#current-gotchas for more.
  return draws.astype(self._dtype)
I1008 16:38:57.676065 47075659306816 run_miniworld.py:267] iteration:   0
 frame:     0
 eval_episode_return:  0.00
 train_episode_return:  0.04
 train_exploration_epsilon: 1.000
 train_frame_rate:  674
I1008 16:39:03.048985 47075659306816 run_miniworld.py:243] Data collection iteration 1.
I1008 16:39:40.645554 47075659306816 run_miniworld.py:250] Evaluation iteration 1.
I1008 16:39:50.310376 47075659306816 run_miniworld.py:267] iteration:   1
 frame: 25000
 eval_episode_return:  0.00
 train_episode_return:  0.00
 train_exploration_epsilon: 1.000
 train_frame_rate:  665
I1008 16:39:53.376169 47075659306816 run_miniworld.py:243] Data collection iteration 2.
I1008 16:39:53.862407 47075659306816 dceo_agent.py:298] Begin learning
I1008 16:42:23.335055 47075659306816 run_miniworld.py:250] Evaluation iteration 2.
I1008 16:42:33.100063 47075659306816 run_miniworld.py:267] iteration:   2
 frame: 50000
 eval_episode_return:  0.00
 train_episode_return:  0.00
 train_exploration_epsilon: 0.955
 train_frame_rate:  167
I1008 16:42:36.218700 47075659306816 run_miniworld.py:243] Data collection iteration 3.
I1008 16:44:59.774144 47075659306816 run_miniworld.py:250] Evaluation iteration 3.
I1008 16:45:09.492240 47075659306816 run_miniworld.py:267] iteration:   3
 frame: 75000
 eval_episode_return:  0.00
 train_episode_return:  0.00
 train_exploration_epsilon: 0.910
 train_frame_rate:  174
I1008 16:45:12.892072 47075659306816 run_miniworld.py:243] Data collection iteration 4.
I1008 16:47:36.025606 47075659306816 run_miniworld.py:250] Evaluation iteration 4.
I1008 16:47:45.793128 47075659306816 run_miniworld.py:267] iteration:   4
 frame: 100000
 eval_episode_return:  0.00
 train_episode_return:  0.00
 train_exploration_epsilon: 0.865
 train_frame_rate:  175
I1008 16:47:49.066709 47075659306816 run_miniworld.py:243] Data collection iteration 5.
I1008 16:50:13.517586 47075659306816 run_miniworld.py:250] Evaluation iteration 5.
I1008 16:50:22.915263 47075659306816 run_miniworld.py:267] iteration:   5
 frame: 125000
 eval_episode_return:  0.00
 train_episode_return:  0.00
 train_exploration_epsilon: 0.820
 train_frame_rate:  173
I1008 16:50:25.628914 47075659306816 run_miniworld.py:243] Data collection iteration 6.
I1008 16:52:51.620550 47075659306816 run_miniworld.py:250] Evaluation iteration 6.
I1008 16:53:01.244350 47075659306816 run_miniworld.py:267] iteration:   6
 frame: 150000
 eval_episode_return:  0.00
 train_episode_return:  0.00
 train_exploration_epsilon: 0.775
 train_frame_rate:  171
I1008 16:53:04.686752 47075659306816 run_miniworld.py:243] Data collection iteration 7.
I1008 16:55:32.014417 47075659306816 run_miniworld.py:250] Evaluation iteration 7.
I1008 16:55:42.125404 47075659306816 run_miniworld.py:267] iteration:   7
 frame: 175000
 eval_episode_return:  0.00
 train_episode_return:  0.00
 train_exploration_epsilon: 0.730
 train_frame_rate:  170
I1008 16:55:44.820106 47075659306816 run_miniworld.py:243] Data collection iteration 8.
I1008 16:58:12.315894 47075659306816 run_miniworld.py:250] Evaluation iteration 8.
I1008 16:58:21.941292 47075659306816 run_miniworld.py:267] iteration:   8
 frame: 200000
 eval_episode_return:  0.00
 train_episode_return:  0.00
 train_exploration_epsilon: 0.685
 train_frame_rate:  169
I1008 16:58:24.904095 47075659306816 run_miniworld.py:243] Data collection iteration 9.
I1008 17:00:52.364593 47075659306816 run_miniworld.py:250] Evaluation iteration 9.
I1008 17:01:02.034864 47075659306816 run_miniworld.py:267] iteration:   9
 frame: 225000
 eval_episode_return:  0.00
 train_episode_return:  0.08
 train_exploration_epsilon: 0.640
 train_frame_rate:  170
I1008 17:01:05.475516 47075659306816 run_miniworld.py:243] Data collection iteration 10.
I1008 17:03:33.650254 47075659306816 run_miniworld.py:250] Evaluation iteration 10.
I1008 17:03:43.328054 47075659306816 run_miniworld.py:267] iteration:  10
 frame: 250000
 eval_episode_return:  0.00
 train_episode_return:  0.04
 train_exploration_epsilon: 0.595
 train_frame_rate:  169
I1008 17:03:46.610198 47075659306816 run_miniworld.py:243] Data collection iteration 11.
I1008 17:06:14.368882 47075659306816 run_miniworld.py:250] Evaluation iteration 11.
I1008 17:06:23.938675 47075659306816 run_miniworld.py:267] iteration:  11
 frame: 275000
 eval_episode_return:  0.00
 train_episode_return:  0.00
 train_exploration_epsilon: 0.550
 train_frame_rate:  169
I1008 17:06:27.179093 47075659306816 run_miniworld.py:243] Data collection iteration 12.
I1008 17:08:56.180707 47075659306816 run_miniworld.py:250] Evaluation iteration 12.
I1008 17:09:05.591768 47075659306816 run_miniworld.py:267] iteration:  12
 frame: 300000
 eval_episode_return:  0.00
 train_episode_return:  0.04
 train_exploration_epsilon: 0.505
 train_frame_rate:  168
I1008 17:09:08.333938 47075659306816 run_miniworld.py:243] Data collection iteration 13.
I1008 17:11:37.369045 47075659306816 run_miniworld.py:250] Evaluation iteration 13.
I1008 17:11:47.273590 47075659306816 run_miniworld.py:267] iteration:  13
 frame: 325000
 eval_episode_return:  0.00
 train_episode_return:  0.08
 train_exploration_epsilon: 0.460
 train_frame_rate:  168
I1008 17:11:50.637495 47075659306816 run_miniworld.py:243] Data collection iteration 14.
I1008 17:14:20.867783 47075659306816 run_miniworld.py:250] Evaluation iteration 14.
I1008 17:14:30.441526 47075659306816 run_miniworld.py:267] iteration:  14
 frame: 350000
 eval_episode_return:  0.00
 train_episode_return:  0.00
 train_exploration_epsilon: 0.415
 train_frame_rate:  166
I1008 17:14:33.889354 47075659306816 run_miniworld.py:243] Data collection iteration 15.
I1008 17:17:04.271595 47075659306816 run_miniworld.py:250] Evaluation iteration 15.
I1008 17:17:14.284549 47075659306816 run_miniworld.py:267] iteration:  15
 frame: 375000
 eval_episode_return:  0.00
 train_episode_return:  0.00
 train_exploration_epsilon: 0.370
 train_frame_rate:  166
I1008 17:17:17.113590 47075659306816 run_miniworld.py:243] Data collection iteration 16.
I1008 17:19:48.225436 47075659306816 run_miniworld.py:250] Evaluation iteration 16.
I1008 17:19:58.194364 47075659306816 run_miniworld.py:267] iteration:  16
 frame: 400000
 eval_episode_return:  0.00
 train_episode_return:  0.00
 train_exploration_epsilon: 0.325
 train_frame_rate:  165
I1008 17:20:01.019603 47075659306816 run_miniworld.py:243] Data collection iteration 17.
I1008 17:22:32.637355 47075659306816 run_miniworld.py:250] Evaluation iteration 17.
I1008 17:22:41.988016 47075659306816 run_miniworld.py:267] iteration:  17
 frame: 425000
 eval_episode_return:  0.00
 train_episode_return:  0.04
 train_exploration_epsilon: 0.280
 train_frame_rate:  165
I1008 17:22:45.231894 47075659306816 run_miniworld.py:243] Data collection iteration 18.
I1008 17:25:17.300020 47075659306816 run_miniworld.py:250] Evaluation iteration 18.
I1008 17:25:26.648714 47075659306816 run_miniworld.py:267] iteration:  18
 frame: 450000
 eval_episode_return:  0.00
 train_episode_return:  0.00
 train_exploration_epsilon: 0.235
 train_frame_rate:  164
I1008 17:25:29.387975 47075659306816 run_miniworld.py:243] Data collection iteration 19.
I1008 17:28:01.879142 47075659306816 run_miniworld.py:250] Evaluation iteration 19.
I1008 17:28:11.730472 47075659306816 run_miniworld.py:267] iteration:  19
 frame: 475000
 eval_episode_return:  0.00
 train_episode_return:  0.00
 train_exploration_epsilon: 0.190
 train_frame_rate:  164
I1008 17:28:15.155237 47075659306816 run_miniworld.py:243] Data collection iteration 20.
I1008 17:30:48.347685 47075659306816 run_miniworld.py:250] Evaluation iteration 20.
I1008 17:30:58.210751 47075659306816 run_miniworld.py:267] iteration:  20
 frame: 500000
 eval_episode_return:  0.00
 train_episode_return:  0.00
 train_exploration_epsilon: 0.145
 train_frame_rate:  163
I1008 17:31:01.571718 47075659306816 run_miniworld.py:243] Data collection iteration 21.
I1008 17:33:36.858506 47075659306816 run_miniworld.py:250] Evaluation iteration 21.
I1008 17:33:46.722743 47075659306816 run_miniworld.py:267] iteration:  21
 frame: 525000
 eval_episode_return:  0.00
 train_episode_return:  0.00
 train_exploration_epsilon: 0.100
 train_frame_rate:  161
I1008 17:33:49.463290 47075659306816 run_miniworld.py:243] Data collection iteration 22.
I1008 17:36:23.694543 47075659306816 run_miniworld.py:250] Evaluation iteration 22.
I1008 17:36:33.689867 47075659306816 run_miniworld.py:267] iteration:  22
 frame: 550000
 eval_episode_return:  0.00
 train_episode_return:  0.00
 train_exploration_epsilon: 0.100
 train_frame_rate:  162
I1008 17:36:37.317034 47075659306816 run_miniworld.py:243] Data collection iteration 23.
I1008 17:39:11.710549 47075659306816 run_miniworld.py:250] Evaluation iteration 23.
I1008 17:39:21.317517 47075659306816 run_miniworld.py:267] iteration:  23
 frame: 575000
 eval_episode_return:  0.00
 train_episode_return:  0.00
 train_exploration_epsilon: 0.100
 train_frame_rate:  162
I1008 17:39:24.211832 47075659306816 run_miniworld.py:243] Data collection iteration 24.
I1008 17:41:59.892668 47075659306816 run_miniworld.py:250] Evaluation iteration 24.
I1008 17:42:09.896976 47075659306816 run_miniworld.py:267] iteration:  24
 frame: 600000
 eval_episode_return:  0.00
 train_episode_return:  0.00
 train_exploration_epsilon: 0.100
 train_frame_rate:  161
I1008 17:42:14.733408 47075659306816 run_miniworld.py:243] Data collection iteration 25.
I1008 17:44:51.086848 47075659306816 run_miniworld.py:250] Evaluation iteration 25.
I1008 17:45:01.110635 47075659306816 run_miniworld.py:267] iteration:  25
 frame: 625000
 eval_episode_return:  0.00
 train_episode_return:  0.00
 train_exploration_epsilon: 0.100
 train_frame_rate:  160
I1008 17:45:04.032173 47075659306816 run_miniworld.py:243] Data collection iteration 26.
I1008 17:47:40.268641 47075659306816 run_miniworld.py:250] Evaluation iteration 26.
I1008 17:47:50.310514 47075659306816 run_miniworld.py:267] iteration:  26
 frame: 650000
 eval_episode_return:  0.00
 train_episode_return:  0.00
 train_exploration_epsilon: 0.100
 train_frame_rate:  160
I1008 17:47:53.777339 47075659306816 run_miniworld.py:243] Data collection iteration 27.
I1008 17:50:29.144527 47075659306816 run_miniworld.py:250] Evaluation iteration 27.
I1008 17:50:38.571434 47075659306816 run_miniworld.py:267] iteration:  27
 frame: 675000
 eval_episode_return:  0.00
 train_episode_return:  0.00
 train_exploration_epsilon: 0.100
 train_frame_rate:  161
I1008 17:50:41.547973 47075659306816 run_miniworld.py:243] Data collection iteration 28.
I1008 17:53:17.515934 47075659306816 run_miniworld.py:250] Evaluation iteration 28.
I1008 17:53:27.163882 47075659306816 run_miniworld.py:267] iteration:  28
 frame: 700000
 eval_episode_return:  0.00
 train_episode_return:  0.00
 train_exploration_epsilon: 0.100
 train_frame_rate:  160
I1008 17:53:30.741017 47075659306816 run_miniworld.py:243] Data collection iteration 29.
I1008 17:56:06.807668 47075659306816 run_miniworld.py:250] Evaluation iteration 29.
I1008 17:56:16.351694 47075659306816 run_miniworld.py:267] iteration:  29
 frame: 725000
 eval_episode_return:  0.00
 train_episode_return:  0.00
 train_exploration_epsilon: 0.100
 train_frame_rate:  160
I1008 17:56:19.125888 47075659306816 run_miniworld.py:243] Data collection iteration 30.
I1008 17:58:55.835949 47075659306816 run_miniworld.py:250] Evaluation iteration 30.
I1008 17:59:05.458749 47075659306816 run_miniworld.py:267] iteration:  30
 frame: 750000
 eval_episode_return:  0.00
 train_episode_return:  0.00
 train_exploration_epsilon: 0.100
 train_frame_rate:  160
I1008 17:59:09.212269 47075659306816 run_miniworld.py:243] Data collection iteration 31.
I1008 18:01:46.812784 47075659306816 run_miniworld.py:250] Evaluation iteration 31.
I1008 18:01:56.522663 47075659306816 run_miniworld.py:267] iteration:  31
 frame: 775000
 eval_episode_return:  0.00
 train_episode_return:  0.00
 train_exploration_epsilon: 0.100
 train_frame_rate:  159
I1008 18:01:59.349232 47075659306816 run_miniworld.py:243] Data collection iteration 32.
I1008 18:04:37.118706 47075659306816 run_miniworld.py:250] Evaluation iteration 32.
I1008 18:04:46.725255 47075659306816 run_miniworld.py:267] iteration:  32
 frame: 800000
 eval_episode_return:  0.00
 train_episode_return:  0.00
 train_exploration_epsilon: 0.100
 train_frame_rate:  158
I1008 18:04:50.550148 47075659306816 run_miniworld.py:243] Data collection iteration 33.
I1008 18:07:28.841549 47075659306816 run_miniworld.py:250] Evaluation iteration 33.
I1008 18:07:38.912235 47075659306816 run_miniworld.py:267] iteration:  33
 frame: 825000
 eval_episode_return:  0.00
 train_episode_return:  0.00
 train_exploration_epsilon: 0.100
 train_frame_rate:  158
I1008 18:07:41.684366 47075659306816 run_miniworld.py:243] Data collection iteration 34.
I1008 18:10:19.329622 47075659306816 run_miniworld.py:250] Evaluation iteration 34.
I1008 18:10:29.148172 47075659306816 run_miniworld.py:267] iteration:  34
 frame: 850000
 eval_episode_return:  0.00
 train_episode_return:  0.00
 train_exploration_epsilon: 0.100
 train_frame_rate:  159
I1008 18:10:32.817485 47075659306816 run_miniworld.py:243] Data collection iteration 35.
I1008 18:13:10.521702 47075659306816 run_miniworld.py:250] Evaluation iteration 35.
I1008 18:13:20.592880 47075659306816 run_miniworld.py:267] iteration:  35
 frame: 875000
 eval_episode_return:  0.00
 train_episode_return:  0.00
 train_exploration_epsilon: 0.100
 train_frame_rate:  159
I1008 18:13:23.436410 47075659306816 run_miniworld.py:243] Data collection iteration 36.
I1008 18:16:02.660355 47075659306816 run_miniworld.py:250] Evaluation iteration 36.
I1008 18:16:12.401631 47075659306816 run_miniworld.py:267] iteration:  36
 frame: 900000
 eval_episode_return:  0.00
 train_episode_return:  0.00
 train_exploration_epsilon: 0.100
 train_frame_rate:  157
I1008 18:16:16.175884 47075659306816 run_miniworld.py:243] Data collection iteration 37.
I1008 18:18:55.131059 47075659306816 run_miniworld.py:250] Evaluation iteration 37.
I1008 18:19:05.137203 47075659306816 run_miniworld.py:267] iteration:  37
 frame: 925000
 eval_episode_return:  0.00
 train_episode_return:  0.00
 train_exploration_epsilon: 0.100
 train_frame_rate:  157
I1008 18:19:07.929162 47075659306816 run_miniworld.py:243] Data collection iteration 38.
I1008 18:21:47.161826 47075659306816 run_miniworld.py:250] Evaluation iteration 38.
I1008 18:21:56.863119 47075659306816 run_miniworld.py:267] iteration:  38
 frame: 950000
 eval_episode_return:  0.00
 train_episode_return:  0.00
 train_exploration_epsilon: 0.100
 train_frame_rate:  157
I1008 18:21:59.787042 47075659306816 run_miniworld.py:243] Data collection iteration 39.
I1008 18:24:38.734483 47075659306816 run_miniworld.py:250] Evaluation iteration 39.
I1008 18:24:48.734119 47075659306816 run_miniworld.py:267] iteration:  39
 frame: 975000
 eval_episode_return:  0.00
 train_episode_return:  0.00
 train_exploration_epsilon: 0.100
 train_frame_rate:  157
I1008 18:24:52.343195 47075659306816 run_miniworld.py:243] Data collection iteration 40.
I1008 18:27:31.547587 47075659306816 run_miniworld.py:250] Evaluation iteration 40.
I1008 18:27:41.285929 47075659306816 run_miniworld.py:267] iteration:  40
 frame: 1000000
 eval_episode_return:  0.00
 train_episode_return:  0.00
 train_exploration_epsilon: 0.100
 train_frame_rate:  157
I1008 18:27:44.076262 47075659306816 run_miniworld.py:243] Data collection iteration 41.
I1008 18:30:23.162636 47075659306816 run_miniworld.py:250] Evaluation iteration 41.
I1008 18:30:33.274879 47075659306816 run_miniworld.py:267] iteration:  41
 frame: 1025000
 eval_episode_return:  0.00
 train_episode_return:  0.00
 train_exploration_epsilon: 0.100
 train_frame_rate:  157
I1008 18:30:36.956165 47075659306816 run_miniworld.py:243] Data collection iteration 42.
I1008 18:33:16.037803 47075659306816 run_miniworld.py:250] Evaluation iteration 42.
I1008 18:33:25.882707 47075659306816 run_miniworld.py:267] iteration:  42
 frame: 1050000
 eval_episode_return:  0.00
 train_episode_return:  0.00
 train_exploration_epsilon: 0.100
 train_frame_rate:  157
I1008 18:33:28.717406 47075659306816 run_miniworld.py:243] Data collection iteration 43.
I1008 18:36:07.315836 47075659306816 run_miniworld.py:250] Evaluation iteration 43.
I1008 18:36:17.068034 47075659306816 run_miniworld.py:267] iteration:  43
 frame: 1075000
 eval_episode_return:  0.00
 train_episode_return:  0.00
 train_exploration_epsilon: 0.100
 train_frame_rate:  158
I1008 18:36:20.046900 47075659306816 run_miniworld.py:243] Data collection iteration 44.
I1008 18:39:00.777237 47075659306816 run_miniworld.py:250] Evaluation iteration 44.
I1008 18:39:10.851672 47075659306816 run_miniworld.py:267] iteration:  44
 frame: 1100000
 eval_episode_return:  0.00
 train_episode_return:  0.00
 train_exploration_epsilon: 0.100
 train_frame_rate:  156
I1008 18:39:13.794559 47075659306816 run_miniworld.py:243] Data collection iteration 45.
I1008 18:41:53.121248 47075659306816 run_miniworld.py:250] Evaluation iteration 45.
I1008 18:42:02.945864 47075659306816 run_miniworld.py:267] iteration:  45
 frame: 1125000
 eval_episode_return:  0.00
 train_episode_return:  0.00
 train_exploration_epsilon: 0.100
 train_frame_rate:  157
I1008 18:42:05.790288 47075659306816 run_miniworld.py:243] Data collection iteration 46.
I1008 18:44:45.026895 47075659306816 run_miniworld.py:250] Evaluation iteration 46.
I1008 18:44:54.996419 47075659306816 run_miniworld.py:267] iteration:  46
 frame: 1150000
 eval_episode_return:  0.00
 train_episode_return:  0.00
 train_exploration_epsilon: 0.100
 train_frame_rate:  157
I1008 18:44:58.679828 47075659306816 run_miniworld.py:243] Data collection iteration 47.
I1008 18:47:37.651341 47075659306816 run_miniworld.py:250] Evaluation iteration 47.
I1008 18:47:47.396303 47075659306816 run_miniworld.py:267] iteration:  47
 frame: 1175000
 eval_episode_return:  0.00
 train_episode_return:  0.00
 train_exploration_epsilon: 0.100
 train_frame_rate:  157
I1008 18:47:50.257080 47075659306816 run_miniworld.py:243] Data collection iteration 48.
I1008 18:50:30.227962 47075659306816 run_miniworld.py:250] Evaluation iteration 48.
I1008 18:50:40.170945 47075659306816 run_miniworld.py:267] iteration:  48
 frame: 1200000
 eval_episode_return:  0.00
 train_episode_return:  0.00
 train_exploration_epsilon: 0.100
 train_frame_rate:  156
I1008 18:50:44.085235 47075659306816 run_miniworld.py:243] Data collection iteration 49.
I1008 18:53:24.026682 47075659306816 run_miniworld.py:250] Evaluation iteration 49.
I1008 18:53:34.031571 47075659306816 run_miniworld.py:267] iteration:  49
 frame: 1225000
 eval_episode_return:  0.00
 train_episode_return:  0.00
 train_exploration_epsilon: 0.100
 train_frame_rate:  156
I1008 18:53:36.824767 47075659306816 run_miniworld.py:243] Data collection iteration 50.
I1008 18:56:16.982434 47075659306816 run_miniworld.py:250] Evaluation iteration 50.
I1008 18:56:26.958527 47075659306816 run_miniworld.py:267] iteration:  50
 frame: 1250000
 eval_episode_return:  0.00
 train_episode_return:  0.00
 train_exploration_epsilon: 0.100
 train_frame_rate:  156
I1008 18:56:29.748117 47075659306816 run_miniworld.py:243] Data collection iteration 51.
I1008 18:59:10.525420 47075659306816 run_miniworld.py:250] Evaluation iteration 51.
I1008 18:59:20.110055 47075659306816 run_miniworld.py:267] iteration:  51
 frame: 1275000
 eval_episode_return:  0.00
 train_episode_return:  0.00
 train_exploration_epsilon: 0.100
 train_frame_rate:  155
I1008 18:59:24.016489 47075659306816 run_miniworld.py:243] Data collection iteration 52.
I1008 19:02:04.379301 47075659306816 run_miniworld.py:250] Evaluation iteration 52.
I1008 19:02:14.288758 47075659306816 run_miniworld.py:267] iteration:  52
 frame: 1300000
 eval_episode_return:  0.00
 train_episode_return:  0.00
 train_exploration_epsilon: 0.100
 train_frame_rate:  156
I1008 19:02:17.150920 47075659306816 run_miniworld.py:243] Data collection iteration 53.
I1008 19:04:58.159974 47075659306816 run_miniworld.py:250] Evaluation iteration 53.
I1008 19:05:07.783689 47075659306816 run_miniworld.py:267] iteration:  53
 frame: 1325000
 eval_episode_return:  0.00
 train_episode_return:  0.00
 train_exploration_epsilon: 0.100
 train_frame_rate:  155
I1008 19:05:11.783974 47075659306816 run_miniworld.py:243] Data collection iteration 54.
I1008 19:07:52.291796 47075659306816 run_miniworld.py:250] Evaluation iteration 54.
I1008 19:08:02.343769 47075659306816 run_miniworld.py:267] iteration:  54
 frame: 1350000
 eval_episode_return:  0.00
 train_episode_return:  0.00
 train_exploration_epsilon: 0.100
 train_frame_rate:  156
I1008 19:08:05.112856 47075659306816 run_miniworld.py:243] Data collection iteration 55.
I1008 19:10:46.310942 47075659306816 run_miniworld.py:250] Evaluation iteration 55.
I1008 19:10:56.380803 47075659306816 run_miniworld.py:267] iteration:  55
 frame: 1375000
 eval_episode_return:  0.00
 train_episode_return:  0.00
 train_exploration_epsilon: 0.100
 train_frame_rate:  155
I1008 19:10:59.163155 47075659306816 run_miniworld.py:243] Data collection iteration 56.
I1008 19:13:39.277884 47075659306816 run_miniworld.py:250] Evaluation iteration 56.
I1008 19:13:49.040465 47075659306816 run_miniworld.py:267] iteration:  56
 frame: 1400000
 eval_episode_return:  0.00
 train_episode_return:  0.00
 train_exploration_epsilon: 0.100
 train_frame_rate:  156
I1008 19:13:52.855900 47075659306816 run_miniworld.py:243] Data collection iteration 57.
I1008 19:16:33.868673 47075659306816 run_miniworld.py:250] Evaluation iteration 57.
I1008 19:16:43.656462 47075659306816 run_miniworld.py:267] iteration:  57
 frame: 1425000
 eval_episode_return:  0.00
 train_episode_return:  0.00
 train_exploration_epsilon: 0.100
 train_frame_rate:  155
I1008 19:16:46.442048 47075659306816 run_miniworld.py:243] Data collection iteration 58.
I1008 19:19:27.924519 47075659306816 run_miniworld.py:250] Evaluation iteration 58.
I1008 19:19:37.808838 47075659306816 run_miniworld.py:267] iteration:  58
 frame: 1450000
 eval_episode_return:  0.00
 train_episode_return:  0.00
 train_exploration_epsilon: 0.100
 train_frame_rate:  155
I1008 19:19:41.563824 47075659306816 run_miniworld.py:243] Data collection iteration 59.
I1008 19:22:23.048263 47075659306816 run_miniworld.py:250] Evaluation iteration 59.
I1008 19:22:33.163856 47075659306816 run_miniworld.py:267] iteration:  59
 frame: 1475000
 eval_episode_return:  0.00
 train_episode_return:  0.00
 train_exploration_epsilon: 0.100
 train_frame_rate:  155
I1008 19:22:36.074329 47075659306816 run_miniworld.py:243] Data collection iteration 60.
I1008 19:25:17.195378 47075659306816 run_miniworld.py:250] Evaluation iteration 60.
I1008 19:25:26.953450 47075659306816 run_miniworld.py:267] iteration:  60
 frame: 1500000
 eval_episode_return:  0.00
 train_episode_return:  0.00
 train_exploration_epsilon: 0.100
 train_frame_rate:  155
I1008 19:25:29.757820 47075659306816 run_miniworld.py:243] Data collection iteration 61.
I1008 19:28:10.362700 47075659306816 run_miniworld.py:250] Evaluation iteration 61.
I1008 19:28:20.392215 47075659306816 run_miniworld.py:267] iteration:  61
 frame: 1525000
 eval_episode_return:  0.00
 train_episode_return:  0.00
 train_exploration_epsilon: 0.100
 train_frame_rate:  156
I1008 19:28:24.263892 47075659306816 run_miniworld.py:243] Data collection iteration 62.
I1008 19:31:05.009770 47075659306816 run_miniworld.py:250] Evaluation iteration 62.
I1008 19:31:15.002370 47075659306816 run_miniworld.py:267] iteration:  62
 frame: 1550000
 eval_episode_return:  0.00
 train_episode_return:  0.00
 train_exploration_epsilon: 0.100
 train_frame_rate:  156
I1008 19:31:17.786669 47075659306816 run_miniworld.py:243] Data collection iteration 63.
I1008 19:33:58.829789 47075659306816 run_miniworld.py:250] Evaluation iteration 63.
I1008 19:34:08.658564 47075659306816 run_miniworld.py:267] iteration:  63
 frame: 1575000
 eval_episode_return:  0.00
 train_episode_return:  0.00
 train_exploration_epsilon: 0.100
 train_frame_rate:  155
I1008 19:34:12.390479 47075659306816 run_miniworld.py:243] Data collection iteration 64.
I1008 19:36:53.647598 47075659306816 run_miniworld.py:250] Evaluation iteration 64.
I1008 19:37:03.743175 47075659306816 run_miniworld.py:267] iteration:  64
 frame: 1600000
 eval_episode_return:  0.00
 train_episode_return:  0.00
 train_exploration_epsilon: 0.100
 train_frame_rate:  155
I1008 19:37:06.674399 47075659306816 run_miniworld.py:243] Data collection iteration 65.
I1008 19:39:48.888907 47075659306816 run_miniworld.py:250] Evaluation iteration 65.
I1008 19:39:58.911661 47075659306816 run_miniworld.py:267] iteration:  65
 frame: 1625000
 eval_episode_return:  0.00
 train_episode_return:  0.00
 train_exploration_epsilon: 0.100
 train_frame_rate:  154
I1008 19:40:01.699234 47075659306816 run_miniworld.py:243] Data collection iteration 66.
I1008 19:42:41.897601 47075659306816 run_miniworld.py:250] Evaluation iteration 66.
I1008 19:42:51.785887 47075659306816 run_miniworld.py:267] iteration:  66
 frame: 1650000
 eval_episode_return:  0.00
 train_episode_return:  0.00
 train_exploration_epsilon: 0.100
 train_frame_rate:  156
I1008 19:42:55.824738 47075659306816 run_miniworld.py:243] Data collection iteration 67.
I1008 19:45:39.001046 47075659306816 run_miniworld.py:250] Evaluation iteration 67.
I1008 19:45:49.006230 47075659306816 run_miniworld.py:267] iteration:  67
 frame: 1675000
 eval_episode_return:  0.00
 train_episode_return:  0.04
 train_exploration_epsilon: 0.100
 train_frame_rate:  153
I1008 19:45:51.821365 47075659306816 run_miniworld.py:243] Data collection iteration 68.
I1008 19:48:33.704467 47075659306816 run_miniworld.py:250] Evaluation iteration 68.
I1008 19:48:43.735572 47075659306816 run_miniworld.py:267] iteration:  68
 frame: 1700000
 eval_episode_return:  0.00
 train_episode_return:  0.00
 train_exploration_epsilon: 0.100
 train_frame_rate:  154
I1008 19:48:47.590146 47075659306816 run_miniworld.py:243] Data collection iteration 69.
I1008 19:51:29.164885 47075659306816 run_miniworld.py:250] Evaluation iteration 69.
I1008 19:51:39.223994 47075659306816 run_miniworld.py:267] iteration:  69
 frame: 1725000
 eval_episode_return:  0.00
 train_episode_return:  0.04
 train_exploration_epsilon: 0.100
 train_frame_rate:  155
I1008 19:51:42.043447 47075659306816 run_miniworld.py:243] Data collection iteration 70.
I1008 19:54:23.289608 47075659306816 run_miniworld.py:250] Evaluation iteration 70.
I1008 19:54:33.156662 47075659306816 run_miniworld.py:267] iteration:  70
 frame: 1750000
 eval_episode_return:  0.00
 train_episode_return:  0.00
 train_exploration_epsilon: 0.100
 train_frame_rate:  155
I1008 19:54:35.952788 47075659306816 run_miniworld.py:243] Data collection iteration 71.
I1008 19:57:16.330963 47075659306816 run_miniworld.py:250] Evaluation iteration 71.
I1008 19:57:26.332027 47075659306816 run_miniworld.py:267] iteration:  71
 frame: 1775000
 eval_episode_return:  0.00
 train_episode_return:  0.04
 train_exploration_epsilon: 0.100
 train_frame_rate:  156
I1008 19:57:30.218951 47075659306816 run_miniworld.py:243] Data collection iteration 72.
I1008 20:00:11.513947 47075659306816 run_miniworld.py:250] Evaluation iteration 72.
I1008 20:00:21.367520 47075659306816 run_miniworld.py:267] iteration:  72
 frame: 1800000
 eval_episode_return:  0.00
 train_episode_return:  0.04
 train_exploration_epsilon: 0.100
 train_frame_rate:  155
I1008 20:00:24.592916 47075659306816 run_miniworld.py:243] Data collection iteration 73.
I1008 20:03:07.422094 47075659306816 run_miniworld.py:250] Evaluation iteration 73.
I1008 20:03:17.225731 47075659306816 run_miniworld.py:267] iteration:  73
 frame: 1825000
 eval_episode_return:  0.00
 train_episode_return:  0.04
 train_exploration_epsilon: 0.100
 train_frame_rate:  154
I1008 20:03:21.484491 47075659306816 run_miniworld.py:243] Data collection iteration 74.
I1008 20:06:03.794392 47075659306816 run_miniworld.py:250] Evaluation iteration 74.
I1008 20:06:13.731968 47075659306816 run_miniworld.py:267] iteration:  74
 frame: 1850000
 eval_episode_return:  0.00
 train_episode_return:  0.00
 train_exploration_epsilon: 0.100
 train_frame_rate:  154
I1008 20:06:16.657330 47075659306816 run_miniworld.py:243] Data collection iteration 75.
I1008 20:08:58.673852 47075659306816 run_miniworld.py:250] Evaluation iteration 75.
I1008 20:09:08.519324 47075659306816 run_miniworld.py:267] iteration:  75
 frame: 1875000
 eval_episode_return:  0.00
 train_episode_return:  0.04
 train_exploration_epsilon: 0.100
 train_frame_rate:  154
I1008 20:09:11.300919 47075659306816 run_miniworld.py:243] Data collection iteration 76.
I1008 20:11:53.308198 47075659306816 run_miniworld.py:250] Evaluation iteration 76.
I1008 20:12:03.366850 47075659306816 run_miniworld.py:267] iteration:  76
 frame: 1900000
 eval_episode_return:  0.00
 train_episode_return:  0.23
 train_exploration_epsilon: 0.100
 train_frame_rate:  154
I1008 20:12:07.206553 47075659306816 run_miniworld.py:243] Data collection iteration 77.
I1008 20:14:49.887787 47075659306816 run_miniworld.py:250] Evaluation iteration 77.
I1008 20:14:59.862872 47075659306816 run_miniworld.py:267] iteration:  77
 frame: 1925000
 eval_episode_return:  0.00
 train_episode_return:  0.12
 train_exploration_epsilon: 0.100
 train_frame_rate:  154
I1008 20:15:02.637921 47075659306816 run_miniworld.py:243] Data collection iteration 78.
I1008 20:17:44.993273 47075659306816 run_miniworld.py:250] Evaluation iteration 78.
I1008 20:17:55.055895 47075659306816 run_miniworld.py:267] iteration:  78
 frame: 1950000
 eval_episode_return:  0.00
 train_episode_return:  0.29
 train_exploration_epsilon: 0.100
 train_frame_rate:  154
I1008 20:17:58.843731 47075659306816 run_miniworld.py:243] Data collection iteration 79.
I1008 20:20:41.464548 47075659306816 run_miniworld.py:250] Evaluation iteration 79.
I1008 20:20:51.554950 47075659306816 run_miniworld.py:267] iteration:  79
 frame: 1975000
 eval_episode_return:  0.00
 train_episode_return:  0.22
 train_exploration_epsilon: 0.100
 train_frame_rate:  154
I1008 20:20:54.552931 47075659306816 run_miniworld.py:243] Data collection iteration 80.
I1008 20:23:36.530642 47075659306816 run_miniworld.py:250] Evaluation iteration 80.
I1008 20:23:46.297090 47075659306816 run_miniworld.py:267] iteration:  80
 frame: 2000000
 eval_episode_return:  0.00
 train_episode_return:  0.15
 train_exploration_epsilon: 0.100
 train_frame_rate:  154
I1008 20:23:49.058780 47075659306816 run_miniworld.py:243] Data collection iteration 81.
I1008 20:26:29.535508 47075659306816 run_miniworld.py:250] Evaluation iteration 81.
I1008 20:26:39.528850 47075659306816 run_miniworld.py:267] iteration:  81
 frame: 2025000
 eval_episode_return:  0.00
 train_episode_return:  0.04
 train_exploration_epsilon: 0.100
 train_frame_rate:  156
I1008 20:26:43.430626 47075659306816 run_miniworld.py:243] Data collection iteration 82.
I1008 20:29:23.399563 47075659306816 run_miniworld.py:250] Evaluation iteration 82.
I1008 20:29:33.086365 47075659306816 run_miniworld.py:267] iteration:  82
 frame: 2050000
 eval_episode_return:  0.00
 train_episode_return:  0.15
 train_exploration_epsilon: 0.100
 train_frame_rate:  156
I1008 20:29:35.860865 47075659306816 run_miniworld.py:243] Data collection iteration 83.
I1008 20:32:15.797428 47075659306816 run_miniworld.py:250] Evaluation iteration 83.
I1008 20:32:25.654736 47075659306816 run_miniworld.py:267] iteration:  83
 frame: 2075000
 eval_episode_return:  0.00
 train_episode_return:  0.15
 train_exploration_epsilon: 0.100
 train_frame_rate:  156
I1008 20:32:29.388654 47075659306816 run_miniworld.py:243] Data collection iteration 84.
I1008 20:35:10.157146 47075659306816 run_miniworld.py:250] Evaluation iteration 84.
I1008 20:35:19.936115 47075659306816 run_miniworld.py:267] iteration:  84
 frame: 2100000
 eval_episode_return:  0.00
 train_episode_return:  0.04
 train_exploration_epsilon: 0.100
 train_frame_rate:  156
I1008 20:35:22.696492 47075659306816 run_miniworld.py:243] Data collection iteration 85.
I1008 20:38:02.516397 47075659306816 run_miniworld.py:250] Evaluation iteration 85.
I1008 20:38:12.546660 47075659306816 run_miniworld.py:267] iteration:  85
 frame: 2125000
 eval_episode_return:  0.00
 train_episode_return:  0.25
 train_exploration_epsilon: 0.100
 train_frame_rate:  156
I1008 20:38:15.320643 47075659306816 run_miniworld.py:243] Data collection iteration 86.
I1008 20:40:54.716995 47075659306816 run_miniworld.py:250] Evaluation iteration 86.
I1008 20:41:04.379356 47075659306816 run_miniworld.py:267] iteration:  86
 frame: 2150000
 eval_episode_return:  0.00
 train_episode_return:  0.12
 train_exploration_epsilon: 0.100
 train_frame_rate:  157
I1008 20:41:08.338549 47075659306816 run_miniworld.py:243] Data collection iteration 87.
I1008 20:43:49.389933 47075659306816 run_miniworld.py:250] Evaluation iteration 87.
I1008 20:43:59.387384 47075659306816 run_miniworld.py:267] iteration:  87
 frame: 2175000
 eval_episode_return:  0.00
 train_episode_return:  0.04
 train_exploration_epsilon: 0.100
 train_frame_rate:  155
I1008 20:44:02.408108 47075659306816 run_miniworld.py:243] Data collection iteration 88.
I1008 20:46:42.394133 47075659306816 run_miniworld.py:250] Evaluation iteration 88.
I1008 20:46:52.466662 47075659306816 run_miniworld.py:267] iteration:  88
 frame: 2200000
 eval_episode_return:  0.00
 train_episode_return:  0.00
 train_exploration_epsilon: 0.100
 train_frame_rate:  156
I1008 20:46:56.699224 47075659306816 run_miniworld.py:243] Data collection iteration 89.
I1008 20:49:38.462012 47075659306816 run_miniworld.py:250] Evaluation iteration 89.
I1008 20:49:48.669443 47075659306816 run_miniworld.py:267] iteration:  89
 frame: 2225000
 eval_episode_return:  0.00
 train_episode_return:  0.19
 train_exploration_epsilon: 0.100
 train_frame_rate:  155
I1008 20:49:51.460729 47075659306816 run_miniworld.py:243] Data collection iteration 90.
I1008 20:52:31.942537 47075659306816 run_miniworld.py:250] Evaluation iteration 90.
I1008 20:52:41.773460 47075659306816 run_miniworld.py:267] iteration:  90
 frame: 2250000
 eval_episode_return:  0.00
 train_episode_return:  0.25
 train_exploration_epsilon: 0.100
 train_frame_rate:  156
I1008 20:52:44.575402 47075659306816 run_miniworld.py:243] Data collection iteration 91.
I1008 20:55:24.951017 47075659306816 run_miniworld.py:250] Evaluation iteration 91.
I1008 20:55:34.933999 47075659306816 run_miniworld.py:267] iteration:  91
 frame: 2275000
 eval_episode_return:  0.00
 train_episode_return:  0.12
 train_exploration_epsilon: 0.100
 train_frame_rate:  156
I1008 20:55:38.743401 47075659306816 run_miniworld.py:243] Data collection iteration 92.
I1008 20:58:19.435894 47075659306816 run_miniworld.py:250] Evaluation iteration 92.
I1008 20:58:29.617769 47075659306816 run_miniworld.py:267] iteration:  92
 frame: 2300000
 eval_episode_return:  0.00
 train_episode_return:  0.08
 train_exploration_epsilon: 0.100
 train_frame_rate:  156
I1008 20:58:32.486526 47075659306816 run_miniworld.py:243] Data collection iteration 93.
I1008 21:01:13.357945 47075659306816 run_miniworld.py:250] Evaluation iteration 93.
I1008 21:01:23.093961 47075659306816 run_miniworld.py:267] iteration:  93
 frame: 2325000
 eval_episode_return:  0.00
 train_episode_return:  0.08
 train_exploration_epsilon: 0.100
 train_frame_rate:  155
I1008 21:01:26.937919 47075659306816 run_miniworld.py:243] Data collection iteration 94.
I1008 21:04:08.511907 47075659306816 run_miniworld.py:250] Evaluation iteration 94.
I1008 21:04:18.740858 47075659306816 run_miniworld.py:267] iteration:  94
 frame: 2350000
 eval_episode_return:  0.00
 train_episode_return:  0.08
 train_exploration_epsilon: 0.100
 train_frame_rate:  155
I1008 21:04:21.940091 47075659306816 run_miniworld.py:243] Data collection iteration 95.
I1008 21:07:02.496121 47075659306816 run_miniworld.py:250] Evaluation iteration 95.
I1008 21:07:12.521235 47075659306816 run_miniworld.py:267] iteration:  95
 frame: 2375000
 eval_episode_return:  0.00
 train_episode_return:  0.04
 train_exploration_epsilon: 0.100
 train_frame_rate:  156
I1008 21:07:16.082848 47075659306816 run_miniworld.py:243] Data collection iteration 96.
I1008 21:09:56.836405 47075659306816 run_miniworld.py:250] Evaluation iteration 96.
I1008 21:10:06.518724 47075659306816 run_miniworld.py:267] iteration:  96
 frame: 2400000
 eval_episode_return:  0.00
 train_episode_return:  0.12
 train_exploration_epsilon: 0.100
 train_frame_rate:  156
I1008 21:10:10.880144 47075659306816 run_miniworld.py:243] Data collection iteration 97.
I1008 21:12:52.292556 47075659306816 run_miniworld.py:250] Evaluation iteration 97.
I1008 21:13:02.374389 47075659306816 run_miniworld.py:267] iteration:  97
 frame: 2425000
 eval_episode_return:  0.00
 train_episode_return:  0.04
 train_exploration_epsilon: 0.100
 train_frame_rate:  155
I1008 21:13:07.995384 47075659306816 run_miniworld.py:243] Data collection iteration 98.
I1008 21:15:49.043441 47075659306816 run_miniworld.py:250] Evaluation iteration 98.
I1008 21:15:58.971085 47075659306816 run_miniworld.py:267] iteration:  98
 frame: 2450000
 eval_episode_return:  0.00
 train_episode_return:  0.31
 train_exploration_epsilon: 0.100
 train_frame_rate:  155
I1008 21:16:03.610551 47075659306816 run_miniworld.py:243] Data collection iteration 99.
I1008 21:18:45.355339 47075659306816 run_miniworld.py:250] Evaluation iteration 99.
I1008 21:18:55.024144 47075659306816 run_miniworld.py:267] iteration:  99
 frame: 2475000
 eval_episode_return:  0.00
 train_episode_return:  0.22
 train_exploration_epsilon: 0.100
 train_frame_rate:  155
I1008 21:18:59.009537 47075659306816 run_miniworld.py:243] Data collection iteration 100.
I1008 21:21:40.930478 47075659306816 run_miniworld.py:250] Evaluation iteration 100.
I1008 21:21:50.732700 47075659306816 run_miniworld.py:267] iteration: 100
 frame: 2500000
 eval_episode_return:  0.00
 train_episode_return:  0.16
 train_exploration_epsilon: 0.100
 train_frame_rate:  154
I1008 21:21:53.678028 47075659306816 run_miniworld.py:243] Data collection iteration 101.
I1008 21:24:34.048095 47075659306816 run_miniworld.py:250] Evaluation iteration 101.
I1008 21:24:44.189620 47075659306816 run_miniworld.py:267] iteration: 101
 frame: 2525000
 eval_episode_return:  0.00
 train_episode_return:  0.27
 train_exploration_epsilon: 0.100
 train_frame_rate:  156
I1008 21:24:49.114787 47075659306816 run_miniworld.py:243] Data collection iteration 102.
I1008 21:27:30.535184 47075659306816 run_miniworld.py:250] Evaluation iteration 102.
I1008 21:27:40.643525 47075659306816 run_miniworld.py:267] iteration: 102
 frame: 2550000
 eval_episode_return:  0.00
 train_episode_return:  0.23
 train_exploration_epsilon: 0.100
 train_frame_rate:  155
I1008 21:27:43.454064 47075659306816 run_miniworld.py:243] Data collection iteration 103.
I1008 21:30:25.027033 47075659306816 run_miniworld.py:250] Evaluation iteration 103.
I1008 21:30:35.114079 47075659306816 run_miniworld.py:267] iteration: 103
 frame: 2575000
 eval_episode_return:  0.00
 train_episode_return:  0.36
 train_exploration_epsilon: 0.100
 train_frame_rate:  155
I1008 21:30:38.985812 47075659306816 run_miniworld.py:243] Data collection iteration 104.
I1008 21:33:21.221805 47075659306816 run_miniworld.py:250] Evaluation iteration 104.
I1008 21:33:30.971075 47075659306816 run_miniworld.py:267] iteration: 104
 frame: 2600000
 eval_episode_return:  0.00
 train_episode_return:  0.15
 train_exploration_epsilon: 0.100
 train_frame_rate:  154
I1008 21:33:33.866966 47075659306816 run_miniworld.py:243] Data collection iteration 105.
I1008 21:36:15.180569 47075659306816 run_miniworld.py:250] Evaluation iteration 105.
I1008 21:36:25.059530 47075659306816 run_miniworld.py:267] iteration: 105
 frame: 2625000
 eval_episode_return:  0.00
 train_episode_return:  0.34
 train_exploration_epsilon: 0.100
 train_frame_rate:  155
I1008 21:36:27.882123 47075659306816 run_miniworld.py:243] Data collection iteration 106.
I1008 21:39:08.679107 47075659306816 run_miniworld.py:250] Evaluation iteration 106.
I1008 21:39:18.634488 47075659306816 run_miniworld.py:267] iteration: 106
 frame: 2650000
 eval_episode_return:  0.00
 train_episode_return:  0.19
 train_exploration_epsilon: 0.100
 train_frame_rate:  155
I1008 21:39:22.517528 47075659306816 run_miniworld.py:243] Data collection iteration 107.
I1008 21:42:04.304941 47075659306816 run_miniworld.py:250] Evaluation iteration 107.
I1008 21:42:14.050680 47075659306816 run_miniworld.py:267] iteration: 107
 frame: 2675000
 eval_episode_return:  0.00
 train_episode_return:  0.08
 train_exploration_epsilon: 0.100
 train_frame_rate:  155
I1008 21:42:16.814808 47075659306816 run_miniworld.py:243] Data collection iteration 108.
I1008 21:44:59.813245 47075659306816 run_miniworld.py:250] Evaluation iteration 108.
I1008 21:45:09.628790 47075659306816 run_miniworld.py:267] iteration: 108
 frame: 2700000
 eval_episode_return:  0.00
 train_episode_return:  0.04
 train_exploration_epsilon: 0.100
 train_frame_rate:  153
I1008 21:45:13.580342 47075659306816 run_miniworld.py:243] Data collection iteration 109.
I1008 21:47:55.883177 47075659306816 run_miniworld.py:250] Evaluation iteration 109.
I1008 21:48:05.723391 47075659306816 run_miniworld.py:267] iteration: 109
 frame: 2725000
 eval_episode_return:  0.00
 train_episode_return:  0.12
 train_exploration_epsilon: 0.100
 train_frame_rate:  154
I1008 21:48:08.581261 47075659306816 run_miniworld.py:243] Data collection iteration 110.
I1008 21:50:50.021077 47075659306816 run_miniworld.py:250] Evaluation iteration 110.
I1008 21:51:00.042387 47075659306816 run_miniworld.py:267] iteration: 110
 frame: 2750000
 eval_episode_return:  0.00
 train_episode_return:  0.12
 train_exploration_epsilon: 0.100
 train_frame_rate:  155
I1008 21:51:02.928959 47075659306816 run_miniworld.py:243] Data collection iteration 111.
I1008 21:53:43.444268 47075659306816 run_miniworld.py:250] Evaluation iteration 111.
I1008 21:53:53.689364 47075659306816 run_miniworld.py:267] iteration: 111
 frame: 2775000
 eval_episode_return:  0.00
 train_episode_return:  0.26
 train_exploration_epsilon: 0.100
 train_frame_rate:  156
I1008 21:53:57.708577 47075659306816 run_miniworld.py:243] Data collection iteration 112.
I1008 21:56:39.191298 47075659306816 run_miniworld.py:250] Evaluation iteration 112.
I1008 21:56:48.934438 47075659306816 run_miniworld.py:267] iteration: 112
 frame: 2800000
 eval_episode_return:  0.00
 train_episode_return:  0.15
 train_exploration_epsilon: 0.100
 train_frame_rate:  155
I1008 21:56:51.699277 47075659306816 run_miniworld.py:243] Data collection iteration 113.
I1008 21:59:32.730933 47075659306816 run_miniworld.py:250] Evaluation iteration 113.
I1008 21:59:42.596255 47075659306816 run_miniworld.py:267] iteration: 113
 frame: 2825000
 eval_episode_return:  0.00
 train_episode_return:  0.12
 train_exploration_epsilon: 0.100
 train_frame_rate:  155
I1008 21:59:46.443915 47075659306816 run_miniworld.py:243] Data collection iteration 114.
I1008 22:02:28.944259 47075659306816 run_miniworld.py:250] Evaluation iteration 114.
I1008 22:02:38.899573 47075659306816 run_miniworld.py:267] iteration: 114
 frame: 2850000
 eval_episode_return:  0.00
 train_episode_return:  0.12
 train_exploration_epsilon: 0.100
 train_frame_rate:  154
I1008 22:02:41.869393 47075659306816 run_miniworld.py:243] Data collection iteration 115.
I1008 22:05:23.180840 47075659306816 run_miniworld.py:250] Evaluation iteration 115.
I1008 22:05:33.052609 47075659306816 run_miniworld.py:267] iteration: 115
 frame: 2875000
 eval_episode_return:  0.00
 train_episode_return:  0.33
 train_exploration_epsilon: 0.100
 train_frame_rate:  155
I1008 22:05:35.922765 47075659306816 run_miniworld.py:243] Data collection iteration 116.
I1008 22:08:16.595607 47075659306816 run_miniworld.py:250] Evaluation iteration 116.
I1008 22:08:26.522122 47075659306816 run_miniworld.py:267] iteration: 116
 frame: 2900000
 eval_episode_return:  0.00
 train_episode_return:  0.15
 train_exploration_epsilon: 0.100
 train_frame_rate:  156
I1008 22:08:30.806491 47075659306816 run_miniworld.py:243] Data collection iteration 117.
I1008 22:11:12.940935 47075659306816 run_miniworld.py:250] Evaluation iteration 117.
I1008 22:11:22.919859 47075659306816 run_miniworld.py:267] iteration: 117
 frame: 2925000
 eval_episode_return:  0.00
 train_episode_return:  0.19
 train_exploration_epsilon: 0.100
 train_frame_rate:  154
I1008 22:11:25.738893 47075659306816 run_miniworld.py:243] Data collection iteration 118.
I1008 22:14:06.496732 47075659306816 run_miniworld.py:250] Evaluation iteration 118.
I1008 22:14:16.469486 47075659306816 run_miniworld.py:267] iteration: 118
 frame: 2950000
 eval_episode_return:  0.00
 train_episode_return:  0.25
 train_exploration_epsilon: 0.100
 train_frame_rate:  156
I1008 22:14:20.396559 47075659306816 run_miniworld.py:243] Data collection iteration 119.
I1008 22:17:04.860934 47075659306816 run_miniworld.py:250] Evaluation iteration 119.
I1008 22:17:14.901869 47075659306816 run_miniworld.py:267] iteration: 119
 frame: 2975000
 eval_episode_return:  0.00
 train_episode_return:  0.19
 train_exploration_epsilon: 0.100
 train_frame_rate:  152
I1008 22:17:18.143043 47075659306816 run_miniworld.py:243] Data collection iteration 120.
I1008 22:19:59.556802 47075659306816 run_miniworld.py:250] Evaluation iteration 120.
I1008 22:20:09.462100 47075659306816 run_miniworld.py:267] iteration: 120
 frame: 3000000
 eval_episode_return:  0.00
 train_episode_return:  0.08
 train_exploration_epsilon: 0.100
 train_frame_rate:  155
I1008 22:20:12.237502 47075659306816 run_miniworld.py:243] Data collection iteration 121.
I1008 22:22:53.844895 47075659306816 run_miniworld.py:250] Evaluation iteration 121.
I1008 22:23:03.723321 47075659306816 run_miniworld.py:267] iteration: 121
 frame: 3025000
 eval_episode_return:  0.00
 train_episode_return:  0.15
 train_exploration_epsilon: 0.100
 train_frame_rate:  155
I1008 22:23:08.927215 47075659306816 run_miniworld.py:243] Data collection iteration 122.
I1008 22:25:50.453804 47075659306816 run_miniworld.py:250] Evaluation iteration 122.
I1008 22:26:00.341512 47075659306816 run_miniworld.py:267] iteration: 122
 frame: 3050000
 eval_episode_return:  0.00
 train_episode_return:  0.25
 train_exploration_epsilon: 0.100
 train_frame_rate:  155
I1008 22:26:03.360344 47075659306816 run_miniworld.py:243] Data collection iteration 123.
I1008 22:28:44.467195 47075659306816 run_miniworld.py:250] Evaluation iteration 123.
I1008 22:28:54.349400 47075659306816 run_miniworld.py:267] iteration: 123
 frame: 3075000
 eval_episode_return:  0.00
 train_episode_return:  0.15
 train_exploration_epsilon: 0.100
 train_frame_rate:  155
I1008 22:28:58.344017 47075659306816 run_miniworld.py:243] Data collection iteration 124.
I1008 22:31:41.215373 47075659306816 run_miniworld.py:250] Evaluation iteration 124.
I1008 22:31:51.028911 47075659306816 run_miniworld.py:267] iteration: 124
 frame: 3100000
 eval_episode_return:  0.00
 train_episode_return:  0.15
 train_exploration_epsilon: 0.100
 train_frame_rate:  153
I1008 22:31:53.941166 47075659306816 run_miniworld.py:243] Data collection iteration 125.
I1008 22:34:35.718897 47075659306816 run_miniworld.py:250] Evaluation iteration 125.
I1008 22:34:45.534987 47075659306816 run_miniworld.py:267] iteration: 125
 frame: 3125000
 eval_episode_return:  0.00
 train_episode_return:  0.08
 train_exploration_epsilon: 0.100
 train_frame_rate:  155
I1008 22:34:48.454693 47075659306816 run_miniworld.py:243] Data collection iteration 126.
I1008 22:37:29.672255 47075659306816 run_miniworld.py:250] Evaluation iteration 126.
I1008 22:37:39.511051 47075659306816 run_miniworld.py:267] iteration: 126
 frame: 3150000
 eval_episode_return:  0.00
 train_episode_return:  0.19
 train_exploration_epsilon: 0.100
 train_frame_rate:  155
I1008 22:37:43.655172 47075659306816 run_miniworld.py:243] Data collection iteration 127.
I1008 22:40:25.866127 47075659306816 run_miniworld.py:250] Evaluation iteration 127.
I1008 22:40:35.582630 47075659306816 run_miniworld.py:267] iteration: 127
 frame: 3175000
 eval_episode_return:  0.00
 train_episode_return:  0.15
 train_exploration_epsilon: 0.100
 train_frame_rate:  154
I1008 22:40:38.397617 47075659306816 run_miniworld.py:243] Data collection iteration 128.
I1008 22:43:19.921464 47075659306816 run_miniworld.py:250] Evaluation iteration 128.
I1008 22:43:29.803960 47075659306816 run_miniworld.py:267] iteration: 128
 frame: 3200000
 eval_episode_return:  0.00
 train_episode_return:  0.26
 train_exploration_epsilon: 0.100
 train_frame_rate:  155
I1008 22:43:33.987505 47075659306816 run_miniworld.py:243] Data collection iteration 129.
I1008 22:46:16.462153 47075659306816 run_miniworld.py:250] Evaluation iteration 129.
I1008 22:46:26.248591 47075659306816 run_miniworld.py:267] iteration: 129
 frame: 3225000
 eval_episode_return:  0.00
 train_episode_return:  0.37
 train_exploration_epsilon: 0.100
 train_frame_rate:  154
I1008 22:46:29.521076 47075659306816 run_miniworld.py:243] Data collection iteration 130.
I1008 22:49:11.569530 47075659306816 run_miniworld.py:250] Evaluation iteration 130.
I1008 22:49:21.508197 47075659306816 run_miniworld.py:267] iteration: 130
 frame: 3250000
 eval_episode_return:  0.00
 train_episode_return:  0.08
 train_exploration_epsilon: 0.100
 train_frame_rate:  154
I1008 22:49:24.475299 47075659306816 run_miniworld.py:243] Data collection iteration 131.
I1008 22:52:05.605937 47075659306816 run_miniworld.py:250] Evaluation iteration 131.
I1008 22:52:15.384135 47075659306816 run_miniworld.py:267] iteration: 131
 frame: 3275000
 eval_episode_return:  0.00
 train_episode_return:  0.12
 train_exploration_epsilon: 0.100
 train_frame_rate:  155
I1008 22:52:19.397578 47075659306816 run_miniworld.py:243] Data collection iteration 132.
I1008 22:55:01.650971 47075659306816 run_miniworld.py:250] Evaluation iteration 132.
I1008 22:55:11.518894 47075659306816 run_miniworld.py:267] iteration: 132
 frame: 3300000
 eval_episode_return:  0.00
 train_episode_return:  0.12
 train_exploration_epsilon: 0.100
 train_frame_rate:  154
I1008 22:55:14.466139 47075659306816 run_miniworld.py:243] Data collection iteration 133.
I1008 22:57:55.772504 47075659306816 run_miniworld.py:250] Evaluation iteration 133.
I1008 22:58:06.020113 47075659306816 run_miniworld.py:267] iteration: 133
 frame: 3325000
 eval_episode_return:  0.00
 train_episode_return:  0.12
 train_exploration_epsilon: 0.100
 train_frame_rate:  155
I1008 22:58:10.287756 47075659306816 run_miniworld.py:243] Data collection iteration 134.
I1008 23:00:53.294635 47075659306816 run_miniworld.py:250] Evaluation iteration 134.
I1008 23:01:03.412688 47075659306816 run_miniworld.py:267] iteration: 134
 frame: 3350000
 eval_episode_return:  0.00
 train_episode_return:  0.15
 train_exploration_epsilon: 0.100
 train_frame_rate:  153
I1008 23:01:06.305241 47075659306816 run_miniworld.py:243] Data collection iteration 135.
I1008 23:03:48.154201 47075659306816 run_miniworld.py:250] Evaluation iteration 135.
I1008 23:03:58.039560 47075659306816 run_miniworld.py:267] iteration: 135
 frame: 3375000
 eval_episode_return:  0.00
 train_episode_return:  0.15
 train_exploration_epsilon: 0.100
 train_frame_rate:  154
I1008 23:04:00.891500 47075659306816 run_miniworld.py:243] Data collection iteration 136.
I1008 23:06:42.354418 47075659306816 run_miniworld.py:250] Evaluation iteration 136.
I1008 23:06:52.464030 47075659306816 run_miniworld.py:267] iteration: 136
 frame: 3400000
 eval_episode_return:  0.00
 train_episode_return:  0.26
 train_exploration_epsilon: 0.100
 train_frame_rate:  155
I1008 23:06:56.428846 47075659306816 run_miniworld.py:243] Data collection iteration 137.
I1008 23:09:39.311587 47075659306816 run_miniworld.py:250] Evaluation iteration 137.
I1008 23:09:49.527238 47075659306816 run_miniworld.py:267] iteration: 137
 frame: 3425000
 eval_episode_return:  0.00
 train_episode_return:  0.12
 train_exploration_epsilon: 0.100
 train_frame_rate:  153
I1008 23:09:52.355703 47075659306816 run_miniworld.py:243] Data collection iteration 138.
I1008 23:12:33.914301 47075659306816 run_miniworld.py:250] Evaluation iteration 138.
I1008 23:12:44.040255 47075659306816 run_miniworld.py:267] iteration: 138
 frame: 3450000
 eval_episode_return:  0.00
 train_episode_return:  0.08
 train_exploration_epsilon: 0.100
 train_frame_rate:  155
I1008 23:12:48.004244 47075659306816 run_miniworld.py:243] Data collection iteration 139.
I1008 23:15:31.169533 47075659306816 run_miniworld.py:250] Evaluation iteration 139.
I1008 23:15:40.976246 47075659306816 run_miniworld.py:267] iteration: 139
 frame: 3475000
 eval_episode_return:  0.00
 train_episode_return:  0.31
 train_exploration_epsilon: 0.100
 train_frame_rate:  153
I1008 23:15:43.781610 47075659306816 run_miniworld.py:243] Data collection iteration 140.
I1008 23:18:25.500142 47075659306816 run_miniworld.py:250] Evaluation iteration 140.
I1008 23:18:35.364431 47075659306816 run_miniworld.py:267] iteration: 140
 frame: 3500000
 eval_episode_return:  0.00
 train_episode_return:  0.63
 train_exploration_epsilon: 0.100
 train_frame_rate:  155
I1008 23:18:38.189744 47075659306816 run_miniworld.py:243] Data collection iteration 141.
I1008 23:21:19.542411 47075659306816 run_miniworld.py:250] Evaluation iteration 141.
I1008 23:21:29.367655 47075659306816 run_miniworld.py:267] iteration: 141
 frame: 3525000
 eval_episode_return:  0.00
 train_episode_return:  0.53
 train_exploration_epsilon: 0.100
 train_frame_rate:  155
I1008 23:21:33.459913 47075659306816 run_miniworld.py:243] Data collection iteration 142.
I1008 23:24:15.965636 47075659306816 run_miniworld.py:250] Evaluation iteration 142.
I1008 23:24:26.025598 47075659306816 run_miniworld.py:267] iteration: 142
 frame: 3550000
 eval_episode_return:  0.00
 train_episode_return:  0.50
 train_exploration_epsilon: 0.100
 train_frame_rate:  154
I1008 23:24:28.982528 47075659306816 run_miniworld.py:243] Data collection iteration 143.
I1008 23:27:10.925186 47075659306816 run_miniworld.py:250] Evaluation iteration 143.
I1008 23:27:20.824939 47075659306816 run_miniworld.py:267] iteration: 143
 frame: 3575000
 eval_episode_return:  0.00
 train_episode_return:  0.57
 train_exploration_epsilon: 0.100
 train_frame_rate:  154
I1008 23:27:24.737128 47075659306816 run_miniworld.py:243] Data collection iteration 144.
I1008 23:30:08.103435 47075659306816 run_miniworld.py:250] Evaluation iteration 144.
I1008 23:30:18.040550 47075659306816 run_miniworld.py:267] iteration: 144
 frame: 3600000
 eval_episode_return:  0.00
 train_episode_return:  0.51
 train_exploration_epsilon: 0.100
 train_frame_rate:  153
I1008 23:30:20.849961 47075659306816 run_miniworld.py:243] Data collection iteration 145.
I1008 23:33:03.278205 47075659306816 run_miniworld.py:250] Evaluation iteration 145.
I1008 23:33:13.308853 47075659306816 run_miniworld.py:267] iteration: 145
 frame: 3625000
 eval_episode_return:  0.00
 train_episode_return:  0.67
 train_exploration_epsilon: 0.100
 train_frame_rate:  154
I1008 23:33:16.129382 47075659306816 run_miniworld.py:243] Data collection iteration 146.
I1008 23:35:58.408867 47075659306816 run_miniworld.py:250] Evaluation iteration 146.
I1008 23:36:08.426434 47075659306816 run_miniworld.py:267] iteration: 146
 frame: 3650000
 eval_episode_return:  0.00
 train_episode_return:  0.69
 train_exploration_epsilon: 0.100
 train_frame_rate:  154
I1008 23:36:12.349242 47075659306816 run_miniworld.py:243] Data collection iteration 147.
I1008 23:38:55.429872 47075659306816 run_miniworld.py:250] Evaluation iteration 147.
I1008 23:39:05.534544 47075659306816 run_miniworld.py:267] iteration: 147
 frame: 3675000
 eval_episode_return:  0.00
 train_episode_return:  0.82
 train_exploration_epsilon: 0.100
 train_frame_rate:  153
I1008 23:39:08.405002 47075659306816 run_miniworld.py:243] Data collection iteration 148.
I1008 23:41:50.981843 47075659306816 run_miniworld.py:250] Evaluation iteration 148.
I1008 23:42:01.125425 47075659306816 run_miniworld.py:267] iteration: 148
 frame: 3700000
 eval_episode_return:  0.00
 train_episode_return:  0.68
 train_exploration_epsilon: 0.100
 train_frame_rate:  154
I1008 23:42:05.016270 47075659306816 run_miniworld.py:243] Data collection iteration 149.
I1008 23:44:49.875501 47075659306816 run_miniworld.py:250] Evaluation iteration 149.
I1008 23:44:59.863901 47075659306816 run_miniworld.py:267] iteration: 149
 frame: 3725000
 eval_episode_return:  0.00
 train_episode_return:  0.77
 train_exploration_epsilon: 0.100
 train_frame_rate:  152
I1008 23:45:02.706161 47075659306816 run_miniworld.py:243] Data collection iteration 150.
I1008 23:47:46.222824 47075659306816 run_miniworld.py:250] Evaluation iteration 150.
I1008 23:47:56.173552 47075659306816 run_miniworld.py:267] iteration: 150
 frame: 3750000
 eval_episode_return:  0.00
 train_episode_return:  0.88
 train_exploration_epsilon: 0.100
 train_frame_rate:  153
I1008 23:47:58.947394 47075659306816 run_miniworld.py:243] Data collection iteration 151.
I1008 23:50:41.522318 47075659306816 run_miniworld.py:250] Evaluation iteration 151.
I1008 23:50:51.552820 47075659306816 run_miniworld.py:267] iteration: 151
 frame: 3775000
 eval_episode_return:  0.00
 train_episode_return:  0.82
 train_exploration_epsilon: 0.100
 train_frame_rate:  154
I1008 23:50:55.599000 47075659306816 run_miniworld.py:243] Data collection iteration 152.
I1008 23:53:39.495199 47075659306816 run_miniworld.py:250] Evaluation iteration 152.
I1008 23:53:50.149018 47075659306816 run_miniworld.py:267] iteration: 152
 frame: 3800000
 eval_episode_return:  1.00
 train_episode_return:  0.99
 train_exploration_epsilon: 0.100
 train_frame_rate:  153
I1008 23:53:53.047175 47075659306816 run_miniworld.py:243] Data collection iteration 153.
I1008 23:56:36.202814 47075659306816 run_miniworld.py:250] Evaluation iteration 153.
I1008 23:56:46.373615 47075659306816 run_miniworld.py:267] iteration: 153
 frame: 3825000
 eval_episode_return:  0.20
 train_episode_return:  0.95
 train_exploration_epsilon: 0.100
 train_frame_rate:  153
I1008 23:56:50.328973 47075659306816 run_miniworld.py:243] Data collection iteration 154.
I1008 23:59:33.920737 47075659306816 run_miniworld.py:250] Evaluation iteration 154.
I1008 23:59:43.882458 47075659306816 run_miniworld.py:267] iteration: 154
 frame: 3850000
 eval_episode_return:  0.00
 train_episode_return:  0.92
 train_exploration_epsilon: 0.100
 train_frame_rate:  153
I1008 23:59:46.787645 47075659306816 run_miniworld.py:243] Data collection iteration 155.
I1009 00:02:30.985401 47075659306816 run_miniworld.py:250] Evaluation iteration 155.
I1009 00:02:41.564410 47075659306816 run_miniworld.py:267] iteration: 155
 frame: 3875000
 eval_episode_return:  1.00
 train_episode_return:  1.00
 train_exploration_epsilon: 0.100
 train_frame_rate:  152
I1009 00:02:44.516337 47075659306816 run_miniworld.py:243] Data collection iteration 156.
I1009 00:05:27.878330 47075659306816 run_miniworld.py:250] Evaluation iteration 156.
I1009 00:05:37.801866 47075659306816 run_miniworld.py:267] iteration: 156
 frame: 3900000
 eval_episode_return:  0.20
 train_episode_return:  0.99
 train_exploration_epsilon: 0.100
 train_frame_rate:  153
I1009 00:05:41.982209 47075659306816 run_miniworld.py:243] Data collection iteration 157.
I1009 00:08:26.504758 47075659306816 run_miniworld.py:250] Evaluation iteration 157.
I1009 00:08:36.631298 47075659306816 run_miniworld.py:267] iteration: 157
 frame: 3925000
 eval_episode_return:  0.80
 train_episode_return:  1.00
 train_exploration_epsilon: 0.100
 train_frame_rate:  152
I1009 00:08:40.165364 47075659306816 run_miniworld.py:243] Data collection iteration 158.
I1009 00:11:23.676578 47075659306816 run_miniworld.py:250] Evaluation iteration 158.
I1009 00:11:33.670083 47075659306816 run_miniworld.py:267] iteration: 158
 frame: 3950000
 eval_episode_return:  0.00
 train_episode_return:  0.97
 train_exploration_epsilon: 0.100
 train_frame_rate:  153
I1009 00:11:37.912826 47075659306816 run_miniworld.py:243] Data collection iteration 159.
I1009 00:14:23.413722 47075659306816 run_miniworld.py:250] Evaluation iteration 159.
I1009 00:14:35.454226 47075659306816 run_miniworld.py:267] iteration: 159
 frame: 3975000
 eval_episode_return:  1.00
 train_episode_return:  1.00
 train_exploration_epsilon: 0.100
 train_frame_rate:  151
I1009 00:14:38.460784 47075659306816 run_miniworld.py:243] Data collection iteration 160.
I1009 00:17:22.625330 47075659306816 run_miniworld.py:250] Evaluation iteration 160.
I1009 00:17:32.536327 47075659306816 run_miniworld.py:267] iteration: 160
 frame: 4000000
 eval_episode_return:  0.00
 train_episode_return:  0.99
 train_exploration_epsilon: 0.100
 train_frame_rate:  152
I1009 00:17:35.308859 47075659306816 run_miniworld.py:243] Data collection iteration 161.
I1009 00:20:18.563986 47075659306816 run_miniworld.py:250] Evaluation iteration 161.
I1009 00:20:29.514050 47075659306816 run_miniworld.py:267] iteration: 161
 frame: 4025000
 eval_episode_return:  1.00
 train_episode_return:  1.00
 train_exploration_epsilon: 0.100
 train_frame_rate:  153
I1009 00:20:33.764366 47075659306816 run_miniworld.py:243] Data collection iteration 162.
I1009 00:23:19.360543 47075659306816 run_miniworld.py:250] Evaluation iteration 162.
I1009 00:23:31.597949 47075659306816 run_miniworld.py:267] iteration: 162
 frame: 4050000
 eval_episode_return:  1.00
 train_episode_return:  1.00
 train_exploration_epsilon: 0.100
 train_frame_rate:  151
I1009 00:23:34.432538 47075659306816 run_miniworld.py:243] Data collection iteration 163.
I1009 00:26:18.793180 47075659306816 run_miniworld.py:250] Evaluation iteration 163.
I1009 00:26:30.312409 47075659306816 run_miniworld.py:267] iteration: 163
 frame: 4075000
 eval_episode_return:  0.98
 train_episode_return:  1.00
 train_exploration_epsilon: 0.100
 train_frame_rate:  152
I1009 00:26:34.722969 47075659306816 run_miniworld.py:243] Data collection iteration 164.
I1009 00:29:20.324804 47075659306816 run_miniworld.py:250] Evaluation iteration 164.
I1009 00:29:31.284325 47075659306816 run_miniworld.py:267] iteration: 164
 frame: 4100000
 eval_episode_return:  1.00
 train_episode_return:  1.00
 train_exploration_epsilon: 0.100
 train_frame_rate:  151
I1009 00:29:34.069371 47075659306816 run_miniworld.py:243] Data collection iteration 165.
I1009 00:32:19.820802 47075659306816 run_miniworld.py:250] Evaluation iteration 165.
I1009 00:32:31.788868 47075659306816 run_miniworld.py:267] iteration: 165
 frame: 4125000
 eval_episode_return:  1.00
 train_episode_return:  1.00
 train_exploration_epsilon: 0.100
 train_frame_rate:  151
I1009 00:32:34.615118 47075659306816 run_miniworld.py:243] Data collection iteration 166.
I1009 00:35:19.073280 47075659306816 run_miniworld.py:250] Evaluation iteration 166.
I1009 00:35:30.912372 47075659306816 run_miniworld.py:267] iteration: 166
 frame: 4150000
 eval_episode_return:  1.00
 train_episode_return:  1.00
 train_exploration_epsilon: 0.100
 train_frame_rate:  152
I1009 00:35:35.056643 47075659306816 run_miniworld.py:243] Data collection iteration 167.
I1009 00:38:17.454827 47075659306816 run_miniworld.py:250] Evaluation iteration 167.
I1009 00:38:27.349309 47075659306816 run_miniworld.py:267] iteration: 167
 frame: 4175000
 eval_episode_return:  0.00
 train_episode_return:  1.00
 train_exploration_epsilon: 0.100
 train_frame_rate:  154
I1009 00:38:30.124196 47075659306816 run_miniworld.py:243] Data collection iteration 168.
I1009 00:41:14.943621 47075659306816 run_miniworld.py:250] Evaluation iteration 168.
I1009 00:41:26.860901 47075659306816 run_miniworld.py:267] iteration: 168
 frame: 4200000
 eval_episode_return:  1.00
 train_episode_return:  1.00
 train_exploration_epsilon: 0.100
 train_frame_rate:  152
I1009 00:41:30.869749 47075659306816 run_miniworld.py:243] Data collection iteration 169.
I1009 00:44:15.217334 47075659306816 run_miniworld.py:250] Evaluation iteration 169.
I1009 00:44:25.448127 47075659306816 run_miniworld.py:267] iteration: 169
 frame: 4225000
 eval_episode_return:  0.89
 train_episode_return:  1.00
 train_exploration_epsilon: 0.100
 train_frame_rate:  152
I1009 00:44:28.271107 47075659306816 run_miniworld.py:243] Data collection iteration 170.
I1009 00:47:13.561464 47075659306816 run_miniworld.py:250] Evaluation iteration 170.
I1009 00:47:25.676056 47075659306816 run_miniworld.py:267] iteration: 170
 frame: 4250000
 eval_episode_return:  1.00
 train_episode_return:  1.00
 train_exploration_epsilon: 0.100
 train_frame_rate:  151
I1009 00:47:28.823629 47075659306816 run_miniworld.py:243] Data collection iteration 171.
I1009 00:50:12.503729 47075659306816 run_miniworld.py:250] Evaluation iteration 171.
I1009 00:50:24.308398 47075659306816 run_miniworld.py:267] iteration: 171
 frame: 4275000
 eval_episode_return:  1.00
 train_episode_return:  0.99
 train_exploration_epsilon: 0.100
 train_frame_rate:  153
I1009 00:50:28.288721 47075659306816 run_miniworld.py:243] Data collection iteration 172.
I1009 00:53:12.816663 47075659306816 run_miniworld.py:250] Evaluation iteration 172.
I1009 00:53:24.928218 47075659306816 run_miniworld.py:267] iteration: 172
 frame: 4300000
 eval_episode_return:  1.00
 train_episode_return:  1.00
 train_exploration_epsilon: 0.100
 train_frame_rate:  152
I1009 00:53:27.929249 47075659306816 run_miniworld.py:243] Data collection iteration 173.
I1009 00:56:13.332519 47075659306816 run_miniworld.py:250] Evaluation iteration 173.
I1009 00:56:25.480992 47075659306816 run_miniworld.py:267] iteration: 173
 frame: 4325000
 eval_episode_return:  1.00
 train_episode_return:  1.00
 train_exploration_epsilon: 0.100
 train_frame_rate:  151
I1009 00:56:29.533624 47075659306816 run_miniworld.py:243] Data collection iteration 174.
I1009 00:59:15.765120 47075659306816 run_miniworld.py:250] Evaluation iteration 174.
I1009 00:59:26.902127 47075659306816 run_miniworld.py:267] iteration: 174
 frame: 4350000
 eval_episode_return:  1.00
 train_episode_return:  1.00
 train_exploration_epsilon: 0.100
 train_frame_rate:  150
I1009 00:59:30.042048 47075659306816 run_miniworld.py:243] Data collection iteration 175.
I1009 01:02:14.388219 47075659306816 run_miniworld.py:250] Evaluation iteration 175.
I1009 01:02:26.277925 47075659306816 run_miniworld.py:267] iteration: 175
 frame: 4375000
 eval_episode_return:  1.00
 train_episode_return:  1.00
 train_exploration_epsilon: 0.100
 train_frame_rate:  152
I1009 01:02:29.280904 47075659306816 run_miniworld.py:243] Data collection iteration 176.
I1009 01:05:14.256160 47075659306816 run_miniworld.py:250] Evaluation iteration 176.
I1009 01:05:26.357232 47075659306816 run_miniworld.py:267] iteration: 176
 frame: 4400000
 eval_episode_return:  1.00
 train_episode_return:  1.00
 train_exploration_epsilon: 0.100
 train_frame_rate:  152
I1009 01:05:30.357877 47075659306816 run_miniworld.py:243] Data collection iteration 177.
I1009 01:08:15.637242 47075659306816 run_miniworld.py:250] Evaluation iteration 177.
I1009 01:08:27.905077 47075659306816 run_miniworld.py:267] iteration: 177
 frame: 4425000
 eval_episode_return:  1.00
 train_episode_return:  1.00
 train_exploration_epsilon: 0.100
 train_frame_rate:  151
I1009 01:08:30.865694 47075659306816 run_miniworld.py:243] Data collection iteration 178.
I1009 01:11:16.656552 47075659306816 run_miniworld.py:250] Evaluation iteration 178.
I1009 01:11:28.908200 47075659306816 run_miniworld.py:267] iteration: 178
 frame: 4450000
 eval_episode_return:  1.00
 train_episode_return:  1.00
 train_exploration_epsilon: 0.100
 train_frame_rate:  151
I1009 01:11:32.785099 47075659306816 run_miniworld.py:243] Data collection iteration 179.
I1009 01:14:17.945631 47075659306816 run_miniworld.py:250] Evaluation iteration 179.
I1009 01:14:30.035126 47075659306816 run_miniworld.py:267] iteration: 179
 frame: 4475000
 eval_episode_return:  1.00
 train_episode_return:  1.00
 train_exploration_epsilon: 0.100
 train_frame_rate:  151
I1009 01:14:32.950953 47075659306816 run_miniworld.py:243] Data collection iteration 180.
I1009 01:17:17.740441 47075659306816 run_miniworld.py:250] Evaluation iteration 180.
I1009 01:17:29.706357 47075659306816 run_miniworld.py:267] iteration: 180
 frame: 4500000
 eval_episode_return:  1.00
 train_episode_return:  1.00
 train_exploration_epsilon: 0.100
 train_frame_rate:  152
I1009 01:17:32.737763 47075659306816 run_miniworld.py:243] Data collection iteration 181.
I1009 01:20:18.182932 47075659306816 run_miniworld.py:250] Evaluation iteration 181.
I1009 01:20:29.916331 47075659306816 run_miniworld.py:267] iteration: 181
 frame: 4525000
 eval_episode_return:  1.00
 train_episode_return:  1.00
 train_exploration_epsilon: 0.100
 train_frame_rate:  151
I1009 01:20:34.081027 47075659306816 run_miniworld.py:243] Data collection iteration 182.
I1009 01:23:21.654262 47075659306816 run_miniworld.py:250] Evaluation iteration 182.
I1009 01:23:33.618603 47075659306816 run_miniworld.py:267] iteration: 182
 frame: 4550000
 eval_episode_return:  1.00
 train_episode_return:  1.00
 train_exploration_epsilon: 0.100
 train_frame_rate:  149
I1009 01:23:36.616991 47075659306816 run_miniworld.py:243] Data collection iteration 183.
I1009 01:26:21.369349 47075659306816 run_miniworld.py:250] Evaluation iteration 183.
I1009 01:26:32.996880 47075659306816 run_miniworld.py:267] iteration: 183
 frame: 4575000
 eval_episode_return:  1.00
 train_episode_return:  1.00
 train_exploration_epsilon: 0.100
 train_frame_rate:  152
I1009 01:26:37.182291 47075659306816 run_miniworld.py:243] Data collection iteration 184.
I1009 01:29:24.733580 47075659306816 run_miniworld.py:250] Evaluation iteration 184.
I1009 01:29:36.750123 47075659306816 run_miniworld.py:267] iteration: 184
 frame: 4600000
 eval_episode_return:  1.00
 train_episode_return:  1.00
 train_exploration_epsilon: 0.100
 train_frame_rate:  149
I1009 01:29:39.532466 47075659306816 run_miniworld.py:243] Data collection iteration 185.
I1009 01:32:24.785354 47075659306816 run_miniworld.py:250] Evaluation iteration 185.
I1009 01:32:36.431055 47075659306816 run_miniworld.py:267] iteration: 185
 frame: 4625000
 eval_episode_return:  1.00
 train_episode_return:  1.00
 train_exploration_epsilon: 0.100
 train_frame_rate:  151
I1009 01:32:39.408473 47075659306816 run_miniworld.py:243] Data collection iteration 186.
I1009 01:35:26.208576 47075659306816 run_miniworld.py:250] Evaluation iteration 186.
I1009 01:35:37.952922 47075659306816 run_miniworld.py:267] iteration: 186
 frame: 4650000
 eval_episode_return:  1.00
 train_episode_return:  1.00
 train_exploration_epsilon: 0.100
 train_frame_rate:  150
I1009 01:35:42.063695 47075659306816 run_miniworld.py:243] Data collection iteration 187.
I1009 01:38:29.186046 47075659306816 run_miniworld.py:250] Evaluation iteration 187.
I1009 01:38:41.105491 47075659306816 run_miniworld.py:267] iteration: 187
 frame: 4675000
 eval_episode_return:  1.00
 train_episode_return:  1.00
 train_exploration_epsilon: 0.100
 train_frame_rate:  150
I1009 01:38:44.074527 47075659306816 run_miniworld.py:243] Data collection iteration 188.
I1009 01:41:31.604033 47075659306816 run_miniworld.py:250] Evaluation iteration 188.
I1009 01:41:43.643505 47075659306816 run_miniworld.py:267] iteration: 188
 frame: 4700000
 eval_episode_return:  1.00
 train_episode_return:  1.00
 train_exploration_epsilon: 0.100
 train_frame_rate:  149
I1009 01:41:47.825197 47075659306816 run_miniworld.py:243] Data collection iteration 189.
I1009 01:44:36.300929 47075659306816 run_miniworld.py:250] Evaluation iteration 189.
I1009 01:44:48.307447 47075659306816 run_miniworld.py:267] iteration: 189
 frame: 4725000
 eval_episode_return:  1.00
 train_episode_return:  1.00
 train_exploration_epsilon: 0.100
 train_frame_rate:  148
I1009 01:44:51.321826 47075659306816 run_miniworld.py:243] Data collection iteration 190.
I1009 01:47:38.182073 47075659306816 run_miniworld.py:250] Evaluation iteration 190.
I1009 01:47:50.134601 47075659306816 run_miniworld.py:267] iteration: 190
 frame: 4750000
 eval_episode_return:  1.00
 train_episode_return:  1.00
 train_exploration_epsilon: 0.100
 train_frame_rate:  150
I1009 01:47:53.124786 47075659306816 run_miniworld.py:243] Data collection iteration 191.
I1009 01:50:40.315690 47075659306816 run_miniworld.py:250] Evaluation iteration 191.
I1009 01:50:52.430531 47075659306816 run_miniworld.py:267] iteration: 191
 frame: 4775000
 eval_episode_return:  1.00
 train_episode_return:  1.00
 train_exploration_epsilon: 0.100
 train_frame_rate:  150
I1009 01:50:56.436914 47075659306816 run_miniworld.py:243] Data collection iteration 192.
I1009 01:53:43.407457 47075659306816 run_miniworld.py:250] Evaluation iteration 192.
I1009 01:53:55.287862 47075659306816 run_miniworld.py:267] iteration: 192
 frame: 4800000
 eval_episode_return:  1.00
 train_episode_return:  1.00
 train_exploration_epsilon: 0.100
 train_frame_rate:  150
I1009 01:53:58.185195 47075659306816 run_miniworld.py:243] Data collection iteration 193.
I1009 01:56:44.983911 47075659306816 run_miniworld.py:250] Evaluation iteration 193.
I1009 01:56:56.820688 47075659306816 run_miniworld.py:267] iteration: 193
 frame: 4825000
 eval_episode_return:  1.00
 train_episode_return:  1.00
 train_exploration_epsilon: 0.100
 train_frame_rate:  150
I1009 01:57:01.116344 47075659306816 run_miniworld.py:243] Data collection iteration 194.
I1009 01:59:47.810548 47075659306816 run_miniworld.py:250] Evaluation iteration 194.
I1009 01:59:59.555221 47075659306816 run_miniworld.py:267] iteration: 194
 frame: 4850000
 eval_episode_return:  1.00
 train_episode_return:  1.00
 train_exploration_epsilon: 0.100
 train_frame_rate:  150
I1009 02:00:02.412109 47075659306816 run_miniworld.py:243] Data collection iteration 195.
I1009 02:02:49.185727 47075659306816 run_miniworld.py:250] Evaluation iteration 195.
I1009 02:03:01.196952 47075659306816 run_miniworld.py:267] iteration: 195
 frame: 4875000
 eval_episode_return:  1.00
 train_episode_return:  1.00
 train_exploration_epsilon: 0.100
 train_frame_rate:  150
I1009 02:03:04.174213 47075659306816 run_miniworld.py:243] Data collection iteration 196.
I1009 02:05:50.061725 47075659306816 run_miniworld.py:250] Evaluation iteration 196.
I1009 02:06:01.911989 47075659306816 run_miniworld.py:267] iteration: 196
 frame: 4900000
 eval_episode_return:  1.00
 train_episode_return:  1.00
 train_exploration_epsilon: 0.100
 train_frame_rate:  151
I1009 02:06:06.004544 47075659306816 run_miniworld.py:243] Data collection iteration 197.
I1009 02:08:53.188603 47075659306816 run_miniworld.py:250] Evaluation iteration 197.
I1009 02:09:05.230581 47075659306816 run_miniworld.py:267] iteration: 197
 frame: 4925000
 eval_episode_return:  1.00
 train_episode_return:  1.00
 train_exploration_epsilon: 0.100
 train_frame_rate:  150
I1009 02:09:08.314767 47075659306816 run_miniworld.py:243] Data collection iteration 198.
I1009 02:11:53.607418 47075659306816 run_miniworld.py:250] Evaluation iteration 198.
I1009 02:12:05.237311 47075659306816 run_miniworld.py:267] iteration: 198
 frame: 4950000
 eval_episode_return:  1.00
 train_episode_return:  1.00
 train_exploration_epsilon: 0.100
 train_frame_rate:  151
I1009 02:12:09.289027 47075659306816 run_miniworld.py:243] Data collection iteration 199.
I1009 02:14:50.593730 47075659306816 run_miniworld.py:250] Evaluation iteration 199.
I1009 02:15:01.991392 47075659306816 run_miniworld.py:267] iteration: 199
 frame: 4975000
 eval_episode_return:  1.00
 train_episode_return:  1.00
 train_exploration_epsilon: 0.100
 train_frame_rate:  155
I1009 02:15:05.105708 47075659306816 run_miniworld.py:243] Data collection iteration 200.
I1009 02:17:42.938657 47075659306816 run_miniworld.py:250] Evaluation iteration 200.
I1009 02:17:54.080413 47075659306816 run_miniworld.py:267] iteration: 200
 frame: 5000000
 eval_episode_return:  1.00
 train_episode_return:  1.00
 train_exploration_epsilon: 0.100
 train_frame_rate:  158
Falling back to num_samples=1
Falling back to num_samples=1
Falling back to num_samples=1
Falling back to num_samples=1
Falling back to num_samples=1
Falling back to num_samples=1
Falling back to num_samples=1
Falling back to num_samples=1
Falling back to num_samples=1
Falling back to num_samples=1
Falling back to num_samples=1
Falling back to num_samples=1
Falling back to num_samples=1
Falling back to num_samples=1
Falling back to num_samples=1
Falling back to num_samples=1
Falling back to num_samples=1
Falling back to num_samples=1
Falling back to num_samples=1
Falling back to num_samples=1
Falling back to num_samples=1
Falling back to num_samples=1
Falling back to num_samples=1
Falling back to num_samples=1
Falling back to num_samples=1
Falling back to num_samples=1
Falling back to num_samples=1
Falling back to num_samples=1
Falling back to num_samples=1
Falling back to num_samples=1
Falling back to num_samples=1
Falling back to num_samples=1
Falling back to num_samples=1
Falling back to num_samples=1
Falling back to num_samples=1
Falling back to num_samples=1
Falling back to num_samples=1
Falling back to num_samples=1
Falling back to num_samples=1
Falling back to num_samples=1
Falling back to num_samples=1
Falling back to num_samples=1
Falling back to num_samples=1
Falling back to num_samples=1
Falling back to num_samples=1
Falling back to num_samples=1
Falling back to num_samples=1
Falling back to num_samples=1
Falling back to num_samples=1
Falling back to num_samples=1
Falling back to num_samples=1
Falling back to num_samples=1
Falling back to num_samples=1
Falling back to num_samples=1
Falling back to num_samples=1
Falling back to num_samples=1
Falling back to num_samples=1
Falling back to num_samples=1
Falling back to num_samples=1
Falling back to num_samples=1
Falling back to num_samples=1
Falling back to num_samples=1
Falling back to num_samples=1
Falling back to num_samples=1
Falling back to num_samples=1
Falling back to num_samples=1
Falling back to num_samples=1
Falling back to num_samples=1
Falling back to num_samples=1
Falling back to num_samples=1
Falling back to num_samples=1
Falling back to num_samples=1
Falling back to num_samples=1
Falling back to num_samples=1
Falling back to num_samples=1
Falling back to num_samples=1
Falling back to num_samples=1
Falling back to num_samples=1
Falling back to num_samples=1
Falling back to num_samples=1
Falling back to num_samples=1
Falling back to num_samples=1
Falling back to num_samples=1
Falling back to num_samples=1
Falling back to num_samples=1
Falling back to num_samples=1
Falling back to num_samples=1
Falling back to num_samples=1
Falling back to num_samples=1
Falling back to num_samples=1
Falling back to num_samples=1
Falling back to num_samples=1
Falling back to num_samples=1
Falling back to num_samples=1
Falling back to num_samples=1
Falling back to num_samples=1
Falling back to num_samples=1
Falling back to num_samples=1
Falling back to num_samples=1
Falling back to num_samples=1
Falling back to num_samples=1
Falling back to num_samples=1
Falling back to num_samples=1
Falling back to num_samples=1
Falling back to num_samples=1
Falling back to num_samples=1
Falling back to num_samples=1
Falling back to num_samples=1
Falling back to num_samples=1
Falling back to num_samples=1
Falling back to num_samples=1
Falling back to num_samples=1
Falling back to num_samples=1
Falling back to num_samples=1
Falling back to num_samples=1
Falling back to num_samples=1
Falling back to num_samples=1
Falling back to num_samples=1
Falling back to num_samples=1
Falling back to num_samples=1
Falling back to num_samples=1
Falling back to num_samples=1
Falling back to num_samples=1
Falling back to num_samples=1
Falling back to num_samples=1
Falling back to num_samples=1
Falling back to num_samples=1
Falling back to num_samples=1
Falling back to num_samples=1
Falling back to num_samples=1
Falling back to num_samples=1
Falling back to num_samples=1
Falling back to num_samples=1
Falling back to num_samples=1
Falling back to num_samples=1
Falling back to num_samples=1
Falling back to num_samples=1
Falling back to num_samples=1
Falling back to num_samples=1
Falling back to num_samples=1
Falling back to num_samples=1
Falling back to num_samples=1
Falling back to num_samples=1
Falling back to num_samples=1
Falling back to num_samples=1
Falling back to num_samples=1
Falling back to num_samples=1
Falling back to num_samples=1
Falling back to num_samples=1
Falling back to num_samples=1
Falling back to num_samples=1
Falling back to num_samples=1
Falling back to num_samples=1
Falling back to num_samples=1
Falling back to num_samples=1
Falling back to num_samples=1
Falling back to num_samples=1
Falling back to num_samples=1
Falling back to num_samples=1
Falling back to num_samples=1
Falling back to num_samples=1
Falling back to num_samples=1
Falling back to num_samples=1
Falling back to num_samples=1
Falling back to num_samples=1
Falling back to num_samples=1
Falling back to num_samples=1
Falling back to num_samples=1
Falling back to num_samples=1
Falling back to num_samples=1
Falling back to num_samples=1
Falling back to num_samples=1
Falling back to num_samples=1
Falling back to num_samples=1
Falling back to num_samples=1
Falling back to num_samples=1
Falling back to num_samples=1
Falling back to num_samples=1
Falling back to num_samples=1
Falling back to num_samples=1
Falling back to num_samples=1
Falling back to num_samples=1
Falling back to num_samples=1
Falling back to num_samples=1
Falling back to num_samples=1
Falling back to num_samples=1
Falling back to num_samples=1
Falling back to num_samples=1
Falling back to num_samples=1
Falling back to num_samples=1
Falling back to num_samples=1
Falling back to num_samples=1
Falling back to num_samples=1
Falling back to num_samples=1
Falling back to num_samples=1
Falling back to num_samples=1
Falling back to num_samples=1
Falling back to num_samples=1
Falling back to num_samples=1
Falling back to num_samples=1
Falling back to num_samples=1
Falling back to num_samples=1
Falling back to num_samples=1
Falling back to num_samples=1
Falling back to num_samples=1
Falling back to num_samples=1
Falling back to num_samples=1
Falling back to num_samples=1
Falling back to num_samples=1
Falling back to num_samples=1
Falling back to num_samples=1
Falling back to num_samples=1
Falling back to num_samples=1
Falling back to num_samples=1
Falling back to num_samples=1
Falling back to num_samples=1
Falling back to num_samples=1
Falling back to num_samples=1
Falling back to num_samples=1
Falling back to num_samples=1
Falling back to num_samples=1
Falling back to num_samples=1
Falling back to num_samples=1
Falling back to num_samples=1
Falling back to num_samples=1
Falling back to num_samples=1
Falling back to num_samples=1
Falling back to num_samples=1
Falling back to num_samples=1
Falling back to num_samples=1
Falling back to num_samples=1
Falling back to num_samples=1
Falling back to num_samples=1
Falling back to num_samples=1
Falling back to num_samples=1
Falling back to num_samples=1
Falling back to num_samples=1
Falling back to num_samples=1
Falling back to num_samples=1
Falling back to num_samples=1
Falling back to num_samples=1
Falling back to num_samples=1
Falling back to num_samples=1
Falling back to num_samples=1
Falling back to num_samples=1
Falling back to num_samples=1
Falling back to num_samples=1
Falling back to num_samples=1
Falling back to num_samples=1
Falling back to num_samples=1
Falling back to num_samples=1
Falling back to num_samples=1
Falling back to num_samples=1
Falling back to num_samples=1
Falling back to num_samples=1
Falling back to num_samples=1
Falling back to num_samples=1
Falling back to num_samples=1
Falling back to num_samples=1
Falling back to num_samples=1
Falling back to num_samples=1
Falling back to num_samples=1
Falling back to num_samples=1
Falling back to num_samples=1
Falling back to num_samples=1
Falling back to num_samples=1
Falling back to num_samples=1
Falling back to num_samples=1
Falling back to num_samples=1
Falling back to num_samples=1
Falling back to num_samples=1
Falling back to num_samples=1
Falling back to num_samples=1
Falling back to num_samples=1
Falling back to num_samples=1
Falling back to num_samples=1
Falling back to num_samples=1
Falling back to num_samples=1
Falling back to num_samples=1
Falling back to num_samples=1
Falling back to num_samples=1
Falling back to num_samples=1
Falling back to num_samples=1
Falling back to num_samples=1
Falling back to num_samples=1
Falling back to num_samples=1
Falling back to num_samples=1
Falling back to num_samples=1
Falling back to num_samples=1
Falling back to num_samples=1
Falling back to num_samples=1
Falling back to num_samples=1
Falling back to num_samples=1
Falling back to num_samples=1
Falling back to num_samples=1
Falling back to num_samples=1
Falling back to num_samples=1
Falling back to num_samples=1
Falling back to num_samples=1
Falling back to num_samples=1
Falling back to num_samples=1
Falling back to num_samples=1
Falling back to num_samples=1
Falling back to num_samples=1
Falling back to num_samples=1
Falling back to num_samples=1
Falling back to num_samples=1
Falling back to num_samples=1
Falling back to num_samples=1
Falling back to num_samples=1
Falling back to num_samples=1
Falling back to num_samples=1
Falling back to num_samples=1
Falling back to num_samples=1
Falling back to num_samples=1
Falling back to num_samples=1
Falling back to num_samples=1
Falling back to num_samples=1
Falling back to num_samples=1
Falling back to num_samples=1
Falling back to num_samples=1
Falling back to num_samples=1
Falling back to num_samples=1
Falling back to num_samples=1
Falling back to num_samples=1
Falling back to num_samples=1
Falling back to num_samples=1
Falling back to num_samples=1
Falling back to num_samples=1
Falling back to num_samples=1
Falling back to num_samples=1
Falling back to num_samples=1
Falling back to num_samples=1
Falling back to num_samples=1
Falling back to num_samples=1
Falling back to num_samples=1
Falling back to num_samples=1
Falling back to num_samples=1
Falling back to num_samples=1
Falling back to num_samples=1
Falling back to num_samples=1
Falling back to num_samples=1
Falling back to num_samples=1
Falling back to num_samples=1
Falling back to num_samples=1
Falling back to num_samples=1
Falling back to num_samples=1
Falling back to num_samples=1
Falling back to num_samples=1
Falling back to num_samples=1
Falling back to num_samples=1
Falling back to num_samples=1
Falling back to num_samples=1
Falling back to num_samples=1
Falling back to num_samples=1
Falling back to num_samples=1
Falling back to num_samples=1
Falling back to num_samples=1
Falling back to num_samples=1
Falling back to num_samples=1
Falling back to num_samples=1
Falling back to num_samples=1
Falling back to num_samples=1
Falling back to num_samples=1
Falling back to num_samples=1
Falling back to num_samples=1
Falling back to num_samples=1
Falling back to num_samples=1
Falling back to num_samples=1
Falling back to num_samples=1
Falling back to num_samples=1
Falling back to num_samples=1
Falling back to num_samples=1
Falling back to num_samples=1
Falling back to num_samples=1
Falling back to num_samples=1
Falling back to num_samples=1
Falling back to num_samples=1
Falling back to num_samples=1
Falling back to num_samples=1
Falling back to num_samples=1
Falling back to num_samples=1
Falling back to num_samples=1
Falling back to num_samples=1
Falling back to num_samples=1
Falling back to num_samples=1
Falling back to num_samples=1
Falling back to num_samples=1
Falling back to num_samples=1
Falling back to num_samples=1
Falling back to num_samples=1
Falling back to num_samples=1
Falling back to num_samples=1
Falling back to num_samples=1
Falling back to num_samples=1
Falling back to num_samples=1
Falling back to num_samples=1
Falling back to num_samples=1
Falling back to num_samples=1
Falling back to num_samples=1
Falling back to num_samples=1
Falling back to num_samples=1
Falling back to num_samples=1
Falling back to num_samples=1
