I1015 20:58:43.821043 47721526048576 xla_bridge.py:355] Unable to initialize backend 'tpu_driver': NOT_FOUND: Unable to find driver in registry given worker: 
I1015 20:58:43.941913 47721526048576 xla_bridge.py:355] Unable to initialize backend 'rocm': NOT_FOUND: Could not find registered platform with name: "rocm". Available platform names are: Interpreter Host CUDA
I1015 20:58:43.942409 47721526048576 xla_bridge.py:355] Unable to initialize backend 'tpu': module 'jaxlib.xla_extension' has no attribute 'get_tpu_client'
I1015 20:58:43.942546 47721526048576 xla_bridge.py:355] Unable to initialize backend 'plugin': xla_extension has no attributes named get_plugin_device_client. Compile TensorFlow with //tensorflow/compiler/xla/python:enable_plugin_device set to true (defaults to false) to enable this.
I1015 20:58:43.942663 47721526048576 run_miniworld.py:102] Collecting data on MiniWorld on gpu.
I1015 20:58:49.197031 47721526048576 run_miniworld.py:138] Observation shape: (60, 80, 3)
I1015 20:58:57.387799 47721526048576 run_miniworld.py:243] Data collection iteration 0.
I1015 20:59:34.551302 47721526048576 run_miniworld.py:250] Evaluation iteration 0.
/home/mklissa/DCEO/lib/python3.8/site-packages/distrax/_src/distributions/categorical.py:96: UserWarning: Explicitly requested dtype <class 'jax.numpy.int64'> requested in astype is not available, and will be truncated to dtype int32. To enable more dtypes, set the jax_enable_x64 configuration option or the JAX_ENABLE_X64 shell environment variable. See https://github.com/google/jax#current-gotchas for more.
  return draws.astype(self._dtype)
I1015 20:59:44.699474 47721526048576 run_miniworld.py:267] iteration:   0
 frame:     0
 eval_episode_return:  0.00
 train_episode_return:  0.04
 train_exploration_epsilon: 1.000
 train_frame_rate:  673
I1015 20:59:48.730364 47721526048576 run_miniworld.py:243] Data collection iteration 1.
I1015 21:00:26.188793 47721526048576 run_miniworld.py:250] Evaluation iteration 1.
I1015 21:00:35.840543 47721526048576 run_miniworld.py:267] iteration:   1
 frame: 25000
 eval_episode_return:  0.00
 train_episode_return:  0.00
 train_exploration_epsilon: 1.000
 train_frame_rate:  667
I1015 21:00:38.871638 47721526048576 run_miniworld.py:243] Data collection iteration 2.
I1015 21:00:39.356829 47721526048576 dceo_agent.py:328] Begin learning
I1015 21:03:01.611009 47721526048576 run_miniworld.py:250] Evaluation iteration 2.
I1015 21:03:11.387874 47721526048576 run_miniworld.py:267] iteration:   2
 frame: 50000
 eval_episode_return:  0.00
 train_episode_return:  0.00
 train_exploration_epsilon: 0.955
 train_frame_rate:  175
I1015 21:03:14.119288 47721526048576 run_miniworld.py:243] Data collection iteration 3.
I1015 21:05:35.078828 47721526048576 run_miniworld.py:250] Evaluation iteration 3.
I1015 21:05:44.773796 47721526048576 run_miniworld.py:267] iteration:   3
 frame: 75000
 eval_episode_return:  0.00
 train_episode_return:  0.00
 train_exploration_epsilon: 0.910
 train_frame_rate:  177
I1015 21:05:48.450231 47721526048576 run_miniworld.py:243] Data collection iteration 4.
I1015 21:08:10.058532 47721526048576 run_miniworld.py:250] Evaluation iteration 4.
I1015 21:08:19.477385 47721526048576 run_miniworld.py:267] iteration:   4
 frame: 100000
 eval_episode_return:  0.00
 train_episode_return:  0.00
 train_exploration_epsilon: 0.865
 train_frame_rate:  177
I1015 21:08:22.529882 47721526048576 run_miniworld.py:243] Data collection iteration 5.
I1015 21:10:44.756323 47721526048576 run_miniworld.py:250] Evaluation iteration 5.
I1015 21:10:54.561213 47721526048576 run_miniworld.py:267] iteration:   5
 frame: 125000
 eval_episode_return:  0.00
 train_episode_return:  0.00
 train_exploration_epsilon: 0.820
 train_frame_rate:  176
I1015 21:10:57.305664 47721526048576 run_miniworld.py:243] Data collection iteration 6.
I1015 21:13:17.699174 47721526048576 run_miniworld.py:250] Evaluation iteration 6.
I1015 21:13:27.015489 47721526048576 run_miniworld.py:267] iteration:   6
 frame: 150000
 eval_episode_return:  0.00
 train_episode_return:  0.00
 train_exploration_epsilon: 0.775
 train_frame_rate:  178
I1015 21:13:29.833954 47721526048576 run_miniworld.py:243] Data collection iteration 7.
I1015 21:15:51.057277 47721526048576 run_miniworld.py:250] Evaluation iteration 7.
I1015 21:16:00.564762 47721526048576 run_miniworld.py:267] iteration:   7
 frame: 175000
 eval_episode_return:  0.00
 train_episode_return:  0.00
 train_exploration_epsilon: 0.730
 train_frame_rate:  177
I1015 21:16:03.347018 47721526048576 run_miniworld.py:243] Data collection iteration 8.
I1015 21:18:26.287240 47721526048576 run_miniworld.py:250] Evaluation iteration 8.
I1015 21:18:35.631031 47721526048576 run_miniworld.py:267] iteration:   8
 frame: 200000
 eval_episode_return:  0.00
 train_episode_return:  0.00
 train_exploration_epsilon: 0.685
 train_frame_rate:  175
I1015 21:18:38.772676 47721526048576 run_miniworld.py:243] Data collection iteration 9.
I1015 21:21:03.044626 47721526048576 run_miniworld.py:250] Evaluation iteration 9.
I1015 21:21:12.821806 47721526048576 run_miniworld.py:267] iteration:   9
 frame: 225000
 eval_episode_return:  0.00
 train_episode_return:  0.00
 train_exploration_epsilon: 0.640
 train_frame_rate:  173
I1015 21:21:16.072726 47721526048576 run_miniworld.py:243] Data collection iteration 10.
I1015 21:23:41.819852 47721526048576 run_miniworld.py:250] Evaluation iteration 10.
I1015 21:23:51.427818 47721526048576 run_miniworld.py:267] iteration:  10
 frame: 250000
 eval_episode_return:  0.00
 train_episode_return:  0.00
 train_exploration_epsilon: 0.595
 train_frame_rate:  172
I1015 21:23:54.676818 47721526048576 run_miniworld.py:243] Data collection iteration 11.
I1015 21:26:20.601643 47721526048576 run_miniworld.py:250] Evaluation iteration 11.
I1015 21:26:30.374175 47721526048576 run_miniworld.py:267] iteration:  11
 frame: 275000
 eval_episode_return:  0.00
 train_episode_return:  0.04
 train_exploration_epsilon: 0.550
 train_frame_rate:  171
I1015 21:26:33.232717 47721526048576 run_miniworld.py:243] Data collection iteration 12.
I1015 21:28:59.022286 47721526048576 run_miniworld.py:250] Evaluation iteration 12.
I1015 21:29:08.289354 47721526048576 run_miniworld.py:267] iteration:  12
 frame: 300000
 eval_episode_return:  0.00
 train_episode_return:  0.00
 train_exploration_epsilon: 0.505
 train_frame_rate:  171
I1015 21:29:11.139557 47721526048576 run_miniworld.py:243] Data collection iteration 13.
I1015 21:31:38.406614 47721526048576 run_miniworld.py:250] Evaluation iteration 13.
I1015 21:31:47.821377 47721526048576 run_miniworld.py:267] iteration:  13
 frame: 325000
 eval_episode_return:  0.00
 train_episode_return:  0.00
 train_exploration_epsilon: 0.460
 train_frame_rate:  170
I1015 21:31:51.066341 47721526048576 run_miniworld.py:243] Data collection iteration 14.
I1015 21:34:17.671842 47721526048576 run_miniworld.py:250] Evaluation iteration 14.
I1015 21:34:27.243396 47721526048576 run_miniworld.py:267] iteration:  14
 frame: 350000
 eval_episode_return:  0.00
 train_episode_return:  0.04
 train_exploration_epsilon: 0.415
 train_frame_rate:  171
I1015 21:34:31.350496 47721526048576 run_miniworld.py:243] Data collection iteration 15.
I1015 21:36:58.851093 47721526048576 run_miniworld.py:250] Evaluation iteration 15.
I1015 21:37:08.651571 47721526048576 run_miniworld.py:267] iteration:  15
 frame: 375000
 eval_episode_return:  0.00
 train_episode_return:  0.00
 train_exploration_epsilon: 0.370
 train_frame_rate:  169
I1015 21:37:11.386884 47721526048576 run_miniworld.py:243] Data collection iteration 16.
I1015 21:39:38.721963 47721526048576 run_miniworld.py:250] Evaluation iteration 16.
I1015 21:39:48.188888 47721526048576 run_miniworld.py:267] iteration:  16
 frame: 400000
 eval_episode_return:  0.00
 train_episode_return:  0.04
 train_exploration_epsilon: 0.325
 train_frame_rate:  170
I1015 21:39:51.545897 47721526048576 run_miniworld.py:243] Data collection iteration 17.
I1015 21:42:19.301244 47721526048576 run_miniworld.py:250] Evaluation iteration 17.
I1015 21:42:28.954032 47721526048576 run_miniworld.py:267] iteration:  17
 frame: 425000
 eval_episode_return:  0.00
 train_episode_return:  0.00
 train_exploration_epsilon: 0.280
 train_frame_rate:  169
I1015 21:42:32.201650 47721526048576 run_miniworld.py:243] Data collection iteration 18.
I1015 21:44:57.159458 47721526048576 run_miniworld.py:250] Evaluation iteration 18.
I1015 21:45:06.562172 47721526048576 run_miniworld.py:267] iteration:  18
 frame: 450000
 eval_episode_return:  0.00
 train_episode_return:  0.04
 train_exploration_epsilon: 0.235
 train_frame_rate:  172
I1015 21:45:09.425348 47721526048576 run_miniworld.py:243] Data collection iteration 19.
I1015 21:47:36.342593 47721526048576 run_miniworld.py:250] Evaluation iteration 19.
I1015 21:47:46.285627 47721526048576 run_miniworld.py:267] iteration:  19
 frame: 475000
 eval_episode_return:  0.00
 train_episode_return:  0.08
 train_exploration_epsilon: 0.190
 train_frame_rate:  170
I1015 21:47:49.976486 47721526048576 run_miniworld.py:243] Data collection iteration 20.
I1015 21:50:16.951384 47721526048576 run_miniworld.py:250] Evaluation iteration 20.
I1015 21:50:26.682058 47721526048576 run_miniworld.py:267] iteration:  20
 frame: 500000
 eval_episode_return:  0.00
 train_episode_return:  0.00
 train_exploration_epsilon: 0.145
 train_frame_rate:  170
I1015 21:50:29.557131 47721526048576 run_miniworld.py:243] Data collection iteration 21.
I1015 21:52:58.263399 47721526048576 run_miniworld.py:250] Evaluation iteration 21.
I1015 21:53:07.873311 47721526048576 run_miniworld.py:267] iteration:  21
 frame: 525000
 eval_episode_return:  0.00
 train_episode_return:  0.04
 train_exploration_epsilon: 0.100
 train_frame_rate:  168
I1015 21:53:10.672295 47721526048576 run_miniworld.py:243] Data collection iteration 22.
I1015 21:55:38.397110 47721526048576 run_miniworld.py:250] Evaluation iteration 22.
I1015 21:55:47.866390 47721526048576 run_miniworld.py:267] iteration:  22
 frame: 550000
 eval_episode_return:  0.00
 train_episode_return:  0.00
 train_exploration_epsilon: 0.100
 train_frame_rate:  169
I1015 21:55:51.579226 47721526048576 run_miniworld.py:243] Data collection iteration 23.
I1015 21:58:20.598114 47721526048576 run_miniworld.py:250] Evaluation iteration 23.
I1015 21:58:30.067516 47721526048576 run_miniworld.py:267] iteration:  23
 frame: 575000
 eval_episode_return:  0.00
 train_episode_return:  0.00
 train_exploration_epsilon: 0.100
 train_frame_rate:  168
I1015 21:58:32.834481 47721526048576 run_miniworld.py:243] Data collection iteration 24.
I1015 22:01:01.740094 47721526048576 run_miniworld.py:250] Evaluation iteration 24.
I1015 22:01:11.319251 47721526048576 run_miniworld.py:267] iteration:  24
 frame: 600000
 eval_episode_return:  0.00
 train_episode_return:  0.00
 train_exploration_epsilon: 0.100
 train_frame_rate:  168
I1015 22:01:14.965511 47721526048576 run_miniworld.py:243] Data collection iteration 25.
I1015 22:03:44.367656 47721526048576 run_miniworld.py:250] Evaluation iteration 25.
I1015 22:03:54.064600 47721526048576 run_miniworld.py:267] iteration:  25
 frame: 625000
 eval_episode_return:  0.00
 train_episode_return:  0.00
 train_exploration_epsilon: 0.100
 train_frame_rate:  167
I1015 22:03:56.974047 47721526048576 run_miniworld.py:243] Data collection iteration 26.
I1015 22:06:26.502804 47721526048576 run_miniworld.py:250] Evaluation iteration 26.
I1015 22:06:36.355144 47721526048576 run_miniworld.py:267] iteration:  26
 frame: 650000
 eval_episode_return:  0.00
 train_episode_return:  0.00
 train_exploration_epsilon: 0.100
 train_frame_rate:  167
I1015 22:06:40.118960 47721526048576 run_miniworld.py:243] Data collection iteration 27.
I1015 22:09:10.387682 47721526048576 run_miniworld.py:250] Evaluation iteration 27.
I1015 22:09:20.097679 47721526048576 run_miniworld.py:267] iteration:  27
 frame: 675000
 eval_episode_return:  0.00
 train_episode_return:  0.00
 train_exploration_epsilon: 0.100
 train_frame_rate:  166
I1015 22:09:22.853444 47721526048576 run_miniworld.py:243] Data collection iteration 28.
I1015 22:11:52.865843 47721526048576 run_miniworld.py:250] Evaluation iteration 28.
I1015 22:12:02.707326 47721526048576 run_miniworld.py:267] iteration:  28
 frame: 700000
 eval_episode_return:  0.00
 train_episode_return:  0.04
 train_exploration_epsilon: 0.100
 train_frame_rate:  167
I1015 22:12:06.273032 47721526048576 run_miniworld.py:243] Data collection iteration 29.
I1015 22:14:37.111044 47721526048576 run_miniworld.py:250] Evaluation iteration 29.
I1015 22:14:46.851077 47721526048576 run_miniworld.py:267] iteration:  29
 frame: 725000
 eval_episode_return:  0.00
 train_episode_return:  0.12
 train_exploration_epsilon: 0.100
 train_frame_rate:  166
I1015 22:14:49.654365 47721526048576 run_miniworld.py:243] Data collection iteration 30.
I1015 22:17:20.982572 47721526048576 run_miniworld.py:250] Evaluation iteration 30.
I1015 22:17:30.961503 47721526048576 run_miniworld.py:267] iteration:  30
 frame: 750000
 eval_episode_return:  0.00
 train_episode_return:  0.00
 train_exploration_epsilon: 0.100
 train_frame_rate:  165
I1015 22:17:35.160920 47721526048576 run_miniworld.py:243] Data collection iteration 31.
I1015 22:20:07.129655 47721526048576 run_miniworld.py:250] Evaluation iteration 31.
I1015 22:20:17.188127 47721526048576 run_miniworld.py:267] iteration:  31
 frame: 775000
 eval_episode_return:  0.00
 train_episode_return:  0.04
 train_exploration_epsilon: 0.100
 train_frame_rate:  165
I1015 22:20:20.042187 47721526048576 run_miniworld.py:243] Data collection iteration 32.
I1015 22:22:52.112827 47721526048576 run_miniworld.py:250] Evaluation iteration 32.
I1015 22:23:01.744276 47721526048576 run_miniworld.py:267] iteration:  32
 frame: 800000
 eval_episode_return:  0.00
 train_episode_return:  0.00
 train_exploration_epsilon: 0.100
 train_frame_rate:  164
I1015 22:23:05.564560 47721526048576 run_miniworld.py:243] Data collection iteration 33.
I1015 22:25:38.548627 47721526048576 run_miniworld.py:250] Evaluation iteration 33.
I1015 22:25:48.291640 47721526048576 run_miniworld.py:267] iteration:  33
 frame: 825000
 eval_episode_return:  0.00
 train_episode_return:  0.04
 train_exploration_epsilon: 0.100
 train_frame_rate:  163
I1015 22:25:51.151771 47721526048576 run_miniworld.py:243] Data collection iteration 34.
I1015 22:28:23.680452 47721526048576 run_miniworld.py:250] Evaluation iteration 34.
I1015 22:28:33.360519 47721526048576 run_miniworld.py:267] iteration:  34
 frame: 850000
 eval_episode_return:  0.00
 train_episode_return:  0.04
 train_exploration_epsilon: 0.100
 train_frame_rate:  164
I1015 22:28:38.249429 47721526048576 run_miniworld.py:243] Data collection iteration 35.
I1015 22:31:11.604853 47721526048576 run_miniworld.py:250] Evaluation iteration 35.
I1015 22:31:21.684898 47721526048576 run_miniworld.py:267] iteration:  35
 frame: 875000
 eval_episode_return:  0.00
 train_episode_return:  0.04
 train_exploration_epsilon: 0.100
 train_frame_rate:  163
I1015 22:31:24.412467 47721526048576 run_miniworld.py:243] Data collection iteration 36.
I1015 22:33:57.569890 47721526048576 run_miniworld.py:250] Evaluation iteration 36.
I1015 22:34:07.182075 47721526048576 run_miniworld.py:267] iteration:  36
 frame: 900000
 eval_episode_return:  0.00
 train_episode_return:  0.00
 train_exploration_epsilon: 0.100
 train_frame_rate:  163
I1015 22:34:10.941501 47721526048576 run_miniworld.py:243] Data collection iteration 37.
I1015 22:36:44.912022 47721526048576 run_miniworld.py:250] Evaluation iteration 37.
I1015 22:36:54.920973 47721526048576 run_miniworld.py:267] iteration:  37
 frame: 925000
 eval_episode_return:  0.00
 train_episode_return:  0.12
 train_exploration_epsilon: 0.100
 train_frame_rate:  162
I1015 22:36:57.822090 47721526048576 run_miniworld.py:243] Data collection iteration 38.
I1015 22:39:32.165557 47721526048576 run_miniworld.py:250] Evaluation iteration 38.
I1015 22:39:41.748419 47721526048576 run_miniworld.py:267] iteration:  38
 frame: 950000
 eval_episode_return:  0.00
 train_episode_return:  0.00
 train_exploration_epsilon: 0.100
 train_frame_rate:  162
I1015 22:39:44.728367 47721526048576 run_miniworld.py:243] Data collection iteration 39.
I1015 22:42:19.876134 47721526048576 run_miniworld.py:250] Evaluation iteration 39.
I1015 22:42:29.938479 47721526048576 run_miniworld.py:267] iteration:  39
 frame: 975000
 eval_episode_return:  0.00
 train_episode_return:  0.08
 train_exploration_epsilon: 0.100
 train_frame_rate:  161
I1015 22:42:33.749771 47721526048576 run_miniworld.py:243] Data collection iteration 40.
I1015 22:45:09.293138 47721526048576 run_miniworld.py:250] Evaluation iteration 40.
I1015 22:45:19.297684 47721526048576 run_miniworld.py:267] iteration:  40
 frame: 1000000
 eval_episode_return:  0.00
 train_episode_return:  0.00
 train_exploration_epsilon: 0.100
 train_frame_rate:  161
I1015 22:45:22.044295 47721526048576 run_miniworld.py:243] Data collection iteration 41.
I1015 22:47:57.267098 47721526048576 run_miniworld.py:250] Evaluation iteration 41.
I1015 22:48:07.344725 47721526048576 run_miniworld.py:267] iteration:  41
 frame: 1025000
 eval_episode_return:  0.00
 train_episode_return:  0.00
 train_exploration_epsilon: 0.100
 train_frame_rate:  161
I1015 22:48:11.127173 47721526048576 run_miniworld.py:243] Data collection iteration 42.
I1015 22:50:46.688030 47721526048576 run_miniworld.py:250] Evaluation iteration 42.
I1015 22:50:56.517674 47721526048576 run_miniworld.py:267] iteration:  42
 frame: 1050000
 eval_episode_return:  0.00
 train_episode_return:  0.00
 train_exploration_epsilon: 0.100
 train_frame_rate:  161
I1015 22:50:59.344881 47721526048576 run_miniworld.py:243] Data collection iteration 43.
I1015 22:53:34.612105 47721526048576 run_miniworld.py:250] Evaluation iteration 43.
I1015 22:53:44.609230 47721526048576 run_miniworld.py:267] iteration:  43
 frame: 1075000
 eval_episode_return:  0.00
 train_episode_return:  0.00
 train_exploration_epsilon: 0.100
 train_frame_rate:  161
I1015 22:53:47.529270 47721526048576 run_miniworld.py:243] Data collection iteration 44.
I1015 22:56:23.256654 47721526048576 run_miniworld.py:250] Evaluation iteration 44.
I1015 22:56:33.378129 47721526048576 run_miniworld.py:267] iteration:  44
 frame: 1100000
 eval_episode_return:  0.00
 train_episode_return:  0.00
 train_exploration_epsilon: 0.100
 train_frame_rate:  161
I1015 22:56:37.343676 47721526048576 run_miniworld.py:243] Data collection iteration 45.
I1015 22:59:26.491768 47721526048576 run_miniworld.py:250] Evaluation iteration 45.
I1015 22:59:36.186861 47721526048576 run_miniworld.py:267] iteration:  45
 frame: 1125000
 eval_episode_return:  0.00
 train_episode_return:  0.04
 train_exploration_epsilon: 0.100
 train_frame_rate:  160
I1015 22:59:39.445450 47721526048576 run_miniworld.py:243] Data collection iteration 46.
I1015 23:02:14.785745 47721526048576 run_miniworld.py:250] Evaluation iteration 46.
I1015 23:02:24.668984 47721526048576 run_miniworld.py:267] iteration:  46
 frame: 1150000
 eval_episode_return:  0.00
 train_episode_return:  0.12
 train_exploration_epsilon: 0.100
 train_frame_rate:  161
I1015 23:02:29.754654 47721526048576 run_miniworld.py:243] Data collection iteration 47.
I1015 23:05:05.364118 47721526048576 run_miniworld.py:250] Evaluation iteration 47.
I1015 23:05:15.371266 47721526048576 run_miniworld.py:267] iteration:  47
 frame: 1175000
 eval_episode_return:  0.00
 train_episode_return:  0.00
 train_exploration_epsilon: 0.100
 train_frame_rate:  161
I1015 23:05:18.339122 47721526048576 run_miniworld.py:243] Data collection iteration 48.
I1015 23:07:52.764155 47721526048576 run_miniworld.py:250] Evaluation iteration 48.
I1015 23:08:02.841139 47721526048576 run_miniworld.py:267] iteration:  48
 frame: 1200000
 eval_episode_return:  0.00
 train_episode_return:  0.08
 train_exploration_epsilon: 0.100
 train_frame_rate:  162
I1015 23:08:05.618222 47721526048576 run_miniworld.py:243] Data collection iteration 49.
I1015 23:10:44.077967 47721526048576 run_miniworld.py:250] Evaluation iteration 49.
I1015 23:10:54.055812 47721526048576 run_miniworld.py:267] iteration:  49
 frame: 1225000
 eval_episode_return:  0.00
 train_episode_return:  0.08
 train_exploration_epsilon: 0.100
 train_frame_rate:  158
I1015 23:10:56.865305 47721526048576 run_miniworld.py:243] Data collection iteration 50.
I1015 23:13:48.628506 47721526048576 run_miniworld.py:250] Evaluation iteration 50.
I1015 23:13:58.729830 47721526048576 run_miniworld.py:267] iteration:  50
 frame: 1250000
 eval_episode_return:  0.00
 train_episode_return:  0.22
 train_exploration_epsilon: 0.100
 train_frame_rate:  146
I1015 23:14:01.570956 47721526048576 run_miniworld.py:243] Data collection iteration 51.
I1015 23:16:57.222464 47721526048576 run_miniworld.py:250] Evaluation iteration 51.
I1015 23:17:06.950339 47721526048576 run_miniworld.py:267] iteration:  51
 frame: 1275000
 eval_episode_return:  0.00
 train_episode_return:  0.04
 train_exploration_epsilon: 0.100
 train_frame_rate:  142
I1015 23:17:10.833358 47721526048576 run_miniworld.py:243] Data collection iteration 52.
I1015 23:20:07.545550 47721526048576 run_miniworld.py:250] Evaluation iteration 52.
I1015 23:20:17.385448 47721526048576 run_miniworld.py:267] iteration:  52
 frame: 1300000
 eval_episode_return:  0.00
 train_episode_return:  0.00
 train_exploration_epsilon: 0.100
 train_frame_rate:  141
I1015 23:20:20.232953 47721526048576 run_miniworld.py:243] Data collection iteration 53.
I1015 23:23:15.868682 47721526048576 run_miniworld.py:250] Evaluation iteration 53.
I1015 23:23:25.863492 47721526048576 run_miniworld.py:267] iteration:  53
 frame: 1325000
 eval_episode_return:  0.00
 train_episode_return:  0.00
 train_exploration_epsilon: 0.100
 train_frame_rate:  142
I1015 23:23:29.741899 47721526048576 run_miniworld.py:243] Data collection iteration 54.
I1015 23:26:25.891038 47721526048576 run_miniworld.py:250] Evaluation iteration 54.
I1015 23:26:35.696731 47721526048576 run_miniworld.py:267] iteration:  54
 frame: 1350000
 eval_episode_return:  0.00
 train_episode_return:  0.00
 train_exploration_epsilon: 0.100
 train_frame_rate:  142
I1015 23:26:38.544110 47721526048576 run_miniworld.py:243] Data collection iteration 55.
I1015 23:29:33.605338 47721526048576 run_miniworld.py:250] Evaluation iteration 55.
I1015 23:29:43.634402 47721526048576 run_miniworld.py:267] iteration:  55
 frame: 1375000
 eval_episode_return:  0.00
 train_episode_return:  0.04
 train_exploration_epsilon: 0.100
 train_frame_rate:  143
I1015 23:29:46.886628 47721526048576 run_miniworld.py:243] Data collection iteration 56.
I1015 23:32:40.734504 47721526048576 run_miniworld.py:250] Evaluation iteration 56.
I1015 23:32:50.607458 47721526048576 run_miniworld.py:267] iteration:  56
 frame: 1400000
 eval_episode_return:  0.00
 train_episode_return:  0.00
 train_exploration_epsilon: 0.100
 train_frame_rate:  144
I1015 23:32:54.483912 47721526048576 run_miniworld.py:243] Data collection iteration 57.
I1015 23:35:48.535607 47721526048576 run_miniworld.py:250] Evaluation iteration 57.
I1015 23:35:58.656278 47721526048576 run_miniworld.py:267] iteration:  57
 frame: 1425000
 eval_episode_return:  0.00
 train_episode_return:  0.00
 train_exploration_epsilon: 0.100
 train_frame_rate:  144
I1015 23:36:02.127915 47721526048576 run_miniworld.py:243] Data collection iteration 58.
I1015 23:38:56.109862 47721526048576 run_miniworld.py:250] Evaluation iteration 58.
I1015 23:39:06.290643 47721526048576 run_miniworld.py:267] iteration:  58
 frame: 1450000
 eval_episode_return:  0.00
 train_episode_return:  0.00
 train_exploration_epsilon: 0.100
 train_frame_rate:  144
I1015 23:39:10.137278 47721526048576 run_miniworld.py:243] Data collection iteration 59.
I1015 23:42:04.848585 47721526048576 run_miniworld.py:250] Evaluation iteration 59.
I1015 23:42:14.609586 47721526048576 run_miniworld.py:267] iteration:  59
 frame: 1475000
 eval_episode_return:  0.00
 train_episode_return:  0.00
 train_exploration_epsilon: 0.100
 train_frame_rate:  143
I1015 23:42:17.485353 47721526048576 run_miniworld.py:243] Data collection iteration 60.
I1015 23:45:11.626032 47721526048576 run_miniworld.py:250] Evaluation iteration 60.
I1015 23:45:21.553376 47721526048576 run_miniworld.py:267] iteration:  60
 frame: 1500000
 eval_episode_return:  0.00
 train_episode_return:  0.00
 train_exploration_epsilon: 0.100
 train_frame_rate:  144
I1015 23:45:24.422439 47721526048576 run_miniworld.py:243] Data collection iteration 61.
I1015 23:48:19.254786 47721526048576 run_miniworld.py:250] Evaluation iteration 61.
I1015 23:48:29.341012 47721526048576 run_miniworld.py:267] iteration:  61
 frame: 1525000
 eval_episode_return:  0.00
 train_episode_return:  0.00
 train_exploration_epsilon: 0.100
 train_frame_rate:  143
I1015 23:48:33.365019 47721526048576 run_miniworld.py:243] Data collection iteration 62.
I1015 23:51:28.200221 47721526048576 run_miniworld.py:250] Evaluation iteration 62.
I1015 23:51:38.150954 47721526048576 run_miniworld.py:267] iteration:  62
 frame: 1550000
 eval_episode_return:  0.00
 train_episode_return:  0.00
 train_exploration_epsilon: 0.100
 train_frame_rate:  143
I1015 23:51:41.363510 47721526048576 run_miniworld.py:243] Data collection iteration 63.
I1015 23:54:34.429441 47721526048576 run_miniworld.py:250] Evaluation iteration 63.
I1015 23:54:44.316030 47721526048576 run_miniworld.py:267] iteration:  63
 frame: 1575000
 eval_episode_return:  0.00
 train_episode_return:  0.00
 train_exploration_epsilon: 0.100
 train_frame_rate:  144
I1015 23:54:48.255458 47721526048576 run_miniworld.py:243] Data collection iteration 64.
I1015 23:57:44.822617 47721526048576 run_miniworld.py:250] Evaluation iteration 64.
I1015 23:57:54.620897 47721526048576 run_miniworld.py:267] iteration:  64
 frame: 1600000
 eval_episode_return:  0.00
 train_episode_return:  0.00
 train_exploration_epsilon: 0.100
 train_frame_rate:  142
I1015 23:57:57.624065 47721526048576 run_miniworld.py:243] Data collection iteration 65.
I1016 00:00:53.715229 47721526048576 run_miniworld.py:250] Evaluation iteration 65.
I1016 00:01:03.786492 47721526048576 run_miniworld.py:267] iteration:  65
 frame: 1625000
 eval_episode_return:  0.00
 train_episode_return:  0.00
 train_exploration_epsilon: 0.100
 train_frame_rate:  142
I1016 00:01:06.716824 47721526048576 run_miniworld.py:243] Data collection iteration 66.
I1016 00:04:02.722240 47721526048576 run_miniworld.py:250] Evaluation iteration 66.
I1016 00:04:12.955150 47721526048576 run_miniworld.py:267] iteration:  66
 frame: 1650000
 eval_episode_return:  0.00
 train_episode_return:  0.00
 train_exploration_epsilon: 0.100
 train_frame_rate:  142
I1016 00:04:16.973348 47721526048576 run_miniworld.py:243] Data collection iteration 67.
I1016 00:07:13.560110 47721526048576 run_miniworld.py:250] Evaluation iteration 67.
I1016 00:07:23.859082 47721526048576 run_miniworld.py:267] iteration:  67
 frame: 1675000
 eval_episode_return:  0.00
 train_episode_return:  0.04
 train_exploration_epsilon: 0.100
 train_frame_rate:  142
I1016 00:07:26.673156 47721526048576 run_miniworld.py:243] Data collection iteration 68.
I1016 00:10:21.879603 47721526048576 run_miniworld.py:250] Evaluation iteration 68.
I1016 00:10:31.907132 47721526048576 run_miniworld.py:267] iteration:  68
 frame: 1700000
 eval_episode_return:  0.00
 train_episode_return:  0.00
 train_exploration_epsilon: 0.100
 train_frame_rate:  143
I1016 00:10:36.247705 47721526048576 run_miniworld.py:243] Data collection iteration 69.
I1016 00:13:31.778481 47721526048576 run_miniworld.py:250] Evaluation iteration 69.
I1016 00:13:41.802595 47721526048576 run_miniworld.py:267] iteration:  69
 frame: 1725000
 eval_episode_return:  0.00
 train_episode_return:  0.00
 train_exploration_epsilon: 0.100
 train_frame_rate:  142
I1016 00:13:44.722658 47721526048576 run_miniworld.py:243] Data collection iteration 70.
I1016 00:16:39.791865 47721526048576 run_miniworld.py:250] Evaluation iteration 70.
I1016 00:16:49.356275 47721526048576 run_miniworld.py:267] iteration:  70
 frame: 1750000
 eval_episode_return:  0.00
 train_episode_return:  0.04
 train_exploration_epsilon: 0.100
 train_frame_rate:  143
I1016 00:16:52.176804 47721526048576 run_miniworld.py:243] Data collection iteration 71.
I1016 00:19:47.265219 47721526048576 run_miniworld.py:250] Evaluation iteration 71.
I1016 00:19:57.164197 47721526048576 run_miniworld.py:267] iteration:  71
 frame: 1775000
 eval_episode_return:  0.00
 train_episode_return:  0.00
 train_exploration_epsilon: 0.100
 train_frame_rate:  143
I1016 00:20:01.292727 47721526048576 run_miniworld.py:243] Data collection iteration 72.
I1016 00:22:58.472733 47721526048576 run_miniworld.py:250] Evaluation iteration 72.
I1016 00:23:08.379092 47721526048576 run_miniworld.py:267] iteration:  72
 frame: 1800000
 eval_episode_return:  0.00
 train_episode_return:  0.00
 train_exploration_epsilon: 0.100
 train_frame_rate:  141
I1016 00:23:11.253625 47721526048576 run_miniworld.py:243] Data collection iteration 73.
I1016 00:26:07.516291 47721526048576 run_miniworld.py:250] Evaluation iteration 73.
I1016 00:26:17.423270 47721526048576 run_miniworld.py:267] iteration:  73
 frame: 1825000
 eval_episode_return:  0.00
 train_episode_return:  0.00
 train_exploration_epsilon: 0.100
 train_frame_rate:  142
I1016 00:26:21.481386 47721526048576 run_miniworld.py:243] Data collection iteration 74.
I1016 00:29:18.400131 47721526048576 run_miniworld.py:250] Evaluation iteration 74.
I1016 00:29:28.299500 47721526048576 run_miniworld.py:267] iteration:  74
 frame: 1850000
 eval_episode_return:  0.00
 train_episode_return:  0.08
 train_exploration_epsilon: 0.100
 train_frame_rate:  141
I1016 00:29:31.327101 47721526048576 run_miniworld.py:243] Data collection iteration 75.
I1016 00:32:27.095530 47721526048576 run_miniworld.py:250] Evaluation iteration 75.
I1016 00:32:36.989530 47721526048576 run_miniworld.py:267] iteration:  75
 frame: 1875000
 eval_episode_return:  0.00
 train_episode_return:  0.00
 train_exploration_epsilon: 0.100
 train_frame_rate:  142
I1016 00:32:39.961168 47721526048576 run_miniworld.py:243] Data collection iteration 76.
I1016 00:35:35.821820 47721526048576 run_miniworld.py:250] Evaluation iteration 76.
I1016 00:35:45.871981 47721526048576 run_miniworld.py:267] iteration:  76
 frame: 1900000
 eval_episode_return:  0.00
 train_episode_return:  0.04
 train_exploration_epsilon: 0.100
 train_frame_rate:  142
I1016 00:35:50.006121 47721526048576 run_miniworld.py:243] Data collection iteration 77.
I1016 00:38:46.675048 47721526048576 run_miniworld.py:250] Evaluation iteration 77.
I1016 00:38:56.649753 47721526048576 run_miniworld.py:267] iteration:  77
 frame: 1925000
 eval_episode_return:  0.00
 train_episode_return:  0.00
 train_exploration_epsilon: 0.100
 train_frame_rate:  142
I1016 00:38:59.578633 47721526048576 run_miniworld.py:243] Data collection iteration 78.
I1016 00:41:55.927855 47721526048576 run_miniworld.py:250] Evaluation iteration 78.
I1016 00:42:05.776628 47721526048576 run_miniworld.py:267] iteration:  78
 frame: 1950000
 eval_episode_return:  0.00
 train_episode_return:  0.08
 train_exploration_epsilon: 0.100
 train_frame_rate:  142
I1016 00:42:09.688055 47721526048576 run_miniworld.py:243] Data collection iteration 79.
I1016 00:45:07.178590 47721526048576 run_miniworld.py:250] Evaluation iteration 79.
I1016 00:45:17.360063 47721526048576 run_miniworld.py:267] iteration:  79
 frame: 1975000
 eval_episode_return:  0.00
 train_episode_return:  0.00
 train_exploration_epsilon: 0.100
 train_frame_rate:  141
I1016 00:45:20.532092 47721526048576 run_miniworld.py:243] Data collection iteration 80.
I1016 00:48:17.026987 47721526048576 run_miniworld.py:250] Evaluation iteration 80.
I1016 00:48:26.973390 47721526048576 run_miniworld.py:267] iteration:  80
 frame: 2000000
 eval_episode_return:  0.00
 train_episode_return:  0.00
 train_exploration_epsilon: 0.100
 train_frame_rate:  142
I1016 00:48:30.084478 47721526048576 run_miniworld.py:243] Data collection iteration 81.
I1016 00:51:26.914273 47721526048576 run_miniworld.py:250] Evaluation iteration 81.
I1016 00:51:36.869005 47721526048576 run_miniworld.py:267] iteration:  81
 frame: 2025000
 eval_episode_return:  0.00
 train_episode_return:  0.04
 train_exploration_epsilon: 0.100
 train_frame_rate:  141
I1016 00:51:41.028306 47721526048576 run_miniworld.py:243] Data collection iteration 82.
I1016 00:54:38.213735 47721526048576 run_miniworld.py:250] Evaluation iteration 82.
I1016 00:54:48.126596 47721526048576 run_miniworld.py:267] iteration:  82
 frame: 2050000
 eval_episode_return:  0.00
 train_episode_return:  0.00
 train_exploration_epsilon: 0.100
 train_frame_rate:  141
I1016 00:54:51.990180 47721526048576 run_miniworld.py:243] Data collection iteration 83.
I1016 00:57:48.660928 47721526048576 run_miniworld.py:250] Evaluation iteration 83.
I1016 00:57:58.694638 47721526048576 run_miniworld.py:267] iteration:  83
 frame: 2075000
 eval_episode_return:  0.00
 train_episode_return:  0.00
 train_exploration_epsilon: 0.100
 train_frame_rate:  142
I1016 00:58:02.968281 47721526048576 run_miniworld.py:243] Data collection iteration 84.
I1016 01:01:01.897290 47721526048576 run_miniworld.py:250] Evaluation iteration 84.
I1016 01:01:12.056282 47721526048576 run_miniworld.py:267] iteration:  84
 frame: 2100000
 eval_episode_return:  0.00
 train_episode_return:  0.00
 train_exploration_epsilon: 0.100
 train_frame_rate:  140
I1016 01:01:15.072641 47721526048576 run_miniworld.py:243] Data collection iteration 85.
I1016 01:04:13.743899 47721526048576 run_miniworld.py:250] Evaluation iteration 85.
I1016 01:04:23.679857 47721526048576 run_miniworld.py:267] iteration:  85
 frame: 2125000
 eval_episode_return:  0.00
 train_episode_return:  0.00
 train_exploration_epsilon: 0.100
 train_frame_rate:  140
I1016 01:04:26.664820 47721526048576 run_miniworld.py:243] Data collection iteration 86.
I1016 01:07:13.584971 47721526048576 run_miniworld.py:250] Evaluation iteration 86.
I1016 01:07:23.604083 47721526048576 run_miniworld.py:267] iteration:  86
 frame: 2150000
 eval_episode_return:  0.00
 train_episode_return:  0.00
 train_exploration_epsilon: 0.100
 train_frame_rate:  150
I1016 01:07:27.695758 47721526048576 run_miniworld.py:243] Data collection iteration 87.
I1016 01:10:02.366176 47721526048576 run_miniworld.py:250] Evaluation iteration 87.
I1016 01:10:12.320657 47721526048576 run_miniworld.py:267] iteration:  87
 frame: 2175000
 eval_episode_return:  0.00
 train_episode_return:  0.00
 train_exploration_epsilon: 0.100
 train_frame_rate:  162
I1016 01:10:15.113995 47721526048576 run_miniworld.py:243] Data collection iteration 88.
I1016 01:12:49.634305 47721526048576 run_miniworld.py:250] Evaluation iteration 88.
I1016 01:12:59.720760 47721526048576 run_miniworld.py:267] iteration:  88
 frame: 2200000
 eval_episode_return:  0.00
 train_episode_return:  0.00
 train_exploration_epsilon: 0.100
 train_frame_rate:  162
I1016 01:13:03.732675 47721526048576 run_miniworld.py:243] Data collection iteration 89.
I1016 01:15:53.886267 47721526048576 run_miniworld.py:250] Evaluation iteration 89.
I1016 01:16:03.822337 47721526048576 run_miniworld.py:267] iteration:  89
 frame: 2225000
 eval_episode_return:  0.00
 train_episode_return:  0.00
 train_exploration_epsilon: 0.100
 train_frame_rate:  148
I1016 01:16:07.017686 47721526048576 run_miniworld.py:243] Data collection iteration 90.
I1016 01:19:04.123331 47721526048576 run_miniworld.py:250] Evaluation iteration 90.
I1016 01:19:14.170250 47721526048576 run_miniworld.py:267] iteration:  90
 frame: 2250000
 eval_episode_return:  0.00
 train_episode_return:  0.00
 train_exploration_epsilon: 0.100
 train_frame_rate:  141
I1016 01:19:17.079823 47721526048576 run_miniworld.py:243] Data collection iteration 91.
I1016 01:22:14.287943 47721526048576 run_miniworld.py:250] Evaluation iteration 91.
I1016 01:22:24.645908 47721526048576 run_miniworld.py:267] iteration:  91
 frame: 2275000
 eval_episode_return:  0.00
 train_episode_return:  0.00
 train_exploration_epsilon: 0.100
 train_frame_rate:  141
I1016 01:22:28.780639 47721526048576 run_miniworld.py:243] Data collection iteration 92.
I1016 01:25:26.938585 47721526048576 run_miniworld.py:250] Evaluation iteration 92.
I1016 01:25:37.320547 47721526048576 run_miniworld.py:267] iteration:  92
 frame: 2300000
 eval_episode_return:  0.00
 train_episode_return:  0.00
 train_exploration_epsilon: 0.100
 train_frame_rate:  140
I1016 01:25:40.212364 47721526048576 run_miniworld.py:243] Data collection iteration 93.
I1016 01:28:37.541752 47721526048576 run_miniworld.py:250] Evaluation iteration 93.
I1016 01:28:47.710795 47721526048576 run_miniworld.py:267] iteration:  93
 frame: 2325000
 eval_episode_return:  0.00
 train_episode_return:  0.00
 train_exploration_epsilon: 0.100
 train_frame_rate:  141
I1016 01:28:52.092105 47721526048576 run_miniworld.py:243] Data collection iteration 94.
I1016 01:31:50.761418 47721526048576 run_miniworld.py:250] Evaluation iteration 94.
I1016 01:32:00.804851 47721526048576 run_miniworld.py:267] iteration:  94
 frame: 2350000
 eval_episode_return:  0.00
 train_episode_return:  0.00
 train_exploration_epsilon: 0.100
 train_frame_rate:  140
I1016 01:32:03.816300 47721526048576 run_miniworld.py:243] Data collection iteration 95.
I1016 01:35:01.384991 47721526048576 run_miniworld.py:250] Evaluation iteration 95.
I1016 01:35:11.638587 47721526048576 run_miniworld.py:267] iteration:  95
 frame: 2375000
 eval_episode_return:  0.00
 train_episode_return:  0.00
 train_exploration_epsilon: 0.100
 train_frame_rate:  141
I1016 01:35:14.585542 47721526048576 run_miniworld.py:243] Data collection iteration 96.
I1016 01:38:11.864473 47721526048576 run_miniworld.py:250] Evaluation iteration 96.
I1016 01:38:21.864733 47721526048576 run_miniworld.py:267] iteration:  96
 frame: 2400000
 eval_episode_return:  0.00
 train_episode_return:  0.00
 train_exploration_epsilon: 0.100
 train_frame_rate:  141
I1016 01:38:25.951981 47721526048576 run_miniworld.py:243] Data collection iteration 97.
I1016 01:41:24.094694 47721526048576 run_miniworld.py:250] Evaluation iteration 97.
I1016 01:41:34.083271 47721526048576 run_miniworld.py:267] iteration:  97
 frame: 2425000
 eval_episode_return:  0.00
 train_episode_return:  0.00
 train_exploration_epsilon: 0.100
 train_frame_rate:  140
I1016 01:41:36.996477 47721526048576 run_miniworld.py:243] Data collection iteration 98.
I1016 01:44:35.401837 47721526048576 run_miniworld.py:250] Evaluation iteration 98.
I1016 01:44:45.998097 47721526048576 run_miniworld.py:267] iteration:  98
 frame: 2450000
 eval_episode_return:  0.00
 train_episode_return:  0.00
 train_exploration_epsilon: 0.100
 train_frame_rate:  140
I1016 01:44:50.177565 47721526048576 run_miniworld.py:243] Data collection iteration 99.
I1016 01:47:48.343953 47721526048576 run_miniworld.py:250] Evaluation iteration 99.
I1016 01:47:58.300085 47721526048576 run_miniworld.py:267] iteration:  99
 frame: 2475000
 eval_episode_return:  0.00
 train_episode_return:  0.04
 train_exploration_epsilon: 0.100
 train_frame_rate:  140
I1016 01:48:01.317777 47721526048576 run_miniworld.py:243] Data collection iteration 100.
I1016 01:50:58.949893 47721526048576 run_miniworld.py:250] Evaluation iteration 100.
I1016 01:51:09.258467 47721526048576 run_miniworld.py:267] iteration: 100
 frame: 2500000
 eval_episode_return:  0.00
 train_episode_return:  0.00
 train_exploration_epsilon: 0.100
 train_frame_rate:  141
I1016 01:51:12.384219 47721526048576 run_miniworld.py:243] Data collection iteration 101.
I1016 01:54:11.705048 47721526048576 run_miniworld.py:250] Evaluation iteration 101.
I1016 01:54:22.038538 47721526048576 run_miniworld.py:267] iteration: 101
 frame: 2525000
 eval_episode_return:  0.00
 train_episode_return:  0.08
 train_exploration_epsilon: 0.100
 train_frame_rate:  139
I1016 01:54:26.147995 47721526048576 run_miniworld.py:243] Data collection iteration 102.
I1016 01:57:24.270439 47721526048576 run_miniworld.py:250] Evaluation iteration 102.
I1016 01:57:34.668122 47721526048576 run_miniworld.py:267] iteration: 102
 frame: 2550000
 eval_episode_return:  0.00
 train_episode_return:  0.08
 train_exploration_epsilon: 0.100
 train_frame_rate:  140
I1016 01:57:37.605032 47721526048576 run_miniworld.py:243] Data collection iteration 103.
I1016 02:00:35.706724 47721526048576 run_miniworld.py:250] Evaluation iteration 103.
I1016 02:00:45.961378 47721526048576 run_miniworld.py:267] iteration: 103
 frame: 2575000
 eval_episode_return:  0.00
 train_episode_return:  0.08
 train_exploration_epsilon: 0.100
 train_frame_rate:  140
I1016 02:00:50.095853 47721526048576 run_miniworld.py:243] Data collection iteration 104.
I1016 02:03:49.722410 47721526048576 run_miniworld.py:250] Evaluation iteration 104.
I1016 02:04:00.184378 47721526048576 run_miniworld.py:267] iteration: 104
 frame: 2600000
 eval_episode_return:  0.00
 train_episode_return:  0.04
 train_exploration_epsilon: 0.100
 train_frame_rate:  139
I1016 02:04:03.207574 47721526048576 run_miniworld.py:243] Data collection iteration 105.
I1016 02:07:02.456061 47721526048576 run_miniworld.py:250] Evaluation iteration 105.
I1016 02:07:12.653553 47721526048576 run_miniworld.py:267] iteration: 105
 frame: 2625000
 eval_episode_return:  0.00
 train_episode_return:  0.00
 train_exploration_epsilon: 0.100
 train_frame_rate:  139
I1016 02:07:15.659698 47721526048576 run_miniworld.py:243] Data collection iteration 106.
I1016 02:10:12.460796 47721526048576 run_miniworld.py:250] Evaluation iteration 106.
I1016 02:10:22.791013 47721526048576 run_miniworld.py:267] iteration: 106
 frame: 2650000
 eval_episode_return:  0.00
 train_episode_return:  0.04
 train_exploration_epsilon: 0.100
 train_frame_rate:  141
I1016 02:10:26.828986 47721526048576 run_miniworld.py:243] Data collection iteration 107.
I1016 02:13:24.127804 47721526048576 run_miniworld.py:250] Evaluation iteration 107.
I1016 02:13:33.970324 47721526048576 run_miniworld.py:267] iteration: 107
 frame: 2675000
 eval_episode_return:  0.00
 train_episode_return:  0.08
 train_exploration_epsilon: 0.100
 train_frame_rate:  141
I1016 02:13:37.183375 47721526048576 run_miniworld.py:243] Data collection iteration 108.
I1016 02:16:34.596702 47721526048576 run_miniworld.py:250] Evaluation iteration 108.
I1016 02:16:44.483187 47721526048576 run_miniworld.py:267] iteration: 108
 frame: 2700000
 eval_episode_return:  0.00
 train_episode_return:  0.04
 train_exploration_epsilon: 0.100
 train_frame_rate:  141
I1016 02:16:48.839903 47721526048576 run_miniworld.py:243] Data collection iteration 109.
I1016 02:19:48.228009 47721526048576 run_miniworld.py:250] Evaluation iteration 109.
I1016 02:19:58.609413 47721526048576 run_miniworld.py:267] iteration: 109
 frame: 2725000
 eval_episode_return:  0.00
 train_episode_return:  0.08
 train_exploration_epsilon: 0.100
 train_frame_rate:  139
I1016 02:20:01.649441 47721526048576 run_miniworld.py:243] Data collection iteration 110.
I1016 02:22:59.291269 47721526048576 run_miniworld.py:250] Evaluation iteration 110.
I1016 02:23:09.628950 47721526048576 run_miniworld.py:267] iteration: 110
 frame: 2750000
 eval_episode_return:  0.00
 train_episode_return:  0.00
 train_exploration_epsilon: 0.100
 train_frame_rate:  141
I1016 02:23:12.601762 47721526048576 run_miniworld.py:243] Data collection iteration 111.
I1016 02:26:10.361904 47721526048576 run_miniworld.py:250] Evaluation iteration 111.
I1016 02:26:20.580463 47721526048576 run_miniworld.py:267] iteration: 111
 frame: 2775000
 eval_episode_return:  0.00
 train_episode_return:  0.04
 train_exploration_epsilon: 0.100
 train_frame_rate:  141
I1016 02:26:24.691957 47721526048576 run_miniworld.py:243] Data collection iteration 112.
I1016 02:29:22.679639 47721526048576 run_miniworld.py:250] Evaluation iteration 112.
I1016 02:29:32.915950 47721526048576 run_miniworld.py:267] iteration: 112
 frame: 2800000
 eval_episode_return:  0.00
 train_episode_return:  0.00
 train_exploration_epsilon: 0.100
 train_frame_rate:  140
I1016 02:29:35.825455 47721526048576 run_miniworld.py:243] Data collection iteration 113.
I1016 02:32:33.300645 47721526048576 run_miniworld.py:250] Evaluation iteration 113.
I1016 02:32:43.377176 47721526048576 run_miniworld.py:267] iteration: 113
 frame: 2825000
 eval_episode_return:  0.00
 train_episode_return:  0.15
 train_exploration_epsilon: 0.100
 train_frame_rate:  141
I1016 02:32:47.462894 47721526048576 run_miniworld.py:243] Data collection iteration 114.
I1016 02:35:46.127533 47721526048576 run_miniworld.py:250] Evaluation iteration 114.
I1016 02:35:56.377877 47721526048576 run_miniworld.py:267] iteration: 114
 frame: 2850000
 eval_episode_return:  0.00
 train_episode_return:  0.22
 train_exploration_epsilon: 0.100
 train_frame_rate:  140
I1016 02:35:59.304526 47721526048576 run_miniworld.py:243] Data collection iteration 115.
I1016 02:38:57.714647 47721526048576 run_miniworld.py:250] Evaluation iteration 115.
I1016 02:39:07.733206 47721526048576 run_miniworld.py:267] iteration: 115
 frame: 2875000
 eval_episode_return:  0.00
 train_episode_return:  0.21
 train_exploration_epsilon: 0.100
 train_frame_rate:  140
I1016 02:39:10.623266 47721526048576 run_miniworld.py:243] Data collection iteration 116.
I1016 02:42:08.493990 47721526048576 run_miniworld.py:250] Evaluation iteration 116.
I1016 02:42:18.864188 47721526048576 run_miniworld.py:267] iteration: 116
 frame: 2900000
 eval_episode_return:  0.00
 train_episode_return:  0.19
 train_exploration_epsilon: 0.100
 train_frame_rate:  141
I1016 02:42:22.973547 47721526048576 run_miniworld.py:243] Data collection iteration 117.
I1016 02:45:21.322224 47721526048576 run_miniworld.py:250] Evaluation iteration 117.
I1016 02:45:31.350788 47721526048576 run_miniworld.py:267] iteration: 117
 frame: 2925000
 eval_episode_return:  0.00
 train_episode_return:  0.19
 train_exploration_epsilon: 0.100
 train_frame_rate:  140
I1016 02:45:34.325295 47721526048576 run_miniworld.py:243] Data collection iteration 118.
I1016 02:48:34.178993 47721526048576 run_miniworld.py:250] Evaluation iteration 118.
I1016 02:48:44.290114 47721526048576 run_miniworld.py:267] iteration: 118
 frame: 2950000
 eval_episode_return:  0.00
 train_episode_return:  0.26
 train_exploration_epsilon: 0.100
 train_frame_rate:  139
I1016 02:48:48.306624 47721526048576 run_miniworld.py:243] Data collection iteration 119.
I1016 02:51:50.585638 47721526048576 run_miniworld.py:250] Evaluation iteration 119.
I1016 02:52:01.140705 47721526048576 run_miniworld.py:267] iteration: 119
 frame: 2975000
 eval_episode_return:  0.00
 train_episode_return:  0.32
 train_exploration_epsilon: 0.100
 train_frame_rate:  137
I1016 02:52:04.292260 47721526048576 run_miniworld.py:243] Data collection iteration 120.
I1016 02:55:02.893977 47721526048576 run_miniworld.py:250] Evaluation iteration 120.
I1016 02:55:12.795726 47721526048576 run_miniworld.py:267] iteration: 120
 frame: 3000000
 eval_episode_return:  0.00
 train_episode_return:  0.00
 train_exploration_epsilon: 0.100
 train_frame_rate:  140
I1016 02:55:15.775437 47721526048576 run_miniworld.py:243] Data collection iteration 121.
I1016 02:58:14.213867 47721526048576 run_miniworld.py:250] Evaluation iteration 121.
I1016 02:58:24.210983 47721526048576 run_miniworld.py:267] iteration: 121
 frame: 3025000
 eval_episode_return:  0.00
 train_episode_return:  0.12
 train_exploration_epsilon: 0.100
 train_frame_rate:  140
I1016 02:58:28.313848 47721526048576 run_miniworld.py:243] Data collection iteration 122.
I1016 03:01:27.421117 47721526048576 run_miniworld.py:250] Evaluation iteration 122.
I1016 03:01:37.449996 47721526048576 run_miniworld.py:267] iteration: 122
 frame: 3050000
 eval_episode_return:  0.00
 train_episode_return:  0.04
 train_exploration_epsilon: 0.100
 train_frame_rate:  140
I1016 03:01:40.280371 47721526048576 run_miniworld.py:243] Data collection iteration 123.
I1016 03:04:38.666739 47721526048576 run_miniworld.py:250] Evaluation iteration 123.
I1016 03:04:48.512399 47721526048576 run_miniworld.py:267] iteration: 123
 frame: 3075000
 eval_episode_return:  0.00
 train_episode_return:  0.04
 train_exploration_epsilon: 0.100
 train_frame_rate:  140
I1016 03:04:52.702861 47721526048576 run_miniworld.py:243] Data collection iteration 124.
I1016 03:07:52.405418 47721526048576 run_miniworld.py:250] Evaluation iteration 124.
I1016 03:08:02.457064 47721526048576 run_miniworld.py:267] iteration: 124
 frame: 3100000
 eval_episode_return:  0.00
 train_episode_return:  0.08
 train_exploration_epsilon: 0.100
 train_frame_rate:  139
I1016 03:08:05.335812 47721526048576 run_miniworld.py:243] Data collection iteration 125.
I1016 03:10:51.015062 47721526048576 run_miniworld.py:250] Evaluation iteration 125.
I1016 03:11:00.665999 47721526048576 run_miniworld.py:267] iteration: 125
 frame: 3125000
 eval_episode_return:  0.00
 train_episode_return:  0.08
 train_exploration_epsilon: 0.100
 train_frame_rate:  151
I1016 03:11:03.661586 47721526048576 run_miniworld.py:243] Data collection iteration 126.
I1016 03:13:38.327050 47721526048576 run_miniworld.py:250] Evaluation iteration 126.
I1016 03:13:47.980835 47721526048576 run_miniworld.py:267] iteration: 126
 frame: 3150000
 eval_episode_return:  0.00
 train_episode_return:  0.00
 train_exploration_epsilon: 0.100
 train_frame_rate:  162
I1016 03:13:52.133406 47721526048576 run_miniworld.py:243] Data collection iteration 127.
I1016 03:16:32.018719 47721526048576 run_miniworld.py:250] Evaluation iteration 127.
I1016 03:16:42.049311 47721526048576 run_miniworld.py:267] iteration: 127
 frame: 3175000
 eval_episode_return:  0.00
 train_episode_return:  0.00
 train_exploration_epsilon: 0.100
 train_frame_rate:  156
I1016 03:16:44.937206 47721526048576 run_miniworld.py:243] Data collection iteration 128.
I1016 03:19:41.885719 47721526048576 run_miniworld.py:250] Evaluation iteration 128.
I1016 03:19:51.739324 47721526048576 run_miniworld.py:267] iteration: 128
 frame: 3200000
 eval_episode_return:  0.00
 train_episode_return:  0.12
 train_exploration_epsilon: 0.100
 train_frame_rate:  141
I1016 03:19:55.744589 47721526048576 run_miniworld.py:243] Data collection iteration 129.
I1016 03:22:55.828283 47721526048576 run_miniworld.py:250] Evaluation iteration 129.
I1016 03:23:05.757315 47721526048576 run_miniworld.py:267] iteration: 129
 frame: 3225000
 eval_episode_return:  0.00
 train_episode_return:  0.08
 train_exploration_epsilon: 0.100
 train_frame_rate:  139
I1016 03:23:08.973323 47721526048576 run_miniworld.py:243] Data collection iteration 130.
I1016 03:26:07.981833 47721526048576 run_miniworld.py:250] Evaluation iteration 130.
I1016 03:26:17.878332 47721526048576 run_miniworld.py:267] iteration: 130
 frame: 3250000
 eval_episode_return:  0.00
 train_episode_return:  0.04
 train_exploration_epsilon: 0.100
 train_frame_rate:  140
I1016 03:26:20.792559 47721526048576 run_miniworld.py:243] Data collection iteration 131.
I1016 03:29:19.125570 47721526048576 run_miniworld.py:250] Evaluation iteration 131.
I1016 03:29:29.349052 47721526048576 run_miniworld.py:267] iteration: 131
 frame: 3275000
 eval_episode_return:  0.00
 train_episode_return:  0.04
 train_exploration_epsilon: 0.100
 train_frame_rate:  140
I1016 03:29:33.630251 47721526048576 run_miniworld.py:243] Data collection iteration 132.
I1016 03:32:33.118832 47721526048576 run_miniworld.py:250] Evaluation iteration 132.
I1016 03:32:43.505454 47721526048576 run_miniworld.py:267] iteration: 132
 frame: 3300000
 eval_episode_return:  0.00
 train_episode_return:  0.04
 train_exploration_epsilon: 0.100
 train_frame_rate:  139
I1016 03:32:46.408650 47721526048576 run_miniworld.py:243] Data collection iteration 133.
I1016 03:35:45.651518 47721526048576 run_miniworld.py:250] Evaluation iteration 133.
I1016 03:35:55.797414 47721526048576 run_miniworld.py:267] iteration: 133
 frame: 3325000
 eval_episode_return:  0.00
 train_episode_return:  0.04
 train_exploration_epsilon: 0.100
 train_frame_rate:  139
I1016 03:35:59.750181 47721526048576 run_miniworld.py:243] Data collection iteration 134.
I1016 03:38:59.691141 47721526048576 run_miniworld.py:250] Evaluation iteration 134.
I1016 03:39:09.578681 47721526048576 run_miniworld.py:267] iteration: 134
 frame: 3350000
 eval_episode_return:  0.00
 train_episode_return:  0.15
 train_exploration_epsilon: 0.100
 train_frame_rate:  139
I1016 03:39:12.588906 47721526048576 run_miniworld.py:243] Data collection iteration 135.
I1016 03:42:12.273898 47721526048576 run_miniworld.py:250] Evaluation iteration 135.
I1016 03:42:22.636025 47721526048576 run_miniworld.py:267] iteration: 135
 frame: 3375000
 eval_episode_return:  0.00
 train_episode_return:  0.12
 train_exploration_epsilon: 0.100
 train_frame_rate:  139
I1016 03:42:25.671153 47721526048576 run_miniworld.py:243] Data collection iteration 136.
I1016 03:45:23.958212 47721526048576 run_miniworld.py:250] Evaluation iteration 136.
I1016 03:45:34.274713 47721526048576 run_miniworld.py:267] iteration: 136
 frame: 3400000
 eval_episode_return:  0.00
 train_episode_return:  0.04
 train_exploration_epsilon: 0.100
 train_frame_rate:  140
I1016 03:45:38.592404 47721526048576 run_miniworld.py:243] Data collection iteration 137.
I1016 03:48:38.616552 47721526048576 run_miniworld.py:250] Evaluation iteration 137.
I1016 03:48:49.641541 47721526048576 run_miniworld.py:267] iteration: 137
 frame: 3425000
 eval_episode_return:  0.00
 train_episode_return:  0.00
 train_exploration_epsilon: 0.100
 train_frame_rate:  139
I1016 03:48:52.615377 47721526048576 run_miniworld.py:243] Data collection iteration 138.
I1016 03:51:52.900898 47721526048576 run_miniworld.py:250] Evaluation iteration 138.
I1016 03:52:02.844044 47721526048576 run_miniworld.py:267] iteration: 138
 frame: 3450000
 eval_episode_return:  0.00
 train_episode_return:  0.04
 train_exploration_epsilon: 0.100
 train_frame_rate:  139
I1016 03:52:06.903139 47721526048576 run_miniworld.py:243] Data collection iteration 139.
I1016 03:55:06.413215 47721526048576 run_miniworld.py:250] Evaluation iteration 139.
I1016 03:55:16.400396 47721526048576 run_miniworld.py:267] iteration: 139
 frame: 3475000
 eval_episode_return:  0.00
 train_episode_return:  0.00
 train_exploration_epsilon: 0.100
 train_frame_rate:  139
I1016 03:55:19.250699 47721526048576 run_miniworld.py:243] Data collection iteration 140.
I1016 03:58:18.461009 47721526048576 run_miniworld.py:250] Evaluation iteration 140.
I1016 03:58:28.864861 47721526048576 run_miniworld.py:267] iteration: 140
 frame: 3500000
 eval_episode_return:  0.00
 train_episode_return:  0.00
 train_exploration_epsilon: 0.100
 train_frame_rate:  140
I1016 03:58:32.188614 47721526048576 run_miniworld.py:243] Data collection iteration 141.
I1016 04:01:30.153832 47721526048576 run_miniworld.py:250] Evaluation iteration 141.
I1016 04:01:40.112635 47721526048576 run_miniworld.py:267] iteration: 141
 frame: 3525000
 eval_episode_return:  0.00
 train_episode_return:  0.04
 train_exploration_epsilon: 0.100
 train_frame_rate:  140
I1016 04:01:44.336519 47721526048576 run_miniworld.py:243] Data collection iteration 142.
I1016 04:04:44.411960 47721526048576 run_miniworld.py:250] Evaluation iteration 142.
I1016 04:04:54.584449 47721526048576 run_miniworld.py:267] iteration: 142
 frame: 3550000
 eval_episode_return:  0.00
 train_episode_return:  0.00
 train_exploration_epsilon: 0.100
 train_frame_rate:  139
I1016 04:04:57.520398 47721526048576 run_miniworld.py:243] Data collection iteration 143.
I1016 04:07:56.420736 47721526048576 run_miniworld.py:250] Evaluation iteration 143.
I1016 04:08:06.491822 47721526048576 run_miniworld.py:267] iteration: 143
 frame: 3575000
 eval_episode_return:  0.00
 train_episode_return:  0.04
 train_exploration_epsilon: 0.100
 train_frame_rate:  140
I1016 04:08:10.578510 47721526048576 run_miniworld.py:243] Data collection iteration 144.
I1016 04:11:10.867135 47721526048576 run_miniworld.py:250] Evaluation iteration 144.
I1016 04:11:20.773823 47721526048576 run_miniworld.py:267] iteration: 144
 frame: 3600000
 eval_episode_return:  0.00
 train_episode_return:  0.00
 train_exploration_epsilon: 0.100
 train_frame_rate:  139
I1016 04:11:23.696802 47721526048576 run_miniworld.py:243] Data collection iteration 145.
I1016 04:14:22.528904 47721526048576 run_miniworld.py:250] Evaluation iteration 145.
I1016 04:14:32.651741 47721526048576 run_miniworld.py:267] iteration: 145
 frame: 3625000
 eval_episode_return:  0.00
 train_episode_return:  0.00
 train_exploration_epsilon: 0.100
 train_frame_rate:  140
I1016 04:14:35.516194 47721526048576 run_miniworld.py:243] Data collection iteration 146.
I1016 04:17:34.065231 47721526048576 run_miniworld.py:250] Evaluation iteration 146.
I1016 04:17:44.200143 47721526048576 run_miniworld.py:267] iteration: 146
 frame: 3650000
 eval_episode_return:  0.00
 train_episode_return:  0.00
 train_exploration_epsilon: 0.100
 train_frame_rate:  140
I1016 04:17:48.394006 47721526048576 run_miniworld.py:243] Data collection iteration 147.
I1016 04:20:47.253011 47721526048576 run_miniworld.py:250] Evaluation iteration 147.
I1016 04:20:57.554569 47721526048576 run_miniworld.py:267] iteration: 147
 frame: 3675000
 eval_episode_return:  0.00
 train_episode_return:  0.00
 train_exploration_epsilon: 0.100
 train_frame_rate:  140
I1016 04:21:00.486387 47721526048576 run_miniworld.py:243] Data collection iteration 148.
I1016 04:23:59.295132 47721526048576 run_miniworld.py:250] Evaluation iteration 148.
I1016 04:24:09.501432 47721526048576 run_miniworld.py:267] iteration: 148
 frame: 3700000
 eval_episode_return:  0.00
 train_episode_return:  0.00
 train_exploration_epsilon: 0.100
 train_frame_rate:  140
I1016 04:24:13.587871 47721526048576 run_miniworld.py:243] Data collection iteration 149.
I1016 04:27:13.173319 47721526048576 run_miniworld.py:250] Evaluation iteration 149.
I1016 04:27:23.001624 47721526048576 run_miniworld.py:267] iteration: 149
 frame: 3725000
 eval_episode_return:  0.00
 train_episode_return:  0.00
 train_exploration_epsilon: 0.100
 train_frame_rate:  139
I1016 04:27:25.953609 47721526048576 run_miniworld.py:243] Data collection iteration 150.
I1016 04:30:24.439271 47721526048576 run_miniworld.py:250] Evaluation iteration 150.
I1016 04:30:34.479623 47721526048576 run_miniworld.py:267] iteration: 150
 frame: 3750000
 eval_episode_return:  0.00
 train_episode_return:  0.00
 train_exploration_epsilon: 0.100
 train_frame_rate:  140
I1016 04:30:37.772003 47721526048576 run_miniworld.py:243] Data collection iteration 151.
I1016 04:33:35.810636 47721526048576 run_miniworld.py:250] Evaluation iteration 151.
I1016 04:33:45.709770 47721526048576 run_miniworld.py:267] iteration: 151
 frame: 3775000
 eval_episode_return:  0.00
 train_episode_return:  0.00
 train_exploration_epsilon: 0.100
 train_frame_rate:  140
I1016 04:33:49.841057 47721526048576 run_miniworld.py:243] Data collection iteration 152.
I1016 04:36:49.590207 47721526048576 run_miniworld.py:250] Evaluation iteration 152.
I1016 04:36:59.833433 47721526048576 run_miniworld.py:267] iteration: 152
 frame: 3800000
 eval_episode_return:  0.00
 train_episode_return:  0.00
 train_exploration_epsilon: 0.100
 train_frame_rate:  139
I1016 04:37:02.712916 47721526048576 run_miniworld.py:243] Data collection iteration 153.
I1016 04:40:01.440920 47721526048576 run_miniworld.py:250] Evaluation iteration 153.
I1016 04:40:11.564153 47721526048576 run_miniworld.py:267] iteration: 153
 frame: 3825000
 eval_episode_return:  0.00
 train_episode_return:  0.00
 train_exploration_epsilon: 0.100
 train_frame_rate:  140
I1016 04:40:15.637913 47721526048576 run_miniworld.py:243] Data collection iteration 154.
I1016 04:43:15.142126 47721526048576 run_miniworld.py:250] Evaluation iteration 154.
I1016 04:43:25.370452 47721526048576 run_miniworld.py:267] iteration: 154
 frame: 3850000
 eval_episode_return:  0.00
 train_episode_return:  0.00
 train_exploration_epsilon: 0.100
 train_frame_rate:  139
I1016 04:43:28.264431 47721526048576 run_miniworld.py:243] Data collection iteration 155.
I1016 04:46:27.291048 47721526048576 run_miniworld.py:250] Evaluation iteration 155.
I1016 04:46:37.745180 47721526048576 run_miniworld.py:267] iteration: 155
 frame: 3875000
 eval_episode_return:  0.00
 train_episode_return:  0.00
 train_exploration_epsilon: 0.100
 train_frame_rate:  140
I1016 04:46:40.620626 47721526048576 run_miniworld.py:243] Data collection iteration 156.
I1016 04:49:40.330680 47721526048576 run_miniworld.py:250] Evaluation iteration 156.
I1016 04:49:51.316745 47721526048576 run_miniworld.py:267] iteration: 156
 frame: 3900000
 eval_episode_return:  0.00
 train_episode_return:  0.04
 train_exploration_epsilon: 0.100
 train_frame_rate:  139
I1016 04:49:55.625474 47721526048576 run_miniworld.py:243] Data collection iteration 157.
I1016 04:52:55.586230 47721526048576 run_miniworld.py:250] Evaluation iteration 157.
I1016 04:53:05.578088 47721526048576 run_miniworld.py:267] iteration: 157
 frame: 3925000
 eval_episode_return:  0.00
 train_episode_return:  0.00
 train_exploration_epsilon: 0.100
 train_frame_rate:  139
I1016 04:53:08.434644 47721526048576 run_miniworld.py:243] Data collection iteration 158.
I1016 04:56:06.449947 47721526048576 run_miniworld.py:250] Evaluation iteration 158.
I1016 04:56:16.424479 47721526048576 run_miniworld.py:267] iteration: 158
 frame: 3950000
 eval_episode_return:  0.00
 train_episode_return:  0.00
 train_exploration_epsilon: 0.100
 train_frame_rate:  140
I1016 04:56:20.503351 47721526048576 run_miniworld.py:243] Data collection iteration 159.
I1016 04:59:20.061415 47721526048576 run_miniworld.py:250] Evaluation iteration 159.
I1016 04:59:29.932466 47721526048576 run_miniworld.py:267] iteration: 159
 frame: 3975000
 eval_episode_return:  0.00
 train_episode_return:  0.00
 train_exploration_epsilon: 0.100
 train_frame_rate:  139
I1016 04:59:32.824370 47721526048576 run_miniworld.py:243] Data collection iteration 160.
I1016 05:02:31.268089 47721526048576 run_miniworld.py:250] Evaluation iteration 160.
I1016 05:02:41.314907 47721526048576 run_miniworld.py:267] iteration: 160
 frame: 4000000
 eval_episode_return:  0.00
 train_episode_return:  0.00
 train_exploration_epsilon: 0.100
 train_frame_rate:  140
I1016 05:02:44.182138 47721526048576 run_miniworld.py:243] Data collection iteration 161.
I1016 05:05:43.249536 47721526048576 run_miniworld.py:250] Evaluation iteration 161.
I1016 05:05:53.504029 47721526048576 run_miniworld.py:267] iteration: 161
 frame: 4025000
 eval_episode_return:  0.00
 train_episode_return:  0.00
 train_exploration_epsilon: 0.100
 train_frame_rate:  140
I1016 05:05:56.413561 47721526048576 run_miniworld.py:243] Data collection iteration 162.
I1016 05:08:55.453100 47721526048576 run_miniworld.py:250] Evaluation iteration 162.
I1016 05:09:05.505534 47721526048576 run_miniworld.py:267] iteration: 162
 frame: 4050000
 eval_episode_return:  0.00
 train_episode_return:  0.00
 train_exploration_epsilon: 0.100
 train_frame_rate:  140
I1016 05:09:08.429268 47721526048576 run_miniworld.py:243] Data collection iteration 163.
I1016 05:11:46.828371 47721526048576 run_miniworld.py:250] Evaluation iteration 163.
I1016 05:11:57.079279 47721526048576 run_miniworld.py:267] iteration: 163
 frame: 4075000
 eval_episode_return:  0.00
 train_episode_return:  0.00
 train_exploration_epsilon: 0.100
 train_frame_rate:  158
I1016 05:12:01.247133 47721526048576 run_miniworld.py:243] Data collection iteration 164.
I1016 05:14:54.594989 47721526048576 run_miniworld.py:250] Evaluation iteration 164.
I1016 05:15:04.529744 47721526048576 run_miniworld.py:267] iteration: 164
 frame: 4100000
 eval_episode_return:  0.00
 train_episode_return:  0.00
 train_exploration_epsilon: 0.100
 train_frame_rate:  144
I1016 05:15:07.763130 47721526048576 run_miniworld.py:243] Data collection iteration 165.
I1016 05:18:06.394286 47721526048576 run_miniworld.py:250] Evaluation iteration 165.
I1016 05:18:16.710312 47721526048576 run_miniworld.py:267] iteration: 165
 frame: 4125000
 eval_episode_return:  0.00
 train_episode_return:  0.00
 train_exploration_epsilon: 0.100
 train_frame_rate:  140
I1016 05:18:20.064275 47721526048576 run_miniworld.py:243] Data collection iteration 166.
I1016 05:21:20.492684 47721526048576 run_miniworld.py:250] Evaluation iteration 166.
I1016 05:21:30.642349 47721526048576 run_miniworld.py:267] iteration: 166
 frame: 4150000
 eval_episode_return:  0.00
 train_episode_return:  0.00
 train_exploration_epsilon: 0.100
 train_frame_rate:  139
I1016 05:21:33.728053 47721526048576 run_miniworld.py:243] Data collection iteration 167.
I1016 05:24:32.312368 47721526048576 run_miniworld.py:250] Evaluation iteration 167.
I1016 05:24:42.430572 47721526048576 run_miniworld.py:267] iteration: 167
 frame: 4175000
 eval_episode_return:  0.00
 train_episode_return:  0.00
 train_exploration_epsilon: 0.100
 train_frame_rate:  140
I1016 05:24:45.380465 47721526048576 run_miniworld.py:243] Data collection iteration 168.
I1016 05:27:43.510421 47721526048576 run_miniworld.py:250] Evaluation iteration 168.
I1016 05:27:53.492337 47721526048576 run_miniworld.py:267] iteration: 168
 frame: 4200000
 eval_episode_return:  0.00
 train_episode_return:  0.00
 train_exploration_epsilon: 0.100
 train_frame_rate:  140
I1016 05:27:57.675173 47721526048576 run_miniworld.py:243] Data collection iteration 169.
I1016 05:30:57.068924 47721526048576 run_miniworld.py:250] Evaluation iteration 169.
I1016 05:31:07.247595 47721526048576 run_miniworld.py:267] iteration: 169
 frame: 4225000
 eval_episode_return:  0.00
 train_episode_return:  0.00
 train_exploration_epsilon: 0.100
 train_frame_rate:  139
I1016 05:31:10.583821 47721526048576 run_miniworld.py:243] Data collection iteration 170.
I1016 05:34:09.666928 47721526048576 run_miniworld.py:250] Evaluation iteration 170.
I1016 05:34:19.787490 47721526048576 run_miniworld.py:267] iteration: 170
 frame: 4250000
 eval_episode_return:  0.00
 train_episode_return:  0.00
 train_exploration_epsilon: 0.100
 train_frame_rate:  140
I1016 05:34:23.880981 47721526048576 run_miniworld.py:243] Data collection iteration 171.
I1016 05:37:24.214520 47721526048576 run_miniworld.py:250] Evaluation iteration 171.
I1016 05:37:34.356220 47721526048576 run_miniworld.py:267] iteration: 171
 frame: 4275000
 eval_episode_return:  0.00
 train_episode_return:  0.00
 train_exploration_epsilon: 0.100
 train_frame_rate:  139
I1016 05:37:37.761240 47721526048576 run_miniworld.py:243] Data collection iteration 172.
I1016 05:40:37.004330 47721526048576 run_miniworld.py:250] Evaluation iteration 172.
I1016 05:40:47.325878 47721526048576 run_miniworld.py:267] iteration: 172
 frame: 4300000
 eval_episode_return:  0.00
 train_episode_return:  0.00
 train_exploration_epsilon: 0.100
 train_frame_rate:  139
I1016 05:40:50.297995 47721526048576 run_miniworld.py:243] Data collection iteration 173.
I1016 05:43:48.564095 47721526048576 run_miniworld.py:250] Evaluation iteration 173.
I1016 05:43:59.071310 47721526048576 run_miniworld.py:267] iteration: 173
 frame: 4325000
 eval_episode_return:  0.00
 train_episode_return:  0.00
 train_exploration_epsilon: 0.100
 train_frame_rate:  140
I1016 05:44:03.175927 47721526048576 run_miniworld.py:243] Data collection iteration 174.
I1016 05:47:03.530953 47721526048576 run_miniworld.py:250] Evaluation iteration 174.
I1016 05:47:13.699308 47721526048576 run_miniworld.py:267] iteration: 174
 frame: 4350000
 eval_episode_return:  0.00
 train_episode_return:  0.00
 train_exploration_epsilon: 0.100
 train_frame_rate:  139
I1016 05:47:16.613784 47721526048576 run_miniworld.py:243] Data collection iteration 175.
I1016 05:50:15.518718 47721526048576 run_miniworld.py:250] Evaluation iteration 175.
I1016 05:50:25.849823 47721526048576 run_miniworld.py:267] iteration: 175
 frame: 4375000
 eval_episode_return:  0.00
 train_episode_return:  0.00
 train_exploration_epsilon: 0.100
 train_frame_rate:  140
I1016 05:50:29.880751 47721526048576 run_miniworld.py:243] Data collection iteration 176.
I1016 05:53:30.313586 47721526048576 run_miniworld.py:250] Evaluation iteration 176.
I1016 05:53:40.489620 47721526048576 run_miniworld.py:267] iteration: 176
 frame: 4400000
 eval_episode_return:  0.00
 train_episode_return:  0.00
 train_exploration_epsilon: 0.100
 train_frame_rate:  139
I1016 05:53:43.581992 47721526048576 run_miniworld.py:243] Data collection iteration 177.
I1016 05:56:42.229913 47721526048576 run_miniworld.py:250] Evaluation iteration 177.
I1016 05:56:52.405141 47721526048576 run_miniworld.py:267] iteration: 177
 frame: 4425000
 eval_episode_return:  0.00
 train_episode_return:  0.00
 train_exploration_epsilon: 0.100
 train_frame_rate:  140
I1016 05:56:55.226832 47721526048576 run_miniworld.py:243] Data collection iteration 178.
I1016 05:59:53.894747 47721526048576 run_miniworld.py:250] Evaluation iteration 178.
I1016 06:00:04.028572 47721526048576 run_miniworld.py:267] iteration: 178
 frame: 4450000
 eval_episode_return:  0.00
 train_episode_return:  0.04
 train_exploration_epsilon: 0.100
 train_frame_rate:  140
I1016 06:00:08.046032 47721526048576 run_miniworld.py:243] Data collection iteration 179.
I1016 06:03:06.914217 47721526048576 run_miniworld.py:250] Evaluation iteration 179.
I1016 06:03:17.397707 47721526048576 run_miniworld.py:267] iteration: 179
 frame: 4475000
 eval_episode_return:  0.00
 train_episode_return:  0.00
 train_exploration_epsilon: 0.100
 train_frame_rate:  140
I1016 06:03:20.366975 47721526048576 run_miniworld.py:243] Data collection iteration 180.
I1016 06:06:18.946528 47721526048576 run_miniworld.py:250] Evaluation iteration 180.
I1016 06:06:29.223667 47721526048576 run_miniworld.py:267] iteration: 180
 frame: 4500000
 eval_episode_return:  0.00
 train_episode_return:  0.04
 train_exploration_epsilon: 0.100
 train_frame_rate:  140
I1016 06:06:33.374274 47721526048576 run_miniworld.py:243] Data collection iteration 181.
I1016 06:09:33.560129 47721526048576 run_miniworld.py:250] Evaluation iteration 181.
I1016 06:09:43.764247 47721526048576 run_miniworld.py:267] iteration: 181
 frame: 4525000
 eval_episode_return:  0.00
 train_episode_return:  0.00
 train_exploration_epsilon: 0.100
 train_frame_rate:  139
I1016 06:09:46.654413 47721526048576 run_miniworld.py:243] Data collection iteration 182.
I1016 06:12:45.975572 47721526048576 run_miniworld.py:250] Evaluation iteration 182.
I1016 06:12:55.903606 47721526048576 run_miniworld.py:267] iteration: 182
 frame: 4550000
 eval_episode_return:  0.00
 train_episode_return:  0.00
 train_exploration_epsilon: 0.100
 train_frame_rate:  139
I1016 06:12:58.886383 47721526048576 run_miniworld.py:243] Data collection iteration 183.
I1016 06:15:56.952020 47721526048576 run_miniworld.py:250] Evaluation iteration 183.
I1016 06:16:07.154681 47721526048576 run_miniworld.py:267] iteration: 183
 frame: 4575000
 eval_episode_return:  0.00
 train_episode_return:  0.00
 train_exploration_epsilon: 0.100
 train_frame_rate:  140
I1016 06:16:11.372371 47721526048576 run_miniworld.py:243] Data collection iteration 184.
I1016 06:19:11.123443 47721526048576 run_miniworld.py:250] Evaluation iteration 184.
I1016 06:19:21.474671 47721526048576 run_miniworld.py:267] iteration: 184
 frame: 4600000
 eval_episode_return:  0.00
 train_episode_return:  0.16
 train_exploration_epsilon: 0.100
 train_frame_rate:  139
I1016 06:19:24.400921 47721526048576 run_miniworld.py:243] Data collection iteration 185.
I1016 06:22:23.220194 47721526048576 run_miniworld.py:250] Evaluation iteration 185.
I1016 06:22:33.446225 47721526048576 run_miniworld.py:267] iteration: 185
 frame: 4625000
 eval_episode_return:  0.00
 train_episode_return:  0.00
 train_exploration_epsilon: 0.100
 train_frame_rate:  140
I1016 06:22:37.864800 47721526048576 run_miniworld.py:243] Data collection iteration 186.
I1016 06:25:37.794357 47721526048576 run_miniworld.py:250] Evaluation iteration 186.
I1016 06:25:48.129816 47721526048576 run_miniworld.py:267] iteration: 186
 frame: 4650000
 eval_episode_return:  0.00
 train_episode_return:  0.43
 train_exploration_epsilon: 0.100
 train_frame_rate:  139
I1016 06:25:51.072024 47721526048576 run_miniworld.py:243] Data collection iteration 187.
I1016 06:28:49.816049 47721526048576 run_miniworld.py:250] Evaluation iteration 187.
I1016 06:29:00.230512 47721526048576 run_miniworld.py:267] iteration: 187
 frame: 4675000
 eval_episode_return:  0.00
 train_episode_return:  0.41
 train_exploration_epsilon: 0.100
 train_frame_rate:  140
I1016 06:29:03.144581 47721526048576 run_miniworld.py:243] Data collection iteration 188.
I1016 06:32:01.503118 47721526048576 run_miniworld.py:250] Evaluation iteration 188.
I1016 06:32:11.771203 47721526048576 run_miniworld.py:267] iteration: 188
 frame: 4700000
 eval_episode_return:  0.00
 train_episode_return:  0.12
 train_exploration_epsilon: 0.100
 train_frame_rate:  140
I1016 06:32:16.287209 47721526048576 run_miniworld.py:243] Data collection iteration 189.
I1016 06:35:14.925620 47721526048576 run_miniworld.py:250] Evaluation iteration 189.
I1016 06:35:25.319298 47721526048576 run_miniworld.py:267] iteration: 189
 frame: 4725000
 eval_episode_return:  0.00
 train_episode_return:  0.41
 train_exploration_epsilon: 0.100
 train_frame_rate:  140
I1016 06:35:28.282615 47721526048576 run_miniworld.py:243] Data collection iteration 190.
I1016 06:38:27.052213 47721526048576 run_miniworld.py:250] Evaluation iteration 190.
I1016 06:38:37.619873 47721526048576 run_miniworld.py:267] iteration: 190
 frame: 4750000
 eval_episode_return:  0.00
 train_episode_return:  0.08
 train_exploration_epsilon: 0.100
 train_frame_rate:  140
I1016 06:38:42.197730 47721526048576 run_miniworld.py:243] Data collection iteration 191.
I1016 06:41:42.031573 47721526048576 run_miniworld.py:250] Evaluation iteration 191.
I1016 06:41:52.338801 47721526048576 run_miniworld.py:267] iteration: 191
 frame: 4775000
 eval_episode_return:  0.00
 train_episode_return:  0.12
 train_exploration_epsilon: 0.100
 train_frame_rate:  139
I1016 06:41:55.266415 47721526048576 run_miniworld.py:243] Data collection iteration 192.
I1016 06:44:54.397094 47721526048576 run_miniworld.py:250] Evaluation iteration 192.
I1016 06:45:04.339387 47721526048576 run_miniworld.py:267] iteration: 192
 frame: 4800000
 eval_episode_return:  0.00
 train_episode_return:  0.22
 train_exploration_epsilon: 0.100
 train_frame_rate:  140
I1016 06:45:07.328595 47721526048576 run_miniworld.py:243] Data collection iteration 193.
I1016 06:48:05.305493 47721526048576 run_miniworld.py:250] Evaluation iteration 193.
I1016 06:48:15.225498 47721526048576 run_miniworld.py:267] iteration: 193
 frame: 4825000
 eval_episode_return:  0.00
 train_episode_return:  0.19
 train_exploration_epsilon: 0.100
 train_frame_rate:  140
I1016 06:48:19.529203 47721526048576 run_miniworld.py:243] Data collection iteration 194.
I1016 06:51:18.179781 47721526048576 run_miniworld.py:250] Evaluation iteration 194.
I1016 06:51:28.383833 47721526048576 run_miniworld.py:267] iteration: 194
 frame: 4850000
 eval_episode_return:  0.00
 train_episode_return:  0.25
 train_exploration_epsilon: 0.100
 train_frame_rate:  140
I1016 06:51:31.261520 47721526048576 run_miniworld.py:243] Data collection iteration 195.
I1016 06:54:29.835830 47721526048576 run_miniworld.py:250] Evaluation iteration 195.
I1016 06:54:40.107071 47721526048576 run_miniworld.py:267] iteration: 195
 frame: 4875000
 eval_episode_return:  0.00
 train_episode_return:  0.32
 train_exploration_epsilon: 0.100
 train_frame_rate:  140
I1016 06:54:44.104557 47721526048576 run_miniworld.py:243] Data collection iteration 196.
I1016 06:57:44.766135 47721526048576 run_miniworld.py:250] Evaluation iteration 196.
I1016 06:57:55.140534 47721526048576 run_miniworld.py:267] iteration: 196
 frame: 4900000
 eval_episode_return:  0.00
 train_episode_return:  0.19
 train_exploration_epsilon: 0.100
 train_frame_rate:  138
I1016 06:57:58.039580 47721526048576 run_miniworld.py:243] Data collection iteration 197.
I1016 07:00:57.546487 47721526048576 run_miniworld.py:250] Evaluation iteration 197.
I1016 07:01:07.819176 47721526048576 run_miniworld.py:267] iteration: 197
 frame: 4925000
 eval_episode_return:  0.00
 train_episode_return:  0.36
 train_exploration_epsilon: 0.100
 train_frame_rate:  139
I1016 07:01:10.755170 47721526048576 run_miniworld.py:243] Data collection iteration 198.
I1016 07:04:09.864385 47721526048576 run_miniworld.py:250] Evaluation iteration 198.
I1016 07:04:20.210072 47721526048576 run_miniworld.py:267] iteration: 198
 frame: 4950000
 eval_episode_return:  0.00
 train_episode_return:  0.48
 train_exploration_epsilon: 0.100
 train_frame_rate:  140
I1016 07:04:24.354597 47721526048576 run_miniworld.py:243] Data collection iteration 199.
I1016 07:07:23.321274 47721526048576 run_miniworld.py:250] Evaluation iteration 199.
I1016 07:07:33.881361 47721526048576 run_miniworld.py:267] iteration: 199
 frame: 4975000
 eval_episode_return:  0.00
 train_episode_return:  0.50
 train_exploration_epsilon: 0.100
 train_frame_rate:  140
I1016 07:07:36.718075 47721526048576 run_miniworld.py:243] Data collection iteration 200.
I1016 07:10:13.212611 47721526048576 run_miniworld.py:250] Evaluation iteration 200.
I1016 07:10:23.008247 47721526048576 run_miniworld.py:267] iteration: 200
 frame: 5000000
 eval_episode_return:  0.00
 train_episode_return:  0.71
 train_exploration_epsilon: 0.100
 train_frame_rate:  160
Falling back to num_samples=1
Falling back to num_samples=1
Falling back to num_samples=1
Falling back to num_samples=1
Falling back to num_samples=1
Falling back to num_samples=1
Falling back to num_samples=1
Falling back to num_samples=1
Falling back to num_samples=1
Falling back to num_samples=1
Falling back to num_samples=1
Falling back to num_samples=1
Falling back to num_samples=1
Falling back to num_samples=1
Falling back to num_samples=1
Falling back to num_samples=1
Falling back to num_samples=1
Falling back to num_samples=1
Falling back to num_samples=1
Falling back to num_samples=1
Falling back to num_samples=1
Falling back to num_samples=1
Falling back to num_samples=1
Falling back to num_samples=1
Falling back to num_samples=1
Falling back to num_samples=1
Falling back to num_samples=1
Falling back to num_samples=1
Falling back to num_samples=1
Falling back to num_samples=1
Falling back to num_samples=1
Falling back to num_samples=1
Falling back to num_samples=1
Falling back to num_samples=1
Falling back to num_samples=1
Falling back to num_samples=1
Falling back to num_samples=1
Falling back to num_samples=1
Falling back to num_samples=1
Falling back to num_samples=1
Falling back to num_samples=1
Falling back to num_samples=1
Falling back to num_samples=1
Falling back to num_samples=1
Falling back to num_samples=1
Falling back to num_samples=1
Falling back to num_samples=1
Falling back to num_samples=1
Falling back to num_samples=1
Falling back to num_samples=1
Falling back to num_samples=1
Falling back to num_samples=1
Falling back to num_samples=1
Falling back to num_samples=1
Falling back to num_samples=1
Falling back to num_samples=1
Falling back to num_samples=1
Falling back to num_samples=1
Falling back to num_samples=1
Falling back to num_samples=1
Falling back to num_samples=1
Falling back to num_samples=1
Falling back to num_samples=1
Falling back to num_samples=1
Falling back to num_samples=1
Falling back to num_samples=1
Falling back to num_samples=1
Falling back to num_samples=1
Falling back to num_samples=1
Falling back to num_samples=1
Falling back to num_samples=1
Falling back to num_samples=1
Falling back to num_samples=1
Falling back to num_samples=1
Falling back to num_samples=1
Falling back to num_samples=1
Falling back to num_samples=1
Falling back to num_samples=1
Falling back to num_samples=1
Falling back to num_samples=1
Falling back to num_samples=1
Falling back to num_samples=1
Falling back to num_samples=1
Falling back to num_samples=1
Falling back to num_samples=1
Falling back to num_samples=1
Falling back to num_samples=1
Falling back to num_samples=1
Falling back to num_samples=1
Falling back to num_samples=1
Falling back to num_samples=1
Falling back to num_samples=1
Falling back to num_samples=1
Falling back to num_samples=1
Falling back to num_samples=1
Falling back to num_samples=1
Falling back to num_samples=1
Falling back to num_samples=1
Falling back to num_samples=1
Falling back to num_samples=1
Falling back to num_samples=1
Falling back to num_samples=1
Falling back to num_samples=1
Falling back to num_samples=1
Falling back to num_samples=1
Falling back to num_samples=1
Falling back to num_samples=1
Falling back to num_samples=1
Falling back to num_samples=1
Falling back to num_samples=1
Falling back to num_samples=1
Falling back to num_samples=1
Falling back to num_samples=1
Falling back to num_samples=1
Falling back to num_samples=1
Falling back to num_samples=1
Falling back to num_samples=1
Falling back to num_samples=1
Falling back to num_samples=1
Falling back to num_samples=1
Falling back to num_samples=1
Falling back to num_samples=1
Falling back to num_samples=1
Falling back to num_samples=1
Falling back to num_samples=1
Falling back to num_samples=1
Falling back to num_samples=1
Falling back to num_samples=1
Falling back to num_samples=1
Falling back to num_samples=1
Falling back to num_samples=1
Falling back to num_samples=1
Falling back to num_samples=1
Falling back to num_samples=1
Falling back to num_samples=1
Falling back to num_samples=1
Falling back to num_samples=1
Falling back to num_samples=1
Falling back to num_samples=1
Falling back to num_samples=1
Falling back to num_samples=1
Falling back to num_samples=1
Falling back to num_samples=1
Falling back to num_samples=1
Falling back to num_samples=1
Falling back to num_samples=1
Falling back to num_samples=1
Falling back to num_samples=1
Falling back to num_samples=1
Falling back to num_samples=1
Falling back to num_samples=1
Falling back to num_samples=1
Falling back to num_samples=1
Falling back to num_samples=1
Falling back to num_samples=1
Falling back to num_samples=1
Falling back to num_samples=1
Falling back to num_samples=1
Falling back to num_samples=1
Falling back to num_samples=1
Falling back to num_samples=1
Falling back to num_samples=1
Falling back to num_samples=1
Falling back to num_samples=1
Falling back to num_samples=1
Falling back to num_samples=1
Falling back to num_samples=1
Falling back to num_samples=1
Falling back to num_samples=1
Falling back to num_samples=1
Falling back to num_samples=1
Falling back to num_samples=1
Falling back to num_samples=1
Falling back to num_samples=1
Falling back to num_samples=1
Falling back to num_samples=1
Falling back to num_samples=1
Falling back to num_samples=1
Falling back to num_samples=1
Falling back to num_samples=1
Falling back to num_samples=1
Falling back to num_samples=1
Falling back to num_samples=1
Falling back to num_samples=1
Falling back to num_samples=1
Falling back to num_samples=1
Falling back to num_samples=1
Falling back to num_samples=1
Falling back to num_samples=1
Falling back to num_samples=1
Falling back to num_samples=1
Falling back to num_samples=1
Falling back to num_samples=1
Falling back to num_samples=1
Falling back to num_samples=1
Falling back to num_samples=1
Falling back to num_samples=1
Falling back to num_samples=1
Falling back to num_samples=1
Falling back to num_samples=1
Falling back to num_samples=1
Falling back to num_samples=1
Falling back to num_samples=1
Falling back to num_samples=1
Falling back to num_samples=1
Falling back to num_samples=1
Falling back to num_samples=1
Falling back to num_samples=1
Falling back to num_samples=1
Falling back to num_samples=1
Falling back to num_samples=1
Falling back to num_samples=1
Falling back to num_samples=1
Falling back to num_samples=1
Falling back to num_samples=1
Falling back to num_samples=1
Falling back to num_samples=1
Falling back to num_samples=1
Falling back to num_samples=1
Falling back to num_samples=1
Falling back to num_samples=1
Falling back to num_samples=1
Falling back to num_samples=1
Falling back to num_samples=1
Falling back to num_samples=1
Falling back to num_samples=1
Falling back to num_samples=1
Falling back to num_samples=1
Falling back to num_samples=1
Falling back to num_samples=1
Falling back to num_samples=1
Falling back to num_samples=1
Falling back to num_samples=1
Falling back to num_samples=1
Falling back to num_samples=1
Falling back to num_samples=1
Falling back to num_samples=1
Falling back to num_samples=1
Falling back to num_samples=1
Falling back to num_samples=1
Falling back to num_samples=1
Falling back to num_samples=1
Falling back to num_samples=1
Falling back to num_samples=1
Falling back to num_samples=1
Falling back to num_samples=1
Falling back to num_samples=1
Falling back to num_samples=1
Falling back to num_samples=1
Falling back to num_samples=1
Falling back to num_samples=1
Falling back to num_samples=1
Falling back to num_samples=1
Falling back to num_samples=1
Falling back to num_samples=1
Falling back to num_samples=1
Falling back to num_samples=1
Falling back to num_samples=1
Falling back to num_samples=1
Falling back to num_samples=1
Falling back to num_samples=1
Falling back to num_samples=1
Falling back to num_samples=1
Falling back to num_samples=1
Falling back to num_samples=1
Falling back to num_samples=1
Falling back to num_samples=1
Falling back to num_samples=1
Falling back to num_samples=1
Falling back to num_samples=1
Falling back to num_samples=1
Falling back to num_samples=1
Falling back to num_samples=1
Falling back to num_samples=1
Falling back to num_samples=1
Falling back to num_samples=1
Falling back to num_samples=1
Falling back to num_samples=1
Falling back to num_samples=1
Falling back to num_samples=1
Falling back to num_samples=1
Falling back to num_samples=1
Falling back to num_samples=1
Falling back to num_samples=1
Falling back to num_samples=1
Falling back to num_samples=1
Falling back to num_samples=1
Falling back to num_samples=1
Falling back to num_samples=1
Falling back to num_samples=1
Falling back to num_samples=1
Falling back to num_samples=1
Falling back to num_samples=1
Falling back to num_samples=1
Falling back to num_samples=1
Falling back to num_samples=1
Falling back to num_samples=1
Falling back to num_samples=1
Falling back to num_samples=1
Falling back to num_samples=1
Falling back to num_samples=1
Falling back to num_samples=1
Falling back to num_samples=1
Falling back to num_samples=1
Falling back to num_samples=1
Falling back to num_samples=1
Falling back to num_samples=1
Falling back to num_samples=1
Falling back to num_samples=1
Falling back to num_samples=1
Falling back to num_samples=1
Falling back to num_samples=1
Falling back to num_samples=1
Falling back to num_samples=1
Falling back to num_samples=1
Falling back to num_samples=1
Falling back to num_samples=1
Falling back to num_samples=1
Falling back to num_samples=1
Falling back to num_samples=1
Falling back to num_samples=1
Falling back to num_samples=1
Falling back to num_samples=1
Falling back to num_samples=1
Falling back to num_samples=1
Falling back to num_samples=1
Falling back to num_samples=1
Falling back to num_samples=1
Falling back to num_samples=1
Falling back to num_samples=1
Falling back to num_samples=1
Falling back to num_samples=1
Falling back to num_samples=1
Falling back to num_samples=1
Falling back to num_samples=1
Falling back to num_samples=1
Falling back to num_samples=1
Falling back to num_samples=1
Falling back to num_samples=1
Falling back to num_samples=1
Falling back to num_samples=1
Falling back to num_samples=1
Falling back to num_samples=1
Falling back to num_samples=1
Falling back to num_samples=1
Falling back to num_samples=1
Falling back to num_samples=1
Falling back to num_samples=1
Falling back to num_samples=1
Falling back to num_samples=1
Falling back to num_samples=1
Falling back to num_samples=1
Falling back to num_samples=1
Falling back to num_samples=1
Falling back to num_samples=1
Falling back to num_samples=1
Falling back to num_samples=1
Falling back to num_samples=1
Falling back to num_samples=1
Falling back to num_samples=1
Falling back to num_samples=1
Falling back to num_samples=1
Falling back to num_samples=1
Falling back to num_samples=1
Falling back to num_samples=1
Falling back to num_samples=1
Falling back to num_samples=1
Falling back to num_samples=1
Falling back to num_samples=1
Falling back to num_samples=1
Falling back to num_samples=1
Falling back to num_samples=1
Falling back to num_samples=1
Falling back to num_samples=1
Falling back to num_samples=1
Falling back to num_samples=1
Falling back to num_samples=1
Falling back to num_samples=1
Falling back to num_samples=1
Falling back to num_samples=1
Falling back to num_samples=1
Falling back to num_samples=1
Falling back to num_samples=1
Falling back to num_samples=1
Falling back to num_samples=1
Falling back to num_samples=1
Falling back to num_samples=1
Falling back to num_samples=1
Falling back to num_samples=1
Falling back to num_samples=1
Falling back to num_samples=1
Falling back to num_samples=1
Falling back to num_samples=1
Falling back to num_samples=1
Falling back to num_samples=1
Falling back to num_samples=1
Falling back to num_samples=1
Falling back to num_samples=1
Falling back to num_samples=1
Falling back to num_samples=1
Falling back to num_samples=1
Falling back to num_samples=1
Falling back to num_samples=1
Falling back to num_samples=1
