I1015 20:55:48.635047 47355966916416 xla_bridge.py:355] Unable to initialize backend 'tpu_driver': NOT_FOUND: Unable to find driver in registry given worker: 
I1015 20:55:48.755826 47355966916416 xla_bridge.py:355] Unable to initialize backend 'rocm': NOT_FOUND: Could not find registered platform with name: "rocm". Available platform names are: CUDA Interpreter Host
I1015 20:55:48.756310 47355966916416 xla_bridge.py:355] Unable to initialize backend 'tpu': module 'jaxlib.xla_extension' has no attribute 'get_tpu_client'
I1015 20:55:48.756450 47355966916416 xla_bridge.py:355] Unable to initialize backend 'plugin': xla_extension has no attributes named get_plugin_device_client. Compile TensorFlow with //tensorflow/compiler/xla/python:enable_plugin_device set to true (defaults to false) to enable this.
I1015 20:55:48.756565 47355966916416 run_miniworld.py:102] Collecting data on MiniWorld on gpu.
I1015 20:55:54.329289 47355966916416 run_miniworld.py:138] Observation shape: (60, 80, 3)
I1015 20:56:03.229263 47355966916416 run_miniworld.py:243] Data collection iteration 0.
I1015 20:56:39.811309 47355966916416 run_miniworld.py:250] Evaluation iteration 0.
/home/mklissa/DCEO/lib/python3.8/site-packages/distrax/_src/distributions/categorical.py:96: UserWarning: Explicitly requested dtype <class 'jax.numpy.int64'> requested in astype is not available, and will be truncated to dtype int32. To enable more dtypes, set the jax_enable_x64 configuration option or the JAX_ENABLE_X64 shell environment variable. See https://github.com/google/jax#current-gotchas for more.
  return draws.astype(self._dtype)
I1015 20:56:49.845093 47355966916416 run_miniworld.py:267] iteration:   0
 frame:     0
 eval_episode_return:  0.00
 train_episode_return:  0.04
 train_exploration_epsilon: 1.000
 train_frame_rate:  683
I1015 20:56:54.409307 47355966916416 run_miniworld.py:243] Data collection iteration 1.
I1015 20:57:31.295337 47355966916416 run_miniworld.py:250] Evaluation iteration 1.
I1015 20:57:41.486548 47355966916416 run_miniworld.py:267] iteration:   1
 frame: 25000
 eval_episode_return:  0.00
 train_episode_return:  0.00
 train_exploration_epsilon: 1.000
 train_frame_rate:  678
I1015 20:57:44.541679 47355966916416 run_miniworld.py:243] Data collection iteration 2.
I1015 20:57:45.027306 47355966916416 dceo_agent.py:328] Begin learning
I1015 21:00:10.500189 47355966916416 run_miniworld.py:250] Evaluation iteration 2.
I1015 21:00:20.072634 47355966916416 run_miniworld.py:267] iteration:   2
 frame: 50000
 eval_episode_return:  0.00
 train_episode_return:  0.00
 train_exploration_epsilon: 0.955
 train_frame_rate:  171
I1015 21:00:22.791135 47355966916416 run_miniworld.py:243] Data collection iteration 3.
I1015 21:02:46.217005 47355966916416 run_miniworld.py:250] Evaluation iteration 3.
I1015 21:02:55.638341 47355966916416 run_miniworld.py:267] iteration:   3
 frame: 75000
 eval_episode_return:  0.00
 train_episode_return:  0.00
 train_exploration_epsilon: 0.910
 train_frame_rate:  174
I1015 21:02:58.802821 47355966916416 run_miniworld.py:243] Data collection iteration 4.
I1015 21:05:21.862864 47355966916416 run_miniworld.py:250] Evaluation iteration 4.
I1015 21:05:31.078488 47355966916416 run_miniworld.py:267] iteration:   4
 frame: 100000
 eval_episode_return:  0.00
 train_episode_return:  0.00
 train_exploration_epsilon: 0.865
 train_frame_rate:  175
I1015 21:05:34.225463 47355966916416 run_miniworld.py:243] Data collection iteration 5.
I1015 21:08:00.029865 47355966916416 run_miniworld.py:250] Evaluation iteration 5.
I1015 21:08:09.483163 47355966916416 run_miniworld.py:267] iteration:   5
 frame: 125000
 eval_episode_return:  0.00
 train_episode_return:  0.04
 train_exploration_epsilon: 0.820
 train_frame_rate:  171
I1015 21:08:12.306271 47355966916416 run_miniworld.py:243] Data collection iteration 6.
I1015 21:10:38.555948 47355966916416 run_miniworld.py:250] Evaluation iteration 6.
I1015 21:10:47.877478 47355966916416 run_miniworld.py:267] iteration:   6
 frame: 150000
 eval_episode_return:  0.00
 train_episode_return:  0.00
 train_exploration_epsilon: 0.775
 train_frame_rate:  171
I1015 21:10:50.912154 47355966916416 run_miniworld.py:243] Data collection iteration 7.
I1015 21:13:16.727659 47355966916416 run_miniworld.py:250] Evaluation iteration 7.
I1015 21:13:26.343022 47355966916416 run_miniworld.py:267] iteration:   7
 frame: 175000
 eval_episode_return:  0.00
 train_episode_return:  0.04
 train_exploration_epsilon: 0.730
 train_frame_rate:  171
I1015 21:13:29.147757 47355966916416 run_miniworld.py:243] Data collection iteration 8.
I1015 21:15:55.858570 47355966916416 run_miniworld.py:250] Evaluation iteration 8.
I1015 21:16:05.175979 47355966916416 run_miniworld.py:267] iteration:   8
 frame: 200000
 eval_episode_return:  0.00
 train_episode_return:  0.00
 train_exploration_epsilon: 0.685
 train_frame_rate:  170
I1015 21:16:08.328426 47355966916416 run_miniworld.py:243] Data collection iteration 9.
I1015 21:18:36.829543 47355966916416 run_miniworld.py:250] Evaluation iteration 9.
I1015 21:18:46.453519 47355966916416 run_miniworld.py:267] iteration:   9
 frame: 225000
 eval_episode_return:  0.00
 train_episode_return:  0.04
 train_exploration_epsilon: 0.640
 train_frame_rate:  168
I1015 21:18:49.649394 47355966916416 run_miniworld.py:243] Data collection iteration 10.
I1015 21:21:17.524765 47355966916416 run_miniworld.py:250] Evaluation iteration 10.
I1015 21:21:26.780364 47355966916416 run_miniworld.py:267] iteration:  10
 frame: 250000
 eval_episode_return:  0.00
 train_episode_return:  0.00
 train_exploration_epsilon: 0.595
 train_frame_rate:  169
I1015 21:21:29.958524 47355966916416 run_miniworld.py:243] Data collection iteration 11.
I1015 21:23:58.334526 47355966916416 run_miniworld.py:250] Evaluation iteration 11.
I1015 21:24:07.813779 47355966916416 run_miniworld.py:267] iteration:  11
 frame: 275000
 eval_episode_return:  0.00
 train_episode_return:  0.04
 train_exploration_epsilon: 0.550
 train_frame_rate:  168
I1015 21:24:11.210559 47355966916416 run_miniworld.py:243] Data collection iteration 12.
I1015 21:26:41.297868 47355966916416 run_miniworld.py:250] Evaluation iteration 12.
I1015 21:26:50.621249 47355966916416 run_miniworld.py:267] iteration:  12
 frame: 300000
 eval_episode_return:  0.00
 train_episode_return:  0.00
 train_exploration_epsilon: 0.505
 train_frame_rate:  167
I1015 21:26:53.631778 47355966916416 run_miniworld.py:243] Data collection iteration 13.
I1015 21:29:23.368740 47355966916416 run_miniworld.py:250] Evaluation iteration 13.
I1015 21:29:33.038548 47355966916416 run_miniworld.py:267] iteration:  13
 frame: 325000
 eval_episode_return:  0.00
 train_episode_return:  0.00
 train_exploration_epsilon: 0.460
 train_frame_rate:  167
I1015 21:29:36.265614 47355966916416 run_miniworld.py:243] Data collection iteration 14.
I1015 21:32:06.779767 47355966916416 run_miniworld.py:250] Evaluation iteration 14.
I1015 21:32:16.134298 47355966916416 run_miniworld.py:267] iteration:  14
 frame: 350000
 eval_episode_return:  0.00
 train_episode_return:  0.04
 train_exploration_epsilon: 0.415
 train_frame_rate:  166
I1015 21:32:19.866577 47355966916416 run_miniworld.py:243] Data collection iteration 15.
I1015 21:34:50.598824 47355966916416 run_miniworld.py:250] Evaluation iteration 15.
I1015 21:35:00.318973 47355966916416 run_miniworld.py:267] iteration:  15
 frame: 375000
 eval_episode_return:  0.00
 train_episode_return:  0.04
 train_exploration_epsilon: 0.370
 train_frame_rate:  166
I1015 21:35:03.143713 47355966916416 run_miniworld.py:243] Data collection iteration 16.
I1015 21:37:33.095579 47355966916416 run_miniworld.py:250] Evaluation iteration 16.
I1015 21:37:42.426466 47355966916416 run_miniworld.py:267] iteration:  16
 frame: 400000
 eval_episode_return:  0.00
 train_episode_return:  0.04
 train_exploration_epsilon: 0.325
 train_frame_rate:  167
I1015 21:37:45.914004 47355966916416 run_miniworld.py:243] Data collection iteration 17.
I1015 21:40:17.301624 47355966916416 run_miniworld.py:250] Evaluation iteration 17.
I1015 21:40:26.848783 47355966916416 run_miniworld.py:267] iteration:  17
 frame: 425000
 eval_episode_return:  0.00
 train_episode_return:  0.08
 train_exploration_epsilon: 0.280
 train_frame_rate:  165
I1015 21:40:30.175273 47355966916416 run_miniworld.py:243] Data collection iteration 18.
I1015 21:43:00.433125 47355966916416 run_miniworld.py:250] Evaluation iteration 18.
I1015 21:43:10.062342 47355966916416 run_miniworld.py:267] iteration:  18
 frame: 450000
 eval_episode_return:  0.00
 train_episode_return:  0.15
 train_exploration_epsilon: 0.235
 train_frame_rate:  166
I1015 21:43:12.854882 47355966916416 run_miniworld.py:243] Data collection iteration 19.
I1015 21:45:37.289753 47355966916416 run_miniworld.py:250] Evaluation iteration 19.
I1015 21:45:46.937660 47355966916416 run_miniworld.py:267] iteration:  19
 frame: 475000
 eval_episode_return:  0.00
 train_episode_return:  0.12
 train_exploration_epsilon: 0.190
 train_frame_rate:  173
I1015 21:45:50.685852 47355966916416 run_miniworld.py:243] Data collection iteration 20.
I1015 21:48:16.158518 47355966916416 run_miniworld.py:250] Evaluation iteration 20.
I1015 21:48:25.799013 47355966916416 run_miniworld.py:267] iteration:  20
 frame: 500000
 eval_episode_return:  0.00
 train_episode_return:  0.04
 train_exploration_epsilon: 0.145
 train_frame_rate:  172
I1015 21:48:28.759898 47355966916416 run_miniworld.py:243] Data collection iteration 21.
I1015 21:50:55.852388 47355966916416 run_miniworld.py:250] Evaluation iteration 21.
I1015 21:51:05.211398 47355966916416 run_miniworld.py:267] iteration:  21
 frame: 525000
 eval_episode_return:  0.00
 train_episode_return:  0.08
 train_exploration_epsilon: 0.100
 train_frame_rate:  170
I1015 21:51:07.928472 47355966916416 run_miniworld.py:243] Data collection iteration 22.
I1015 21:53:34.896014 47355966916416 run_miniworld.py:250] Evaluation iteration 22.
I1015 21:53:44.349977 47355966916416 run_miniworld.py:267] iteration:  22
 frame: 550000
 eval_episode_return:  0.00
 train_episode_return:  0.12
 train_exploration_epsilon: 0.100
 train_frame_rate:  170
I1015 21:53:47.732364 47355966916416 run_miniworld.py:243] Data collection iteration 23.
I1015 21:56:15.474508 47355966916416 run_miniworld.py:250] Evaluation iteration 23.
I1015 21:56:24.915306 47355966916416 run_miniworld.py:267] iteration:  23
 frame: 575000
 eval_episode_return:  0.00
 train_episode_return:  0.00
 train_exploration_epsilon: 0.100
 train_frame_rate:  169
I1015 21:56:27.651898 47355966916416 run_miniworld.py:243] Data collection iteration 24.
I1015 21:58:55.674918 47355966916416 run_miniworld.py:250] Evaluation iteration 24.
I1015 21:59:05.109741 47355966916416 run_miniworld.py:267] iteration:  24
 frame: 600000
 eval_episode_return:  0.00
 train_episode_return:  0.26
 train_exploration_epsilon: 0.100
 train_frame_rate:  169
I1015 21:59:08.826647 47355966916416 run_miniworld.py:243] Data collection iteration 25.
I1015 22:01:37.728335 47355966916416 run_miniworld.py:250] Evaluation iteration 25.
I1015 22:01:47.044539 47355966916416 run_miniworld.py:267] iteration:  25
 frame: 625000
 eval_episode_return:  0.00
 train_episode_return:  0.26
 train_exploration_epsilon: 0.100
 train_frame_rate:  168
I1015 22:01:49.818963 47355966916416 run_miniworld.py:243] Data collection iteration 26.
I1015 22:04:18.200966 47355966916416 run_miniworld.py:250] Evaluation iteration 26.
I1015 22:04:27.815360 47355966916416 run_miniworld.py:267] iteration:  26
 frame: 650000
 eval_episode_return:  0.00
 train_episode_return:  0.26
 train_exploration_epsilon: 0.100
 train_frame_rate:  168
I1015 22:04:31.441115 47355966916416 run_miniworld.py:243] Data collection iteration 27.
I1015 22:07:01.195651 47355966916416 run_miniworld.py:250] Evaluation iteration 27.
I1015 22:07:10.829265 47355966916416 run_miniworld.py:267] iteration:  27
 frame: 675000
 eval_episode_return:  0.00
 train_episode_return:  0.15
 train_exploration_epsilon: 0.100
 train_frame_rate:  167
I1015 22:07:13.551794 47355966916416 run_miniworld.py:243] Data collection iteration 28.
I1015 22:09:43.141389 47355966916416 run_miniworld.py:250] Evaluation iteration 28.
I1015 22:09:52.586222 47355966916416 run_miniworld.py:267] iteration:  28
 frame: 700000
 eval_episode_return:  0.00
 train_episode_return:  0.15
 train_exploration_epsilon: 0.100
 train_frame_rate:  167
I1015 22:09:56.226370 47355966916416 run_miniworld.py:243] Data collection iteration 29.
I1015 22:12:26.390585 47355966916416 run_miniworld.py:250] Evaluation iteration 29.
I1015 22:12:36.170147 47355966916416 run_miniworld.py:267] iteration:  29
 frame: 725000
 eval_episode_return:  0.00
 train_episode_return:  0.26
 train_exploration_epsilon: 0.100
 train_frame_rate:  166
I1015 22:12:39.030731 47355966916416 run_miniworld.py:243] Data collection iteration 30.
I1015 22:15:10.329935 47355966916416 run_miniworld.py:250] Evaluation iteration 30.
I1015 22:15:19.723500 47355966916416 run_miniworld.py:267] iteration:  30
 frame: 750000
 eval_episode_return:  0.00
 train_episode_return:  0.00
 train_exploration_epsilon: 0.100
 train_frame_rate:  165
I1015 22:15:23.244016 47355966916416 run_miniworld.py:243] Data collection iteration 31.
I1015 22:17:54.239632 47355966916416 run_miniworld.py:250] Evaluation iteration 31.
I1015 22:18:03.673645 47355966916416 run_miniworld.py:267] iteration:  31
 frame: 775000
 eval_episode_return:  0.00
 train_episode_return:  0.00
 train_exploration_epsilon: 0.100
 train_frame_rate:  166
I1015 22:18:06.440802 47355966916416 run_miniworld.py:243] Data collection iteration 32.
