I1015 20:55:48.635010 47062943655744 xla_bridge.py:355] Unable to initialize backend 'tpu_driver': NOT_FOUND: Unable to find driver in registry given worker: 
I1015 20:55:48.768566 47062943655744 xla_bridge.py:355] Unable to initialize backend 'rocm': NOT_FOUND: Could not find registered platform with name: "rocm". Available platform names are: Host CUDA Interpreter
I1015 20:55:48.769043 47062943655744 xla_bridge.py:355] Unable to initialize backend 'tpu': module 'jaxlib.xla_extension' has no attribute 'get_tpu_client'
I1015 20:55:48.769182 47062943655744 xla_bridge.py:355] Unable to initialize backend 'plugin': xla_extension has no attributes named get_plugin_device_client. Compile TensorFlow with //tensorflow/compiler/xla/python:enable_plugin_device set to true (defaults to false) to enable this.
I1015 20:55:48.769297 47062943655744 run_miniworld.py:102] Collecting data on MiniWorld on gpu.
I1015 20:55:54.315593 47062943655744 run_miniworld.py:138] Observation shape: (60, 80, 3)
I1015 20:56:03.177210 47062943655744 run_miniworld.py:243] Data collection iteration 0.
I1015 20:56:39.905351 47062943655744 run_miniworld.py:250] Evaluation iteration 0.
/home/mklissa/DCEO/lib/python3.8/site-packages/distrax/_src/distributions/categorical.py:96: UserWarning: Explicitly requested dtype <class 'jax.numpy.int64'> requested in astype is not available, and will be truncated to dtype int32. To enable more dtypes, set the jax_enable_x64 configuration option or the JAX_ENABLE_X64 shell environment variable. See https://github.com/google/jax#current-gotchas for more.
  return draws.astype(self._dtype)
I1015 20:56:49.959000 47062943655744 run_miniworld.py:267] iteration:   0
 frame:     0
 eval_episode_return:  0.00
 train_episode_return:  0.04
 train_exploration_epsilon: 1.000
 train_frame_rate:  681
I1015 20:56:54.190662 47062943655744 run_miniworld.py:243] Data collection iteration 1.
I1015 20:57:31.206668 47062943655744 run_miniworld.py:250] Evaluation iteration 1.
I1015 20:57:40.850828 47062943655744 run_miniworld.py:267] iteration:   1
 frame: 25000
 eval_episode_return:  0.00
 train_episode_return:  0.00
 train_exploration_epsilon: 1.000
 train_frame_rate:  675
I1015 20:57:43.858230 47062943655744 run_miniworld.py:243] Data collection iteration 2.
I1015 20:57:44.339978 47062943655744 dceo_agent.py:328] Begin learning
I1015 21:00:07.126472 47062943655744 run_miniworld.py:250] Evaluation iteration 2.
I1015 21:00:16.681142 47062943655744 run_miniworld.py:267] iteration:   2
 frame: 50000
 eval_episode_return:  0.00
 train_episode_return:  0.00
 train_exploration_epsilon: 0.955
 train_frame_rate:  174
I1015 21:00:19.582173 47062943655744 run_miniworld.py:243] Data collection iteration 3.
I1015 21:02:40.609968 47062943655744 run_miniworld.py:250] Evaluation iteration 3.
I1015 21:02:50.115432 47062943655744 run_miniworld.py:267] iteration:   3
 frame: 75000
 eval_episode_return:  0.00
 train_episode_return:  0.00
 train_exploration_epsilon: 0.910
 train_frame_rate:  177
I1015 21:02:53.231404 47062943655744 run_miniworld.py:243] Data collection iteration 4.
I1015 21:05:14.809237 47062943655744 run_miniworld.py:250] Evaluation iteration 4.
I1015 21:05:24.065007 47062943655744 run_miniworld.py:267] iteration:   4
 frame: 100000
 eval_episode_return:  0.00
 train_episode_return:  0.00
 train_exploration_epsilon: 0.865
 train_frame_rate:  177
I1015 21:05:27.330387 47062943655744 run_miniworld.py:243] Data collection iteration 5.
I1015 21:07:49.004321 47062943655744 run_miniworld.py:250] Evaluation iteration 5.
I1015 21:07:58.680686 47062943655744 run_miniworld.py:267] iteration:   5
 frame: 125000
 eval_episode_return:  0.00
 train_episode_return:  0.00
 train_exploration_epsilon: 0.820
 train_frame_rate:  176
I1015 21:08:01.590053 47062943655744 run_miniworld.py:243] Data collection iteration 6.
I1015 21:10:22.592206 47062943655744 run_miniworld.py:250] Evaluation iteration 6.
I1015 21:10:32.114218 47062943655744 run_miniworld.py:267] iteration:   6
 frame: 150000
 eval_episode_return:  0.00
 train_episode_return:  0.00
 train_exploration_epsilon: 0.775
 train_frame_rate:  177
I1015 21:10:34.950131 47062943655744 run_miniworld.py:243] Data collection iteration 7.
I1015 21:12:57.575287 47062943655744 run_miniworld.py:250] Evaluation iteration 7.
I1015 21:13:07.148236 47062943655744 run_miniworld.py:267] iteration:   7
 frame: 175000
 eval_episode_return:  0.00
 train_episode_return:  0.00
 train_exploration_epsilon: 0.730
 train_frame_rate:  175
I1015 21:13:09.852578 47062943655744 run_miniworld.py:243] Data collection iteration 8.
I1015 21:15:31.557966 47062943655744 run_miniworld.py:250] Evaluation iteration 8.
I1015 21:15:41.012935 47062943655744 run_miniworld.py:267] iteration:   8
 frame: 200000
 eval_episode_return:  0.00
 train_episode_return:  0.00
 train_exploration_epsilon: 0.685
 train_frame_rate:  176
I1015 21:15:44.288036 47062943655744 run_miniworld.py:243] Data collection iteration 9.
I1015 21:18:07.165120 47062943655744 run_miniworld.py:250] Evaluation iteration 9.
I1015 21:18:16.902084 47062943655744 run_miniworld.py:267] iteration:   9
 frame: 225000
 eval_episode_return:  0.00
 train_episode_return:  0.00
 train_exploration_epsilon: 0.640
 train_frame_rate:  175
I1015 21:18:20.519295 47062943655744 run_miniworld.py:243] Data collection iteration 10.
I1015 21:20:44.318626 47062943655744 run_miniworld.py:250] Evaluation iteration 10.
I1015 21:20:53.896314 47062943655744 run_miniworld.py:267] iteration:  10
 frame: 250000
 eval_episode_return:  0.00
 train_episode_return:  0.08
 train_exploration_epsilon: 0.595
 train_frame_rate:  174
I1015 21:20:57.228290 47062943655744 run_miniworld.py:243] Data collection iteration 11.
I1015 21:23:23.601574 47062943655744 run_miniworld.py:250] Evaluation iteration 11.
I1015 21:23:33.116900 47062943655744 run_miniworld.py:267] iteration:  11
 frame: 275000
 eval_episode_return:  0.00
 train_episode_return:  0.00
 train_exploration_epsilon: 0.550
 train_frame_rate:  171
I1015 21:23:36.041670 47062943655744 run_miniworld.py:243] Data collection iteration 12.
I1015 21:26:02.604696 47062943655744 run_miniworld.py:250] Evaluation iteration 12.
I1015 21:26:12.053707 47062943655744 run_miniworld.py:267] iteration:  12
 frame: 300000
 eval_episode_return:  0.00
 train_episode_return:  0.00
 train_exploration_epsilon: 0.505
 train_frame_rate:  171
I1015 21:26:15.655485 47062943655744 run_miniworld.py:243] Data collection iteration 13.
I1015 21:28:42.928628 47062943655744 run_miniworld.py:250] Evaluation iteration 13.
I1015 21:28:52.710791 47062943655744 run_miniworld.py:267] iteration:  13
 frame: 325000
 eval_episode_return:  0.00
 train_episode_return:  0.00
 train_exploration_epsilon: 0.460
 train_frame_rate:  170
I1015 21:28:56.293127 47062943655744 run_miniworld.py:243] Data collection iteration 14.
I1015 21:31:23.724226 47062943655744 run_miniworld.py:250] Evaluation iteration 14.
I1015 21:31:33.201427 47062943655744 run_miniworld.py:267] iteration:  14
 frame: 350000
 eval_episode_return:  0.00
 train_episode_return:  0.00
 train_exploration_epsilon: 0.415
 train_frame_rate:  170
I1015 21:31:35.973890 47062943655744 run_miniworld.py:243] Data collection iteration 15.
I1015 21:34:04.082467 47062943655744 run_miniworld.py:250] Evaluation iteration 15.
I1015 21:34:13.712763 47062943655744 run_miniworld.py:267] iteration:  15
 frame: 375000
 eval_episode_return:  0.00
 train_episode_return:  0.00
 train_exploration_epsilon: 0.370
 train_frame_rate:  169
I1015 21:34:16.635884 47062943655744 run_miniworld.py:243] Data collection iteration 16.
I1015 21:36:43.545236 47062943655744 run_miniworld.py:250] Evaluation iteration 16.
I1015 21:36:53.053475 47062943655744 run_miniworld.py:267] iteration:  16
 frame: 400000
 eval_episode_return:  0.00
 train_episode_return:  0.00
 train_exploration_epsilon: 0.325
 train_frame_rate:  170
I1015 21:36:56.536420 47062943655744 run_miniworld.py:243] Data collection iteration 17.
I1015 21:39:25.982646 47062943655744 run_miniworld.py:250] Evaluation iteration 17.
I1015 21:39:35.565848 47062943655744 run_miniworld.py:267] iteration:  17
 frame: 425000
 eval_episode_return:  0.00
 train_episode_return:  0.00
 train_exploration_epsilon: 0.280
 train_frame_rate:  167
I1015 21:39:38.893640 47062943655744 run_miniworld.py:243] Data collection iteration 18.
I1015 21:42:08.057707 47062943655744 run_miniworld.py:250] Evaluation iteration 18.
I1015 21:42:17.746452 47062943655744 run_miniworld.py:267] iteration:  18
 frame: 450000
 eval_episode_return:  0.00
 train_episode_return:  0.00
 train_exploration_epsilon: 0.235
 train_frame_rate:  168
I1015 21:42:20.948529 47062943655744 run_miniworld.py:243] Data collection iteration 19.
I1015 21:44:50.734183 47062943655744 run_miniworld.py:250] Evaluation iteration 19.
I1015 21:45:00.493280 47062943655744 run_miniworld.py:267] iteration:  19
 frame: 475000
 eval_episode_return:  0.00
 train_episode_return:  0.00
 train_exploration_epsilon: 0.190
 train_frame_rate:  167
I1015 21:45:04.029392 47062943655744 run_miniworld.py:243] Data collection iteration 20.
I1015 21:47:33.489277 47062943655744 run_miniworld.py:250] Evaluation iteration 20.
I1015 21:47:43.328781 47062943655744 run_miniworld.py:267] iteration:  20
 frame: 500000
 eval_episode_return:  0.00
 train_episode_return:  0.00
 train_exploration_epsilon: 0.145
 train_frame_rate:  167
I1015 21:47:46.358100 47062943655744 run_miniworld.py:243] Data collection iteration 21.
I1015 21:50:16.806092 47062943655744 run_miniworld.py:250] Evaluation iteration 21.
I1015 21:50:26.291173 47062943655744 run_miniworld.py:267] iteration:  21
 frame: 525000
 eval_episode_return:  0.00
 train_episode_return:  0.00
 train_exploration_epsilon: 0.100
 train_frame_rate:  166
I1015 21:50:29.040774 47062943655744 run_miniworld.py:243] Data collection iteration 22.
I1015 21:52:59.164561 47062943655744 run_miniworld.py:250] Evaluation iteration 22.
I1015 21:53:08.739407 47062943655744 run_miniworld.py:267] iteration:  22
 frame: 550000
 eval_episode_return:  0.00
 train_episode_return:  0.00
 train_exploration_epsilon: 0.100
 train_frame_rate:  167
I1015 21:53:12.493380 47062943655744 run_miniworld.py:243] Data collection iteration 23.
I1015 21:55:43.833553 47062943655744 run_miniworld.py:250] Evaluation iteration 23.
I1015 21:55:53.350318 47062943655744 run_miniworld.py:267] iteration:  23
 frame: 575000
 eval_episode_return:  0.00
 train_episode_return:  0.00
 train_exploration_epsilon: 0.100
 train_frame_rate:  165
I1015 21:55:56.306253 47062943655744 run_miniworld.py:243] Data collection iteration 24.
I1015 21:58:27.221474 47062943655744 run_miniworld.py:250] Evaluation iteration 24.
I1015 21:58:36.867399 47062943655744 run_miniworld.py:267] iteration:  24
 frame: 600000
 eval_episode_return:  0.00
 train_episode_return:  0.00
 train_exploration_epsilon: 0.100
 train_frame_rate:  166
I1015 21:58:40.576351 47062943655744 run_miniworld.py:243] Data collection iteration 25.
I1015 22:01:12.825246 47062943655744 run_miniworld.py:250] Evaluation iteration 25.
I1015 22:01:22.287812 47062943655744 run_miniworld.py:267] iteration:  25
 frame: 625000
 eval_episode_return:  0.00
 train_episode_return:  0.00
 train_exploration_epsilon: 0.100
 train_frame_rate:  164
I1015 22:01:25.331481 47062943655744 run_miniworld.py:243] Data collection iteration 26.
I1015 22:03:57.038189 47062943655744 run_miniworld.py:250] Evaluation iteration 26.
I1015 22:04:06.714900 47062943655744 run_miniworld.py:267] iteration:  26
 frame: 650000
 eval_episode_return:  0.00
 train_episode_return:  0.00
 train_exploration_epsilon: 0.100
 train_frame_rate:  165
I1015 22:04:10.508898 47062943655744 run_miniworld.py:243] Data collection iteration 27.
I1015 22:06:42.361749 47062943655744 run_miniworld.py:250] Evaluation iteration 27.
I1015 22:06:52.001657 47062943655744 run_miniworld.py:267] iteration:  27
 frame: 675000
 eval_episode_return:  0.00
 train_episode_return:  0.00
 train_exploration_epsilon: 0.100
 train_frame_rate:  165
I1015 22:06:54.844039 47062943655744 run_miniworld.py:243] Data collection iteration 28.
I1015 22:09:28.131402 47062943655744 run_miniworld.py:250] Evaluation iteration 28.
I1015 22:09:37.630661 47062943655744 run_miniworld.py:267] iteration:  28
 frame: 700000
 eval_episode_return:  0.00
 train_episode_return:  0.00
 train_exploration_epsilon: 0.100
 train_frame_rate:  163
I1015 22:09:41.562876 47062943655744 run_miniworld.py:243] Data collection iteration 29.
I1015 22:12:13.833562 47062943655744 run_miniworld.py:250] Evaluation iteration 29.
I1015 22:12:23.459748 47062943655744 run_miniworld.py:267] iteration:  29
 frame: 725000
 eval_episode_return:  0.00
 train_episode_return:  0.00
 train_exploration_epsilon: 0.100
 train_frame_rate:  164
I1015 22:12:26.432572 47062943655744 run_miniworld.py:243] Data collection iteration 30.
I1015 22:14:58.148982 47062943655744 run_miniworld.py:250] Evaluation iteration 30.
I1015 22:15:07.905919 47062943655744 run_miniworld.py:267] iteration:  30
 frame: 750000
 eval_episode_return:  0.00
 train_episode_return:  0.00
 train_exploration_epsilon: 0.100
 train_frame_rate:  165
I1015 22:15:11.606843 47062943655744 run_miniworld.py:243] Data collection iteration 31.
I1015 22:17:44.551503 47062943655744 run_miniworld.py:250] Evaluation iteration 31.
I1015 22:17:54.119484 47062943655744 run_miniworld.py:267] iteration:  31
 frame: 775000
 eval_episode_return:  0.00
 train_episode_return:  0.00
 train_exploration_epsilon: 0.100
 train_frame_rate:  163
I1015 22:17:57.573801 47062943655744 run_miniworld.py:243] Data collection iteration 32.
I1015 22:20:29.959470 47062943655744 run_miniworld.py:250] Evaluation iteration 32.
I1015 22:20:39.355808 47062943655744 run_miniworld.py:267] iteration:  32
 frame: 800000
 eval_episode_return:  0.00
 train_episode_return:  0.00
 train_exploration_epsilon: 0.100
 train_frame_rate:  164
I1015 22:20:43.691430 47062943655744 run_miniworld.py:243] Data collection iteration 33.
I1015 22:23:16.039136 47062943655744 run_miniworld.py:250] Evaluation iteration 33.
I1015 22:23:25.531510 47062943655744 run_miniworld.py:267] iteration:  33
 frame: 825000
 eval_episode_return:  0.00
 train_episode_return:  0.00
 train_exploration_epsilon: 0.100
 train_frame_rate:  164
I1015 22:23:28.475991 47062943655744 run_miniworld.py:243] Data collection iteration 34.
I1015 22:25:59.661702 47062943655744 run_miniworld.py:250] Evaluation iteration 34.
I1015 22:26:09.073834 47062943655744 run_miniworld.py:267] iteration:  34
 frame: 850000
 eval_episode_return:  0.00
 train_episode_return:  0.00
 train_exploration_epsilon: 0.100
 train_frame_rate:  165
I1015 22:26:12.869674 47062943655744 run_miniworld.py:243] Data collection iteration 35.
I1015 22:28:45.873763 47062943655744 run_miniworld.py:250] Evaluation iteration 35.
I1015 22:28:55.620498 47062943655744 run_miniworld.py:267] iteration:  35
 frame: 875000
 eval_episode_return:  0.00
 train_episode_return:  0.00
 train_exploration_epsilon: 0.100
 train_frame_rate:  163
I1015 22:28:58.539124 47062943655744 run_miniworld.py:243] Data collection iteration 36.
I1015 22:31:30.139808 47062943655744 run_miniworld.py:250] Evaluation iteration 36.
I1015 22:31:39.501287 47062943655744 run_miniworld.py:267] iteration:  36
 frame: 900000
 eval_episode_return:  0.00
 train_episode_return:  0.00
 train_exploration_epsilon: 0.100
 train_frame_rate:  165
I1015 22:31:43.188183 47062943655744 run_miniworld.py:243] Data collection iteration 37.
I1015 22:34:15.808179 47062943655744 run_miniworld.py:250] Evaluation iteration 37.
I1015 22:34:25.520670 47062943655744 run_miniworld.py:267] iteration:  37
 frame: 925000
 eval_episode_return:  0.00
 train_episode_return:  0.00
 train_exploration_epsilon: 0.100
 train_frame_rate:  164
I1015 22:34:28.646847 47062943655744 run_miniworld.py:243] Data collection iteration 38.
I1015 22:37:00.271282 47062943655744 run_miniworld.py:250] Evaluation iteration 38.
I1015 22:37:09.756421 47062943655744 run_miniworld.py:267] iteration:  38
 frame: 950000
 eval_episode_return:  0.00
 train_episode_return:  0.00
 train_exploration_epsilon: 0.100
 train_frame_rate:  165
I1015 22:37:12.606337 47062943655744 run_miniworld.py:243] Data collection iteration 39.
I1015 22:39:45.469189 47062943655744 run_miniworld.py:250] Evaluation iteration 39.
I1015 22:39:55.223658 47062943655744 run_miniworld.py:267] iteration:  39
 frame: 975000
 eval_episode_return:  0.00
 train_episode_return:  0.00
 train_exploration_epsilon: 0.100
 train_frame_rate:  164
I1015 22:39:59.189209 47062943655744 run_miniworld.py:243] Data collection iteration 40.
I1015 22:42:30.844002 47062943655744 run_miniworld.py:250] Evaluation iteration 40.
I1015 22:42:40.483754 47062943655744 run_miniworld.py:267] iteration:  40
 frame: 1000000
 eval_episode_return:  0.00
 train_episode_return:  0.00
 train_exploration_epsilon: 0.100
 train_frame_rate:  165
I1015 22:42:43.384725 47062943655744 run_miniworld.py:243] Data collection iteration 41.
I1015 22:45:15.567506 47062943655744 run_miniworld.py:250] Evaluation iteration 41.
I1015 22:45:25.261652 47062943655744 run_miniworld.py:267] iteration:  41
 frame: 1025000
 eval_episode_return:  0.00
 train_episode_return:  0.00
 train_exploration_epsilon: 0.100
 train_frame_rate:  164
I1015 22:45:28.939210 47062943655744 run_miniworld.py:243] Data collection iteration 42.
I1015 22:48:00.594768 47062943655744 run_miniworld.py:250] Evaluation iteration 42.
I1015 22:48:10.175925 47062943655744 run_miniworld.py:267] iteration:  42
 frame: 1050000
 eval_episode_return:  0.00
 train_episode_return:  0.00
 train_exploration_epsilon: 0.100
 train_frame_rate:  165
I1015 22:48:12.958461 47062943655744 run_miniworld.py:243] Data collection iteration 43.
I1015 22:50:44.027048 47062943655744 run_miniworld.py:250] Evaluation iteration 43.
I1015 22:50:53.780885 47062943655744 run_miniworld.py:267] iteration:  43
 frame: 1075000
 eval_episode_return:  0.00
 train_episode_return:  0.00
 train_exploration_epsilon: 0.100
 train_frame_rate:  165
I1015 22:50:56.719721 47062943655744 run_miniworld.py:243] Data collection iteration 44.
I1015 22:53:28.232526 47062943655744 run_miniworld.py:250] Evaluation iteration 44.
I1015 22:53:37.832626 47062943655744 run_miniworld.py:267] iteration:  44
 frame: 1100000
 eval_episode_return:  0.00
 train_episode_return:  0.00
 train_exploration_epsilon: 0.100
 train_frame_rate:  165
I1015 22:53:40.592457 47062943655744 run_miniworld.py:243] Data collection iteration 45.
I1015 22:56:10.257174 47062943655744 run_miniworld.py:250] Evaluation iteration 45.
I1015 22:56:19.761723 47062943655744 run_miniworld.py:267] iteration:  45
 frame: 1125000
 eval_episode_return:  0.00
 train_episode_return:  0.00
 train_exploration_epsilon: 0.100
 train_frame_rate:  167
I1015 22:56:22.516414 47062943655744 run_miniworld.py:243] Data collection iteration 46.
I1015 22:58:52.369890 47062943655744 run_miniworld.py:250] Evaluation iteration 46.
I1015 22:59:02.058778 47062943655744 run_miniworld.py:267] iteration:  46
 frame: 1150000
 eval_episode_return:  0.00
 train_episode_return:  0.00
 train_exploration_epsilon: 0.100
 train_frame_rate:  167
I1015 22:59:06.881862 47062943655744 run_miniworld.py:243] Data collection iteration 47.
I1015 23:01:35.797174 47062943655744 run_miniworld.py:250] Evaluation iteration 47.
I1015 23:01:45.290286 47062943655744 run_miniworld.py:267] iteration:  47
 frame: 1175000
 eval_episode_return:  0.00
 train_episode_return:  0.00
 train_exploration_epsilon: 0.100
 train_frame_rate:  168
I1015 23:01:48.783411 47062943655744 run_miniworld.py:243] Data collection iteration 48.
I1015 23:04:18.966687 47062943655744 run_miniworld.py:250] Evaluation iteration 48.
I1015 23:04:28.556183 47062943655744 run_miniworld.py:267] iteration:  48
 frame: 1200000
 eval_episode_return:  0.00
 train_episode_return:  0.00
 train_exploration_epsilon: 0.100
 train_frame_rate:  166
I1015 23:04:32.278907 47062943655744 run_miniworld.py:243] Data collection iteration 49.
I1015 23:07:03.269398 47062943655744 run_miniworld.py:250] Evaluation iteration 49.
I1015 23:07:12.900418 47062943655744 run_miniworld.py:267] iteration:  49
 frame: 1225000
 eval_episode_return:  0.00
 train_episode_return:  0.00
 train_exploration_epsilon: 0.100
 train_frame_rate:  166
I1015 23:07:15.779361 47062943655744 run_miniworld.py:243] Data collection iteration 50.
I1015 23:09:46.980382 47062943655744 run_miniworld.py:250] Evaluation iteration 50.
I1015 23:09:56.617811 47062943655744 run_miniworld.py:267] iteration:  50
 frame: 1250000
 eval_episode_return:  0.00
 train_episode_return:  0.00
 train_exploration_epsilon: 0.100
 train_frame_rate:  165
I1015 23:09:59.666144 47062943655744 run_miniworld.py:243] Data collection iteration 51.
I1015 23:12:30.134600 47062943655744 run_miniworld.py:250] Evaluation iteration 51.
I1015 23:12:39.749609 47062943655744 run_miniworld.py:267] iteration:  51
 frame: 1275000
 eval_episode_return:  0.00
 train_episode_return:  0.00
 train_exploration_epsilon: 0.100
 train_frame_rate:  166
I1015 23:12:43.503215 47062943655744 run_miniworld.py:243] Data collection iteration 52.
I1015 23:15:15.069293 47062943655744 run_miniworld.py:250] Evaluation iteration 52.
I1015 23:15:24.738646 47062943655744 run_miniworld.py:267] iteration:  52
 frame: 1300000
 eval_episode_return:  0.00
 train_episode_return:  0.00
 train_exploration_epsilon: 0.100
 train_frame_rate:  165
I1015 23:15:27.801054 47062943655744 run_miniworld.py:243] Data collection iteration 53.
I1015 23:17:59.012830 47062943655744 run_miniworld.py:250] Evaluation iteration 53.
I1015 23:18:08.444570 47062943655744 run_miniworld.py:267] iteration:  53
 frame: 1325000
 eval_episode_return:  0.00
 train_episode_return:  0.00
 train_exploration_epsilon: 0.100
 train_frame_rate:  165
I1015 23:18:12.199420 47062943655744 run_miniworld.py:243] Data collection iteration 54.
I1015 23:20:43.755400 47062943655744 run_miniworld.py:250] Evaluation iteration 54.
I1015 23:20:53.294166 47062943655744 run_miniworld.py:267] iteration:  54
 frame: 1350000
 eval_episode_return:  0.00
 train_episode_return:  0.00
 train_exploration_epsilon: 0.100
 train_frame_rate:  165
I1015 23:20:56.059682 47062943655744 run_miniworld.py:243] Data collection iteration 55.
I1015 23:23:27.634095 47062943655744 run_miniworld.py:250] Evaluation iteration 55.
I1015 23:23:37.388003 47062943655744 run_miniworld.py:267] iteration:  55
 frame: 1375000
 eval_episode_return:  0.00
 train_episode_return:  0.00
 train_exploration_epsilon: 0.100
 train_frame_rate:  165
I1015 23:23:40.257029 47062943655744 run_miniworld.py:243] Data collection iteration 56.
I1015 23:26:11.858911 47062943655744 run_miniworld.py:250] Evaluation iteration 56.
I1015 23:26:21.403927 47062943655744 run_miniworld.py:267] iteration:  56
 frame: 1400000
 eval_episode_return:  0.00
 train_episode_return:  0.00
 train_exploration_epsilon: 0.100
 train_frame_rate:  165
I1015 23:26:25.199591 47062943655744 run_miniworld.py:243] Data collection iteration 57.
I1015 23:28:57.293612 47062943655744 run_miniworld.py:250] Evaluation iteration 57.
I1015 23:29:06.916236 47062943655744 run_miniworld.py:267] iteration:  57
 frame: 1425000
 eval_episode_return:  0.00
 train_episode_return:  0.00
 train_exploration_epsilon: 0.100
 train_frame_rate:  164
I1015 23:29:09.804356 47062943655744 run_miniworld.py:243] Data collection iteration 58.
I1015 23:31:42.235460 47062943655744 run_miniworld.py:250] Evaluation iteration 58.
I1015 23:31:51.935717 47062943655744 run_miniworld.py:267] iteration:  58
 frame: 1450000
 eval_episode_return:  0.00
 train_episode_return:  0.00
 train_exploration_epsilon: 0.100
 train_frame_rate:  164
I1015 23:31:55.824325 47062943655744 run_miniworld.py:243] Data collection iteration 59.
I1015 23:34:31.197785 47062943655744 run_miniworld.py:250] Evaluation iteration 59.
I1015 23:34:40.988190 47062943655744 run_miniworld.py:267] iteration:  59
 frame: 1475000
 eval_episode_return:  0.00
 train_episode_return:  0.00
 train_exploration_epsilon: 0.100
 train_frame_rate:  161
I1015 23:34:43.883911 47062943655744 run_miniworld.py:243] Data collection iteration 60.
I1015 23:37:16.030859 47062943655744 run_miniworld.py:250] Evaluation iteration 60.
I1015 23:37:25.708443 47062943655744 run_miniworld.py:267] iteration:  60
 frame: 1500000
 eval_episode_return:  0.00
 train_episode_return:  0.00
 train_exploration_epsilon: 0.100
 train_frame_rate:  164
I1015 23:37:28.811594 47062943655744 run_miniworld.py:243] Data collection iteration 61.
I1015 23:40:00.563666 47062943655744 run_miniworld.py:250] Evaluation iteration 61.
I1015 23:40:10.336276 47062943655744 run_miniworld.py:267] iteration:  61
 frame: 1525000
 eval_episode_return:  0.00
 train_episode_return:  0.00
 train_exploration_epsilon: 0.100
 train_frame_rate:  165
I1015 23:40:14.162620 47062943655744 run_miniworld.py:243] Data collection iteration 62.
I1015 23:42:46.308155 47062943655744 run_miniworld.py:250] Evaluation iteration 62.
I1015 23:42:55.845453 47062943655744 run_miniworld.py:267] iteration:  62
 frame: 1550000
 eval_episode_return:  0.00
 train_episode_return:  0.00
 train_exploration_epsilon: 0.100
 train_frame_rate:  164
I1015 23:42:58.805995 47062943655744 run_miniworld.py:243] Data collection iteration 63.
I1015 23:45:31.418592 47062943655744 run_miniworld.py:250] Evaluation iteration 63.
I1015 23:45:41.105146 47062943655744 run_miniworld.py:267] iteration:  63
 frame: 1575000
 eval_episode_return:  0.00
 train_episode_return:  0.00
 train_exploration_epsilon: 0.100
 train_frame_rate:  164
I1015 23:45:44.897611 47062943655744 run_miniworld.py:243] Data collection iteration 64.
I1015 23:48:17.821695 47062943655744 run_miniworld.py:250] Evaluation iteration 64.
I1015 23:48:27.521298 47062943655744 run_miniworld.py:267] iteration:  64
 frame: 1600000
 eval_episode_return:  0.00
 train_episode_return:  0.00
 train_exploration_epsilon: 0.100
 train_frame_rate:  163
I1015 23:48:30.412147 47062943655744 run_miniworld.py:243] Data collection iteration 65.
I1015 23:51:03.706702 47062943655744 run_miniworld.py:250] Evaluation iteration 65.
I1015 23:51:13.305330 47062943655744 run_miniworld.py:267] iteration:  65
 frame: 1625000
 eval_episode_return:  0.00
 train_episode_return:  0.00
 train_exploration_epsilon: 0.100
 train_frame_rate:  163
I1015 23:51:16.296550 47062943655744 run_miniworld.py:243] Data collection iteration 66.
I1015 23:53:50.842099 47062943655744 run_miniworld.py:250] Evaluation iteration 66.
I1015 23:54:00.441558 47062943655744 run_miniworld.py:267] iteration:  66
 frame: 1650000
 eval_episode_return:  0.00
 train_episode_return:  0.00
 train_exploration_epsilon: 0.100
 train_frame_rate:  162
I1015 23:54:03.262916 47062943655744 run_miniworld.py:243] Data collection iteration 67.
I1015 23:56:36.856946 47062943655744 run_miniworld.py:250] Evaluation iteration 67.
I1015 23:56:46.578511 47062943655744 run_miniworld.py:267] iteration:  67
 frame: 1675000
 eval_episode_return:  0.00
 train_episode_return:  0.00
 train_exploration_epsilon: 0.100
 train_frame_rate:  163
I1015 23:56:49.426717 47062943655744 run_miniworld.py:243] Data collection iteration 68.
I1015 23:59:23.168951 47062943655744 run_miniworld.py:250] Evaluation iteration 68.
I1015 23:59:32.851084 47062943655744 run_miniworld.py:267] iteration:  68
 frame: 1700000
 eval_episode_return:  0.00
 train_episode_return:  0.00
 train_exploration_epsilon: 0.100
 train_frame_rate:  163
I1015 23:59:36.627239 47062943655744 run_miniworld.py:243] Data collection iteration 69.
I1016 00:02:10.320654 47062943655744 run_miniworld.py:250] Evaluation iteration 69.
I1016 00:02:20.102175 47062943655744 run_miniworld.py:267] iteration:  69
 frame: 1725000
 eval_episode_return:  0.00
 train_episode_return:  0.00
 train_exploration_epsilon: 0.100
 train_frame_rate:  163
I1016 00:02:22.900396 47062943655744 run_miniworld.py:243] Data collection iteration 70.
I1016 00:04:55.320464 47062943655744 run_miniworld.py:250] Evaluation iteration 70.
I1016 00:05:05.053124 47062943655744 run_miniworld.py:267] iteration:  70
 frame: 1750000
 eval_episode_return:  0.00
 train_episode_return:  0.00
 train_exploration_epsilon: 0.100
 train_frame_rate:  164
I1016 00:05:08.854051 47062943655744 run_miniworld.py:243] Data collection iteration 71.
I1016 00:07:42.426285 47062943655744 run_miniworld.py:250] Evaluation iteration 71.
I1016 00:07:52.217444 47062943655744 run_miniworld.py:267] iteration:  71
 frame: 1775000
 eval_episode_return:  0.00
 train_episode_return:  0.00
 train_exploration_epsilon: 0.100
 train_frame_rate:  163
I1016 00:07:54.991308 47062943655744 run_miniworld.py:243] Data collection iteration 72.
I1016 00:10:27.437105 47062943655744 run_miniworld.py:250] Evaluation iteration 72.
I1016 00:10:36.966197 47062943655744 run_miniworld.py:267] iteration:  72
 frame: 1800000
 eval_episode_return:  0.00
 train_episode_return:  0.00
 train_exploration_epsilon: 0.100
 train_frame_rate:  164
I1016 00:10:39.971006 47062943655744 run_miniworld.py:243] Data collection iteration 73.
I1016 00:13:14.897235 47062943655744 run_miniworld.py:250] Evaluation iteration 73.
I1016 00:13:24.754966 47062943655744 run_miniworld.py:267] iteration:  73
 frame: 1825000
 eval_episode_return:  0.00
 train_episode_return:  0.00
 train_exploration_epsilon: 0.100
 train_frame_rate:  161
I1016 00:13:28.892932 47062943655744 run_miniworld.py:243] Data collection iteration 74.
I1016 00:16:02.265992 47062943655744 run_miniworld.py:250] Evaluation iteration 74.
I1016 00:16:12.039774 47062943655744 run_miniworld.py:267] iteration:  74
 frame: 1850000
 eval_episode_return:  0.00
 train_episode_return:  0.00
 train_exploration_epsilon: 0.100
 train_frame_rate:  163
I1016 00:16:15.237246 47062943655744 run_miniworld.py:243] Data collection iteration 75.
I1016 00:18:47.761810 47062943655744 run_miniworld.py:250] Evaluation iteration 75.
I1016 00:18:57.369654 47062943655744 run_miniworld.py:267] iteration:  75
 frame: 1875000
 eval_episode_return:  0.00
 train_episode_return:  0.00
 train_exploration_epsilon: 0.100
 train_frame_rate:  164
I1016 00:19:01.350686 47062943655744 run_miniworld.py:243] Data collection iteration 76.
I1016 00:21:34.183856 47062943655744 run_miniworld.py:250] Evaluation iteration 76.
I1016 00:21:43.763006 47062943655744 run_miniworld.py:267] iteration:  76
 frame: 1900000
 eval_episode_return:  0.00
 train_episode_return:  0.00
 train_exploration_epsilon: 0.100
 train_frame_rate:  164
I1016 00:21:46.720353 47062943655744 run_miniworld.py:243] Data collection iteration 77.
I1016 00:24:18.007311 47062943655744 run_miniworld.py:250] Evaluation iteration 77.
I1016 00:24:27.788489 47062943655744 run_miniworld.py:267] iteration:  77
 frame: 1925000
 eval_episode_return:  0.00
 train_episode_return:  0.00
 train_exploration_epsilon: 0.100
 train_frame_rate:  165
I1016 00:24:30.694715 47062943655744 run_miniworld.py:243] Data collection iteration 78.
I1016 00:27:02.917058 47062943655744 run_miniworld.py:250] Evaluation iteration 78.
I1016 00:27:12.630014 47062943655744 run_miniworld.py:267] iteration:  78
 frame: 1950000
 eval_episode_return:  0.00
 train_episode_return:  0.00
 train_exploration_epsilon: 0.100
 train_frame_rate:  164
I1016 00:27:16.983889 47062943655744 run_miniworld.py:243] Data collection iteration 79.
I1016 00:29:50.821324 47062943655744 run_miniworld.py:250] Evaluation iteration 79.
I1016 00:30:00.642745 47062943655744 run_miniworld.py:267] iteration:  79
 frame: 1975000
 eval_episode_return:  0.00
 train_episode_return:  0.00
 train_exploration_epsilon: 0.100
 train_frame_rate:  163
I1016 00:30:03.737665 47062943655744 run_miniworld.py:243] Data collection iteration 80.
I1016 00:32:35.946453 47062943655744 run_miniworld.py:250] Evaluation iteration 80.
I1016 00:32:45.815507 47062943655744 run_miniworld.py:267] iteration:  80
 frame: 2000000
 eval_episode_return:  0.00
 train_episode_return:  0.00
 train_exploration_epsilon: 0.100
 train_frame_rate:  164
I1016 00:32:49.657020 47062943655744 run_miniworld.py:243] Data collection iteration 81.
I1016 00:35:22.974447 47062943655744 run_miniworld.py:250] Evaluation iteration 81.
I1016 00:35:32.540041 47062943655744 run_miniworld.py:267] iteration:  81
 frame: 2025000
 eval_episode_return:  0.00
 train_episode_return:  0.00
 train_exploration_epsilon: 0.100
 train_frame_rate:  163
I1016 00:35:35.469514 47062943655744 run_miniworld.py:243] Data collection iteration 82.
I1016 00:38:07.278208 47062943655744 run_miniworld.py:250] Evaluation iteration 82.
I1016 00:38:16.905403 47062943655744 run_miniworld.py:267] iteration:  82
 frame: 2050000
 eval_episode_return:  0.00
 train_episode_return:  0.00
 train_exploration_epsilon: 0.100
 train_frame_rate:  165
I1016 00:38:19.891458 47062943655744 run_miniworld.py:243] Data collection iteration 83.
I1016 00:40:51.546316 47062943655744 run_miniworld.py:250] Evaluation iteration 83.
I1016 00:41:01.002371 47062943655744 run_miniworld.py:267] iteration:  83
 frame: 2075000
 eval_episode_return:  0.00
 train_episode_return:  0.00
 train_exploration_epsilon: 0.100
 train_frame_rate:  165
I1016 00:41:04.921188 47062943655744 run_miniworld.py:243] Data collection iteration 84.
I1016 00:43:36.824673 47062943655744 run_miniworld.py:250] Evaluation iteration 84.
I1016 00:43:46.536230 47062943655744 run_miniworld.py:267] iteration:  84
 frame: 2100000
 eval_episode_return:  0.00
 train_episode_return:  0.00
 train_exploration_epsilon: 0.100
 train_frame_rate:  165
I1016 00:43:49.376921 47062943655744 run_miniworld.py:243] Data collection iteration 85.
I1016 00:46:21.885093 47062943655744 run_miniworld.py:250] Evaluation iteration 85.
I1016 00:46:31.557119 47062943655744 run_miniworld.py:267] iteration:  85
 frame: 2125000
 eval_episode_return:  0.00
 train_episode_return:  0.00
 train_exploration_epsilon: 0.100
 train_frame_rate:  164
I1016 00:46:35.701192 47062943655744 run_miniworld.py:243] Data collection iteration 86.
I1016 00:49:07.969185 47062943655744 run_miniworld.py:250] Evaluation iteration 86.
I1016 00:49:17.689029 47062943655744 run_miniworld.py:267] iteration:  86
 frame: 2150000
 eval_episode_return:  0.00
 train_episode_return:  0.00
 train_exploration_epsilon: 0.100
 train_frame_rate:  164
I1016 00:49:20.866936 47062943655744 run_miniworld.py:243] Data collection iteration 87.
I1016 00:51:52.415385 47062943655744 run_miniworld.py:250] Evaluation iteration 87.
I1016 00:52:02.078061 47062943655744 run_miniworld.py:267] iteration:  87
 frame: 2175000
 eval_episode_return:  0.00
 train_episode_return:  0.00
 train_exploration_epsilon: 0.100
 train_frame_rate:  165
I1016 00:52:04.904251 47062943655744 run_miniworld.py:243] Data collection iteration 88.
I1016 00:54:35.746399 47062943655744 run_miniworld.py:250] Evaluation iteration 88.
I1016 00:54:45.524718 47062943655744 run_miniworld.py:267] iteration:  88
 frame: 2200000
 eval_episode_return:  0.00
 train_episode_return:  0.00
 train_exploration_epsilon: 0.100
 train_frame_rate:  166
I1016 00:54:49.815916 47062943655744 run_miniworld.py:243] Data collection iteration 89.
I1016 00:57:21.995771 47062943655744 run_miniworld.py:250] Evaluation iteration 89.
I1016 00:57:31.816925 47062943655744 run_miniworld.py:267] iteration:  89
 frame: 2225000
 eval_episode_return:  0.00
 train_episode_return:  0.00
 train_exploration_epsilon: 0.100
 train_frame_rate:  164
I1016 00:57:35.748432 47062943655744 run_miniworld.py:243] Data collection iteration 90.
I1016 01:00:05.925986 47062943655744 run_miniworld.py:250] Evaluation iteration 90.
I1016 01:00:15.663032 47062943655744 run_miniworld.py:267] iteration:  90
 frame: 2250000
 eval_episode_return:  0.00
 train_episode_return:  0.00
 train_exploration_epsilon: 0.100
 train_frame_rate:  166
I1016 01:00:21.659512 47062943655744 run_miniworld.py:243] Data collection iteration 91.
I1016 01:02:53.621235 47062943655744 run_miniworld.py:250] Evaluation iteration 91.
I1016 01:03:03.425021 47062943655744 run_miniworld.py:267] iteration:  91
 frame: 2275000
 eval_episode_return:  0.00
 train_episode_return:  0.00
 train_exploration_epsilon: 0.100
 train_frame_rate:  165
I1016 01:03:06.560563 47062943655744 run_miniworld.py:243] Data collection iteration 92.
I1016 01:05:37.123800 47062943655744 run_miniworld.py:250] Evaluation iteration 92.
I1016 01:05:46.872139 47062943655744 run_miniworld.py:267] iteration:  92
 frame: 2300000
 eval_episode_return:  0.00
 train_episode_return:  0.12
 train_exploration_epsilon: 0.100
 train_frame_rate:  166
I1016 01:05:50.666734 47062943655744 run_miniworld.py:243] Data collection iteration 93.
I1016 01:08:20.832004 47062943655744 run_miniworld.py:250] Evaluation iteration 93.
I1016 01:08:30.261437 47062943655744 run_miniworld.py:267] iteration:  93
 frame: 2325000
 eval_episode_return:  0.00
 train_episode_return:  0.00
 train_exploration_epsilon: 0.100
 train_frame_rate:  166
I1016 01:08:34.277286 47062943655744 run_miniworld.py:243] Data collection iteration 94.
I1016 01:11:04.943601 47062943655744 run_miniworld.py:250] Evaluation iteration 94.
I1016 01:11:14.688683 47062943655744 run_miniworld.py:267] iteration:  94
 frame: 2350000
 eval_episode_return:  0.00
 train_episode_return:  0.00
 train_exploration_epsilon: 0.100
 train_frame_rate:  166
I1016 01:11:17.454761 47062943655744 run_miniworld.py:243] Data collection iteration 95.
I1016 01:13:47.527975 47062943655744 run_miniworld.py:250] Evaluation iteration 95.
I1016 01:13:57.275208 47062943655744 run_miniworld.py:267] iteration:  95
 frame: 2375000
 eval_episode_return:  0.00
 train_episode_return:  0.00
 train_exploration_epsilon: 0.100
 train_frame_rate:  167
I1016 01:14:01.117125 47062943655744 run_miniworld.py:243] Data collection iteration 96.
I1016 01:16:33.794131 47062943655744 run_miniworld.py:250] Evaluation iteration 96.
I1016 01:16:43.483045 47062943655744 run_miniworld.py:267] iteration:  96
 frame: 2400000
 eval_episode_return:  0.00
 train_episode_return:  0.00
 train_exploration_epsilon: 0.100
 train_frame_rate:  164
I1016 01:16:46.457635 47062943655744 run_miniworld.py:243] Data collection iteration 97.
I1016 01:19:18.067742 47062943655744 run_miniworld.py:250] Evaluation iteration 97.
I1016 01:19:27.828313 47062943655744 run_miniworld.py:267] iteration:  97
 frame: 2425000
 eval_episode_return:  0.00
 train_episode_return:  0.00
 train_exploration_epsilon: 0.100
 train_frame_rate:  165
I1016 01:19:30.721391 47062943655744 run_miniworld.py:243] Data collection iteration 98.
I1016 01:22:01.644715 47062943655744 run_miniworld.py:250] Evaluation iteration 98.
I1016 01:22:11.309234 47062943655744 run_miniworld.py:267] iteration:  98
 frame: 2450000
 eval_episode_return:  0.00
 train_episode_return:  0.00
 train_exploration_epsilon: 0.100
 train_frame_rate:  166
I1016 01:22:15.409596 47062943655744 run_miniworld.py:243] Data collection iteration 99.
I1016 01:24:46.602144 47062943655744 run_miniworld.py:250] Evaluation iteration 99.
I1016 01:24:56.313355 47062943655744 run_miniworld.py:267] iteration:  99
 frame: 2475000
 eval_episode_return:  0.00
 train_episode_return:  0.00
 train_exploration_epsilon: 0.100
 train_frame_rate:  165
I1016 01:24:59.212251 47062943655744 run_miniworld.py:243] Data collection iteration 100.
I1016 01:27:32.072587 47062943655744 run_miniworld.py:250] Evaluation iteration 100.
I1016 01:27:42.041402 47062943655744 run_miniworld.py:267] iteration: 100
 frame: 2500000
 eval_episode_return:  0.00
 train_episode_return:  0.00
 train_exploration_epsilon: 0.100
 train_frame_rate:  164
I1016 01:27:46.048754 47062943655744 run_miniworld.py:243] Data collection iteration 101.
I1016 01:30:19.360770 47062943655744 run_miniworld.py:250] Evaluation iteration 101.
I1016 01:30:29.593836 47062943655744 run_miniworld.py:267] iteration: 101
 frame: 2525000
 eval_episode_return:  0.00
 train_episode_return:  0.00
 train_exploration_epsilon: 0.100
 train_frame_rate:  163
I1016 01:30:32.437110 47062943655744 run_miniworld.py:243] Data collection iteration 102.
I1016 01:33:05.925652 47062943655744 run_miniworld.py:250] Evaluation iteration 102.
I1016 01:33:15.273660 47062943655744 run_miniworld.py:267] iteration: 102
 frame: 2550000
 eval_episode_return:  0.00
 train_episode_return:  0.00
 train_exploration_epsilon: 0.100
 train_frame_rate:  163
I1016 01:33:18.311347 47062943655744 run_miniworld.py:243] Data collection iteration 103.
I1016 01:35:49.334024 47062943655744 run_miniworld.py:250] Evaluation iteration 103.
I1016 01:35:59.139470 47062943655744 run_miniworld.py:267] iteration: 103
 frame: 2575000
 eval_episode_return:  0.00
 train_episode_return:  0.04
 train_exploration_epsilon: 0.100
 train_frame_rate:  166
I1016 01:36:03.581995 47062943655744 run_miniworld.py:243] Data collection iteration 104.
I1016 01:38:35.764179 47062943655744 run_miniworld.py:250] Evaluation iteration 104.
I1016 01:38:45.612431 47062943655744 run_miniworld.py:267] iteration: 104
 frame: 2600000
 eval_episode_return:  0.00
 train_episode_return:  0.00
 train_exploration_epsilon: 0.100
 train_frame_rate:  164
I1016 01:38:48.715614 47062943655744 run_miniworld.py:243] Data collection iteration 105.
I1016 01:41:19.371427 47062943655744 run_miniworld.py:250] Evaluation iteration 105.
I1016 01:41:29.067909 47062943655744 run_miniworld.py:267] iteration: 105
 frame: 2625000
 eval_episode_return:  0.00
 train_episode_return:  0.00
 train_exploration_epsilon: 0.100
 train_frame_rate:  166
I1016 01:41:32.936352 47062943655744 run_miniworld.py:243] Data collection iteration 106.
I1016 01:44:04.419271 47062943655744 run_miniworld.py:250] Evaluation iteration 106.
I1016 01:44:14.178138 47062943655744 run_miniworld.py:267] iteration: 106
 frame: 2650000
 eval_episode_return:  0.00
 train_episode_return:  0.04
 train_exploration_epsilon: 0.100
 train_frame_rate:  165
I1016 01:44:17.052480 47062943655744 run_miniworld.py:243] Data collection iteration 107.
I1016 01:46:47.337557 47062943655744 run_miniworld.py:250] Evaluation iteration 107.
I1016 01:46:56.956588 47062943655744 run_miniworld.py:267] iteration: 107
 frame: 2675000
 eval_episode_return:  0.00
 train_episode_return:  0.04
 train_exploration_epsilon: 0.100
 train_frame_rate:  166
I1016 01:47:00.004555 47062943655744 run_miniworld.py:243] Data collection iteration 108.
I1016 01:49:44.651143 47062943655744 run_miniworld.py:250] Evaluation iteration 108.
I1016 01:49:54.404259 47062943655744 run_miniworld.py:267] iteration: 108
 frame: 2700000
 eval_episode_return:  0.00
 train_episode_return:  0.08
 train_exploration_epsilon: 0.100
 train_frame_rate:  152
I1016 01:49:58.437414 47062943655744 run_miniworld.py:243] Data collection iteration 109.
I1016 01:52:47.271201 47062943655744 run_miniworld.py:250] Evaluation iteration 109.
I1016 01:52:57.320266 47062943655744 run_miniworld.py:267] iteration: 109
 frame: 2725000
 eval_episode_return:  0.00
 train_episode_return:  0.00
 train_exploration_epsilon: 0.100
 train_frame_rate:  148
I1016 01:53:00.590899 47062943655744 run_miniworld.py:243] Data collection iteration 110.
I1016 01:55:48.582171 47062943655744 run_miniworld.py:250] Evaluation iteration 110.
I1016 01:55:58.082140 47062943655744 run_miniworld.py:267] iteration: 110
 frame: 2750000
 eval_episode_return:  0.00
 train_episode_return:  0.12
 train_exploration_epsilon: 0.100
 train_frame_rate:  149
I1016 01:56:02.065937 47062943655744 run_miniworld.py:243] Data collection iteration 111.
I1016 01:58:52.080933 47062943655744 run_miniworld.py:250] Evaluation iteration 111.
I1016 01:59:02.152256 47062943655744 run_miniworld.py:267] iteration: 111
 frame: 2775000
 eval_episode_return:  0.00
 train_episode_return:  0.04
 train_exploration_epsilon: 0.100
 train_frame_rate:  147
I1016 01:59:05.546122 47062943655744 run_miniworld.py:243] Data collection iteration 112.
I1016 02:01:55.544897 47062943655744 run_miniworld.py:250] Evaluation iteration 112.
I1016 02:02:05.215309 47062943655744 run_miniworld.py:267] iteration: 112
 frame: 2800000
 eval_episode_return:  0.00
 train_episode_return:  0.04
 train_exploration_epsilon: 0.100
 train_frame_rate:  147
I1016 02:02:08.087617 47062943655744 run_miniworld.py:243] Data collection iteration 113.
I1016 02:04:57.202334 47062943655744 run_miniworld.py:250] Evaluation iteration 113.
I1016 02:05:07.011022 47062943655744 run_miniworld.py:267] iteration: 113
 frame: 2825000
 eval_episode_return:  0.00
 train_episode_return:  0.40
 train_exploration_epsilon: 0.100
 train_frame_rate:  148
I1016 02:05:11.103585 47062943655744 run_miniworld.py:243] Data collection iteration 114.
I1016 02:08:01.969277 47062943655744 run_miniworld.py:250] Evaluation iteration 114.
I1016 02:08:11.607976 47062943655744 run_miniworld.py:267] iteration: 114
 frame: 2850000
 eval_episode_return:  0.00
 train_episode_return:  0.04
 train_exploration_epsilon: 0.100
 train_frame_rate:  146
I1016 02:08:14.589731 47062943655744 run_miniworld.py:243] Data collection iteration 115.
I1016 02:11:05.897701 47062943655744 run_miniworld.py:250] Evaluation iteration 115.
I1016 02:11:15.960940 47062943655744 run_miniworld.py:267] iteration: 115
 frame: 2875000
 eval_episode_return:  0.00
 train_episode_return:  0.08
 train_exploration_epsilon: 0.100
 train_frame_rate:  146
I1016 02:11:20.020551 47062943655744 run_miniworld.py:243] Data collection iteration 116.
I1016 02:14:09.700481 47062943655744 run_miniworld.py:250] Evaluation iteration 116.
I1016 02:14:19.826961 47062943655744 run_miniworld.py:267] iteration: 116
 frame: 2900000
 eval_episode_return:  0.00
 train_episode_return:  0.08
 train_exploration_epsilon: 0.100
 train_frame_rate:  147
I1016 02:14:22.988186 47062943655744 run_miniworld.py:243] Data collection iteration 117.
I1016 02:17:11.758662 47062943655744 run_miniworld.py:250] Evaluation iteration 117.
I1016 02:17:21.739777 47062943655744 run_miniworld.py:267] iteration: 117
 frame: 2925000
 eval_episode_return:  0.00
 train_episode_return:  0.08
 train_exploration_epsilon: 0.100
 train_frame_rate:  148
I1016 02:17:24.859647 47062943655744 run_miniworld.py:243] Data collection iteration 118.
I1016 02:20:12.170573 47062943655744 run_miniworld.py:250] Evaluation iteration 118.
I1016 02:20:22.055123 47062943655744 run_miniworld.py:267] iteration: 118
 frame: 2950000
 eval_episode_return:  0.00
 train_episode_return:  0.04
 train_exploration_epsilon: 0.100
 train_frame_rate:  149
I1016 02:20:26.156349 47062943655744 run_miniworld.py:243] Data collection iteration 119.
I1016 02:23:15.114707 47062943655744 run_miniworld.py:250] Evaluation iteration 119.
I1016 02:23:25.226767 47062943655744 run_miniworld.py:267] iteration: 119
 frame: 2975000
 eval_episode_return:  0.00
 train_episode_return:  0.04
 train_exploration_epsilon: 0.100
 train_frame_rate:  148
I1016 02:23:28.432575 47062943655744 run_miniworld.py:243] Data collection iteration 120.
I1016 02:26:17.974863 47062943655744 run_miniworld.py:250] Evaluation iteration 120.
I1016 02:26:27.661195 47062943655744 run_miniworld.py:267] iteration: 120
 frame: 3000000
 eval_episode_return:  0.00
 train_episode_return:  0.00
 train_exploration_epsilon: 0.100
 train_frame_rate:  147
I1016 02:26:31.637022 47062943655744 run_miniworld.py:243] Data collection iteration 121.
I1016 02:29:21.243763 47062943655744 run_miniworld.py:250] Evaluation iteration 121.
I1016 02:29:30.901594 47062943655744 run_miniworld.py:267] iteration: 121
 frame: 3025000
 eval_episode_return:  0.00
 train_episode_return:  0.00
 train_exploration_epsilon: 0.100
 train_frame_rate:  147
I1016 02:29:33.804653 47062943655744 run_miniworld.py:243] Data collection iteration 122.
I1016 02:32:22.263672 47062943655744 run_miniworld.py:250] Evaluation iteration 122.
I1016 02:32:32.105172 47062943655744 run_miniworld.py:267] iteration: 122
 frame: 3050000
 eval_episode_return:  0.00
 train_episode_return:  0.12
 train_exploration_epsilon: 0.100
 train_frame_rate:  148
I1016 02:32:34.972466 47062943655744 run_miniworld.py:243] Data collection iteration 123.
I1016 02:35:23.363355 47062943655744 run_miniworld.py:250] Evaluation iteration 123.
I1016 02:35:32.953740 47062943655744 run_miniworld.py:267] iteration: 123
 frame: 3075000
 eval_episode_return:  0.00
 train_episode_return:  0.26
 train_exploration_epsilon: 0.100
 train_frame_rate:  148
I1016 02:35:37.718657 47062943655744 run_miniworld.py:243] Data collection iteration 124.
I1016 02:38:27.383027 47062943655744 run_miniworld.py:250] Evaluation iteration 124.
I1016 02:38:36.978966 47062943655744 run_miniworld.py:267] iteration: 124
 frame: 3100000
 eval_episode_return:  0.00
 train_episode_return:  0.04
 train_exploration_epsilon: 0.100
 train_frame_rate:  147
I1016 02:38:40.050238 47062943655744 run_miniworld.py:243] Data collection iteration 125.
I1016 02:41:29.843343 47062943655744 run_miniworld.py:250] Evaluation iteration 125.
I1016 02:41:39.653092 47062943655744 run_miniworld.py:267] iteration: 125
 frame: 3125000
 eval_episode_return:  0.00
 train_episode_return:  0.04
 train_exploration_epsilon: 0.100
 train_frame_rate:  147
I1016 02:41:43.774301 47062943655744 run_miniworld.py:243] Data collection iteration 126.
I1016 02:44:33.902712 47062943655744 run_miniworld.py:250] Evaluation iteration 126.
I1016 02:44:43.487045 47062943655744 run_miniworld.py:267] iteration: 126
 frame: 3150000
 eval_episode_return:  0.00
 train_episode_return:  0.04
 train_exploration_epsilon: 0.100
 train_frame_rate:  147
I1016 02:44:46.823498 47062943655744 run_miniworld.py:243] Data collection iteration 127.
I1016 02:47:36.589708 47062943655744 run_miniworld.py:250] Evaluation iteration 127.
I1016 02:47:46.177715 47062943655744 run_miniworld.py:267] iteration: 127
 frame: 3175000
 eval_episode_return:  0.00
 train_episode_return:  0.25
 train_exploration_epsilon: 0.100
 train_frame_rate:  147
I1016 02:47:49.085767 47062943655744 run_miniworld.py:243] Data collection iteration 128.
I1016 02:50:38.305507 47062943655744 run_miniworld.py:250] Evaluation iteration 128.
I1016 02:50:47.887904 47062943655744 run_miniworld.py:267] iteration: 128
 frame: 3200000
 eval_episode_return:  0.00
 train_episode_return:  0.12
 train_exploration_epsilon: 0.100
 train_frame_rate:  148
I1016 02:50:52.272465 47062943655744 run_miniworld.py:243] Data collection iteration 129.
I1016 02:53:42.696152 47062943655744 run_miniworld.py:250] Evaluation iteration 129.
I1016 02:53:52.332095 47062943655744 run_miniworld.py:267] iteration: 129
 frame: 3225000
 eval_episode_return:  0.00
 train_episode_return:  0.04
 train_exploration_epsilon: 0.100
 train_frame_rate:  147
I1016 02:53:55.208196 47062943655744 run_miniworld.py:243] Data collection iteration 130.
I1016 02:56:44.480767 47062943655744 run_miniworld.py:250] Evaluation iteration 130.
I1016 02:56:54.108892 47062943655744 run_miniworld.py:267] iteration: 130
 frame: 3250000
 eval_episode_return:  0.00
 train_episode_return:  0.16
 train_exploration_epsilon: 0.100
 train_frame_rate:  148
I1016 02:56:58.108385 47062943655744 run_miniworld.py:243] Data collection iteration 131.
I1016 02:59:48.886233 47062943655744 run_miniworld.py:250] Evaluation iteration 131.
I1016 02:59:58.557163 47062943655744 run_miniworld.py:267] iteration: 131
 frame: 3275000
 eval_episode_return:  0.00
 train_episode_return:  0.04
 train_exploration_epsilon: 0.100
 train_frame_rate:  146
I1016 03:00:01.517410 47062943655744 run_miniworld.py:243] Data collection iteration 132.
I1016 03:02:51.286804 47062943655744 run_miniworld.py:250] Evaluation iteration 132.
I1016 03:03:01.186954 47062943655744 run_miniworld.py:267] iteration: 132
 frame: 3300000
 eval_episode_return:  0.00
 train_episode_return:  0.00
 train_exploration_epsilon: 0.100
 train_frame_rate:  147
I1016 03:03:04.207153 47062943655744 run_miniworld.py:243] Data collection iteration 133.
I1016 03:05:53.940536 47062943655744 run_miniworld.py:250] Evaluation iteration 133.
I1016 03:06:04.019605 47062943655744 run_miniworld.py:267] iteration: 133
 frame: 3325000
 eval_episode_return:  0.00
 train_episode_return:  0.08
 train_exploration_epsilon: 0.100
 train_frame_rate:  147
I1016 03:06:08.221448 47062943655744 run_miniworld.py:243] Data collection iteration 134.
I1016 03:08:58.871566 47062943655744 run_miniworld.py:250] Evaluation iteration 134.
I1016 03:09:08.500798 47062943655744 run_miniworld.py:267] iteration: 134
 frame: 3350000
 eval_episode_return:  0.00
 train_episode_return:  0.00
 train_exploration_epsilon: 0.100
 train_frame_rate:  146
I1016 03:09:11.524217 47062943655744 run_miniworld.py:243] Data collection iteration 135.
I1016 03:12:02.410521 47062943655744 run_miniworld.py:250] Evaluation iteration 135.
I1016 03:12:12.482035 47062943655744 run_miniworld.py:267] iteration: 135
 frame: 3375000
 eval_episode_return:  0.00
 train_episode_return:  0.00
 train_exploration_epsilon: 0.100
 train_frame_rate:  146
I1016 03:12:16.849225 47062943655744 run_miniworld.py:243] Data collection iteration 136.
I1016 03:15:08.498505 47062943655744 run_miniworld.py:250] Evaluation iteration 136.
I1016 03:15:18.856472 47062943655744 run_miniworld.py:267] iteration: 136
 frame: 3400000
 eval_episode_return:  0.00
 train_episode_return:  0.04
 train_exploration_epsilon: 0.100
 train_frame_rate:  146
I1016 03:15:21.994624 47062943655744 run_miniworld.py:243] Data collection iteration 137.
I1016 03:18:13.620093 47062943655744 run_miniworld.py:250] Evaluation iteration 137.
I1016 03:18:23.526912 47062943655744 run_miniworld.py:267] iteration: 137
 frame: 3425000
 eval_episode_return:  0.00
 train_episode_return:  0.00
 train_exploration_epsilon: 0.100
 train_frame_rate:  146
I1016 03:18:26.375277 47062943655744 run_miniworld.py:243] Data collection iteration 138.
I1016 03:21:16.430940 47062943655744 run_miniworld.py:250] Evaluation iteration 138.
I1016 03:21:26.493145 47062943655744 run_miniworld.py:267] iteration: 138
 frame: 3450000
 eval_episode_return:  0.00
 train_episode_return:  0.04
 train_exploration_epsilon: 0.100
 train_frame_rate:  147
I1016 03:21:30.734316 47062943655744 run_miniworld.py:243] Data collection iteration 139.
I1016 03:24:21.565964 47062943655744 run_miniworld.py:250] Evaluation iteration 139.
I1016 03:24:31.236454 47062943655744 run_miniworld.py:267] iteration: 139
 frame: 3475000
 eval_episode_return:  0.00
 train_episode_return:  0.08
 train_exploration_epsilon: 0.100
 train_frame_rate:  146
I1016 03:24:34.223652 47062943655744 run_miniworld.py:243] Data collection iteration 140.
I1016 03:27:26.227479 47062943655744 run_miniworld.py:250] Evaluation iteration 140.
I1016 03:27:36.535662 47062943655744 run_miniworld.py:267] iteration: 140
 frame: 3500000
 eval_episode_return:  0.00
 train_episode_return:  0.04
 train_exploration_epsilon: 0.100
 train_frame_rate:  145
I1016 03:27:40.583968 47062943655744 run_miniworld.py:243] Data collection iteration 141.
I1016 03:30:34.693717 47062943655744 run_miniworld.py:250] Evaluation iteration 141.
I1016 03:30:44.293488 47062943655744 run_miniworld.py:267] iteration: 141
 frame: 3525000
 eval_episode_return:  0.00
 train_episode_return:  0.04
 train_exploration_epsilon: 0.100
 train_frame_rate:  144
I1016 03:30:47.289726 47062943655744 run_miniworld.py:243] Data collection iteration 142.
I1016 03:33:39.029302 47062943655744 run_miniworld.py:250] Evaluation iteration 142.
I1016 03:33:49.027252 47062943655744 run_miniworld.py:267] iteration: 142
 frame: 3550000
 eval_episode_return:  0.00
 train_episode_return:  0.04
 train_exploration_epsilon: 0.100
 train_frame_rate:  146
I1016 03:33:51.860039 47062943655744 run_miniworld.py:243] Data collection iteration 143.
I1016 03:36:42.008750 47062943655744 run_miniworld.py:250] Evaluation iteration 143.
I1016 03:36:52.941260 47062943655744 run_miniworld.py:267] iteration: 143
 frame: 3575000
 eval_episode_return:  0.00
 train_episode_return:  0.04
 train_exploration_epsilon: 0.100
 train_frame_rate:  147
I1016 03:36:56.345580 47062943655744 run_miniworld.py:243] Data collection iteration 144.
I1016 03:39:47.429714 47062943655744 run_miniworld.py:250] Evaluation iteration 144.
I1016 03:39:57.311792 47062943655744 run_miniworld.py:267] iteration: 144
 frame: 3600000
 eval_episode_return:  0.00
 train_episode_return:  0.15
 train_exploration_epsilon: 0.100
 train_frame_rate:  146
I1016 03:40:00.228753 47062943655744 run_miniworld.py:243] Data collection iteration 145.
I1016 03:42:34.420091 47062943655744 run_miniworld.py:250] Evaluation iteration 145.
I1016 03:42:44.700194 47062943655744 run_miniworld.py:267] iteration: 145
 frame: 3625000
 eval_episode_return:  0.00
 train_episode_return:  0.00
 train_exploration_epsilon: 0.100
 train_frame_rate:  162
I1016 03:42:48.600592 47062943655744 run_miniworld.py:243] Data collection iteration 146.
I1016 03:45:35.950987 47062943655744 run_miniworld.py:250] Evaluation iteration 146.
I1016 03:45:45.886756 47062943655744 run_miniworld.py:267] iteration: 146
 frame: 3650000
 eval_episode_return:  0.00
 train_episode_return:  0.12
 train_exploration_epsilon: 0.100
 train_frame_rate:  149
I1016 03:45:48.786894 47062943655744 run_miniworld.py:243] Data collection iteration 147.
I1016 03:48:39.253263 47062943655744 run_miniworld.py:250] Evaluation iteration 147.
I1016 03:48:49.371109 47062943655744 run_miniworld.py:267] iteration: 147
 frame: 3675000
 eval_episode_return:  0.00
 train_episode_return:  0.12
 train_exploration_epsilon: 0.100
 train_frame_rate:  147
I1016 03:48:52.338083 47062943655744 run_miniworld.py:243] Data collection iteration 148.
I1016 03:51:44.905655 47062943655744 run_miniworld.py:250] Evaluation iteration 148.
I1016 03:51:54.711303 47062943655744 run_miniworld.py:267] iteration: 148
 frame: 3700000
 eval_episode_return:  0.00
 train_episode_return:  0.12
 train_exploration_epsilon: 0.100
 train_frame_rate:  145
I1016 03:51:57.628843 47062943655744 run_miniworld.py:243] Data collection iteration 149.
I1016 03:54:49.323839 47062943655744 run_miniworld.py:250] Evaluation iteration 149.
I1016 03:54:59.001363 47062943655744 run_miniworld.py:267] iteration: 149
 frame: 3725000
 eval_episode_return:  0.00
 train_episode_return:  0.19
 train_exploration_epsilon: 0.100
 train_frame_rate:  146
I1016 03:55:02.024499 47062943655744 run_miniworld.py:243] Data collection iteration 150.
I1016 03:57:51.647773 47062943655744 run_miniworld.py:250] Evaluation iteration 150.
I1016 03:58:01.331503 47062943655744 run_miniworld.py:267] iteration: 150
 frame: 3750000
 eval_episode_return:  0.00
 train_episode_return:  0.00
 train_exploration_epsilon: 0.100
 train_frame_rate:  147
I1016 03:58:05.293097 47062943655744 run_miniworld.py:243] Data collection iteration 151.
I1016 04:00:56.818985 47062943655744 run_miniworld.py:250] Evaluation iteration 151.
I1016 04:01:06.688966 47062943655744 run_miniworld.py:267] iteration: 151
 frame: 3775000
 eval_episode_return:  0.00
 train_episode_return:  0.22
 train_exploration_epsilon: 0.100
 train_frame_rate:  146
I1016 04:01:09.575510 47062943655744 run_miniworld.py:243] Data collection iteration 152.
I1016 04:04:00.770635 47062943655744 run_miniworld.py:250] Evaluation iteration 152.
I1016 04:04:11.052914 47062943655744 run_miniworld.py:267] iteration: 152
 frame: 3800000
 eval_episode_return:  0.00
 train_episode_return:  0.08
 train_exploration_epsilon: 0.100
 train_frame_rate:  146
I1016 04:04:15.438701 47062943655744 run_miniworld.py:243] Data collection iteration 153.
I1016 04:07:08.686734 47062943655744 run_miniworld.py:250] Evaluation iteration 153.
I1016 04:07:18.639440 47062943655744 run_miniworld.py:267] iteration: 153
 frame: 3825000
 eval_episode_return:  0.00
 train_episode_return:  0.12
 train_exploration_epsilon: 0.100
 train_frame_rate:  144
I1016 04:07:21.509213 47062943655744 run_miniworld.py:243] Data collection iteration 154.
I1016 04:10:15.945357 47062943655744 run_miniworld.py:250] Evaluation iteration 154.
I1016 04:10:25.570293 47062943655744 run_miniworld.py:267] iteration: 154
 frame: 3850000
 eval_episode_return:  0.00
 train_episode_return:  0.08
 train_exploration_epsilon: 0.100
 train_frame_rate:  143
I1016 04:10:28.415543 47062943655744 run_miniworld.py:243] Data collection iteration 155.
I1016 04:13:18.614794 47062943655744 run_miniworld.py:250] Evaluation iteration 155.
I1016 04:13:28.840299 47062943655744 run_miniworld.py:267] iteration: 155
 frame: 3875000
 eval_episode_return:  0.00
 train_episode_return:  0.04
 train_exploration_epsilon: 0.100
 train_frame_rate:  147
I1016 04:13:33.103896 47062943655744 run_miniworld.py:243] Data collection iteration 156.
I1016 04:16:25.838204 47062943655744 run_miniworld.py:250] Evaluation iteration 156.
I1016 04:16:36.055263 47062943655744 run_miniworld.py:267] iteration: 156
 frame: 3900000
 eval_episode_return:  0.00
 train_episode_return:  0.12
 train_exploration_epsilon: 0.100
 train_frame_rate:  145
I1016 04:16:38.943638 47062943655744 run_miniworld.py:243] Data collection iteration 157.
I1016 04:19:30.113879 47062943655744 run_miniworld.py:250] Evaluation iteration 157.
I1016 04:19:40.295807 47062943655744 run_miniworld.py:267] iteration: 157
 frame: 3925000
 eval_episode_return:  0.00
 train_episode_return:  0.29
 train_exploration_epsilon: 0.100
 train_frame_rate:  146
I1016 04:19:44.548208 47062943655744 run_miniworld.py:243] Data collection iteration 158.
I1016 04:22:36.920254 47062943655744 run_miniworld.py:250] Evaluation iteration 158.
I1016 04:22:46.708110 47062943655744 run_miniworld.py:267] iteration: 158
 frame: 3950000
 eval_episode_return:  0.00
 train_episode_return:  0.27
 train_exploration_epsilon: 0.100
 train_frame_rate:  145
I1016 04:22:49.825245 47062943655744 run_miniworld.py:243] Data collection iteration 159.
I1016 04:25:40.918399 47062943655744 run_miniworld.py:250] Evaluation iteration 159.
I1016 04:25:50.980035 47062943655744 run_miniworld.py:267] iteration: 159
 frame: 3975000
 eval_episode_return:  0.00
 train_episode_return:  0.04
 train_exploration_epsilon: 0.100
 train_frame_rate:  146
I1016 04:25:53.848988 47062943655744 run_miniworld.py:243] Data collection iteration 160.
I1016 04:28:43.712528 47062943655744 run_miniworld.py:250] Evaluation iteration 160.
I1016 04:28:53.565758 47062943655744 run_miniworld.py:267] iteration: 160
 frame: 4000000
 eval_episode_return:  0.00
 train_episode_return:  0.08
 train_exploration_epsilon: 0.100
 train_frame_rate:  147
I1016 04:28:57.600153 47062943655744 run_miniworld.py:243] Data collection iteration 161.
I1016 04:31:48.510232 47062943655744 run_miniworld.py:250] Evaluation iteration 161.
I1016 04:31:58.713846 47062943655744 run_miniworld.py:267] iteration: 161
 frame: 4025000
 eval_episode_return:  0.00
 train_episode_return:  0.00
 train_exploration_epsilon: 0.100
 train_frame_rate:  146
I1016 04:32:01.619604 47062943655744 run_miniworld.py:243] Data collection iteration 162.
I1016 04:34:51.934899 47062943655744 run_miniworld.py:250] Evaluation iteration 162.
I1016 04:35:02.058621 47062943655744 run_miniworld.py:267] iteration: 162
 frame: 4050000
 eval_episode_return:  0.00
 train_episode_return:  0.08
 train_exploration_epsilon: 0.100
 train_frame_rate:  147
I1016 04:35:06.108910 47062943655744 run_miniworld.py:243] Data collection iteration 163.
I1016 04:37:56.796310 47062943655744 run_miniworld.py:250] Evaluation iteration 163.
I1016 04:38:06.607453 47062943655744 run_miniworld.py:267] iteration: 163
 frame: 4075000
 eval_episode_return:  0.00
 train_episode_return:  0.29
 train_exploration_epsilon: 0.100
 train_frame_rate:  146
I1016 04:38:10.529065 47062943655744 run_miniworld.py:243] Data collection iteration 164.
I1016 04:41:01.123894 47062943655744 run_miniworld.py:250] Evaluation iteration 164.
I1016 04:41:11.121751 47062943655744 run_miniworld.py:267] iteration: 164
 frame: 4100000
 eval_episode_return:  0.00
 train_episode_return:  0.04
 train_exploration_epsilon: 0.100
 train_frame_rate:  147
I1016 04:41:14.032099 47062943655744 run_miniworld.py:243] Data collection iteration 165.
I1016 04:44:03.422583 47062943655744 run_miniworld.py:250] Evaluation iteration 165.
I1016 04:44:13.607465 47062943655744 run_miniworld.py:267] iteration: 165
 frame: 4125000
 eval_episode_return:  0.00
 train_episode_return:  0.08
 train_exploration_epsilon: 0.100
 train_frame_rate:  148
I1016 04:44:17.775769 47062943655744 run_miniworld.py:243] Data collection iteration 166.
I1016 04:47:08.215852 47062943655744 run_miniworld.py:250] Evaluation iteration 166.
I1016 04:47:18.007842 47062943655744 run_miniworld.py:267] iteration: 166
 frame: 4150000
 eval_episode_return:  0.00
 train_episode_return:  0.04
 train_exploration_epsilon: 0.100
 train_frame_rate:  147
I1016 04:47:20.848353 47062943655744 run_miniworld.py:243] Data collection iteration 167.
I1016 04:50:10.463134 47062943655744 run_miniworld.py:250] Evaluation iteration 167.
I1016 04:50:20.177286 47062943655744 run_miniworld.py:267] iteration: 167
 frame: 4175000
 eval_episode_return:  0.00
 train_episode_return:  0.21
 train_exploration_epsilon: 0.100
 train_frame_rate:  147
I1016 04:50:24.305561 47062943655744 run_miniworld.py:243] Data collection iteration 168.
I1016 04:53:14.753458 47062943655744 run_miniworld.py:250] Evaluation iteration 168.
I1016 04:53:24.554437 47062943655744 run_miniworld.py:267] iteration: 168
 frame: 4200000
 eval_episode_return:  0.00
 train_episode_return:  0.12
 train_exploration_epsilon: 0.100
 train_frame_rate:  147
I1016 04:53:27.484604 47062943655744 run_miniworld.py:243] Data collection iteration 169.
I1016 04:56:17.618029 47062943655744 run_miniworld.py:250] Evaluation iteration 169.
I1016 04:56:27.614163 47062943655744 run_miniworld.py:267] iteration: 169
 frame: 4225000
 eval_episode_return:  0.00
 train_episode_return:  0.23
 train_exploration_epsilon: 0.100
 train_frame_rate:  147
I1016 04:56:30.435963 47062943655744 run_miniworld.py:243] Data collection iteration 170.
I1016 04:59:20.540534 47062943655744 run_miniworld.py:250] Evaluation iteration 170.
I1016 04:59:30.722756 47062943655744 run_miniworld.py:267] iteration: 170
 frame: 4250000
 eval_episode_return:  0.00
 train_episode_return:  0.59
 train_exploration_epsilon: 0.100
 train_frame_rate:  147
I1016 04:59:34.953976 47062943655744 run_miniworld.py:243] Data collection iteration 171.
I1016 05:02:26.524496 47062943655744 run_miniworld.py:250] Evaluation iteration 171.
I1016 05:02:36.346073 47062943655744 run_miniworld.py:267] iteration: 171
 frame: 4275000
 eval_episode_return:  0.00
 train_episode_return:  0.48
 train_exploration_epsilon: 0.100
 train_frame_rate:  146
I1016 05:02:39.434285 47062943655744 run_miniworld.py:243] Data collection iteration 172.
I1016 05:05:29.592586 47062943655744 run_miniworld.py:250] Evaluation iteration 172.
I1016 05:05:39.694332 47062943655744 run_miniworld.py:267] iteration: 172
 frame: 4300000
 eval_episode_return:  0.00
 train_episode_return:  0.71
 train_exploration_epsilon: 0.100
 train_frame_rate:  147
I1016 05:05:43.930707 47062943655744 run_miniworld.py:243] Data collection iteration 173.
I1016 05:08:35.542874 47062943655744 run_miniworld.py:250] Evaluation iteration 173.
I1016 05:08:45.409795 47062943655744 run_miniworld.py:267] iteration: 173
 frame: 4325000
 eval_episode_return:  0.00
 train_episode_return:  0.62
 train_exploration_epsilon: 0.100
 train_frame_rate:  146
I1016 05:08:48.344712 47062943655744 run_miniworld.py:243] Data collection iteration 174.
I1016 05:11:37.224184 47062943655744 run_miniworld.py:250] Evaluation iteration 174.
I1016 05:11:47.102839 47062943655744 run_miniworld.py:267] iteration: 174
 frame: 4350000
 eval_episode_return:  0.00
 train_episode_return:  0.41
 train_exploration_epsilon: 0.100
 train_frame_rate:  148
I1016 05:11:50.036434 47062943655744 run_miniworld.py:243] Data collection iteration 175.
I1016 05:14:39.809394 47062943655744 run_miniworld.py:250] Evaluation iteration 175.
I1016 05:14:49.922388 47062943655744 run_miniworld.py:267] iteration: 175
 frame: 4375000
 eval_episode_return:  0.00
 train_episode_return:  0.43
 train_exploration_epsilon: 0.100
 train_frame_rate:  147
I1016 05:14:54.022847 47062943655744 run_miniworld.py:243] Data collection iteration 176.
I1016 05:17:44.899770 47062943655744 run_miniworld.py:250] Evaluation iteration 176.
I1016 05:17:55.014178 47062943655744 run_miniworld.py:267] iteration: 176
 frame: 4400000
 eval_episode_return:  0.00
 train_episode_return:  0.66
 train_exploration_epsilon: 0.100
 train_frame_rate:  146
I1016 05:17:58.063447 47062943655744 run_miniworld.py:243] Data collection iteration 177.
I1016 05:20:47.795330 47062943655744 run_miniworld.py:250] Evaluation iteration 177.
I1016 05:20:57.965963 47062943655744 run_miniworld.py:267] iteration: 177
 frame: 4425000
 eval_episode_return:  0.00
 train_episode_return:  0.40
 train_exploration_epsilon: 0.100
 train_frame_rate:  147
I1016 05:21:02.255431 47062943655744 run_miniworld.py:243] Data collection iteration 178.
I1016 05:23:53.854856 47062943655744 run_miniworld.py:250] Evaluation iteration 178.
I1016 05:24:04.169631 47062943655744 run_miniworld.py:267] iteration: 178
 frame: 4450000
 eval_episode_return:  0.00
 train_episode_return:  0.45
 train_exploration_epsilon: 0.100
 train_frame_rate:  146
I1016 05:24:07.080366 47062943655744 run_miniworld.py:243] Data collection iteration 179.
I1016 05:26:58.013805 47062943655744 run_miniworld.py:250] Evaluation iteration 179.
I1016 05:27:07.683962 47062943655744 run_miniworld.py:267] iteration: 179
 frame: 4475000
 eval_episode_return:  0.00
 train_episode_return:  0.32
 train_exploration_epsilon: 0.100
 train_frame_rate:  146
I1016 05:27:11.432784 47062943655744 run_miniworld.py:243] Data collection iteration 180.
I1016 05:30:01.288499 47062943655744 run_miniworld.py:250] Evaluation iteration 180.
I1016 05:30:10.999834 47062943655744 run_miniworld.py:267] iteration: 180
 frame: 4500000
 eval_episode_return:  0.00
 train_episode_return:  0.50
 train_exploration_epsilon: 0.100
 train_frame_rate:  147
I1016 05:30:15.089070 47062943655744 run_miniworld.py:243] Data collection iteration 181.
I1016 05:33:05.473490 47062943655744 run_miniworld.py:250] Evaluation iteration 181.
I1016 05:33:15.341252 47062943655744 run_miniworld.py:267] iteration: 181
 frame: 4525000
 eval_episode_return:  0.00
 train_episode_return:  0.52
 train_exploration_epsilon: 0.100
 train_frame_rate:  147
I1016 05:33:18.303940 47062943655744 run_miniworld.py:243] Data collection iteration 182.
I1016 05:36:07.940520 47062943655744 run_miniworld.py:250] Evaluation iteration 182.
I1016 05:36:17.706521 47062943655744 run_miniworld.py:267] iteration: 182
 frame: 4550000
 eval_episode_return:  0.00
 train_episode_return:  0.53
 train_exploration_epsilon: 0.100
 train_frame_rate:  147
I1016 05:36:21.834276 47062943655744 run_miniworld.py:243] Data collection iteration 183.
I1016 05:39:04.217828 47062943655744 run_miniworld.py:250] Evaluation iteration 183.
I1016 05:39:13.845658 47062943655744 run_miniworld.py:267] iteration: 183
 frame: 4575000
 eval_episode_return:  0.00
 train_episode_return:  0.38
 train_exploration_epsilon: 0.100
 train_frame_rate:  154
I1016 05:39:16.845341 47062943655744 run_miniworld.py:243] Data collection iteration 184.
I1016 05:41:44.981252 47062943655744 run_miniworld.py:250] Evaluation iteration 184.
I1016 05:41:54.826468 47062943655744 run_miniworld.py:267] iteration: 184
 frame: 4600000
 eval_episode_return:  0.00
 train_episode_return:  0.22
 train_exploration_epsilon: 0.100
 train_frame_rate:  169
I1016 05:41:57.720952 47062943655744 run_miniworld.py:243] Data collection iteration 185.
I1016 05:44:25.805211 47062943655744 run_miniworld.py:250] Evaluation iteration 185.
I1016 05:44:35.484682 47062943655744 run_miniworld.py:267] iteration: 185
 frame: 4625000
 eval_episode_return:  0.00
 train_episode_return:  0.38
 train_exploration_epsilon: 0.100
 train_frame_rate:  169
I1016 05:44:39.481288 47062943655744 run_miniworld.py:243] Data collection iteration 186.
I1016 05:47:08.085566 47062943655744 run_miniworld.py:250] Evaluation iteration 186.
I1016 05:47:17.806616 47062943655744 run_miniworld.py:267] iteration: 186
 frame: 4650000
 eval_episode_return:  0.00
 train_episode_return:  0.45
 train_exploration_epsilon: 0.100
 train_frame_rate:  168
I1016 05:47:20.850399 47062943655744 run_miniworld.py:243] Data collection iteration 187.
I1016 05:49:49.382029 47062943655744 run_miniworld.py:250] Evaluation iteration 187.
I1016 05:49:59.237509 47062943655744 run_miniworld.py:267] iteration: 187
 frame: 4675000
 eval_episode_return:  0.00
 train_episode_return:  0.48
 train_exploration_epsilon: 0.100
 train_frame_rate:  168
I1016 05:50:03.145403 47062943655744 run_miniworld.py:243] Data collection iteration 188.
I1016 05:52:31.883672 47062943655744 run_miniworld.py:250] Evaluation iteration 188.
I1016 05:52:41.560551 47062943655744 run_miniworld.py:267] iteration: 188
 frame: 4700000
 eval_episode_return:  0.00
 train_episode_return:  0.55
 train_exploration_epsilon: 0.100
 train_frame_rate:  168
I1016 05:52:44.386105 47062943655744 run_miniworld.py:243] Data collection iteration 189.
I1016 05:55:12.629592 47062943655744 run_miniworld.py:250] Evaluation iteration 189.
I1016 05:55:22.414017 47062943655744 run_miniworld.py:267] iteration: 189
 frame: 4725000
 eval_episode_return:  0.00
 train_episode_return:  0.74
 train_exploration_epsilon: 0.100
 train_frame_rate:  169
I1016 05:55:25.202044 47062943655744 run_miniworld.py:243] Data collection iteration 190.
I1016 05:57:53.531580 47062943655744 run_miniworld.py:250] Evaluation iteration 190.
I1016 05:58:03.107575 47062943655744 run_miniworld.py:267] iteration: 190
 frame: 4750000
 eval_episode_return:  0.00
 train_episode_return:  0.56
 train_exploration_epsilon: 0.100
 train_frame_rate:  169
I1016 05:58:07.092186 47062943655744 run_miniworld.py:243] Data collection iteration 191.
I1016 06:00:35.372389 47062943655744 run_miniworld.py:250] Evaluation iteration 191.
I1016 06:00:45.004245 47062943655744 run_miniworld.py:267] iteration: 191
 frame: 4775000
 eval_episode_return:  0.00
 train_episode_return:  0.78
 train_exploration_epsilon: 0.100
 train_frame_rate:  169
I1016 06:00:47.818571 47062943655744 run_miniworld.py:243] Data collection iteration 192.
I1016 06:03:17.405193 47062943655744 run_miniworld.py:250] Evaluation iteration 192.
I1016 06:03:27.267841 47062943655744 run_miniworld.py:267] iteration: 192
 frame: 4800000
 eval_episode_return:  0.00
 train_episode_return:  0.76
 train_exploration_epsilon: 0.100
 train_frame_rate:  167
I1016 06:03:31.093297 47062943655744 run_miniworld.py:243] Data collection iteration 193.
I1016 06:06:00.347154 47062943655744 run_miniworld.py:250] Evaluation iteration 193.
I1016 06:06:10.245452 47062943655744 run_miniworld.py:267] iteration: 193
 frame: 4825000
 eval_episode_return:  0.00
 train_episode_return:  0.73
 train_exploration_epsilon: 0.100
 train_frame_rate:  168
I1016 06:06:13.033434 47062943655744 run_miniworld.py:243] Data collection iteration 194.
I1016 06:08:42.555547 47062943655744 run_miniworld.py:250] Evaluation iteration 194.
I1016 06:08:52.474534 47062943655744 run_miniworld.py:267] iteration: 194
 frame: 4850000
 eval_episode_return:  0.00
 train_episode_return:  0.76
 train_exploration_epsilon: 0.100
 train_frame_rate:  167
I1016 06:08:55.232528 47062943655744 run_miniworld.py:243] Data collection iteration 195.
I1016 06:11:23.855586 47062943655744 run_miniworld.py:250] Evaluation iteration 195.
I1016 06:11:33.812832 47062943655744 run_miniworld.py:267] iteration: 195
 frame: 4875000
 eval_episode_return:  0.00
 train_episode_return:  0.85
 train_exploration_epsilon: 0.100
 train_frame_rate:  168
I1016 06:11:37.790637 47062943655744 run_miniworld.py:243] Data collection iteration 196.
I1016 06:14:06.692171 47062943655744 run_miniworld.py:250] Evaluation iteration 196.
I1016 06:14:16.385133 47062943655744 run_miniworld.py:267] iteration: 196
 frame: 4900000
 eval_episode_return:  0.00
 train_episode_return:  0.80
 train_exploration_epsilon: 0.100
 train_frame_rate:  168
I1016 06:14:19.153115 47062943655744 run_miniworld.py:243] Data collection iteration 197.
I1016 06:16:47.650547 47062943655744 run_miniworld.py:250] Evaluation iteration 197.
I1016 06:16:57.657485 47062943655744 run_miniworld.py:267] iteration: 197
 frame: 4925000
 eval_episode_return:  0.00
 train_episode_return:  0.84
 train_exploration_epsilon: 0.100
 train_frame_rate:  168
I1016 06:17:01.547097 47062943655744 run_miniworld.py:243] Data collection iteration 198.
I1016 06:19:31.402279 47062943655744 run_miniworld.py:250] Evaluation iteration 198.
I1016 06:19:41.274986 47062943655744 run_miniworld.py:267] iteration: 198
 frame: 4950000
 eval_episode_return:  0.00
 train_episode_return:  0.95
 train_exploration_epsilon: 0.100
 train_frame_rate:  167
I1016 06:19:44.245274 47062943655744 run_miniworld.py:243] Data collection iteration 199.
I1016 06:22:13.923165 47062943655744 run_miniworld.py:250] Evaluation iteration 199.
I1016 06:22:23.876928 47062943655744 run_miniworld.py:267] iteration: 199
 frame: 4975000
 eval_episode_return:  0.00
 train_episode_return:  0.96
 train_exploration_epsilon: 0.100
 train_frame_rate:  167
I1016 06:22:26.702652 47062943655744 run_miniworld.py:243] Data collection iteration 200.
I1016 06:24:55.613008 47062943655744 run_miniworld.py:250] Evaluation iteration 200.
I1016 06:25:05.656985 47062943655744 run_miniworld.py:267] iteration: 200
 frame: 5000000
 eval_episode_return:  0.20
 train_episode_return:  1.00
 train_exploration_epsilon: 0.100
 train_frame_rate:  168
Falling back to num_samples=1
Falling back to num_samples=1
Falling back to num_samples=1
Falling back to num_samples=1
Falling back to num_samples=1
Falling back to num_samples=1
Falling back to num_samples=1
Falling back to num_samples=1
Falling back to num_samples=1
Falling back to num_samples=1
Falling back to num_samples=1
Falling back to num_samples=1
Falling back to num_samples=1
Falling back to num_samples=1
Falling back to num_samples=1
Falling back to num_samples=1
Falling back to num_samples=1
Falling back to num_samples=1
Falling back to num_samples=1
Falling back to num_samples=1
Falling back to num_samples=1
Falling back to num_samples=1
Falling back to num_samples=1
Falling back to num_samples=1
Falling back to num_samples=1
Falling back to num_samples=1
Falling back to num_samples=1
Falling back to num_samples=1
Falling back to num_samples=1
Falling back to num_samples=1
Falling back to num_samples=1
Falling back to num_samples=1
Falling back to num_samples=1
Falling back to num_samples=1
Falling back to num_samples=1
Falling back to num_samples=1
Falling back to num_samples=1
Falling back to num_samples=1
Falling back to num_samples=1
Falling back to num_samples=1
Falling back to num_samples=1
Falling back to num_samples=1
Falling back to num_samples=1
Falling back to num_samples=1
Falling back to num_samples=1
Falling back to num_samples=1
Falling back to num_samples=1
Falling back to num_samples=1
Falling back to num_samples=1
Falling back to num_samples=1
Falling back to num_samples=1
Falling back to num_samples=1
Falling back to num_samples=1
Falling back to num_samples=1
Falling back to num_samples=1
Falling back to num_samples=1
Falling back to num_samples=1
Falling back to num_samples=1
Falling back to num_samples=1
Falling back to num_samples=1
Falling back to num_samples=1
Falling back to num_samples=1
Falling back to num_samples=1
Falling back to num_samples=1
Falling back to num_samples=1
Falling back to num_samples=1
Falling back to num_samples=1
Falling back to num_samples=1
Falling back to num_samples=1
Falling back to num_samples=1
Falling back to num_samples=1
Falling back to num_samples=1
Falling back to num_samples=1
Falling back to num_samples=1
Falling back to num_samples=1
Falling back to num_samples=1
Falling back to num_samples=1
Falling back to num_samples=1
Falling back to num_samples=1
Falling back to num_samples=1
Falling back to num_samples=1
Falling back to num_samples=1
Falling back to num_samples=1
Falling back to num_samples=1
Falling back to num_samples=1
Falling back to num_samples=1
Falling back to num_samples=1
Falling back to num_samples=1
Falling back to num_samples=1
Falling back to num_samples=1
Falling back to num_samples=1
Falling back to num_samples=1
Falling back to num_samples=1
Falling back to num_samples=1
Falling back to num_samples=1
Falling back to num_samples=1
Falling back to num_samples=1
Falling back to num_samples=1
Falling back to num_samples=1
Falling back to num_samples=1
Falling back to num_samples=1
Falling back to num_samples=1
Falling back to num_samples=1
Falling back to num_samples=1
Falling back to num_samples=1
Falling back to num_samples=1
Falling back to num_samples=1
Falling back to num_samples=1
Falling back to num_samples=1
Falling back to num_samples=1
Falling back to num_samples=1
Falling back to num_samples=1
Falling back to num_samples=1
Falling back to num_samples=1
Falling back to num_samples=1
Falling back to num_samples=1
Falling back to num_samples=1
Falling back to num_samples=1
Falling back to num_samples=1
Falling back to num_samples=1
Falling back to num_samples=1
Falling back to num_samples=1
Falling back to num_samples=1
Falling back to num_samples=1
Falling back to num_samples=1
Falling back to num_samples=1
Falling back to num_samples=1
Falling back to num_samples=1
Falling back to num_samples=1
Falling back to num_samples=1
Falling back to num_samples=1
Falling back to num_samples=1
Falling back to num_samples=1
Falling back to num_samples=1
Falling back to num_samples=1
Falling back to num_samples=1
Falling back to num_samples=1
Falling back to num_samples=1
Falling back to num_samples=1
Falling back to num_samples=1
Falling back to num_samples=1
Falling back to num_samples=1
Falling back to num_samples=1
Falling back to num_samples=1
Falling back to num_samples=1
Falling back to num_samples=1
Falling back to num_samples=1
Falling back to num_samples=1
Falling back to num_samples=1
Falling back to num_samples=1
Falling back to num_samples=1
Falling back to num_samples=1
Falling back to num_samples=1
Falling back to num_samples=1
Falling back to num_samples=1
Falling back to num_samples=1
Falling back to num_samples=1
Falling back to num_samples=1
Falling back to num_samples=1
Falling back to num_samples=1
Falling back to num_samples=1
Falling back to num_samples=1
Falling back to num_samples=1
Falling back to num_samples=1
Falling back to num_samples=1
Falling back to num_samples=1
Falling back to num_samples=1
Falling back to num_samples=1
Falling back to num_samples=1
Falling back to num_samples=1
Falling back to num_samples=1
Falling back to num_samples=1
Falling back to num_samples=1
Falling back to num_samples=1
Falling back to num_samples=1
Falling back to num_samples=1
Falling back to num_samples=1
Falling back to num_samples=1
Falling back to num_samples=1
Falling back to num_samples=1
Falling back to num_samples=1
Falling back to num_samples=1
Falling back to num_samples=1
Falling back to num_samples=1
Falling back to num_samples=1
Falling back to num_samples=1
Falling back to num_samples=1
Falling back to num_samples=1
Falling back to num_samples=1
Falling back to num_samples=1
Falling back to num_samples=1
Falling back to num_samples=1
Falling back to num_samples=1
Falling back to num_samples=1
Falling back to num_samples=1
Falling back to num_samples=1
Falling back to num_samples=1
Falling back to num_samples=1
Falling back to num_samples=1
Falling back to num_samples=1
Falling back to num_samples=1
Falling back to num_samples=1
Falling back to num_samples=1
Falling back to num_samples=1
Falling back to num_samples=1
Falling back to num_samples=1
Falling back to num_samples=1
Falling back to num_samples=1
Falling back to num_samples=1
Falling back to num_samples=1
Falling back to num_samples=1
Falling back to num_samples=1
Falling back to num_samples=1
Falling back to num_samples=1
Falling back to num_samples=1
Falling back to num_samples=1
Falling back to num_samples=1
Falling back to num_samples=1
Falling back to num_samples=1
Falling back to num_samples=1
Falling back to num_samples=1
Falling back to num_samples=1
Falling back to num_samples=1
Falling back to num_samples=1
Falling back to num_samples=1
Falling back to num_samples=1
Falling back to num_samples=1
Falling back to num_samples=1
Falling back to num_samples=1
Falling back to num_samples=1
Falling back to num_samples=1
Falling back to num_samples=1
Falling back to num_samples=1
Falling back to num_samples=1
Falling back to num_samples=1
Falling back to num_samples=1
Falling back to num_samples=1
Falling back to num_samples=1
Falling back to num_samples=1
Falling back to num_samples=1
Falling back to num_samples=1
Falling back to num_samples=1
Falling back to num_samples=1
Falling back to num_samples=1
Falling back to num_samples=1
Falling back to num_samples=1
Falling back to num_samples=1
Falling back to num_samples=1
Falling back to num_samples=1
Falling back to num_samples=1
Falling back to num_samples=1
Falling back to num_samples=1
Falling back to num_samples=1
Falling back to num_samples=1
Falling back to num_samples=1
Falling back to num_samples=1
Falling back to num_samples=1
Falling back to num_samples=1
Falling back to num_samples=1
Falling back to num_samples=1
Falling back to num_samples=1
Falling back to num_samples=1
Falling back to num_samples=1
Falling back to num_samples=1
Falling back to num_samples=1
Falling back to num_samples=1
Falling back to num_samples=1
Falling back to num_samples=1
Falling back to num_samples=1
Falling back to num_samples=1
Falling back to num_samples=1
Falling back to num_samples=1
Falling back to num_samples=1
Falling back to num_samples=1
Falling back to num_samples=1
Falling back to num_samples=1
Falling back to num_samples=1
Falling back to num_samples=1
Falling back to num_samples=1
Falling back to num_samples=1
Falling back to num_samples=1
Falling back to num_samples=1
Falling back to num_samples=1
Falling back to num_samples=1
Falling back to num_samples=1
Falling back to num_samples=1
Falling back to num_samples=1
Falling back to num_samples=1
Falling back to num_samples=1
Falling back to num_samples=1
Falling back to num_samples=1
Falling back to num_samples=1
Falling back to num_samples=1
Falling back to num_samples=1
Falling back to num_samples=1
Falling back to num_samples=1
Falling back to num_samples=1
Falling back to num_samples=1
Falling back to num_samples=1
Falling back to num_samples=1
Falling back to num_samples=1
Falling back to num_samples=1
Falling back to num_samples=1
Falling back to num_samples=1
Falling back to num_samples=1
Falling back to num_samples=1
Falling back to num_samples=1
Falling back to num_samples=1
Falling back to num_samples=1
Falling back to num_samples=1
Falling back to num_samples=1
Falling back to num_samples=1
Falling back to num_samples=1
Falling back to num_samples=1
Falling back to num_samples=1
Falling back to num_samples=1
Falling back to num_samples=1
Falling back to num_samples=1
Falling back to num_samples=1
Falling back to num_samples=1
Falling back to num_samples=1
Falling back to num_samples=1
Falling back to num_samples=1
Falling back to num_samples=1
Falling back to num_samples=1
Falling back to num_samples=1
Falling back to num_samples=1
Falling back to num_samples=1
Falling back to num_samples=1
Falling back to num_samples=1
Falling back to num_samples=1
Falling back to num_samples=1
Falling back to num_samples=1
Falling back to num_samples=1
Falling back to num_samples=1
Falling back to num_samples=1
Falling back to num_samples=1
Falling back to num_samples=1
Falling back to num_samples=1
Falling back to num_samples=1
Falling back to num_samples=1
Falling back to num_samples=1
Falling back to num_samples=1
Falling back to num_samples=1
Falling back to num_samples=1
Falling back to num_samples=1
Falling back to num_samples=1
Falling back to num_samples=1
Falling back to num_samples=1
Falling back to num_samples=1
Falling back to num_samples=1
Falling back to num_samples=1
Falling back to num_samples=1
Falling back to num_samples=1
Falling back to num_samples=1
Falling back to num_samples=1
Falling back to num_samples=1
Falling back to num_samples=1
Falling back to num_samples=1
Falling back to num_samples=1
Falling back to num_samples=1
Falling back to num_samples=1
Falling back to num_samples=1
Falling back to num_samples=1
Falling back to num_samples=1
Falling back to num_samples=1
Falling back to num_samples=1
Falling back to num_samples=1
Falling back to num_samples=1
Falling back to num_samples=1
Falling back to num_samples=1
Falling back to num_samples=1
Falling back to num_samples=1
Falling back to num_samples=1
Falling back to num_samples=1
Falling back to num_samples=1
Falling back to num_samples=1
Falling back to num_samples=1
Falling back to num_samples=1
Falling back to num_samples=1
Falling back to num_samples=1
Falling back to num_samples=1
Falling back to num_samples=1
Falling back to num_samples=1
Falling back to num_samples=1
Falling back to num_samples=1
Falling back to num_samples=1
Falling back to num_samples=1
Falling back to num_samples=1
Falling back to num_samples=1
Falling back to num_samples=1
Falling back to num_samples=1
Falling back to num_samples=1
Falling back to num_samples=1
Falling back to num_samples=1
Falling back to num_samples=1
Falling back to num_samples=1
Falling back to num_samples=1
Falling back to num_samples=1
Falling back to num_samples=1
Falling back to num_samples=1
Falling back to num_samples=1
Falling back to num_samples=1
Falling back to num_samples=1
