I1016 23:16:48.530772 47482715719488 xla_bridge.py:355] Unable to initialize backend 'tpu_driver': NOT_FOUND: Unable to find driver in registry given worker: 
I1016 23:16:48.715997 47482715719488 xla_bridge.py:355] Unable to initialize backend 'rocm': NOT_FOUND: Could not find registered platform with name: "rocm". Available platform names are: CUDA Interpreter Host
I1016 23:16:48.716532 47482715719488 xla_bridge.py:355] Unable to initialize backend 'tpu': module 'jaxlib.xla_extension' has no attribute 'get_tpu_client'
I1016 23:16:48.716670 47482715719488 xla_bridge.py:355] Unable to initialize backend 'plugin': xla_extension has no attributes named get_plugin_device_client. Compile TensorFlow with //tensorflow/compiler/xla/python:enable_plugin_device set to true (defaults to false) to enable this.
I1016 23:16:48.716811 47482715719488 run_miniworld.py:102] Collecting data on MiniWorld on gpu.
I1016 23:16:55.911703 47482715719488 run_miniworld.py:138] Observation shape: (60, 80, 3)
I1016 23:17:16.631956 47482715719488 run_miniworld.py:243] Data collection iteration 0.
I1016 23:17:53.537515 47482715719488 run_miniworld.py:250] Evaluation iteration 0.
/home/mklissa/DCEO/lib/python3.8/site-packages/distrax/_src/distributions/categorical.py:96: UserWarning: Explicitly requested dtype <class 'jax.numpy.int64'> requested in astype is not available, and will be truncated to dtype int32. To enable more dtypes, set the jax_enable_x64 configuration option or the JAX_ENABLE_X64 shell environment variable. See https://github.com/google/jax#current-gotchas for more.
  return draws.astype(self._dtype)
I1016 23:18:03.755210 47482715719488 run_miniworld.py:267] iteration:   0
 frame:     0
 eval_episode_return:  0.00
 train_episode_return:  0.04
 train_exploration_epsilon: 1.000
 train_frame_rate:  677
I1016 23:18:10.324186 47482715719488 run_miniworld.py:243] Data collection iteration 1.
I1016 23:18:47.682773 47482715719488 run_miniworld.py:250] Evaluation iteration 1.
I1016 23:18:57.661308 47482715719488 run_miniworld.py:267] iteration:   1
 frame: 25000
 eval_episode_return:  0.00
 train_episode_return:  0.00
 train_exploration_epsilon: 1.000
 train_frame_rate:  669
I1016 23:19:00.800088 47482715719488 run_miniworld.py:243] Data collection iteration 2.
I1016 23:19:01.282199 47482715719488 dceo_agent.py:365] Begin learning
I1016 23:21:24.663999 47482715719488 run_miniworld.py:250] Evaluation iteration 2.
I1016 23:21:34.358834 47482715719488 run_miniworld.py:267] iteration:   2
 frame: 50000
 eval_episode_return:  0.00
 train_episode_return:  0.00
 train_exploration_epsilon: 0.955
 train_frame_rate:  174
I1016 23:21:37.381271 47482715719488 run_miniworld.py:243] Data collection iteration 3.
I1016 23:23:56.236373 47482715719488 run_miniworld.py:250] Evaluation iteration 3.
I1016 23:24:05.681816 47482715719488 run_miniworld.py:267] iteration:   3
 frame: 75000
 eval_episode_return:  0.00
 train_episode_return:  0.04
 train_exploration_epsilon: 0.910
 train_frame_rate:  180
I1016 23:24:09.037543 47482715719488 run_miniworld.py:243] Data collection iteration 4.
I1016 23:26:28.721773 47482715719488 run_miniworld.py:250] Evaluation iteration 4.
I1016 23:26:38.115487 47482715719488 run_miniworld.py:267] iteration:   4
 frame: 100000
 eval_episode_return:  0.00
 train_episode_return:  0.00
 train_exploration_epsilon: 0.865
 train_frame_rate:  179
I1016 23:26:41.290548 47482715719488 run_miniworld.py:243] Data collection iteration 5.
I1016 23:29:00.649054 47482715719488 run_miniworld.py:250] Evaluation iteration 5.
I1016 23:29:10.356539 47482715719488 run_miniworld.py:267] iteration:   5
 frame: 125000
 eval_episode_return:  0.00
 train_episode_return:  0.00
 train_exploration_epsilon: 0.820
 train_frame_rate:  179
I1016 23:29:13.143182 47482715719488 run_miniworld.py:243] Data collection iteration 6.
I1016 23:31:33.410307 47482715719488 run_miniworld.py:250] Evaluation iteration 6.
I1016 23:31:43.124064 47482715719488 run_miniworld.py:267] iteration:   6
 frame: 150000
 eval_episode_return:  0.00
 train_episode_return:  0.00
 train_exploration_epsilon: 0.775
 train_frame_rate:  178
I1016 23:31:45.905188 47482715719488 run_miniworld.py:243] Data collection iteration 7.
I1016 23:34:06.260638 47482715719488 run_miniworld.py:250] Evaluation iteration 7.
I1016 23:34:15.952172 47482715719488 run_miniworld.py:267] iteration:   7
 frame: 175000
 eval_episode_return:  0.00
 train_episode_return:  0.00
 train_exploration_epsilon: 0.730
 train_frame_rate:  178
I1016 23:34:18.853794 47482715719488 run_miniworld.py:243] Data collection iteration 8.
I1016 23:36:40.559091 47482715719488 run_miniworld.py:250] Evaluation iteration 8.
I1016 23:36:49.935839 47482715719488 run_miniworld.py:267] iteration:   8
 frame: 200000
 eval_episode_return:  0.00
 train_episode_return:  0.00
 train_exploration_epsilon: 0.685
 train_frame_rate:  176
I1016 23:36:53.156200 47482715719488 run_miniworld.py:243] Data collection iteration 9.
I1016 23:39:16.041345 47482715719488 run_miniworld.py:250] Evaluation iteration 9.
I1016 23:39:25.776948 47482715719488 run_miniworld.py:267] iteration:   9
 frame: 225000
 eval_episode_return:  0.00
 train_episode_return:  0.00
 train_exploration_epsilon: 0.640
 train_frame_rate:  175
I1016 23:39:29.028227 47482715719488 run_miniworld.py:243] Data collection iteration 10.
I1016 23:41:51.382526 47482715719488 run_miniworld.py:250] Evaluation iteration 10.
I1016 23:42:00.692410 47482715719488 run_miniworld.py:267] iteration:  10
 frame: 250000
 eval_episode_return:  0.00
 train_episode_return:  0.00
 train_exploration_epsilon: 0.595
 train_frame_rate:  176
I1016 23:42:03.904804 47482715719488 run_miniworld.py:243] Data collection iteration 11.
I1016 23:44:25.647549 47482715719488 run_miniworld.py:250] Evaluation iteration 11.
I1016 23:44:35.329566 47482715719488 run_miniworld.py:267] iteration:  11
 frame: 275000
 eval_episode_return:  0.00
 train_episode_return:  0.00
 train_exploration_epsilon: 0.550
 train_frame_rate:  176
I1016 23:44:38.091707 47482715719488 run_miniworld.py:243] Data collection iteration 12.
I1016 23:46:59.715059 47482715719488 run_miniworld.py:250] Evaluation iteration 12.
I1016 23:47:09.016098 47482715719488 run_miniworld.py:267] iteration:  12
 frame: 300000
 eval_episode_return:  0.00
 train_episode_return:  0.00
 train_exploration_epsilon: 0.505
 train_frame_rate:  177
I1016 23:47:11.772944 47482715719488 run_miniworld.py:243] Data collection iteration 13.
I1016 23:49:33.767585 47482715719488 run_miniworld.py:250] Evaluation iteration 13.
I1016 23:49:43.916259 47482715719488 run_miniworld.py:267] iteration:  13
 frame: 325000
 eval_episode_return:  0.00
 train_episode_return:  0.00
 train_exploration_epsilon: 0.460
 train_frame_rate:  176
I1016 23:49:47.358493 47482715719488 run_miniworld.py:243] Data collection iteration 14.
I1016 23:52:10.575338 47482715719488 run_miniworld.py:250] Evaluation iteration 14.
I1016 23:52:20.049122 47482715719488 run_miniworld.py:267] iteration:  14
 frame: 350000
 eval_episode_return:  0.00
 train_episode_return:  0.00
 train_exploration_epsilon: 0.415
 train_frame_rate:  175
I1016 23:52:23.900164 47482715719488 run_miniworld.py:243] Data collection iteration 15.
I1016 23:54:48.096169 47482715719488 run_miniworld.py:250] Evaluation iteration 15.
I1016 23:54:57.763753 47482715719488 run_miniworld.py:267] iteration:  15
 frame: 375000
 eval_episode_return:  0.00
 train_episode_return:  0.00
 train_exploration_epsilon: 0.370
 train_frame_rate:  173
I1016 23:55:00.556019 47482715719488 run_miniworld.py:243] Data collection iteration 16.
I1016 23:57:23.088893 47482715719488 run_miniworld.py:250] Evaluation iteration 16.
I1016 23:57:32.596790 47482715719488 run_miniworld.py:267] iteration:  16
 frame: 400000
 eval_episode_return:  0.00
 train_episode_return:  0.00
 train_exploration_epsilon: 0.325
 train_frame_rate:  175
I1016 23:57:36.096238 47482715719488 run_miniworld.py:243] Data collection iteration 17.
I1016 23:59:59.187082 47482715719488 run_miniworld.py:250] Evaluation iteration 17.
I1017 00:00:08.394430 47482715719488 run_miniworld.py:267] iteration:  17
 frame: 425000
 eval_episode_return:  0.00
 train_episode_return:  0.00
 train_exploration_epsilon: 0.280
 train_frame_rate:  175
I1017 00:00:11.653598 47482715719488 run_miniworld.py:243] Data collection iteration 18.
I1017 00:02:34.932526 47482715719488 run_miniworld.py:250] Evaluation iteration 18.
I1017 00:02:44.517565 47482715719488 run_miniworld.py:267] iteration:  18
 frame: 450000
 eval_episode_return:  0.00
 train_episode_return:  0.00
 train_exploration_epsilon: 0.235
 train_frame_rate:  174
I1017 00:02:47.317371 47482715719488 run_miniworld.py:243] Data collection iteration 19.
I1017 00:05:11.433316 47482715719488 run_miniworld.py:250] Evaluation iteration 19.
I1017 00:05:21.093536 47482715719488 run_miniworld.py:267] iteration:  19
 frame: 475000
 eval_episode_return:  0.00
 train_episode_return:  0.00
 train_exploration_epsilon: 0.190
 train_frame_rate:  173
I1017 00:05:24.806830 47482715719488 run_miniworld.py:243] Data collection iteration 20.
I1017 00:07:49.408839 47482715719488 run_miniworld.py:250] Evaluation iteration 20.
I1017 00:07:59.100719 47482715719488 run_miniworld.py:267] iteration:  20
 frame: 500000
 eval_episode_return:  0.00
 train_episode_return:  0.00
 train_exploration_epsilon: 0.145
 train_frame_rate:  173
I1017 00:08:01.824300 47482715719488 run_miniworld.py:243] Data collection iteration 21.
I1017 00:10:27.961334 47482715719488 run_miniworld.py:250] Evaluation iteration 21.
I1017 00:10:37.845831 47482715719488 run_miniworld.py:267] iteration:  21
 frame: 525000
 eval_episode_return:  0.00
 train_episode_return:  0.00
 train_exploration_epsilon: 0.100
 train_frame_rate:  171
I1017 00:10:40.707717 47482715719488 run_miniworld.py:243] Data collection iteration 22.
I1017 00:13:05.187100 47482715719488 run_miniworld.py:250] Evaluation iteration 22.
I1017 00:13:14.607385 47482715719488 run_miniworld.py:267] iteration:  22
 frame: 550000
 eval_episode_return:  0.00
 train_episode_return:  0.00
 train_exploration_epsilon: 0.100
 train_frame_rate:  173
I1017 00:13:18.027423 47482715719488 run_miniworld.py:243] Data collection iteration 23.
I1017 00:15:42.637536 47482715719488 run_miniworld.py:250] Evaluation iteration 23.
I1017 00:15:52.162566 47482715719488 run_miniworld.py:267] iteration:  23
 frame: 575000
 eval_episode_return:  0.00
 train_episode_return:  0.00
 train_exploration_epsilon: 0.100
 train_frame_rate:  173
I1017 00:15:55.241610 47482715719488 run_miniworld.py:243] Data collection iteration 24.
I1017 00:18:20.165320 47482715719488 run_miniworld.py:250] Evaluation iteration 24.
I1017 00:18:29.499555 47482715719488 run_miniworld.py:267] iteration:  24
 frame: 600000
 eval_episode_return:  0.00
 train_episode_return:  0.00
 train_exploration_epsilon: 0.100
 train_frame_rate:  173
I1017 00:18:33.113145 47482715719488 run_miniworld.py:243] Data collection iteration 25.
I1017 00:20:57.949416 47482715719488 run_miniworld.py:250] Evaluation iteration 25.
I1017 00:21:07.249697 47482715719488 run_miniworld.py:267] iteration:  25
 frame: 625000
 eval_episode_return:  0.00
 train_episode_return:  0.00
 train_exploration_epsilon: 0.100
 train_frame_rate:  173
I1017 00:21:09.993379 47482715719488 run_miniworld.py:243] Data collection iteration 26.
I1017 00:23:35.151367 47482715719488 run_miniworld.py:250] Evaluation iteration 26.
I1017 00:23:44.612917 47482715719488 run_miniworld.py:267] iteration:  26
 frame: 650000
 eval_episode_return:  0.00
 train_episode_return:  0.00
 train_exploration_epsilon: 0.100
 train_frame_rate:  172
I1017 00:23:48.148295 47482715719488 run_miniworld.py:243] Data collection iteration 27.
I1017 00:26:12.389100 47482715719488 run_miniworld.py:250] Evaluation iteration 27.
I1017 00:26:21.623516 47482715719488 run_miniworld.py:267] iteration:  27
 frame: 675000
 eval_episode_return:  0.00
 train_episode_return:  0.00
 train_exploration_epsilon: 0.100
 train_frame_rate:  173
I1017 00:26:24.440081 47482715719488 run_miniworld.py:243] Data collection iteration 28.
I1017 00:28:49.705830 47482715719488 run_miniworld.py:250] Evaluation iteration 28.
I1017 00:28:59.403827 47482715719488 run_miniworld.py:267] iteration:  28
 frame: 700000
 eval_episode_return:  0.00
 train_episode_return:  0.00
 train_exploration_epsilon: 0.100
 train_frame_rate:  172
I1017 00:29:03.030873 47482715719488 run_miniworld.py:243] Data collection iteration 29.
I1017 00:31:27.068316 47482715719488 run_miniworld.py:250] Evaluation iteration 29.
I1017 00:31:36.511066 47482715719488 run_miniworld.py:267] iteration:  29
 frame: 725000
 eval_episode_return:  0.00
 train_episode_return:  0.00
 train_exploration_epsilon: 0.100
 train_frame_rate:  174
I1017 00:31:40.391248 47482715719488 run_miniworld.py:243] Data collection iteration 30.
I1017 00:34:06.296715 47482715719488 run_miniworld.py:250] Evaluation iteration 30.
I1017 00:34:16.308417 47482715719488 run_miniworld.py:267] iteration:  30
 frame: 750000
 eval_episode_return:  0.00
 train_episode_return:  0.00
 train_exploration_epsilon: 0.100
 train_frame_rate:  171
I1017 00:34:19.988439 47482715719488 run_miniworld.py:243] Data collection iteration 31.
I1017 00:36:46.431077 47482715719488 run_miniworld.py:250] Evaluation iteration 31.
I1017 00:36:56.309953 47482715719488 run_miniworld.py:267] iteration:  31
 frame: 775000
 eval_episode_return:  0.00
 train_episode_return:  0.00
 train_exploration_epsilon: 0.100
 train_frame_rate:  171
I1017 00:36:59.145834 47482715719488 run_miniworld.py:243] Data collection iteration 32.
I1017 00:39:25.821271 47482715719488 run_miniworld.py:250] Evaluation iteration 32.
I1017 00:39:35.347867 47482715719488 run_miniworld.py:267] iteration:  32
 frame: 800000
 eval_episode_return:  0.00
 train_episode_return:  0.00
 train_exploration_epsilon: 0.100
 train_frame_rate:  170
I1017 00:39:38.907947 47482715719488 run_miniworld.py:243] Data collection iteration 33.
I1017 00:42:04.614681 47482715719488 run_miniworld.py:250] Evaluation iteration 33.
I1017 00:42:14.517956 47482715719488 run_miniworld.py:267] iteration:  33
 frame: 825000
 eval_episode_return:  0.00
 train_episode_return:  0.00
 train_exploration_epsilon: 0.100
 train_frame_rate:  172
I1017 00:42:17.365733 47482715719488 run_miniworld.py:243] Data collection iteration 34.
I1017 00:44:43.549139 47482715719488 run_miniworld.py:250] Evaluation iteration 34.
I1017 00:44:53.309854 47482715719488 run_miniworld.py:267] iteration:  34
 frame: 850000
 eval_episode_return:  0.00
 train_episode_return:  0.00
 train_exploration_epsilon: 0.100
 train_frame_rate:  171
I1017 00:44:56.943058 47482715719488 run_miniworld.py:243] Data collection iteration 35.
I1017 00:47:23.709289 47482715719488 run_miniworld.py:250] Evaluation iteration 35.
I1017 00:47:33.420393 47482715719488 run_miniworld.py:267] iteration:  35
 frame: 875000
 eval_episode_return:  0.00
 train_episode_return:  0.00
 train_exploration_epsilon: 0.100
 train_frame_rate:  170
I1017 00:47:36.206504 47482715719488 run_miniworld.py:243] Data collection iteration 36.
I1017 00:50:01.450076 47482715719488 run_miniworld.py:250] Evaluation iteration 36.
I1017 00:50:10.861894 47482715719488 run_miniworld.py:267] iteration:  36
 frame: 900000
 eval_episode_return:  0.00
 train_episode_return:  0.00
 train_exploration_epsilon: 0.100
 train_frame_rate:  172
I1017 00:50:14.541917 47482715719488 run_miniworld.py:243] Data collection iteration 37.
I1017 00:52:42.473767 47482715719488 run_miniworld.py:250] Evaluation iteration 37.
I1017 00:52:52.618182 47482715719488 run_miniworld.py:267] iteration:  37
 frame: 925000
 eval_episode_return:  0.00
 train_episode_return:  0.00
 train_exploration_epsilon: 0.100
 train_frame_rate:  169
I1017 00:52:55.683870 47482715719488 run_miniworld.py:243] Data collection iteration 38.
I1017 00:55:22.510407 47482715719488 run_miniworld.py:250] Evaluation iteration 38.
I1017 00:55:32.009584 47482715719488 run_miniworld.py:267] iteration:  38
 frame: 950000
 eval_episode_return:  0.00
 train_episode_return:  0.00
 train_exploration_epsilon: 0.100
 train_frame_rate:  170
I1017 00:55:34.795411 47482715719488 run_miniworld.py:243] Data collection iteration 39.
I1017 00:58:00.908738 47482715719488 run_miniworld.py:250] Evaluation iteration 39.
I1017 00:58:10.639796 47482715719488 run_miniworld.py:267] iteration:  39
 frame: 975000
 eval_episode_return:  0.00
 train_episode_return:  0.00
 train_exploration_epsilon: 0.100
 train_frame_rate:  171
I1017 00:58:14.378913 47482715719488 run_miniworld.py:243] Data collection iteration 40.
I1017 01:00:40.469214 47482715719488 run_miniworld.py:250] Evaluation iteration 40.
I1017 01:00:50.186525 47482715719488 run_miniworld.py:267] iteration:  40
 frame: 1000000
 eval_episode_return:  0.00
 train_episode_return:  0.00
 train_exploration_epsilon: 0.100
 train_frame_rate:  171
I1017 01:00:53.058900 47482715719488 run_miniworld.py:243] Data collection iteration 41.
I1017 01:03:19.104457 47482715719488 run_miniworld.py:250] Evaluation iteration 41.
I1017 01:03:28.868641 47482715719488 run_miniworld.py:267] iteration:  41
 frame: 1025000
 eval_episode_return:  0.00
 train_episode_return:  0.00
 train_exploration_epsilon: 0.100
 train_frame_rate:  171
I1017 01:03:32.529661 47482715719488 run_miniworld.py:243] Data collection iteration 42.
I1017 01:05:57.962831 47482715719488 run_miniworld.py:250] Evaluation iteration 42.
I1017 01:06:07.482655 47482715719488 run_miniworld.py:267] iteration:  42
 frame: 1050000
 eval_episode_return:  0.00
 train_episode_return:  0.00
 train_exploration_epsilon: 0.100
 train_frame_rate:  172
I1017 01:06:10.297635 47482715719488 run_miniworld.py:243] Data collection iteration 43.
I1017 01:08:35.541773 47482715719488 run_miniworld.py:250] Evaluation iteration 43.
I1017 01:08:44.988433 47482715719488 run_miniworld.py:267] iteration:  43
 frame: 1075000
 eval_episode_return:  0.00
 train_episode_return:  0.00
 train_exploration_epsilon: 0.100
 train_frame_rate:  172
I1017 01:08:47.835822 47482715719488 run_miniworld.py:243] Data collection iteration 44.
I1017 01:11:14.661178 47482715719488 run_miniworld.py:250] Evaluation iteration 44.
I1017 01:11:24.519895 47482715719488 run_miniworld.py:267] iteration:  44
 frame: 1100000
 eval_episode_return:  0.00
 train_episode_return:  0.00
 train_exploration_epsilon: 0.100
 train_frame_rate:  170
I1017 01:11:27.306489 47482715719488 run_miniworld.py:243] Data collection iteration 45.
I1017 01:13:51.667746 47482715719488 run_miniworld.py:250] Evaluation iteration 45.
I1017 01:14:01.318672 47482715719488 run_miniworld.py:267] iteration:  45
 frame: 1125000
 eval_episode_return:  0.00
 train_episode_return:  0.00
 train_exploration_epsilon: 0.100
 train_frame_rate:  173
I1017 01:14:04.362910 47482715719488 run_miniworld.py:243] Data collection iteration 46.
I1017 01:16:28.867917 47482715719488 run_miniworld.py:250] Evaluation iteration 46.
I1017 01:16:38.540534 47482715719488 run_miniworld.py:267] iteration:  46
 frame: 1150000
 eval_episode_return:  0.00
 train_episode_return:  0.00
 train_exploration_epsilon: 0.100
 train_frame_rate:  173
I1017 01:16:42.159925 47482715719488 run_miniworld.py:243] Data collection iteration 47.
I1017 01:19:05.240178 47482715719488 run_miniworld.py:250] Evaluation iteration 47.
I1017 01:19:14.808800 47482715719488 run_miniworld.py:267] iteration:  47
 frame: 1175000
 eval_episode_return:  0.00
 train_episode_return:  0.00
 train_exploration_epsilon: 0.100
 train_frame_rate:  175
I1017 01:19:17.633658 47482715719488 run_miniworld.py:243] Data collection iteration 48.
I1017 01:21:42.639605 47482715719488 run_miniworld.py:250] Evaluation iteration 48.
I1017 01:21:52.282016 47482715719488 run_miniworld.py:267] iteration:  48
 frame: 1200000
 eval_episode_return:  0.00
 train_episode_return:  0.00
 train_exploration_epsilon: 0.100
 train_frame_rate:  172
I1017 01:21:55.957456 47482715719488 run_miniworld.py:243] Data collection iteration 49.
I1017 01:24:20.767683 47482715719488 run_miniworld.py:250] Evaluation iteration 49.
I1017 01:24:30.463534 47482715719488 run_miniworld.py:267] iteration:  49
 frame: 1225000
 eval_episode_return:  0.00
 train_episode_return:  0.00
 train_exploration_epsilon: 0.100
 train_frame_rate:  173
I1017 01:24:33.348903 47482715719488 run_miniworld.py:243] Data collection iteration 50.
I1017 01:26:57.640813 47482715719488 run_miniworld.py:250] Evaluation iteration 50.
I1017 01:27:07.396449 47482715719488 run_miniworld.py:267] iteration:  50
 frame: 1250000
 eval_episode_return:  0.00
 train_episode_return:  0.00
 train_exploration_epsilon: 0.100
 train_frame_rate:  173
I1017 01:27:10.217937 47482715719488 run_miniworld.py:243] Data collection iteration 51.
I1017 01:29:33.337062 47482715719488 run_miniworld.py:250] Evaluation iteration 51.
I1017 01:29:42.759149 47482715719488 run_miniworld.py:267] iteration:  51
 frame: 1275000
 eval_episode_return:  0.00
 train_episode_return:  0.00
 train_exploration_epsilon: 0.100
 train_frame_rate:  175
I1017 01:29:46.306308 47482715719488 run_miniworld.py:243] Data collection iteration 52.
I1017 01:32:09.025676 47482715719488 run_miniworld.py:250] Evaluation iteration 52.
I1017 01:32:18.643263 47482715719488 run_miniworld.py:267] iteration:  52
 frame: 1300000
 eval_episode_return:  0.00
 train_episode_return:  0.00
 train_exploration_epsilon: 0.100
 train_frame_rate:  175
I1017 01:32:21.402035 47482715719488 run_miniworld.py:243] Data collection iteration 53.
I1017 01:34:42.825983 47482715719488 run_miniworld.py:250] Evaluation iteration 53.
I1017 01:34:52.271923 47482715719488 run_miniworld.py:267] iteration:  53
 frame: 1325000
 eval_episode_return:  0.00
 train_episode_return:  0.00
 train_exploration_epsilon: 0.100
 train_frame_rate:  177
I1017 01:34:56.059259 47482715719488 run_miniworld.py:243] Data collection iteration 54.
I1017 01:37:19.138934 47482715719488 run_miniworld.py:250] Evaluation iteration 54.
I1017 01:37:29.304498 47482715719488 run_miniworld.py:267] iteration:  54
 frame: 1350000
 eval_episode_return:  0.00
 train_episode_return:  0.00
 train_exploration_epsilon: 0.100
 train_frame_rate:  175
I1017 01:37:32.053675 47482715719488 run_miniworld.py:243] Data collection iteration 55.
I1017 01:39:55.011289 47482715719488 run_miniworld.py:250] Evaluation iteration 55.
I1017 01:40:04.773318 47482715719488 run_miniworld.py:267] iteration:  55
 frame: 1375000
 eval_episode_return:  0.00
 train_episode_return:  0.00
 train_exploration_epsilon: 0.100
 train_frame_rate:  175
I1017 01:40:07.586310 47482715719488 run_miniworld.py:243] Data collection iteration 56.
I1017 01:42:28.812000 47482715719488 run_miniworld.py:250] Evaluation iteration 56.
I1017 01:42:38.290600 47482715719488 run_miniworld.py:267] iteration:  56
 frame: 1400000
 eval_episode_return:  0.00
 train_episode_return:  0.00
 train_exploration_epsilon: 0.100
 train_frame_rate:  177
I1017 01:42:42.030552 47482715719488 run_miniworld.py:243] Data collection iteration 57.
I1017 01:45:03.923072 47482715719488 run_miniworld.py:250] Evaluation iteration 57.
I1017 01:45:13.607792 47482715719488 run_miniworld.py:267] iteration:  57
 frame: 1425000
 eval_episode_return:  0.00
 train_episode_return:  0.00
 train_exploration_epsilon: 0.100
 train_frame_rate:  176
I1017 01:45:16.438130 47482715719488 run_miniworld.py:243] Data collection iteration 58.
I1017 01:47:38.540276 47482715719488 run_miniworld.py:250] Evaluation iteration 58.
I1017 01:47:48.243340 47482715719488 run_miniworld.py:267] iteration:  58
 frame: 1450000
 eval_episode_return:  0.00
 train_episode_return:  0.00
 train_exploration_epsilon: 0.100
 train_frame_rate:  176
I1017 01:47:51.812849 47482715719488 run_miniworld.py:243] Data collection iteration 59.
I1017 01:50:13.843839 47482715719488 run_miniworld.py:250] Evaluation iteration 59.
I1017 01:50:23.563975 47482715719488 run_miniworld.py:267] iteration:  59
 frame: 1475000
 eval_episode_return:  0.00
 train_episode_return:  0.00
 train_exploration_epsilon: 0.100
 train_frame_rate:  176
I1017 01:50:26.308216 47482715719488 run_miniworld.py:243] Data collection iteration 60.
I1017 01:52:47.355254 47482715719488 run_miniworld.py:250] Evaluation iteration 60.
I1017 01:52:56.973464 47482715719488 run_miniworld.py:267] iteration:  60
 frame: 1500000
 eval_episode_return:  0.00
 train_episode_return:  0.00
 train_exploration_epsilon: 0.100
 train_frame_rate:  177
I1017 01:52:59.812371 47482715719488 run_miniworld.py:243] Data collection iteration 61.
I1017 01:55:20.229025 47482715719488 run_miniworld.py:250] Evaluation iteration 61.
I1017 01:55:29.923038 47482715719488 run_miniworld.py:267] iteration:  61
 frame: 1525000
 eval_episode_return:  0.00
 train_episode_return:  0.00
 train_exploration_epsilon: 0.100
 train_frame_rate:  178
I1017 01:55:33.814578 47482715719488 run_miniworld.py:243] Data collection iteration 62.
I1017 01:57:55.117507 47482715719488 run_miniworld.py:250] Evaluation iteration 62.
I1017 01:58:04.702129 47482715719488 run_miniworld.py:267] iteration:  62
 frame: 1550000
 eval_episode_return:  0.00
 train_episode_return:  0.00
 train_exploration_epsilon: 0.100
 train_frame_rate:  177
I1017 01:58:07.695640 47482715719488 run_miniworld.py:243] Data collection iteration 63.
I1017 02:00:27.466723 47482715719488 run_miniworld.py:250] Evaluation iteration 63.
I1017 02:00:37.109334 47482715719488 run_miniworld.py:267] iteration:  63
 frame: 1575000
 eval_episode_return:  0.00
 train_episode_return:  0.00
 train_exploration_epsilon: 0.100
 train_frame_rate:  179
I1017 02:00:40.735651 47482715719488 run_miniworld.py:243] Data collection iteration 64.
I1017 02:03:00.802958 47482715719488 run_miniworld.py:250] Evaluation iteration 64.
I1017 02:03:10.490906 47482715719488 run_miniworld.py:267] iteration:  64
 frame: 1600000
 eval_episode_return:  0.00
 train_episode_return:  0.00
 train_exploration_epsilon: 0.100
 train_frame_rate:  178
I1017 02:03:13.357277 47482715719488 run_miniworld.py:243] Data collection iteration 65.
I1017 02:05:33.140692 47482715719488 run_miniworld.py:250] Evaluation iteration 65.
I1017 02:05:43.051342 47482715719488 run_miniworld.py:267] iteration:  65
 frame: 1625000
 eval_episode_return:  0.00
 train_episode_return:  0.00
 train_exploration_epsilon: 0.100
 train_frame_rate:  179
I1017 02:05:45.795008 47482715719488 run_miniworld.py:243] Data collection iteration 66.
I1017 02:08:05.656240 47482715719488 run_miniworld.py:250] Evaluation iteration 66.
I1017 02:08:15.115900 47482715719488 run_miniworld.py:267] iteration:  66
 frame: 1650000
 eval_episode_return:  0.00
 train_episode_return:  0.00
 train_exploration_epsilon: 0.100
 train_frame_rate:  179
I1017 02:08:17.840006 47482715719488 run_miniworld.py:243] Data collection iteration 67.
I1017 02:10:38.023054 47482715719488 run_miniworld.py:250] Evaluation iteration 67.
I1017 02:10:47.800072 47482715719488 run_miniworld.py:267] iteration:  67
 frame: 1675000
 eval_episode_return:  0.00
 train_episode_return:  0.00
 train_exploration_epsilon: 0.100
 train_frame_rate:  178
I1017 02:10:50.540235 47482715719488 run_miniworld.py:243] Data collection iteration 68.
I1017 02:13:10.584442 47482715719488 run_miniworld.py:250] Evaluation iteration 68.
I1017 02:13:20.243302 47482715719488 run_miniworld.py:267] iteration:  68
 frame: 1700000
 eval_episode_return:  0.00
 train_episode_return:  0.00
 train_exploration_epsilon: 0.100
 train_frame_rate:  179
I1017 02:13:23.906252 47482715719488 run_miniworld.py:243] Data collection iteration 69.
I1017 02:15:43.349353 47482715719488 run_miniworld.py:250] Evaluation iteration 69.
I1017 02:15:53.013209 47482715719488 run_miniworld.py:267] iteration:  69
 frame: 1725000
 eval_episode_return:  0.00
 train_episode_return:  0.00
 train_exploration_epsilon: 0.100
 train_frame_rate:  179
I1017 02:15:55.775299 47482715719488 run_miniworld.py:243] Data collection iteration 70.
I1017 02:18:14.284172 47482715719488 run_miniworld.py:250] Evaluation iteration 70.
I1017 02:18:23.688893 47482715719488 run_miniworld.py:267] iteration:  70
 frame: 1750000
 eval_episode_return:  0.00
 train_episode_return:  0.00
 train_exploration_epsilon: 0.100
 train_frame_rate:  180
I1017 02:18:27.464361 47482715719488 run_miniworld.py:243] Data collection iteration 71.
I1017 02:20:46.948974 47482715719488 run_miniworld.py:250] Evaluation iteration 71.
I1017 02:20:56.390808 47482715719488 run_miniworld.py:267] iteration:  71
 frame: 1775000
 eval_episode_return:  0.00
 train_episode_return:  0.00
 train_exploration_epsilon: 0.100
 train_frame_rate:  179
I1017 02:20:59.188620 47482715719488 run_miniworld.py:243] Data collection iteration 72.
I1017 02:23:17.380824 47482715719488 run_miniworld.py:250] Evaluation iteration 72.
I1017 02:23:26.775124 47482715719488 run_miniworld.py:267] iteration:  72
 frame: 1800000
 eval_episode_return:  0.00
 train_episode_return:  0.00
 train_exploration_epsilon: 0.100
 train_frame_rate:  181
I1017 02:23:29.500940 47482715719488 run_miniworld.py:243] Data collection iteration 73.
I1017 02:25:46.701244 47482715719488 run_miniworld.py:250] Evaluation iteration 73.
I1017 02:25:56.146013 47482715719488 run_miniworld.py:267] iteration:  73
 frame: 1825000
 eval_episode_return:  0.00
 train_episode_return:  0.00
 train_exploration_epsilon: 0.100
 train_frame_rate:  182
I1017 02:25:59.822155 47482715719488 run_miniworld.py:243] Data collection iteration 74.
I1017 02:28:17.164067 47482715719488 run_miniworld.py:250] Evaluation iteration 74.
I1017 02:28:26.662456 47482715719488 run_miniworld.py:267] iteration:  74
 frame: 1850000
 eval_episode_return:  0.00
 train_episode_return:  0.00
 train_exploration_epsilon: 0.100
 train_frame_rate:  182
I1017 02:28:29.453104 47482715719488 run_miniworld.py:243] Data collection iteration 75.
I1017 02:30:46.546686 47482715719488 run_miniworld.py:250] Evaluation iteration 75.
I1017 02:30:55.929233 47482715719488 run_miniworld.py:267] iteration:  75
 frame: 1875000
 eval_episode_return:  0.00
 train_episode_return:  0.00
 train_exploration_epsilon: 0.100
 train_frame_rate:  182
I1017 02:30:59.577130 47482715719488 run_miniworld.py:243] Data collection iteration 76.
I1017 02:33:17.307830 47482715719488 run_miniworld.py:250] Evaluation iteration 76.
I1017 02:33:27.053204 47482715719488 run_miniworld.py:267] iteration:  76
 frame: 1900000
 eval_episode_return:  0.00
 train_episode_return:  0.00
 train_exploration_epsilon: 0.100
 train_frame_rate:  182
I1017 02:33:29.986964 47482715719488 run_miniworld.py:243] Data collection iteration 77.
I1017 02:35:46.836706 47482715719488 run_miniworld.py:250] Evaluation iteration 77.
I1017 02:35:56.724553 47482715719488 run_miniworld.py:267] iteration:  77
 frame: 1925000
 eval_episode_return:  0.00
 train_episode_return:  0.00
 train_exploration_epsilon: 0.100
 train_frame_rate:  183
I1017 02:35:59.486876 47482715719488 run_miniworld.py:243] Data collection iteration 78.
I1017 02:38:16.831933 47482715719488 run_miniworld.py:250] Evaluation iteration 78.
I1017 02:38:26.636082 47482715719488 run_miniworld.py:267] iteration:  78
 frame: 1950000
 eval_episode_return:  0.00
 train_episode_return:  0.00
 train_exploration_epsilon: 0.100
 train_frame_rate:  182
I1017 02:38:30.316549 47482715719488 run_miniworld.py:243] Data collection iteration 79.
I1017 02:40:47.826150 47482715719488 run_miniworld.py:250] Evaluation iteration 79.
I1017 02:40:57.440271 47482715719488 run_miniworld.py:267] iteration:  79
 frame: 1975000
 eval_episode_return:  0.00
 train_episode_return:  0.00
 train_exploration_epsilon: 0.100
 train_frame_rate:  182
I1017 02:41:00.301773 47482715719488 run_miniworld.py:243] Data collection iteration 80.
I1017 02:43:17.747742 47482715719488 run_miniworld.py:250] Evaluation iteration 80.
I1017 02:43:27.220983 47482715719488 run_miniworld.py:267] iteration:  80
 frame: 2000000
 eval_episode_return:  0.00
 train_episode_return:  0.00
 train_exploration_epsilon: 0.100
 train_frame_rate:  182
I1017 02:43:30.864073 47482715719488 run_miniworld.py:243] Data collection iteration 81.
I1017 02:45:48.073920 47482715719488 run_miniworld.py:250] Evaluation iteration 81.
I1017 02:45:57.648401 47482715719488 run_miniworld.py:267] iteration:  81
 frame: 2025000
 eval_episode_return:  0.00
 train_episode_return:  0.00
 train_exploration_epsilon: 0.100
 train_frame_rate:  182
I1017 02:46:00.401945 47482715719488 run_miniworld.py:243] Data collection iteration 82.
I1017 02:48:16.916109 47482715719488 run_miniworld.py:250] Evaluation iteration 82.
I1017 02:48:26.389028 47482715719488 run_miniworld.py:267] iteration:  82
 frame: 2050000
 eval_episode_return:  0.00
 train_episode_return:  0.00
 train_exploration_epsilon: 0.100
 train_frame_rate:  183
I1017 02:48:29.125865 47482715719488 run_miniworld.py:243] Data collection iteration 83.
I1017 02:50:46.297235 47482715719488 run_miniworld.py:250] Evaluation iteration 83.
I1017 02:50:56.100721 47482715719488 run_miniworld.py:267] iteration:  83
 frame: 2075000
 eval_episode_return:  0.00
 train_episode_return:  0.00
 train_exploration_epsilon: 0.100
 train_frame_rate:  182
I1017 02:50:59.798637 47482715719488 run_miniworld.py:243] Data collection iteration 84.
I1017 02:53:16.852321 47482715719488 run_miniworld.py:250] Evaluation iteration 84.
I1017 02:53:26.195712 47482715719488 run_miniworld.py:267] iteration:  84
 frame: 2100000
 eval_episode_return:  0.00
 train_episode_return:  0.00
 train_exploration_epsilon: 0.100
 train_frame_rate:  182
I1017 02:53:28.921759 47482715719488 run_miniworld.py:243] Data collection iteration 85.
I1017 02:55:45.975958 47482715719488 run_miniworld.py:250] Evaluation iteration 85.
I1017 02:55:55.543797 47482715719488 run_miniworld.py:267] iteration:  85
 frame: 2125000
 eval_episode_return:  0.00
 train_episode_return:  0.00
 train_exploration_epsilon: 0.100
 train_frame_rate:  182
I1017 02:55:59.110055 47482715719488 run_miniworld.py:243] Data collection iteration 86.
I1017 02:58:16.501218 47482715719488 run_miniworld.py:250] Evaluation iteration 86.
I1017 02:58:26.119273 47482715719488 run_miniworld.py:267] iteration:  86
 frame: 2150000
 eval_episode_return:  0.00
 train_episode_return:  0.00
 train_exploration_epsilon: 0.100
 train_frame_rate:  182
I1017 02:58:28.887917 47482715719488 run_miniworld.py:243] Data collection iteration 87.
I1017 03:00:45.595936 47482715719488 run_miniworld.py:250] Evaluation iteration 87.
I1017 03:00:55.289567 47482715719488 run_miniworld.py:267] iteration:  87
 frame: 2175000
 eval_episode_return:  0.00
 train_episode_return:  0.00
 train_exploration_epsilon: 0.100
 train_frame_rate:  183
I1017 03:00:58.013275 47482715719488 run_miniworld.py:243] Data collection iteration 88.
I1017 03:03:13.953970 47482715719488 run_miniworld.py:250] Evaluation iteration 88.
I1017 03:03:23.438166 47482715719488 run_miniworld.py:267] iteration:  88
 frame: 2200000
 eval_episode_return:  0.00
 train_episode_return:  0.00
 train_exploration_epsilon: 0.100
 train_frame_rate:  184
I1017 03:03:27.170653 47482715719488 run_miniworld.py:243] Data collection iteration 89.
I1017 03:05:42.755665 47482715719488 run_miniworld.py:250] Evaluation iteration 89.
I1017 03:05:52.156002 47482715719488 run_miniworld.py:267] iteration:  89
 frame: 2225000
 eval_episode_return:  0.00
 train_episode_return:  0.00
 train_exploration_epsilon: 0.100
 train_frame_rate:  184
I1017 03:05:54.901566 47482715719488 run_miniworld.py:243] Data collection iteration 90.
I1017 03:08:11.205786 47482715719488 run_miniworld.py:250] Evaluation iteration 90.
I1017 03:08:20.780639 47482715719488 run_miniworld.py:267] iteration:  90
 frame: 2250000
 eval_episode_return:  0.00
 train_episode_return:  0.00
 train_exploration_epsilon: 0.100
 train_frame_rate:  183
I1017 03:08:24.443575 47482715719488 run_miniworld.py:243] Data collection iteration 91.
I1017 03:10:41.461207 47482715719488 run_miniworld.py:250] Evaluation iteration 91.
I1017 03:10:51.158543 47482715719488 run_miniworld.py:267] iteration:  91
 frame: 2275000
 eval_episode_return:  0.00
 train_episode_return:  0.00
 train_exploration_epsilon: 0.100
 train_frame_rate:  182
I1017 03:10:53.906569 47482715719488 run_miniworld.py:243] Data collection iteration 92.
I1017 03:13:10.197324 47482715719488 run_miniworld.py:250] Evaluation iteration 92.
I1017 03:13:20.061455 47482715719488 run_miniworld.py:267] iteration:  92
 frame: 2300000
 eval_episode_return:  0.00
 train_episode_return:  0.00
 train_exploration_epsilon: 0.100
 train_frame_rate:  183
I1017 03:13:22.891223 47482715719488 run_miniworld.py:243] Data collection iteration 93.
I1017 03:15:40.325243 47482715719488 run_miniworld.py:250] Evaluation iteration 93.
I1017 03:15:49.957238 47482715719488 run_miniworld.py:267] iteration:  93
 frame: 2325000
 eval_episode_return:  0.00
 train_episode_return:  0.00
 train_exploration_epsilon: 0.100
 train_frame_rate:  182
I1017 03:15:52.720470 47482715719488 run_miniworld.py:243] Data collection iteration 94.
I1017 03:18:09.245966 47482715719488 run_miniworld.py:250] Evaluation iteration 94.
I1017 03:18:19.029387 47482715719488 run_miniworld.py:267] iteration:  94
 frame: 2350000
 eval_episode_return:  0.00
 train_episode_return:  0.00
 train_exploration_epsilon: 0.100
 train_frame_rate:  183
I1017 03:18:21.752586 47482715719488 run_miniworld.py:243] Data collection iteration 95.
I1017 03:20:38.155357 47482715719488 run_miniworld.py:250] Evaluation iteration 95.
I1017 03:20:47.805723 47482715719488 run_miniworld.py:267] iteration:  95
 frame: 2375000
 eval_episode_return:  0.00
 train_episode_return:  0.00
 train_exploration_epsilon: 0.100
 train_frame_rate:  183
I1017 03:20:51.582736 47482715719488 run_miniworld.py:243] Data collection iteration 96.
I1017 03:23:07.901437 47482715719488 run_miniworld.py:250] Evaluation iteration 96.
I1017 03:23:17.354154 47482715719488 run_miniworld.py:267] iteration:  96
 frame: 2400000
 eval_episode_return:  0.00
 train_episode_return:  0.00
 train_exploration_epsilon: 0.100
 train_frame_rate:  183
I1017 03:23:20.121300 47482715719488 run_miniworld.py:243] Data collection iteration 97.
I1017 03:25:36.242742 47482715719488 run_miniworld.py:250] Evaluation iteration 97.
I1017 03:25:45.564512 47482715719488 run_miniworld.py:267] iteration:  97
 frame: 2425000
 eval_episode_return:  0.00
 train_episode_return:  0.00
 train_exploration_epsilon: 0.100
 train_frame_rate:  184
I1017 03:25:49.195087 47482715719488 run_miniworld.py:243] Data collection iteration 98.
I1017 03:28:05.929608 47482715719488 run_miniworld.py:250] Evaluation iteration 98.
I1017 03:28:15.514639 47482715719488 run_miniworld.py:267] iteration:  98
 frame: 2450000
 eval_episode_return:  0.00
 train_episode_return:  0.00
 train_exploration_epsilon: 0.100
 train_frame_rate:  183
I1017 03:28:18.240275 47482715719488 run_miniworld.py:243] Data collection iteration 99.
I1017 03:30:35.631334 47482715719488 run_miniworld.py:250] Evaluation iteration 99.
I1017 03:30:45.131725 47482715719488 run_miniworld.py:267] iteration:  99
 frame: 2475000
 eval_episode_return:  0.00
 train_episode_return:  0.00
 train_exploration_epsilon: 0.100
 train_frame_rate:  182
I1017 03:30:47.896325 47482715719488 run_miniworld.py:243] Data collection iteration 100.
I1017 03:33:04.106441 47482715719488 run_miniworld.py:250] Evaluation iteration 100.
I1017 03:33:13.693829 47482715719488 run_miniworld.py:267] iteration: 100
 frame: 2500000
 eval_episode_return:  0.00
 train_episode_return:  0.00
 train_exploration_epsilon: 0.100
 train_frame_rate:  184
I1017 03:33:17.576534 47482715719488 run_miniworld.py:243] Data collection iteration 101.
I1017 03:35:34.613221 47482715719488 run_miniworld.py:250] Evaluation iteration 101.
I1017 03:35:44.140599 47482715719488 run_miniworld.py:267] iteration: 101
 frame: 2525000
 eval_episode_return:  0.00
 train_episode_return:  0.00
 train_exploration_epsilon: 0.100
 train_frame_rate:  182
I1017 03:35:46.890785 47482715719488 run_miniworld.py:243] Data collection iteration 102.
I1017 03:38:04.390127 47482715719488 run_miniworld.py:250] Evaluation iteration 102.
I1017 03:38:14.129364 47482715719488 run_miniworld.py:267] iteration: 102
 frame: 2550000
 eval_episode_return:  0.00
 train_episode_return:  0.00
 train_exploration_epsilon: 0.100
 train_frame_rate:  182
I1017 03:38:17.777467 47482715719488 run_miniworld.py:243] Data collection iteration 103.
I1017 03:40:36.363703 47482715719488 run_miniworld.py:250] Evaluation iteration 103.
I1017 03:40:46.012680 47482715719488 run_miniworld.py:267] iteration: 103
 frame: 2575000
 eval_episode_return:  0.00
 train_episode_return:  0.00
 train_exploration_epsilon: 0.100
 train_frame_rate:  180
I1017 03:40:48.964483 47482715719488 run_miniworld.py:243] Data collection iteration 104.
I1017 03:43:06.412044 47482715719488 run_miniworld.py:250] Evaluation iteration 104.
I1017 03:43:15.884967 47482715719488 run_miniworld.py:267] iteration: 104
 frame: 2600000
 eval_episode_return:  0.00
 train_episode_return:  0.00
 train_exploration_epsilon: 0.100
 train_frame_rate:  182
I1017 03:43:18.651259 47482715719488 run_miniworld.py:243] Data collection iteration 105.
I1017 03:45:36.343865 47482715719488 run_miniworld.py:250] Evaluation iteration 105.
I1017 03:45:46.056088 47482715719488 run_miniworld.py:267] iteration: 105
 frame: 2625000
 eval_episode_return:  0.00
 train_episode_return:  0.00
 train_exploration_epsilon: 0.100
 train_frame_rate:  182
I1017 03:45:49.758890 47482715719488 run_miniworld.py:243] Data collection iteration 106.
I1017 03:48:08.030606 47482715719488 run_miniworld.py:250] Evaluation iteration 106.
I1017 03:48:17.794084 47482715719488 run_miniworld.py:267] iteration: 106
 frame: 2650000
 eval_episode_return:  0.00
 train_episode_return:  0.00
 train_exploration_epsilon: 0.100
 train_frame_rate:  181
I1017 03:48:20.595350 47482715719488 run_miniworld.py:243] Data collection iteration 107.
I1017 03:50:38.230960 47482715719488 run_miniworld.py:250] Evaluation iteration 107.
I1017 03:50:47.756204 47482715719488 run_miniworld.py:267] iteration: 107
 frame: 2675000
 eval_episode_return:  0.00
 train_episode_return:  0.00
 train_exploration_epsilon: 0.100
 train_frame_rate:  182
I1017 03:50:51.633237 47482715719488 run_miniworld.py:243] Data collection iteration 108.
I1017 03:53:09.030519 47482715719488 run_miniworld.py:250] Evaluation iteration 108.
I1017 03:53:18.659258 47482715719488 run_miniworld.py:267] iteration: 108
 frame: 2700000
 eval_episode_return:  0.00
 train_episode_return:  0.00
 train_exploration_epsilon: 0.100
 train_frame_rate:  182
I1017 03:53:21.451384 47482715719488 run_miniworld.py:243] Data collection iteration 109.
I1017 03:55:38.621195 47482715719488 run_miniworld.py:250] Evaluation iteration 109.
I1017 03:55:48.172607 47482715719488 run_miniworld.py:267] iteration: 109
 frame: 2725000
 eval_episode_return:  0.00
 train_episode_return:  0.00
 train_exploration_epsilon: 0.100
 train_frame_rate:  182
I1017 03:55:50.924413 47482715719488 run_miniworld.py:243] Data collection iteration 110.
I1017 03:58:08.419180 47482715719488 run_miniworld.py:250] Evaluation iteration 110.
I1017 03:58:18.105010 47482715719488 run_miniworld.py:267] iteration: 110
 frame: 2750000
 eval_episode_return:  0.00
 train_episode_return:  0.00
 train_exploration_epsilon: 0.100
 train_frame_rate:  182
I1017 03:58:21.900547 47482715719488 run_miniworld.py:243] Data collection iteration 111.
I1017 04:00:39.102151 47482715719488 run_miniworld.py:250] Evaluation iteration 111.
I1017 04:00:48.826413 47482715719488 run_miniworld.py:267] iteration: 111
 frame: 2775000
 eval_episode_return:  0.00
 train_episode_return:  0.00
 train_exploration_epsilon: 0.100
 train_frame_rate:  182
I1017 04:00:51.654061 47482715719488 run_miniworld.py:243] Data collection iteration 112.
I1017 04:03:08.836809 47482715719488 run_miniworld.py:250] Evaluation iteration 112.
I1017 04:03:18.433229 47482715719488 run_miniworld.py:267] iteration: 112
 frame: 2800000
 eval_episode_return:  0.00
 train_episode_return:  0.00
 train_exploration_epsilon: 0.100
 train_frame_rate:  182
I1017 04:03:22.094889 47482715719488 run_miniworld.py:243] Data collection iteration 113.
I1017 04:05:40.702326 47482715719488 run_miniworld.py:250] Evaluation iteration 113.
I1017 04:05:50.315963 47482715719488 run_miniworld.py:267] iteration: 113
 frame: 2825000
 eval_episode_return:  0.00
 train_episode_return:  0.00
 train_exploration_epsilon: 0.100
 train_frame_rate:  180
I1017 04:05:53.140730 47482715719488 run_miniworld.py:243] Data collection iteration 114.
I1017 04:08:11.214482 47482715719488 run_miniworld.py:250] Evaluation iteration 114.
I1017 04:08:20.723615 47482715719488 run_miniworld.py:267] iteration: 114
 frame: 2850000
 eval_episode_return:  0.00
 train_episode_return:  0.00
 train_exploration_epsilon: 0.100
 train_frame_rate:  181
I1017 04:08:23.451346 47482715719488 run_miniworld.py:243] Data collection iteration 115.
I1017 04:10:41.507090 47482715719488 run_miniworld.py:250] Evaluation iteration 115.
I1017 04:10:51.233043 47482715719488 run_miniworld.py:267] iteration: 115
 frame: 2875000
 eval_episode_return:  0.00
 train_episode_return:  0.00
 train_exploration_epsilon: 0.100
 train_frame_rate:  181
I1017 04:10:55.085119 47482715719488 run_miniworld.py:243] Data collection iteration 116.
I1017 04:13:13.157098 47482715719488 run_miniworld.py:250] Evaluation iteration 116.
I1017 04:13:22.843177 47482715719488 run_miniworld.py:267] iteration: 116
 frame: 2900000
 eval_episode_return:  0.00
 train_episode_return:  0.00
 train_exploration_epsilon: 0.100
 train_frame_rate:  181
I1017 04:13:25.747725 47482715719488 run_miniworld.py:243] Data collection iteration 117.
I1017 04:15:43.657185 47482715719488 run_miniworld.py:250] Evaluation iteration 117.
I1017 04:15:53.254422 47482715719488 run_miniworld.py:267] iteration: 117
 frame: 2925000
 eval_episode_return:  0.00
 train_episode_return:  0.00
 train_exploration_epsilon: 0.100
 train_frame_rate:  181
I1017 04:15:56.934436 47482715719488 run_miniworld.py:243] Data collection iteration 118.
I1017 04:18:16.234965 47482715719488 run_miniworld.py:250] Evaluation iteration 118.
I1017 04:18:25.732470 47482715719488 run_miniworld.py:267] iteration: 118
 frame: 2950000
 eval_episode_return:  0.00
 train_episode_return:  0.00
 train_exploration_epsilon: 0.100
 train_frame_rate:  179
I1017 04:18:28.577383 47482715719488 run_miniworld.py:243] Data collection iteration 119.
I1017 04:20:47.142415 47482715719488 run_miniworld.py:250] Evaluation iteration 119.
I1017 04:20:56.882059 47482715719488 run_miniworld.py:267] iteration: 119
 frame: 2975000
 eval_episode_return:  0.00
 train_episode_return:  0.00
 train_exploration_epsilon: 0.100
 train_frame_rate:  180
I1017 04:20:59.582035 47482715719488 run_miniworld.py:243] Data collection iteration 120.
I1017 04:23:16.963811 47482715719488 run_miniworld.py:250] Evaluation iteration 120.
I1017 04:23:26.367508 47482715719488 run_miniworld.py:267] iteration: 120
 frame: 3000000
 eval_episode_return:  0.00
 train_episode_return:  0.00
 train_exploration_epsilon: 0.100
 train_frame_rate:  182
I1017 04:23:30.177891 47482715719488 run_miniworld.py:243] Data collection iteration 121.
I1017 04:25:47.113123 47482715719488 run_miniworld.py:250] Evaluation iteration 121.
I1017 04:25:56.740162 47482715719488 run_miniworld.py:267] iteration: 121
 frame: 3025000
 eval_episode_return:  0.00
 train_episode_return:  0.00
 train_exploration_epsilon: 0.100
 train_frame_rate:  183
I1017 04:25:59.487398 47482715719488 run_miniworld.py:243] Data collection iteration 122.
I1017 04:28:15.413492 47482715719488 run_miniworld.py:250] Evaluation iteration 122.
I1017 04:28:25.084144 47482715719488 run_miniworld.py:267] iteration: 122
 frame: 3050000
 eval_episode_return:  0.00
 train_episode_return:  0.00
 train_exploration_epsilon: 0.100
 train_frame_rate:  184
I1017 04:28:29.006552 47482715719488 run_miniworld.py:243] Data collection iteration 123.
I1017 04:30:45.317773 47482715719488 run_miniworld.py:250] Evaluation iteration 123.
I1017 04:30:55.193825 47482715719488 run_miniworld.py:267] iteration: 123
 frame: 3075000
 eval_episode_return:  0.00
 train_episode_return:  0.00
 train_exploration_epsilon: 0.100
 train_frame_rate:  183
I1017 04:30:57.916369 47482715719488 run_miniworld.py:243] Data collection iteration 124.
I1017 04:33:14.385540 47482715719488 run_miniworld.py:250] Evaluation iteration 124.
I1017 04:33:23.920875 47482715719488 run_miniworld.py:267] iteration: 124
 frame: 3100000
 eval_episode_return:  0.00
 train_episode_return:  0.00
 train_exploration_epsilon: 0.100
 train_frame_rate:  183
I1017 04:33:26.658019 47482715719488 run_miniworld.py:243] Data collection iteration 125.
I1017 04:35:42.850958 47482715719488 run_miniworld.py:250] Evaluation iteration 125.
I1017 04:35:52.468436 47482715719488 run_miniworld.py:267] iteration: 125
 frame: 3125000
 eval_episode_return:  0.00
 train_episode_return:  0.00
 train_exploration_epsilon: 0.100
 train_frame_rate:  184
I1017 04:35:56.284458 47482715719488 run_miniworld.py:243] Data collection iteration 126.
I1017 04:38:13.030390 47482715719488 run_miniworld.py:250] Evaluation iteration 126.
I1017 04:38:22.566430 47482715719488 run_miniworld.py:267] iteration: 126
 frame: 3150000
 eval_episode_return:  0.00
 train_episode_return:  0.00
 train_exploration_epsilon: 0.100
 train_frame_rate:  183
I1017 04:38:25.352297 47482715719488 run_miniworld.py:243] Data collection iteration 127.
I1017 04:40:42.834604 47482715719488 run_miniworld.py:250] Evaluation iteration 127.
I1017 04:40:52.627984 47482715719488 run_miniworld.py:267] iteration: 127
 frame: 3175000
 eval_episode_return:  0.00
 train_episode_return:  0.00
 train_exploration_epsilon: 0.100
 train_frame_rate:  182
I1017 04:40:56.326385 47482715719488 run_miniworld.py:243] Data collection iteration 128.
I1017 04:43:14.017620 47482715719488 run_miniworld.py:250] Evaluation iteration 128.
I1017 04:43:23.593387 47482715719488 run_miniworld.py:267] iteration: 128
 frame: 3200000
 eval_episode_return:  0.00
 train_episode_return:  0.00
 train_exploration_epsilon: 0.100
 train_frame_rate:  182
I1017 04:43:26.314669 47482715719488 run_miniworld.py:243] Data collection iteration 129.
I1017 04:45:43.049678 47482715719488 run_miniworld.py:250] Evaluation iteration 129.
I1017 04:45:52.722168 47482715719488 run_miniworld.py:267] iteration: 129
 frame: 3225000
 eval_episode_return:  0.00
 train_episode_return:  0.00
 train_exploration_epsilon: 0.100
 train_frame_rate:  183
I1017 04:45:55.573512 47482715719488 run_miniworld.py:243] Data collection iteration 130.
I1017 04:48:12.049919 47482715719488 run_miniworld.py:250] Evaluation iteration 130.
I1017 04:48:21.673758 47482715719488 run_miniworld.py:267] iteration: 130
 frame: 3250000
 eval_episode_return:  0.00
 train_episode_return:  0.00
 train_exploration_epsilon: 0.100
 train_frame_rate:  183
I1017 04:48:25.416463 47482715719488 run_miniworld.py:243] Data collection iteration 131.
I1017 04:50:42.344503 47482715719488 run_miniworld.py:250] Evaluation iteration 131.
I1017 04:50:51.907231 47482715719488 run_miniworld.py:267] iteration: 131
 frame: 3275000
 eval_episode_return:  0.00
 train_episode_return:  0.00
 train_exploration_epsilon: 0.100
 train_frame_rate:  183
I1017 04:50:54.660866 47482715719488 run_miniworld.py:243] Data collection iteration 132.
I1017 04:53:10.522148 47482715719488 run_miniworld.py:250] Evaluation iteration 132.
I1017 04:53:20.036288 47482715719488 run_miniworld.py:267] iteration: 132
 frame: 3300000
 eval_episode_return:  0.00
 train_episode_return:  0.00
 train_exploration_epsilon: 0.100
 train_frame_rate:  184
I1017 04:53:23.860248 47482715719488 run_miniworld.py:243] Data collection iteration 133.
I1017 04:55:40.851878 47482715719488 run_miniworld.py:250] Evaluation iteration 133.
I1017 04:55:50.442656 47482715719488 run_miniworld.py:267] iteration: 133
 frame: 3325000
 eval_episode_return:  0.00
 train_episode_return:  0.00
 train_exploration_epsilon: 0.100
 train_frame_rate:  182
I1017 04:55:53.176615 47482715719488 run_miniworld.py:243] Data collection iteration 134.
I1017 04:58:09.870923 47482715719488 run_miniworld.py:250] Evaluation iteration 134.
I1017 04:58:19.335571 47482715719488 run_miniworld.py:267] iteration: 134
 frame: 3350000
 eval_episode_return:  0.00
 train_episode_return:  0.00
 train_exploration_epsilon: 0.100
 train_frame_rate:  183
I1017 04:58:22.038000 47482715719488 run_miniworld.py:243] Data collection iteration 135.
I1017 05:00:38.989039 47482715719488 run_miniworld.py:250] Evaluation iteration 135.
I1017 05:00:48.600337 47482715719488 run_miniworld.py:267] iteration: 135
 frame: 3375000
 eval_episode_return:  0.00
 train_episode_return:  0.00
 train_exploration_epsilon: 0.100
 train_frame_rate:  183
I1017 05:00:52.481335 47482715719488 run_miniworld.py:243] Data collection iteration 136.
I1017 05:03:09.233218 47482715719488 run_miniworld.py:250] Evaluation iteration 136.
I1017 05:03:19.037775 47482715719488 run_miniworld.py:267] iteration: 136
 frame: 3400000
 eval_episode_return:  0.00
 train_episode_return:  0.00
 train_exploration_epsilon: 0.100
 train_frame_rate:  183
I1017 05:03:21.998930 47482715719488 run_miniworld.py:243] Data collection iteration 137.
I1017 05:05:39.126435 47482715719488 run_miniworld.py:250] Evaluation iteration 137.
I1017 05:05:48.844642 47482715719488 run_miniworld.py:267] iteration: 137
 frame: 3425000
 eval_episode_return:  0.00
 train_episode_return:  0.00
 train_exploration_epsilon: 0.100
 train_frame_rate:  182
I1017 05:05:52.711061 47482715719488 run_miniworld.py:243] Data collection iteration 138.
I1017 05:08:09.578082 47482715719488 run_miniworld.py:250] Evaluation iteration 138.
I1017 05:08:19.635577 47482715719488 run_miniworld.py:267] iteration: 138
 frame: 3450000
 eval_episode_return:  0.00
 train_episode_return:  0.00
 train_exploration_epsilon: 0.100
 train_frame_rate:  183
I1017 05:08:22.488587 47482715719488 run_miniworld.py:243] Data collection iteration 139.
I1017 05:10:39.517815 47482715719488 run_miniworld.py:250] Evaluation iteration 139.
I1017 05:10:49.130065 47482715719488 run_miniworld.py:267] iteration: 139
 frame: 3475000
 eval_episode_return:  0.00
 train_episode_return:  0.00
 train_exploration_epsilon: 0.100
 train_frame_rate:  182
I1017 05:10:51.926645 47482715719488 run_miniworld.py:243] Data collection iteration 140.
I1017 05:13:09.290226 47482715719488 run_miniworld.py:250] Evaluation iteration 140.
I1017 05:13:19.195692 47482715719488 run_miniworld.py:267] iteration: 140
 frame: 3500000
 eval_episode_return:  0.00
 train_episode_return:  0.00
 train_exploration_epsilon: 0.100
 train_frame_rate:  182
I1017 05:13:23.255496 47482715719488 run_miniworld.py:243] Data collection iteration 141.
I1017 05:15:40.949830 47482715719488 run_miniworld.py:250] Evaluation iteration 141.
I1017 05:15:50.639766 47482715719488 run_miniworld.py:267] iteration: 141
 frame: 3525000
 eval_episode_return:  0.00
 train_episode_return:  0.00
 train_exploration_epsilon: 0.100
 train_frame_rate:  182
I1017 05:15:53.442365 47482715719488 run_miniworld.py:243] Data collection iteration 142.
I1017 05:18:10.491497 47482715719488 run_miniworld.py:250] Evaluation iteration 142.
I1017 05:18:20.237126 47482715719488 run_miniworld.py:267] iteration: 142
 frame: 3550000
 eval_episode_return:  0.00
 train_episode_return:  0.00
 train_exploration_epsilon: 0.100
 train_frame_rate:  182
I1017 05:18:24.076197 47482715719488 run_miniworld.py:243] Data collection iteration 143.
I1017 05:20:41.484082 47482715719488 run_miniworld.py:250] Evaluation iteration 143.
I1017 05:20:50.997957 47482715719488 run_miniworld.py:267] iteration: 143
 frame: 3575000
 eval_episode_return:  0.00
 train_episode_return:  0.00
 train_exploration_epsilon: 0.100
 train_frame_rate:  182
I1017 05:20:53.710706 47482715719488 run_miniworld.py:243] Data collection iteration 144.
I1017 05:23:10.633409 47482715719488 run_miniworld.py:250] Evaluation iteration 144.
I1017 05:23:20.318002 47482715719488 run_miniworld.py:267] iteration: 144
 frame: 3600000
 eval_episode_return:  0.00
 train_episode_return:  0.00
 train_exploration_epsilon: 0.100
 train_frame_rate:  183
I1017 05:23:23.081278 47482715719488 run_miniworld.py:243] Data collection iteration 145.
I1017 05:25:39.294089 47482715719488 run_miniworld.py:250] Evaluation iteration 145.
I1017 05:25:48.869765 47482715719488 run_miniworld.py:267] iteration: 145
 frame: 3625000
 eval_episode_return:  0.00
 train_episode_return:  0.00
 train_exploration_epsilon: 0.100
 train_frame_rate:  184
I1017 05:25:52.689110 47482715719488 run_miniworld.py:243] Data collection iteration 146.
I1017 05:28:09.931717 47482715719488 run_miniworld.py:250] Evaluation iteration 146.
I1017 05:28:19.565913 47482715719488 run_miniworld.py:267] iteration: 146
 frame: 3650000
 eval_episode_return:  0.00
 train_episode_return:  0.00
 train_exploration_epsilon: 0.100
 train_frame_rate:  182
I1017 05:28:22.259089 47482715719488 run_miniworld.py:243] Data collection iteration 147.
I1017 05:30:39.452344 47482715719488 run_miniworld.py:250] Evaluation iteration 147.
I1017 05:30:49.258607 47482715719488 run_miniworld.py:267] iteration: 147
 frame: 3675000
 eval_episode_return:  0.00
 train_episode_return:  0.00
 train_exploration_epsilon: 0.100
 train_frame_rate:  182
I1017 05:30:52.945797 47482715719488 run_miniworld.py:243] Data collection iteration 148.
I1017 05:33:10.338685 47482715719488 run_miniworld.py:250] Evaluation iteration 148.
I1017 05:33:19.951332 47482715719488 run_miniworld.py:267] iteration: 148
 frame: 3700000
 eval_episode_return:  0.00
 train_episode_return:  0.00
 train_exploration_epsilon: 0.100
 train_frame_rate:  182
I1017 05:33:22.702549 47482715719488 run_miniworld.py:243] Data collection iteration 149.
I1017 05:35:39.193909 47482715719488 run_miniworld.py:250] Evaluation iteration 149.
I1017 05:35:48.714705 47482715719488 run_miniworld.py:267] iteration: 149
 frame: 3725000
 eval_episode_return:  0.00
 train_episode_return:  0.00
 train_exploration_epsilon: 0.100
 train_frame_rate:  183
I1017 05:35:51.492216 47482715719488 run_miniworld.py:243] Data collection iteration 150.
I1017 05:38:08.219618 47482715719488 run_miniworld.py:250] Evaluation iteration 150.
I1017 05:38:17.840253 47482715719488 run_miniworld.py:267] iteration: 150
 frame: 3750000
 eval_episode_return:  0.00
 train_episode_return:  0.00
 train_exploration_epsilon: 0.100
 train_frame_rate:  183
I1017 05:38:21.824459 47482715719488 run_miniworld.py:243] Data collection iteration 151.
I1017 05:40:38.773042 47482715719488 run_miniworld.py:250] Evaluation iteration 151.
I1017 05:40:48.374186 47482715719488 run_miniworld.py:267] iteration: 151
 frame: 3775000
 eval_episode_return:  0.00
 train_episode_return:  0.00
 train_exploration_epsilon: 0.100
 train_frame_rate:  183
I1017 05:40:51.163548 47482715719488 run_miniworld.py:243] Data collection iteration 152.
I1017 05:43:08.383536 47482715719488 run_miniworld.py:250] Evaluation iteration 152.
I1017 05:43:18.086708 47482715719488 run_miniworld.py:267] iteration: 152
 frame: 3800000
 eval_episode_return:  0.00
 train_episode_return:  0.00
 train_exploration_epsilon: 0.100
 train_frame_rate:  182
I1017 05:43:21.820759 47482715719488 run_miniworld.py:243] Data collection iteration 153.
I1017 05:45:39.527868 47482715719488 run_miniworld.py:250] Evaluation iteration 153.
I1017 05:45:49.141714 47482715719488 run_miniworld.py:267] iteration: 153
 frame: 3825000
 eval_episode_return:  0.00
 train_episode_return:  0.00
 train_exploration_epsilon: 0.100
 train_frame_rate:  182
I1017 05:45:51.992010 47482715719488 run_miniworld.py:243] Data collection iteration 154.
I1017 05:48:08.784265 47482715719488 run_miniworld.py:250] Evaluation iteration 154.
I1017 05:48:18.269837 47482715719488 run_miniworld.py:267] iteration: 154
 frame: 3850000
 eval_episode_return:  0.00
 train_episode_return:  0.00
 train_exploration_epsilon: 0.100
 train_frame_rate:  183
I1017 05:48:21.049941 47482715719488 run_miniworld.py:243] Data collection iteration 155.
I1017 05:50:38.763311 47482715719488 run_miniworld.py:250] Evaluation iteration 155.
I1017 05:50:48.513050 47482715719488 run_miniworld.py:267] iteration: 155
 frame: 3875000
 eval_episode_return:  0.00
 train_episode_return:  0.00
 train_exploration_epsilon: 0.100
 train_frame_rate:  182
I1017 05:50:52.388352 47482715719488 run_miniworld.py:243] Data collection iteration 156.
I1017 05:53:09.242998 47482715719488 run_miniworld.py:250] Evaluation iteration 156.
I1017 05:53:18.885764 47482715719488 run_miniworld.py:267] iteration: 156
 frame: 3900000
 eval_episode_return:  0.00
 train_episode_return:  0.00
 train_exploration_epsilon: 0.100
 train_frame_rate:  183
I1017 05:53:21.648038 47482715719488 run_miniworld.py:243] Data collection iteration 157.
I1017 05:55:38.066810 47482715719488 run_miniworld.py:250] Evaluation iteration 157.
I1017 05:55:47.701321 47482715719488 run_miniworld.py:267] iteration: 157
 frame: 3925000
 eval_episode_return:  0.00
 train_episode_return:  0.00
 train_exploration_epsilon: 0.100
 train_frame_rate:  183
I1017 05:55:51.486349 47482715719488 run_miniworld.py:243] Data collection iteration 158.
I1017 05:58:08.477206 47482715719488 run_miniworld.py:250] Evaluation iteration 158.
I1017 05:58:18.011355 47482715719488 run_miniworld.py:267] iteration: 158
 frame: 3950000
 eval_episode_return:  0.00
 train_episode_return:  0.00
 train_exploration_epsilon: 0.100
 train_frame_rate:  182
I1017 05:58:20.797749 47482715719488 run_miniworld.py:243] Data collection iteration 159.
I1017 06:00:37.492537 47482715719488 run_miniworld.py:250] Evaluation iteration 159.
I1017 06:00:47.137018 47482715719488 run_miniworld.py:267] iteration: 159
 frame: 3975000
 eval_episode_return:  0.00
 train_episode_return:  0.00
 train_exploration_epsilon: 0.100
 train_frame_rate:  183
I1017 06:00:49.827872 47482715719488 run_miniworld.py:243] Data collection iteration 160.
I1017 06:03:06.645417 47482715719488 run_miniworld.py:250] Evaluation iteration 160.
I1017 06:03:16.191703 47482715719488 run_miniworld.py:267] iteration: 160
 frame: 4000000
 eval_episode_return:  0.00
 train_episode_return:  0.00
 train_exploration_epsilon: 0.100
 train_frame_rate:  183
I1017 06:03:19.947578 47482715719488 run_miniworld.py:243] Data collection iteration 161.
I1017 06:05:38.049995 47482715719488 run_miniworld.py:250] Evaluation iteration 161.
I1017 06:05:47.847028 47482715719488 run_miniworld.py:267] iteration: 161
 frame: 4025000
 eval_episode_return:  0.00
 train_episode_return:  0.00
 train_exploration_epsilon: 0.100
 train_frame_rate:  181
I1017 06:05:50.677710 47482715719488 run_miniworld.py:243] Data collection iteration 162.
I1017 06:08:08.041134 47482715719488 run_miniworld.py:250] Evaluation iteration 162.
I1017 06:08:17.752533 47482715719488 run_miniworld.py:267] iteration: 162
 frame: 4050000
 eval_episode_return:  0.00
 train_episode_return:  0.00
 train_exploration_epsilon: 0.100
 train_frame_rate:  182
I1017 06:08:21.561492 47482715719488 run_miniworld.py:243] Data collection iteration 163.
I1017 06:10:39.651376 47482715719488 run_miniworld.py:250] Evaluation iteration 163.
I1017 06:10:49.325090 47482715719488 run_miniworld.py:267] iteration: 163
 frame: 4075000
 eval_episode_return:  0.00
 train_episode_return:  0.00
 train_exploration_epsilon: 0.100
 train_frame_rate:  181
I1017 06:10:52.295013 47482715719488 run_miniworld.py:243] Data collection iteration 164.
I1017 06:13:10.156117 47482715719488 run_miniworld.py:250] Evaluation iteration 164.
I1017 06:13:19.937309 47482715719488 run_miniworld.py:267] iteration: 164
 frame: 4100000
 eval_episode_return:  0.00
 train_episode_return:  0.00
 train_exploration_epsilon: 0.100
 train_frame_rate:  181
I1017 06:13:22.673148 47482715719488 run_miniworld.py:243] Data collection iteration 165.
I1017 06:15:39.513077 47482715719488 run_miniworld.py:250] Evaluation iteration 165.
I1017 06:15:49.175176 47482715719488 run_miniworld.py:267] iteration: 165
 frame: 4125000
 eval_episode_return:  0.00
 train_episode_return:  0.00
 train_exploration_epsilon: 0.100
 train_frame_rate:  183
I1017 06:15:53.107005 47482715719488 run_miniworld.py:243] Data collection iteration 166.
I1017 06:18:09.094108 47482715719488 run_miniworld.py:250] Evaluation iteration 166.
I1017 06:18:18.983910 47482715719488 run_miniworld.py:267] iteration: 166
 frame: 4150000
 eval_episode_return:  0.00
 train_episode_return:  0.00
 train_exploration_epsilon: 0.100
 train_frame_rate:  184
I1017 06:18:21.811375 47482715719488 run_miniworld.py:243] Data collection iteration 167.
I1017 06:20:38.877844 47482715719488 run_miniworld.py:250] Evaluation iteration 167.
I1017 06:20:48.586024 47482715719488 run_miniworld.py:267] iteration: 167
 frame: 4175000
 eval_episode_return:  0.00
 train_episode_return:  0.00
 train_exploration_epsilon: 0.100
 train_frame_rate:  182
I1017 06:20:52.328159 47482715719488 run_miniworld.py:243] Data collection iteration 168.
I1017 06:23:10.061026 47482715719488 run_miniworld.py:250] Evaluation iteration 168.
I1017 06:23:19.776947 47482715719488 run_miniworld.py:267] iteration: 168
 frame: 4200000
 eval_episode_return:  0.00
 train_episode_return:  0.00
 train_exploration_epsilon: 0.100
 train_frame_rate:  182
I1017 06:23:22.523250 47482715719488 run_miniworld.py:243] Data collection iteration 169.
I1017 06:25:39.004816 47482715719488 run_miniworld.py:250] Evaluation iteration 169.
I1017 06:25:48.681246 47482715719488 run_miniworld.py:267] iteration: 169
 frame: 4225000
 eval_episode_return:  0.00
 train_episode_return:  0.00
 train_exploration_epsilon: 0.100
 train_frame_rate:  183
I1017 06:25:51.444026 47482715719488 run_miniworld.py:243] Data collection iteration 170.
I1017 06:28:08.273483 47482715719488 run_miniworld.py:250] Evaluation iteration 170.
I1017 06:28:17.952989 47482715719488 run_miniworld.py:267] iteration: 170
 frame: 4250000
 eval_episode_return:  0.00
 train_episode_return:  0.00
 train_exploration_epsilon: 0.100
 train_frame_rate:  183
I1017 06:28:21.726161 47482715719488 run_miniworld.py:243] Data collection iteration 171.
I1017 06:30:38.296147 47482715719488 run_miniworld.py:250] Evaluation iteration 171.
I1017 06:30:47.872526 47482715719488 run_miniworld.py:267] iteration: 171
 frame: 4275000
 eval_episode_return:  0.00
 train_episode_return:  0.00
 train_exploration_epsilon: 0.100
 train_frame_rate:  183
I1017 06:30:50.568154 47482715719488 run_miniworld.py:243] Data collection iteration 172.
I1017 06:33:07.553005 47482715719488 run_miniworld.py:250] Evaluation iteration 172.
I1017 06:33:17.331969 47482715719488 run_miniworld.py:267] iteration: 172
 frame: 4300000
 eval_episode_return:  0.00
 train_episode_return:  0.00
 train_exploration_epsilon: 0.100
 train_frame_rate:  183
I1017 06:33:20.992109 47482715719488 run_miniworld.py:243] Data collection iteration 173.
I1017 06:35:38.289458 47482715719488 run_miniworld.py:250] Evaluation iteration 173.
I1017 06:35:47.776909 47482715719488 run_miniworld.py:267] iteration: 173
 frame: 4325000
 eval_episode_return:  0.00
 train_episode_return:  0.00
 train_exploration_epsilon: 0.100
 train_frame_rate:  182
I1017 06:35:50.591080 47482715719488 run_miniworld.py:243] Data collection iteration 174.
I1017 06:38:05.216928 47482715719488 run_miniworld.py:250] Evaluation iteration 174.
I1017 06:38:15.002255 47482715719488 run_miniworld.py:267] iteration: 174
 frame: 4350000
 eval_episode_return:  0.00
 train_episode_return:  0.00
 train_exploration_epsilon: 0.100
 train_frame_rate:  186
I1017 06:38:17.788255 47482715719488 run_miniworld.py:243] Data collection iteration 175.
I1017 06:40:32.096526 47482715719488 run_miniworld.py:250] Evaluation iteration 175.
I1017 06:40:41.880717 47482715719488 run_miniworld.py:267] iteration: 175
 frame: 4375000
 eval_episode_return:  0.00
 train_episode_return:  0.00
 train_exploration_epsilon: 0.100
 train_frame_rate:  186
I1017 06:40:45.639759 47482715719488 run_miniworld.py:243] Data collection iteration 176.
I1017 06:43:00.517899 47482715719488 run_miniworld.py:250] Evaluation iteration 176.
I1017 06:43:10.173302 47482715719488 run_miniworld.py:267] iteration: 176
 frame: 4400000
 eval_episode_return:  0.00
 train_episode_return:  0.00
 train_exploration_epsilon: 0.100
 train_frame_rate:  185
I1017 06:43:12.909646 47482715719488 run_miniworld.py:243] Data collection iteration 177.
I1017 06:45:27.782632 47482715719488 run_miniworld.py:250] Evaluation iteration 177.
I1017 06:45:37.486267 47482715719488 run_miniworld.py:267] iteration: 177
 frame: 4425000
 eval_episode_return:  0.00
 train_episode_return:  0.00
 train_exploration_epsilon: 0.100
 train_frame_rate:  185
I1017 06:45:41.215934 47482715719488 run_miniworld.py:243] Data collection iteration 178.
I1017 06:50:03.471664 47482715719488 run_miniworld.py:250] Evaluation iteration 178.
I1017 06:50:13.261941 47482715719488 run_miniworld.py:267] iteration: 178
 frame: 4450000
 eval_episode_return:  0.00
 train_episode_return:  0.00
 train_exploration_epsilon: 0.100
 train_frame_rate:   95
I1017 06:50:16.202103 47482715719488 run_miniworld.py:243] Data collection iteration 179.
I1017 06:52:30.945445 47482715719488 run_miniworld.py:250] Evaluation iteration 179.
I1017 06:52:40.614315 47482715719488 run_miniworld.py:267] iteration: 179
 frame: 4475000
 eval_episode_return:  0.00
 train_episode_return:  0.00
 train_exploration_epsilon: 0.100
 train_frame_rate:  186
I1017 06:52:43.394838 47482715719488 run_miniworld.py:243] Data collection iteration 180.
I1017 06:54:57.892921 47482715719488 run_miniworld.py:250] Evaluation iteration 180.
I1017 06:55:07.602901 47482715719488 run_miniworld.py:267] iteration: 180
 frame: 4500000
 eval_episode_return:  0.00
 train_episode_return:  0.00
 train_exploration_epsilon: 0.100
 train_frame_rate:  186
I1017 06:55:11.487332 47482715719488 run_miniworld.py:243] Data collection iteration 181.
I1017 06:57:26.023067 47482715719488 run_miniworld.py:250] Evaluation iteration 181.
I1017 06:57:35.593571 47482715719488 run_miniworld.py:267] iteration: 181
 frame: 4525000
 eval_episode_return:  0.00
 train_episode_return:  0.00
 train_exploration_epsilon: 0.100
 train_frame_rate:  186
I1017 06:57:38.489544 47482715719488 run_miniworld.py:243] Data collection iteration 182.
I1017 06:59:53.387261 47482715719488 run_miniworld.py:250] Evaluation iteration 182.
I1017 07:00:02.992918 47482715719488 run_miniworld.py:267] iteration: 182
 frame: 4550000
 eval_episode_return:  0.00
 train_episode_return:  0.00
 train_exploration_epsilon: 0.100
 train_frame_rate:  185
I1017 07:00:06.684549 47482715719488 run_miniworld.py:243] Data collection iteration 183.
I1017 07:02:21.371836 47482715719488 run_miniworld.py:250] Evaluation iteration 183.
I1017 07:02:30.845012 47482715719488 run_miniworld.py:267] iteration: 183
 frame: 4575000
 eval_episode_return:  0.00
 train_episode_return:  0.00
 train_exploration_epsilon: 0.100
 train_frame_rate:  186
I1017 07:02:33.622349 47482715719488 run_miniworld.py:243] Data collection iteration 184.
I1017 07:04:48.750659 47482715719488 run_miniworld.py:250] Evaluation iteration 184.
I1017 07:04:58.602299 47482715719488 run_miniworld.py:267] iteration: 184
 frame: 4600000
 eval_episode_return:  0.00
 train_episode_return:  0.00
 train_exploration_epsilon: 0.100
 train_frame_rate:  185
I1017 07:05:01.377082 47482715719488 run_miniworld.py:243] Data collection iteration 185.
I1017 07:07:15.358793 47482715719488 run_miniworld.py:250] Evaluation iteration 185.
I1017 07:07:24.798955 47482715719488 run_miniworld.py:267] iteration: 185
 frame: 4625000
 eval_episode_return:  0.00
 train_episode_return:  0.00
 train_exploration_epsilon: 0.100
 train_frame_rate:  187
I1017 07:07:28.771338 47482715719488 run_miniworld.py:243] Data collection iteration 186.
I1017 07:09:42.842844 47482715719488 run_miniworld.py:250] Evaluation iteration 186.
I1017 07:09:52.640592 47482715719488 run_miniworld.py:267] iteration: 186
 frame: 4650000
 eval_episode_return:  0.00
 train_episode_return:  0.00
 train_exploration_epsilon: 0.100
 train_frame_rate:  186
I1017 07:09:55.396804 47482715719488 run_miniworld.py:243] Data collection iteration 187.
I1017 07:12:09.942524 47482715719488 run_miniworld.py:250] Evaluation iteration 187.
I1017 07:12:19.624932 47482715719488 run_miniworld.py:267] iteration: 187
 frame: 4675000
 eval_episode_return:  0.00
 train_episode_return:  0.00
 train_exploration_epsilon: 0.100
 train_frame_rate:  186
I1017 07:12:23.352531 47482715719488 run_miniworld.py:243] Data collection iteration 188.
I1017 07:14:38.868975 47482715719488 run_miniworld.py:250] Evaluation iteration 188.
I1017 07:14:48.647365 47482715719488 run_miniworld.py:267] iteration: 188
 frame: 4700000
 eval_episode_return:  0.00
 train_episode_return:  0.00
 train_exploration_epsilon: 0.100
 train_frame_rate:  184
I1017 07:14:51.358826 47482715719488 run_miniworld.py:243] Data collection iteration 189.
I1017 07:17:05.048652 47482715719488 run_miniworld.py:250] Evaluation iteration 189.
I1017 07:17:14.673785 47482715719488 run_miniworld.py:267] iteration: 189
 frame: 4725000
 eval_episode_return:  0.00
 train_episode_return:  0.00
 train_exploration_epsilon: 0.100
 train_frame_rate:  187
I1017 07:17:17.406777 47482715719488 run_miniworld.py:243] Data collection iteration 190.
I1017 07:19:32.437422 47482715719488 run_miniworld.py:250] Evaluation iteration 190.
I1017 07:19:42.146916 47482715719488 run_miniworld.py:267] iteration: 190
 frame: 4750000
 eval_episode_return:  0.00
 train_episode_return:  0.00
 train_exploration_epsilon: 0.100
 train_frame_rate:  185
I1017 07:19:45.978539 47482715719488 run_miniworld.py:243] Data collection iteration 191.
I1017 07:22:01.092638 47482715719488 run_miniworld.py:250] Evaluation iteration 191.
I1017 07:22:10.787745 47482715719488 run_miniworld.py:267] iteration: 191
 frame: 4775000
 eval_episode_return:  0.00
 train_episode_return:  0.00
 train_exploration_epsilon: 0.100
 train_frame_rate:  185
I1017 07:22:13.523928 47482715719488 run_miniworld.py:243] Data collection iteration 192.
I1017 07:24:27.753942 47482715719488 run_miniworld.py:250] Evaluation iteration 192.
I1017 07:24:37.317002 47482715719488 run_miniworld.py:267] iteration: 192
 frame: 4800000
 eval_episode_return:  0.00
 train_episode_return:  0.00
 train_exploration_epsilon: 0.100
 train_frame_rate:  186
I1017 07:24:41.043270 47482715719488 run_miniworld.py:243] Data collection iteration 193.
I1017 07:26:55.649049 47482715719488 run_miniworld.py:250] Evaluation iteration 193.
I1017 07:27:05.395501 47482715719488 run_miniworld.py:267] iteration: 193
 frame: 4825000
 eval_episode_return:  0.00
 train_episode_return:  0.00
 train_exploration_epsilon: 0.100
 train_frame_rate:  186
I1017 07:27:08.252535 47482715719488 run_miniworld.py:243] Data collection iteration 194.
I1017 07:29:23.034646 47482715719488 run_miniworld.py:250] Evaluation iteration 194.
I1017 07:29:32.581216 47482715719488 run_miniworld.py:267] iteration: 194
 frame: 4850000
 eval_episode_return:  0.00
 train_episode_return:  0.00
 train_exploration_epsilon: 0.100
 train_frame_rate:  185
I1017 07:29:35.291892 47482715719488 run_miniworld.py:243] Data collection iteration 195.
I1017 07:31:49.739130 47482715719488 run_miniworld.py:250] Evaluation iteration 195.
I1017 07:31:59.398332 47482715719488 run_miniworld.py:267] iteration: 195
 frame: 4875000
 eval_episode_return:  0.00
 train_episode_return:  0.00
 train_exploration_epsilon: 0.100
 train_frame_rate:  186
I1017 07:32:03.213569 47482715719488 run_miniworld.py:243] Data collection iteration 196.
I1017 07:34:17.540106 47482715719488 run_miniworld.py:250] Evaluation iteration 196.
I1017 07:34:27.113510 47482715719488 run_miniworld.py:267] iteration: 196
 frame: 4900000
 eval_episode_return:  0.00
 train_episode_return:  0.00
 train_exploration_epsilon: 0.100
 train_frame_rate:  186
I1017 07:34:29.823590 47482715719488 run_miniworld.py:243] Data collection iteration 197.
I1017 07:36:44.157408 47482715719488 run_miniworld.py:250] Evaluation iteration 197.
I1017 07:36:53.885257 47482715719488 run_miniworld.py:267] iteration: 197
 frame: 4925000
 eval_episode_return:  0.00
 train_episode_return:  0.00
 train_exploration_epsilon: 0.100
 train_frame_rate:  186
I1017 07:36:57.711699 47482715719488 run_miniworld.py:243] Data collection iteration 198.
I1017 07:39:12.798470 47482715719488 run_miniworld.py:250] Evaluation iteration 198.
I1017 07:39:22.549913 47482715719488 run_miniworld.py:267] iteration: 198
 frame: 4950000
 eval_episode_return:  0.00
 train_episode_return:  0.00
 train_exploration_epsilon: 0.100
 train_frame_rate:  185
I1017 07:39:25.546561 47482715719488 run_miniworld.py:243] Data collection iteration 199.
I1017 07:41:40.527889 47482715719488 run_miniworld.py:250] Evaluation iteration 199.
I1017 07:41:50.181654 47482715719488 run_miniworld.py:267] iteration: 199
 frame: 4975000
 eval_episode_return:  0.00
 train_episode_return:  0.00
 train_exploration_epsilon: 0.100
 train_frame_rate:  185
I1017 07:41:52.902840 47482715719488 run_miniworld.py:243] Data collection iteration 200.
I1017 07:44:06.921696 47482715719488 run_miniworld.py:250] Evaluation iteration 200.
I1017 07:44:16.385106 47482715719488 run_miniworld.py:267] iteration: 200
 frame: 5000000
 eval_episode_return:  0.00
 train_episode_return:  0.00
 train_exploration_epsilon: 0.100
 train_frame_rate:  187
Falling back to num_samples=1
Falling back to num_samples=1
Falling back to num_samples=1
Falling back to num_samples=1
Falling back to num_samples=1
Falling back to num_samples=1
Falling back to num_samples=1
Falling back to num_samples=1
Falling back to num_samples=1
Falling back to num_samples=1
Falling back to num_samples=1
Falling back to num_samples=1
Falling back to num_samples=1
Falling back to num_samples=1
Falling back to num_samples=1
Falling back to num_samples=1
Falling back to num_samples=1
Falling back to num_samples=1
Falling back to num_samples=1
Falling back to num_samples=1
Falling back to num_samples=1
Falling back to num_samples=1
Falling back to num_samples=1
Falling back to num_samples=1
Falling back to num_samples=1
Falling back to num_samples=1
Falling back to num_samples=1
Falling back to num_samples=1
Falling back to num_samples=1
Falling back to num_samples=1
Falling back to num_samples=1
Falling back to num_samples=1
Falling back to num_samples=1
Falling back to num_samples=1
Falling back to num_samples=1
Falling back to num_samples=1
Falling back to num_samples=1
Falling back to num_samples=1
Falling back to num_samples=1
Falling back to num_samples=1
Falling back to num_samples=1
Falling back to num_samples=1
Falling back to num_samples=1
Falling back to num_samples=1
Falling back to num_samples=1
Falling back to num_samples=1
Falling back to num_samples=1
Falling back to num_samples=1
Falling back to num_samples=1
Falling back to num_samples=1
Falling back to num_samples=1
Falling back to num_samples=1
Falling back to num_samples=1
Falling back to num_samples=1
Falling back to num_samples=1
Falling back to num_samples=1
Falling back to num_samples=1
Falling back to num_samples=1
Falling back to num_samples=1
Falling back to num_samples=1
Falling back to num_samples=1
Falling back to num_samples=1
Falling back to num_samples=1
Falling back to num_samples=1
Falling back to num_samples=1
Falling back to num_samples=1
Falling back to num_samples=1
Falling back to num_samples=1
Falling back to num_samples=1
Falling back to num_samples=1
Falling back to num_samples=1
Falling back to num_samples=1
Falling back to num_samples=1
Falling back to num_samples=1
Falling back to num_samples=1
Falling back to num_samples=1
Falling back to num_samples=1
Falling back to num_samples=1
Falling back to num_samples=1
Falling back to num_samples=1
Falling back to num_samples=1
Falling back to num_samples=1
Falling back to num_samples=1
Falling back to num_samples=1
Falling back to num_samples=1
Falling back to num_samples=1
Falling back to num_samples=1
Falling back to num_samples=1
Falling back to num_samples=1
Falling back to num_samples=1
Falling back to num_samples=1
Falling back to num_samples=1
Falling back to num_samples=1
Falling back to num_samples=1
Falling back to num_samples=1
Falling back to num_samples=1
Falling back to num_samples=1
Falling back to num_samples=1
Falling back to num_samples=1
Falling back to num_samples=1
Falling back to num_samples=1
Falling back to num_samples=1
Falling back to num_samples=1
Falling back to num_samples=1
Falling back to num_samples=1
Falling back to num_samples=1
Falling back to num_samples=1
Falling back to num_samples=1
Falling back to num_samples=1
Falling back to num_samples=1
Falling back to num_samples=1
Falling back to num_samples=1
Falling back to num_samples=1
Falling back to num_samples=1
Falling back to num_samples=1
Falling back to num_samples=1
Falling back to num_samples=1
Falling back to num_samples=1
Falling back to num_samples=1
Falling back to num_samples=1
Falling back to num_samples=1
Falling back to num_samples=1
Falling back to num_samples=1
Falling back to num_samples=1
Falling back to num_samples=1
Falling back to num_samples=1
Falling back to num_samples=1
Falling back to num_samples=1
Falling back to num_samples=1
Falling back to num_samples=1
Falling back to num_samples=1
Falling back to num_samples=1
Falling back to num_samples=1
Falling back to num_samples=1
Falling back to num_samples=1
Falling back to num_samples=1
Falling back to num_samples=1
Falling back to num_samples=1
Falling back to num_samples=1
Falling back to num_samples=1
Falling back to num_samples=1
Falling back to num_samples=1
Falling back to num_samples=1
Falling back to num_samples=1
Falling back to num_samples=1
Falling back to num_samples=1
Falling back to num_samples=1
Falling back to num_samples=1
Falling back to num_samples=1
Falling back to num_samples=1
Falling back to num_samples=1
Falling back to num_samples=1
Falling back to num_samples=1
Falling back to num_samples=1
Falling back to num_samples=1
Falling back to num_samples=1
Falling back to num_samples=1
Falling back to num_samples=1
Falling back to num_samples=1
Falling back to num_samples=1
Falling back to num_samples=1
Falling back to num_samples=1
Falling back to num_samples=1
Falling back to num_samples=1
Falling back to num_samples=1
Falling back to num_samples=1
Falling back to num_samples=1
Falling back to num_samples=1
Falling back to num_samples=1
Falling back to num_samples=1
Falling back to num_samples=1
Falling back to num_samples=1
Falling back to num_samples=1
Falling back to num_samples=1
Falling back to num_samples=1
Falling back to num_samples=1
Falling back to num_samples=1
Falling back to num_samples=1
Falling back to num_samples=1
Falling back to num_samples=1
Falling back to num_samples=1
Falling back to num_samples=1
Falling back to num_samples=1
Falling back to num_samples=1
Falling back to num_samples=1
Falling back to num_samples=1
Falling back to num_samples=1
Falling back to num_samples=1
Falling back to num_samples=1
Falling back to num_samples=1
Falling back to num_samples=1
Falling back to num_samples=1
Falling back to num_samples=1
Falling back to num_samples=1
Falling back to num_samples=1
Falling back to num_samples=1
Falling back to num_samples=1
Falling back to num_samples=1
Falling back to num_samples=1
Falling back to num_samples=1
Falling back to num_samples=1
Falling back to num_samples=1
Falling back to num_samples=1
Falling back to num_samples=1
Falling back to num_samples=1
Falling back to num_samples=1
Falling back to num_samples=1
Falling back to num_samples=1
Falling back to num_samples=1
Falling back to num_samples=1
Falling back to num_samples=1
Falling back to num_samples=1
Falling back to num_samples=1
Falling back to num_samples=1
Falling back to num_samples=1
Falling back to num_samples=1
Falling back to num_samples=1
Falling back to num_samples=1
Falling back to num_samples=1
Falling back to num_samples=1
Falling back to num_samples=1
Falling back to num_samples=1
Falling back to num_samples=1
Falling back to num_samples=1
Falling back to num_samples=1
Falling back to num_samples=1
Falling back to num_samples=1
Falling back to num_samples=1
Falling back to num_samples=1
Falling back to num_samples=1
Falling back to num_samples=1
Falling back to num_samples=1
Falling back to num_samples=1
Falling back to num_samples=1
Falling back to num_samples=1
Falling back to num_samples=1
Falling back to num_samples=1
Falling back to num_samples=1
Falling back to num_samples=1
Falling back to num_samples=1
Falling back to num_samples=1
Falling back to num_samples=1
Falling back to num_samples=1
Falling back to num_samples=1
Falling back to num_samples=1
Falling back to num_samples=1
Falling back to num_samples=1
Falling back to num_samples=1
Falling back to num_samples=1
Falling back to num_samples=1
Falling back to num_samples=1
Falling back to num_samples=1
Falling back to num_samples=1
Falling back to num_samples=1
Falling back to num_samples=1
Falling back to num_samples=1
Falling back to num_samples=1
Falling back to num_samples=1
Falling back to num_samples=1
Falling back to num_samples=1
Falling back to num_samples=1
Falling back to num_samples=1
Falling back to num_samples=1
Falling back to num_samples=1
Falling back to num_samples=1
Falling back to num_samples=1
Falling back to num_samples=1
Falling back to num_samples=1
Falling back to num_samples=1
Falling back to num_samples=1
Falling back to num_samples=1
Falling back to num_samples=1
Falling back to num_samples=1
Falling back to num_samples=1
Falling back to num_samples=1
Falling back to num_samples=1
Falling back to num_samples=1
Falling back to num_samples=1
Falling back to num_samples=1
Falling back to num_samples=1
Falling back to num_samples=1
Falling back to num_samples=1
Falling back to num_samples=1
Falling back to num_samples=1
Falling back to num_samples=1
Falling back to num_samples=1
Falling back to num_samples=1
Falling back to num_samples=1
Falling back to num_samples=1
Falling back to num_samples=1
Falling back to num_samples=1
Falling back to num_samples=1
Falling back to num_samples=1
Falling back to num_samples=1
Falling back to num_samples=1
Falling back to num_samples=1
Falling back to num_samples=1
Falling back to num_samples=1
Falling back to num_samples=1
Falling back to num_samples=1
Falling back to num_samples=1
Falling back to num_samples=1
Falling back to num_samples=1
Falling back to num_samples=1
Falling back to num_samples=1
Falling back to num_samples=1
Falling back to num_samples=1
Falling back to num_samples=1
Falling back to num_samples=1
Falling back to num_samples=1
Falling back to num_samples=1
Falling back to num_samples=1
Falling back to num_samples=1
Falling back to num_samples=1
Falling back to num_samples=1
Falling back to num_samples=1
Falling back to num_samples=1
Falling back to num_samples=1
Falling back to num_samples=1
Falling back to num_samples=1
Falling back to num_samples=1
Falling back to num_samples=1
Falling back to num_samples=1
Falling back to num_samples=1
Falling back to num_samples=1
Falling back to num_samples=1
Falling back to num_samples=1
Falling back to num_samples=1
Falling back to num_samples=1
Falling back to num_samples=1
Falling back to num_samples=1
Falling back to num_samples=1
Falling back to num_samples=1
Falling back to num_samples=1
Falling back to num_samples=1
Falling back to num_samples=1
Falling back to num_samples=1
Falling back to num_samples=1
Falling back to num_samples=1
Falling back to num_samples=1
Falling back to num_samples=1
Falling back to num_samples=1
Falling back to num_samples=1
Falling back to num_samples=1
Falling back to num_samples=1
Falling back to num_samples=1
Falling back to num_samples=1
Falling back to num_samples=1
Falling back to num_samples=1
Falling back to num_samples=1
Falling back to num_samples=1
Falling back to num_samples=1
Falling back to num_samples=1
Falling back to num_samples=1
Falling back to num_samples=1
Falling back to num_samples=1
Falling back to num_samples=1
Falling back to num_samples=1
Falling back to num_samples=1
Falling back to num_samples=1
Falling back to num_samples=1
Falling back to num_samples=1
Falling back to num_samples=1
Falling back to num_samples=1
Falling back to num_samples=1
Falling back to num_samples=1
Falling back to num_samples=1
Falling back to num_samples=1
Falling back to num_samples=1
Falling back to num_samples=1
Falling back to num_samples=1
Falling back to num_samples=1
Falling back to num_samples=1
Falling back to num_samples=1
Falling back to num_samples=1
Falling back to num_samples=1
Falling back to num_samples=1
Falling back to num_samples=1
Falling back to num_samples=1
Falling back to num_samples=1
Falling back to num_samples=1
Falling back to num_samples=1
Falling back to num_samples=1
Falling back to num_samples=1
Falling back to num_samples=1
Falling back to num_samples=1
Falling back to num_samples=1
Falling back to num_samples=1
Falling back to num_samples=1
Falling back to num_samples=1
Falling back to num_samples=1
Falling back to num_samples=1
Falling back to num_samples=1
Falling back to num_samples=1
Falling back to num_samples=1
Falling back to num_samples=1
Falling back to num_samples=1
Falling back to num_samples=1
Falling back to num_samples=1
Falling back to num_samples=1
Falling back to num_samples=1
Falling back to num_samples=1
Falling back to num_samples=1
Falling back to num_samples=1
