I1016 23:29:58.025763 47433936684864 xla_bridge.py:355] Unable to initialize backend 'tpu_driver': NOT_FOUND: Unable to find driver in registry given worker: 
I1016 23:29:58.167034 47433936684864 xla_bridge.py:355] Unable to initialize backend 'rocm': NOT_FOUND: Could not find registered platform with name: "rocm". Available platform names are: Host CUDA Interpreter
I1016 23:29:58.167514 47433936684864 xla_bridge.py:355] Unable to initialize backend 'tpu': module 'jaxlib.xla_extension' has no attribute 'get_tpu_client'
I1016 23:29:58.167645 47433936684864 xla_bridge.py:355] Unable to initialize backend 'plugin': xla_extension has no attributes named get_plugin_device_client. Compile TensorFlow with //tensorflow/compiler/xla/python:enable_plugin_device set to true (defaults to false) to enable this.
I1016 23:29:58.167761 47433936684864 run_miniworld.py:102] Collecting data on MiniWorld on gpu.
I1016 23:30:03.876557 47433936684864 run_miniworld.py:138] Observation shape: (60, 80, 3)
I1016 23:30:15.449295 47433936684864 run_miniworld.py:243] Data collection iteration 0.
I1016 23:30:52.441663 47433936684864 run_miniworld.py:250] Evaluation iteration 0.
/home/mklissa/DCEO/lib/python3.8/site-packages/distrax/_src/distributions/categorical.py:96: UserWarning: Explicitly requested dtype <class 'jax.numpy.int64'> requested in astype is not available, and will be truncated to dtype int32. To enable more dtypes, set the jax_enable_x64 configuration option or the JAX_ENABLE_X64 shell environment variable. See https://github.com/google/jax#current-gotchas for more.
  return draws.astype(self._dtype)
I1016 23:31:02.574531 47433936684864 run_miniworld.py:267] iteration:   0
 frame:     0
 eval_episode_return:  0.00
 train_episode_return:  0.04
 train_exploration_epsilon: 1.000
 train_frame_rate:  676
I1016 23:31:07.631819 47433936684864 run_miniworld.py:243] Data collection iteration 1.
I1016 23:31:44.733811 47433936684864 run_miniworld.py:250] Evaluation iteration 1.
I1016 23:31:54.302689 47433936684864 run_miniworld.py:267] iteration:   1
 frame: 25000
 eval_episode_return:  0.00
 train_episode_return:  0.00
 train_exploration_epsilon: 1.000
 train_frame_rate:  674
I1016 23:31:57.496673 47433936684864 run_miniworld.py:243] Data collection iteration 2.
I1016 23:31:58.015483 47433936684864 dceo_agent.py:365] Begin learning
I1016 23:34:17.939769 47433936684864 run_miniworld.py:250] Evaluation iteration 2.
I1016 23:34:27.574515 47433936684864 run_miniworld.py:267] iteration:   2
 frame: 50000
 eval_episode_return:  0.00
 train_episode_return:  0.00
 train_exploration_epsilon: 0.955
 train_frame_rate:  178
I1016 23:34:30.601293 47433936684864 run_miniworld.py:243] Data collection iteration 3.
I1016 23:36:48.310724 47433936684864 run_miniworld.py:250] Evaluation iteration 3.
I1016 23:36:57.740325 47433936684864 run_miniworld.py:267] iteration:   3
 frame: 75000
 eval_episode_return:  0.00
 train_episode_return:  0.00
 train_exploration_epsilon: 0.910
 train_frame_rate:  182
I1016 23:37:01.076711 47433936684864 run_miniworld.py:243] Data collection iteration 4.
I1016 23:39:19.750536 47433936684864 run_miniworld.py:250] Evaluation iteration 4.
I1016 23:39:29.060106 47433936684864 run_miniworld.py:267] iteration:   4
 frame: 100000
 eval_episode_return:  0.00
 train_episode_return:  0.00
 train_exploration_epsilon: 0.865
 train_frame_rate:  180
I1016 23:39:32.218813 47433936684864 run_miniworld.py:243] Data collection iteration 5.
I1016 23:41:50.904063 47433936684864 run_miniworld.py:250] Evaluation iteration 5.
I1016 23:42:00.509546 47433936684864 run_miniworld.py:267] iteration:   5
 frame: 125000
 eval_episode_return:  0.00
 train_episode_return:  0.00
 train_exploration_epsilon: 0.820
 train_frame_rate:  180
I1016 23:42:03.312825 47433936684864 run_miniworld.py:243] Data collection iteration 6.
I1016 23:44:22.013210 47433936684864 run_miniworld.py:250] Evaluation iteration 6.
I1016 23:44:31.407061 47433936684864 run_miniworld.py:267] iteration:   6
 frame: 150000
 eval_episode_return:  0.00
 train_episode_return:  0.00
 train_exploration_epsilon: 0.775
 train_frame_rate:  180
I1016 23:44:34.256688 47433936684864 run_miniworld.py:243] Data collection iteration 7.
I1016 23:46:55.295015 47433936684864 run_miniworld.py:250] Evaluation iteration 7.
I1016 23:47:04.989665 47433936684864 run_miniworld.py:267] iteration:   7
 frame: 175000
 eval_episode_return:  0.00
 train_episode_return:  0.00
 train_exploration_epsilon: 0.730
 train_frame_rate:  177
I1016 23:47:07.805048 47433936684864 run_miniworld.py:243] Data collection iteration 8.
I1016 23:49:29.015407 47433936684864 run_miniworld.py:250] Evaluation iteration 8.
I1016 23:49:38.638610 47433936684864 run_miniworld.py:267] iteration:   8
 frame: 200000
 eval_episode_return:  0.00
 train_episode_return:  0.00
 train_exploration_epsilon: 0.685
 train_frame_rate:  177
I1016 23:49:41.835041 47433936684864 run_miniworld.py:243] Data collection iteration 9.
I1016 23:52:03.840087 47433936684864 run_miniworld.py:250] Evaluation iteration 9.
I1016 23:52:13.465887 47433936684864 run_miniworld.py:267] iteration:   9
 frame: 225000
 eval_episode_return:  0.00
 train_episode_return:  0.00
 train_exploration_epsilon: 0.640
 train_frame_rate:  176
I1016 23:52:16.713171 47433936684864 run_miniworld.py:243] Data collection iteration 10.
I1016 23:54:38.838200 47433936684864 run_miniworld.py:250] Evaluation iteration 10.
I1016 23:54:48.650547 47433936684864 run_miniworld.py:267] iteration:  10
 frame: 250000
 eval_episode_return:  0.00
 train_episode_return:  0.00
 train_exploration_epsilon: 0.595
 train_frame_rate:  176
I1016 23:54:51.972837 47433936684864 run_miniworld.py:243] Data collection iteration 11.
I1016 23:57:14.622959 47433936684864 run_miniworld.py:250] Evaluation iteration 11.
I1016 23:57:24.408260 47433936684864 run_miniworld.py:267] iteration:  11
 frame: 275000
 eval_episode_return:  0.00
 train_episode_return:  0.00
 train_exploration_epsilon: 0.550
 train_frame_rate:  175
I1016 23:57:27.233755 47433936684864 run_miniworld.py:243] Data collection iteration 12.
I1016 23:59:48.887527 47433936684864 run_miniworld.py:250] Evaluation iteration 12.
I1016 23:59:58.435529 47433936684864 run_miniworld.py:267] iteration:  12
 frame: 300000
 eval_episode_return:  0.00
 train_episode_return:  0.00
 train_exploration_epsilon: 0.505
 train_frame_rate:  176
I1017 00:00:01.261275 47433936684864 run_miniworld.py:243] Data collection iteration 13.
I1017 00:02:24.977230 47433936684864 run_miniworld.py:250] Evaluation iteration 13.
I1017 00:02:34.228816 47433936684864 run_miniworld.py:267] iteration:  13
 frame: 325000
 eval_episode_return:  0.00
 train_episode_return:  0.00
 train_exploration_epsilon: 0.460
 train_frame_rate:  174
I1017 00:02:37.492675 47433936684864 run_miniworld.py:243] Data collection iteration 14.
I1017 00:05:01.758971 47433936684864 run_miniworld.py:250] Evaluation iteration 14.
I1017 00:05:11.385952 47433936684864 run_miniworld.py:267] iteration:  14
 frame: 350000
 eval_episode_return:  0.00
 train_episode_return:  0.00
 train_exploration_epsilon: 0.415
 train_frame_rate:  173
I1017 00:05:14.739156 47433936684864 run_miniworld.py:243] Data collection iteration 15.
I1017 00:07:39.647080 47433936684864 run_miniworld.py:250] Evaluation iteration 15.
I1017 00:07:49.551709 47433936684864 run_miniworld.py:267] iteration:  15
 frame: 375000
 eval_episode_return:  0.00
 train_episode_return:  0.00
 train_exploration_epsilon: 0.370
 train_frame_rate:  173
I1017 00:07:52.330045 47433936684864 run_miniworld.py:243] Data collection iteration 16.
I1017 00:10:15.721673 47433936684864 run_miniworld.py:250] Evaluation iteration 16.
I1017 00:10:25.357206 47433936684864 run_miniworld.py:267] iteration:  16
 frame: 400000
 eval_episode_return:  0.00
 train_episode_return:  0.00
 train_exploration_epsilon: 0.325
 train_frame_rate:  174
I1017 00:10:28.705065 47433936684864 run_miniworld.py:243] Data collection iteration 17.
I1017 00:12:54.527688 47433936684864 run_miniworld.py:250] Evaluation iteration 17.
I1017 00:13:03.914073 47433936684864 run_miniworld.py:267] iteration:  17
 frame: 425000
 eval_episode_return:  0.00
 train_episode_return:  0.00
 train_exploration_epsilon: 0.280
 train_frame_rate:  171
I1017 00:13:07.262265 47433936684864 run_miniworld.py:243] Data collection iteration 18.
I1017 00:15:33.200507 47433936684864 run_miniworld.py:250] Evaluation iteration 18.
I1017 00:15:43.044982 47433936684864 run_miniworld.py:267] iteration:  18
 frame: 450000
 eval_episode_return:  0.00
 train_episode_return:  0.00
 train_exploration_epsilon: 0.235
 train_frame_rate:  171
I1017 00:15:45.871211 47433936684864 run_miniworld.py:243] Data collection iteration 19.
I1017 00:18:11.643749 47433936684864 run_miniworld.py:250] Evaluation iteration 19.
I1017 00:18:21.250231 47433936684864 run_miniworld.py:267] iteration:  19
 frame: 475000
 eval_episode_return:  0.00
 train_episode_return:  0.00
 train_exploration_epsilon: 0.190
 train_frame_rate:  172
I1017 00:18:24.766933 47433936684864 run_miniworld.py:243] Data collection iteration 20.
I1017 00:20:52.453151 47433936684864 run_miniworld.py:250] Evaluation iteration 20.
I1017 00:21:02.415066 47433936684864 run_miniworld.py:267] iteration:  20
 frame: 500000
 eval_episode_return:  0.00
 train_episode_return:  0.00
 train_exploration_epsilon: 0.145
 train_frame_rate:  169
I1017 00:21:07.499023 47433936684864 run_miniworld.py:243] Data collection iteration 21.
I1017 00:23:35.266226 47433936684864 run_miniworld.py:250] Evaluation iteration 21.
I1017 00:23:44.802390 47433936684864 run_miniworld.py:267] iteration:  21
 frame: 525000
 eval_episode_return:  0.00
 train_episode_return:  0.00
 train_exploration_epsilon: 0.100
 train_frame_rate:  169
I1017 00:23:47.570622 47433936684864 run_miniworld.py:243] Data collection iteration 22.
I1017 00:26:14.421323 47433936684864 run_miniworld.py:250] Evaluation iteration 22.
I1017 00:26:24.244871 47433936684864 run_miniworld.py:267] iteration:  22
 frame: 550000
 eval_episode_return:  0.00
 train_episode_return:  0.00
 train_exploration_epsilon: 0.100
 train_frame_rate:  170
I1017 00:26:27.659099 47433936684864 run_miniworld.py:243] Data collection iteration 23.
I1017 00:28:56.063887 47433936684864 run_miniworld.py:250] Evaluation iteration 23.
I1017 00:29:05.644913 47433936684864 run_miniworld.py:267] iteration:  23
 frame: 575000
 eval_episode_return:  0.00
 train_episode_return:  0.00
 train_exploration_epsilon: 0.100
 train_frame_rate:  168
I1017 00:29:08.469379 47433936684864 run_miniworld.py:243] Data collection iteration 24.
I1017 00:31:35.996580 47433936684864 run_miniworld.py:250] Evaluation iteration 24.
I1017 00:31:45.457998 47433936684864 run_miniworld.py:267] iteration:  24
 frame: 600000
 eval_episode_return:  0.00
 train_episode_return:  0.00
 train_exploration_epsilon: 0.100
 train_frame_rate:  169
I1017 00:31:48.958994 47433936684864 run_miniworld.py:243] Data collection iteration 25.
I1017 00:34:17.405921 47433936684864 run_miniworld.py:250] Evaluation iteration 25.
I1017 00:34:26.881896 47433936684864 run_miniworld.py:267] iteration:  25
 frame: 625000
 eval_episode_return:  0.00
 train_episode_return:  0.00
 train_exploration_epsilon: 0.100
 train_frame_rate:  168
I1017 00:34:30.218410 47433936684864 run_miniworld.py:243] Data collection iteration 26.
I1017 00:36:58.436966 47433936684864 run_miniworld.py:250] Evaluation iteration 26.
I1017 00:37:07.859622 47433936684864 run_miniworld.py:267] iteration:  26
 frame: 650000
 eval_episode_return:  0.00
 train_episode_return:  0.00
 train_exploration_epsilon: 0.100
 train_frame_rate:  169
I1017 00:37:12.135200 47433936684864 run_miniworld.py:243] Data collection iteration 27.
I1017 00:39:41.269867 47433936684864 run_miniworld.py:250] Evaluation iteration 27.
I1017 00:39:50.811877 47433936684864 run_miniworld.py:267] iteration:  27
 frame: 675000
 eval_episode_return:  0.00
 train_episode_return:  0.00
 train_exploration_epsilon: 0.100
 train_frame_rate:  168
I1017 00:39:53.583655 47433936684864 run_miniworld.py:243] Data collection iteration 28.
I1017 00:42:24.904708 47433936684864 run_miniworld.py:250] Evaluation iteration 28.
I1017 00:42:34.739897 47433936684864 run_miniworld.py:267] iteration:  28
 frame: 700000
 eval_episode_return:  0.00
 train_episode_return:  0.00
 train_exploration_epsilon: 0.100
 train_frame_rate:  165
I1017 00:42:37.493605 47433936684864 run_miniworld.py:243] Data collection iteration 29.
I1017 00:45:07.660229 47433936684864 run_miniworld.py:250] Evaluation iteration 29.
I1017 00:45:17.150970 47433936684864 run_miniworld.py:267] iteration:  29
 frame: 725000
 eval_episode_return:  0.00
 train_episode_return:  0.00
 train_exploration_epsilon: 0.100
 train_frame_rate:  166
I1017 00:45:20.014347 47433936684864 run_miniworld.py:243] Data collection iteration 30.
I1017 00:47:51.366029 47433936684864 run_miniworld.py:250] Evaluation iteration 30.
I1017 00:48:01.173609 47433936684864 run_miniworld.py:267] iteration:  30
 frame: 750000
 eval_episode_return:  0.00
 train_episode_return:  0.00
 train_exploration_epsilon: 0.100
 train_frame_rate:  165
I1017 00:48:03.983266 47433936684864 run_miniworld.py:243] Data collection iteration 31.
I1017 00:50:35.101051 47433936684864 run_miniworld.py:250] Evaluation iteration 31.
I1017 00:50:44.886312 47433936684864 run_miniworld.py:267] iteration:  31
 frame: 775000
 eval_episode_return:  0.00
 train_episode_return:  0.00
 train_exploration_epsilon: 0.100
 train_frame_rate:  165
I1017 00:50:47.757956 47433936684864 run_miniworld.py:243] Data collection iteration 32.
I1017 00:53:19.584634 47433936684864 run_miniworld.py:250] Evaluation iteration 32.
I1017 00:53:29.144814 47433936684864 run_miniworld.py:267] iteration:  32
 frame: 800000
 eval_episode_return:  0.00
 train_episode_return:  0.00
 train_exploration_epsilon: 0.100
 train_frame_rate:  165
I1017 00:53:31.946136 47433936684864 run_miniworld.py:243] Data collection iteration 33.
I1017 00:56:03.187889 47433936684864 run_miniworld.py:250] Evaluation iteration 33.
I1017 00:56:12.956497 47433936684864 run_miniworld.py:267] iteration:  33
 frame: 825000
 eval_episode_return:  0.00
 train_episode_return:  0.00
 train_exploration_epsilon: 0.100
 train_frame_rate:  165
I1017 00:56:15.835437 47433936684864 run_miniworld.py:243] Data collection iteration 34.
I1017 00:58:47.721897 47433936684864 run_miniworld.py:250] Evaluation iteration 34.
I1017 00:58:57.569581 47433936684864 run_miniworld.py:267] iteration:  34
 frame: 850000
 eval_episode_return:  0.00
 train_episode_return:  0.00
 train_exploration_epsilon: 0.100
 train_frame_rate:  165
I1017 00:59:00.437261 47433936684864 run_miniworld.py:243] Data collection iteration 35.
I1017 01:01:32.452934 47433936684864 run_miniworld.py:250] Evaluation iteration 35.
I1017 01:01:42.377842 47433936684864 run_miniworld.py:267] iteration:  35
 frame: 875000
 eval_episode_return:  0.00
 train_episode_return:  0.00
 train_exploration_epsilon: 0.100
 train_frame_rate:  164
I1017 01:01:45.257696 47433936684864 run_miniworld.py:243] Data collection iteration 36.
I1017 01:04:17.148676 47433936684864 run_miniworld.py:250] Evaluation iteration 36.
I1017 01:04:26.770505 47433936684864 run_miniworld.py:267] iteration:  36
 frame: 900000
 eval_episode_return:  0.00
 train_episode_return:  0.00
 train_exploration_epsilon: 0.100
 train_frame_rate:  165
I1017 01:04:29.587389 47433936684864 run_miniworld.py:243] Data collection iteration 37.
I1017 01:07:02.418061 47433936684864 run_miniworld.py:250] Evaluation iteration 37.
I1017 01:07:12.271977 47433936684864 run_miniworld.py:267] iteration:  37
 frame: 925000
 eval_episode_return:  0.00
 train_episode_return:  0.00
 train_exploration_epsilon: 0.100
 train_frame_rate:  164
I1017 01:07:15.069771 47433936684864 run_miniworld.py:243] Data collection iteration 38.
I1017 01:09:47.102821 47433936684864 run_miniworld.py:250] Evaluation iteration 38.
I1017 01:09:56.691409 47433936684864 run_miniworld.py:267] iteration:  38
 frame: 950000
 eval_episode_return:  0.00
 train_episode_return:  0.00
 train_exploration_epsilon: 0.100
 train_frame_rate:  164
I1017 01:10:00.371965 47433936684864 run_miniworld.py:243] Data collection iteration 39.
I1017 01:12:33.362910 47433936684864 run_miniworld.py:250] Evaluation iteration 39.
I1017 01:12:43.262156 47433936684864 run_miniworld.py:267] iteration:  39
 frame: 975000
 eval_episode_return:  0.00
 train_episode_return:  0.00
 train_exploration_epsilon: 0.100
 train_frame_rate:  163
I1017 01:12:46.022423 47433936684864 run_miniworld.py:243] Data collection iteration 40.
I1017 01:15:18.376079 47433936684864 run_miniworld.py:250] Evaluation iteration 40.
I1017 01:15:28.263053 47433936684864 run_miniworld.py:267] iteration:  40
 frame: 1000000
 eval_episode_return:  0.00
 train_episode_return:  0.00
 train_exploration_epsilon: 0.100
 train_frame_rate:  164
I1017 01:15:31.973099 47433936684864 run_miniworld.py:243] Data collection iteration 41.
I1017 01:18:04.922906 47433936684864 run_miniworld.py:250] Evaluation iteration 41.
I1017 01:18:14.763673 47433936684864 run_miniworld.py:267] iteration:  41
 frame: 1025000
 eval_episode_return:  0.00
 train_episode_return:  0.00
 train_exploration_epsilon: 0.100
 train_frame_rate:  163
I1017 01:18:17.580394 47433936684864 run_miniworld.py:243] Data collection iteration 42.
I1017 01:20:50.413064 47433936684864 run_miniworld.py:250] Evaluation iteration 42.
I1017 01:21:00.304086 47433936684864 run_miniworld.py:267] iteration:  42
 frame: 1050000
 eval_episode_return:  0.00
 train_episode_return:  0.00
 train_exploration_epsilon: 0.100
 train_frame_rate:  164
I1017 01:21:03.067110 47433936684864 run_miniworld.py:243] Data collection iteration 43.
I1017 01:23:35.320971 47433936684864 run_miniworld.py:250] Evaluation iteration 43.
I1017 01:23:44.904828 47433936684864 run_miniworld.py:267] iteration:  43
 frame: 1075000
 eval_episode_return:  0.00
 train_episode_return:  0.00
 train_exploration_epsilon: 0.100
 train_frame_rate:  164
I1017 01:23:48.674539 47433936684864 run_miniworld.py:243] Data collection iteration 44.
I1017 01:26:21.395681 47433936684864 run_miniworld.py:250] Evaluation iteration 44.
I1017 01:26:31.237838 47433936684864 run_miniworld.py:267] iteration:  44
 frame: 1100000
 eval_episode_return:  0.00
 train_episode_return:  0.00
 train_exploration_epsilon: 0.100
 train_frame_rate:  164
I1017 01:26:34.033548 47433936684864 run_miniworld.py:243] Data collection iteration 45.
I1017 01:29:05.888058 47433936684864 run_miniworld.py:250] Evaluation iteration 45.
I1017 01:29:15.494259 47433936684864 run_miniworld.py:267] iteration:  45
 frame: 1125000
 eval_episode_return:  0.00
 train_episode_return:  0.00
 train_exploration_epsilon: 0.100
 train_frame_rate:  165
I1017 01:29:19.167058 47433936684864 run_miniworld.py:243] Data collection iteration 46.
I1017 01:31:52.815755 47433936684864 run_miniworld.py:250] Evaluation iteration 46.
I1017 01:32:02.650547 47433936684864 run_miniworld.py:267] iteration:  46
 frame: 1150000
 eval_episode_return:  0.00
 train_episode_return:  0.00
 train_exploration_epsilon: 0.100
 train_frame_rate:  163
I1017 01:32:05.463094 47433936684864 run_miniworld.py:243] Data collection iteration 47.
I1017 01:34:38.236658 47433936684864 run_miniworld.py:250] Evaluation iteration 47.
I1017 01:34:47.816391 47433936684864 run_miniworld.py:267] iteration:  47
 frame: 1175000
 eval_episode_return:  0.00
 train_episode_return:  0.00
 train_exploration_epsilon: 0.100
 train_frame_rate:  164
I1017 01:34:50.661541 47433936684864 run_miniworld.py:243] Data collection iteration 48.
I1017 01:37:25.377825 47433936684864 run_miniworld.py:250] Evaluation iteration 48.
I1017 01:37:35.208046 47433936684864 run_miniworld.py:267] iteration:  48
 frame: 1200000
 eval_episode_return:  0.00
 train_episode_return:  0.00
 train_exploration_epsilon: 0.100
 train_frame_rate:  162
I1017 01:37:38.028339 47433936684864 run_miniworld.py:243] Data collection iteration 49.
I1017 01:40:11.057290 47433936684864 run_miniworld.py:250] Evaluation iteration 49.
I1017 01:40:20.869991 47433936684864 run_miniworld.py:267] iteration:  49
 frame: 1225000
 eval_episode_return:  0.00
 train_episode_return:  0.00
 train_exploration_epsilon: 0.100
 train_frame_rate:  163
I1017 01:40:23.725059 47433936684864 run_miniworld.py:243] Data collection iteration 50.
I1017 01:42:56.666596 47433936684864 run_miniworld.py:250] Evaluation iteration 50.
I1017 01:43:06.485213 47433936684864 run_miniworld.py:267] iteration:  50
 frame: 1250000
 eval_episode_return:  0.00
 train_episode_return:  0.00
 train_exploration_epsilon: 0.100
 train_frame_rate:  163
I1017 01:43:10.332596 47433936684864 run_miniworld.py:243] Data collection iteration 51.
I1017 01:45:42.924446 47433936684864 run_miniworld.py:250] Evaluation iteration 51.
I1017 01:45:52.567975 47433936684864 run_miniworld.py:267] iteration:  51
 frame: 1275000
 eval_episode_return:  0.00
 train_episode_return:  0.00
 train_exploration_epsilon: 0.100
 train_frame_rate:  164
I1017 01:45:55.392742 47433936684864 run_miniworld.py:243] Data collection iteration 52.
I1017 01:48:28.485615 47433936684864 run_miniworld.py:250] Evaluation iteration 52.
I1017 01:48:38.143589 47433936684864 run_miniworld.py:267] iteration:  52
 frame: 1300000
 eval_episode_return:  0.00
 train_episode_return:  0.00
 train_exploration_epsilon: 0.100
 train_frame_rate:  163
I1017 01:48:41.948431 47433936684864 run_miniworld.py:243] Data collection iteration 53.
I1017 01:51:15.599600 47433936684864 run_miniworld.py:250] Evaluation iteration 53.
I1017 01:51:25.060484 47433936684864 run_miniworld.py:267] iteration:  53
 frame: 1325000
 eval_episode_return:  0.00
 train_episode_return:  0.00
 train_exploration_epsilon: 0.100
 train_frame_rate:  163
I1017 01:51:27.940151 47433936684864 run_miniworld.py:243] Data collection iteration 54.
I1017 01:54:01.369220 47433936684864 run_miniworld.py:250] Evaluation iteration 54.
I1017 01:54:11.062902 47433936684864 run_miniworld.py:267] iteration:  54
 frame: 1350000
 eval_episode_return:  0.00
 train_episode_return:  0.00
 train_exploration_epsilon: 0.100
 train_frame_rate:  163
I1017 01:54:13.904739 47433936684864 run_miniworld.py:243] Data collection iteration 55.
I1017 01:56:46.775888 47433936684864 run_miniworld.py:250] Evaluation iteration 55.
I1017 01:56:56.375763 47433936684864 run_miniworld.py:267] iteration:  55
 frame: 1375000
 eval_episode_return:  0.00
 train_episode_return:  0.00
 train_exploration_epsilon: 0.100
 train_frame_rate:  164
I1017 01:57:00.197675 47433936684864 run_miniworld.py:243] Data collection iteration 56.
I1017 01:59:33.419439 47433936684864 run_miniworld.py:250] Evaluation iteration 56.
I1017 01:59:43.046179 47433936684864 run_miniworld.py:267] iteration:  56
 frame: 1400000
 eval_episode_return:  0.00
 train_episode_return:  0.00
 train_exploration_epsilon: 0.100
 train_frame_rate:  163
I1017 01:59:45.828038 47433936684864 run_miniworld.py:243] Data collection iteration 57.
I1017 02:02:19.431551 47433936684864 run_miniworld.py:250] Evaluation iteration 57.
I1017 02:02:29.082094 47433936684864 run_miniworld.py:267] iteration:  57
 frame: 1425000
 eval_episode_return:  0.00
 train_episode_return:  0.00
 train_exploration_epsilon: 0.100
 train_frame_rate:  163
I1017 02:02:32.851506 47433936684864 run_miniworld.py:243] Data collection iteration 58.
I1017 02:05:05.509901 47433936684864 run_miniworld.py:250] Evaluation iteration 58.
I1017 02:05:15.336587 47433936684864 run_miniworld.py:267] iteration:  58
 frame: 1450000
 eval_episode_return:  0.00
 train_episode_return:  0.00
 train_exploration_epsilon: 0.100
 train_frame_rate:  164
I1017 02:05:18.152861 47433936684864 run_miniworld.py:243] Data collection iteration 59.
I1017 02:07:51.476763 47433936684864 run_miniworld.py:250] Evaluation iteration 59.
I1017 02:08:01.280781 47433936684864 run_miniworld.py:267] iteration:  59
 frame: 1475000
 eval_episode_return:  0.00
 train_episode_return:  0.00
 train_exploration_epsilon: 0.100
 train_frame_rate:  163
I1017 02:08:04.091887 47433936684864 run_miniworld.py:243] Data collection iteration 60.
I1017 02:10:36.899033 47433936684864 run_miniworld.py:250] Evaluation iteration 60.
I1017 02:10:46.583046 47433936684864 run_miniworld.py:267] iteration:  60
 frame: 1500000
 eval_episode_return:  0.00
 train_episode_return:  0.00
 train_exploration_epsilon: 0.100
 train_frame_rate:  164
I1017 02:10:50.377196 47433936684864 run_miniworld.py:243] Data collection iteration 61.
I1017 02:13:23.742446 47433936684864 run_miniworld.py:250] Evaluation iteration 61.
I1017 02:13:33.547261 47433936684864 run_miniworld.py:267] iteration:  61
 frame: 1525000
 eval_episode_return:  0.00
 train_episode_return:  0.00
 train_exploration_epsilon: 0.100
 train_frame_rate:  163
I1017 02:13:36.394863 47433936684864 run_miniworld.py:243] Data collection iteration 62.
I1017 02:16:10.044132 47433936684864 run_miniworld.py:250] Evaluation iteration 62.
I1017 02:16:19.717386 47433936684864 run_miniworld.py:267] iteration:  62
 frame: 1550000
 eval_episode_return:  0.00
 train_episode_return:  0.00
 train_exploration_epsilon: 0.100
 train_frame_rate:  163
I1017 02:16:23.526569 47433936684864 run_miniworld.py:243] Data collection iteration 63.
I1017 02:18:58.141165 47433936684864 run_miniworld.py:250] Evaluation iteration 63.
I1017 02:19:07.882571 47433936684864 run_miniworld.py:267] iteration:  63
 frame: 1575000
 eval_episode_return:  0.00
 train_episode_return:  0.00
 train_exploration_epsilon: 0.100
 train_frame_rate:  162
I1017 02:19:10.651554 47433936684864 run_miniworld.py:243] Data collection iteration 64.
I1017 02:21:43.525363 47433936684864 run_miniworld.py:250] Evaluation iteration 64.
I1017 02:21:53.240442 47433936684864 run_miniworld.py:267] iteration:  64
 frame: 1600000
 eval_episode_return:  0.00
 train_episode_return:  0.00
 train_exploration_epsilon: 0.100
 train_frame_rate:  164
I1017 02:21:56.096847 47433936684864 run_miniworld.py:243] Data collection iteration 65.
I1017 02:24:31.167200 47433936684864 run_miniworld.py:250] Evaluation iteration 65.
I1017 02:24:41.031588 47433936684864 run_miniworld.py:267] iteration:  65
 frame: 1625000
 eval_episode_return:  0.00
 train_episode_return:  0.00
 train_exploration_epsilon: 0.100
 train_frame_rate:  161
I1017 02:24:43.890417 47433936684864 run_miniworld.py:243] Data collection iteration 66.
I1017 02:27:17.834475 47433936684864 run_miniworld.py:250] Evaluation iteration 66.
I1017 02:27:27.446126 47433936684864 run_miniworld.py:267] iteration:  66
 frame: 1650000
 eval_episode_return:  0.00
 train_episode_return:  0.00
 train_exploration_epsilon: 0.100
 train_frame_rate:  162
I1017 02:27:30.329531 47433936684864 run_miniworld.py:243] Data collection iteration 67.
I1017 02:30:09.904611 47433936684864 run_miniworld.py:250] Evaluation iteration 67.
I1017 02:30:19.845039 47433936684864 run_miniworld.py:267] iteration:  67
 frame: 1675000
 eval_episode_return:  0.00
 train_episode_return:  0.00
 train_exploration_epsilon: 0.100
 train_frame_rate:  157
I1017 02:30:23.602597 47433936684864 run_miniworld.py:243] Data collection iteration 68.
I1017 02:32:58.944816 47433936684864 run_miniworld.py:250] Evaluation iteration 68.
I1017 02:33:08.774374 47433936684864 run_miniworld.py:267] iteration:  68
 frame: 1700000
 eval_episode_return:  0.00
 train_episode_return:  0.00
 train_exploration_epsilon: 0.100
 train_frame_rate:  161
I1017 02:33:11.653715 47433936684864 run_miniworld.py:243] Data collection iteration 69.
I1017 02:35:46.569116 47433936684864 run_miniworld.py:250] Evaluation iteration 69.
I1017 02:35:56.467116 47433936684864 run_miniworld.py:267] iteration:  69
 frame: 1725000
 eval_episode_return:  0.00
 train_episode_return:  0.00
 train_exploration_epsilon: 0.100
 train_frame_rate:  161
I1017 02:36:00.175691 47433936684864 run_miniworld.py:243] Data collection iteration 70.
I1017 02:38:34.875988 47433936684864 run_miniworld.py:250] Evaluation iteration 70.
I1017 02:38:44.695735 47433936684864 run_miniworld.py:267] iteration:  70
 frame: 1750000
 eval_episode_return:  0.00
 train_episode_return:  0.00
 train_exploration_epsilon: 0.100
 train_frame_rate:  162
I1017 02:38:47.534008 47433936684864 run_miniworld.py:243] Data collection iteration 71.
I1017 02:41:21.410601 47433936684864 run_miniworld.py:250] Evaluation iteration 71.
I1017 02:41:31.341846 47433936684864 run_miniworld.py:267] iteration:  71
 frame: 1775000
 eval_episode_return:  0.00
 train_episode_return:  0.00
 train_exploration_epsilon: 0.100
 train_frame_rate:  162
I1017 02:41:34.148795 47433936684864 run_miniworld.py:243] Data collection iteration 72.
I1017 02:44:08.246740 47433936684864 run_miniworld.py:250] Evaluation iteration 72.
I1017 02:44:17.833310 47433936684864 run_miniworld.py:267] iteration:  72
 frame: 1800000
 eval_episode_return:  0.00
 train_episode_return:  0.00
 train_exploration_epsilon: 0.100
 train_frame_rate:  162
I1017 02:44:21.668701 47433936684864 run_miniworld.py:243] Data collection iteration 73.
I1017 02:46:55.375624 47433936684864 run_miniworld.py:250] Evaluation iteration 73.
I1017 02:47:04.962772 47433936684864 run_miniworld.py:267] iteration:  73
 frame: 1825000
 eval_episode_return:  0.00
 train_episode_return:  0.00
 train_exploration_epsilon: 0.100
 train_frame_rate:  163
I1017 02:47:07.725080 47433936684864 run_miniworld.py:243] Data collection iteration 74.
I1017 02:49:41.931709 47433936684864 run_miniworld.py:250] Evaluation iteration 74.
I1017 02:49:51.794267 47433936684864 run_miniworld.py:267] iteration:  74
 frame: 1850000
 eval_episode_return:  0.00
 train_episode_return:  0.00
 train_exploration_epsilon: 0.100
 train_frame_rate:  162
I1017 02:49:56.088221 47433936684864 run_miniworld.py:243] Data collection iteration 75.
I1017 02:52:30.975710 47433936684864 run_miniworld.py:250] Evaluation iteration 75.
I1017 02:52:40.716985 47433936684864 run_miniworld.py:267] iteration:  75
 frame: 1875000
 eval_episode_return:  0.00
 train_episode_return:  0.00
 train_exploration_epsilon: 0.100
 train_frame_rate:  161
I1017 02:52:43.535771 47433936684864 run_miniworld.py:243] Data collection iteration 76.
I1017 02:55:16.762061 47433936684864 run_miniworld.py:250] Evaluation iteration 76.
I1017 02:55:26.582289 47433936684864 run_miniworld.py:267] iteration:  76
 frame: 1900000
 eval_episode_return:  0.00
 train_episode_return:  0.00
 train_exploration_epsilon: 0.100
 train_frame_rate:  163
I1017 02:55:29.378327 47433936684864 run_miniworld.py:243] Data collection iteration 77.
I1017 02:58:03.447525 47433936684864 run_miniworld.py:250] Evaluation iteration 77.
I1017 02:58:13.145858 47433936684864 run_miniworld.py:267] iteration:  77
 frame: 1925000
 eval_episode_return:  0.00
 train_episode_return:  0.00
 train_exploration_epsilon: 0.100
 train_frame_rate:  162
I1017 02:58:16.881910 47433936684864 run_miniworld.py:243] Data collection iteration 78.
I1017 03:00:51.537864 47433936684864 run_miniworld.py:250] Evaluation iteration 78.
I1017 03:01:01.504798 47433936684864 run_miniworld.py:267] iteration:  78
 frame: 1950000
 eval_episode_return:  0.00
 train_episode_return:  0.00
 train_exploration_epsilon: 0.100
 train_frame_rate:  162
I1017 03:01:04.332386 47433936684864 run_miniworld.py:243] Data collection iteration 79.
I1017 03:03:39.432605 47433936684864 run_miniworld.py:250] Evaluation iteration 79.
I1017 03:03:49.104538 47433936684864 run_miniworld.py:267] iteration:  79
 frame: 1975000
 eval_episode_return:  0.00
 train_episode_return:  0.00
 train_exploration_epsilon: 0.100
 train_frame_rate:  161
I1017 03:03:52.873089 47433936684864 run_miniworld.py:243] Data collection iteration 80.
I1017 03:06:28.481057 47433936684864 run_miniworld.py:250] Evaluation iteration 80.
I1017 03:06:38.328624 47433936684864 run_miniworld.py:267] iteration:  80
 frame: 2000000
 eval_episode_return:  0.00
 train_episode_return:  0.00
 train_exploration_epsilon: 0.100
 train_frame_rate:  161
I1017 03:06:41.264164 47433936684864 run_miniworld.py:243] Data collection iteration 81.
I1017 03:09:15.220153 47433936684864 run_miniworld.py:250] Evaluation iteration 81.
I1017 03:09:24.859610 47433936684864 run_miniworld.py:267] iteration:  81
 frame: 2025000
 eval_episode_return:  0.00
 train_episode_return:  0.00
 train_exploration_epsilon: 0.100
 train_frame_rate:  162
I1017 03:09:27.655422 47433936684864 run_miniworld.py:243] Data collection iteration 82.
I1017 03:12:00.672542 47433936684864 run_miniworld.py:250] Evaluation iteration 82.
I1017 03:12:10.200487 47433936684864 run_miniworld.py:267] iteration:  82
 frame: 2050000
 eval_episode_return:  0.00
 train_episode_return:  0.00
 train_exploration_epsilon: 0.100
 train_frame_rate:  163
I1017 03:12:14.120094 47433936684864 run_miniworld.py:243] Data collection iteration 83.
I1017 03:14:48.372255 47433936684864 run_miniworld.py:250] Evaluation iteration 83.
I1017 03:14:58.349238 47433936684864 run_miniworld.py:267] iteration:  83
 frame: 2075000
 eval_episode_return:  0.00
 train_episode_return:  0.00
 train_exploration_epsilon: 0.100
 train_frame_rate:  162
I1017 03:15:01.162187 47433936684864 run_miniworld.py:243] Data collection iteration 84.
I1017 03:17:33.584466 47433936684864 run_miniworld.py:250] Evaluation iteration 84.
I1017 03:17:43.192855 47433936684864 run_miniworld.py:267] iteration:  84
 frame: 2100000
 eval_episode_return:  0.00
 train_episode_return:  0.00
 train_exploration_epsilon: 0.100
 train_frame_rate:  164
I1017 03:17:47.046469 47433936684864 run_miniworld.py:243] Data collection iteration 85.
I1017 03:20:22.170843 47433936684864 run_miniworld.py:250] Evaluation iteration 85.
I1017 03:20:32.074305 47433936684864 run_miniworld.py:267] iteration:  85
 frame: 2125000
 eval_episode_return:  0.00
 train_episode_return:  0.00
 train_exploration_epsilon: 0.100
 train_frame_rate:  161
I1017 03:20:34.927406 47433936684864 run_miniworld.py:243] Data collection iteration 86.
I1017 03:23:08.284682 47433936684864 run_miniworld.py:250] Evaluation iteration 86.
I1017 03:23:18.232581 47433936684864 run_miniworld.py:267] iteration:  86
 frame: 2150000
 eval_episode_return:  0.00
 train_episode_return:  0.00
 train_exploration_epsilon: 0.100
 train_frame_rate:  163
I1017 03:23:21.051070 47433936684864 run_miniworld.py:243] Data collection iteration 87.
I1017 03:25:54.941950 47433936684864 run_miniworld.py:250] Evaluation iteration 87.
I1017 03:26:04.645357 47433936684864 run_miniworld.py:267] iteration:  87
 frame: 2175000
 eval_episode_return:  0.00
 train_episode_return:  0.00
 train_exploration_epsilon: 0.100
 train_frame_rate:  162
I1017 03:26:08.498717 47433936684864 run_miniworld.py:243] Data collection iteration 88.
I1017 03:28:42.019873 47433936684864 run_miniworld.py:250] Evaluation iteration 88.
I1017 03:28:51.851325 47433936684864 run_miniworld.py:267] iteration:  88
 frame: 2200000
 eval_episode_return:  0.00
 train_episode_return:  0.00
 train_exploration_epsilon: 0.100
 train_frame_rate:  163
I1017 03:28:54.707869 47433936684864 run_miniworld.py:243] Data collection iteration 89.
I1017 03:31:28.759639 47433936684864 run_miniworld.py:250] Evaluation iteration 89.
I1017 03:31:38.524481 47433936684864 run_miniworld.py:267] iteration:  89
 frame: 2225000
 eval_episode_return:  0.00
 train_episode_return:  0.00
 train_exploration_epsilon: 0.100
 train_frame_rate:  162
I1017 03:31:42.333478 47433936684864 run_miniworld.py:243] Data collection iteration 90.
I1017 03:34:17.203732 47433936684864 run_miniworld.py:250] Evaluation iteration 90.
I1017 03:34:26.980630 47433936684864 run_miniworld.py:267] iteration:  90
 frame: 2250000
 eval_episode_return:  0.00
 train_episode_return:  0.00
 train_exploration_epsilon: 0.100
 train_frame_rate:  161
I1017 03:34:29.793893 47433936684864 run_miniworld.py:243] Data collection iteration 91.
I1017 03:37:02.980036 47433936684864 run_miniworld.py:250] Evaluation iteration 91.
I1017 03:37:12.929756 47433936684864 run_miniworld.py:267] iteration:  91
 frame: 2275000
 eval_episode_return:  0.00
 train_episode_return:  0.00
 train_exploration_epsilon: 0.100
 train_frame_rate:  163
I1017 03:37:15.853746 47433936684864 run_miniworld.py:243] Data collection iteration 92.
I1017 03:39:49.105125 47433936684864 run_miniworld.py:250] Evaluation iteration 92.
I1017 03:39:58.952860 47433936684864 run_miniworld.py:267] iteration:  92
 frame: 2300000
 eval_episode_return:  0.00
 train_episode_return:  0.00
 train_exploration_epsilon: 0.100
 train_frame_rate:  163
I1017 03:40:02.992887 47433936684864 run_miniworld.py:243] Data collection iteration 93.
I1017 03:42:37.656756 47433936684864 run_miniworld.py:250] Evaluation iteration 93.
I1017 03:42:47.397531 47433936684864 run_miniworld.py:267] iteration:  93
 frame: 2325000
 eval_episode_return:  0.00
 train_episode_return:  0.00
 train_exploration_epsilon: 0.100
 train_frame_rate:  162
I1017 03:42:50.219500 47433936684864 run_miniworld.py:243] Data collection iteration 94.
I1017 03:45:23.956191 47433936684864 run_miniworld.py:250] Evaluation iteration 94.
I1017 03:45:33.798480 47433936684864 run_miniworld.py:267] iteration:  94
 frame: 2350000
 eval_episode_return:  0.00
 train_episode_return:  0.00
 train_exploration_epsilon: 0.100
 train_frame_rate:  163
I1017 03:45:37.569940 47433936684864 run_miniworld.py:243] Data collection iteration 95.
I1017 03:48:13.334968 47433936684864 run_miniworld.py:250] Evaluation iteration 95.
I1017 03:48:23.266064 47433936684864 run_miniworld.py:267] iteration:  95
 frame: 2375000
 eval_episode_return:  0.00
 train_episode_return:  0.00
 train_exploration_epsilon: 0.100
 train_frame_rate:  160
I1017 03:48:26.073551 47433936684864 run_miniworld.py:243] Data collection iteration 96.
I1017 03:50:58.559850 47433936684864 run_miniworld.py:250] Evaluation iteration 96.
I1017 03:51:08.247023 47433936684864 run_miniworld.py:267] iteration:  96
 frame: 2400000
 eval_episode_return:  0.00
 train_episode_return:  0.00
 train_exploration_epsilon: 0.100
 train_frame_rate:  164
I1017 03:51:11.089591 47433936684864 run_miniworld.py:243] Data collection iteration 97.
I1017 03:53:44.404524 47433936684864 run_miniworld.py:250] Evaluation iteration 97.
I1017 03:53:54.165549 47433936684864 run_miniworld.py:267] iteration:  97
 frame: 2425000
 eval_episode_return:  0.00
 train_episode_return:  0.00
 train_exploration_epsilon: 0.100
 train_frame_rate:  163
I1017 03:53:58.170605 47433936684864 run_miniworld.py:243] Data collection iteration 98.
I1017 03:56:33.286898 47433936684864 run_miniworld.py:250] Evaluation iteration 98.
I1017 03:56:43.230712 47433936684864 run_miniworld.py:267] iteration:  98
 frame: 2450000
 eval_episode_return:  0.00
 train_episode_return:  0.00
 train_exploration_epsilon: 0.100
 train_frame_rate:  161
I1017 03:56:46.250716 47433936684864 run_miniworld.py:243] Data collection iteration 99.
I1017 03:59:19.445663 47433936684864 run_miniworld.py:250] Evaluation iteration 99.
I1017 03:59:29.140630 47433936684864 run_miniworld.py:267] iteration:  99
 frame: 2475000
 eval_episode_return:  0.00
 train_episode_return:  0.00
 train_exploration_epsilon: 0.100
 train_frame_rate:  163
I1017 03:59:33.256688 47433936684864 run_miniworld.py:243] Data collection iteration 100.
I1017 04:02:06.541300 47433936684864 run_miniworld.py:250] Evaluation iteration 100.
I1017 04:02:16.161274 47433936684864 run_miniworld.py:267] iteration: 100
 frame: 2500000
 eval_episode_return:  0.00
 train_episode_return:  0.00
 train_exploration_epsilon: 0.100
 train_frame_rate:  163
I1017 04:02:19.043739 47433936684864 run_miniworld.py:243] Data collection iteration 101.
I1017 04:04:51.901959 47433936684864 run_miniworld.py:250] Evaluation iteration 101.
I1017 04:05:01.793096 47433936684864 run_miniworld.py:267] iteration: 101
 frame: 2525000
 eval_episode_return:  0.00
 train_episode_return:  0.00
 train_exploration_epsilon: 0.100
 train_frame_rate:  164
I1017 04:05:04.621437 47433936684864 run_miniworld.py:243] Data collection iteration 102.
I1017 04:07:39.049906 47433936684864 run_miniworld.py:250] Evaluation iteration 102.
I1017 04:07:48.934854 47433936684864 run_miniworld.py:267] iteration: 102
 frame: 2550000
 eval_episode_return:  0.00
 train_episode_return:  0.00
 train_exploration_epsilon: 0.100
 train_frame_rate:  162
I1017 04:07:52.769596 47433936684864 run_miniworld.py:243] Data collection iteration 103.
I1017 04:10:27.795194 47433936684864 run_miniworld.py:250] Evaluation iteration 103.
I1017 04:10:37.834904 47433936684864 run_miniworld.py:267] iteration: 103
 frame: 2575000
 eval_episode_return:  0.00
 train_episode_return:  0.00
 train_exploration_epsilon: 0.100
 train_frame_rate:  161
I1017 04:10:40.600916 47433936684864 run_miniworld.py:243] Data collection iteration 104.
I1017 04:13:16.096310 47433936684864 run_miniworld.py:250] Evaluation iteration 104.
I1017 04:13:26.025742 47433936684864 run_miniworld.py:267] iteration: 104
 frame: 2600000
 eval_episode_return:  0.00
 train_episode_return:  0.00
 train_exploration_epsilon: 0.100
 train_frame_rate:  161
I1017 04:13:29.774101 47433936684864 run_miniworld.py:243] Data collection iteration 105.
I1017 04:16:05.340866 47433936684864 run_miniworld.py:250] Evaluation iteration 105.
I1017 04:16:15.409317 47433936684864 run_miniworld.py:267] iteration: 105
 frame: 2625000
 eval_episode_return:  0.00
 train_episode_return:  0.00
 train_exploration_epsilon: 0.100
 train_frame_rate:  161
I1017 04:16:18.287760 47433936684864 run_miniworld.py:243] Data collection iteration 106.
I1017 04:18:53.930308 47433936684864 run_miniworld.py:250] Evaluation iteration 106.
I1017 04:19:03.901434 47433936684864 run_miniworld.py:267] iteration: 106
 frame: 2650000
 eval_episode_return:  0.00
 train_episode_return:  0.00
 train_exploration_epsilon: 0.100
 train_frame_rate:  161
I1017 04:19:06.709246 47433936684864 run_miniworld.py:243] Data collection iteration 107.
I1017 04:21:42.149139 47433936684864 run_miniworld.py:250] Evaluation iteration 107.
I1017 04:21:51.868917 47433936684864 run_miniworld.py:267] iteration: 107
 frame: 2675000
 eval_episode_return:  0.00
 train_episode_return:  0.00
 train_exploration_epsilon: 0.100
 train_frame_rate:  161
I1017 04:21:54.723593 47433936684864 run_miniworld.py:243] Data collection iteration 108.
I1017 04:24:28.363951 47433936684864 run_miniworld.py:250] Evaluation iteration 108.
I1017 04:24:38.012077 47433936684864 run_miniworld.py:267] iteration: 108
 frame: 2700000
 eval_episode_return:  0.00
 train_episode_return:  0.00
 train_exploration_epsilon: 0.100
 train_frame_rate:  163
I1017 04:24:40.811150 47433936684864 run_miniworld.py:243] Data collection iteration 109.
I1017 04:27:12.927004 47433936684864 run_miniworld.py:250] Evaluation iteration 109.
I1017 04:27:22.819298 47433936684864 run_miniworld.py:267] iteration: 109
 frame: 2725000
 eval_episode_return:  0.00
 train_episode_return:  0.00
 train_exploration_epsilon: 0.100
 train_frame_rate:  164
I1017 04:27:26.624699 47433936684864 run_miniworld.py:243] Data collection iteration 110.
I1017 04:30:00.092753 47433936684864 run_miniworld.py:250] Evaluation iteration 110.
I1017 04:30:10.054562 47433936684864 run_miniworld.py:267] iteration: 110
 frame: 2750000
 eval_episode_return:  0.00
 train_episode_return:  0.00
 train_exploration_epsilon: 0.100
 train_frame_rate:  163
I1017 04:30:12.890209 47433936684864 run_miniworld.py:243] Data collection iteration 111.
I1017 04:32:46.007306 47433936684864 run_miniworld.py:250] Evaluation iteration 111.
I1017 04:32:56.129423 47433936684864 run_miniworld.py:267] iteration: 111
 frame: 2775000
 eval_episode_return:  0.00
 train_episode_return:  0.00
 train_exploration_epsilon: 0.100
 train_frame_rate:  163
I1017 04:32:59.022417 47433936684864 run_miniworld.py:243] Data collection iteration 112.
I1017 04:35:33.718528 47433936684864 run_miniworld.py:250] Evaluation iteration 112.
I1017 04:35:43.622660 47433936684864 run_miniworld.py:267] iteration: 112
 frame: 2800000
 eval_episode_return:  0.00
 train_episode_return:  0.00
 train_exploration_epsilon: 0.100
 train_frame_rate:  162
I1017 04:35:46.479888 47433936684864 run_miniworld.py:243] Data collection iteration 113.
I1017 04:38:20.285539 47433936684864 run_miniworld.py:250] Evaluation iteration 113.
I1017 04:38:30.222144 47433936684864 run_miniworld.py:267] iteration: 113
 frame: 2825000
 eval_episode_return:  0.00
 train_episode_return:  0.00
 train_exploration_epsilon: 0.100
 train_frame_rate:  163
I1017 04:38:33.012462 47433936684864 run_miniworld.py:243] Data collection iteration 114.
I1017 04:41:06.034361 47433936684864 run_miniworld.py:250] Evaluation iteration 114.
I1017 04:41:15.765797 47433936684864 run_miniworld.py:267] iteration: 114
 frame: 2850000
 eval_episode_return:  0.00
 train_episode_return:  0.00
 train_exploration_epsilon: 0.100
 train_frame_rate:  163
I1017 04:41:19.607192 47433936684864 run_miniworld.py:243] Data collection iteration 115.
I1017 04:43:54.607960 47433936684864 run_miniworld.py:250] Evaluation iteration 115.
I1017 04:44:04.443968 47433936684864 run_miniworld.py:267] iteration: 115
 frame: 2875000
 eval_episode_return:  0.00
 train_episode_return:  0.00
 train_exploration_epsilon: 0.100
 train_frame_rate:  161
I1017 04:44:07.259826 47433936684864 run_miniworld.py:243] Data collection iteration 116.
I1017 04:46:43.359547 47433936684864 run_miniworld.py:250] Evaluation iteration 116.
I1017 04:46:53.426804 47433936684864 run_miniworld.py:267] iteration: 116
 frame: 2900000
 eval_episode_return:  0.00
 train_episode_return:  0.00
 train_exploration_epsilon: 0.100
 train_frame_rate:  160
I1017 04:46:57.395308 47433936684864 run_miniworld.py:243] Data collection iteration 117.
I1017 04:49:34.400327 47433936684864 run_miniworld.py:250] Evaluation iteration 117.
I1017 04:49:44.229193 47433936684864 run_miniworld.py:267] iteration: 117
 frame: 2925000
 eval_episode_return:  0.00
 train_episode_return:  0.00
 train_exploration_epsilon: 0.100
 train_frame_rate:  159
I1017 04:49:47.132091 47433936684864 run_miniworld.py:243] Data collection iteration 118.
I1017 04:52:24.954051 47433936684864 run_miniworld.py:250] Evaluation iteration 118.
I1017 04:52:34.810923 47433936684864 run_miniworld.py:267] iteration: 118
 frame: 2950000
 eval_episode_return:  0.00
 train_episode_return:  0.00
 train_exploration_epsilon: 0.100
 train_frame_rate:  158
I1017 04:52:37.614371 47433936684864 run_miniworld.py:243] Data collection iteration 119.
I1017 04:55:14.148146 47433936684864 run_miniworld.py:250] Evaluation iteration 119.
I1017 04:55:24.149319 47433936684864 run_miniworld.py:267] iteration: 119
 frame: 2975000
 eval_episode_return:  0.00
 train_episode_return:  0.04
 train_exploration_epsilon: 0.100
 train_frame_rate:  160
I1017 04:55:28.164833 47433936684864 run_miniworld.py:243] Data collection iteration 120.
I1017 04:58:05.312154 47433936684864 run_miniworld.py:250] Evaluation iteration 120.
I1017 04:58:15.024518 47433936684864 run_miniworld.py:267] iteration: 120
 frame: 3000000
 eval_episode_return:  0.00
 train_episode_return:  0.00
 train_exploration_epsilon: 0.100
 train_frame_rate:  159
I1017 04:58:17.819654 47433936684864 run_miniworld.py:243] Data collection iteration 121.
I1017 05:00:54.394830 47433936684864 run_miniworld.py:250] Evaluation iteration 121.
I1017 05:01:04.197278 47433936684864 run_miniworld.py:267] iteration: 121
 frame: 3025000
 eval_episode_return:  0.00
 train_episode_return:  0.00
 train_exploration_epsilon: 0.100
 train_frame_rate:  160
I1017 05:01:08.252350 47433936684864 run_miniworld.py:243] Data collection iteration 122.
I1017 05:03:45.502936 47433936684864 run_miniworld.py:250] Evaluation iteration 122.
I1017 05:03:55.280489 47433936684864 run_miniworld.py:267] iteration: 122
 frame: 3050000
 eval_episode_return:  0.00
 train_episode_return:  0.00
 train_exploration_epsilon: 0.100
 train_frame_rate:  159
I1017 05:03:58.413440 47433936684864 run_miniworld.py:243] Data collection iteration 123.
I1017 05:06:34.762164 47433936684864 run_miniworld.py:250] Evaluation iteration 123.
I1017 05:06:44.719844 47433936684864 run_miniworld.py:267] iteration: 123
 frame: 3075000
 eval_episode_return:  0.00
 train_episode_return:  0.00
 train_exploration_epsilon: 0.100
 train_frame_rate:  160
I1017 05:06:47.601517 47433936684864 run_miniworld.py:243] Data collection iteration 124.
I1017 05:09:24.463485 47433936684864 run_miniworld.py:250] Evaluation iteration 124.
I1017 05:09:34.302434 47433936684864 run_miniworld.py:267] iteration: 124
 frame: 3100000
 eval_episode_return:  0.00
 train_episode_return:  0.00
 train_exploration_epsilon: 0.100
 train_frame_rate:  159
I1017 05:09:39.200859 47433936684864 run_miniworld.py:243] Data collection iteration 125.
I1017 05:12:15.937097 47433936684864 run_miniworld.py:250] Evaluation iteration 125.
I1017 05:12:25.674470 47433936684864 run_miniworld.py:267] iteration: 125
 frame: 3125000
 eval_episode_return:  0.00
 train_episode_return:  0.00
 train_exploration_epsilon: 0.100
 train_frame_rate:  160
I1017 05:12:28.655418 47433936684864 run_miniworld.py:243] Data collection iteration 126.
I1017 05:15:05.392974 47433936684864 run_miniworld.py:250] Evaluation iteration 126.
I1017 05:15:14.990678 47433936684864 run_miniworld.py:267] iteration: 126
 frame: 3150000
 eval_episode_return:  0.00
 train_episode_return:  0.00
 train_exploration_epsilon: 0.100
 train_frame_rate:  160
I1017 05:15:18.925225 47433936684864 run_miniworld.py:243] Data collection iteration 127.
I1017 05:17:56.754444 47433936684864 run_miniworld.py:250] Evaluation iteration 127.
I1017 05:18:06.665916 47433936684864 run_miniworld.py:267] iteration: 127
 frame: 3175000
 eval_episode_return:  0.00
 train_episode_return:  0.00
 train_exploration_epsilon: 0.100
 train_frame_rate:  158
I1017 05:18:09.625782 47433936684864 run_miniworld.py:243] Data collection iteration 128.
I1017 05:20:46.526107 47433936684864 run_miniworld.py:250] Evaluation iteration 128.
I1017 05:20:56.293584 47433936684864 run_miniworld.py:267] iteration: 128
 frame: 3200000
 eval_episode_return:  0.00
 train_episode_return:  0.00
 train_exploration_epsilon: 0.100
 train_frame_rate:  159
I1017 05:20:59.065350 47433936684864 run_miniworld.py:243] Data collection iteration 129.
I1017 05:23:35.659797 47433936684864 run_miniworld.py:250] Evaluation iteration 129.
I1017 05:23:45.625721 47433936684864 run_miniworld.py:267] iteration: 129
 frame: 3225000
 eval_episode_return:  0.00
 train_episode_return:  0.00
 train_exploration_epsilon: 0.100
 train_frame_rate:  160
I1017 05:23:49.667693 47433936684864 run_miniworld.py:243] Data collection iteration 130.
I1017 05:26:27.015847 47433936684864 run_miniworld.py:250] Evaluation iteration 130.
I1017 05:26:36.932267 47433936684864 run_miniworld.py:267] iteration: 130
 frame: 3250000
 eval_episode_return:  0.00
 train_episode_return:  0.00
 train_exploration_epsilon: 0.100
 train_frame_rate:  159
I1017 05:26:39.790374 47433936684864 run_miniworld.py:243] Data collection iteration 131.
I1017 05:29:16.252150 47433936684864 run_miniworld.py:250] Evaluation iteration 131.
I1017 05:29:26.185981 47433936684864 run_miniworld.py:267] iteration: 131
 frame: 3275000
 eval_episode_return:  0.00
 train_episode_return:  0.00
 train_exploration_epsilon: 0.100
 train_frame_rate:  160
I1017 05:29:30.242550 47433936684864 run_miniworld.py:243] Data collection iteration 132.
I1017 05:32:07.372773 47433936684864 run_miniworld.py:250] Evaluation iteration 132.
I1017 05:32:16.978401 47433936684864 run_miniworld.py:267] iteration: 132
 frame: 3300000
 eval_episode_return:  0.00
 train_episode_return:  0.00
 train_exploration_epsilon: 0.100
 train_frame_rate:  159
I1017 05:32:19.899850 47433936684864 run_miniworld.py:243] Data collection iteration 133.
I1017 05:34:56.985327 47433936684864 run_miniworld.py:250] Evaluation iteration 133.
I1017 05:35:06.911862 47433936684864 run_miniworld.py:267] iteration: 133
 frame: 3325000
 eval_episode_return:  0.00
 train_episode_return:  0.00
 train_exploration_epsilon: 0.100
 train_frame_rate:  159
I1017 05:35:09.747306 47433936684864 run_miniworld.py:243] Data collection iteration 134.
I1017 05:37:45.639003 47433936684864 run_miniworld.py:250] Evaluation iteration 134.
I1017 05:37:55.369484 47433936684864 run_miniworld.py:267] iteration: 134
 frame: 3350000
 eval_episode_return:  0.00
 train_episode_return:  0.00
 train_exploration_epsilon: 0.100
 train_frame_rate:  160
I1017 05:37:59.303706 47433936684864 run_miniworld.py:243] Data collection iteration 135.
I1017 05:40:36.855363 47433936684864 run_miniworld.py:250] Evaluation iteration 135.
I1017 05:40:46.922961 47433936684864 run_miniworld.py:267] iteration: 135
 frame: 3375000
 eval_episode_return:  0.00
 train_episode_return:  0.00
 train_exploration_epsilon: 0.100
 train_frame_rate:  159
I1017 05:40:49.804987 47433936684864 run_miniworld.py:243] Data collection iteration 136.
I1017 05:43:25.974357 47433936684864 run_miniworld.py:250] Evaluation iteration 136.
I1017 05:43:36.060233 47433936684864 run_miniworld.py:267] iteration: 136
 frame: 3400000
 eval_episode_return:  0.00
 train_episode_return:  0.00
 train_exploration_epsilon: 0.100
 train_frame_rate:  160
I1017 05:43:40.016859 47433936684864 run_miniworld.py:243] Data collection iteration 137.
I1017 05:46:18.079404 47433936684864 run_miniworld.py:250] Evaluation iteration 137.
I1017 05:46:28.023141 47433936684864 run_miniworld.py:267] iteration: 137
 frame: 3425000
 eval_episode_return:  0.00
 train_episode_return:  0.00
 train_exploration_epsilon: 0.100
 train_frame_rate:  158
I1017 05:46:30.848284 47433936684864 run_miniworld.py:243] Data collection iteration 138.
I1017 05:49:07.387460 47433936684864 run_miniworld.py:250] Evaluation iteration 138.
I1017 05:49:17.254686 47433936684864 run_miniworld.py:267] iteration: 138
 frame: 3450000
 eval_episode_return:  0.00
 train_episode_return:  0.00
 train_exploration_epsilon: 0.100
 train_frame_rate:  160
I1017 05:49:20.063832 47433936684864 run_miniworld.py:243] Data collection iteration 139.
I1017 05:51:56.053942 47433936684864 run_miniworld.py:250] Evaluation iteration 139.
I1017 05:52:05.794042 47433936684864 run_miniworld.py:267] iteration: 139
 frame: 3475000
 eval_episode_return:  0.00
 train_episode_return:  0.00
 train_exploration_epsilon: 0.100
 train_frame_rate:  160
I1017 05:52:09.704010 47433936684864 run_miniworld.py:243] Data collection iteration 140.
I1017 05:54:47.152079 47433936684864 run_miniworld.py:250] Evaluation iteration 140.
I1017 05:54:57.282328 47433936684864 run_miniworld.py:267] iteration: 140
 frame: 3500000
 eval_episode_return:  0.00
 train_episode_return:  0.00
 train_exploration_epsilon: 0.100
 train_frame_rate:  159
I1017 05:55:00.091978 47433936684864 run_miniworld.py:243] Data collection iteration 141.
I1017 05:57:37.388776 47433936684864 run_miniworld.py:250] Evaluation iteration 141.
I1017 05:57:47.214126 47433936684864 run_miniworld.py:267] iteration: 141
 frame: 3525000
 eval_episode_return:  0.00
 train_episode_return:  0.00
 train_exploration_epsilon: 0.100
 train_frame_rate:  159
I1017 05:57:51.051690 47433936684864 run_miniworld.py:243] Data collection iteration 142.
I1017 06:00:29.290069 47433936684864 run_miniworld.py:250] Evaluation iteration 142.
I1017 06:00:39.260870 47433936684864 run_miniworld.py:267] iteration: 142
 frame: 3550000
 eval_episode_return:  0.00
 train_episode_return:  0.00
 train_exploration_epsilon: 0.100
 train_frame_rate:  158
I1017 06:00:42.194124 47433936684864 run_miniworld.py:243] Data collection iteration 143.
I1017 06:03:19.796498 47433936684864 run_miniworld.py:250] Evaluation iteration 143.
I1017 06:03:29.730245 47433936684864 run_miniworld.py:267] iteration: 143
 frame: 3575000
 eval_episode_return:  0.00
 train_episode_return:  0.00
 train_exploration_epsilon: 0.100
 train_frame_rate:  159
I1017 06:03:32.617171 47433936684864 run_miniworld.py:243] Data collection iteration 144.
I1017 06:06:08.066830 47433936684864 run_miniworld.py:250] Evaluation iteration 144.
I1017 06:06:17.899656 47433936684864 run_miniworld.py:267] iteration: 144
 frame: 3600000
 eval_episode_return:  0.00
 train_episode_return:  0.00
 train_exploration_epsilon: 0.100
 train_frame_rate:  161
I1017 06:06:21.921563 47433936684864 run_miniworld.py:243] Data collection iteration 145.
I1017 06:08:59.524991 47433936684864 run_miniworld.py:250] Evaluation iteration 145.
I1017 06:09:09.442640 47433936684864 run_miniworld.py:267] iteration: 145
 frame: 3625000
 eval_episode_return:  0.00
 train_episode_return:  0.00
 train_exploration_epsilon: 0.100
 train_frame_rate:  159
I1017 06:09:12.423527 47433936684864 run_miniworld.py:243] Data collection iteration 146.
I1017 06:11:48.322390 47433936684864 run_miniworld.py:250] Evaluation iteration 146.
I1017 06:11:57.943716 47433936684864 run_miniworld.py:267] iteration: 146
 frame: 3650000
 eval_episode_return:  0.00
 train_episode_return:  0.00
 train_exploration_epsilon: 0.100
 train_frame_rate:  160
I1017 06:12:01.832799 47433936684864 run_miniworld.py:243] Data collection iteration 147.
I1017 06:14:38.925369 47433936684864 run_miniworld.py:250] Evaluation iteration 147.
I1017 06:14:48.876741 47433936684864 run_miniworld.py:267] iteration: 147
 frame: 3675000
 eval_episode_return:  0.00
 train_episode_return:  0.00
 train_exploration_epsilon: 0.100
 train_frame_rate:  159
I1017 06:14:51.685129 47433936684864 run_miniworld.py:243] Data collection iteration 148.
I1017 06:17:27.333695 47433936684864 run_miniworld.py:250] Evaluation iteration 148.
I1017 06:17:37.457706 47433936684864 run_miniworld.py:267] iteration: 148
 frame: 3700000
 eval_episode_return:  0.00
 train_episode_return:  0.00
 train_exploration_epsilon: 0.100
 train_frame_rate:  161
I1017 06:17:40.506392 47433936684864 run_miniworld.py:243] Data collection iteration 149.
I1017 06:20:15.917284 47433936684864 run_miniworld.py:250] Evaluation iteration 149.
I1017 06:20:25.649198 47433936684864 run_miniworld.py:267] iteration: 149
 frame: 3725000
 eval_episode_return:  0.00
 train_episode_return:  0.00
 train_exploration_epsilon: 0.100
 train_frame_rate:  161
I1017 06:20:29.825382 47433936684864 run_miniworld.py:243] Data collection iteration 150.
I1017 06:23:07.377938 47433936684864 run_miniworld.py:250] Evaluation iteration 150.
I1017 06:23:17.190038 47433936684864 run_miniworld.py:267] iteration: 150
 frame: 3750000
 eval_episode_return:  0.00
 train_episode_return:  0.00
 train_exploration_epsilon: 0.100
 train_frame_rate:  159
I1017 06:23:20.057196 47433936684864 run_miniworld.py:243] Data collection iteration 151.
I1017 06:25:56.400619 47433936684864 run_miniworld.py:250] Evaluation iteration 151.
I1017 06:26:06.007817 47433936684864 run_miniworld.py:267] iteration: 151
 frame: 3775000
 eval_episode_return:  0.00
 train_episode_return:  0.00
 train_exploration_epsilon: 0.100
 train_frame_rate:  160
I1017 06:26:09.944164 47433936684864 run_miniworld.py:243] Data collection iteration 152.
I1017 06:28:48.252600 47433936684864 run_miniworld.py:250] Evaluation iteration 152.
I1017 06:28:58.292836 47433936684864 run_miniworld.py:267] iteration: 152
 frame: 3800000
 eval_episode_return:  0.00
 train_episode_return:  0.00
 train_exploration_epsilon: 0.100
 train_frame_rate:  158
I1017 06:29:01.101362 47433936684864 run_miniworld.py:243] Data collection iteration 153.
I1017 06:31:37.959505 47433936684864 run_miniworld.py:250] Evaluation iteration 153.
I1017 06:31:47.968769 47433936684864 run_miniworld.py:267] iteration: 153
 frame: 3825000
 eval_episode_return:  0.00
 train_episode_return:  0.00
 train_exploration_epsilon: 0.100
 train_frame_rate:  159
I1017 06:31:50.772774 47433936684864 run_miniworld.py:243] Data collection iteration 154.
I1017 06:34:27.164733 47433936684864 run_miniworld.py:250] Evaluation iteration 154.
I1017 06:34:36.969954 47433936684864 run_miniworld.py:267] iteration: 154
 frame: 3850000
 eval_episode_return:  0.00
 train_episode_return:  0.00
 train_exploration_epsilon: 0.100
 train_frame_rate:  160
I1017 06:34:40.888765 47433936684864 run_miniworld.py:243] Data collection iteration 155.
I1017 06:37:18.026361 47433936684864 run_miniworld.py:250] Evaluation iteration 155.
I1017 06:37:28.012319 47433936684864 run_miniworld.py:267] iteration: 155
 frame: 3875000
 eval_episode_return:  0.00
 train_episode_return:  0.00
 train_exploration_epsilon: 0.100
 train_frame_rate:  159
I1017 06:37:30.960374 47433936684864 run_miniworld.py:243] Data collection iteration 156.
I1017 06:40:07.707690 47433936684864 run_miniworld.py:250] Evaluation iteration 156.
I1017 06:40:17.628778 47433936684864 run_miniworld.py:267] iteration: 156
 frame: 3900000
 eval_episode_return:  0.00
 train_episode_return:  0.00
 train_exploration_epsilon: 0.100
 train_frame_rate:  159
I1017 06:40:21.538794 47433936684864 run_miniworld.py:243] Data collection iteration 157.
I1017 06:42:58.974469 47433936684864 run_miniworld.py:250] Evaluation iteration 157.
I1017 06:43:08.846145 47433936684864 run_miniworld.py:267] iteration: 157
 frame: 3925000
 eval_episode_return:  0.00
 train_episode_return:  0.00
 train_exploration_epsilon: 0.100
 train_frame_rate:  159
I1017 06:43:11.706031 47433936684864 run_miniworld.py:243] Data collection iteration 158.
I1017 06:45:48.476527 47433936684864 run_miniworld.py:250] Evaluation iteration 158.
I1017 06:45:58.301869 47433936684864 run_miniworld.py:267] iteration: 158
 frame: 3950000
 eval_episode_return:  0.00
 train_episode_return:  0.00
 train_exploration_epsilon: 0.100
 train_frame_rate:  159
I1017 06:46:01.181282 47433936684864 run_miniworld.py:243] Data collection iteration 159.
I1017 06:50:42.292814 47433936684864 run_miniworld.py:250] Evaluation iteration 159.
I1017 06:50:52.177080 47433936684864 run_miniworld.py:267] iteration: 159
 frame: 3975000
 eval_episode_return:  0.00
 train_episode_return:  0.00
 train_exploration_epsilon: 0.100
 train_frame_rate:   89
I1017 06:50:56.200812 47433936684864 run_miniworld.py:243] Data collection iteration 160.
I1017 06:53:33.587125 47433936684864 run_miniworld.py:250] Evaluation iteration 160.
I1017 06:53:43.531178 47433936684864 run_miniworld.py:267] iteration: 160
 frame: 4000000
 eval_episode_return:  0.00
 train_episode_return:  0.00
 train_exploration_epsilon: 0.100
 train_frame_rate:  159
I1017 06:53:46.399102 47433936684864 run_miniworld.py:243] Data collection iteration 161.
I1017 06:56:21.551364 47433936684864 run_miniworld.py:250] Evaluation iteration 161.
I1017 06:56:31.241941 47433936684864 run_miniworld.py:267] iteration: 161
 frame: 4025000
 eval_episode_return:  0.00
 train_episode_return:  0.00
 train_exploration_epsilon: 0.100
 train_frame_rate:  161
I1017 06:56:35.183309 47433936684864 run_miniworld.py:243] Data collection iteration 162.
I1017 06:59:13.207207 47433936684864 run_miniworld.py:250] Evaluation iteration 162.
I1017 06:59:23.252733 47433936684864 run_miniworld.py:267] iteration: 162
 frame: 4050000
 eval_episode_return:  0.00
 train_episode_return:  0.00
 train_exploration_epsilon: 0.100
 train_frame_rate:  158
I1017 06:59:26.135561 47433936684864 run_miniworld.py:243] Data collection iteration 163.
I1017 07:02:02.609549 47433936684864 run_miniworld.py:250] Evaluation iteration 163.
I1017 07:02:12.544482 47433936684864 run_miniworld.py:267] iteration: 163
 frame: 4075000
 eval_episode_return:  0.00
 train_episode_return:  0.00
 train_exploration_epsilon: 0.100
 train_frame_rate:  160
I1017 07:02:15.653506 47433936684864 run_miniworld.py:243] Data collection iteration 164.
I1017 07:04:51.796393 47433936684864 run_miniworld.py:250] Evaluation iteration 164.
I1017 07:05:01.814154 47433936684864 run_miniworld.py:267] iteration: 164
 frame: 4100000
 eval_episode_return:  0.00
 train_episode_return:  0.00
 train_exploration_epsilon: 0.100
 train_frame_rate:  160
I1017 07:05:05.811569 47433936684864 run_miniworld.py:243] Data collection iteration 165.
I1017 07:07:43.823979 47433936684864 run_miniworld.py:250] Evaluation iteration 165.
I1017 07:07:53.736765 47433936684864 run_miniworld.py:267] iteration: 165
 frame: 4125000
 eval_episode_return:  0.00
 train_episode_return:  0.00
 train_exploration_epsilon: 0.100
 train_frame_rate:  158
I1017 07:07:56.629996 47433936684864 run_miniworld.py:243] Data collection iteration 166.
I1017 07:10:30.454762 47433936684864 run_miniworld.py:250] Evaluation iteration 166.
I1017 07:10:40.108095 47433936684864 run_miniworld.py:267] iteration: 166
 frame: 4150000
 eval_episode_return:  0.00
 train_episode_return:  0.00
 train_exploration_epsilon: 0.100
 train_frame_rate:  163
I1017 07:10:43.988892 47433936684864 run_miniworld.py:243] Data collection iteration 167.
I1017 07:13:15.793597 47433936684864 run_miniworld.py:250] Evaluation iteration 167.
I1017 07:13:25.678694 47433936684864 run_miniworld.py:267] iteration: 167
 frame: 4175000
 eval_episode_return:  0.00
 train_episode_return:  0.00
 train_exploration_epsilon: 0.100
 train_frame_rate:  165
I1017 07:13:28.538943 47433936684864 run_miniworld.py:243] Data collection iteration 168.
I1017 07:16:01.592983 47433936684864 run_miniworld.py:250] Evaluation iteration 168.
I1017 07:16:11.432097 47433936684864 run_miniworld.py:267] iteration: 168
 frame: 4200000
 eval_episode_return:  0.00
 train_episode_return:  0.00
 train_exploration_epsilon: 0.100
 train_frame_rate:  163
I1017 07:16:14.288999 47433936684864 run_miniworld.py:243] Data collection iteration 169.
I1017 07:18:45.706363 47433936684864 run_miniworld.py:250] Evaluation iteration 169.
I1017 07:18:55.613958 47433936684864 run_miniworld.py:267] iteration: 169
 frame: 4225000
 eval_episode_return:  0.00
 train_episode_return:  0.00
 train_exploration_epsilon: 0.100
 train_frame_rate:  165
I1017 07:18:59.629984 47433936684864 run_miniworld.py:243] Data collection iteration 170.
I1017 07:21:32.834989 47433936684864 run_miniworld.py:250] Evaluation iteration 170.
I1017 07:21:42.749966 47433936684864 run_miniworld.py:267] iteration: 170
 frame: 4250000
 eval_episode_return:  0.00
 train_episode_return:  0.00
 train_exploration_epsilon: 0.100
 train_frame_rate:  163
I1017 07:21:45.573428 47433936684864 run_miniworld.py:243] Data collection iteration 171.
I1017 07:24:18.347204 47433936684864 run_miniworld.py:250] Evaluation iteration 171.
I1017 07:24:28.132574 47433936684864 run_miniworld.py:267] iteration: 171
 frame: 4275000
 eval_episode_return:  0.00
 train_episode_return:  0.00
 train_exploration_epsilon: 0.100
 train_frame_rate:  164
I1017 07:24:32.054600 47433936684864 run_miniworld.py:243] Data collection iteration 172.
I1017 07:27:05.969059 47433936684864 run_miniworld.py:250] Evaluation iteration 172.
I1017 07:27:15.877459 47433936684864 run_miniworld.py:267] iteration: 172
 frame: 4300000
 eval_episode_return:  0.00
 train_episode_return:  0.00
 train_exploration_epsilon: 0.100
 train_frame_rate:  162
I1017 07:27:18.762861 47433936684864 run_miniworld.py:243] Data collection iteration 173.
I1017 07:29:51.036533 47433936684864 run_miniworld.py:250] Evaluation iteration 173.
I1017 07:30:00.872208 47433936684864 run_miniworld.py:267] iteration: 173
 frame: 4325000
 eval_episode_return:  0.00
 train_episode_return:  0.00
 train_exploration_epsilon: 0.100
 train_frame_rate:  164
I1017 07:30:03.747104 47433936684864 run_miniworld.py:243] Data collection iteration 174.
I1017 07:32:37.112961 47433936684864 run_miniworld.py:250] Evaluation iteration 174.
I1017 07:32:47.025228 47433936684864 run_miniworld.py:267] iteration: 174
 frame: 4350000
 eval_episode_return:  0.00
 train_episode_return:  0.00
 train_exploration_epsilon: 0.100
 train_frame_rate:  163
I1017 07:32:51.143507 47433936684864 run_miniworld.py:243] Data collection iteration 175.
I1017 07:35:24.478477 47433936684864 run_miniworld.py:250] Evaluation iteration 175.
I1017 07:35:34.454288 47433936684864 run_miniworld.py:267] iteration: 175
 frame: 4375000
 eval_episode_return:  0.00
 train_episode_return:  0.00
 train_exploration_epsilon: 0.100
 train_frame_rate:  163
I1017 07:35:37.295312 47433936684864 run_miniworld.py:243] Data collection iteration 176.
I1017 07:38:10.728379 47433936684864 run_miniworld.py:250] Evaluation iteration 176.
I1017 07:38:20.647873 47433936684864 run_miniworld.py:267] iteration: 176
 frame: 4400000
 eval_episode_return:  0.00
 train_episode_return:  0.00
 train_exploration_epsilon: 0.100
 train_frame_rate:  163
I1017 07:38:24.483430 47433936684864 run_miniworld.py:243] Data collection iteration 177.
I1017 07:40:58.372533 47433936684864 run_miniworld.py:250] Evaluation iteration 177.
I1017 07:41:08.327319 47433936684864 run_miniworld.py:267] iteration: 177
 frame: 4425000
 eval_episode_return:  0.00
 train_episode_return:  0.00
 train_exploration_epsilon: 0.100
 train_frame_rate:  162
I1017 07:41:11.181407 47433936684864 run_miniworld.py:243] Data collection iteration 178.
I1017 07:43:45.150299 47433936684864 run_miniworld.py:250] Evaluation iteration 178.
I1017 07:43:55.084449 47433936684864 run_miniworld.py:267] iteration: 178
 frame: 4450000
 eval_episode_return:  0.00
 train_episode_return:  0.00
 train_exploration_epsilon: 0.100
 train_frame_rate:  162
I1017 07:43:57.910998 47433936684864 run_miniworld.py:243] Data collection iteration 179.
I1017 07:46:30.810504 47433936684864 run_miniworld.py:250] Evaluation iteration 179.
I1017 07:46:40.648920 47433936684864 run_miniworld.py:267] iteration: 179
 frame: 4475000
 eval_episode_return:  0.00
 train_episode_return:  0.00
 train_exploration_epsilon: 0.100
 train_frame_rate:  164
I1017 07:46:44.637026 47433936684864 run_miniworld.py:243] Data collection iteration 180.
I1017 07:49:17.228672 47433936684864 run_miniworld.py:250] Evaluation iteration 180.
I1017 07:49:27.099298 47433936684864 run_miniworld.py:267] iteration: 180
 frame: 4500000
 eval_episode_return:  0.00
 train_episode_return:  0.00
 train_exploration_epsilon: 0.100
 train_frame_rate:  164
I1017 07:49:29.997370 47433936684864 run_miniworld.py:243] Data collection iteration 181.
I1017 07:52:02.733430 47433936684864 run_miniworld.py:250] Evaluation iteration 181.
I1017 07:52:12.575884 47433936684864 run_miniworld.py:267] iteration: 181
 frame: 4525000
 eval_episode_return:  0.00
 train_episode_return:  0.00
 train_exploration_epsilon: 0.100
 train_frame_rate:  164
I1017 07:52:16.428127 47433936684864 run_miniworld.py:243] Data collection iteration 182.
I1017 07:54:50.182253 47433936684864 run_miniworld.py:250] Evaluation iteration 182.
I1017 07:55:00.032139 47433936684864 run_miniworld.py:267] iteration: 182
 frame: 4550000
 eval_episode_return:  0.00
 train_episode_return:  0.00
 train_exploration_epsilon: 0.100
 train_frame_rate:  163
I1017 07:55:02.867647 47433936684864 run_miniworld.py:243] Data collection iteration 183.
I1017 07:57:36.302423 47433936684864 run_miniworld.py:250] Evaluation iteration 183.
I1017 07:57:46.048127 47433936684864 run_miniworld.py:267] iteration: 183
 frame: 4575000
 eval_episode_return:  0.00
 train_episode_return:  0.00
 train_exploration_epsilon: 0.100
 train_frame_rate:  163
I1017 07:57:48.797669 47433936684864 run_miniworld.py:243] Data collection iteration 184.
I1017 08:00:22.741281 47433936684864 run_miniworld.py:250] Evaluation iteration 184.
I1017 08:00:32.745612 47433936684864 run_miniworld.py:267] iteration: 184
 frame: 4600000
 eval_episode_return:  0.00
 train_episode_return:  0.00
 train_exploration_epsilon: 0.100
 train_frame_rate:  162
I1017 08:00:36.796326 47433936684864 run_miniworld.py:243] Data collection iteration 185.
I1017 08:03:09.783023 47433936684864 run_miniworld.py:250] Evaluation iteration 185.
I1017 08:03:19.583276 47433936684864 run_miniworld.py:267] iteration: 185
 frame: 4625000
 eval_episode_return:  0.00
 train_episode_return:  0.00
 train_exploration_epsilon: 0.100
 train_frame_rate:  163
I1017 08:03:22.344078 47433936684864 run_miniworld.py:243] Data collection iteration 186.
I1017 08:05:54.878267 47433936684864 run_miniworld.py:250] Evaluation iteration 186.
I1017 08:06:04.366242 47433936684864 run_miniworld.py:267] iteration: 186
 frame: 4650000
 eval_episode_return:  0.00
 train_episode_return:  0.00
 train_exploration_epsilon: 0.100
 train_frame_rate:  164
I1017 08:06:08.213349 47433936684864 run_miniworld.py:243] Data collection iteration 187.
I1017 08:08:41.877023 47433936684864 run_miniworld.py:250] Evaluation iteration 187.
I1017 08:08:51.851999 47433936684864 run_miniworld.py:267] iteration: 187
 frame: 4675000
 eval_episode_return:  0.00
 train_episode_return:  0.00
 train_exploration_epsilon: 0.100
 train_frame_rate:  163
I1017 08:08:54.766548 47433936684864 run_miniworld.py:243] Data collection iteration 188.
I1017 08:11:28.602625 47433936684864 run_miniworld.py:250] Evaluation iteration 188.
I1017 08:11:38.583934 47433936684864 run_miniworld.py:267] iteration: 188
 frame: 4700000
 eval_episode_return:  0.00
 train_episode_return:  0.00
 train_exploration_epsilon: 0.100
 train_frame_rate:  163
I1017 08:11:41.466155 47433936684864 run_miniworld.py:243] Data collection iteration 189.
I1017 08:14:14.700994 47433936684864 run_miniworld.py:250] Evaluation iteration 189.
I1017 08:14:24.635557 47433936684864 run_miniworld.py:267] iteration: 189
 frame: 4725000
 eval_episode_return:  0.00
 train_episode_return:  0.00
 train_exploration_epsilon: 0.100
 train_frame_rate:  163
I1017 08:14:28.652558 47433936684864 run_miniworld.py:243] Data collection iteration 190.
I1017 08:17:02.842604 47433936684864 run_miniworld.py:250] Evaluation iteration 190.
I1017 08:17:12.907918 47433936684864 run_miniworld.py:267] iteration: 190
 frame: 4750000
 eval_episode_return:  0.00
 train_episode_return:  0.00
 train_exploration_epsilon: 0.100
 train_frame_rate:  162
I1017 08:17:15.762666 47433936684864 run_miniworld.py:243] Data collection iteration 191.
I1017 08:19:49.513552 47433936684864 run_miniworld.py:250] Evaluation iteration 191.
I1017 08:19:59.546651 47433936684864 run_miniworld.py:267] iteration: 191
 frame: 4775000
 eval_episode_return:  0.00
 train_episode_return:  0.00
 train_exploration_epsilon: 0.100
 train_frame_rate:  163
I1017 08:20:03.452012 47433936684864 run_miniworld.py:243] Data collection iteration 192.
I1017 08:22:38.186016 47433936684864 run_miniworld.py:250] Evaluation iteration 192.
I1017 08:22:48.040469 47433936684864 run_miniworld.py:267] iteration: 192
 frame: 4800000
 eval_episode_return:  0.00
 train_episode_return:  0.00
 train_exploration_epsilon: 0.100
 train_frame_rate:  162
I1017 08:22:51.215654 47433936684864 run_miniworld.py:243] Data collection iteration 193.
I1017 08:25:24.792580 47433936684864 run_miniworld.py:250] Evaluation iteration 193.
I1017 08:25:34.770519 47433936684864 run_miniworld.py:267] iteration: 193
 frame: 4825000
 eval_episode_return:  0.00
 train_episode_return:  0.00
 train_exploration_epsilon: 0.100
 train_frame_rate:  163
I1017 08:25:37.623798 47433936684864 run_miniworld.py:243] Data collection iteration 194.
I1017 08:28:11.047318 47433936684864 run_miniworld.py:250] Evaluation iteration 194.
I1017 08:28:20.844284 47433936684864 run_miniworld.py:267] iteration: 194
 frame: 4850000
 eval_episode_return:  0.00
 train_episode_return:  0.00
 train_exploration_epsilon: 0.100
 train_frame_rate:  163
I1017 08:28:24.995087 47433936684864 run_miniworld.py:243] Data collection iteration 195.
I1017 08:30:58.805516 47433936684864 run_miniworld.py:250] Evaluation iteration 195.
I1017 08:31:08.583741 47433936684864 run_miniworld.py:267] iteration: 195
 frame: 4875000
 eval_episode_return:  0.00
 train_episode_return:  0.00
 train_exploration_epsilon: 0.100
 train_frame_rate:  163
I1017 08:31:11.485726 47433936684864 run_miniworld.py:243] Data collection iteration 196.
I1017 08:33:44.552966 47433936684864 run_miniworld.py:250] Evaluation iteration 196.
I1017 08:33:54.543825 47433936684864 run_miniworld.py:267] iteration: 196
 frame: 4900000
 eval_episode_return:  0.00
 train_episode_return:  0.00
 train_exploration_epsilon: 0.100
 train_frame_rate:  163
I1017 08:33:58.510966 47433936684864 run_miniworld.py:243] Data collection iteration 197.
I1017 08:36:32.491202 47433936684864 run_miniworld.py:250] Evaluation iteration 197.
I1017 08:36:42.383847 47433936684864 run_miniworld.py:267] iteration: 197
 frame: 4925000
 eval_episode_return:  0.00
 train_episode_return:  0.00
 train_exploration_epsilon: 0.100
 train_frame_rate:  162
I1017 08:36:45.179253 47433936684864 run_miniworld.py:243] Data collection iteration 198.
I1017 08:39:17.982401 47433936684864 run_miniworld.py:250] Evaluation iteration 198.
I1017 08:39:27.957579 47433936684864 run_miniworld.py:267] iteration: 198
 frame: 4950000
 eval_episode_return:  0.00
 train_episode_return:  0.00
 train_exploration_epsilon: 0.100
 train_frame_rate:  164
I1017 08:39:30.904720 47433936684864 run_miniworld.py:243] Data collection iteration 199.
I1017 08:42:04.261644 47433936684864 run_miniworld.py:250] Evaluation iteration 199.
I1017 08:42:14.133079 47433936684864 run_miniworld.py:267] iteration: 199
 frame: 4975000
 eval_episode_return:  0.00
 train_episode_return:  0.00
 train_exploration_epsilon: 0.100
 train_frame_rate:  163
I1017 08:42:18.299034 47433936684864 run_miniworld.py:243] Data collection iteration 200.
I1017 08:44:51.361964 47433936684864 run_miniworld.py:250] Evaluation iteration 200.
I1017 08:45:01.247384 47433936684864 run_miniworld.py:267] iteration: 200
 frame: 5000000
 eval_episode_return:  0.00
 train_episode_return:  0.00
 train_exploration_epsilon: 0.100
 train_frame_rate:  163
Falling back to num_samples=1
Falling back to num_samples=1
Falling back to num_samples=1
Falling back to num_samples=1
Falling back to num_samples=1
Falling back to num_samples=1
Falling back to num_samples=1
Falling back to num_samples=1
Falling back to num_samples=1
Falling back to num_samples=1
Falling back to num_samples=1
Falling back to num_samples=1
Falling back to num_samples=1
Falling back to num_samples=1
Falling back to num_samples=1
Falling back to num_samples=1
Falling back to num_samples=1
Falling back to num_samples=1
Falling back to num_samples=1
Falling back to num_samples=1
Falling back to num_samples=1
Falling back to num_samples=1
Falling back to num_samples=1
Falling back to num_samples=1
Falling back to num_samples=1
Falling back to num_samples=1
Falling back to num_samples=1
Falling back to num_samples=1
Falling back to num_samples=1
Falling back to num_samples=1
Falling back to num_samples=1
Falling back to num_samples=1
Falling back to num_samples=1
Falling back to num_samples=1
Falling back to num_samples=1
Falling back to num_samples=1
Falling back to num_samples=1
Falling back to num_samples=1
Falling back to num_samples=1
Falling back to num_samples=1
Falling back to num_samples=1
Falling back to num_samples=1
Falling back to num_samples=1
Falling back to num_samples=1
Falling back to num_samples=1
Falling back to num_samples=1
Falling back to num_samples=1
Falling back to num_samples=1
Falling back to num_samples=1
Falling back to num_samples=1
Falling back to num_samples=1
Falling back to num_samples=1
Falling back to num_samples=1
Falling back to num_samples=1
Falling back to num_samples=1
Falling back to num_samples=1
Falling back to num_samples=1
Falling back to num_samples=1
Falling back to num_samples=1
Falling back to num_samples=1
Falling back to num_samples=1
Falling back to num_samples=1
Falling back to num_samples=1
Falling back to num_samples=1
Falling back to num_samples=1
Falling back to num_samples=1
Falling back to num_samples=1
Falling back to num_samples=1
Falling back to num_samples=1
Falling back to num_samples=1
Falling back to num_samples=1
Falling back to num_samples=1
Falling back to num_samples=1
Falling back to num_samples=1
Falling back to num_samples=1
Falling back to num_samples=1
Falling back to num_samples=1
Falling back to num_samples=1
Falling back to num_samples=1
Falling back to num_samples=1
Falling back to num_samples=1
Falling back to num_samples=1
Falling back to num_samples=1
Falling back to num_samples=1
Falling back to num_samples=1
Falling back to num_samples=1
Falling back to num_samples=1
Falling back to num_samples=1
Falling back to num_samples=1
Falling back to num_samples=1
Falling back to num_samples=1
Falling back to num_samples=1
Falling back to num_samples=1
Falling back to num_samples=1
Falling back to num_samples=1
Falling back to num_samples=1
Falling back to num_samples=1
Falling back to num_samples=1
Falling back to num_samples=1
Falling back to num_samples=1
Falling back to num_samples=1
Falling back to num_samples=1
Falling back to num_samples=1
Falling back to num_samples=1
Falling back to num_samples=1
Falling back to num_samples=1
Falling back to num_samples=1
Falling back to num_samples=1
Falling back to num_samples=1
Falling back to num_samples=1
Falling back to num_samples=1
Falling back to num_samples=1
Falling back to num_samples=1
Falling back to num_samples=1
Falling back to num_samples=1
Falling back to num_samples=1
Falling back to num_samples=1
Falling back to num_samples=1
Falling back to num_samples=1
Falling back to num_samples=1
Falling back to num_samples=1
Falling back to num_samples=1
Falling back to num_samples=1
Falling back to num_samples=1
Falling back to num_samples=1
Falling back to num_samples=1
Falling back to num_samples=1
Falling back to num_samples=1
Falling back to num_samples=1
Falling back to num_samples=1
Falling back to num_samples=1
Falling back to num_samples=1
Falling back to num_samples=1
Falling back to num_samples=1
Falling back to num_samples=1
Falling back to num_samples=1
Falling back to num_samples=1
Falling back to num_samples=1
Falling back to num_samples=1
Falling back to num_samples=1
Falling back to num_samples=1
Falling back to num_samples=1
Falling back to num_samples=1
Falling back to num_samples=1
Falling back to num_samples=1
Falling back to num_samples=1
Falling back to num_samples=1
Falling back to num_samples=1
Falling back to num_samples=1
Falling back to num_samples=1
Falling back to num_samples=1
Falling back to num_samples=1
Falling back to num_samples=1
Falling back to num_samples=1
Falling back to num_samples=1
Falling back to num_samples=1
Falling back to num_samples=1
Falling back to num_samples=1
Falling back to num_samples=1
Falling back to num_samples=1
Falling back to num_samples=1
Falling back to num_samples=1
Falling back to num_samples=1
Falling back to num_samples=1
Falling back to num_samples=1
Falling back to num_samples=1
Falling back to num_samples=1
Falling back to num_samples=1
Falling back to num_samples=1
Falling back to num_samples=1
Falling back to num_samples=1
Falling back to num_samples=1
Falling back to num_samples=1
Falling back to num_samples=1
Falling back to num_samples=1
Falling back to num_samples=1
Falling back to num_samples=1
Falling back to num_samples=1
Falling back to num_samples=1
Falling back to num_samples=1
Falling back to num_samples=1
Falling back to num_samples=1
Falling back to num_samples=1
Falling back to num_samples=1
Falling back to num_samples=1
Falling back to num_samples=1
Falling back to num_samples=1
Falling back to num_samples=1
Falling back to num_samples=1
Falling back to num_samples=1
Falling back to num_samples=1
Falling back to num_samples=1
Falling back to num_samples=1
Falling back to num_samples=1
Falling back to num_samples=1
Falling back to num_samples=1
Falling back to num_samples=1
Falling back to num_samples=1
Falling back to num_samples=1
Falling back to num_samples=1
Falling back to num_samples=1
Falling back to num_samples=1
Falling back to num_samples=1
Falling back to num_samples=1
Falling back to num_samples=1
Falling back to num_samples=1
Falling back to num_samples=1
Falling back to num_samples=1
Falling back to num_samples=1
Falling back to num_samples=1
Falling back to num_samples=1
Falling back to num_samples=1
Falling back to num_samples=1
Falling back to num_samples=1
Falling back to num_samples=1
Falling back to num_samples=1
Falling back to num_samples=1
Falling back to num_samples=1
Falling back to num_samples=1
Falling back to num_samples=1
Falling back to num_samples=1
Falling back to num_samples=1
Falling back to num_samples=1
Falling back to num_samples=1
Falling back to num_samples=1
Falling back to num_samples=1
Falling back to num_samples=1
Falling back to num_samples=1
Falling back to num_samples=1
Falling back to num_samples=1
Falling back to num_samples=1
Falling back to num_samples=1
Falling back to num_samples=1
Falling back to num_samples=1
Falling back to num_samples=1
Falling back to num_samples=1
Falling back to num_samples=1
Falling back to num_samples=1
Falling back to num_samples=1
Falling back to num_samples=1
Falling back to num_samples=1
Falling back to num_samples=1
Falling back to num_samples=1
Falling back to num_samples=1
Falling back to num_samples=1
Falling back to num_samples=1
Falling back to num_samples=1
Falling back to num_samples=1
Falling back to num_samples=1
Falling back to num_samples=1
Falling back to num_samples=1
Falling back to num_samples=1
Falling back to num_samples=1
Falling back to num_samples=1
Falling back to num_samples=1
Falling back to num_samples=1
Falling back to num_samples=1
Falling back to num_samples=1
Falling back to num_samples=1
Falling back to num_samples=1
Falling back to num_samples=1
Falling back to num_samples=1
Falling back to num_samples=1
Falling back to num_samples=1
Falling back to num_samples=1
Falling back to num_samples=1
Falling back to num_samples=1
Falling back to num_samples=1
Falling back to num_samples=1
Falling back to num_samples=1
Falling back to num_samples=1
Falling back to num_samples=1
Falling back to num_samples=1
Falling back to num_samples=1
Falling back to num_samples=1
Falling back to num_samples=1
Falling back to num_samples=1
Falling back to num_samples=1
Falling back to num_samples=1
Falling back to num_samples=1
Falling back to num_samples=1
Falling back to num_samples=1
Falling back to num_samples=1
Falling back to num_samples=1
Falling back to num_samples=1
Falling back to num_samples=1
Falling back to num_samples=1
Falling back to num_samples=1
Falling back to num_samples=1
Falling back to num_samples=1
Falling back to num_samples=1
Falling back to num_samples=1
Falling back to num_samples=1
Falling back to num_samples=1
Falling back to num_samples=1
Falling back to num_samples=1
Falling back to num_samples=1
Falling back to num_samples=1
Falling back to num_samples=1
Falling back to num_samples=1
Falling back to num_samples=1
Falling back to num_samples=1
Falling back to num_samples=1
Falling back to num_samples=1
Falling back to num_samples=1
Falling back to num_samples=1
Falling back to num_samples=1
Falling back to num_samples=1
Falling back to num_samples=1
Falling back to num_samples=1
Falling back to num_samples=1
Falling back to num_samples=1
Falling back to num_samples=1
Falling back to num_samples=1
Falling back to num_samples=1
Falling back to num_samples=1
Falling back to num_samples=1
Falling back to num_samples=1
Falling back to num_samples=1
Falling back to num_samples=1
Falling back to num_samples=1
Falling back to num_samples=1
Falling back to num_samples=1
Falling back to num_samples=1
Falling back to num_samples=1
Falling back to num_samples=1
Falling back to num_samples=1
Falling back to num_samples=1
Falling back to num_samples=1
Falling back to num_samples=1
Falling back to num_samples=1
Falling back to num_samples=1
Falling back to num_samples=1
Falling back to num_samples=1
Falling back to num_samples=1
Falling back to num_samples=1
Falling back to num_samples=1
Falling back to num_samples=1
Falling back to num_samples=1
Falling back to num_samples=1
Falling back to num_samples=1
Falling back to num_samples=1
Falling back to num_samples=1
Falling back to num_samples=1
Falling back to num_samples=1
Falling back to num_samples=1
Falling back to num_samples=1
Falling back to num_samples=1
Falling back to num_samples=1
Falling back to num_samples=1
Falling back to num_samples=1
Falling back to num_samples=1
Falling back to num_samples=1
Falling back to num_samples=1
Falling back to num_samples=1
Falling back to num_samples=1
Falling back to num_samples=1
Falling back to num_samples=1
Falling back to num_samples=1
Falling back to num_samples=1
Falling back to num_samples=1
Falling back to num_samples=1
Falling back to num_samples=1
Falling back to num_samples=1
Falling back to num_samples=1
Falling back to num_samples=1
Falling back to num_samples=1
Falling back to num_samples=1
Falling back to num_samples=1
Falling back to num_samples=1
Falling back to num_samples=1
Falling back to num_samples=1
Falling back to num_samples=1
Falling back to num_samples=1
Falling back to num_samples=1
Falling back to num_samples=1
Falling back to num_samples=1
Falling back to num_samples=1
Falling back to num_samples=1
Falling back to num_samples=1
Falling back to num_samples=1
Falling back to num_samples=1
Falling back to num_samples=1
Falling back to num_samples=1
Falling back to num_samples=1
Falling back to num_samples=1
Falling back to num_samples=1
Falling back to num_samples=1
Falling back to num_samples=1
Falling back to num_samples=1
Falling back to num_samples=1
Falling back to num_samples=1
Falling back to num_samples=1
Falling back to num_samples=1
Falling back to num_samples=1
Falling back to num_samples=1
Falling back to num_samples=1
Falling back to num_samples=1
Falling back to num_samples=1
Falling back to num_samples=1
Falling back to num_samples=1
Falling back to num_samples=1
Falling back to num_samples=1
Falling back to num_samples=1
