I1016 23:17:32.778158 47879170824000 xla_bridge.py:355] Unable to initialize backend 'tpu_driver': NOT_FOUND: Unable to find driver in registry given worker: 
I1016 23:17:32.893608 47879170824000 xla_bridge.py:355] Unable to initialize backend 'rocm': NOT_FOUND: Could not find registered platform with name: "rocm". Available platform names are: Interpreter Host CUDA
I1016 23:17:32.894115 47879170824000 xla_bridge.py:355] Unable to initialize backend 'tpu': module 'jaxlib.xla_extension' has no attribute 'get_tpu_client'
I1016 23:17:32.894246 47879170824000 xla_bridge.py:355] Unable to initialize backend 'plugin': xla_extension has no attributes named get_plugin_device_client. Compile TensorFlow with //tensorflow/compiler/xla/python:enable_plugin_device set to true (defaults to false) to enable this.
I1016 23:17:32.894360 47879170824000 run_miniworld.py:102] Collecting data on MiniWorld on gpu.
I1016 23:17:38.785800 47879170824000 run_miniworld.py:138] Observation shape: (60, 80, 3)
I1016 23:17:50.456797 47879170824000 run_miniworld.py:243] Data collection iteration 0.
I1016 23:18:28.043467 47879170824000 run_miniworld.py:250] Evaluation iteration 0.
/home/mklissa/DCEO/lib/python3.8/site-packages/distrax/_src/distributions/categorical.py:96: UserWarning: Explicitly requested dtype <class 'jax.numpy.int64'> requested in astype is not available, and will be truncated to dtype int32. To enable more dtypes, set the jax_enable_x64 configuration option or the JAX_ENABLE_X64 shell environment variable. See https://github.com/google/jax#current-gotchas for more.
  return draws.astype(self._dtype)
I1016 23:18:38.556089 47879170824000 run_miniworld.py:267] iteration:   0
 frame:     0
 eval_episode_return:  0.00
 train_episode_return:  0.04
 train_exploration_epsilon: 1.000
 train_frame_rate:  665
I1016 23:18:43.663390 47879170824000 run_miniworld.py:243] Data collection iteration 1.
I1016 23:19:21.712377 47879170824000 run_miniworld.py:250] Evaluation iteration 1.
I1016 23:19:31.472977 47879170824000 run_miniworld.py:267] iteration:   1
 frame: 25000
 eval_episode_return:  0.00
 train_episode_return:  0.00
 train_exploration_epsilon: 1.000
 train_frame_rate:  657
I1016 23:19:34.780366 47879170824000 run_miniworld.py:243] Data collection iteration 2.
I1016 23:19:35.269697 47879170824000 dceo_agent.py:365] Begin learning
I1016 23:22:12.745538 47879170824000 run_miniworld.py:250] Evaluation iteration 2.
I1016 23:22:22.435117 47879170824000 run_miniworld.py:267] iteration:   2
 frame: 50000
 eval_episode_return:  0.00
 train_episode_return:  0.04
 train_exploration_epsilon: 0.955
 train_frame_rate:  158
I1016 23:22:25.278833 47879170824000 run_miniworld.py:243] Data collection iteration 3.
I1016 23:25:01.761736 47879170824000 run_miniworld.py:250] Evaluation iteration 3.
I1016 23:25:11.425814 47879170824000 run_miniworld.py:267] iteration:   3
 frame: 75000
 eval_episode_return:  0.00
 train_episode_return:  0.00
 train_exploration_epsilon: 0.910
 train_frame_rate:  160
I1016 23:25:14.710030 47879170824000 run_miniworld.py:243] Data collection iteration 4.
I1016 23:27:52.655550 47879170824000 run_miniworld.py:250] Evaluation iteration 4.
I1016 23:28:02.342685 47879170824000 run_miniworld.py:267] iteration:   4
 frame: 100000
 eval_episode_return:  0.00
 train_episode_return:  0.00
 train_exploration_epsilon: 0.865
 train_frame_rate:  158
I1016 23:28:05.581097 47879170824000 run_miniworld.py:243] Data collection iteration 5.
I1016 23:30:42.686669 47879170824000 run_miniworld.py:250] Evaluation iteration 5.
I1016 23:30:52.510184 47879170824000 run_miniworld.py:267] iteration:   5
 frame: 125000
 eval_episode_return:  0.00
 train_episode_return:  0.00
 train_exploration_epsilon: 0.820
 train_frame_rate:  159
I1016 23:30:55.689019 47879170824000 run_miniworld.py:243] Data collection iteration 6.
I1016 23:33:33.159636 47879170824000 run_miniworld.py:250] Evaluation iteration 6.
I1016 23:33:42.910725 47879170824000 run_miniworld.py:267] iteration:   6
 frame: 150000
 eval_episode_return:  0.00
 train_episode_return:  0.00
 train_exploration_epsilon: 0.775
 train_frame_rate:  159
I1016 23:33:45.801610 47879170824000 run_miniworld.py:243] Data collection iteration 7.
I1016 23:36:24.506516 47879170824000 run_miniworld.py:250] Evaluation iteration 7.
I1016 23:36:34.226916 47879170824000 run_miniworld.py:267] iteration:   7
 frame: 175000
 eval_episode_return:  0.00
 train_episode_return:  0.00
 train_exploration_epsilon: 0.730
 train_frame_rate:  158
I1016 23:36:37.094063 47879170824000 run_miniworld.py:243] Data collection iteration 8.
I1016 23:39:16.405116 47879170824000 run_miniworld.py:250] Evaluation iteration 8.
I1016 23:39:26.294130 47879170824000 run_miniworld.py:267] iteration:   8
 frame: 200000
 eval_episode_return:  0.00
 train_episode_return:  0.00
 train_exploration_epsilon: 0.685
 train_frame_rate:  157
I1016 23:39:29.588685 47879170824000 run_miniworld.py:243] Data collection iteration 9.
I1016 23:42:11.048910 47879170824000 run_miniworld.py:250] Evaluation iteration 9.
I1016 23:42:20.836118 47879170824000 run_miniworld.py:267] iteration:   9
 frame: 225000
 eval_episode_return:  0.00
 train_episode_return:  0.00
 train_exploration_epsilon: 0.640
 train_frame_rate:  155
I1016 23:42:24.275398 47879170824000 run_miniworld.py:243] Data collection iteration 10.
I1016 23:45:04.658784 47879170824000 run_miniworld.py:250] Evaluation iteration 10.
I1016 23:45:14.113894 47879170824000 run_miniworld.py:267] iteration:  10
 frame: 250000
 eval_episode_return:  0.00
 train_episode_return:  0.00
 train_exploration_epsilon: 0.595
 train_frame_rate:  156
I1016 23:45:17.594855 47879170824000 run_miniworld.py:243] Data collection iteration 11.
I1016 23:47:58.420362 47879170824000 run_miniworld.py:250] Evaluation iteration 11.
I1016 23:48:08.438109 47879170824000 run_miniworld.py:267] iteration:  11
 frame: 275000
 eval_episode_return:  0.00
 train_episode_return:  0.00
 train_exploration_epsilon: 0.550
 train_frame_rate:  155
I1016 23:48:11.356703 47879170824000 run_miniworld.py:243] Data collection iteration 12.
I1016 23:50:53.145079 47879170824000 run_miniworld.py:250] Evaluation iteration 12.
I1016 23:51:02.644424 47879170824000 run_miniworld.py:267] iteration:  12
 frame: 300000
 eval_episode_return:  0.00
 train_episode_return:  0.00
 train_exploration_epsilon: 0.505
 train_frame_rate:  155
I1016 23:51:05.654838 47879170824000 run_miniworld.py:243] Data collection iteration 13.
I1016 23:53:48.566962 47879170824000 run_miniworld.py:250] Evaluation iteration 13.
I1016 23:53:58.202216 47879170824000 run_miniworld.py:267] iteration:  13
 frame: 325000
 eval_episode_return:  0.00
 train_episode_return:  0.00
 train_exploration_epsilon: 0.460
 train_frame_rate:  153
I1016 23:54:01.659566 47879170824000 run_miniworld.py:243] Data collection iteration 14.
I1016 23:56:45.101637 47879170824000 run_miniworld.py:250] Evaluation iteration 14.
I1016 23:56:54.869997 47879170824000 run_miniworld.py:267] iteration:  14
 frame: 350000
 eval_episode_return:  0.00
 train_episode_return:  0.00
 train_exploration_epsilon: 0.415
 train_frame_rate:  153
I1016 23:56:58.261202 47879170824000 run_miniworld.py:243] Data collection iteration 15.
I1016 23:59:43.509088 47879170824000 run_miniworld.py:250] Evaluation iteration 15.
I1016 23:59:53.406651 47879170824000 run_miniworld.py:267] iteration:  15
 frame: 375000
 eval_episode_return:  0.00
 train_episode_return:  0.00
 train_exploration_epsilon: 0.370
 train_frame_rate:  151
I1016 23:59:56.345023 47879170824000 run_miniworld.py:243] Data collection iteration 16.
I1017 00:02:38.755543 47879170824000 run_miniworld.py:250] Evaluation iteration 16.
I1017 00:02:48.531618 47879170824000 run_miniworld.py:267] iteration:  16
 frame: 400000
 eval_episode_return:  0.00
 train_episode_return:  0.00
 train_exploration_epsilon: 0.325
 train_frame_rate:  154
I1017 00:02:52.196851 47879170824000 run_miniworld.py:243] Data collection iteration 17.
I1017 00:05:36.945744 47879170824000 run_miniworld.py:250] Evaluation iteration 17.
I1017 00:05:46.674312 47879170824000 run_miniworld.py:267] iteration:  17
 frame: 425000
 eval_episode_return:  0.00
 train_episode_return:  0.00
 train_exploration_epsilon: 0.280
 train_frame_rate:  152
I1017 00:05:49.911911 47879170824000 run_miniworld.py:243] Data collection iteration 18.
I1017 00:08:35.472523 47879170824000 run_miniworld.py:250] Evaluation iteration 18.
I1017 00:08:45.375618 47879170824000 run_miniworld.py:267] iteration:  18
 frame: 450000
 eval_episode_return:  0.00
 train_episode_return:  0.00
 train_exploration_epsilon: 0.235
 train_frame_rate:  151
I1017 00:08:48.292517 47879170824000 run_miniworld.py:243] Data collection iteration 19.
I1017 00:11:34.899307 47879170824000 run_miniworld.py:250] Evaluation iteration 19.
I1017 00:11:44.740951 47879170824000 run_miniworld.py:267] iteration:  19
 frame: 475000
 eval_episode_return:  0.00
 train_episode_return:  0.00
 train_exploration_epsilon: 0.190
 train_frame_rate:  150
I1017 00:11:48.286981 47879170824000 run_miniworld.py:243] Data collection iteration 20.
I1017 00:14:29.852387 47879170824000 run_miniworld.py:250] Evaluation iteration 20.
I1017 00:14:39.591670 47879170824000 run_miniworld.py:267] iteration:  20
 frame: 500000
 eval_episode_return:  0.00
 train_episode_return:  0.00
 train_exploration_epsilon: 0.145
 train_frame_rate:  155
I1017 00:14:42.452478 47879170824000 run_miniworld.py:243] Data collection iteration 21.
I1017 00:17:10.664762 47879170824000 run_miniworld.py:250] Evaluation iteration 21.
I1017 00:17:20.145337 47879170824000 run_miniworld.py:267] iteration:  21
 frame: 525000
 eval_episode_return:  0.00
 train_episode_return:  0.00
 train_exploration_epsilon: 0.100
 train_frame_rate:  169
I1017 00:17:22.983926 47879170824000 run_miniworld.py:243] Data collection iteration 22.
I1017 00:19:48.924117 47879170824000 run_miniworld.py:250] Evaluation iteration 22.
I1017 00:19:58.712688 47879170824000 run_miniworld.py:267] iteration:  22
 frame: 550000
 eval_episode_return:  0.00
 train_episode_return:  0.00
 train_exploration_epsilon: 0.100
 train_frame_rate:  171
I1017 00:20:02.057782 47879170824000 run_miniworld.py:243] Data collection iteration 23.
I1017 00:22:30.877371 47879170824000 run_miniworld.py:250] Evaluation iteration 23.
I1017 00:22:40.475598 47879170824000 run_miniworld.py:267] iteration:  23
 frame: 575000
 eval_episode_return:  0.00
 train_episode_return:  0.00
 train_exploration_epsilon: 0.100
 train_frame_rate:  168
I1017 00:22:43.293949 47879170824000 run_miniworld.py:243] Data collection iteration 24.
I1017 00:25:15.667098 47879170824000 run_miniworld.py:250] Evaluation iteration 24.
I1017 00:25:25.234308 47879170824000 run_miniworld.py:267] iteration:  24
 frame: 600000
 eval_episode_return:  0.00
 train_episode_return:  0.00
 train_exploration_epsilon: 0.100
 train_frame_rate:  164
I1017 00:25:28.894394 47879170824000 run_miniworld.py:243] Data collection iteration 25.
I1017 00:28:02.051064 47879170824000 run_miniworld.py:250] Evaluation iteration 25.
I1017 00:28:11.634545 47879170824000 run_miniworld.py:267] iteration:  25
 frame: 625000
 eval_episode_return:  0.00
 train_episode_return:  0.00
 train_exploration_epsilon: 0.100
 train_frame_rate:  163
I1017 00:28:14.479056 47879170824000 run_miniworld.py:243] Data collection iteration 26.
I1017 00:30:47.532408 47879170824000 run_miniworld.py:250] Evaluation iteration 26.
I1017 00:30:57.205668 47879170824000 run_miniworld.py:267] iteration:  26
 frame: 650000
 eval_episode_return:  0.00
 train_episode_return:  0.00
 train_exploration_epsilon: 0.100
 train_frame_rate:  163
I1017 00:31:00.852089 47879170824000 run_miniworld.py:243] Data collection iteration 27.
I1017 00:33:34.459491 47879170824000 run_miniworld.py:250] Evaluation iteration 27.
I1017 00:33:43.912511 47879170824000 run_miniworld.py:267] iteration:  27
 frame: 675000
 eval_episode_return:  0.00
 train_episode_return:  0.00
 train_exploration_epsilon: 0.100
 train_frame_rate:  163
I1017 00:33:46.944620 47879170824000 run_miniworld.py:243] Data collection iteration 28.
I1017 00:36:21.146661 47879170824000 run_miniworld.py:250] Evaluation iteration 28.
I1017 00:36:30.918669 47879170824000 run_miniworld.py:267] iteration:  28
 frame: 700000
 eval_episode_return:  0.00
 train_episode_return:  0.00
 train_exploration_epsilon: 0.100
 train_frame_rate:  162
I1017 00:36:34.550187 47879170824000 run_miniworld.py:243] Data collection iteration 29.
I1017 00:39:09.936809 47879170824000 run_miniworld.py:250] Evaluation iteration 29.
I1017 00:39:19.693594 47879170824000 run_miniworld.py:267] iteration:  29
 frame: 725000
 eval_episode_return:  0.00
 train_episode_return:  0.00
 train_exploration_epsilon: 0.100
 train_frame_rate:  161
I1017 00:39:22.516792 47879170824000 run_miniworld.py:243] Data collection iteration 30.
I1017 00:41:57.273555 47879170824000 run_miniworld.py:250] Evaluation iteration 30.
I1017 00:42:07.061254 47879170824000 run_miniworld.py:267] iteration:  30
 frame: 750000
 eval_episode_return:  0.00
 train_episode_return:  0.00
 train_exploration_epsilon: 0.100
 train_frame_rate:  162
I1017 00:42:10.925088 47879170824000 run_miniworld.py:243] Data collection iteration 31.
I1017 00:44:47.884486 47879170824000 run_miniworld.py:250] Evaluation iteration 31.
I1017 00:44:57.800949 47879170824000 run_miniworld.py:267] iteration:  31
 frame: 775000
 eval_episode_return:  0.00
 train_episode_return:  0.00
 train_exploration_epsilon: 0.100
 train_frame_rate:  159
I1017 00:45:00.652029 47879170824000 run_miniworld.py:243] Data collection iteration 32.
I1017 00:47:36.290306 47879170824000 run_miniworld.py:250] Evaluation iteration 32.
I1017 00:47:45.742426 47879170824000 run_miniworld.py:267] iteration:  32
 frame: 800000
 eval_episode_return:  0.00
 train_episode_return:  0.00
 train_exploration_epsilon: 0.100
 train_frame_rate:  161
I1017 00:47:49.416827 47879170824000 run_miniworld.py:243] Data collection iteration 33.
I1017 00:50:25.995206 47879170824000 run_miniworld.py:250] Evaluation iteration 33.
I1017 00:50:35.848509 47879170824000 run_miniworld.py:267] iteration:  33
 frame: 825000
 eval_episode_return:  0.00
 train_episode_return:  0.00
 train_exploration_epsilon: 0.100
 train_frame_rate:  160
I1017 00:50:38.815800 47879170824000 run_miniworld.py:243] Data collection iteration 34.
I1017 00:53:14.807884 47879170824000 run_miniworld.py:250] Evaluation iteration 34.
I1017 00:53:24.398777 47879170824000 run_miniworld.py:267] iteration:  34
 frame: 850000
 eval_episode_return:  0.00
 train_episode_return:  0.00
 train_exploration_epsilon: 0.100
 train_frame_rate:  160
I1017 00:53:28.891168 47879170824000 run_miniworld.py:243] Data collection iteration 35.
I1017 00:56:05.086697 47879170824000 run_miniworld.py:250] Evaluation iteration 35.
I1017 00:56:14.595056 47879170824000 run_miniworld.py:267] iteration:  35
 frame: 875000
 eval_episode_return:  0.00
 train_episode_return:  0.00
 train_exploration_epsilon: 0.100
 train_frame_rate:  160
I1017 00:56:17.448562 47879170824000 run_miniworld.py:243] Data collection iteration 36.
I1017 00:58:53.563419 47879170824000 run_miniworld.py:250] Evaluation iteration 36.
I1017 00:59:02.921077 47879170824000 run_miniworld.py:267] iteration:  36
 frame: 900000
 eval_episode_return:  0.00
 train_episode_return:  0.00
 train_exploration_epsilon: 0.100
 train_frame_rate:  160
I1017 00:59:05.806464 47879170824000 run_miniworld.py:243] Data collection iteration 37.
I1017 01:01:43.391120 47879170824000 run_miniworld.py:250] Evaluation iteration 37.
I1017 01:01:53.219772 47879170824000 run_miniworld.py:267] iteration:  37
 frame: 925000
 eval_episode_return:  0.00
 train_episode_return:  0.00
 train_exploration_epsilon: 0.100
 train_frame_rate:  159
I1017 01:01:56.073800 47879170824000 run_miniworld.py:243] Data collection iteration 38.
I1017 01:04:32.395369 47879170824000 run_miniworld.py:250] Evaluation iteration 38.
I1017 01:04:41.914475 47879170824000 run_miniworld.py:267] iteration:  38
 frame: 950000
 eval_episode_return:  0.00
 train_episode_return:  0.00
 train_exploration_epsilon: 0.100
 train_frame_rate:  160
I1017 01:04:44.777076 47879170824000 run_miniworld.py:243] Data collection iteration 39.
I1017 01:07:21.819391 47879170824000 run_miniworld.py:250] Evaluation iteration 39.
I1017 01:07:31.514607 47879170824000 run_miniworld.py:267] iteration:  39
 frame: 975000
 eval_episode_return:  0.00
 train_episode_return:  0.00
 train_exploration_epsilon: 0.100
 train_frame_rate:  159
I1017 01:07:35.123765 47879170824000 run_miniworld.py:243] Data collection iteration 40.
I1017 01:10:11.879698 47879170824000 run_miniworld.py:250] Evaluation iteration 40.
I1017 01:10:21.523249 47879170824000 run_miniworld.py:267] iteration:  40
 frame: 1000000
 eval_episode_return:  0.00
 train_episode_return:  0.00
 train_exploration_epsilon: 0.100
 train_frame_rate:  159
I1017 01:10:24.466745 47879170824000 run_miniworld.py:243] Data collection iteration 41.
I1017 01:13:01.557968 47879170824000 run_miniworld.py:250] Evaluation iteration 41.
I1017 01:13:11.244425 47879170824000 run_miniworld.py:267] iteration:  41
 frame: 1025000
 eval_episode_return:  0.00
 train_episode_return:  0.00
 train_exploration_epsilon: 0.100
 train_frame_rate:  159
I1017 01:13:14.942786 47879170824000 run_miniworld.py:243] Data collection iteration 42.
I1017 01:15:51.666576 47879170824000 run_miniworld.py:250] Evaluation iteration 42.
I1017 01:16:01.138359 47879170824000 run_miniworld.py:267] iteration:  42
 frame: 1050000
 eval_episode_return:  0.00
 train_episode_return:  0.00
 train_exploration_epsilon: 0.100
 train_frame_rate:  160
I1017 01:16:03.993067 47879170824000 run_miniworld.py:243] Data collection iteration 43.
I1017 01:18:40.409443 47879170824000 run_miniworld.py:250] Evaluation iteration 43.
I1017 01:18:50.549573 47879170824000 run_miniworld.py:267] iteration:  43
 frame: 1075000
 eval_episode_return:  0.00
 train_episode_return:  0.00
 train_exploration_epsilon: 0.100
 train_frame_rate:  160
I1017 01:18:53.626767 47879170824000 run_miniworld.py:243] Data collection iteration 44.
I1017 01:21:29.939360 47879170824000 run_miniworld.py:250] Evaluation iteration 44.
I1017 01:21:39.805435 47879170824000 run_miniworld.py:267] iteration:  44
 frame: 1100000
 eval_episode_return:  0.00
 train_episode_return:  0.00
 train_exploration_epsilon: 0.100
 train_frame_rate:  160
I1017 01:21:43.679621 47879170824000 run_miniworld.py:243] Data collection iteration 45.
I1017 01:24:20.223390 47879170824000 run_miniworld.py:250] Evaluation iteration 45.
I1017 01:24:29.874250 47879170824000 run_miniworld.py:267] iteration:  45
 frame: 1125000
 eval_episode_return:  0.00
 train_episode_return:  0.00
 train_exploration_epsilon: 0.100
 train_frame_rate:  160
I1017 01:24:32.653082 47879170824000 run_miniworld.py:243] Data collection iteration 46.
I1017 01:27:08.835766 47879170824000 run_miniworld.py:250] Evaluation iteration 46.
I1017 01:27:18.616012 47879170824000 run_miniworld.py:267] iteration:  46
 frame: 1150000
 eval_episode_return:  0.00
 train_episode_return:  0.00
 train_exploration_epsilon: 0.100
 train_frame_rate:  160
I1017 01:27:22.427855 47879170824000 run_miniworld.py:243] Data collection iteration 47.
I1017 01:29:58.087940 47879170824000 run_miniworld.py:250] Evaluation iteration 47.
I1017 01:30:07.641331 47879170824000 run_miniworld.py:267] iteration:  47
 frame: 1175000
 eval_episode_return:  0.00
 train_episode_return:  0.00
 train_exploration_epsilon: 0.100
 train_frame_rate:  161
I1017 01:30:10.424853 47879170824000 run_miniworld.py:243] Data collection iteration 48.
I1017 01:32:47.222548 47879170824000 run_miniworld.py:250] Evaluation iteration 48.
I1017 01:32:56.863122 47879170824000 run_miniworld.py:267] iteration:  48
 frame: 1200000
 eval_episode_return:  0.00
 train_episode_return:  0.00
 train_exploration_epsilon: 0.100
 train_frame_rate:  159
I1017 01:32:59.742825 47879170824000 run_miniworld.py:243] Data collection iteration 49.
I1017 01:35:35.893307 47879170824000 run_miniworld.py:250] Evaluation iteration 49.
I1017 01:35:45.575355 47879170824000 run_miniworld.py:267] iteration:  49
 frame: 1225000
 eval_episode_return:  0.00
 train_episode_return:  0.00
 train_exploration_epsilon: 0.100
 train_frame_rate:  160
I1017 01:35:49.423201 47879170824000 run_miniworld.py:243] Data collection iteration 50.
I1017 01:38:26.984847 47879170824000 run_miniworld.py:250] Evaluation iteration 50.
I1017 01:38:36.785163 47879170824000 run_miniworld.py:267] iteration:  50
 frame: 1250000
 eval_episode_return:  0.00
 train_episode_return:  0.00
 train_exploration_epsilon: 0.100
 train_frame_rate:  159
I1017 01:38:39.569175 47879170824000 run_miniworld.py:243] Data collection iteration 51.
I1017 01:41:17.480346 47879170824000 run_miniworld.py:250] Evaluation iteration 51.
I1017 01:41:27.237535 47879170824000 run_miniworld.py:267] iteration:  51
 frame: 1275000
 eval_episode_return:  0.00
 train_episode_return:  0.00
 train_exploration_epsilon: 0.100
 train_frame_rate:  158
I1017 01:41:31.020589 47879170824000 run_miniworld.py:243] Data collection iteration 52.
I1017 01:44:08.461065 47879170824000 run_miniworld.py:250] Evaluation iteration 52.
I1017 01:44:18.126974 47879170824000 run_miniworld.py:267] iteration:  52
 frame: 1300000
 eval_episode_return:  0.00
 train_episode_return:  0.00
 train_exploration_epsilon: 0.100
 train_frame_rate:  159
I1017 01:44:21.081966 47879170824000 run_miniworld.py:243] Data collection iteration 53.
I1017 01:46:58.255992 47879170824000 run_miniworld.py:250] Evaluation iteration 53.
I1017 01:47:07.807150 47879170824000 run_miniworld.py:267] iteration:  53
 frame: 1325000
 eval_episode_return:  0.00
 train_episode_return:  0.00
 train_exploration_epsilon: 0.100
 train_frame_rate:  159
I1017 01:47:10.742312 47879170824000 run_miniworld.py:243] Data collection iteration 54.
I1017 01:49:48.741291 47879170824000 run_miniworld.py:250] Evaluation iteration 54.
I1017 01:49:58.596609 47879170824000 run_miniworld.py:267] iteration:  54
 frame: 1350000
 eval_episode_return:  0.00
 train_episode_return:  0.00
 train_exploration_epsilon: 0.100
 train_frame_rate:  158
I1017 01:50:02.465479 47879170824000 run_miniworld.py:243] Data collection iteration 55.
I1017 01:52:40.746335 47879170824000 run_miniworld.py:250] Evaluation iteration 55.
I1017 01:52:50.431608 47879170824000 run_miniworld.py:267] iteration:  55
 frame: 1375000
 eval_episode_return:  0.00
 train_episode_return:  0.00
 train_exploration_epsilon: 0.100
 train_frame_rate:  158
I1017 01:52:53.317759 47879170824000 run_miniworld.py:243] Data collection iteration 56.
I1017 01:55:30.975149 47879170824000 run_miniworld.py:250] Evaluation iteration 56.
I1017 01:55:40.523206 47879170824000 run_miniworld.py:267] iteration:  56
 frame: 1400000
 eval_episode_return:  0.00
 train_episode_return:  0.00
 train_exploration_epsilon: 0.100
 train_frame_rate:  159
I1017 01:55:44.261883 47879170824000 run_miniworld.py:243] Data collection iteration 57.
I1017 01:58:21.764008 47879170824000 run_miniworld.py:250] Evaluation iteration 57.
I1017 01:58:31.327334 47879170824000 run_miniworld.py:267] iteration:  57
 frame: 1425000
 eval_episode_return:  0.00
 train_episode_return:  0.00
 train_exploration_epsilon: 0.100
 train_frame_rate:  159
I1017 01:58:34.126765 47879170824000 run_miniworld.py:243] Data collection iteration 58.
I1017 02:01:12.794604 47879170824000 run_miniworld.py:250] Evaluation iteration 58.
I1017 02:01:22.720865 47879170824000 run_miniworld.py:267] iteration:  58
 frame: 1450000
 eval_episode_return:  0.00
 train_episode_return:  0.00
 train_exploration_epsilon: 0.100
 train_frame_rate:  158
I1017 02:01:25.571685 47879170824000 run_miniworld.py:243] Data collection iteration 59.
I1017 02:04:03.918831 47879170824000 run_miniworld.py:250] Evaluation iteration 59.
I1017 02:04:13.685829 47879170824000 run_miniworld.py:267] iteration:  59
 frame: 1475000
 eval_episode_return:  0.00
 train_episode_return:  0.00
 train_exploration_epsilon: 0.100
 train_frame_rate:  158
I1017 02:04:17.601179 47879170824000 run_miniworld.py:243] Data collection iteration 60.
I1017 02:06:55.368498 47879170824000 run_miniworld.py:250] Evaluation iteration 60.
I1017 02:07:04.875121 47879170824000 run_miniworld.py:267] iteration:  60
 frame: 1500000
 eval_episode_return:  0.00
 train_episode_return:  0.00
 train_exploration_epsilon: 0.100
 train_frame_rate:  158
I1017 02:07:07.677523 47879170824000 run_miniworld.py:243] Data collection iteration 61.
I1017 02:09:44.482827 47879170824000 run_miniworld.py:250] Evaluation iteration 61.
I1017 02:09:54.105538 47879170824000 run_miniworld.py:267] iteration:  61
 frame: 1525000
 eval_episode_return:  0.00
 train_episode_return:  0.00
 train_exploration_epsilon: 0.100
 train_frame_rate:  159
I1017 02:09:57.879659 47879170824000 run_miniworld.py:243] Data collection iteration 62.
I1017 02:12:36.808595 47879170824000 run_miniworld.py:250] Evaluation iteration 62.
I1017 02:12:46.417449 47879170824000 run_miniworld.py:267] iteration:  62
 frame: 1550000
 eval_episode_return:  0.00
 train_episode_return:  0.00
 train_exploration_epsilon: 0.100
 train_frame_rate:  157
I1017 02:12:49.278118 47879170824000 run_miniworld.py:243] Data collection iteration 63.
I1017 02:15:28.020248 47879170824000 run_miniworld.py:250] Evaluation iteration 63.
I1017 02:15:37.885900 47879170824000 run_miniworld.py:267] iteration:  63
 frame: 1575000
 eval_episode_return:  0.00
 train_episode_return:  0.00
 train_exploration_epsilon: 0.100
 train_frame_rate:  157
I1017 02:15:40.760311 47879170824000 run_miniworld.py:243] Data collection iteration 64.
I1017 02:18:18.895552 47879170824000 run_miniworld.py:250] Evaluation iteration 64.
I1017 02:18:28.453756 47879170824000 run_miniworld.py:267] iteration:  64
 frame: 1600000
 eval_episode_return:  0.00
 train_episode_return:  0.00
 train_exploration_epsilon: 0.100
 train_frame_rate:  158
I1017 02:18:32.332759 47879170824000 run_miniworld.py:243] Data collection iteration 65.
I1017 02:21:10.693651 47879170824000 run_miniworld.py:250] Evaluation iteration 65.
I1017 02:21:20.542656 47879170824000 run_miniworld.py:267] iteration:  65
 frame: 1625000
 eval_episode_return:  0.00
 train_episode_return:  0.00
 train_exploration_epsilon: 0.100
 train_frame_rate:  158
I1017 02:21:23.342334 47879170824000 run_miniworld.py:243] Data collection iteration 66.
I1017 02:24:02.796936 47879170824000 run_miniworld.py:250] Evaluation iteration 66.
I1017 02:24:12.416183 47879170824000 run_miniworld.py:267] iteration:  66
 frame: 1650000
 eval_episode_return:  0.00
 train_episode_return:  0.00
 train_exploration_epsilon: 0.100
 train_frame_rate:  157
I1017 02:24:16.414910 47879170824000 run_miniworld.py:243] Data collection iteration 67.
I1017 02:26:55.594267 47879170824000 run_miniworld.py:250] Evaluation iteration 67.
I1017 02:27:05.584733 47879170824000 run_miniworld.py:267] iteration:  67
 frame: 1675000
 eval_episode_return:  0.00
 train_episode_return:  0.00
 train_exploration_epsilon: 0.100
 train_frame_rate:  157
I1017 02:27:08.483965 47879170824000 run_miniworld.py:243] Data collection iteration 68.
I1017 02:29:46.306524 47879170824000 run_miniworld.py:250] Evaluation iteration 68.
I1017 02:29:55.986902 47879170824000 run_miniworld.py:267] iteration:  68
 frame: 1700000
 eval_episode_return:  0.00
 train_episode_return:  0.00
 train_exploration_epsilon: 0.100
 train_frame_rate:  158
I1017 02:29:58.842312 47879170824000 run_miniworld.py:243] Data collection iteration 69.
I1017 02:32:37.930813 47879170824000 run_miniworld.py:250] Evaluation iteration 69.
I1017 02:32:47.593828 47879170824000 run_miniworld.py:267] iteration:  69
 frame: 1725000
 eval_episode_return:  0.00
 train_episode_return:  0.00
 train_exploration_epsilon: 0.100
 train_frame_rate:  157
I1017 02:32:51.743323 47879170824000 run_miniworld.py:243] Data collection iteration 70.
I1017 02:35:29.989558 47879170824000 run_miniworld.py:250] Evaluation iteration 70.
I1017 02:35:39.699715 47879170824000 run_miniworld.py:267] iteration:  70
 frame: 1750000
 eval_episode_return:  0.00
 train_episode_return:  0.00
 train_exploration_epsilon: 0.100
 train_frame_rate:  158
I1017 02:35:42.534051 47879170824000 run_miniworld.py:243] Data collection iteration 71.
I1017 02:38:21.322424 47879170824000 run_miniworld.py:250] Evaluation iteration 71.
I1017 02:38:31.007968 47879170824000 run_miniworld.py:267] iteration:  71
 frame: 1775000
 eval_episode_return:  0.00
 train_episode_return:  0.00
 train_exploration_epsilon: 0.100
 train_frame_rate:  157
I1017 02:38:34.806458 47879170824000 run_miniworld.py:243] Data collection iteration 72.
I1017 02:41:12.807972 47879170824000 run_miniworld.py:250] Evaluation iteration 72.
I1017 02:41:22.477762 47879170824000 run_miniworld.py:267] iteration:  72
 frame: 1800000
 eval_episode_return:  0.00
 train_episode_return:  0.00
 train_exploration_epsilon: 0.100
 train_frame_rate:  158
I1017 02:41:25.286413 47879170824000 run_miniworld.py:243] Data collection iteration 73.
I1017 02:44:04.177129 47879170824000 run_miniworld.py:250] Evaluation iteration 73.
I1017 02:44:13.836760 47879170824000 run_miniworld.py:267] iteration:  73
 frame: 1825000
 eval_episode_return:  0.00
 train_episode_return:  0.00
 train_exploration_epsilon: 0.100
 train_frame_rate:  157
I1017 02:44:16.691567 47879170824000 run_miniworld.py:243] Data collection iteration 74.
I1017 02:46:54.581681 47879170824000 run_miniworld.py:250] Evaluation iteration 74.
I1017 02:47:04.227236 47879170824000 run_miniworld.py:267] iteration:  74
 frame: 1850000
 eval_episode_return:  0.00
 train_episode_return:  0.00
 train_exploration_epsilon: 0.100
 train_frame_rate:  158
I1017 02:47:08.115298 47879170824000 run_miniworld.py:243] Data collection iteration 75.
I1017 02:49:46.888416 47879170824000 run_miniworld.py:250] Evaluation iteration 75.
I1017 02:49:56.562819 47879170824000 run_miniworld.py:267] iteration:  75
 frame: 1875000
 eval_episode_return:  0.00
 train_episode_return:  0.00
 train_exploration_epsilon: 0.100
 train_frame_rate:  157
I1017 02:49:59.407436 47879170824000 run_miniworld.py:243] Data collection iteration 76.
I1017 02:52:38.136151 47879170824000 run_miniworld.py:250] Evaluation iteration 76.
I1017 02:52:47.897438 47879170824000 run_miniworld.py:267] iteration:  76
 frame: 1900000
 eval_episode_return:  0.00
 train_episode_return:  0.00
 train_exploration_epsilon: 0.100
 train_frame_rate:  158
I1017 02:52:51.747426 47879170824000 run_miniworld.py:243] Data collection iteration 77.
I1017 02:55:31.599688 47879170824000 run_miniworld.py:250] Evaluation iteration 77.
I1017 02:55:41.326694 47879170824000 run_miniworld.py:267] iteration:  77
 frame: 1925000
 eval_episode_return:  0.00
 train_episode_return:  0.00
 train_exploration_epsilon: 0.100
 train_frame_rate:  156
I1017 02:55:44.150251 47879170824000 run_miniworld.py:243] Data collection iteration 78.
I1017 02:58:23.456018 47879170824000 run_miniworld.py:250] Evaluation iteration 78.
I1017 02:58:33.405681 47879170824000 run_miniworld.py:267] iteration:  78
 frame: 1950000
 eval_episode_return:  0.00
 train_episode_return:  0.00
 train_exploration_epsilon: 0.100
 train_frame_rate:  157
I1017 02:58:36.231618 47879170824000 run_miniworld.py:243] Data collection iteration 79.
I1017 03:01:14.514949 47879170824000 run_miniworld.py:250] Evaluation iteration 79.
I1017 03:01:24.260233 47879170824000 run_miniworld.py:267] iteration:  79
 frame: 1975000
 eval_episode_return:  0.00
 train_episode_return:  0.00
 train_exploration_epsilon: 0.100
 train_frame_rate:  158
I1017 03:01:28.084610 47879170824000 run_miniworld.py:243] Data collection iteration 80.
I1017 03:04:06.628162 47879170824000 run_miniworld.py:250] Evaluation iteration 80.
I1017 03:04:16.250229 47879170824000 run_miniworld.py:267] iteration:  80
 frame: 2000000
 eval_episode_return:  0.00
 train_episode_return:  0.00
 train_exploration_epsilon: 0.100
 train_frame_rate:  158
I1017 03:04:19.036287 47879170824000 run_miniworld.py:243] Data collection iteration 81.
I1017 03:06:56.431202 47879170824000 run_miniworld.py:250] Evaluation iteration 81.
I1017 03:07:06.302643 47879170824000 run_miniworld.py:267] iteration:  81
 frame: 2025000
 eval_episode_return:  0.00
 train_episode_return:  0.00
 train_exploration_epsilon: 0.100
 train_frame_rate:  159
I1017 03:07:10.165305 47879170824000 run_miniworld.py:243] Data collection iteration 82.
I1017 03:09:48.150807 47879170824000 run_miniworld.py:250] Evaluation iteration 82.
I1017 03:09:57.811759 47879170824000 run_miniworld.py:267] iteration:  82
 frame: 2050000
 eval_episode_return:  0.00
 train_episode_return:  0.00
 train_exploration_epsilon: 0.100
 train_frame_rate:  158
I1017 03:10:00.703009 47879170824000 run_miniworld.py:243] Data collection iteration 83.
I1017 03:12:38.773256 47879170824000 run_miniworld.py:250] Evaluation iteration 83.
I1017 03:12:48.587645 47879170824000 run_miniworld.py:267] iteration:  83
 frame: 2075000
 eval_episode_return:  0.00
 train_episode_return:  0.00
 train_exploration_epsilon: 0.100
 train_frame_rate:  158
I1017 03:12:51.547765 47879170824000 run_miniworld.py:243] Data collection iteration 84.
I1017 03:15:29.866491 47879170824000 run_miniworld.py:250] Evaluation iteration 84.
I1017 03:15:39.399488 47879170824000 run_miniworld.py:267] iteration:  84
 frame: 2100000
 eval_episode_return:  0.00
 train_episode_return:  0.00
 train_exploration_epsilon: 0.100
 train_frame_rate:  158
I1017 03:15:42.214489 47879170824000 run_miniworld.py:243] Data collection iteration 85.
I1017 03:18:20.955452 47879170824000 run_miniworld.py:250] Evaluation iteration 85.
I1017 03:18:30.796070 47879170824000 run_miniworld.py:267] iteration:  85
 frame: 2125000
 eval_episode_return:  0.00
 train_episode_return:  0.00
 train_exploration_epsilon: 0.100
 train_frame_rate:  157
I1017 03:18:33.597307 47879170824000 run_miniworld.py:243] Data collection iteration 86.
I1017 03:21:12.848696 47879170824000 run_miniworld.py:250] Evaluation iteration 86.
I1017 03:21:22.714519 47879170824000 run_miniworld.py:267] iteration:  86
 frame: 2150000
 eval_episode_return:  0.00
 train_episode_return:  0.00
 train_exploration_epsilon: 0.100
 train_frame_rate:  157
I1017 03:21:26.513640 47879170824000 run_miniworld.py:243] Data collection iteration 87.
I1017 03:24:04.746808 47879170824000 run_miniworld.py:250] Evaluation iteration 87.
I1017 03:24:14.638084 47879170824000 run_miniworld.py:267] iteration:  87
 frame: 2175000
 eval_episode_return:  0.00
 train_episode_return:  0.00
 train_exploration_epsilon: 0.100
 train_frame_rate:  158
I1017 03:24:17.463191 47879170824000 run_miniworld.py:243] Data collection iteration 88.
I1017 03:26:56.342323 47879170824000 run_miniworld.py:250] Evaluation iteration 88.
I1017 03:27:06.138979 47879170824000 run_miniworld.py:267] iteration:  88
 frame: 2200000
 eval_episode_return:  0.00
 train_episode_return:  0.00
 train_exploration_epsilon: 0.100
 train_frame_rate:  157
I1017 03:27:08.904378 47879170824000 run_miniworld.py:243] Data collection iteration 89.
I1017 03:29:48.446965 47879170824000 run_miniworld.py:250] Evaluation iteration 89.
I1017 03:29:58.289062 47879170824000 run_miniworld.py:267] iteration:  89
 frame: 2225000
 eval_episode_return:  0.00
 train_episode_return:  0.00
 train_exploration_epsilon: 0.100
 train_frame_rate:  157
I1017 03:30:01.114454 47879170824000 run_miniworld.py:243] Data collection iteration 90.
I1017 03:32:39.572635 47879170824000 run_miniworld.py:250] Evaluation iteration 90.
I1017 03:32:49.253228 47879170824000 run_miniworld.py:267] iteration:  90
 frame: 2250000
 eval_episode_return:  0.00
 train_episode_return:  0.00
 train_exploration_epsilon: 0.100
 train_frame_rate:  158
I1017 03:32:52.167124 47879170824000 run_miniworld.py:243] Data collection iteration 91.
I1017 03:35:30.087195 47879170824000 run_miniworld.py:250] Evaluation iteration 91.
I1017 03:35:39.754042 47879170824000 run_miniworld.py:267] iteration:  91
 frame: 2275000
 eval_episode_return:  0.00
 train_episode_return:  0.00
 train_exploration_epsilon: 0.100
 train_frame_rate:  158
I1017 03:35:44.257067 47879170824000 run_miniworld.py:243] Data collection iteration 92.
I1017 03:38:23.189774 47879170824000 run_miniworld.py:250] Evaluation iteration 92.
I1017 03:38:33.165715 47879170824000 run_miniworld.py:267] iteration:  92
 frame: 2300000
 eval_episode_return:  0.00
 train_episode_return:  0.00
 train_exploration_epsilon: 0.100
 train_frame_rate:  157
I1017 03:38:36.029012 47879170824000 run_miniworld.py:243] Data collection iteration 93.
I1017 03:41:15.143865 47879170824000 run_miniworld.py:250] Evaluation iteration 93.
I1017 03:41:24.926684 47879170824000 run_miniworld.py:267] iteration:  93
 frame: 2325000
 eval_episode_return:  0.00
 train_episode_return:  0.00
 train_exploration_epsilon: 0.100
 train_frame_rate:  157
I1017 03:41:28.810730 47879170824000 run_miniworld.py:243] Data collection iteration 94.
I1017 03:44:08.258693 47879170824000 run_miniworld.py:250] Evaluation iteration 94.
I1017 03:44:18.259355 47879170824000 run_miniworld.py:267] iteration:  94
 frame: 2350000
 eval_episode_return:  0.00
 train_episode_return:  0.00
 train_exploration_epsilon: 0.100
 train_frame_rate:  157
I1017 03:44:21.081937 47879170824000 run_miniworld.py:243] Data collection iteration 95.
I1017 03:47:00.226551 47879170824000 run_miniworld.py:250] Evaluation iteration 95.
I1017 03:47:10.069525 47879170824000 run_miniworld.py:267] iteration:  95
 frame: 2375000
 eval_episode_return:  0.00
 train_episode_return:  0.00
 train_exploration_epsilon: 0.100
 train_frame_rate:  157
I1017 03:47:12.856893 47879170824000 run_miniworld.py:243] Data collection iteration 96.
I1017 03:49:50.952122 47879170824000 run_miniworld.py:250] Evaluation iteration 96.
I1017 03:50:00.613838 47879170824000 run_miniworld.py:267] iteration:  96
 frame: 2400000
 eval_episode_return:  0.00
 train_episode_return:  0.00
 train_exploration_epsilon: 0.100
 train_frame_rate:  158
I1017 03:50:04.698752 47879170824000 run_miniworld.py:243] Data collection iteration 97.
I1017 03:52:44.346386 47879170824000 run_miniworld.py:250] Evaluation iteration 97.
I1017 03:52:54.110267 47879170824000 run_miniworld.py:267] iteration:  97
 frame: 2425000
 eval_episode_return:  0.00
 train_episode_return:  0.00
 train_exploration_epsilon: 0.100
 train_frame_rate:  157
I1017 03:52:57.020365 47879170824000 run_miniworld.py:243] Data collection iteration 98.
I1017 03:55:35.642683 47879170824000 run_miniworld.py:250] Evaluation iteration 98.
I1017 03:55:45.388475 47879170824000 run_miniworld.py:267] iteration:  98
 frame: 2450000
 eval_episode_return:  0.00
 train_episode_return:  0.00
 train_exploration_epsilon: 0.100
 train_frame_rate:  158
I1017 03:55:49.381347 47879170824000 run_miniworld.py:243] Data collection iteration 99.
I1017 03:58:29.198684 47879170824000 run_miniworld.py:250] Evaluation iteration 99.
I1017 03:58:38.793732 47879170824000 run_miniworld.py:267] iteration:  99
 frame: 2475000
 eval_episode_return:  0.00
 train_episode_return:  0.00
 train_exploration_epsilon: 0.100
 train_frame_rate:  156
I1017 03:58:41.632698 47879170824000 run_miniworld.py:243] Data collection iteration 100.
I1017 04:01:19.833309 47879170824000 run_miniworld.py:250] Evaluation iteration 100.
I1017 04:01:29.557695 47879170824000 run_miniworld.py:267] iteration: 100
 frame: 2500000
 eval_episode_return:  0.00
 train_episode_return:  0.00
 train_exploration_epsilon: 0.100
 train_frame_rate:  158
I1017 04:01:32.405933 47879170824000 run_miniworld.py:243] Data collection iteration 101.
I1017 04:04:10.677659 47879170824000 run_miniworld.py:250] Evaluation iteration 101.
I1017 04:04:20.408850 47879170824000 run_miniworld.py:267] iteration: 101
 frame: 2525000
 eval_episode_return:  0.00
 train_episode_return:  0.00
 train_exploration_epsilon: 0.100
 train_frame_rate:  158
I1017 04:04:24.332969 47879170824000 run_miniworld.py:243] Data collection iteration 102.
I1017 04:07:02.505850 47879170824000 run_miniworld.py:250] Evaluation iteration 102.
I1017 04:07:14.486943 47879170824000 run_miniworld.py:267] iteration: 102
 frame: 2550000
 eval_episode_return:  0.00
 train_episode_return:  0.00
 train_exploration_epsilon: 0.100
 train_frame_rate:  158
I1017 04:07:17.330231 47879170824000 run_miniworld.py:243] Data collection iteration 103.
I1017 04:09:56.151638 47879170824000 run_miniworld.py:250] Evaluation iteration 103.
I1017 04:10:06.121030 47879170824000 run_miniworld.py:267] iteration: 103
 frame: 2575000
 eval_episode_return:  0.00
 train_episode_return:  0.00
 train_exploration_epsilon: 0.100
 train_frame_rate:  157
I1017 04:10:09.969848 47879170824000 run_miniworld.py:243] Data collection iteration 104.
I1017 04:12:49.065555 47879170824000 run_miniworld.py:250] Evaluation iteration 104.
I1017 04:12:59.020623 47879170824000 run_miniworld.py:267] iteration: 104
 frame: 2600000
 eval_episode_return:  0.00
 train_episode_return:  0.00
 train_exploration_epsilon: 0.100
 train_frame_rate:  157
I1017 04:13:01.856550 47879170824000 run_miniworld.py:243] Data collection iteration 105.
I1017 04:15:39.479649 47879170824000 run_miniworld.py:250] Evaluation iteration 105.
I1017 04:15:49.466236 47879170824000 run_miniworld.py:267] iteration: 105
 frame: 2625000
 eval_episode_return:  0.00
 train_episode_return:  0.00
 train_exploration_epsilon: 0.100
 train_frame_rate:  159
I1017 04:15:52.303903 47879170824000 run_miniworld.py:243] Data collection iteration 106.
I1017 04:18:30.942453 47879170824000 run_miniworld.py:250] Evaluation iteration 106.
I1017 04:18:40.970357 47879170824000 run_miniworld.py:267] iteration: 106
 frame: 2650000
 eval_episode_return:  0.00
 train_episode_return:  0.00
 train_exploration_epsilon: 0.100
 train_frame_rate:  158
I1017 04:18:44.900481 47879170824000 run_miniworld.py:243] Data collection iteration 107.
I1017 04:21:23.327588 47879170824000 run_miniworld.py:250] Evaluation iteration 107.
I1017 04:21:33.012151 47879170824000 run_miniworld.py:267] iteration: 107
 frame: 2675000
 eval_episode_return:  0.00
 train_episode_return:  0.00
 train_exploration_epsilon: 0.100
 train_frame_rate:  158
I1017 04:21:35.897137 47879170824000 run_miniworld.py:243] Data collection iteration 108.
I1017 04:24:14.509352 47879170824000 run_miniworld.py:250] Evaluation iteration 108.
I1017 04:24:24.126849 47879170824000 run_miniworld.py:267] iteration: 108
 frame: 2700000
 eval_episode_return:  0.00
 train_episode_return:  0.00
 train_exploration_epsilon: 0.100
 train_frame_rate:  158
I1017 04:24:27.955056 47879170824000 run_miniworld.py:243] Data collection iteration 109.
I1017 04:27:07.772515 47879170824000 run_miniworld.py:250] Evaluation iteration 109.
I1017 04:27:17.605700 47879170824000 run_miniworld.py:267] iteration: 109
 frame: 2725000
 eval_episode_return:  0.00
 train_episode_return:  0.00
 train_exploration_epsilon: 0.100
 train_frame_rate:  156
I1017 04:27:20.462816 47879170824000 run_miniworld.py:243] Data collection iteration 110.
I1017 04:29:59.264462 47879170824000 run_miniworld.py:250] Evaluation iteration 110.
I1017 04:30:08.863554 47879170824000 run_miniworld.py:267] iteration: 110
 frame: 2750000
 eval_episode_return:  0.00
 train_episode_return:  0.00
 train_exploration_epsilon: 0.100
 train_frame_rate:  157
I1017 04:30:11.874631 47879170824000 run_miniworld.py:243] Data collection iteration 111.
I1017 04:32:49.917859 47879170824000 run_miniworld.py:250] Evaluation iteration 111.
I1017 04:32:59.922042 47879170824000 run_miniworld.py:267] iteration: 111
 frame: 2775000
 eval_episode_return:  0.00
 train_episode_return:  0.00
 train_exploration_epsilon: 0.100
 train_frame_rate:  158
I1017 04:33:03.902065 47879170824000 run_miniworld.py:243] Data collection iteration 112.
I1017 04:35:43.117161 47879170824000 run_miniworld.py:250] Evaluation iteration 112.
I1017 04:35:52.929145 47879170824000 run_miniworld.py:267] iteration: 112
 frame: 2800000
 eval_episode_return:  0.00
 train_episode_return:  0.00
 train_exploration_epsilon: 0.100
 train_frame_rate:  157
I1017 04:35:55.951504 47879170824000 run_miniworld.py:243] Data collection iteration 113.
I1017 04:38:34.011742 47879170824000 run_miniworld.py:250] Evaluation iteration 113.
I1017 04:38:43.958525 47879170824000 run_miniworld.py:267] iteration: 113
 frame: 2825000
 eval_episode_return:  0.00
 train_episode_return:  0.00
 train_exploration_epsilon: 0.100
 train_frame_rate:  158
I1017 04:38:47.955656 47879170824000 run_miniworld.py:243] Data collection iteration 114.
I1017 04:41:27.470598 47879170824000 run_miniworld.py:250] Evaluation iteration 114.
I1017 04:41:37.103263 47879170824000 run_miniworld.py:267] iteration: 114
 frame: 2850000
 eval_episode_return:  0.00
 train_episode_return:  0.00
 train_exploration_epsilon: 0.100
 train_frame_rate:  157
I1017 04:41:39.943615 47879170824000 run_miniworld.py:243] Data collection iteration 115.
I1017 04:44:19.936102 47879170824000 run_miniworld.py:250] Evaluation iteration 115.
I1017 04:44:29.842445 47879170824000 run_miniworld.py:267] iteration: 115
 frame: 2875000
 eval_episode_return:  0.00
 train_episode_return:  0.00
 train_exploration_epsilon: 0.100
 train_frame_rate:  156
I1017 04:44:32.817516 47879170824000 run_miniworld.py:243] Data collection iteration 116.
I1017 04:47:12.027825 47879170824000 run_miniworld.py:250] Evaluation iteration 116.
I1017 04:47:22.082240 47879170824000 run_miniworld.py:267] iteration: 116
 frame: 2900000
 eval_episode_return:  0.00
 train_episode_return:  0.00
 train_exploration_epsilon: 0.100
 train_frame_rate:  157
I1017 04:47:26.471724 47879170824000 run_miniworld.py:243] Data collection iteration 117.
I1017 04:50:07.228022 47879170824000 run_miniworld.py:250] Evaluation iteration 117.
I1017 04:50:17.098002 47879170824000 run_miniworld.py:267] iteration: 117
 frame: 2925000
 eval_episode_return:  0.00
 train_episode_return:  0.00
 train_exploration_epsilon: 0.100
 train_frame_rate:  156
I1017 04:50:19.947067 47879170824000 run_miniworld.py:243] Data collection iteration 118.
I1017 04:52:58.799802 47879170824000 run_miniworld.py:250] Evaluation iteration 118.
I1017 04:53:08.247498 47879170824000 run_miniworld.py:267] iteration: 118
 frame: 2950000
 eval_episode_return:  0.00
 train_episode_return:  0.00
 train_exploration_epsilon: 0.100
 train_frame_rate:  157
I1017 04:53:12.200346 47879170824000 run_miniworld.py:243] Data collection iteration 119.
I1017 04:55:54.545181 47879170824000 run_miniworld.py:250] Evaluation iteration 119.
I1017 04:56:04.535108 47879170824000 run_miniworld.py:267] iteration: 119
 frame: 2975000
 eval_episode_return:  0.00
 train_episode_return:  0.00
 train_exploration_epsilon: 0.100
 train_frame_rate:  154
I1017 04:56:07.462471 47879170824000 run_miniworld.py:243] Data collection iteration 120.
I1017 04:58:45.833835 47879170824000 run_miniworld.py:250] Evaluation iteration 120.
I1017 04:58:55.468117 47879170824000 run_miniworld.py:267] iteration: 120
 frame: 3000000
 eval_episode_return:  0.00
 train_episode_return:  0.00
 train_exploration_epsilon: 0.100
 train_frame_rate:  158
I1017 04:58:58.292391 47879170824000 run_miniworld.py:243] Data collection iteration 121.
I1017 05:01:37.202549 47879170824000 run_miniworld.py:250] Evaluation iteration 121.
I1017 05:01:46.986961 47879170824000 run_miniworld.py:267] iteration: 121
 frame: 3025000
 eval_episode_return:  0.00
 train_episode_return:  0.00
 train_exploration_epsilon: 0.100
 train_frame_rate:  157
I1017 05:01:50.998517 47879170824000 run_miniworld.py:243] Data collection iteration 122.
I1017 05:04:30.025279 47879170824000 run_miniworld.py:250] Evaluation iteration 122.
I1017 05:04:39.864829 47879170824000 run_miniworld.py:267] iteration: 122
 frame: 3050000
 eval_episode_return:  0.00
 train_episode_return:  0.00
 train_exploration_epsilon: 0.100
 train_frame_rate:  157
I1017 05:04:42.714750 47879170824000 run_miniworld.py:243] Data collection iteration 123.
I1017 05:07:21.453358 47879170824000 run_miniworld.py:250] Evaluation iteration 123.
I1017 05:07:31.289533 47879170824000 run_miniworld.py:267] iteration: 123
 frame: 3075000
 eval_episode_return:  0.00
 train_episode_return:  0.00
 train_exploration_epsilon: 0.100
 train_frame_rate:  157
I1017 05:07:35.337566 47879170824000 run_miniworld.py:243] Data collection iteration 124.
I1017 05:10:14.877924 47879170824000 run_miniworld.py:250] Evaluation iteration 124.
I1017 05:10:24.618254 47879170824000 run_miniworld.py:267] iteration: 124
 frame: 3100000
 eval_episode_return:  0.00
 train_episode_return:  0.00
 train_exploration_epsilon: 0.100
 train_frame_rate:  157
I1017 05:10:27.483509 47879170824000 run_miniworld.py:243] Data collection iteration 125.
I1017 05:13:06.331919 47879170824000 run_miniworld.py:250] Evaluation iteration 125.
I1017 05:13:16.024207 47879170824000 run_miniworld.py:267] iteration: 125
 frame: 3125000
 eval_episode_return:  0.00
 train_episode_return:  0.00
 train_exploration_epsilon: 0.100
 train_frame_rate:  157
I1017 05:13:18.878769 47879170824000 run_miniworld.py:243] Data collection iteration 126.
I1017 05:15:56.998266 47879170824000 run_miniworld.py:250] Evaluation iteration 126.
I1017 05:16:06.663047 47879170824000 run_miniworld.py:267] iteration: 126
 frame: 3150000
 eval_episode_return:  0.00
 train_episode_return:  0.00
 train_exploration_epsilon: 0.100
 train_frame_rate:  158
I1017 05:16:11.122323 47879170824000 run_miniworld.py:243] Data collection iteration 127.
I1017 05:18:50.868125 47879170824000 run_miniworld.py:250] Evaluation iteration 127.
I1017 05:19:00.896081 47879170824000 run_miniworld.py:267] iteration: 127
 frame: 3175000
 eval_episode_return:  0.00
 train_episode_return:  0.00
 train_exploration_epsilon: 0.100
 train_frame_rate:  156
I1017 05:19:03.735525 47879170824000 run_miniworld.py:243] Data collection iteration 128.
I1017 05:21:42.777431 47879170824000 run_miniworld.py:250] Evaluation iteration 128.
I1017 05:21:52.545377 47879170824000 run_miniworld.py:267] iteration: 128
 frame: 3200000
 eval_episode_return:  0.00
 train_episode_return:  0.00
 train_exploration_epsilon: 0.100
 train_frame_rate:  157
I1017 05:21:56.594536 47879170824000 run_miniworld.py:243] Data collection iteration 129.
I1017 05:24:36.513774 47879170824000 run_miniworld.py:250] Evaluation iteration 129.
I1017 05:24:46.462457 47879170824000 run_miniworld.py:267] iteration: 129
 frame: 3225000
 eval_episode_return:  0.00
 train_episode_return:  0.00
 train_exploration_epsilon: 0.100
 train_frame_rate:  156
I1017 05:24:49.359402 47879170824000 run_miniworld.py:243] Data collection iteration 130.
I1017 05:27:28.434225 47879170824000 run_miniworld.py:250] Evaluation iteration 130.
I1017 05:27:38.212581 47879170824000 run_miniworld.py:267] iteration: 130
 frame: 3250000
 eval_episode_return:  0.00
 train_episode_return:  0.00
 train_exploration_epsilon: 0.100
 train_frame_rate:  157
I1017 05:27:41.265636 47879170824000 run_miniworld.py:243] Data collection iteration 131.
I1017 05:30:19.666131 47879170824000 run_miniworld.py:250] Evaluation iteration 131.
I1017 05:30:29.525784 47879170824000 run_miniworld.py:267] iteration: 131
 frame: 3275000
 eval_episode_return:  0.00
 train_episode_return:  0.00
 train_exploration_epsilon: 0.100
 train_frame_rate:  158
I1017 05:30:33.463992 47879170824000 run_miniworld.py:243] Data collection iteration 132.
I1017 05:33:12.990819 47879170824000 run_miniworld.py:250] Evaluation iteration 132.
I1017 05:33:22.752882 47879170824000 run_miniworld.py:267] iteration: 132
 frame: 3300000
 eval_episode_return:  0.00
 train_episode_return:  0.00
 train_exploration_epsilon: 0.100
 train_frame_rate:  157
I1017 05:33:25.587398 47879170824000 run_miniworld.py:243] Data collection iteration 133.
I1017 05:36:04.503417 47879170824000 run_miniworld.py:250] Evaluation iteration 133.
I1017 05:36:14.344952 47879170824000 run_miniworld.py:267] iteration: 133
 frame: 3325000
 eval_episode_return:  0.00
 train_episode_return:  0.00
 train_exploration_epsilon: 0.100
 train_frame_rate:  157
I1017 05:36:18.248357 47879170824000 run_miniworld.py:243] Data collection iteration 134.
I1017 05:38:57.480226 47879170824000 run_miniworld.py:250] Evaluation iteration 134.
I1017 05:39:07.281463 47879170824000 run_miniworld.py:267] iteration: 134
 frame: 3350000
 eval_episode_return:  0.00
 train_episode_return:  0.00
 train_exploration_epsilon: 0.100
 train_frame_rate:  157
I1017 05:39:10.190195 47879170824000 run_miniworld.py:243] Data collection iteration 135.
I1017 05:41:48.720128 47879170824000 run_miniworld.py:250] Evaluation iteration 135.
I1017 05:41:58.515948 47879170824000 run_miniworld.py:267] iteration: 135
 frame: 3375000
 eval_episode_return:  0.00
 train_episode_return:  0.00
 train_exploration_epsilon: 0.100
 train_frame_rate:  158
I1017 05:42:01.380504 47879170824000 run_miniworld.py:243] Data collection iteration 136.
I1017 05:44:41.269062 47879170824000 run_miniworld.py:250] Evaluation iteration 136.
I1017 05:44:51.240485 47879170824000 run_miniworld.py:267] iteration: 136
 frame: 3400000
 eval_episode_return:  0.00
 train_episode_return:  0.00
 train_exploration_epsilon: 0.100
 train_frame_rate:  156
I1017 05:44:54.169481 47879170824000 run_miniworld.py:243] Data collection iteration 137.
I1017 05:47:32.354469 47879170824000 run_miniworld.py:250] Evaluation iteration 137.
I1017 05:47:42.104261 47879170824000 run_miniworld.py:267] iteration: 137
 frame: 3425000
 eval_episode_return:  0.00
 train_episode_return:  0.00
 train_exploration_epsilon: 0.100
 train_frame_rate:  158
I1017 05:47:45.004935 47879170824000 run_miniworld.py:243] Data collection iteration 138.
I1017 05:50:23.197421 47879170824000 run_miniworld.py:250] Evaluation iteration 138.
I1017 05:50:33.233566 47879170824000 run_miniworld.py:267] iteration: 138
 frame: 3450000
 eval_episode_return:  0.00
 train_episode_return:  0.00
 train_exploration_epsilon: 0.100
 train_frame_rate:  158
I1017 05:50:37.271939 47879170824000 run_miniworld.py:243] Data collection iteration 139.
I1017 05:53:16.825053 47879170824000 run_miniworld.py:250] Evaluation iteration 139.
I1017 05:53:26.317234 47879170824000 run_miniworld.py:267] iteration: 139
 frame: 3475000
 eval_episode_return:  0.00
 train_episode_return:  0.00
 train_exploration_epsilon: 0.100
 train_frame_rate:  157
I1017 05:53:29.130216 47879170824000 run_miniworld.py:243] Data collection iteration 140.
I1017 05:56:07.980079 47879170824000 run_miniworld.py:250] Evaluation iteration 140.
I1017 05:56:17.967569 47879170824000 run_miniworld.py:267] iteration: 140
 frame: 3500000
 eval_episode_return:  0.00
 train_episode_return:  0.00
 train_exploration_epsilon: 0.100
 train_frame_rate:  157
I1017 05:56:22.011234 47879170824000 run_miniworld.py:243] Data collection iteration 141.
I1017 05:59:01.754268 47879170824000 run_miniworld.py:250] Evaluation iteration 141.
I1017 05:59:11.577908 47879170824000 run_miniworld.py:267] iteration: 141
 frame: 3525000
 eval_episode_return:  0.00
 train_episode_return:  0.00
 train_exploration_epsilon: 0.100
 train_frame_rate:  157
I1017 05:59:14.445563 47879170824000 run_miniworld.py:243] Data collection iteration 142.
I1017 06:01:53.807963 47879170824000 run_miniworld.py:250] Evaluation iteration 142.
I1017 06:02:03.787493 47879170824000 run_miniworld.py:267] iteration: 142
 frame: 3550000
 eval_episode_return:  0.00
 train_episode_return:  0.00
 train_exploration_epsilon: 0.100
 train_frame_rate:  157
I1017 06:02:06.652306 47879170824000 run_miniworld.py:243] Data collection iteration 143.
I1017 06:04:45.207125 47879170824000 run_miniworld.py:250] Evaluation iteration 143.
I1017 06:04:54.623577 47879170824000 run_miniworld.py:267] iteration: 143
 frame: 3575000
 eval_episode_return:  0.00
 train_episode_return:  0.00
 train_exploration_epsilon: 0.100
 train_frame_rate:  158
I1017 06:04:58.496033 47879170824000 run_miniworld.py:243] Data collection iteration 144.
I1017 06:07:37.317367 47879170824000 run_miniworld.py:250] Evaluation iteration 144.
I1017 06:07:46.949295 47879170824000 run_miniworld.py:267] iteration: 144
 frame: 3600000
 eval_episode_return:  0.00
 train_episode_return:  0.00
 train_exploration_epsilon: 0.100
 train_frame_rate:  157
I1017 06:07:49.848178 47879170824000 run_miniworld.py:243] Data collection iteration 145.
I1017 06:10:28.676286 47879170824000 run_miniworld.py:250] Evaluation iteration 145.
I1017 06:10:38.642945 47879170824000 run_miniworld.py:267] iteration: 145
 frame: 3625000
 eval_episode_return:  0.00
 train_episode_return:  0.00
 train_exploration_epsilon: 0.100
 train_frame_rate:  157
I1017 06:10:42.561127 47879170824000 run_miniworld.py:243] Data collection iteration 146.
I1017 06:13:21.749676 47879170824000 run_miniworld.py:250] Evaluation iteration 146.
I1017 06:13:31.598775 47879170824000 run_miniworld.py:267] iteration: 146
 frame: 3650000
 eval_episode_return:  0.00
 train_episode_return:  0.00
 train_exploration_epsilon: 0.100
 train_frame_rate:  157
I1017 06:13:34.473174 47879170824000 run_miniworld.py:243] Data collection iteration 147.
I1017 06:16:13.378250 47879170824000 run_miniworld.py:250] Evaluation iteration 147.
I1017 06:16:23.459258 47879170824000 run_miniworld.py:267] iteration: 147
 frame: 3675000
 eval_episode_return:  0.00
 train_episode_return:  0.00
 train_exploration_epsilon: 0.100
 train_frame_rate:  157
I1017 06:16:26.324991 47879170824000 run_miniworld.py:243] Data collection iteration 148.
I1017 06:19:04.798243 47879170824000 run_miniworld.py:250] Evaluation iteration 148.
I1017 06:19:14.867052 47879170824000 run_miniworld.py:267] iteration: 148
 frame: 3700000
 eval_episode_return:  0.00
 train_episode_return:  0.00
 train_exploration_epsilon: 0.100
 train_frame_rate:  158
I1017 06:19:18.831638 47879170824000 run_miniworld.py:243] Data collection iteration 149.
I1017 06:21:58.813518 47879170824000 run_miniworld.py:250] Evaluation iteration 149.
I1017 06:22:08.628845 47879170824000 run_miniworld.py:267] iteration: 149
 frame: 3725000
 eval_episode_return:  0.00
 train_episode_return:  0.00
 train_exploration_epsilon: 0.100
 train_frame_rate:  156
I1017 06:22:11.525900 47879170824000 run_miniworld.py:243] Data collection iteration 150.
I1017 06:24:50.529435 47879170824000 run_miniworld.py:250] Evaluation iteration 150.
I1017 06:25:00.171812 47879170824000 run_miniworld.py:267] iteration: 150
 frame: 3750000
 eval_episode_return:  0.00
 train_episode_return:  0.00
 train_exploration_epsilon: 0.100
 train_frame_rate:  157
I1017 06:25:04.070086 47879170824000 run_miniworld.py:243] Data collection iteration 151.
I1017 06:27:43.875662 47879170824000 run_miniworld.py:250] Evaluation iteration 151.
I1017 06:27:53.510386 47879170824000 run_miniworld.py:267] iteration: 151
 frame: 3775000
 eval_episode_return:  0.00
 train_episode_return:  0.00
 train_exploration_epsilon: 0.100
 train_frame_rate:  156
I1017 06:27:56.343064 47879170824000 run_miniworld.py:243] Data collection iteration 152.
I1017 06:30:35.718642 47879170824000 run_miniworld.py:250] Evaluation iteration 152.
I1017 06:30:45.701603 47879170824000 run_miniworld.py:267] iteration: 152
 frame: 3800000
 eval_episode_return:  0.00
 train_episode_return:  0.00
 train_exploration_epsilon: 0.100
 train_frame_rate:  157
I1017 06:30:48.508493 47879170824000 run_miniworld.py:243] Data collection iteration 153.
I1017 06:33:25.201950 47879170824000 run_miniworld.py:250] Evaluation iteration 153.
I1017 06:33:34.902890 47879170824000 run_miniworld.py:267] iteration: 153
 frame: 3825000
 eval_episode_return:  0.00
 train_episode_return:  0.04
 train_exploration_epsilon: 0.100
 train_frame_rate:  160
I1017 06:33:38.929413 47879170824000 run_miniworld.py:243] Data collection iteration 154.
I1017 06:36:17.457329 47879170824000 run_miniworld.py:250] Evaluation iteration 154.
I1017 06:36:27.044052 47879170824000 run_miniworld.py:267] iteration: 154
 frame: 3850000
 eval_episode_return:  0.00
 train_episode_return:  0.00
 train_exploration_epsilon: 0.100
 train_frame_rate:  158
I1017 06:36:29.900491 47879170824000 run_miniworld.py:243] Data collection iteration 155.
I1017 06:39:08.354162 47879170824000 run_miniworld.py:250] Evaluation iteration 155.
I1017 06:39:18.140291 47879170824000 run_miniworld.py:267] iteration: 155
 frame: 3875000
 eval_episode_return:  0.00
 train_episode_return:  0.00
 train_exploration_epsilon: 0.100
 train_frame_rate:  158
I1017 06:39:22.113374 47879170824000 run_miniworld.py:243] Data collection iteration 156.
I1017 06:42:02.336100 47879170824000 run_miniworld.py:250] Evaluation iteration 156.
I1017 06:42:12.045548 47879170824000 run_miniworld.py:267] iteration: 156
 frame: 3900000
 eval_episode_return:  0.00
 train_episode_return:  0.00
 train_exploration_epsilon: 0.100
 train_frame_rate:  156
I1017 06:42:14.858102 47879170824000 run_miniworld.py:243] Data collection iteration 157.
I1017 06:44:54.081245 47879170824000 run_miniworld.py:250] Evaluation iteration 157.
I1017 06:45:03.726103 47879170824000 run_miniworld.py:267] iteration: 157
 frame: 3925000
 eval_episode_return:  0.00
 train_episode_return:  0.00
 train_exploration_epsilon: 0.100
 train_frame_rate:  157
I1017 06:45:06.567986 47879170824000 run_miniworld.py:243] Data collection iteration 158.
I1017 06:49:46.578701 47879170824000 run_miniworld.py:250] Evaluation iteration 158.
I1017 06:49:56.206225 47879170824000 run_miniworld.py:267] iteration: 158
 frame: 3950000
 eval_episode_return:  0.00
 train_episode_return:  0.00
 train_exploration_epsilon: 0.100
 train_frame_rate:   89
I1017 06:50:00.314151 47879170824000 run_miniworld.py:243] Data collection iteration 159.
I1017 06:52:39.458498 47879170824000 run_miniworld.py:250] Evaluation iteration 159.
I1017 06:52:49.119764 47879170824000 run_miniworld.py:267] iteration: 159
 frame: 3975000
 eval_episode_return:  0.00
 train_episode_return:  0.00
 train_exploration_epsilon: 0.100
 train_frame_rate:  157
I1017 06:52:51.988311 47879170824000 run_miniworld.py:243] Data collection iteration 160.
I1017 06:55:29.995677 47879170824000 run_miniworld.py:250] Evaluation iteration 160.
I1017 06:55:39.793315 47879170824000 run_miniworld.py:267] iteration: 160
 frame: 4000000
 eval_episode_return:  0.00
 train_episode_return:  0.00
 train_exploration_epsilon: 0.100
 train_frame_rate:  158
I1017 06:55:44.449266 47879170824000 run_miniworld.py:243] Data collection iteration 161.
I1017 06:58:24.101993 47879170824000 run_miniworld.py:250] Evaluation iteration 161.
I1017 06:58:33.918881 47879170824000 run_miniworld.py:267] iteration: 161
 frame: 4025000
 eval_episode_return:  0.00
 train_episode_return:  0.00
 train_exploration_epsilon: 0.100
 train_frame_rate:  157
I1017 06:58:36.767858 47879170824000 run_miniworld.py:243] Data collection iteration 162.
I1017 07:01:15.135079 47879170824000 run_miniworld.py:250] Evaluation iteration 162.
I1017 07:01:25.022036 47879170824000 run_miniworld.py:267] iteration: 162
 frame: 4050000
 eval_episode_return:  0.00
 train_episode_return:  0.00
 train_exploration_epsilon: 0.100
 train_frame_rate:  158
I1017 07:01:27.862036 47879170824000 run_miniworld.py:243] Data collection iteration 163.
I1017 07:04:05.909991 47879170824000 run_miniworld.py:250] Evaluation iteration 163.
I1017 07:04:15.743625 47879170824000 run_miniworld.py:267] iteration: 163
 frame: 4075000
 eval_episode_return:  0.00
 train_episode_return:  0.00
 train_exploration_epsilon: 0.100
 train_frame_rate:  158
I1017 07:04:19.744326 47879170824000 run_miniworld.py:243] Data collection iteration 164.
I1017 07:06:59.121323 47879170824000 run_miniworld.py:250] Evaluation iteration 164.
I1017 07:07:09.064801 47879170824000 run_miniworld.py:267] iteration: 164
 frame: 4100000
 eval_episode_return:  0.00
 train_episode_return:  0.00
 train_exploration_epsilon: 0.100
 train_frame_rate:  157
I1017 07:07:11.874478 47879170824000 run_miniworld.py:243] Data collection iteration 165.
I1017 07:09:50.183638 47879170824000 run_miniworld.py:250] Evaluation iteration 165.
I1017 07:10:00.157042 47879170824000 run_miniworld.py:267] iteration: 165
 frame: 4125000
 eval_episode_return:  0.00
 train_episode_return:  0.00
 train_exploration_epsilon: 0.100
 train_frame_rate:  158
I1017 07:10:04.138892 47879170824000 run_miniworld.py:243] Data collection iteration 166.
I1017 07:12:43.616704 47879170824000 run_miniworld.py:250] Evaluation iteration 166.
I1017 07:12:53.346251 47879170824000 run_miniworld.py:267] iteration: 166
 frame: 4150000
 eval_episode_return:  0.00
 train_episode_return:  0.00
 train_exploration_epsilon: 0.100
 train_frame_rate:  157
I1017 07:12:56.220971 47879170824000 run_miniworld.py:243] Data collection iteration 167.
I1017 07:15:34.268692 47879170824000 run_miniworld.py:250] Evaluation iteration 167.
I1017 07:15:44.153153 47879170824000 run_miniworld.py:267] iteration: 167
 frame: 4175000
 eval_episode_return:  0.00
 train_episode_return:  0.00
 train_exploration_epsilon: 0.100
 train_frame_rate:  158
I1017 07:15:46.981979 47879170824000 run_miniworld.py:243] Data collection iteration 168.
I1017 07:18:25.096376 47879170824000 run_miniworld.py:250] Evaluation iteration 168.
I1017 07:18:34.848905 47879170824000 run_miniworld.py:267] iteration: 168
 frame: 4200000
 eval_episode_return:  0.00
 train_episode_return:  0.00
 train_exploration_epsilon: 0.100
 train_frame_rate:  158
I1017 07:18:38.886040 47879170824000 run_miniworld.py:243] Data collection iteration 169.
I1017 07:21:16.735016 47879170824000 run_miniworld.py:250] Evaluation iteration 169.
I1017 07:21:26.573838 47879170824000 run_miniworld.py:267] iteration: 169
 frame: 4225000
 eval_episode_return:  0.00
 train_episode_return:  0.00
 train_exploration_epsilon: 0.100
 train_frame_rate:  158
I1017 07:21:29.396504 47879170824000 run_miniworld.py:243] Data collection iteration 170.
I1017 07:24:08.422441 47879170824000 run_miniworld.py:250] Evaluation iteration 170.
I1017 07:24:18.283391 47879170824000 run_miniworld.py:267] iteration: 170
 frame: 4250000
 eval_episode_return:  0.00
 train_episode_return:  0.00
 train_exploration_epsilon: 0.100
 train_frame_rate:  157
I1017 07:24:22.219338 47879170824000 run_miniworld.py:243] Data collection iteration 171.
I1017 07:27:01.405596 47879170824000 run_miniworld.py:250] Evaluation iteration 171.
I1017 07:27:11.269717 47879170824000 run_miniworld.py:267] iteration: 171
 frame: 4275000
 eval_episode_return:  0.00
 train_episode_return:  0.00
 train_exploration_epsilon: 0.100
 train_frame_rate:  157
I1017 07:27:14.239416 47879170824000 run_miniworld.py:243] Data collection iteration 172.
I1017 07:29:52.829014 47879170824000 run_miniworld.py:250] Evaluation iteration 172.
I1017 07:30:02.796778 47879170824000 run_miniworld.py:267] iteration: 172
 frame: 4300000
 eval_episode_return:  0.00
 train_episode_return:  0.00
 train_exploration_epsilon: 0.100
 train_frame_rate:  158
I1017 07:30:05.662307 47879170824000 run_miniworld.py:243] Data collection iteration 173.
I1017 07:32:44.440024 47879170824000 run_miniworld.py:250] Evaluation iteration 173.
I1017 07:32:54.470696 47879170824000 run_miniworld.py:267] iteration: 173
 frame: 4325000
 eval_episode_return:  0.00
 train_episode_return:  0.00
 train_exploration_epsilon: 0.100
 train_frame_rate:  157
I1017 07:32:58.551043 47879170824000 run_miniworld.py:243] Data collection iteration 174.
I1017 07:35:36.756597 47879170824000 run_miniworld.py:250] Evaluation iteration 174.
I1017 07:35:46.613905 47879170824000 run_miniworld.py:267] iteration: 174
 frame: 4350000
 eval_episode_return:  0.00
 train_episode_return:  0.00
 train_exploration_epsilon: 0.100
 train_frame_rate:  158
I1017 07:35:49.669348 47879170824000 run_miniworld.py:243] Data collection iteration 175.
I1017 07:38:27.085688 47879170824000 run_miniworld.py:250] Evaluation iteration 175.
I1017 07:38:36.538120 47879170824000 run_miniworld.py:267] iteration: 175
 frame: 4375000
 eval_episode_return:  0.00
 train_episode_return:  0.00
 train_exploration_epsilon: 0.100
 train_frame_rate:  159
I1017 07:38:40.462393 47879170824000 run_miniworld.py:243] Data collection iteration 176.
I1017 07:41:18.551934 47879170824000 run_miniworld.py:250] Evaluation iteration 176.
I1017 07:41:28.389690 47879170824000 run_miniworld.py:267] iteration: 176
 frame: 4400000
 eval_episode_return:  0.00
 train_episode_return:  0.00
 train_exploration_epsilon: 0.100
 train_frame_rate:  158
I1017 07:41:31.278426 47879170824000 run_miniworld.py:243] Data collection iteration 177.
I1017 07:44:08.868798 47879170824000 run_miniworld.py:250] Evaluation iteration 177.
I1017 07:44:18.949938 47879170824000 run_miniworld.py:267] iteration: 177
 frame: 4425000
 eval_episode_return:  0.00
 train_episode_return:  0.00
 train_exploration_epsilon: 0.100
 train_frame_rate:  159
I1017 07:44:21.792543 47879170824000 run_miniworld.py:243] Data collection iteration 178.
I1017 07:46:57.780206 47879170824000 run_miniworld.py:250] Evaluation iteration 178.
I1017 07:47:07.571535 47879170824000 run_miniworld.py:267] iteration: 178
 frame: 4450000
 eval_episode_return:  0.00
 train_episode_return:  0.00
 train_exploration_epsilon: 0.100
 train_frame_rate:  160
I1017 07:47:11.622067 47879170824000 run_miniworld.py:243] Data collection iteration 179.
I1017 07:49:48.568667 47879170824000 run_miniworld.py:250] Evaluation iteration 179.
I1017 07:49:58.475135 47879170824000 run_miniworld.py:267] iteration: 179
 frame: 4475000
 eval_episode_return:  0.00
 train_episode_return:  0.00
 train_exploration_epsilon: 0.100
 train_frame_rate:  159
I1017 07:50:01.374975 47879170824000 run_miniworld.py:243] Data collection iteration 180.
I1017 07:52:37.417519 47879170824000 run_miniworld.py:250] Evaluation iteration 180.
I1017 07:52:47.374757 47879170824000 run_miniworld.py:267] iteration: 180
 frame: 4500000
 eval_episode_return:  0.00
 train_episode_return:  0.00
 train_exploration_epsilon: 0.100
 train_frame_rate:  160
I1017 07:52:51.364108 47879170824000 run_miniworld.py:243] Data collection iteration 181.
I1017 07:55:28.525654 47879170824000 run_miniworld.py:250] Evaluation iteration 181.
I1017 07:55:38.149596 47879170824000 run_miniworld.py:267] iteration: 181
 frame: 4525000
 eval_episode_return:  0.00
 train_episode_return:  0.00
 train_exploration_epsilon: 0.100
 train_frame_rate:  159
I1017 07:55:40.979654 47879170824000 run_miniworld.py:243] Data collection iteration 182.
I1017 07:58:15.638828 47879170824000 run_miniworld.py:250] Evaluation iteration 182.
I1017 07:58:25.104504 47879170824000 run_miniworld.py:267] iteration: 182
 frame: 4550000
 eval_episode_return:  0.00
 train_episode_return:  0.00
 train_exploration_epsilon: 0.100
 train_frame_rate:  162
I1017 07:58:28.013537 47879170824000 run_miniworld.py:243] Data collection iteration 183.
I1017 08:01:02.662655 47879170824000 run_miniworld.py:250] Evaluation iteration 183.
I1017 08:01:12.243849 47879170824000 run_miniworld.py:267] iteration: 183
 frame: 4575000
 eval_episode_return:  0.00
 train_episode_return:  0.00
 train_exploration_epsilon: 0.100
 train_frame_rate:  162
I1017 08:01:16.348140 47879170824000 run_miniworld.py:243] Data collection iteration 184.
I1017 08:03:50.318990 47879170824000 run_miniworld.py:250] Evaluation iteration 184.
I1017 08:04:00.216206 47879170824000 run_miniworld.py:267] iteration: 184
 frame: 4600000
 eval_episode_return:  0.00
 train_episode_return:  0.00
 train_exploration_epsilon: 0.100
 train_frame_rate:  162
I1017 08:04:02.997954 47879170824000 run_miniworld.py:243] Data collection iteration 185.
I1017 08:06:37.770504 47879170824000 run_miniworld.py:250] Evaluation iteration 185.
I1017 08:06:47.413625 47879170824000 run_miniworld.py:267] iteration: 185
 frame: 4625000
 eval_episode_return:  0.00
 train_episode_return:  0.00
 train_exploration_epsilon: 0.100
 train_frame_rate:  162
I1017 08:06:51.410111 47879170824000 run_miniworld.py:243] Data collection iteration 186.
I1017 08:09:25.336069 47879170824000 run_miniworld.py:250] Evaluation iteration 186.
I1017 08:09:35.331569 47879170824000 run_miniworld.py:267] iteration: 186
 frame: 4650000
 eval_episode_return:  0.00
 train_episode_return:  0.00
 train_exploration_epsilon: 0.100
 train_frame_rate:  162
I1017 08:09:38.280823 47879170824000 run_miniworld.py:243] Data collection iteration 187.
I1017 08:12:11.986046 47879170824000 run_miniworld.py:250] Evaluation iteration 187.
I1017 08:12:21.644462 47879170824000 run_miniworld.py:267] iteration: 187
 frame: 4675000
 eval_episode_return:  0.00
 train_episode_return:  0.00
 train_exploration_epsilon: 0.100
 train_frame_rate:  163
I1017 08:12:24.538605 47879170824000 run_miniworld.py:243] Data collection iteration 188.
I1017 08:14:58.330915 47879170824000 run_miniworld.py:250] Evaluation iteration 188.
I1017 08:15:08.050680 47879170824000 run_miniworld.py:267] iteration: 188
 frame: 4700000
 eval_episode_return:  0.00
 train_episode_return:  0.00
 train_exploration_epsilon: 0.100
 train_frame_rate:  163
I1017 08:15:12.113026 47879170824000 run_miniworld.py:243] Data collection iteration 189.
I1017 08:17:43.689108 47879170824000 run_miniworld.py:250] Evaluation iteration 189.
I1017 08:17:53.019755 47879170824000 run_miniworld.py:267] iteration: 189
 frame: 4725000
 eval_episode_return:  0.00
 train_episode_return:  0.00
 train_exploration_epsilon: 0.100
 train_frame_rate:  165
I1017 08:17:55.821431 47879170824000 run_miniworld.py:243] Data collection iteration 190.
I1017 08:20:28.832631 47879170824000 run_miniworld.py:250] Evaluation iteration 190.
I1017 08:20:38.774705 47879170824000 run_miniworld.py:267] iteration: 190
 frame: 4750000
 eval_episode_return:  0.00
 train_episode_return:  0.00
 train_exploration_epsilon: 0.100
 train_frame_rate:  163
I1017 08:20:42.752511 47879170824000 run_miniworld.py:243] Data collection iteration 191.
I1017 08:23:16.605773 47879170824000 run_miniworld.py:250] Evaluation iteration 191.
I1017 08:23:26.498456 47879170824000 run_miniworld.py:267] iteration: 191
 frame: 4775000
 eval_episode_return:  0.00
 train_episode_return:  0.00
 train_exploration_epsilon: 0.100
 train_frame_rate:  162
I1017 08:23:29.342240 47879170824000 run_miniworld.py:243] Data collection iteration 192.
I1017 08:26:00.269404 47879170824000 run_miniworld.py:250] Evaluation iteration 192.
I1017 08:26:10.114310 47879170824000 run_miniworld.py:267] iteration: 192
 frame: 4800000
 eval_episode_return:  0.00
 train_episode_return:  0.00
 train_exploration_epsilon: 0.100
 train_frame_rate:  166
I1017 08:26:12.913364 47879170824000 run_miniworld.py:243] Data collection iteration 193.
I1017 08:28:45.332673 47879170824000 run_miniworld.py:250] Evaluation iteration 193.
I1017 08:28:55.064585 47879170824000 run_miniworld.py:267] iteration: 193
 frame: 4825000
 eval_episode_return:  0.00
 train_episode_return:  0.00
 train_exploration_epsilon: 0.100
 train_frame_rate:  164
I1017 08:28:59.031377 47879170824000 run_miniworld.py:243] Data collection iteration 194.
I1017 08:31:31.324979 47879170824000 run_miniworld.py:250] Evaluation iteration 194.
I1017 08:31:41.041851 47879170824000 run_miniworld.py:267] iteration: 194
 frame: 4850000
 eval_episode_return:  0.00
 train_episode_return:  0.00
 train_exploration_epsilon: 0.100
 train_frame_rate:  164
I1017 08:31:43.846380 47879170824000 run_miniworld.py:243] Data collection iteration 195.
I1017 08:34:15.858169 47879170824000 run_miniworld.py:250] Evaluation iteration 195.
I1017 08:34:25.478632 47879170824000 run_miniworld.py:267] iteration: 195
 frame: 4875000
 eval_episode_return:  0.00
 train_episode_return:  0.00
 train_exploration_epsilon: 0.100
 train_frame_rate:  164
I1017 08:34:29.336978 47879170824000 run_miniworld.py:243] Data collection iteration 196.
I1017 08:37:01.594170 47879170824000 run_miniworld.py:250] Evaluation iteration 196.
I1017 08:37:12.179660 47879170824000 run_miniworld.py:267] iteration: 196
 frame: 4900000
 eval_episode_return:  0.00
 train_episode_return:  0.00
 train_exploration_epsilon: 0.100
 train_frame_rate:  164
I1017 08:37:15.263950 47879170824000 run_miniworld.py:243] Data collection iteration 197.
I1017 08:39:46.906028 47879170824000 run_miniworld.py:250] Evaluation iteration 197.
I1017 08:39:56.870750 47879170824000 run_miniworld.py:267] iteration: 197
 frame: 4925000
 eval_episode_return:  0.00
 train_episode_return:  0.00
 train_exploration_epsilon: 0.100
 train_frame_rate:  165
I1017 08:39:59.791174 47879170824000 run_miniworld.py:243] Data collection iteration 198.
I1017 08:42:30.179687 47879170824000 run_miniworld.py:250] Evaluation iteration 198.
I1017 08:42:40.100378 47879170824000 run_miniworld.py:267] iteration: 198
 frame: 4950000
 eval_episode_return:  0.00
 train_episode_return:  0.00
 train_exploration_epsilon: 0.100
 train_frame_rate:  166
I1017 08:42:44.134644 47879170824000 run_miniworld.py:243] Data collection iteration 199.
I1017 08:45:14.253792 47879170824000 run_miniworld.py:250] Evaluation iteration 199.
I1017 08:45:24.096255 47879170824000 run_miniworld.py:267] iteration: 199
 frame: 4975000
 eval_episode_return:  0.00
 train_episode_return:  0.00
 train_exploration_epsilon: 0.100
 train_frame_rate:  167
I1017 08:45:26.923671 47879170824000 run_miniworld.py:243] Data collection iteration 200.
I1017 08:47:56.883857 47879170824000 run_miniworld.py:250] Evaluation iteration 200.
I1017 08:48:06.450251 47879170824000 run_miniworld.py:267] iteration: 200
 frame: 5000000
 eval_episode_return:  0.00
 train_episode_return:  0.00
 train_exploration_epsilon: 0.100
 train_frame_rate:  167
Falling back to num_samples=1
Falling back to num_samples=1
Falling back to num_samples=1
Falling back to num_samples=1
Falling back to num_samples=1
Falling back to num_samples=1
Falling back to num_samples=1
Falling back to num_samples=1
Falling back to num_samples=1
Falling back to num_samples=1
Falling back to num_samples=1
Falling back to num_samples=1
Falling back to num_samples=1
Falling back to num_samples=1
Falling back to num_samples=1
Falling back to num_samples=1
Falling back to num_samples=1
Falling back to num_samples=1
Falling back to num_samples=1
Falling back to num_samples=1
Falling back to num_samples=1
Falling back to num_samples=1
Falling back to num_samples=1
Falling back to num_samples=1
Falling back to num_samples=1
Falling back to num_samples=1
Falling back to num_samples=1
Falling back to num_samples=1
Falling back to num_samples=1
Falling back to num_samples=1
Falling back to num_samples=1
Falling back to num_samples=1
Falling back to num_samples=1
Falling back to num_samples=1
Falling back to num_samples=1
Falling back to num_samples=1
Falling back to num_samples=1
Falling back to num_samples=1
Falling back to num_samples=1
Falling back to num_samples=1
Falling back to num_samples=1
Falling back to num_samples=1
Falling back to num_samples=1
Falling back to num_samples=1
Falling back to num_samples=1
Falling back to num_samples=1
Falling back to num_samples=1
Falling back to num_samples=1
Falling back to num_samples=1
Falling back to num_samples=1
Falling back to num_samples=1
Falling back to num_samples=1
Falling back to num_samples=1
Falling back to num_samples=1
Falling back to num_samples=1
Falling back to num_samples=1
Falling back to num_samples=1
Falling back to num_samples=1
Falling back to num_samples=1
Falling back to num_samples=1
Falling back to num_samples=1
Falling back to num_samples=1
Falling back to num_samples=1
Falling back to num_samples=1
Falling back to num_samples=1
Falling back to num_samples=1
Falling back to num_samples=1
Falling back to num_samples=1
Falling back to num_samples=1
Falling back to num_samples=1
Falling back to num_samples=1
Falling back to num_samples=1
Falling back to num_samples=1
Falling back to num_samples=1
Falling back to num_samples=1
Falling back to num_samples=1
Falling back to num_samples=1
Falling back to num_samples=1
Falling back to num_samples=1
Falling back to num_samples=1
Falling back to num_samples=1
Falling back to num_samples=1
Falling back to num_samples=1
Falling back to num_samples=1
Falling back to num_samples=1
Falling back to num_samples=1
Falling back to num_samples=1
Falling back to num_samples=1
Falling back to num_samples=1
Falling back to num_samples=1
Falling back to num_samples=1
Falling back to num_samples=1
Falling back to num_samples=1
Falling back to num_samples=1
Falling back to num_samples=1
Falling back to num_samples=1
Falling back to num_samples=1
Falling back to num_samples=1
Falling back to num_samples=1
Falling back to num_samples=1
Falling back to num_samples=1
Falling back to num_samples=1
Falling back to num_samples=1
Falling back to num_samples=1
Falling back to num_samples=1
Falling back to num_samples=1
Falling back to num_samples=1
Falling back to num_samples=1
Falling back to num_samples=1
Falling back to num_samples=1
Falling back to num_samples=1
Falling back to num_samples=1
Falling back to num_samples=1
Falling back to num_samples=1
Falling back to num_samples=1
Falling back to num_samples=1
Falling back to num_samples=1
Falling back to num_samples=1
Falling back to num_samples=1
Falling back to num_samples=1
Falling back to num_samples=1
Falling back to num_samples=1
Falling back to num_samples=1
Falling back to num_samples=1
Falling back to num_samples=1
Falling back to num_samples=1
Falling back to num_samples=1
Falling back to num_samples=1
Falling back to num_samples=1
Falling back to num_samples=1
Falling back to num_samples=1
Falling back to num_samples=1
Falling back to num_samples=1
Falling back to num_samples=1
Falling back to num_samples=1
Falling back to num_samples=1
Falling back to num_samples=1
Falling back to num_samples=1
Falling back to num_samples=1
Falling back to num_samples=1
Falling back to num_samples=1
Falling back to num_samples=1
Falling back to num_samples=1
Falling back to num_samples=1
Falling back to num_samples=1
Falling back to num_samples=1
Falling back to num_samples=1
Falling back to num_samples=1
Falling back to num_samples=1
Falling back to num_samples=1
Falling back to num_samples=1
Falling back to num_samples=1
Falling back to num_samples=1
Falling back to num_samples=1
Falling back to num_samples=1
Falling back to num_samples=1
Falling back to num_samples=1
Falling back to num_samples=1
Falling back to num_samples=1
Falling back to num_samples=1
Falling back to num_samples=1
Falling back to num_samples=1
Falling back to num_samples=1
Falling back to num_samples=1
Falling back to num_samples=1
Falling back to num_samples=1
Falling back to num_samples=1
Falling back to num_samples=1
Falling back to num_samples=1
Falling back to num_samples=1
Falling back to num_samples=1
Falling back to num_samples=1
Falling back to num_samples=1
Falling back to num_samples=1
Falling back to num_samples=1
Falling back to num_samples=1
Falling back to num_samples=1
Falling back to num_samples=1
Falling back to num_samples=1
Falling back to num_samples=1
Falling back to num_samples=1
Falling back to num_samples=1
Falling back to num_samples=1
Falling back to num_samples=1
Falling back to num_samples=1
Falling back to num_samples=1
Falling back to num_samples=1
Falling back to num_samples=1
Falling back to num_samples=1
Falling back to num_samples=1
Falling back to num_samples=1
Falling back to num_samples=1
Falling back to num_samples=1
Falling back to num_samples=1
Falling back to num_samples=1
Falling back to num_samples=1
Falling back to num_samples=1
Falling back to num_samples=1
Falling back to num_samples=1
Falling back to num_samples=1
Falling back to num_samples=1
Falling back to num_samples=1
Falling back to num_samples=1
Falling back to num_samples=1
Falling back to num_samples=1
Falling back to num_samples=1
Falling back to num_samples=1
Falling back to num_samples=1
Falling back to num_samples=1
Falling back to num_samples=1
Falling back to num_samples=1
Falling back to num_samples=1
Falling back to num_samples=1
Falling back to num_samples=1
Falling back to num_samples=1
Falling back to num_samples=1
Falling back to num_samples=1
Falling back to num_samples=1
Falling back to num_samples=1
Falling back to num_samples=1
Falling back to num_samples=1
Falling back to num_samples=1
Falling back to num_samples=1
Falling back to num_samples=1
Falling back to num_samples=1
Falling back to num_samples=1
Falling back to num_samples=1
Falling back to num_samples=1
Falling back to num_samples=1
Falling back to num_samples=1
Falling back to num_samples=1
Falling back to num_samples=1
Falling back to num_samples=1
Falling back to num_samples=1
Falling back to num_samples=1
Falling back to num_samples=1
Falling back to num_samples=1
Falling back to num_samples=1
Falling back to num_samples=1
Falling back to num_samples=1
Falling back to num_samples=1
Falling back to num_samples=1
Falling back to num_samples=1
Falling back to num_samples=1
Falling back to num_samples=1
Falling back to num_samples=1
Falling back to num_samples=1
Falling back to num_samples=1
Falling back to num_samples=1
Falling back to num_samples=1
Falling back to num_samples=1
Falling back to num_samples=1
Falling back to num_samples=1
Falling back to num_samples=1
Falling back to num_samples=1
Falling back to num_samples=1
Falling back to num_samples=1
Falling back to num_samples=1
Falling back to num_samples=1
Falling back to num_samples=1
Falling back to num_samples=1
Falling back to num_samples=1
Falling back to num_samples=1
Falling back to num_samples=1
Falling back to num_samples=1
Falling back to num_samples=1
Falling back to num_samples=1
Falling back to num_samples=1
Falling back to num_samples=1
Falling back to num_samples=1
Falling back to num_samples=1
Falling back to num_samples=1
Falling back to num_samples=1
Falling back to num_samples=1
Falling back to num_samples=1
Falling back to num_samples=1
Falling back to num_samples=1
Falling back to num_samples=1
Falling back to num_samples=1
Falling back to num_samples=1
Falling back to num_samples=1
Falling back to num_samples=1
Falling back to num_samples=1
Falling back to num_samples=1
Falling back to num_samples=1
Falling back to num_samples=1
Falling back to num_samples=1
Falling back to num_samples=1
Falling back to num_samples=1
Falling back to num_samples=1
Falling back to num_samples=1
Falling back to num_samples=1
Falling back to num_samples=1
Falling back to num_samples=1
Falling back to num_samples=1
Falling back to num_samples=1
Falling back to num_samples=1
Falling back to num_samples=1
Falling back to num_samples=1
Falling back to num_samples=1
Falling back to num_samples=1
Falling back to num_samples=1
Falling back to num_samples=1
Falling back to num_samples=1
Falling back to num_samples=1
Falling back to num_samples=1
Falling back to num_samples=1
Falling back to num_samples=1
Falling back to num_samples=1
Falling back to num_samples=1
Falling back to num_samples=1
Falling back to num_samples=1
Falling back to num_samples=1
Falling back to num_samples=1
Falling back to num_samples=1
Falling back to num_samples=1
Falling back to num_samples=1
Falling back to num_samples=1
Falling back to num_samples=1
Falling back to num_samples=1
Falling back to num_samples=1
Falling back to num_samples=1
Falling back to num_samples=1
Falling back to num_samples=1
Falling back to num_samples=1
Falling back to num_samples=1
Falling back to num_samples=1
Falling back to num_samples=1
Falling back to num_samples=1
Falling back to num_samples=1
Falling back to num_samples=1
Falling back to num_samples=1
Falling back to num_samples=1
Falling back to num_samples=1
Falling back to num_samples=1
Falling back to num_samples=1
Falling back to num_samples=1
Falling back to num_samples=1
Falling back to num_samples=1
Falling back to num_samples=1
Falling back to num_samples=1
Falling back to num_samples=1
Falling back to num_samples=1
Falling back to num_samples=1
Falling back to num_samples=1
Falling back to num_samples=1
Falling back to num_samples=1
Falling back to num_samples=1
Falling back to num_samples=1
Falling back to num_samples=1
Falling back to num_samples=1
Falling back to num_samples=1
Falling back to num_samples=1
Falling back to num_samples=1
Falling back to num_samples=1
Falling back to num_samples=1
Falling back to num_samples=1
Falling back to num_samples=1
Falling back to num_samples=1
Falling back to num_samples=1
Falling back to num_samples=1
Falling back to num_samples=1
Falling back to num_samples=1
Falling back to num_samples=1
Falling back to num_samples=1
Falling back to num_samples=1
Falling back to num_samples=1
Falling back to num_samples=1
Falling back to num_samples=1
Falling back to num_samples=1
Falling back to num_samples=1
Falling back to num_samples=1
Falling back to num_samples=1
Falling back to num_samples=1
Falling back to num_samples=1
Falling back to num_samples=1
Falling back to num_samples=1
Falling back to num_samples=1
Falling back to num_samples=1
Falling back to num_samples=1
Falling back to num_samples=1
Falling back to num_samples=1
Falling back to num_samples=1
Falling back to num_samples=1
Falling back to num_samples=1
Falling back to num_samples=1
Falling back to num_samples=1
Falling back to num_samples=1
Falling back to num_samples=1
Falling back to num_samples=1
Falling back to num_samples=1
Falling back to num_samples=1
Falling back to num_samples=1
Falling back to num_samples=1
Falling back to num_samples=1
Falling back to num_samples=1
Falling back to num_samples=1
Falling back to num_samples=1
Falling back to num_samples=1
Falling back to num_samples=1
Falling back to num_samples=1
Falling back to num_samples=1
Falling back to num_samples=1
Falling back to num_samples=1
