I1016 23:16:48.530816 47426479175488 xla_bridge.py:355] Unable to initialize backend 'tpu_driver': NOT_FOUND: Unable to find driver in registry given worker: 
I1016 23:16:48.715996 47426479175488 xla_bridge.py:355] Unable to initialize backend 'rocm': NOT_FOUND: Could not find registered platform with name: "rocm". Available platform names are: Interpreter CUDA Host
I1016 23:16:48.716500 47426479175488 xla_bridge.py:355] Unable to initialize backend 'tpu': module 'jaxlib.xla_extension' has no attribute 'get_tpu_client'
I1016 23:16:48.716627 47426479175488 xla_bridge.py:355] Unable to initialize backend 'plugin': xla_extension has no attributes named get_plugin_device_client. Compile TensorFlow with //tensorflow/compiler/xla/python:enable_plugin_device set to true (defaults to false) to enable this.
I1016 23:16:48.716743 47426479175488 run_miniworld.py:102] Collecting data on MiniWorld on gpu.
I1016 23:16:55.881633 47426479175488 run_miniworld.py:138] Observation shape: (60, 80, 3)
I1016 23:17:16.628143 47426479175488 run_miniworld.py:243] Data collection iteration 0.
I1016 23:17:53.624528 47426479175488 run_miniworld.py:250] Evaluation iteration 0.
/home/mklissa/DCEO/lib/python3.8/site-packages/distrax/_src/distributions/categorical.py:96: UserWarning: Explicitly requested dtype <class 'jax.numpy.int64'> requested in astype is not available, and will be truncated to dtype int32. To enable more dtypes, set the jax_enable_x64 configuration option or the JAX_ENABLE_X64 shell environment variable. See https://github.com/google/jax#current-gotchas for more.
  return draws.astype(self._dtype)
I1016 23:18:03.853320 47426479175488 run_miniworld.py:267] iteration:   0
 frame:     0
 eval_episode_return:  0.00
 train_episode_return:  0.04
 train_exploration_epsilon: 1.000
 train_frame_rate:  676
I1016 23:18:10.379301 47426479175488 run_miniworld.py:243] Data collection iteration 1.
I1016 23:18:47.892920 47426479175488 run_miniworld.py:250] Evaluation iteration 1.
I1016 23:18:57.525516 47426479175488 run_miniworld.py:267] iteration:   1
 frame: 25000
 eval_episode_return:  0.00
 train_episode_return:  0.00
 train_exploration_epsilon: 1.000
 train_frame_rate:  666
I1016 23:19:00.731024 47426479175488 run_miniworld.py:243] Data collection iteration 2.
I1016 23:19:01.210866 47426479175488 dceo_agent.py:365] Begin learning
I1016 23:21:21.954869 47426479175488 run_miniworld.py:250] Evaluation iteration 2.
I1016 23:21:31.539816 47426479175488 run_miniworld.py:267] iteration:   2
 frame: 50000
 eval_episode_return:  0.00
 train_episode_return:  0.04
 train_exploration_epsilon: 0.955
 train_frame_rate:  177
I1016 23:21:34.476874 47426479175488 run_miniworld.py:243] Data collection iteration 3.
I1016 23:23:51.497137 47426479175488 run_miniworld.py:250] Evaluation iteration 3.
I1016 23:24:00.872295 47426479175488 run_miniworld.py:267] iteration:   3
 frame: 75000
 eval_episode_return:  0.00
 train_episode_return:  0.00
 train_exploration_epsilon: 0.910
 train_frame_rate:  182
I1016 23:24:04.091758 47426479175488 run_miniworld.py:243] Data collection iteration 4.
I1016 23:26:21.400120 47426479175488 run_miniworld.py:250] Evaluation iteration 4.
I1016 23:26:30.793900 47426479175488 run_miniworld.py:267] iteration:   4
 frame: 100000
 eval_episode_return:  0.00
 train_episode_return:  0.00
 train_exploration_epsilon: 0.865
 train_frame_rate:  182
I1016 23:26:33.904176 47426479175488 run_miniworld.py:243] Data collection iteration 5.
I1016 23:28:51.640935 47426479175488 run_miniworld.py:250] Evaluation iteration 5.
I1016 23:29:01.270222 47426479175488 run_miniworld.py:267] iteration:   5
 frame: 125000
 eval_episode_return:  0.00
 train_episode_return:  0.00
 train_exploration_epsilon: 0.820
 train_frame_rate:  182
I1016 23:29:04.493658 47426479175488 run_miniworld.py:243] Data collection iteration 6.
I1016 23:31:22.792788 47426479175488 run_miniworld.py:250] Evaluation iteration 6.
I1016 23:31:32.292103 47426479175488 run_miniworld.py:267] iteration:   6
 frame: 150000
 eval_episode_return:  0.00
 train_episode_return:  0.00
 train_exploration_epsilon: 0.775
 train_frame_rate:  181
I1016 23:31:35.072848 47426479175488 run_miniworld.py:243] Data collection iteration 7.
I1016 23:33:54.036412 47426479175488 run_miniworld.py:250] Evaluation iteration 7.
I1016 23:34:03.616187 47426479175488 run_miniworld.py:267] iteration:   7
 frame: 175000
 eval_episode_return:  0.00
 train_episode_return:  0.00
 train_exploration_epsilon: 0.730
 train_frame_rate:  180
I1016 23:34:06.488606 47426479175488 run_miniworld.py:243] Data collection iteration 8.
I1016 23:36:27.146590 47426479175488 run_miniworld.py:250] Evaluation iteration 8.
I1016 23:36:36.653189 47426479175488 run_miniworld.py:267] iteration:   8
 frame: 200000
 eval_episode_return:  0.00
 train_episode_return:  0.00
 train_exploration_epsilon: 0.685
 train_frame_rate:  178
I1016 23:36:39.596898 47426479175488 run_miniworld.py:243] Data collection iteration 9.
I1016 23:39:00.009171 47426479175488 run_miniworld.py:250] Evaluation iteration 9.
I1016 23:39:09.617950 47426479175488 run_miniworld.py:267] iteration:   9
 frame: 225000
 eval_episode_return:  0.00
 train_episode_return:  0.00
 train_exploration_epsilon: 0.640
 train_frame_rate:  178
I1016 23:39:12.829460 47426479175488 run_miniworld.py:243] Data collection iteration 10.
I1016 23:41:33.532874 47426479175488 run_miniworld.py:250] Evaluation iteration 10.
I1016 23:41:42.800898 47426479175488 run_miniworld.py:267] iteration:  10
 frame: 250000
 eval_episode_return:  0.00
 train_episode_return:  0.00
 train_exploration_epsilon: 0.595
 train_frame_rate:  178
I1016 23:41:46.489474 47426479175488 run_miniworld.py:243] Data collection iteration 11.
I1016 23:44:07.342273 47426479175488 run_miniworld.py:250] Evaluation iteration 11.
I1016 23:44:17.015069 47426479175488 run_miniworld.py:267] iteration:  11
 frame: 275000
 eval_episode_return:  0.00
 train_episode_return:  0.00
 train_exploration_epsilon: 0.550
 train_frame_rate:  177
I1016 23:44:20.230932 47426479175488 run_miniworld.py:243] Data collection iteration 12.
I1016 23:46:41.150085 47426479175488 run_miniworld.py:250] Evaluation iteration 12.
I1016 23:46:50.667378 47426479175488 run_miniworld.py:267] iteration:  12
 frame: 300000
 eval_episode_return:  0.00
 train_episode_return:  0.00
 train_exploration_epsilon: 0.505
 train_frame_rate:  177
I1016 23:46:53.519815 47426479175488 run_miniworld.py:243] Data collection iteration 13.
I1016 23:49:15.846575 47426479175488 run_miniworld.py:250] Evaluation iteration 13.
I1016 23:49:25.940712 47426479175488 run_miniworld.py:267] iteration:  13
 frame: 325000
 eval_episode_return:  0.00
 train_episode_return:  0.00
 train_exploration_epsilon: 0.460
 train_frame_rate:  176
I1016 23:49:28.751499 47426479175488 run_miniworld.py:243] Data collection iteration 14.
I1016 23:51:52.239235 47426479175488 run_miniworld.py:250] Evaluation iteration 14.
I1016 23:52:01.772522 47426479175488 run_miniworld.py:267] iteration:  14
 frame: 350000
 eval_episode_return:  0.00
 train_episode_return:  0.00
 train_exploration_epsilon: 0.415
 train_frame_rate:  174
I1016 23:52:05.521804 47426479175488 run_miniworld.py:243] Data collection iteration 15.
I1016 23:54:28.989576 47426479175488 run_miniworld.py:250] Evaluation iteration 15.
I1016 23:54:38.425338 47426479175488 run_miniworld.py:267] iteration:  15
 frame: 375000
 eval_episode_return:  0.00
 train_episode_return:  0.00
 train_exploration_epsilon: 0.370
 train_frame_rate:  174
I1016 23:54:41.890851 47426479175488 run_miniworld.py:243] Data collection iteration 16.
I1016 23:57:05.152747 47426479175488 run_miniworld.py:250] Evaluation iteration 16.
I1016 23:57:14.686468 47426479175488 run_miniworld.py:267] iteration:  16
 frame: 400000
 eval_episode_return:  0.00
 train_episode_return:  0.00
 train_exploration_epsilon: 0.325
 train_frame_rate:  175
I1016 23:57:17.550420 47426479175488 run_miniworld.py:243] Data collection iteration 17.
I1016 23:59:41.725147 47426479175488 run_miniworld.py:250] Evaluation iteration 17.
I1016 23:59:51.055565 47426479175488 run_miniworld.py:267] iteration:  17
 frame: 425000
 eval_episode_return:  0.00
 train_episode_return:  0.00
 train_exploration_epsilon: 0.280
 train_frame_rate:  173
I1016 23:59:54.574515 47426479175488 run_miniworld.py:243] Data collection iteration 18.
I1017 00:02:19.283267 47426479175488 run_miniworld.py:250] Evaluation iteration 18.
I1017 00:02:29.204991 47426479175488 run_miniworld.py:267] iteration:  18
 frame: 450000
 eval_episode_return:  0.00
 train_episode_return:  0.00
 train_exploration_epsilon: 0.235
 train_frame_rate:  173
I1017 00:02:31.963010 47426479175488 run_miniworld.py:243] Data collection iteration 19.
I1017 00:04:57.316648 47426479175488 run_miniworld.py:250] Evaluation iteration 19.
I1017 00:05:06.741099 47426479175488 run_miniworld.py:267] iteration:  19
 frame: 475000
 eval_episode_return:  0.00
 train_episode_return:  0.00
 train_exploration_epsilon: 0.190
 train_frame_rate:  172
I1017 00:05:09.577863 47426479175488 run_miniworld.py:243] Data collection iteration 20.
I1017 00:07:35.062871 47426479175488 run_miniworld.py:250] Evaluation iteration 20.
I1017 00:07:44.681475 47426479175488 run_miniworld.py:267] iteration:  20
 frame: 500000
 eval_episode_return:  0.00
 train_episode_return:  0.00
 train_exploration_epsilon: 0.145
 train_frame_rate:  172
I1017 00:07:48.013187 47426479175488 run_miniworld.py:243] Data collection iteration 21.
I1017 00:10:13.854378 47426479175488 run_miniworld.py:250] Evaluation iteration 21.
I1017 00:10:23.559775 47426479175488 run_miniworld.py:267] iteration:  21
 frame: 525000
 eval_episode_return:  0.00
 train_episode_return:  0.00
 train_exploration_epsilon: 0.100
 train_frame_rate:  171
I1017 00:10:26.584182 47426479175488 run_miniworld.py:243] Data collection iteration 22.
I1017 00:12:52.403103 47426479175488 run_miniworld.py:250] Evaluation iteration 22.
I1017 00:13:02.036371 47426479175488 run_miniworld.py:267] iteration:  22
 frame: 550000
 eval_episode_return:  0.00
 train_episode_return:  0.00
 train_exploration_epsilon: 0.100
 train_frame_rate:  171
I1017 00:13:05.740602 47426479175488 run_miniworld.py:243] Data collection iteration 23.
I1017 00:15:32.496607 47426479175488 run_miniworld.py:250] Evaluation iteration 23.
I1017 00:15:41.881989 47426479175488 run_miniworld.py:267] iteration:  23
 frame: 575000
 eval_episode_return:  0.00
 train_episode_return:  0.00
 train_exploration_epsilon: 0.100
 train_frame_rate:  170
I1017 00:15:45.543591 47426479175488 run_miniworld.py:243] Data collection iteration 24.
I1017 00:18:12.442583 47426479175488 run_miniworld.py:250] Evaluation iteration 24.
I1017 00:18:21.997517 47426479175488 run_miniworld.py:267] iteration:  24
 frame: 600000
 eval_episode_return:  0.00
 train_episode_return:  0.00
 train_exploration_epsilon: 0.100
 train_frame_rate:  170
I1017 00:18:24.909316 47426479175488 run_miniworld.py:243] Data collection iteration 25.
I1017 00:20:52.149960 47426479175488 run_miniworld.py:250] Evaluation iteration 25.
I1017 00:21:01.822658 47426479175488 run_miniworld.py:267] iteration:  25
 frame: 625000
 eval_episode_return:  0.00
 train_episode_return:  0.00
 train_exploration_epsilon: 0.100
 train_frame_rate:  170
I1017 00:21:05.206111 47426479175488 run_miniworld.py:243] Data collection iteration 26.
I1017 00:23:33.139970 47426479175488 run_miniworld.py:250] Evaluation iteration 26.
I1017 00:23:42.744989 47426479175488 run_miniworld.py:267] iteration:  26
 frame: 650000
 eval_episode_return:  0.00
 train_episode_return:  0.00
 train_exploration_epsilon: 0.100
 train_frame_rate:  169
I1017 00:23:45.619337 47426479175488 run_miniworld.py:243] Data collection iteration 27.
I1017 00:26:13.231014 47426479175488 run_miniworld.py:250] Evaluation iteration 27.
I1017 00:26:22.653869 47426479175488 run_miniworld.py:267] iteration:  27
 frame: 675000
 eval_episode_return:  0.00
 train_episode_return:  0.00
 train_exploration_epsilon: 0.100
 train_frame_rate:  169
I1017 00:26:26.101183 47426479175488 run_miniworld.py:243] Data collection iteration 28.
I1017 00:28:54.489410 47426479175488 run_miniworld.py:250] Evaluation iteration 28.
I1017 00:29:04.016887 47426479175488 run_miniworld.py:267] iteration:  28
 frame: 700000
 eval_episode_return:  0.00
 train_episode_return:  0.00
 train_exploration_epsilon: 0.100
 train_frame_rate:  168
I1017 00:29:06.804420 47426479175488 run_miniworld.py:243] Data collection iteration 29.
I1017 00:31:35.771781 47426479175488 run_miniworld.py:250] Evaluation iteration 29.
I1017 00:31:45.367874 47426479175488 run_miniworld.py:267] iteration:  29
 frame: 725000
 eval_episode_return:  0.00
 train_episode_return:  0.00
 train_exploration_epsilon: 0.100
 train_frame_rate:  168
I1017 00:31:48.915073 47426479175488 run_miniworld.py:243] Data collection iteration 30.
I1017 00:34:18.382438 47426479175488 run_miniworld.py:250] Evaluation iteration 30.
I1017 00:34:28.222071 47426479175488 run_miniworld.py:267] iteration:  30
 frame: 750000
 eval_episode_return:  0.00
 train_episode_return:  0.00
 train_exploration_epsilon: 0.100
 train_frame_rate:  167
I1017 00:34:31.755725 47426479175488 run_miniworld.py:243] Data collection iteration 31.
I1017 00:37:01.094497 47426479175488 run_miniworld.py:250] Evaluation iteration 31.
I1017 00:37:10.667527 47426479175488 run_miniworld.py:267] iteration:  31
 frame: 775000
 eval_episode_return:  0.00
 train_episode_return:  0.00
 train_exploration_epsilon: 0.100
 train_frame_rate:  167
I1017 00:37:14.273694 47426479175488 run_miniworld.py:243] Data collection iteration 32.
I1017 00:39:43.729504 47426479175488 run_miniworld.py:250] Evaluation iteration 32.
I1017 00:39:53.187606 47426479175488 run_miniworld.py:267] iteration:  32
 frame: 800000
 eval_episode_return:  0.00
 train_episode_return:  0.00
 train_exploration_epsilon: 0.100
 train_frame_rate:  167
I1017 00:39:56.204823 47426479175488 run_miniworld.py:243] Data collection iteration 33.
I1017 00:42:26.770064 47426479175488 run_miniworld.py:250] Evaluation iteration 33.
I1017 00:42:36.565624 47426479175488 run_miniworld.py:267] iteration:  33
 frame: 825000
 eval_episode_return:  0.00
 train_episode_return:  0.00
 train_exploration_epsilon: 0.100
 train_frame_rate:  166
I1017 00:42:39.456380 47426479175488 run_miniworld.py:243] Data collection iteration 34.
I1017 00:45:10.627884 47426479175488 run_miniworld.py:250] Evaluation iteration 34.
I1017 00:45:20.435995 47426479175488 run_miniworld.py:267] iteration:  34
 frame: 850000
 eval_episode_return:  0.00
 train_episode_return:  0.00
 train_exploration_epsilon: 0.100
 train_frame_rate:  165
I1017 00:45:23.294201 47426479175488 run_miniworld.py:243] Data collection iteration 35.
I1017 00:47:53.726933 47426479175488 run_miniworld.py:250] Evaluation iteration 35.
I1017 00:48:03.294850 47426479175488 run_miniworld.py:267] iteration:  35
 frame: 875000
 eval_episode_return:  0.00
 train_episode_return:  0.00
 train_exploration_epsilon: 0.100
 train_frame_rate:  166
I1017 00:48:06.255043 47426479175488 run_miniworld.py:243] Data collection iteration 36.
I1017 00:50:36.297138 47426479175488 run_miniworld.py:250] Evaluation iteration 36.
I1017 00:50:45.805392 47426479175488 run_miniworld.py:267] iteration:  36
 frame: 900000
 eval_episode_return:  0.00
 train_episode_return:  0.00
 train_exploration_epsilon: 0.100
 train_frame_rate:  167
I1017 00:50:49.436301 47426479175488 run_miniworld.py:243] Data collection iteration 37.
I1017 00:53:20.389166 47426479175488 run_miniworld.py:250] Evaluation iteration 37.
I1017 00:53:30.093077 47426479175488 run_miniworld.py:267] iteration:  37
 frame: 925000
 eval_episode_return:  0.00
 train_episode_return:  0.00
 train_exploration_epsilon: 0.100
 train_frame_rate:  166
I1017 00:53:33.103272 47426479175488 run_miniworld.py:243] Data collection iteration 38.
I1017 00:56:03.589695 47426479175488 run_miniworld.py:250] Evaluation iteration 38.
I1017 00:56:13.153881 47426479175488 run_miniworld.py:267] iteration:  38
 frame: 950000
 eval_episode_return:  0.00
 train_episode_return:  0.00
 train_exploration_epsilon: 0.100
 train_frame_rate:  166
I1017 00:56:16.814538 47426479175488 run_miniworld.py:243] Data collection iteration 39.
I1017 00:58:48.992455 47426479175488 run_miniworld.py:250] Evaluation iteration 39.
I1017 00:58:58.817680 47426479175488 run_miniworld.py:267] iteration:  39
 frame: 975000
 eval_episode_return:  0.00
 train_episode_return:  0.00
 train_exploration_epsilon: 0.100
 train_frame_rate:  164
I1017 00:59:01.624917 47426479175488 run_miniworld.py:243] Data collection iteration 40.
I1017 01:01:33.051867 47426479175488 run_miniworld.py:250] Evaluation iteration 40.
I1017 01:01:42.824231 47426479175488 run_miniworld.py:267] iteration:  40
 frame: 1000000
 eval_episode_return:  0.00
 train_episode_return:  0.00
 train_exploration_epsilon: 0.100
 train_frame_rate:  165
I1017 01:01:46.660352 47426479175488 run_miniworld.py:243] Data collection iteration 41.
I1017 01:04:18.990322 47426479175488 run_miniworld.py:250] Evaluation iteration 41.
I1017 01:04:28.813462 47426479175488 run_miniworld.py:267] iteration:  41
 frame: 1025000
 eval_episode_return:  0.00
 train_episode_return:  0.00
 train_exploration_epsilon: 0.100
 train_frame_rate:  164
I1017 01:04:31.663957 47426479175488 run_miniworld.py:243] Data collection iteration 42.
I1017 01:07:03.523292 47426479175488 run_miniworld.py:250] Evaluation iteration 42.
I1017 01:07:13.193932 47426479175488 run_miniworld.py:267] iteration:  42
 frame: 1050000
 eval_episode_return:  0.00
 train_episode_return:  0.00
 train_exploration_epsilon: 0.100
 train_frame_rate:  165
I1017 01:07:15.983384 47426479175488 run_miniworld.py:243] Data collection iteration 43.
I1017 01:09:47.408997 47426479175488 run_miniworld.py:250] Evaluation iteration 43.
I1017 01:09:57.173501 47426479175488 run_miniworld.py:267] iteration:  43
 frame: 1075000
 eval_episode_return:  0.00
 train_episode_return:  0.00
 train_exploration_epsilon: 0.100
 train_frame_rate:  165
I1017 01:10:00.958986 47426479175488 run_miniworld.py:243] Data collection iteration 44.
I1017 01:12:33.306660 47426479175488 run_miniworld.py:250] Evaluation iteration 44.
I1017 01:12:43.197253 47426479175488 run_miniworld.py:267] iteration:  44
 frame: 1100000
 eval_episode_return:  0.00
 train_episode_return:  0.00
 train_exploration_epsilon: 0.100
 train_frame_rate:  164
I1017 01:12:45.975553 47426479175488 run_miniworld.py:243] Data collection iteration 45.
I1017 01:15:17.290565 47426479175488 run_miniworld.py:250] Evaluation iteration 45.
I1017 01:15:26.822470 47426479175488 run_miniworld.py:267] iteration:  45
 frame: 1125000
 eval_episode_return:  0.00
 train_episode_return:  0.00
 train_exploration_epsilon: 0.100
 train_frame_rate:  165
I1017 01:15:30.678534 47426479175488 run_miniworld.py:243] Data collection iteration 46.
I1017 01:18:02.299161 47426479175488 run_miniworld.py:250] Evaluation iteration 46.
I1017 01:18:11.990577 47426479175488 run_miniworld.py:267] iteration:  46
 frame: 1150000
 eval_episode_return:  0.00
 train_episode_return:  0.00
 train_exploration_epsilon: 0.100
 train_frame_rate:  165
I1017 01:18:14.820883 47426479175488 run_miniworld.py:243] Data collection iteration 47.
I1017 01:20:45.498372 47426479175488 run_miniworld.py:250] Evaluation iteration 47.
I1017 01:20:55.094134 47426479175488 run_miniworld.py:267] iteration:  47
 frame: 1175000
 eval_episode_return:  0.00
 train_episode_return:  0.00
 train_exploration_epsilon: 0.100
 train_frame_rate:  166
I1017 01:20:57.958397 47426479175488 run_miniworld.py:243] Data collection iteration 48.
I1017 01:23:29.462706 47426479175488 run_miniworld.py:250] Evaluation iteration 48.
I1017 01:23:39.300759 47426479175488 run_miniworld.py:267] iteration:  48
 frame: 1200000
 eval_episode_return:  0.00
 train_episode_return:  0.00
 train_exploration_epsilon: 0.100
 train_frame_rate:  165
I1017 01:23:43.092039 47426479175488 run_miniworld.py:243] Data collection iteration 49.
I1017 01:26:14.499373 47426479175488 run_miniworld.py:250] Evaluation iteration 49.
I1017 01:26:24.002204 47426479175488 run_miniworld.py:267] iteration:  49
 frame: 1225000
 eval_episode_return:  0.00
 train_episode_return:  0.00
 train_exploration_epsilon: 0.100
 train_frame_rate:  165
I1017 01:26:26.792861 47426479175488 run_miniworld.py:243] Data collection iteration 50.
I1017 01:28:59.133773 47426479175488 run_miniworld.py:250] Evaluation iteration 50.
I1017 01:29:09.059501 47426479175488 run_miniworld.py:267] iteration:  50
 frame: 1250000
 eval_episode_return:  0.00
 train_episode_return:  0.00
 train_exploration_epsilon: 0.100
 train_frame_rate:  164
I1017 01:29:12.854696 47426479175488 run_miniworld.py:243] Data collection iteration 51.
I1017 01:31:44.889393 47426479175488 run_miniworld.py:250] Evaluation iteration 51.
I1017 01:31:54.594244 47426479175488 run_miniworld.py:267] iteration:  51
 frame: 1275000
 eval_episode_return:  0.00
 train_episode_return:  0.00
 train_exploration_epsilon: 0.100
 train_frame_rate:  164
I1017 01:31:57.466203 47426479175488 run_miniworld.py:243] Data collection iteration 52.
I1017 01:34:28.784534 47426479175488 run_miniworld.py:250] Evaluation iteration 52.
I1017 01:34:38.572634 47426479175488 run_miniworld.py:267] iteration:  52
 frame: 1300000
 eval_episode_return:  0.00
 train_episode_return:  0.00
 train_exploration_epsilon: 0.100
 train_frame_rate:  165
I1017 01:34:41.378537 47426479175488 run_miniworld.py:243] Data collection iteration 53.
I1017 01:37:12.491989 47426479175488 run_miniworld.py:250] Evaluation iteration 53.
I1017 01:37:22.034892 47426479175488 run_miniworld.py:267] iteration:  53
 frame: 1325000
 eval_episode_return:  0.00
 train_episode_return:  0.00
 train_exploration_epsilon: 0.100
 train_frame_rate:  165
I1017 01:37:25.805661 47426479175488 run_miniworld.py:243] Data collection iteration 54.
I1017 01:39:57.242386 47426479175488 run_miniworld.py:250] Evaluation iteration 54.
I1017 01:40:07.015061 47426479175488 run_miniworld.py:267] iteration:  54
 frame: 1350000
 eval_episode_return:  0.00
 train_episode_return:  0.00
 train_exploration_epsilon: 0.100
 train_frame_rate:  165
I1017 01:40:09.789881 47426479175488 run_miniworld.py:243] Data collection iteration 55.
I1017 01:42:41.710629 47426479175488 run_miniworld.py:250] Evaluation iteration 55.
I1017 01:42:51.404320 47426479175488 run_miniworld.py:267] iteration:  55
 frame: 1375000
 eval_episode_return:  0.00
 train_episode_return:  0.00
 train_exploration_epsilon: 0.100
 train_frame_rate:  165
I1017 01:42:55.073928 47426479175488 run_miniworld.py:243] Data collection iteration 56.
I1017 01:45:26.381313 47426479175488 run_miniworld.py:250] Evaluation iteration 56.
I1017 01:45:35.955493 47426479175488 run_miniworld.py:267] iteration:  56
 frame: 1400000
 eval_episode_return:  0.00
 train_episode_return:  0.00
 train_exploration_epsilon: 0.100
 train_frame_rate:  165
I1017 01:45:38.751347 47426479175488 run_miniworld.py:243] Data collection iteration 57.
I1017 01:48:09.834233 47426479175488 run_miniworld.py:250] Evaluation iteration 57.
I1017 01:48:19.585681 47426479175488 run_miniworld.py:267] iteration:  57
 frame: 1425000
 eval_episode_return:  0.00
 train_episode_return:  0.00
 train_exploration_epsilon: 0.100
 train_frame_rate:  165
I1017 01:48:22.402534 47426479175488 run_miniworld.py:243] Data collection iteration 58.
I1017 01:50:54.302468 47426479175488 run_miniworld.py:250] Evaluation iteration 58.
I1017 01:51:03.987140 47426479175488 run_miniworld.py:267] iteration:  58
 frame: 1450000
 eval_episode_return:  0.00
 train_episode_return:  0.00
 train_exploration_epsilon: 0.100
 train_frame_rate:  165
I1017 01:51:07.795788 47426479175488 run_miniworld.py:243] Data collection iteration 59.
I1017 01:53:40.490358 47426479175488 run_miniworld.py:250] Evaluation iteration 59.
I1017 01:53:50.400981 47426479175488 run_miniworld.py:267] iteration:  59
 frame: 1475000
 eval_episode_return:  0.00
 train_episode_return:  0.04
 train_exploration_epsilon: 0.100
 train_frame_rate:  164
I1017 01:53:53.275122 47426479175488 run_miniworld.py:243] Data collection iteration 60.
I1017 01:56:25.063234 47426479175488 run_miniworld.py:250] Evaluation iteration 60.
I1017 01:56:34.819968 47426479175488 run_miniworld.py:267] iteration:  60
 frame: 1500000
 eval_episode_return:  0.00
 train_episode_return:  0.00
 train_exploration_epsilon: 0.100
 train_frame_rate:  165
I1017 01:56:38.641428 47426479175488 run_miniworld.py:243] Data collection iteration 61.
I1017 01:59:11.330198 47426479175488 run_miniworld.py:250] Evaluation iteration 61.
I1017 01:59:21.179324 47426479175488 run_miniworld.py:267] iteration:  61
 frame: 1525000
 eval_episode_return:  0.00
 train_episode_return:  0.00
 train_exploration_epsilon: 0.100
 train_frame_rate:  164
I1017 01:59:23.969371 47426479175488 run_miniworld.py:243] Data collection iteration 62.
I1017 02:01:56.186202 47426479175488 run_miniworld.py:250] Evaluation iteration 62.
I1017 02:02:05.920706 47426479175488 run_miniworld.py:267] iteration:  62
 frame: 1550000
 eval_episode_return:  0.00
 train_episode_return:  0.00
 train_exploration_epsilon: 0.100
 train_frame_rate:  164
I1017 02:02:08.707843 47426479175488 run_miniworld.py:243] Data collection iteration 63.
I1017 02:04:40.195528 47426479175488 run_miniworld.py:250] Evaluation iteration 63.
I1017 02:04:49.815604 47426479175488 run_miniworld.py:267] iteration:  63
 frame: 1575000
 eval_episode_return:  0.00
 train_episode_return:  0.00
 train_exploration_epsilon: 0.100
 train_frame_rate:  165
I1017 02:04:53.667603 47426479175488 run_miniworld.py:243] Data collection iteration 64.
I1017 02:07:25.431397 47426479175488 run_miniworld.py:250] Evaluation iteration 64.
I1017 02:07:35.065524 47426479175488 run_miniworld.py:267] iteration:  64
 frame: 1600000
 eval_episode_return:  0.00
 train_episode_return:  0.00
 train_exploration_epsilon: 0.100
 train_frame_rate:  165
I1017 02:07:37.895008 47426479175488 run_miniworld.py:243] Data collection iteration 65.
I1017 02:10:10.420821 47426479175488 run_miniworld.py:250] Evaluation iteration 65.
I1017 02:10:19.960119 47426479175488 run_miniworld.py:267] iteration:  65
 frame: 1625000
 eval_episode_return:  0.00
 train_episode_return:  0.00
 train_exploration_epsilon: 0.100
 train_frame_rate:  164
I1017 02:10:23.733604 47426479175488 run_miniworld.py:243] Data collection iteration 66.
I1017 02:12:55.653298 47426479175488 run_miniworld.py:250] Evaluation iteration 66.
I1017 02:13:05.285186 47426479175488 run_miniworld.py:267] iteration:  66
 frame: 1650000
 eval_episode_return:  0.00
 train_episode_return:  0.00
 train_exploration_epsilon: 0.100
 train_frame_rate:  165
I1017 02:13:08.126346 47426479175488 run_miniworld.py:243] Data collection iteration 67.
I1017 02:15:40.239791 47426479175488 run_miniworld.py:250] Evaluation iteration 67.
I1017 02:15:50.071470 47426479175488 run_miniworld.py:267] iteration:  67
 frame: 1675000
 eval_episode_return:  0.00
 train_episode_return:  0.00
 train_exploration_epsilon: 0.100
 train_frame_rate:  164
I1017 02:15:52.876030 47426479175488 run_miniworld.py:243] Data collection iteration 68.
I1017 02:18:24.372703 47426479175488 run_miniworld.py:250] Evaluation iteration 68.
I1017 02:18:34.240176 47426479175488 run_miniworld.py:267] iteration:  68
 frame: 1700000
 eval_episode_return:  0.00
 train_episode_return:  0.00
 train_exploration_epsilon: 0.100
 train_frame_rate:  165
I1017 02:18:38.102671 47426479175488 run_miniworld.py:243] Data collection iteration 69.
I1017 02:21:08.339878 47426479175488 run_miniworld.py:250] Evaluation iteration 69.
I1017 02:21:17.832778 47426479175488 run_miniworld.py:267] iteration:  69
 frame: 1725000
 eval_episode_return:  0.00
 train_episode_return:  0.00
 train_exploration_epsilon: 0.100
 train_frame_rate:  166
I1017 02:21:20.583026 47426479175488 run_miniworld.py:243] Data collection iteration 70.
I1017 02:23:52.218768 47426479175488 run_miniworld.py:250] Evaluation iteration 70.
I1017 02:24:01.957546 47426479175488 run_miniworld.py:267] iteration:  70
 frame: 1750000
 eval_episode_return:  0.00
 train_episode_return:  0.00
 train_exploration_epsilon: 0.100
 train_frame_rate:  165
I1017 02:24:05.672077 47426479175488 run_miniworld.py:243] Data collection iteration 71.
I1017 02:26:37.585621 47426479175488 run_miniworld.py:250] Evaluation iteration 71.
I1017 02:26:47.235852 47426479175488 run_miniworld.py:267] iteration:  71
 frame: 1775000
 eval_episode_return:  0.00
 train_episode_return:  0.00
 train_exploration_epsilon: 0.100
 train_frame_rate:  165
I1017 02:26:50.037020 47426479175488 run_miniworld.py:243] Data collection iteration 72.
I1017 02:29:22.442897 47426479175488 run_miniworld.py:250] Evaluation iteration 72.
I1017 02:29:32.206807 47426479175488 run_miniworld.py:267] iteration:  72
 frame: 1800000
 eval_episode_return:  0.00
 train_episode_return:  0.00
 train_exploration_epsilon: 0.100
 train_frame_rate:  164
I1017 02:29:35.005234 47426479175488 run_miniworld.py:243] Data collection iteration 73.
I1017 02:32:06.012628 47426479175488 run_miniworld.py:250] Evaluation iteration 73.
I1017 02:32:15.688246 47426479175488 run_miniworld.py:267] iteration:  73
 frame: 1825000
 eval_episode_return:  0.00
 train_episode_return:  0.00
 train_exploration_epsilon: 0.100
 train_frame_rate:  166
I1017 02:32:19.450438 47426479175488 run_miniworld.py:243] Data collection iteration 74.
I1017 02:34:51.671076 47426479175488 run_miniworld.py:250] Evaluation iteration 74.
I1017 02:35:01.370868 47426479175488 run_miniworld.py:267] iteration:  74
 frame: 1850000
 eval_episode_return:  0.00
 train_episode_return:  0.00
 train_exploration_epsilon: 0.100
 train_frame_rate:  164
I1017 02:35:04.232816 47426479175488 run_miniworld.py:243] Data collection iteration 75.
I1017 02:37:35.798176 47426479175488 run_miniworld.py:250] Evaluation iteration 75.
I1017 02:37:45.484103 47426479175488 run_miniworld.py:267] iteration:  75
 frame: 1875000
 eval_episode_return:  0.00
 train_episode_return:  0.00
 train_exploration_epsilon: 0.100
 train_frame_rate:  165
I1017 02:37:49.274032 47426479175488 run_miniworld.py:243] Data collection iteration 76.
I1017 02:40:21.210746 47426479175488 run_miniworld.py:250] Evaluation iteration 76.
I1017 02:40:31.051257 47426479175488 run_miniworld.py:267] iteration:  76
 frame: 1900000
 eval_episode_return:  0.00
 train_episode_return:  0.00
 train_exploration_epsilon: 0.100
 train_frame_rate:  165
I1017 02:40:33.874301 47426479175488 run_miniworld.py:243] Data collection iteration 77.
I1017 02:43:05.979175 47426479175488 run_miniworld.py:250] Evaluation iteration 77.
I1017 02:43:15.761737 47426479175488 run_miniworld.py:267] iteration:  77
 frame: 1925000
 eval_episode_return:  0.00
 train_episode_return:  0.00
 train_exploration_epsilon: 0.100
 train_frame_rate:  164
I1017 02:43:18.606230 47426479175488 run_miniworld.py:243] Data collection iteration 78.
I1017 02:45:52.121618 47426479175488 run_miniworld.py:250] Evaluation iteration 78.
I1017 02:46:01.984629 47426479175488 run_miniworld.py:267] iteration:  78
 frame: 1950000
 eval_episode_return:  0.00
 train_episode_return:  0.00
 train_exploration_epsilon: 0.100
 train_frame_rate:  163
I1017 02:46:04.799743 47426479175488 run_miniworld.py:243] Data collection iteration 79.
I1017 02:48:36.834245 47426479175488 run_miniworld.py:250] Evaluation iteration 79.
I1017 02:48:46.566518 47426479175488 run_miniworld.py:267] iteration:  79
 frame: 1975000
 eval_episode_return:  0.00
 train_episode_return:  0.00
 train_exploration_epsilon: 0.100
 train_frame_rate:  164
I1017 02:48:49.406342 47426479175488 run_miniworld.py:243] Data collection iteration 80.
I1017 02:51:22.354947 47426479175488 run_miniworld.py:250] Evaluation iteration 80.
I1017 02:51:32.175946 47426479175488 run_miniworld.py:267] iteration:  80
 frame: 2000000
 eval_episode_return:  0.00
 train_episode_return:  0.00
 train_exploration_epsilon: 0.100
 train_frame_rate:  163
I1017 02:51:35.876085 47426479175488 run_miniworld.py:243] Data collection iteration 81.
I1017 02:54:09.695241 47426479175488 run_miniworld.py:250] Evaluation iteration 81.
I1017 02:54:19.468579 47426479175488 run_miniworld.py:267] iteration:  81
 frame: 2025000
 eval_episode_return:  0.00
 train_episode_return:  0.00
 train_exploration_epsilon: 0.100
 train_frame_rate:  163
I1017 02:54:22.308986 47426479175488 run_miniworld.py:243] Data collection iteration 82.
I1017 02:56:54.580382 47426479175488 run_miniworld.py:250] Evaluation iteration 82.
I1017 02:57:04.317605 47426479175488 run_miniworld.py:267] iteration:  82
 frame: 2050000
 eval_episode_return:  0.00
 train_episode_return:  0.00
 train_exploration_epsilon: 0.100
 train_frame_rate:  164
I1017 02:57:08.232650 47426479175488 run_miniworld.py:243] Data collection iteration 83.
I1017 02:59:41.893413 47426479175488 run_miniworld.py:250] Evaluation iteration 83.
I1017 02:59:51.926155 47426479175488 run_miniworld.py:267] iteration:  83
 frame: 2075000
 eval_episode_return:  0.00
 train_episode_return:  0.00
 train_exploration_epsilon: 0.100
 train_frame_rate:  163
I1017 02:59:54.784141 47426479175488 run_miniworld.py:243] Data collection iteration 84.
I1017 03:02:26.994290 47426479175488 run_miniworld.py:250] Evaluation iteration 84.
I1017 03:02:36.879580 47426479175488 run_miniworld.py:267] iteration:  84
 frame: 2100000
 eval_episode_return:  0.00
 train_episode_return:  0.00
 train_exploration_epsilon: 0.100
 train_frame_rate:  164
I1017 03:02:39.718208 47426479175488 run_miniworld.py:243] Data collection iteration 85.
I1017 03:05:12.940293 47426479175488 run_miniworld.py:250] Evaluation iteration 85.
I1017 03:05:22.843821 47426479175488 run_miniworld.py:267] iteration:  85
 frame: 2125000
 eval_episode_return:  0.00
 train_episode_return:  0.00
 train_exploration_epsilon: 0.100
 train_frame_rate:  163
I1017 03:05:26.673024 47426479175488 run_miniworld.py:243] Data collection iteration 86.
I1017 03:08:00.449987 47426479175488 run_miniworld.py:250] Evaluation iteration 86.
I1017 03:08:10.395064 47426479175488 run_miniworld.py:267] iteration:  86
 frame: 2150000
 eval_episode_return:  0.00
 train_episode_return:  0.00
 train_exploration_epsilon: 0.100
 train_frame_rate:  163
I1017 03:08:13.347558 47426479175488 run_miniworld.py:243] Data collection iteration 87.
I1017 03:10:44.942359 47426479175488 run_miniworld.py:250] Evaluation iteration 87.
I1017 03:10:54.570021 47426479175488 run_miniworld.py:267] iteration:  87
 frame: 2175000
 eval_episode_return:  0.00
 train_episode_return:  0.00
 train_exploration_epsilon: 0.100
 train_frame_rate:  165
I1017 03:10:58.380321 47426479175488 run_miniworld.py:243] Data collection iteration 88.
I1017 03:13:32.113353 47426479175488 run_miniworld.py:250] Evaluation iteration 88.
I1017 03:13:41.889985 47426479175488 run_miniworld.py:267] iteration:  88
 frame: 2200000
 eval_episode_return:  0.00
 train_episode_return:  0.00
 train_exploration_epsilon: 0.100
 train_frame_rate:  163
I1017 03:13:44.774253 47426479175488 run_miniworld.py:243] Data collection iteration 89.
I1017 03:16:17.296334 47426479175488 run_miniworld.py:250] Evaluation iteration 89.
I1017 03:16:26.947347 47426479175488 run_miniworld.py:267] iteration:  89
 frame: 2225000
 eval_episode_return:  0.00
 train_episode_return:  0.00
 train_exploration_epsilon: 0.100
 train_frame_rate:  164
I1017 03:16:29.876437 47426479175488 run_miniworld.py:243] Data collection iteration 90.
I1017 03:19:01.770802 47426479175488 run_miniworld.py:250] Evaluation iteration 90.
I1017 03:19:11.594291 47426479175488 run_miniworld.py:267] iteration:  90
 frame: 2250000
 eval_episode_return:  0.00
 train_episode_return:  0.00
 train_exploration_epsilon: 0.100
 train_frame_rate:  165
I1017 03:19:15.523391 47426479175488 run_miniworld.py:243] Data collection iteration 91.
I1017 03:21:49.046871 47426479175488 run_miniworld.py:250] Evaluation iteration 91.
I1017 03:21:58.915378 47426479175488 run_miniworld.py:267] iteration:  91
 frame: 2275000
 eval_episode_return:  0.00
 train_episode_return:  0.00
 train_exploration_epsilon: 0.100
 train_frame_rate:  163
I1017 03:22:01.673362 47426479175488 run_miniworld.py:243] Data collection iteration 92.
I1017 03:24:34.156412 47426479175488 run_miniworld.py:250] Evaluation iteration 92.
I1017 03:24:43.979727 47426479175488 run_miniworld.py:267] iteration:  92
 frame: 2300000
 eval_episode_return:  0.00
 train_episode_return:  0.00
 train_exploration_epsilon: 0.100
 train_frame_rate:  164
I1017 03:24:47.805483 47426479175488 run_miniworld.py:243] Data collection iteration 93.
I1017 03:27:21.157564 47426479175488 run_miniworld.py:250] Evaluation iteration 93.
I1017 03:27:31.106784 47426479175488 run_miniworld.py:267] iteration:  93
 frame: 2325000
 eval_episode_return:  0.00
 train_episode_return:  0.00
 train_exploration_epsilon: 0.100
 train_frame_rate:  163
I1017 03:27:33.891393 47426479175488 run_miniworld.py:243] Data collection iteration 94.
I1017 03:30:06.859077 47426479175488 run_miniworld.py:250] Evaluation iteration 94.
I1017 03:30:16.822380 47426479175488 run_miniworld.py:267] iteration:  94
 frame: 2350000
 eval_episode_return:  0.00
 train_episode_return:  0.00
 train_exploration_epsilon: 0.100
 train_frame_rate:  163
I1017 03:30:19.671306 47426479175488 run_miniworld.py:243] Data collection iteration 95.
I1017 03:32:52.524919 47426479175488 run_miniworld.py:250] Evaluation iteration 95.
I1017 03:33:02.392208 47426479175488 run_miniworld.py:267] iteration:  95
 frame: 2375000
 eval_episode_return:  0.00
 train_episode_return:  0.00
 train_exploration_epsilon: 0.100
 train_frame_rate:  164
I1017 03:33:06.347438 47426479175488 run_miniworld.py:243] Data collection iteration 96.
I1017 03:35:39.705315 47426479175488 run_miniworld.py:250] Evaluation iteration 96.
I1017 03:35:49.570703 47426479175488 run_miniworld.py:267] iteration:  96
 frame: 2400000
 eval_episode_return:  0.00
 train_episode_return:  0.00
 train_exploration_epsilon: 0.100
 train_frame_rate:  163
I1017 03:35:52.503642 47426479175488 run_miniworld.py:243] Data collection iteration 97.
I1017 03:38:25.604595 47426479175488 run_miniworld.py:250] Evaluation iteration 97.
I1017 03:38:35.079061 47426479175488 run_miniworld.py:267] iteration:  97
 frame: 2425000
 eval_episode_return:  0.00
 train_episode_return:  0.00
 train_exploration_epsilon: 0.100
 train_frame_rate:  163
I1017 03:38:38.830811 47426479175488 run_miniworld.py:243] Data collection iteration 98.
I1017 03:41:11.841720 47426479175488 run_miniworld.py:250] Evaluation iteration 98.
I1017 03:41:21.405431 47426479175488 run_miniworld.py:267] iteration:  98
 frame: 2450000
 eval_episode_return:  0.00
 train_episode_return:  0.00
 train_exploration_epsilon: 0.100
 train_frame_rate:  163
I1017 03:41:24.181134 47426479175488 run_miniworld.py:243] Data collection iteration 99.
I1017 03:43:57.670790 47426479175488 run_miniworld.py:250] Evaluation iteration 99.
I1017 03:44:07.198441 47426479175488 run_miniworld.py:267] iteration:  99
 frame: 2475000
 eval_episode_return:  0.00
 train_episode_return:  0.00
 train_exploration_epsilon: 0.100
 train_frame_rate:  163
I1017 03:44:10.154833 47426479175488 run_miniworld.py:243] Data collection iteration 100.
I1017 03:46:43.968449 47426479175488 run_miniworld.py:250] Evaluation iteration 100.
I1017 03:46:53.740666 47426479175488 run_miniworld.py:267] iteration: 100
 frame: 2500000
 eval_episode_return:  0.00
 train_episode_return:  0.00
 train_exploration_epsilon: 0.100
 train_frame_rate:  163
I1017 03:46:56.611993 47426479175488 run_miniworld.py:243] Data collection iteration 101.
I1017 03:49:29.803668 47426479175488 run_miniworld.py:250] Evaluation iteration 101.
I1017 03:49:39.562060 47426479175488 run_miniworld.py:267] iteration: 101
 frame: 2525000
 eval_episode_return:  0.00
 train_episode_return:  0.00
 train_exploration_epsilon: 0.100
 train_frame_rate:  163
I1017 03:49:42.384691 47426479175488 run_miniworld.py:243] Data collection iteration 102.
I1017 03:52:16.022179 47426479175488 run_miniworld.py:250] Evaluation iteration 102.
I1017 03:52:25.629678 47426479175488 run_miniworld.py:267] iteration: 102
 frame: 2550000
 eval_episode_return:  0.00
 train_episode_return:  0.00
 train_exploration_epsilon: 0.100
 train_frame_rate:  163
I1017 03:52:29.430766 47426479175488 run_miniworld.py:243] Data collection iteration 103.
I1017 03:55:02.897072 47426479175488 run_miniworld.py:250] Evaluation iteration 103.
I1017 03:55:12.922198 47426479175488 run_miniworld.py:267] iteration: 103
 frame: 2575000
 eval_episode_return:  0.00
 train_episode_return:  0.00
 train_exploration_epsilon: 0.100
 train_frame_rate:  163
I1017 03:55:15.867297 47426479175488 run_miniworld.py:243] Data collection iteration 104.
I1017 03:57:49.087307 47426479175488 run_miniworld.py:250] Evaluation iteration 104.
I1017 03:57:58.930910 47426479175488 run_miniworld.py:267] iteration: 104
 frame: 2600000
 eval_episode_return:  0.00
 train_episode_return:  0.00
 train_exploration_epsilon: 0.100
 train_frame_rate:  163
I1017 03:58:02.842892 47426479175488 run_miniworld.py:243] Data collection iteration 105.
I1017 04:00:36.647420 47426479175488 run_miniworld.py:250] Evaluation iteration 105.
I1017 04:00:46.652702 47426479175488 run_miniworld.py:267] iteration: 105
 frame: 2625000
 eval_episode_return:  0.00
 train_episode_return:  0.00
 train_exploration_epsilon: 0.100
 train_frame_rate:  163
I1017 04:00:49.505559 47426479175488 run_miniworld.py:243] Data collection iteration 106.
I1017 04:03:22.571083 47426479175488 run_miniworld.py:250] Evaluation iteration 106.
I1017 04:03:32.571444 47426479175488 run_miniworld.py:267] iteration: 106
 frame: 2650000
 eval_episode_return:  0.00
 train_episode_return:  0.00
 train_exploration_epsilon: 0.100
 train_frame_rate:  163
I1017 04:03:35.592956 47426479175488 run_miniworld.py:243] Data collection iteration 107.
I1017 04:06:08.211951 47426479175488 run_miniworld.py:250] Evaluation iteration 107.
I1017 04:06:17.877680 47426479175488 run_miniworld.py:267] iteration: 107
 frame: 2675000
 eval_episode_return:  0.00
 train_episode_return:  0.00
 train_exploration_epsilon: 0.100
 train_frame_rate:  164
I1017 04:06:21.583980 47426479175488 run_miniworld.py:243] Data collection iteration 108.
I1017 04:08:54.714082 47426479175488 run_miniworld.py:250] Evaluation iteration 108.
I1017 04:09:04.417707 47426479175488 run_miniworld.py:267] iteration: 108
 frame: 2700000
 eval_episode_return:  0.00
 train_episode_return:  0.00
 train_exploration_epsilon: 0.100
 train_frame_rate:  163
I1017 04:09:07.283800 47426479175488 run_miniworld.py:243] Data collection iteration 109.
I1017 04:11:40.538625 47426479175488 run_miniworld.py:250] Evaluation iteration 109.
I1017 04:11:50.384986 47426479175488 run_miniworld.py:267] iteration: 109
 frame: 2725000
 eval_episode_return:  0.00
 train_episode_return:  0.00
 train_exploration_epsilon: 0.100
 train_frame_rate:  163
I1017 04:11:54.221288 47426479175488 run_miniworld.py:243] Data collection iteration 110.
I1017 04:14:28.076466 47426479175488 run_miniworld.py:250] Evaluation iteration 110.
I1017 04:14:37.910108 47426479175488 run_miniworld.py:267] iteration: 110
 frame: 2750000
 eval_episode_return:  0.00
 train_episode_return:  0.00
 train_exploration_epsilon: 0.100
 train_frame_rate:  162
I1017 04:14:40.722491 47426479175488 run_miniworld.py:243] Data collection iteration 111.
I1017 04:17:13.641740 47426479175488 run_miniworld.py:250] Evaluation iteration 111.
I1017 04:17:23.587719 47426479175488 run_miniworld.py:267] iteration: 111
 frame: 2775000
 eval_episode_return:  0.00
 train_episode_return:  0.00
 train_exploration_epsilon: 0.100
 train_frame_rate:  163
I1017 04:17:26.419605 47426479175488 run_miniworld.py:243] Data collection iteration 112.
I1017 04:19:59.832608 47426479175488 run_miniworld.py:250] Evaluation iteration 112.
I1017 04:20:09.542520 47426479175488 run_miniworld.py:267] iteration: 112
 frame: 2800000
 eval_episode_return:  0.00
 train_episode_return:  0.00
 train_exploration_epsilon: 0.100
 train_frame_rate:  163
I1017 04:20:13.471904 47426479175488 run_miniworld.py:243] Data collection iteration 113.
I1017 04:22:46.791850 47426479175488 run_miniworld.py:250] Evaluation iteration 113.
I1017 04:22:56.650051 47426479175488 run_miniworld.py:267] iteration: 113
 frame: 2825000
 eval_episode_return:  0.00
 train_episode_return:  0.00
 train_exploration_epsilon: 0.100
 train_frame_rate:  163
I1017 04:22:59.505190 47426479175488 run_miniworld.py:243] Data collection iteration 114.
I1017 04:25:33.446662 47426479175488 run_miniworld.py:250] Evaluation iteration 114.
I1017 04:25:43.176865 47426479175488 run_miniworld.py:267] iteration: 114
 frame: 2850000
 eval_episode_return:  0.00
 train_episode_return:  0.00
 train_exploration_epsilon: 0.100
 train_frame_rate:  162
I1017 04:25:46.964519 47426479175488 run_miniworld.py:243] Data collection iteration 115.
I1017 04:28:21.604498 47426479175488 run_miniworld.py:250] Evaluation iteration 115.
I1017 04:28:31.464994 47426479175488 run_miniworld.py:267] iteration: 115
 frame: 2875000
 eval_episode_return:  0.00
 train_episode_return:  0.00
 train_exploration_epsilon: 0.100
 train_frame_rate:  162
I1017 04:28:34.293411 47426479175488 run_miniworld.py:243] Data collection iteration 116.
I1017 04:31:07.686467 47426479175488 run_miniworld.py:250] Evaluation iteration 116.
I1017 04:31:17.548900 47426479175488 run_miniworld.py:267] iteration: 116
 frame: 2900000
 eval_episode_return:  0.00
 train_episode_return:  0.00
 train_exploration_epsilon: 0.100
 train_frame_rate:  163
I1017 04:31:20.293624 47426479175488 run_miniworld.py:243] Data collection iteration 117.
I1017 04:33:55.292727 47426479175488 run_miniworld.py:250] Evaluation iteration 117.
I1017 04:34:05.191940 47426479175488 run_miniworld.py:267] iteration: 117
 frame: 2925000
 eval_episode_return:  0.00
 train_episode_return:  0.00
 train_exploration_epsilon: 0.100
 train_frame_rate:  161
I1017 04:34:07.965711 47426479175488 run_miniworld.py:243] Data collection iteration 118.
I1017 04:36:41.631760 47426479175488 run_miniworld.py:250] Evaluation iteration 118.
I1017 04:36:51.505888 47426479175488 run_miniworld.py:267] iteration: 118
 frame: 2950000
 eval_episode_return:  0.00
 train_episode_return:  0.00
 train_exploration_epsilon: 0.100
 train_frame_rate:  163
I1017 04:36:54.288008 47426479175488 run_miniworld.py:243] Data collection iteration 119.
I1017 04:39:27.587314 47426479175488 run_miniworld.py:250] Evaluation iteration 119.
I1017 04:39:37.550201 47426479175488 run_miniworld.py:267] iteration: 119
 frame: 2975000
 eval_episode_return:  0.00
 train_episode_return:  0.00
 train_exploration_epsilon: 0.100
 train_frame_rate:  163
I1017 04:39:41.494008 47426479175488 run_miniworld.py:243] Data collection iteration 120.
I1017 04:42:15.559588 47426479175488 run_miniworld.py:250] Evaluation iteration 120.
I1017 04:42:25.346314 47426479175488 run_miniworld.py:267] iteration: 120
 frame: 3000000
 eval_episode_return:  0.00
 train_episode_return:  0.00
 train_exploration_epsilon: 0.100
 train_frame_rate:  162
I1017 04:42:28.235657 47426479175488 run_miniworld.py:243] Data collection iteration 121.
I1017 04:45:01.759696 47426479175488 run_miniworld.py:250] Evaluation iteration 121.
I1017 04:45:11.544433 47426479175488 run_miniworld.py:267] iteration: 121
 frame: 3025000
 eval_episode_return:  0.00
 train_episode_return:  0.00
 train_exploration_epsilon: 0.100
 train_frame_rate:  163
I1017 04:45:15.531632 47426479175488 run_miniworld.py:243] Data collection iteration 122.
I1017 04:47:49.306882 47426479175488 run_miniworld.py:250] Evaluation iteration 122.
I1017 04:47:59.198550 47426479175488 run_miniworld.py:267] iteration: 122
 frame: 3050000
 eval_episode_return:  0.00
 train_episode_return:  0.00
 train_exploration_epsilon: 0.100
 train_frame_rate:  163
I1017 04:48:02.056026 47426479175488 run_miniworld.py:243] Data collection iteration 123.
I1017 04:50:35.394035 47426479175488 run_miniworld.py:250] Evaluation iteration 123.
I1017 04:50:45.216970 47426479175488 run_miniworld.py:267] iteration: 123
 frame: 3075000
 eval_episode_return:  0.00
 train_episode_return:  0.00
 train_exploration_epsilon: 0.100
 train_frame_rate:  163
I1017 04:50:48.071271 47426479175488 run_miniworld.py:243] Data collection iteration 124.
I1017 04:53:20.717241 47426479175488 run_miniworld.py:250] Evaluation iteration 124.
I1017 04:53:30.432009 47426479175488 run_miniworld.py:267] iteration: 124
 frame: 3100000
 eval_episode_return:  0.00
 train_episode_return:  0.00
 train_exploration_epsilon: 0.100
 train_frame_rate:  164
I1017 04:53:34.334409 47426479175488 run_miniworld.py:243] Data collection iteration 125.
I1017 04:56:08.490862 47426479175488 run_miniworld.py:250] Evaluation iteration 125.
I1017 04:56:18.374211 47426479175488 run_miniworld.py:267] iteration: 125
 frame: 3125000
 eval_episode_return:  0.00
 train_episode_return:  0.00
 train_exploration_epsilon: 0.100
 train_frame_rate:  162
I1017 04:56:21.139219 47426479175488 run_miniworld.py:243] Data collection iteration 126.
I1017 04:58:54.375100 47426479175488 run_miniworld.py:250] Evaluation iteration 126.
I1017 04:59:04.201948 47426479175488 run_miniworld.py:267] iteration: 126
 frame: 3150000
 eval_episode_return:  0.00
 train_episode_return:  0.00
 train_exploration_epsilon: 0.100
 train_frame_rate:  163
I1017 04:59:08.083420 47426479175488 run_miniworld.py:243] Data collection iteration 127.
I1017 05:01:42.711172 47426479175488 run_miniworld.py:250] Evaluation iteration 127.
I1017 05:01:52.650133 47426479175488 run_miniworld.py:267] iteration: 127
 frame: 3175000
 eval_episode_return:  0.00
 train_episode_return:  0.00
 train_exploration_epsilon: 0.100
 train_frame_rate:  162
I1017 05:01:55.559217 47426479175488 run_miniworld.py:243] Data collection iteration 128.
I1017 05:04:29.568346 47426479175488 run_miniworld.py:250] Evaluation iteration 128.
I1017 05:04:39.542124 47426479175488 run_miniworld.py:267] iteration: 128
 frame: 3200000
 eval_episode_return:  0.00
 train_episode_return:  0.00
 train_exploration_epsilon: 0.100
 train_frame_rate:  162
I1017 05:04:42.389972 47426479175488 run_miniworld.py:243] Data collection iteration 129.
I1017 05:07:15.529129 47426479175488 run_miniworld.py:250] Evaluation iteration 129.
I1017 05:07:25.467199 47426479175488 run_miniworld.py:267] iteration: 129
 frame: 3225000
 eval_episode_return:  0.00
 train_episode_return:  0.00
 train_exploration_epsilon: 0.100
 train_frame_rate:  163
I1017 05:07:29.464022 47426479175488 run_miniworld.py:243] Data collection iteration 130.
I1017 05:10:03.863050 47426479175488 run_miniworld.py:250] Evaluation iteration 130.
I1017 05:10:13.704817 47426479175488 run_miniworld.py:267] iteration: 130
 frame: 3250000
 eval_episode_return:  0.00
 train_episode_return:  0.00
 train_exploration_epsilon: 0.100
 train_frame_rate:  162
I1017 05:10:16.651551 47426479175488 run_miniworld.py:243] Data collection iteration 131.
I1017 05:12:50.515941 47426479175488 run_miniworld.py:250] Evaluation iteration 131.
I1017 05:13:00.407546 47426479175488 run_miniworld.py:267] iteration: 131
 frame: 3275000
 eval_episode_return:  0.00
 train_episode_return:  0.00
 train_exploration_epsilon: 0.100
 train_frame_rate:  162
I1017 05:13:04.279449 47426479175488 run_miniworld.py:243] Data collection iteration 132.
I1017 05:15:38.583160 47426479175488 run_miniworld.py:250] Evaluation iteration 132.
I1017 05:15:48.286168 47426479175488 run_miniworld.py:267] iteration: 132
 frame: 3300000
 eval_episode_return:  0.00
 train_episode_return:  0.00
 train_exploration_epsilon: 0.100
 train_frame_rate:  162
I1017 05:15:51.168683 47426479175488 run_miniworld.py:243] Data collection iteration 133.
I1017 05:18:25.092222 47426479175488 run_miniworld.py:250] Evaluation iteration 133.
I1017 05:18:34.988024 47426479175488 run_miniworld.py:267] iteration: 133
 frame: 3325000
 eval_episode_return:  0.00
 train_episode_return:  0.00
 train_exploration_epsilon: 0.100
 train_frame_rate:  162
I1017 05:18:37.879815 47426479175488 run_miniworld.py:243] Data collection iteration 134.
I1017 05:21:10.763951 47426479175488 run_miniworld.py:250] Evaluation iteration 134.
I1017 05:21:20.674533 47426479175488 run_miniworld.py:267] iteration: 134
 frame: 3350000
 eval_episode_return:  0.00
 train_episode_return:  0.00
 train_exploration_epsilon: 0.100
 train_frame_rate:  164
I1017 05:21:24.669583 47426479175488 run_miniworld.py:243] Data collection iteration 135.
I1017 05:23:58.862194 47426479175488 run_miniworld.py:250] Evaluation iteration 135.
I1017 05:24:08.676576 47426479175488 run_miniworld.py:267] iteration: 135
 frame: 3375000
 eval_episode_return:  0.00
 train_episode_return:  0.00
 train_exploration_epsilon: 0.100
 train_frame_rate:  162
I1017 05:24:11.478044 47426479175488 run_miniworld.py:243] Data collection iteration 136.
I1017 05:26:44.851635 47426479175488 run_miniworld.py:250] Evaluation iteration 136.
I1017 05:26:54.616422 47426479175488 run_miniworld.py:267] iteration: 136
 frame: 3400000
 eval_episode_return:  0.00
 train_episode_return:  0.00
 train_exploration_epsilon: 0.100
 train_frame_rate:  163
I1017 05:26:58.591330 47426479175488 run_miniworld.py:243] Data collection iteration 137.
I1017 05:29:32.638687 47426479175488 run_miniworld.py:250] Evaluation iteration 137.
I1017 05:29:42.560690 47426479175488 run_miniworld.py:267] iteration: 137
 frame: 3425000
 eval_episode_return:  0.00
 train_episode_return:  0.00
 train_exploration_epsilon: 0.100
 train_frame_rate:  162
I1017 05:29:45.487905 47426479175488 run_miniworld.py:243] Data collection iteration 138.
I1017 05:32:19.512062 47426479175488 run_miniworld.py:250] Evaluation iteration 138.
I1017 05:32:29.456641 47426479175488 run_miniworld.py:267] iteration: 138
 frame: 3450000
 eval_episode_return:  0.00
 train_episode_return:  0.00
 train_exploration_epsilon: 0.100
 train_frame_rate:  162
I1017 05:32:32.352070 47426479175488 run_miniworld.py:243] Data collection iteration 139.
I1017 05:35:05.878916 47426479175488 run_miniworld.py:250] Evaluation iteration 139.
I1017 05:35:15.724095 47426479175488 run_miniworld.py:267] iteration: 139
 frame: 3475000
 eval_episode_return:  0.00
 train_episode_return:  0.00
 train_exploration_epsilon: 0.100
 train_frame_rate:  163
I1017 05:35:19.683811 47426479175488 run_miniworld.py:243] Data collection iteration 140.
I1017 05:37:54.382508 47426479175488 run_miniworld.py:250] Evaluation iteration 140.
I1017 05:38:04.421767 47426479175488 run_miniworld.py:267] iteration: 140
 frame: 3500000
 eval_episode_return:  0.00
 train_episode_return:  0.00
 train_exploration_epsilon: 0.100
 train_frame_rate:  162
I1017 05:38:07.230919 47426479175488 run_miniworld.py:243] Data collection iteration 141.
I1017 05:40:41.002692 47426479175488 run_miniworld.py:250] Evaluation iteration 141.
I1017 05:40:50.917248 47426479175488 run_miniworld.py:267] iteration: 141
 frame: 3525000
 eval_episode_return:  0.00
 train_episode_return:  0.00
 train_exploration_epsilon: 0.100
 train_frame_rate:  163
I1017 05:40:54.762131 47426479175488 run_miniworld.py:243] Data collection iteration 142.
I1017 05:43:29.312021 47426479175488 run_miniworld.py:250] Evaluation iteration 142.
I1017 05:43:39.444635 47426479175488 run_miniworld.py:267] iteration: 142
 frame: 3550000
 eval_episode_return:  0.00
 train_episode_return:  0.00
 train_exploration_epsilon: 0.100
 train_frame_rate:  162
I1017 05:43:42.326606 47426479175488 run_miniworld.py:243] Data collection iteration 143.
I1017 05:46:15.909708 47426479175488 run_miniworld.py:250] Evaluation iteration 143.
I1017 05:46:25.529123 47426479175488 run_miniworld.py:267] iteration: 143
 frame: 3575000
 eval_episode_return:  0.00
 train_episode_return:  0.00
 train_exploration_epsilon: 0.100
 train_frame_rate:  163
I1017 05:46:28.427803 47426479175488 run_miniworld.py:243] Data collection iteration 144.
I1017 05:49:01.477410 47426479175488 run_miniworld.py:250] Evaluation iteration 144.
I1017 05:49:11.336277 47426479175488 run_miniworld.py:267] iteration: 144
 frame: 3600000
 eval_episode_return:  0.00
 train_episode_return:  0.00
 train_exploration_epsilon: 0.100
 train_frame_rate:  163
I1017 05:49:15.394450 47426479175488 run_miniworld.py:243] Data collection iteration 145.
I1017 05:51:48.989936 47426479175488 run_miniworld.py:250] Evaluation iteration 145.
I1017 05:51:58.907261 47426479175488 run_miniworld.py:267] iteration: 145
 frame: 3625000
 eval_episode_return:  0.00
 train_episode_return:  0.00
 train_exploration_epsilon: 0.100
 train_frame_rate:  163
I1017 05:52:01.844529 47426479175488 run_miniworld.py:243] Data collection iteration 146.
I1017 05:54:34.407496 47426479175488 run_miniworld.py:250] Evaluation iteration 146.
I1017 05:54:44.313483 47426479175488 run_miniworld.py:267] iteration: 146
 frame: 3650000
 eval_episode_return:  0.00
 train_episode_return:  0.00
 train_exploration_epsilon: 0.100
 train_frame_rate:  164
I1017 05:54:48.215398 47426479175488 run_miniworld.py:243] Data collection iteration 147.
I1017 05:57:22.583497 47426479175488 run_miniworld.py:250] Evaluation iteration 147.
I1017 05:57:32.516940 47426479175488 run_miniworld.py:267] iteration: 147
 frame: 3675000
 eval_episode_return:  0.00
 train_episode_return:  0.00
 train_exploration_epsilon: 0.100
 train_frame_rate:  162
I1017 05:57:35.349161 47426479175488 run_miniworld.py:243] Data collection iteration 148.
I1017 06:00:09.427267 47426479175488 run_miniworld.py:250] Evaluation iteration 148.
I1017 06:00:19.312525 47426479175488 run_miniworld.py:267] iteration: 148
 frame: 3700000
 eval_episode_return:  0.00
 train_episode_return:  0.00
 train_exploration_epsilon: 0.100
 train_frame_rate:  162
I1017 06:00:22.172309 47426479175488 run_miniworld.py:243] Data collection iteration 149.
I1017 06:02:54.894399 47426479175488 run_miniworld.py:250] Evaluation iteration 149.
I1017 06:03:04.678082 47426479175488 run_miniworld.py:267] iteration: 149
 frame: 3725000
 eval_episode_return:  0.00
 train_episode_return:  0.00
 train_exploration_epsilon: 0.100
 train_frame_rate:  164
I1017 06:03:08.779401 47426479175488 run_miniworld.py:243] Data collection iteration 150.
I1017 06:05:42.563762 47426479175488 run_miniworld.py:250] Evaluation iteration 150.
I1017 06:05:52.249392 47426479175488 run_miniworld.py:267] iteration: 150
 frame: 3750000
 eval_episode_return:  0.00
 train_episode_return:  0.00
 train_exploration_epsilon: 0.100
 train_frame_rate:  163
I1017 06:05:55.097934 47426479175488 run_miniworld.py:243] Data collection iteration 151.
I1017 06:08:28.638908 47426479175488 run_miniworld.py:250] Evaluation iteration 151.
I1017 06:08:38.346712 47426479175488 run_miniworld.py:267] iteration: 151
 frame: 3775000
 eval_episode_return:  0.00
 train_episode_return:  0.00
 train_exploration_epsilon: 0.100
 train_frame_rate:  163
I1017 06:08:42.571178 47426479175488 run_miniworld.py:243] Data collection iteration 152.
I1017 06:11:16.943301 47426479175488 run_miniworld.py:250] Evaluation iteration 152.
I1017 06:11:26.886965 47426479175488 run_miniworld.py:267] iteration: 152
 frame: 3800000
 eval_episode_return:  0.00
 train_episode_return:  0.00
 train_exploration_epsilon: 0.100
 train_frame_rate:  162
I1017 06:11:29.699053 47426479175488 run_miniworld.py:243] Data collection iteration 153.
I1017 06:14:03.624164 47426479175488 run_miniworld.py:250] Evaluation iteration 153.
I1017 06:14:13.631538 47426479175488 run_miniworld.py:267] iteration: 153
 frame: 3825000
 eval_episode_return:  0.00
 train_episode_return:  0.00
 train_exploration_epsilon: 0.100
 train_frame_rate:  162
I1017 06:14:16.399648 47426479175488 run_miniworld.py:243] Data collection iteration 154.
I1017 06:16:49.657413 47426479175488 run_miniworld.py:250] Evaluation iteration 154.
I1017 06:16:59.416810 47426479175488 run_miniworld.py:267] iteration: 154
 frame: 3850000
 eval_episode_return:  0.00
 train_episode_return:  0.00
 train_exploration_epsilon: 0.100
 train_frame_rate:  163
I1017 06:17:03.336384 47426479175488 run_miniworld.py:243] Data collection iteration 155.
I1017 06:19:37.361838 47426479175488 run_miniworld.py:250] Evaluation iteration 155.
I1017 06:19:47.230469 47426479175488 run_miniworld.py:267] iteration: 155
 frame: 3875000
 eval_episode_return:  0.00
 train_episode_return:  0.00
 train_exploration_epsilon: 0.100
 train_frame_rate:  162
I1017 06:19:50.044976 47426479175488 run_miniworld.py:243] Data collection iteration 156.
I1017 06:22:23.651102 47426479175488 run_miniworld.py:250] Evaluation iteration 156.
I1017 06:22:33.641687 47426479175488 run_miniworld.py:267] iteration: 156
 frame: 3900000
 eval_episode_return:  0.00
 train_episode_return:  0.00
 train_exploration_epsilon: 0.100
 train_frame_rate:  163
I1017 06:22:37.494480 47426479175488 run_miniworld.py:243] Data collection iteration 157.
I1017 06:25:11.475370 47426479175488 run_miniworld.py:250] Evaluation iteration 157.
I1017 06:25:21.102167 47426479175488 run_miniworld.py:267] iteration: 157
 frame: 3925000
 eval_episode_return:  0.00
 train_episode_return:  0.00
 train_exploration_epsilon: 0.100
 train_frame_rate:  162
I1017 06:25:23.943152 47426479175488 run_miniworld.py:243] Data collection iteration 158.
I1017 06:27:57.952455 47426479175488 run_miniworld.py:250] Evaluation iteration 158.
I1017 06:28:07.752337 47426479175488 run_miniworld.py:267] iteration: 158
 frame: 3950000
 eval_episode_return:  0.00
 train_episode_return:  0.00
 train_exploration_epsilon: 0.100
 train_frame_rate:  162
I1017 06:28:10.586944 47426479175488 run_miniworld.py:243] Data collection iteration 159.
I1017 06:30:43.413398 47426479175488 run_miniworld.py:250] Evaluation iteration 159.
I1017 06:30:53.245733 47426479175488 run_miniworld.py:267] iteration: 159
 frame: 3975000
 eval_episode_return:  0.00
 train_episode_return:  0.00
 train_exploration_epsilon: 0.100
 train_frame_rate:  164
I1017 06:30:57.227795 47426479175488 run_miniworld.py:243] Data collection iteration 160.
I1017 06:33:31.019242 47426479175488 run_miniworld.py:250] Evaluation iteration 160.
I1017 06:33:40.926113 47426479175488 run_miniworld.py:267] iteration: 160
 frame: 4000000
 eval_episode_return:  0.00
 train_episode_return:  0.00
 train_exploration_epsilon: 0.100
 train_frame_rate:  163
I1017 06:33:43.767036 47426479175488 run_miniworld.py:243] Data collection iteration 161.
I1017 06:36:17.738639 47426479175488 run_miniworld.py:250] Evaluation iteration 161.
I1017 06:36:27.694975 47426479175488 run_miniworld.py:267] iteration: 161
 frame: 4025000
 eval_episode_return:  0.00
 train_episode_return:  0.00
 train_exploration_epsilon: 0.100
 train_frame_rate:  162
I1017 06:36:31.557137 47426479175488 run_miniworld.py:243] Data collection iteration 162.
I1017 06:39:05.909714 47426479175488 run_miniworld.py:250] Evaluation iteration 162.
I1017 06:39:15.909470 47426479175488 run_miniworld.py:267] iteration: 162
 frame: 4050000
 eval_episode_return:  0.00
 train_episode_return:  0.00
 train_exploration_epsilon: 0.100
 train_frame_rate:  162
I1017 06:39:18.716386 47426479175488 run_miniworld.py:243] Data collection iteration 163.
I1017 06:41:52.549294 47426479175488 run_miniworld.py:250] Evaluation iteration 163.
I1017 06:42:02.468374 47426479175488 run_miniworld.py:267] iteration: 163
 frame: 4075000
 eval_episode_return:  0.00
 train_episode_return:  0.00
 train_exploration_epsilon: 0.100
 train_frame_rate:  163
I1017 06:42:05.300685 47426479175488 run_miniworld.py:243] Data collection iteration 164.
I1017 06:44:39.290899 47426479175488 run_miniworld.py:250] Evaluation iteration 164.
I1017 06:44:49.272185 47426479175488 run_miniworld.py:267] iteration: 164
 frame: 4100000
 eval_episode_return:  0.00
 train_episode_return:  0.00
 train_exploration_epsilon: 0.100
 train_frame_rate:  162
I1017 06:44:53.243506 47426479175488 run_miniworld.py:243] Data collection iteration 165.
I1017 06:49:34.524970 47426479175488 run_miniworld.py:250] Evaluation iteration 165.
I1017 06:49:44.369537 47426479175488 run_miniworld.py:267] iteration: 165
 frame: 4125000
 eval_episode_return:  0.00
 train_episode_return:  0.00
 train_exploration_epsilon: 0.100
 train_frame_rate:   89
I1017 06:49:47.309925 47426479175488 run_miniworld.py:243] Data collection iteration 166.
I1017 06:52:20.440416 47426479175488 run_miniworld.py:250] Evaluation iteration 166.
I1017 06:52:30.299125 47426479175488 run_miniworld.py:267] iteration: 166
 frame: 4150000
 eval_episode_return:  0.00
 train_episode_return:  0.00
 train_exploration_epsilon: 0.100
 train_frame_rate:  163
I1017 06:52:34.112944 47426479175488 run_miniworld.py:243] Data collection iteration 167.
I1017 06:55:08.240054 47426479175488 run_miniworld.py:250] Evaluation iteration 167.
I1017 06:55:18.260143 47426479175488 run_miniworld.py:267] iteration: 167
 frame: 4175000
 eval_episode_return:  0.00
 train_episode_return:  0.00
 train_exploration_epsilon: 0.100
 train_frame_rate:  162
I1017 06:55:21.100411 47426479175488 run_miniworld.py:243] Data collection iteration 168.
I1017 06:57:54.799327 47426479175488 run_miniworld.py:250] Evaluation iteration 168.
I1017 06:58:04.586966 47426479175488 run_miniworld.py:267] iteration: 168
 frame: 4200000
 eval_episode_return:  0.00
 train_episode_return:  0.00
 train_exploration_epsilon: 0.100
 train_frame_rate:  163
I1017 06:58:07.486593 47426479175488 run_miniworld.py:243] Data collection iteration 169.
I1017 07:00:40.213132 47426479175488 run_miniworld.py:250] Evaluation iteration 169.
I1017 07:00:50.084747 47426479175488 run_miniworld.py:267] iteration: 169
 frame: 4225000
 eval_episode_return:  0.00
 train_episode_return:  0.00
 train_exploration_epsilon: 0.100
 train_frame_rate:  164
I1017 07:00:53.972268 47426479175488 run_miniworld.py:243] Data collection iteration 170.
I1017 07:03:27.901127 47426479175488 run_miniworld.py:250] Evaluation iteration 170.
I1017 07:03:37.808641 47426479175488 run_miniworld.py:267] iteration: 170
 frame: 4250000
 eval_episode_return:  0.00
 train_episode_return:  0.00
 train_exploration_epsilon: 0.100
 train_frame_rate:  162
I1017 07:03:40.685626 47426479175488 run_miniworld.py:243] Data collection iteration 171.
I1017 07:06:13.517920 47426479175488 run_miniworld.py:250] Evaluation iteration 171.
I1017 07:06:23.348779 47426479175488 run_miniworld.py:267] iteration: 171
 frame: 4275000
 eval_episode_return:  0.00
 train_episode_return:  0.00
 train_exploration_epsilon: 0.100
 train_frame_rate:  164
I1017 07:06:27.204371 47426479175488 run_miniworld.py:243] Data collection iteration 172.
I1017 07:09:01.970425 47426479175488 run_miniworld.py:250] Evaluation iteration 172.
I1017 07:09:12.071644 47426479175488 run_miniworld.py:267] iteration: 172
 frame: 4300000
 eval_episode_return:  0.00
 train_episode_return:  0.00
 train_exploration_epsilon: 0.100
 train_frame_rate:  162
I1017 07:09:14.864023 47426479175488 run_miniworld.py:243] Data collection iteration 173.
I1017 07:11:48.117251 47426479175488 run_miniworld.py:250] Evaluation iteration 173.
I1017 07:11:58.084529 47426479175488 run_miniworld.py:267] iteration: 173
 frame: 4325000
 eval_episode_return:  0.00
 train_episode_return:  0.00
 train_exploration_epsilon: 0.100
 train_frame_rate:  163
I1017 07:12:00.919212 47426479175488 run_miniworld.py:243] Data collection iteration 174.
I1017 07:14:35.803641 47426479175488 run_miniworld.py:250] Evaluation iteration 174.
I1017 07:14:45.723620 47426479175488 run_miniworld.py:267] iteration: 174
 frame: 4350000
 eval_episode_return:  0.00
 train_episode_return:  0.00
 train_exploration_epsilon: 0.100
 train_frame_rate:  161
I1017 07:14:48.544040 47426479175488 run_miniworld.py:243] Data collection iteration 175.
I1017 07:17:22.020163 47426479175488 run_miniworld.py:250] Evaluation iteration 175.
I1017 07:17:31.902416 47426479175488 run_miniworld.py:267] iteration: 175
 frame: 4375000
 eval_episode_return:  0.00
 train_episode_return:  0.00
 train_exploration_epsilon: 0.100
 train_frame_rate:  163
I1017 07:17:34.740605 47426479175488 run_miniworld.py:243] Data collection iteration 176.
I1017 07:20:07.691873 47426479175488 run_miniworld.py:250] Evaluation iteration 176.
I1017 07:20:17.549795 47426479175488 run_miniworld.py:267] iteration: 176
 frame: 4400000
 eval_episode_return:  0.00
 train_episode_return:  0.00
 train_exploration_epsilon: 0.100
 train_frame_rate:  163
I1017 07:20:21.421739 47426479175488 run_miniworld.py:243] Data collection iteration 177.
I1017 07:22:54.580585 47426479175488 run_miniworld.py:250] Evaluation iteration 177.
I1017 07:23:04.537892 47426479175488 run_miniworld.py:267] iteration: 177
 frame: 4425000
 eval_episode_return:  0.00
 train_episode_return:  0.00
 train_exploration_epsilon: 0.100
 train_frame_rate:  163
I1017 07:23:07.339679 47426479175488 run_miniworld.py:243] Data collection iteration 178.
I1017 07:25:39.805860 47426479175488 run_miniworld.py:250] Evaluation iteration 178.
I1017 07:25:49.725976 47426479175488 run_miniworld.py:267] iteration: 178
 frame: 4450000
 eval_episode_return:  0.00
 train_episode_return:  0.00
 train_exploration_epsilon: 0.100
 train_frame_rate:  164
I1017 07:25:52.507964 47426479175488 run_miniworld.py:243] Data collection iteration 179.
I1017 07:28:26.482046 47426479175488 run_miniworld.py:250] Evaluation iteration 179.
I1017 07:28:36.364468 47426479175488 run_miniworld.py:267] iteration: 179
 frame: 4475000
 eval_episode_return:  0.00
 train_episode_return:  0.00
 train_exploration_epsilon: 0.100
 train_frame_rate:  162
I1017 07:28:39.238607 47426479175488 run_miniworld.py:243] Data collection iteration 180.
I1017 07:31:10.993268 47426479175488 run_miniworld.py:250] Evaluation iteration 180.
I1017 07:31:20.944532 47426479175488 run_miniworld.py:267] iteration: 180
 frame: 4500000
 eval_episode_return:  0.00
 train_episode_return:  0.00
 train_exploration_epsilon: 0.100
 train_frame_rate:  165
I1017 07:31:23.767414 47426479175488 run_miniworld.py:243] Data collection iteration 181.
I1017 07:33:54.557408 47426479175488 run_miniworld.py:250] Evaluation iteration 181.
I1017 07:34:04.256346 47426479175488 run_miniworld.py:267] iteration: 181
 frame: 4525000
 eval_episode_return:  0.00
 train_episode_return:  0.00
 train_exploration_epsilon: 0.100
 train_frame_rate:  166
I1017 07:34:08.103375 47426479175488 run_miniworld.py:243] Data collection iteration 182.
I1017 07:36:38.679543 47426479175488 run_miniworld.py:250] Evaluation iteration 182.
I1017 07:36:48.537703 47426479175488 run_miniworld.py:267] iteration: 182
 frame: 4550000
 eval_episode_return:  0.00
 train_episode_return:  0.00
 train_exploration_epsilon: 0.100
 train_frame_rate:  166
I1017 07:36:51.328487 47426479175488 run_miniworld.py:243] Data collection iteration 183.
I1017 07:39:21.680529 47426479175488 run_miniworld.py:250] Evaluation iteration 183.
I1017 07:39:31.253393 47426479175488 run_miniworld.py:267] iteration: 183
 frame: 4575000
 eval_episode_return:  0.00
 train_episode_return:  0.00
 train_exploration_epsilon: 0.100
 train_frame_rate:  166
I1017 07:39:35.913438 47426479175488 run_miniworld.py:243] Data collection iteration 184.
I1017 07:42:07.421423 47426479175488 run_miniworld.py:250] Evaluation iteration 184.
I1017 07:42:17.408506 47426479175488 run_miniworld.py:267] iteration: 184
 frame: 4600000
 eval_episode_return:  0.00
 train_episode_return:  0.00
 train_exploration_epsilon: 0.100
 train_frame_rate:  165
I1017 07:42:20.354076 47426479175488 run_miniworld.py:243] Data collection iteration 185.
I1017 07:44:50.703690 47426479175488 run_miniworld.py:250] Evaluation iteration 185.
I1017 07:45:00.392147 47426479175488 run_miniworld.py:267] iteration: 185
 frame: 4625000
 eval_episode_return:  0.00
 train_episode_return:  0.00
 train_exploration_epsilon: 0.100
 train_frame_rate:  166
I1017 07:45:03.396315 47426479175488 run_miniworld.py:243] Data collection iteration 186.
I1017 07:47:32.541289 47426479175488 run_miniworld.py:250] Evaluation iteration 186.
I1017 07:47:42.303402 47426479175488 run_miniworld.py:267] iteration: 186
 frame: 4650000
 eval_episode_return:  0.00
 train_episode_return:  0.00
 train_exploration_epsilon: 0.100
 train_frame_rate:  168
I1017 07:47:46.849196 47426479175488 run_miniworld.py:243] Data collection iteration 187.
I1017 07:50:15.335069 47426479175488 run_miniworld.py:250] Evaluation iteration 187.
I1017 07:50:24.973708 47426479175488 run_miniworld.py:267] iteration: 187
 frame: 4675000
 eval_episode_return:  0.00
 train_episode_return:  0.00
 train_exploration_epsilon: 0.100
 train_frame_rate:  168
I1017 07:50:27.880495 47426479175488 run_miniworld.py:243] Data collection iteration 188.
I1017 07:52:57.030902 47426479175488 run_miniworld.py:250] Evaluation iteration 188.
I1017 07:53:06.927121 47426479175488 run_miniworld.py:267] iteration: 188
 frame: 4700000
 eval_episode_return:  0.00
 train_episode_return:  0.00
 train_exploration_epsilon: 0.100
 train_frame_rate:  168
I1017 07:53:10.862022 47426479175488 run_miniworld.py:243] Data collection iteration 189.
I1017 07:55:40.249918 47426479175488 run_miniworld.py:250] Evaluation iteration 189.
I1017 07:55:49.943858 47426479175488 run_miniworld.py:267] iteration: 189
 frame: 4725000
 eval_episode_return:  0.00
 train_episode_return:  0.00
 train_exploration_epsilon: 0.100
 train_frame_rate:  167
I1017 07:55:52.928760 47426479175488 run_miniworld.py:243] Data collection iteration 190.
I1017 07:58:22.242794 47426479175488 run_miniworld.py:250] Evaluation iteration 190.
I1017 07:58:31.977090 47426479175488 run_miniworld.py:267] iteration: 190
 frame: 4750000
 eval_episode_return:  0.00
 train_episode_return:  0.00
 train_exploration_epsilon: 0.100
 train_frame_rate:  167
I1017 07:58:34.822071 47426479175488 run_miniworld.py:243] Data collection iteration 191.
I1017 08:01:02.802300 47426479175488 run_miniworld.py:250] Evaluation iteration 191.
I1017 08:01:12.619467 47426479175488 run_miniworld.py:267] iteration: 191
 frame: 4775000
 eval_episode_return:  0.00
 train_episode_return:  0.00
 train_exploration_epsilon: 0.100
 train_frame_rate:  169
I1017 08:01:16.467641 47426479175488 run_miniworld.py:243] Data collection iteration 192.
I1017 08:03:44.014875 47426479175488 run_miniworld.py:250] Evaluation iteration 192.
I1017 08:03:53.712340 47426479175488 run_miniworld.py:267] iteration: 192
 frame: 4800000
 eval_episode_return:  0.00
 train_episode_return:  0.00
 train_exploration_epsilon: 0.100
 train_frame_rate:  169
I1017 08:03:56.577226 47426479175488 run_miniworld.py:243] Data collection iteration 193.
I1017 08:06:23.662922 47426479175488 run_miniworld.py:250] Evaluation iteration 193.
I1017 08:06:33.354997 47426479175488 run_miniworld.py:267] iteration: 193
 frame: 4825000
 eval_episode_return:  0.00
 train_episode_return:  0.00
 train_exploration_epsilon: 0.100
 train_frame_rate:  170
I1017 08:06:37.237339 47426479175488 run_miniworld.py:243] Data collection iteration 194.
I1017 08:09:05.970198 47426479175488 run_miniworld.py:250] Evaluation iteration 194.
I1017 08:09:15.618689 47426479175488 run_miniworld.py:267] iteration: 194
 frame: 4850000
 eval_episode_return:  0.00
 train_episode_return:  0.00
 train_exploration_epsilon: 0.100
 train_frame_rate:  168
I1017 08:09:18.443121 47426479175488 run_miniworld.py:243] Data collection iteration 195.
I1017 08:11:45.158511 47426479175488 run_miniworld.py:250] Evaluation iteration 195.
I1017 08:11:54.837358 47426479175488 run_miniworld.py:267] iteration: 195
 frame: 4875000
 eval_episode_return:  0.00
 train_episode_return:  0.00
 train_exploration_epsilon: 0.100
 train_frame_rate:  170
I1017 08:11:57.685438 47426479175488 run_miniworld.py:243] Data collection iteration 196.
I1017 08:14:24.096555 47426479175488 run_miniworld.py:250] Evaluation iteration 196.
I1017 08:14:33.683905 47426479175488 run_miniworld.py:267] iteration: 196
 frame: 4900000
 eval_episode_return:  0.00
 train_episode_return:  0.00
 train_exploration_epsilon: 0.100
 train_frame_rate:  171
I1017 08:14:37.649748 47426479175488 run_miniworld.py:243] Data collection iteration 197.
I1017 08:17:04.496484 47426479175488 run_miniworld.py:250] Evaluation iteration 197.
I1017 08:17:14.415307 47426479175488 run_miniworld.py:267] iteration: 197
 frame: 4925000
 eval_episode_return:  0.00
 train_episode_return:  0.00
 train_exploration_epsilon: 0.100
 train_frame_rate:  170
I1017 08:17:17.188916 47426479175488 run_miniworld.py:243] Data collection iteration 198.
I1017 08:19:43.668843 47426479175488 run_miniworld.py:250] Evaluation iteration 198.
I1017 08:19:53.551073 47426479175488 run_miniworld.py:267] iteration: 198
 frame: 4950000
 eval_episode_return:  0.00
 train_episode_return:  0.00
 train_exploration_epsilon: 0.100
 train_frame_rate:  171
I1017 08:19:57.404767 47426479175488 run_miniworld.py:243] Data collection iteration 199.
I1017 08:22:24.160151 47426479175488 run_miniworld.py:250] Evaluation iteration 199.
I1017 08:22:33.966412 47426479175488 run_miniworld.py:267] iteration: 199
 frame: 4975000
 eval_episode_return:  0.00
 train_episode_return:  0.00
 train_exploration_epsilon: 0.100
 train_frame_rate:  170
I1017 08:22:36.795897 47426479175488 run_miniworld.py:243] Data collection iteration 200.
I1017 08:25:02.655654 47426479175488 run_miniworld.py:250] Evaluation iteration 200.
I1017 08:25:12.293878 47426479175488 run_miniworld.py:267] iteration: 200
 frame: 5000000
 eval_episode_return:  0.00
 train_episode_return:  0.00
 train_exploration_epsilon: 0.100
 train_frame_rate:  171
Falling back to num_samples=1
Falling back to num_samples=1
Falling back to num_samples=1
Falling back to num_samples=1
Falling back to num_samples=1
Falling back to num_samples=1
Falling back to num_samples=1
Falling back to num_samples=1
Falling back to num_samples=1
Falling back to num_samples=1
Falling back to num_samples=1
Falling back to num_samples=1
Falling back to num_samples=1
Falling back to num_samples=1
Falling back to num_samples=1
Falling back to num_samples=1
Falling back to num_samples=1
Falling back to num_samples=1
Falling back to num_samples=1
Falling back to num_samples=1
Falling back to num_samples=1
Falling back to num_samples=1
Falling back to num_samples=1
Falling back to num_samples=1
Falling back to num_samples=1
Falling back to num_samples=1
Falling back to num_samples=1
Falling back to num_samples=1
Falling back to num_samples=1
Falling back to num_samples=1
Falling back to num_samples=1
Falling back to num_samples=1
Falling back to num_samples=1
Falling back to num_samples=1
Falling back to num_samples=1
Falling back to num_samples=1
Falling back to num_samples=1
Falling back to num_samples=1
Falling back to num_samples=1
Falling back to num_samples=1
Falling back to num_samples=1
Falling back to num_samples=1
Falling back to num_samples=1
Falling back to num_samples=1
Falling back to num_samples=1
Falling back to num_samples=1
Falling back to num_samples=1
Falling back to num_samples=1
Falling back to num_samples=1
Falling back to num_samples=1
Falling back to num_samples=1
Falling back to num_samples=1
Falling back to num_samples=1
Falling back to num_samples=1
Falling back to num_samples=1
Falling back to num_samples=1
Falling back to num_samples=1
Falling back to num_samples=1
Falling back to num_samples=1
Falling back to num_samples=1
Falling back to num_samples=1
Falling back to num_samples=1
Falling back to num_samples=1
Falling back to num_samples=1
Falling back to num_samples=1
Falling back to num_samples=1
Falling back to num_samples=1
Falling back to num_samples=1
Falling back to num_samples=1
Falling back to num_samples=1
Falling back to num_samples=1
Falling back to num_samples=1
Falling back to num_samples=1
Falling back to num_samples=1
Falling back to num_samples=1
Falling back to num_samples=1
Falling back to num_samples=1
Falling back to num_samples=1
Falling back to num_samples=1
Falling back to num_samples=1
Falling back to num_samples=1
Falling back to num_samples=1
Falling back to num_samples=1
Falling back to num_samples=1
Falling back to num_samples=1
Falling back to num_samples=1
Falling back to num_samples=1
Falling back to num_samples=1
Falling back to num_samples=1
Falling back to num_samples=1
Falling back to num_samples=1
Falling back to num_samples=1
Falling back to num_samples=1
Falling back to num_samples=1
Falling back to num_samples=1
Falling back to num_samples=1
Falling back to num_samples=1
Falling back to num_samples=1
Falling back to num_samples=1
Falling back to num_samples=1
Falling back to num_samples=1
Falling back to num_samples=1
Falling back to num_samples=1
Falling back to num_samples=1
Falling back to num_samples=1
Falling back to num_samples=1
Falling back to num_samples=1
Falling back to num_samples=1
Falling back to num_samples=1
Falling back to num_samples=1
Falling back to num_samples=1
Falling back to num_samples=1
Falling back to num_samples=1
Falling back to num_samples=1
Falling back to num_samples=1
Falling back to num_samples=1
Falling back to num_samples=1
Falling back to num_samples=1
Falling back to num_samples=1
Falling back to num_samples=1
Falling back to num_samples=1
Falling back to num_samples=1
Falling back to num_samples=1
Falling back to num_samples=1
Falling back to num_samples=1
Falling back to num_samples=1
Falling back to num_samples=1
Falling back to num_samples=1
Falling back to num_samples=1
Falling back to num_samples=1
Falling back to num_samples=1
Falling back to num_samples=1
Falling back to num_samples=1
Falling back to num_samples=1
Falling back to num_samples=1
Falling back to num_samples=1
Falling back to num_samples=1
Falling back to num_samples=1
Falling back to num_samples=1
Falling back to num_samples=1
Falling back to num_samples=1
Falling back to num_samples=1
Falling back to num_samples=1
Falling back to num_samples=1
Falling back to num_samples=1
Falling back to num_samples=1
Falling back to num_samples=1
Falling back to num_samples=1
Falling back to num_samples=1
Falling back to num_samples=1
Falling back to num_samples=1
Falling back to num_samples=1
Falling back to num_samples=1
Falling back to num_samples=1
Falling back to num_samples=1
Falling back to num_samples=1
Falling back to num_samples=1
Falling back to num_samples=1
Falling back to num_samples=1
Falling back to num_samples=1
Falling back to num_samples=1
Falling back to num_samples=1
Falling back to num_samples=1
Falling back to num_samples=1
Falling back to num_samples=1
Falling back to num_samples=1
Falling back to num_samples=1
Falling back to num_samples=1
Falling back to num_samples=1
Falling back to num_samples=1
Falling back to num_samples=1
Falling back to num_samples=1
Falling back to num_samples=1
Falling back to num_samples=1
Falling back to num_samples=1
Falling back to num_samples=1
Falling back to num_samples=1
Falling back to num_samples=1
Falling back to num_samples=1
Falling back to num_samples=1
Falling back to num_samples=1
Falling back to num_samples=1
Falling back to num_samples=1
Falling back to num_samples=1
Falling back to num_samples=1
Falling back to num_samples=1
Falling back to num_samples=1
Falling back to num_samples=1
Falling back to num_samples=1
Falling back to num_samples=1
Falling back to num_samples=1
Falling back to num_samples=1
Falling back to num_samples=1
Falling back to num_samples=1
Falling back to num_samples=1
Falling back to num_samples=1
Falling back to num_samples=1
Falling back to num_samples=1
Falling back to num_samples=1
Falling back to num_samples=1
Falling back to num_samples=1
Falling back to num_samples=1
Falling back to num_samples=1
Falling back to num_samples=1
Falling back to num_samples=1
Falling back to num_samples=1
Falling back to num_samples=1
Falling back to num_samples=1
Falling back to num_samples=1
Falling back to num_samples=1
Falling back to num_samples=1
Falling back to num_samples=1
Falling back to num_samples=1
Falling back to num_samples=1
Falling back to num_samples=1
Falling back to num_samples=1
Falling back to num_samples=1
Falling back to num_samples=1
Falling back to num_samples=1
Falling back to num_samples=1
Falling back to num_samples=1
Falling back to num_samples=1
Falling back to num_samples=1
Falling back to num_samples=1
Falling back to num_samples=1
Falling back to num_samples=1
Falling back to num_samples=1
Falling back to num_samples=1
Falling back to num_samples=1
Falling back to num_samples=1
Falling back to num_samples=1
Falling back to num_samples=1
Falling back to num_samples=1
Falling back to num_samples=1
Falling back to num_samples=1
Falling back to num_samples=1
Falling back to num_samples=1
Falling back to num_samples=1
Falling back to num_samples=1
Falling back to num_samples=1
Falling back to num_samples=1
Falling back to num_samples=1
Falling back to num_samples=1
Falling back to num_samples=1
Falling back to num_samples=1
Falling back to num_samples=1
Falling back to num_samples=1
Falling back to num_samples=1
Falling back to num_samples=1
Falling back to num_samples=1
Falling back to num_samples=1
Falling back to num_samples=1
Falling back to num_samples=1
Falling back to num_samples=1
Falling back to num_samples=1
Falling back to num_samples=1
Falling back to num_samples=1
Falling back to num_samples=1
Falling back to num_samples=1
Falling back to num_samples=1
Falling back to num_samples=1
Falling back to num_samples=1
Falling back to num_samples=1
Falling back to num_samples=1
Falling back to num_samples=1
Falling back to num_samples=1
Falling back to num_samples=1
Falling back to num_samples=1
Falling back to num_samples=1
Falling back to num_samples=1
Falling back to num_samples=1
Falling back to num_samples=1
Falling back to num_samples=1
Falling back to num_samples=1
Falling back to num_samples=1
Falling back to num_samples=1
Falling back to num_samples=1
Falling back to num_samples=1
Falling back to num_samples=1
Falling back to num_samples=1
Falling back to num_samples=1
Falling back to num_samples=1
Falling back to num_samples=1
Falling back to num_samples=1
Falling back to num_samples=1
Falling back to num_samples=1
Falling back to num_samples=1
Falling back to num_samples=1
Falling back to num_samples=1
Falling back to num_samples=1
Falling back to num_samples=1
Falling back to num_samples=1
Falling back to num_samples=1
Falling back to num_samples=1
Falling back to num_samples=1
Falling back to num_samples=1
Falling back to num_samples=1
Falling back to num_samples=1
Falling back to num_samples=1
Falling back to num_samples=1
Falling back to num_samples=1
Falling back to num_samples=1
Falling back to num_samples=1
Falling back to num_samples=1
Falling back to num_samples=1
Falling back to num_samples=1
Falling back to num_samples=1
Falling back to num_samples=1
Falling back to num_samples=1
Falling back to num_samples=1
Falling back to num_samples=1
Falling back to num_samples=1
Falling back to num_samples=1
Falling back to num_samples=1
Falling back to num_samples=1
Falling back to num_samples=1
Falling back to num_samples=1
Falling back to num_samples=1
Falling back to num_samples=1
Falling back to num_samples=1
Falling back to num_samples=1
Falling back to num_samples=1
Falling back to num_samples=1
Falling back to num_samples=1
Falling back to num_samples=1
Falling back to num_samples=1
Falling back to num_samples=1
Falling back to num_samples=1
Falling back to num_samples=1
Falling back to num_samples=1
Falling back to num_samples=1
Falling back to num_samples=1
Falling back to num_samples=1
Falling back to num_samples=1
Falling back to num_samples=1
Falling back to num_samples=1
Falling back to num_samples=1
Falling back to num_samples=1
Falling back to num_samples=1
Falling back to num_samples=1
Falling back to num_samples=1
Falling back to num_samples=1
Falling back to num_samples=1
Falling back to num_samples=1
Falling back to num_samples=1
Falling back to num_samples=1
Falling back to num_samples=1
Falling back to num_samples=1
Falling back to num_samples=1
Falling back to num_samples=1
Falling back to num_samples=1
Falling back to num_samples=1
Falling back to num_samples=1
Falling back to num_samples=1
Falling back to num_samples=1
Falling back to num_samples=1
Falling back to num_samples=1
Falling back to num_samples=1
Falling back to num_samples=1
Falling back to num_samples=1
Falling back to num_samples=1
Falling back to num_samples=1
Falling back to num_samples=1
Falling back to num_samples=1
Falling back to num_samples=1
Falling back to num_samples=1
Falling back to num_samples=1
Falling back to num_samples=1
Falling back to num_samples=1
Falling back to num_samples=1
Falling back to num_samples=1
Falling back to num_samples=1
Falling back to num_samples=1
Falling back to num_samples=1
Falling back to num_samples=1
Falling back to num_samples=1
Falling back to num_samples=1
Falling back to num_samples=1
Falling back to num_samples=1
Falling back to num_samples=1
Falling back to num_samples=1
Falling back to num_samples=1
Falling back to num_samples=1
Falling back to num_samples=1
Falling back to num_samples=1
Falling back to num_samples=1
Falling back to num_samples=1
Falling back to num_samples=1
Falling back to num_samples=1
Falling back to num_samples=1
Falling back to num_samples=1
Falling back to num_samples=1
Falling back to num_samples=1
Falling back to num_samples=1
Falling back to num_samples=1
Falling back to num_samples=1
Falling back to num_samples=1
Falling back to num_samples=1
Falling back to num_samples=1
Falling back to num_samples=1
Falling back to num_samples=1
Falling back to num_samples=1
Falling back to num_samples=1
Falling back to num_samples=1
