I1019 06:03:13.994264 47613346101056 xla_bridge.py:355] Unable to initialize backend 'tpu_driver': NOT_FOUND: Unable to find driver in registry given worker: 
I1019 06:03:14.120686 47613346101056 xla_bridge.py:355] Unable to initialize backend 'rocm': NOT_FOUND: Could not find registered platform with name: "rocm". Available platform names are: Interpreter Host CUDA
I1019 06:03:14.121196 47613346101056 xla_bridge.py:355] Unable to initialize backend 'tpu': module 'jaxlib.xla_extension' has no attribute 'get_tpu_client'
I1019 06:03:14.121331 47613346101056 xla_bridge.py:355] Unable to initialize backend 'plugin': xla_extension has no attributes named get_plugin_device_client. Compile TensorFlow with //tensorflow/compiler/xla/python:enable_plugin_device set to true (defaults to false) to enable this.
I1019 06:03:14.121455 47613346101056 run_miniworld.py:102] Collecting data on MiniWorld on gpu.
I1019 06:03:19.521447 47613346101056 run_miniworld.py:138] Observation shape: (60, 80, 3)
I1019 06:03:27.710062 47613346101056 run_miniworld.py:243] Data collection iteration 0.
I1019 06:04:03.700334 47613346101056 run_miniworld.py:250] Evaluation iteration 0.
/home/mklissa/DCEO/lib/python3.8/site-packages/distrax/_src/distributions/categorical.py:96: UserWarning: Explicitly requested dtype <class 'jax.numpy.int64'> requested in astype is not available, and will be truncated to dtype int32. To enable more dtypes, set the jax_enable_x64 configuration option or the JAX_ENABLE_X64 shell environment variable. See https://github.com/google/jax#current-gotchas for more.
  return draws.astype(self._dtype)
I1019 06:04:13.229226 47613346101056 run_miniworld.py:267] iteration:   0
 frame:     0
 eval_episode_return:  0.00
 train_episode_return:  0.15
 train_exploration_epsilon: 1.000
 train_frame_rate:  695
I1019 06:04:28.591408 47613346101056 run_miniworld.py:243] Data collection iteration 1.
I1019 06:05:04.946233 47613346101056 run_miniworld.py:250] Evaluation iteration 1.
I1019 06:05:14.039235 47613346101056 run_miniworld.py:267] iteration:   1
 frame: 25000
 eval_episode_return:  0.00
 train_episode_return:  0.14
 train_exploration_epsilon: 1.000
 train_frame_rate:  688
I1019 06:05:28.265333 47613346101056 run_miniworld.py:243] Data collection iteration 2.
I1019 06:05:28.749795 47613346101056 dceo_agent.py:455] Begin learning
I1019 06:08:07.744332 47613346101056 run_miniworld.py:250] Evaluation iteration 2.
I1019 06:08:16.985986 47613346101056 run_miniworld.py:267] iteration:   2
 frame: 50000
 eval_episode_return:  0.00
 train_episode_return:  0.21
 train_exploration_epsilon: 0.955
 train_frame_rate:  157
I1019 06:08:31.546023 47613346101056 run_miniworld.py:243] Data collection iteration 3.
I1019 06:11:10.573721 47613346101056 run_miniworld.py:250] Evaluation iteration 3.
I1019 06:11:19.850962 47613346101056 run_miniworld.py:267] iteration:   3
 frame: 75000
 eval_episode_return:  0.20
 train_episode_return:  0.11
 train_exploration_epsilon: 0.910
 train_frame_rate:  157
I1019 06:11:33.809524 47613346101056 run_miniworld.py:243] Data collection iteration 4.
I1019 06:14:13.861742 47613346101056 run_miniworld.py:250] Evaluation iteration 4.
I1019 06:14:23.051793 47613346101056 run_miniworld.py:267] iteration:   4
 frame: 100000
 eval_episode_return:  0.20
 train_episode_return:  0.14
 train_exploration_epsilon: 0.865
 train_frame_rate:  156
I1019 06:14:37.058894 47613346101056 run_miniworld.py:243] Data collection iteration 5.
I1019 06:17:16.513058 47613346101056 run_miniworld.py:250] Evaluation iteration 5.
I1019 06:17:25.645550 47613346101056 run_miniworld.py:267] iteration:   5
 frame: 125000
 eval_episode_return:  0.20
 train_episode_return:  0.11
 train_exploration_epsilon: 0.820
 train_frame_rate:  157
I1019 06:17:40.262413 47613346101056 run_miniworld.py:243] Data collection iteration 6.
I1019 06:20:20.692402 47613346101056 run_miniworld.py:250] Evaluation iteration 6.
I1019 06:20:29.993452 47613346101056 run_miniworld.py:267] iteration:   6
 frame: 150000
 eval_episode_return:  0.00
 train_episode_return:  0.35
 train_exploration_epsilon: 0.775
 train_frame_rate:  156
I1019 06:20:44.096589 47613346101056 run_miniworld.py:243] Data collection iteration 7.
I1019 06:23:24.808271 47613346101056 run_miniworld.py:250] Evaluation iteration 7.
I1019 06:23:33.993399 47613346101056 run_miniworld.py:267] iteration:   7
 frame: 175000
 eval_episode_return:  0.20
 train_episode_return:  0.21
 train_exploration_epsilon: 0.730
 train_frame_rate:  156
I1019 06:23:48.118036 47613346101056 run_miniworld.py:243] Data collection iteration 8.
I1019 06:26:27.032198 47613346101056 run_miniworld.py:250] Evaluation iteration 8.
I1019 06:26:36.339946 47613346101056 run_miniworld.py:267] iteration:   8
 frame: 200000
 eval_episode_return:  0.00
 train_episode_return:  0.27
 train_exploration_epsilon: 0.685
 train_frame_rate:  157
I1019 06:26:50.370455 47613346101056 run_miniworld.py:243] Data collection iteration 9.
I1019 06:29:30.585438 47613346101056 run_miniworld.py:250] Evaluation iteration 9.
I1019 06:29:39.895998 47613346101056 run_miniworld.py:267] iteration:   9
 frame: 225000
 eval_episode_return:  0.20
 train_episode_return:  0.21
 train_exploration_epsilon: 0.640
 train_frame_rate:  156
I1019 06:29:54.367403 47613346101056 run_miniworld.py:243] Data collection iteration 10.
I1019 06:32:37.044692 47613346101056 run_miniworld.py:250] Evaluation iteration 10.
I1019 06:32:46.126967 47613346101056 run_miniworld.py:267] iteration:  10
 frame: 250000
 eval_episode_return:  0.00
 train_episode_return:  0.26
 train_exploration_epsilon: 0.595
 train_frame_rate:  154
I1019 06:33:00.554587 47613346101056 run_miniworld.py:243] Data collection iteration 11.
I1019 06:35:43.424242 47613346101056 run_miniworld.py:250] Evaluation iteration 11.
I1019 06:35:52.903840 47613346101056 run_miniworld.py:267] iteration:  11
 frame: 275000
 eval_episode_return:  0.00
 train_episode_return:  0.36
 train_exploration_epsilon: 0.550
 train_frame_rate:  153
I1019 06:36:07.170632 47613346101056 run_miniworld.py:243] Data collection iteration 12.
I1019 06:38:50.222472 47613346101056 run_miniworld.py:250] Evaluation iteration 12.
I1019 06:38:59.661453 47613346101056 run_miniworld.py:267] iteration:  12
 frame: 300000
 eval_episode_return:  0.00
 train_episode_return:  0.23
 train_exploration_epsilon: 0.505
 train_frame_rate:  153
I1019 06:39:13.323928 47613346101056 run_miniworld.py:243] Data collection iteration 13.
I1019 06:41:55.504944 47613346101056 run_miniworld.py:250] Evaluation iteration 13.
I1019 06:42:04.789881 47613346101056 run_miniworld.py:267] iteration:  13
 frame: 325000
 eval_episode_return:  0.00
 train_episode_return:  0.36
 train_exploration_epsilon: 0.460
 train_frame_rate:  154
I1019 06:42:19.407604 47613346101056 run_miniworld.py:243] Data collection iteration 14.
I1019 06:44:59.436112 47613346101056 run_miniworld.py:250] Evaluation iteration 14.
I1019 06:45:08.515353 47613346101056 run_miniworld.py:267] iteration:  14
 frame: 350000
 eval_episode_return:  0.00
 train_episode_return:  0.31
 train_exploration_epsilon: 0.415
 train_frame_rate:  156
I1019 06:45:22.850642 47613346101056 run_miniworld.py:243] Data collection iteration 15.
I1019 06:47:52.501432 47613346101056 run_miniworld.py:250] Evaluation iteration 15.
I1019 06:48:01.846060 47613346101056 run_miniworld.py:267] iteration:  15
 frame: 375000
 eval_episode_return:  0.00
 train_episode_return:  0.39
 train_exploration_epsilon: 0.370
 train_frame_rate:  167
I1019 06:48:16.746908 47613346101056 run_miniworld.py:243] Data collection iteration 16.
I1019 06:51:01.451713 47613346101056 run_miniworld.py:250] Evaluation iteration 16.
I1019 06:51:10.756667 47613346101056 run_miniworld.py:267] iteration:  16
 frame: 400000
 eval_episode_return:  0.00
 train_episode_return:  0.34
 train_exploration_epsilon: 0.325
 train_frame_rate:  152
I1019 06:51:25.515999 47613346101056 run_miniworld.py:243] Data collection iteration 17.
I1019 06:54:16.460311 47613346101056 run_miniworld.py:250] Evaluation iteration 17.
I1019 06:54:25.955859 47613346101056 run_miniworld.py:267] iteration:  17
 frame: 425000
 eval_episode_return:  0.00
 train_episode_return:  0.24
 train_exploration_epsilon: 0.280
 train_frame_rate:  146
I1019 06:54:40.449391 47613346101056 run_miniworld.py:243] Data collection iteration 18.
I1019 06:57:32.706574 47613346101056 run_miniworld.py:250] Evaluation iteration 18.
I1019 06:57:42.089904 47613346101056 run_miniworld.py:267] iteration:  18
 frame: 450000
 eval_episode_return:  0.00
 train_episode_return:  0.34
 train_exploration_epsilon: 0.235
 train_frame_rate:  145
I1019 06:57:56.543066 47613346101056 run_miniworld.py:243] Data collection iteration 19.
I1019 07:00:48.557450 47613346101056 run_miniworld.py:250] Evaluation iteration 19.
I1019 07:00:57.759900 47613346101056 run_miniworld.py:267] iteration:  19
 frame: 475000
 eval_episode_return:  0.20
 train_episode_return:  0.54
 train_exploration_epsilon: 0.190
 train_frame_rate:  145
I1019 07:01:12.324486 47613346101056 run_miniworld.py:243] Data collection iteration 20.
I1019 07:04:05.113409 47613346101056 run_miniworld.py:250] Evaluation iteration 20.
I1019 07:04:14.465182 47613346101056 run_miniworld.py:267] iteration:  20
 frame: 500000
 eval_episode_return:  0.43
 train_episode_return:  0.43
 train_exploration_epsilon: 0.145
 train_frame_rate:  145
I1019 07:04:29.427499 47613346101056 run_miniworld.py:243] Data collection iteration 21.
I1019 07:07:23.096535 47613346101056 run_miniworld.py:250] Evaluation iteration 21.
I1019 07:07:32.404664 47613346101056 run_miniworld.py:267] iteration:  21
 frame: 525000
 eval_episode_return:  0.43
 train_episode_return:  0.47
 train_exploration_epsilon: 0.100
 train_frame_rate:  144
I1019 07:07:46.876052 47613346101056 run_miniworld.py:243] Data collection iteration 22.
I1019 07:10:41.303898 47613346101056 run_miniworld.py:250] Evaluation iteration 22.
I1019 07:10:50.729995 47613346101056 run_miniworld.py:267] iteration:  22
 frame: 550000
 eval_episode_return:  0.43
 train_episode_return:  0.46
 train_exploration_epsilon: 0.100
 train_frame_rate:  143
I1019 07:11:05.421486 47613346101056 run_miniworld.py:243] Data collection iteration 23.
I1019 07:14:00.142852 47613346101056 run_miniworld.py:250] Evaluation iteration 23.
I1019 07:14:09.516039 47613346101056 run_miniworld.py:267] iteration:  23
 frame: 575000
 eval_episode_return:  0.43
 train_episode_return:  0.46
 train_exploration_epsilon: 0.100
 train_frame_rate:  143
I1019 07:14:24.074309 47613346101056 run_miniworld.py:243] Data collection iteration 24.
I1019 07:17:19.892075 47613346101056 run_miniworld.py:250] Evaluation iteration 24.
I1019 07:17:29.252449 47613346101056 run_miniworld.py:267] iteration:  24
 frame: 600000
 eval_episode_return:  0.43
 train_episode_return:  0.38
 train_exploration_epsilon: 0.100
 train_frame_rate:  142
I1019 07:17:43.760948 47613346101056 run_miniworld.py:243] Data collection iteration 25.
I1019 07:20:39.453676 47613346101056 run_miniworld.py:250] Evaluation iteration 25.
I1019 07:20:48.756498 47613346101056 run_miniworld.py:267] iteration:  25
 frame: 625000
 eval_episode_return:  0.20
 train_episode_return:  0.49
 train_exploration_epsilon: 0.100
 train_frame_rate:  142
I1019 07:21:03.196698 47613346101056 run_miniworld.py:243] Data collection iteration 26.
I1019 07:24:00.833694 47613346101056 run_miniworld.py:250] Evaluation iteration 26.
I1019 07:24:10.360877 47613346101056 run_miniworld.py:267] iteration:  26
 frame: 650000
 eval_episode_return:  0.50
 train_episode_return:  0.62
 train_exploration_epsilon: 0.100
 train_frame_rate:  141
I1019 07:24:24.610564 47613346101056 run_miniworld.py:243] Data collection iteration 27.
I1019 07:27:20.810564 47613346101056 run_miniworld.py:250] Evaluation iteration 27.
I1019 07:27:30.110299 47613346101056 run_miniworld.py:267] iteration:  27
 frame: 675000
 eval_episode_return:  0.57
 train_episode_return:  0.42
 train_exploration_epsilon: 0.100
 train_frame_rate:  142
I1019 07:27:44.344323 47613346101056 run_miniworld.py:243] Data collection iteration 28.
I1019 07:30:42.420157 47613346101056 run_miniworld.py:250] Evaluation iteration 28.
I1019 07:30:51.984080 47613346101056 run_miniworld.py:267] iteration:  28
 frame: 700000
 eval_episode_return:  0.50
 train_episode_return:  0.38
 train_exploration_epsilon: 0.100
 train_frame_rate:  140
I1019 07:31:06.648001 47613346101056 run_miniworld.py:243] Data collection iteration 29.
I1019 07:34:03.959693 47613346101056 run_miniworld.py:250] Evaluation iteration 29.
I1019 07:34:13.261044 47613346101056 run_miniworld.py:267] iteration:  29
 frame: 725000
 eval_episode_return:  0.00
 train_episode_return:  0.63
 train_exploration_epsilon: 0.100
 train_frame_rate:  141
I1019 07:34:27.890043 47613346101056 run_miniworld.py:243] Data collection iteration 30.
I1019 07:37:25.760267 47613346101056 run_miniworld.py:250] Evaluation iteration 30.
I1019 07:37:34.939254 47613346101056 run_miniworld.py:267] iteration:  30
 frame: 750000
 eval_episode_return:  0.00
 train_episode_return:  0.67
 train_exploration_epsilon: 0.100
 train_frame_rate:  141
I1019 07:37:49.641697 47613346101056 run_miniworld.py:243] Data collection iteration 31.
I1019 07:40:47.969517 47613346101056 run_miniworld.py:250] Evaluation iteration 31.
I1019 07:40:57.154528 47613346101056 run_miniworld.py:267] iteration:  31
 frame: 775000
 eval_episode_return:  0.50
 train_episode_return:  0.82
 train_exploration_epsilon: 0.100
 train_frame_rate:  140
I1019 07:41:11.946165 47613346101056 run_miniworld.py:243] Data collection iteration 32.
I1019 07:44:11.317613 47613346101056 run_miniworld.py:250] Evaluation iteration 32.
I1019 07:44:20.879107 47613346101056 run_miniworld.py:267] iteration:  32
 frame: 800000
 eval_episode_return:  0.71
 train_episode_return:  0.79
 train_exploration_epsilon: 0.100
 train_frame_rate:  139
I1019 07:44:35.890656 47613346101056 run_miniworld.py:243] Data collection iteration 33.
I1019 07:47:35.756232 47613346101056 run_miniworld.py:250] Evaluation iteration 33.
I1019 07:47:45.125474 47613346101056 run_miniworld.py:267] iteration:  33
 frame: 825000
 eval_episode_return:  0.33
 train_episode_return:  0.89
 train_exploration_epsilon: 0.100
 train_frame_rate:  139
I1019 07:48:00.020306 47613346101056 run_miniworld.py:243] Data collection iteration 34.
I1019 07:50:59.953346 47613346101056 run_miniworld.py:250] Evaluation iteration 34.
I1019 07:51:09.542684 47613346101056 run_miniworld.py:267] iteration:  34
 frame: 850000
 eval_episode_return:  0.56
 train_episode_return:  0.89
 train_exploration_epsilon: 0.100
 train_frame_rate:  139
I1019 07:51:24.532875 47613346101056 run_miniworld.py:243] Data collection iteration 35.
I1019 07:54:26.071676 47613346101056 run_miniworld.py:250] Evaluation iteration 35.
I1019 07:54:35.641987 47613346101056 run_miniworld.py:267] iteration:  35
 frame: 875000
 eval_episode_return:  0.75
 train_episode_return:  0.97
 train_exploration_epsilon: 0.100
 train_frame_rate:  138
I1019 07:54:50.124274 47613346101056 run_miniworld.py:243] Data collection iteration 36.
I1019 07:57:51.499001 47613346101056 run_miniworld.py:250] Evaluation iteration 36.
I1019 07:58:01.013742 47613346101056 run_miniworld.py:267] iteration:  36
 frame: 900000
 eval_episode_return:  0.71
 train_episode_return:  0.98
 train_exploration_epsilon: 0.100
 train_frame_rate:  138
I1019 07:58:16.296685 47613346101056 run_miniworld.py:243] Data collection iteration 37.
I1019 08:01:17.081624 47613346101056 run_miniworld.py:250] Evaluation iteration 37.
I1019 08:01:26.583765 47613346101056 run_miniworld.py:267] iteration:  37
 frame: 925000
 eval_episode_return:  0.64
 train_episode_return:  0.97
 train_exploration_epsilon: 0.100
 train_frame_rate:  138
I1019 08:01:41.674136 47613346101056 run_miniworld.py:243] Data collection iteration 38.
I1019 08:04:42.626178 47613346101056 run_miniworld.py:250] Evaluation iteration 38.
I1019 08:04:52.400424 47613346101056 run_miniworld.py:267] iteration:  38
 frame: 950000
 eval_episode_return:  0.77
 train_episode_return:  0.97
 train_exploration_epsilon: 0.100
 train_frame_rate:  138
I1019 08:05:06.893215 47613346101056 run_miniworld.py:243] Data collection iteration 39.
I1019 08:08:09.070742 47613346101056 run_miniworld.py:250] Evaluation iteration 39.
I1019 08:08:18.525208 47613346101056 run_miniworld.py:267] iteration:  39
 frame: 975000
 eval_episode_return:  0.50
 train_episode_return:  0.97
 train_exploration_epsilon: 0.100
 train_frame_rate:  137
I1019 08:08:33.775154 47613346101056 run_miniworld.py:243] Data collection iteration 40.
I1019 08:11:35.364276 47613346101056 run_miniworld.py:250] Evaluation iteration 40.
I1019 08:11:45.170500 47613346101056 run_miniworld.py:267] iteration:  40
 frame: 1000000
 eval_episode_return:  0.87
 train_episode_return:  0.98
 train_exploration_epsilon: 0.100
 train_frame_rate:  138
I1019 08:11:59.696094 47613346101056 run_miniworld.py:243] Data collection iteration 41.
I1019 08:15:02.475212 47613346101056 run_miniworld.py:250] Evaluation iteration 41.
I1019 08:15:12.436642 47613346101056 run_miniworld.py:267] iteration:  41
 frame: 1025000
 eval_episode_return:  0.75
 train_episode_return:  1.00
 train_exploration_epsilon: 0.100
 train_frame_rate:  137
I1019 08:15:27.592320 47613346101056 run_miniworld.py:243] Data collection iteration 42.
I1019 08:18:29.994345 47613346101056 run_miniworld.py:250] Evaluation iteration 42.
I1019 08:18:39.933568 47613346101056 run_miniworld.py:267] iteration:  42
 frame: 1050000
 eval_episode_return:  0.80
 train_episode_return:  1.00
 train_exploration_epsilon: 0.100
 train_frame_rate:  137
I1019 08:18:55.228331 47613346101056 run_miniworld.py:243] Data collection iteration 43.
I1019 08:21:58.081239 47613346101056 run_miniworld.py:250] Evaluation iteration 43.
I1019 08:22:08.293022 47613346101056 run_miniworld.py:267] iteration:  43
 frame: 1075000
 eval_episode_return:  0.88
 train_episode_return:  0.98
 train_exploration_epsilon: 0.100
 train_frame_rate:  137
I1019 08:22:22.940678 47613346101056 run_miniworld.py:243] Data collection iteration 44.
I1019 08:25:26.345006 47613346101056 run_miniworld.py:250] Evaluation iteration 44.
I1019 08:25:36.581476 47613346101056 run_miniworld.py:267] iteration:  44
 frame: 1100000
 eval_episode_return:  0.91
 train_episode_return:  0.97
 train_exploration_epsilon: 0.100
 train_frame_rate:  136
I1019 08:25:51.804376 47613346101056 run_miniworld.py:243] Data collection iteration 45.
I1019 08:28:54.690149 47613346101056 run_miniworld.py:250] Evaluation iteration 45.
I1019 08:29:05.248188 47613346101056 run_miniworld.py:267] iteration:  45
 frame: 1125000
 eval_episode_return:  0.92
 train_episode_return:  1.00
 train_exploration_epsilon: 0.100
 train_frame_rate:  137
I1019 08:29:19.753108 47613346101056 run_miniworld.py:243] Data collection iteration 46.
I1019 08:32:23.628992 47613346101056 run_miniworld.py:250] Evaluation iteration 46.
I1019 08:32:33.938228 47613346101056 run_miniworld.py:267] iteration:  46
 frame: 1150000
 eval_episode_return:  0.89
 train_episode_return:  0.99
 train_exploration_epsilon: 0.100
 train_frame_rate:  136
I1019 08:32:49.161922 47613346101056 run_miniworld.py:243] Data collection iteration 47.
I1019 08:35:53.108854 47613346101056 run_miniworld.py:250] Evaluation iteration 47.
I1019 08:36:03.080405 47613346101056 run_miniworld.py:267] iteration:  47
 frame: 1175000
 eval_episode_return:  0.80
 train_episode_return:  1.00
 train_exploration_epsilon: 0.100
 train_frame_rate:  136
I1019 08:36:17.631360 47613346101056 run_miniworld.py:243] Data collection iteration 48.
I1019 08:39:21.844687 47613346101056 run_miniworld.py:250] Evaluation iteration 48.
I1019 08:39:31.976956 47613346101056 run_miniworld.py:267] iteration:  48
 frame: 1200000
 eval_episode_return:  0.78
 train_episode_return:  1.00
 train_exploration_epsilon: 0.100
 train_frame_rate:  136
I1019 08:39:47.083864 47613346101056 run_miniworld.py:243] Data collection iteration 49.
I1019 08:42:35.615544 47613346101056 run_miniworld.py:250] Evaluation iteration 49.
I1019 08:42:45.577926 47613346101056 run_miniworld.py:267] iteration:  49
 frame: 1225000
 eval_episode_return:  0.81
 train_episode_return:  0.98
 train_exploration_epsilon: 0.100
 train_frame_rate:  148
I1019 08:42:59.806124 47613346101056 run_miniworld.py:243] Data collection iteration 50.
I1019 08:45:47.551125 47613346101056 run_miniworld.py:250] Evaluation iteration 50.
I1019 08:45:58.129961 47613346101056 run_miniworld.py:267] iteration:  50
 frame: 1250000
 eval_episode_return:  0.95
 train_episode_return:  1.00
 train_exploration_epsilon: 0.100
 train_frame_rate:  149
I1019 08:46:13.184160 47613346101056 run_miniworld.py:243] Data collection iteration 51.
I1019 08:49:00.515777 47613346101056 run_miniworld.py:250] Evaluation iteration 51.
I1019 08:49:11.128964 47613346101056 run_miniworld.py:267] iteration:  51
 frame: 1275000
 eval_episode_return:  0.94
 train_episode_return:  1.00
 train_exploration_epsilon: 0.100
 train_frame_rate:  149
I1019 08:49:26.018532 47613346101056 run_miniworld.py:243] Data collection iteration 52.
I1019 08:52:13.588803 47613346101056 run_miniworld.py:250] Evaluation iteration 52.
I1019 08:52:24.153241 47613346101056 run_miniworld.py:267] iteration:  52
 frame: 1300000
 eval_episode_return:  0.94
 train_episode_return:  1.00
 train_exploration_epsilon: 0.100
 train_frame_rate:  149
I1019 08:52:38.503740 47613346101056 run_miniworld.py:243] Data collection iteration 53.
I1019 08:55:26.836788 47613346101056 run_miniworld.py:250] Evaluation iteration 53.
I1019 08:55:37.550150 47613346101056 run_miniworld.py:267] iteration:  53
 frame: 1325000
 eval_episode_return:  0.94
 train_episode_return:  1.00
 train_exploration_epsilon: 0.100
 train_frame_rate:  149
I1019 08:55:52.494947 47613346101056 run_miniworld.py:243] Data collection iteration 54.
I1019 08:58:38.899060 47613346101056 run_miniworld.py:250] Evaluation iteration 54.
I1019 08:58:50.027412 47613346101056 run_miniworld.py:267] iteration:  54
 frame: 1350000
 eval_episode_return:  0.97
 train_episode_return:  1.00
 train_exploration_epsilon: 0.100
 train_frame_rate:  150
I1019 08:59:05.088747 47613346101056 run_miniworld.py:243] Data collection iteration 55.
I1019 09:01:52.795329 47613346101056 run_miniworld.py:250] Evaluation iteration 55.
I1019 09:02:03.326694 47613346101056 run_miniworld.py:267] iteration:  55
 frame: 1375000
 eval_episode_return:  0.96
 train_episode_return:  1.00
 train_exploration_epsilon: 0.100
 train_frame_rate:  149
I1019 09:02:17.829612 47613346101056 run_miniworld.py:243] Data collection iteration 56.
I1019 09:05:06.131024 47613346101056 run_miniworld.py:250] Evaluation iteration 56.
I1019 09:05:16.976115 47613346101056 run_miniworld.py:267] iteration:  56
 frame: 1400000
 eval_episode_return:  0.97
 train_episode_return:  1.00
 train_exploration_epsilon: 0.100
 train_frame_rate:  149
I1019 09:05:32.130002 47613346101056 run_miniworld.py:243] Data collection iteration 57.
I1019 09:08:19.532963 47613346101056 run_miniworld.py:250] Evaluation iteration 57.
I1019 09:08:29.789942 47613346101056 run_miniworld.py:267] iteration:  57
 frame: 1425000
 eval_episode_return:  0.93
 train_episode_return:  1.00
 train_exploration_epsilon: 0.100
 train_frame_rate:  149
I1019 09:08:44.081689 47613346101056 run_miniworld.py:243] Data collection iteration 58.
I1019 09:11:31.848552 47613346101056 run_miniworld.py:250] Evaluation iteration 58.
I1019 09:11:42.702749 47613346101056 run_miniworld.py:267] iteration:  58
 frame: 1450000
 eval_episode_return:  0.95
 train_episode_return:  1.00
 train_exploration_epsilon: 0.100
 train_frame_rate:  149
I1019 09:11:57.032694 47613346101056 run_miniworld.py:243] Data collection iteration 59.
I1019 09:14:43.926369 47613346101056 run_miniworld.py:250] Evaluation iteration 59.
I1019 09:14:54.872491 47613346101056 run_miniworld.py:267] iteration:  59
 frame: 1475000
 eval_episode_return:  0.95
 train_episode_return:  1.00
 train_exploration_epsilon: 0.100
 train_frame_rate:  150
I1019 09:15:09.945160 47613346101056 run_miniworld.py:243] Data collection iteration 60.
I1019 09:17:57.848528 47613346101056 run_miniworld.py:250] Evaluation iteration 60.
I1019 09:18:07.953054 47613346101056 run_miniworld.py:267] iteration:  60
 frame: 1500000
 eval_episode_return:  0.97
 train_episode_return:  1.00
 train_exploration_epsilon: 0.100
 train_frame_rate:  149
I1019 09:18:23.189923 47613346101056 run_miniworld.py:243] Data collection iteration 61.
I1019 09:21:13.088917 47613346101056 run_miniworld.py:250] Evaluation iteration 61.
I1019 09:21:24.250074 47613346101056 run_miniworld.py:267] iteration:  61
 frame: 1525000
 eval_episode_return:  0.97
 train_episode_return:  1.00
 train_exploration_epsilon: 0.100
 train_frame_rate:  147
I1019 09:21:39.029363 47613346101056 run_miniworld.py:243] Data collection iteration 62.
I1019 09:24:28.734288 47613346101056 run_miniworld.py:250] Evaluation iteration 62.
I1019 09:24:40.418164 47613346101056 run_miniworld.py:267] iteration:  62
 frame: 1550000
 eval_episode_return:  0.99
 train_episode_return:  1.00
 train_exploration_epsilon: 0.100
 train_frame_rate:  147
I1019 09:24:55.517176 47613346101056 run_miniworld.py:243] Data collection iteration 63.
I1019 09:27:43.462224 47613346101056 run_miniworld.py:250] Evaluation iteration 63.
I1019 09:27:55.633501 47613346101056 run_miniworld.py:267] iteration:  63
 frame: 1575000
 eval_episode_return:  1.00
 train_episode_return:  1.00
 train_exploration_epsilon: 0.100
 train_frame_rate:  149
I1019 09:28:10.039763 47613346101056 run_miniworld.py:243] Data collection iteration 64.
I1019 09:30:59.414087 47613346101056 run_miniworld.py:250] Evaluation iteration 64.
I1019 09:31:11.527000 47613346101056 run_miniworld.py:267] iteration:  64
 frame: 1600000
 eval_episode_return:  0.99
 train_episode_return:  1.00
 train_exploration_epsilon: 0.100
 train_frame_rate:  148
I1019 09:31:26.564409 47613346101056 run_miniworld.py:243] Data collection iteration 65.
I1019 09:34:14.974897 47613346101056 run_miniworld.py:250] Evaluation iteration 65.
I1019 09:34:26.303941 47613346101056 run_miniworld.py:267] iteration:  65
 frame: 1625000
 eval_episode_return:  0.98
 train_episode_return:  1.00
 train_exploration_epsilon: 0.100
 train_frame_rate:  148
I1019 09:34:41.438289 47613346101056 run_miniworld.py:243] Data collection iteration 66.
I1019 09:37:30.386286 47613346101056 run_miniworld.py:250] Evaluation iteration 66.
I1019 09:37:42.027586 47613346101056 run_miniworld.py:267] iteration:  66
 frame: 1650000
 eval_episode_return:  0.99
 train_episode_return:  1.00
 train_exploration_epsilon: 0.100
 train_frame_rate:  148
I1019 09:37:56.486317 47613346101056 run_miniworld.py:243] Data collection iteration 67.
I1019 09:40:45.621333 47613346101056 run_miniworld.py:250] Evaluation iteration 67.
I1019 09:40:57.242448 47613346101056 run_miniworld.py:267] iteration:  67
 frame: 1675000
 eval_episode_return:  1.00
 train_episode_return:  1.00
 train_exploration_epsilon: 0.100
 train_frame_rate:  148
I1019 09:41:12.454939 47613346101056 run_miniworld.py:243] Data collection iteration 68.
I1019 09:44:01.134354 47613346101056 run_miniworld.py:250] Evaluation iteration 68.
I1019 09:44:12.606724 47613346101056 run_miniworld.py:267] iteration:  68
 frame: 1700000
 eval_episode_return:  1.00
 train_episode_return:  1.00
 train_exploration_epsilon: 0.100
 train_frame_rate:  148
I1019 09:44:27.081784 47613346101056 run_miniworld.py:243] Data collection iteration 69.
I1019 09:47:17.287689 47613346101056 run_miniworld.py:250] Evaluation iteration 69.
I1019 09:47:29.608212 47613346101056 run_miniworld.py:267] iteration:  69
 frame: 1725000
 eval_episode_return:  1.00
 train_episode_return:  1.00
 train_exploration_epsilon: 0.100
 train_frame_rate:  147
I1019 09:47:44.514769 47613346101056 run_miniworld.py:243] Data collection iteration 70.
I1019 09:50:34.178845 47613346101056 run_miniworld.py:250] Evaluation iteration 70.
I1019 09:50:45.657972 47613346101056 run_miniworld.py:267] iteration:  70
 frame: 1750000
 eval_episode_return:  1.00
 train_episode_return:  1.00
 train_exploration_epsilon: 0.100
 train_frame_rate:  147
I1019 09:51:00.729266 47613346101056 run_miniworld.py:243] Data collection iteration 71.
I1019 09:53:51.563271 47613346101056 run_miniworld.py:250] Evaluation iteration 71.
I1019 09:54:04.165166 47613346101056 run_miniworld.py:267] iteration:  71
 frame: 1775000
 eval_episode_return:  1.00
 train_episode_return:  1.00
 train_exploration_epsilon: 0.100
 train_frame_rate:  146
I1019 09:54:18.552778 47613346101056 run_miniworld.py:243] Data collection iteration 72.
I1019 09:57:09.577353 47613346101056 run_miniworld.py:250] Evaluation iteration 72.
I1019 09:57:21.229958 47613346101056 run_miniworld.py:267] iteration:  72
 frame: 1800000
 eval_episode_return:  0.99
 train_episode_return:  1.00
 train_exploration_epsilon: 0.100
 train_frame_rate:  146
I1019 09:57:36.459972 47613346101056 run_miniworld.py:243] Data collection iteration 73.
I1019 10:00:27.085161 47613346101056 run_miniworld.py:250] Evaluation iteration 73.
I1019 10:00:38.975277 47613346101056 run_miniworld.py:267] iteration:  73
 frame: 1825000
 eval_episode_return:  0.99
 train_episode_return:  1.00
 train_exploration_epsilon: 0.100
 train_frame_rate:  147
I1019 10:00:53.453700 47613346101056 run_miniworld.py:243] Data collection iteration 74.
I1019 10:03:44.423856 47613346101056 run_miniworld.py:250] Evaluation iteration 74.
I1019 10:03:56.680687 47613346101056 run_miniworld.py:267] iteration:  74
 frame: 1850000
 eval_episode_return:  1.00
 train_episode_return:  1.00
 train_exploration_epsilon: 0.100
 train_frame_rate:  146
I1019 10:04:11.844099 47613346101056 run_miniworld.py:243] Data collection iteration 75.
I1019 10:07:02.436326 47613346101056 run_miniworld.py:250] Evaluation iteration 75.
I1019 10:07:14.933894 47613346101056 run_miniworld.py:267] iteration:  75
 frame: 1875000
 eval_episode_return:  1.00
 train_episode_return:  1.00
 train_exploration_epsilon: 0.100
 train_frame_rate:  147
I1019 10:07:29.243880 47613346101056 run_miniworld.py:243] Data collection iteration 76.
I1019 10:10:19.711303 47613346101056 run_miniworld.py:250] Evaluation iteration 76.
I1019 10:10:31.882644 47613346101056 run_miniworld.py:267] iteration:  76
 frame: 1900000
 eval_episode_return:  1.00
 train_episode_return:  1.00
 train_exploration_epsilon: 0.100
 train_frame_rate:  147
I1019 10:10:46.136319 47613346101056 run_miniworld.py:243] Data collection iteration 77.
I1019 10:13:36.073610 47613346101056 run_miniworld.py:250] Evaluation iteration 77.
I1019 10:13:48.765701 47613346101056 run_miniworld.py:267] iteration:  77
 frame: 1925000
 eval_episode_return:  1.00
 train_episode_return:  1.00
 train_exploration_epsilon: 0.100
 train_frame_rate:  147
I1019 10:14:03.762597 47613346101056 run_miniworld.py:243] Data collection iteration 78.
I1019 10:16:53.743005 47613346101056 run_miniworld.py:250] Evaluation iteration 78.
I1019 10:17:05.885529 47613346101056 run_miniworld.py:267] iteration:  78
 frame: 1950000
 eval_episode_return:  1.00
 train_episode_return:  1.00
 train_exploration_epsilon: 0.100
 train_frame_rate:  147
I1019 10:17:21.035834 47613346101056 run_miniworld.py:243] Data collection iteration 79.
I1019 10:20:10.692580 47613346101056 run_miniworld.py:250] Evaluation iteration 79.
I1019 10:20:23.247850 47613346101056 run_miniworld.py:267] iteration:  79
 frame: 1975000
 eval_episode_return:  1.00
 train_episode_return:  1.00
 train_exploration_epsilon: 0.100
 train_frame_rate:  147
I1019 10:20:37.598633 47613346101056 run_miniworld.py:243] Data collection iteration 80.
I1019 10:23:27.759013 47613346101056 run_miniworld.py:250] Evaluation iteration 80.
I1019 10:23:39.547255 47613346101056 run_miniworld.py:267] iteration:  80
 frame: 2000000
 eval_episode_return:  0.99
 train_episode_return:  1.00
 train_exploration_epsilon: 0.100
 train_frame_rate:  147
I1019 10:23:54.639504 47613346101056 run_miniworld.py:243] Data collection iteration 81.
I1019 10:26:44.638144 47613346101056 run_miniworld.py:250] Evaluation iteration 81.
I1019 10:26:56.841276 47613346101056 run_miniworld.py:267] iteration:  81
 frame: 2025000
 eval_episode_return:  1.00
 train_episode_return:  1.00
 train_exploration_epsilon: 0.100
 train_frame_rate:  147
I1019 10:27:11.179305 47613346101056 run_miniworld.py:243] Data collection iteration 82.
I1019 10:30:01.424305 47613346101056 run_miniworld.py:250] Evaluation iteration 82.
I1019 10:30:13.996994 47613346101056 run_miniworld.py:267] iteration:  82
 frame: 2050000
 eval_episode_return:  1.00
 train_episode_return:  1.00
 train_exploration_epsilon: 0.100
 train_frame_rate:  147
I1019 10:30:29.214962 47613346101056 run_miniworld.py:243] Data collection iteration 83.
I1019 10:33:19.045355 47613346101056 run_miniworld.py:250] Evaluation iteration 83.
I1019 10:33:31.106499 47613346101056 run_miniworld.py:267] iteration:  83
 frame: 2075000
 eval_episode_return:  0.99
 train_episode_return:  1.00
 train_exploration_epsilon: 0.100
 train_frame_rate:  147
I1019 10:33:45.263849 47613346101056 run_miniworld.py:243] Data collection iteration 84.
I1019 10:36:38.394949 47613346101056 run_miniworld.py:250] Evaluation iteration 84.
I1019 10:36:50.060601 47613346101056 run_miniworld.py:267] iteration:  84
 frame: 2100000
 eval_episode_return:  0.99
 train_episode_return:  1.00
 train_exploration_epsilon: 0.100
 train_frame_rate:  144
I1019 10:37:03.987362 47613346101056 run_miniworld.py:243] Data collection iteration 85.
I1019 10:39:53.951291 47613346101056 run_miniworld.py:250] Evaluation iteration 85.
I1019 10:40:05.872387 47613346101056 run_miniworld.py:267] iteration:  85
 frame: 2125000
 eval_episode_return:  1.00
 train_episode_return:  1.00
 train_exploration_epsilon: 0.100
 train_frame_rate:  147
I1019 10:40:21.138247 47613346101056 run_miniworld.py:243] Data collection iteration 86.
I1019 10:43:11.129091 47613346101056 run_miniworld.py:250] Evaluation iteration 86.
I1019 10:43:22.922811 47613346101056 run_miniworld.py:267] iteration:  86
 frame: 2150000
 eval_episode_return:  1.00
 train_episode_return:  1.00
 train_exploration_epsilon: 0.100
 train_frame_rate:  147
I1019 10:43:37.277951 47613346101056 run_miniworld.py:243] Data collection iteration 87.
I1019 10:46:28.774652 47613346101056 run_miniworld.py:250] Evaluation iteration 87.
I1019 10:46:40.741534 47613346101056 run_miniworld.py:267] iteration:  87
 frame: 2175000
 eval_episode_return:  0.99
 train_episode_return:  1.00
 train_exploration_epsilon: 0.100
 train_frame_rate:  146
I1019 10:46:55.889169 47613346101056 run_miniworld.py:243] Data collection iteration 88.
I1019 10:49:45.988165 47613346101056 run_miniworld.py:250] Evaluation iteration 88.
I1019 10:49:57.717120 47613346101056 run_miniworld.py:267] iteration:  88
 frame: 2200000
 eval_episode_return:  0.99
 train_episode_return:  1.00
 train_exploration_epsilon: 0.100
 train_frame_rate:  147
I1019 10:50:12.851880 47613346101056 run_miniworld.py:243] Data collection iteration 89.
I1019 10:53:02.949152 47613346101056 run_miniworld.py:250] Evaluation iteration 89.
I1019 10:53:14.928781 47613346101056 run_miniworld.py:267] iteration:  89
 frame: 2225000
 eval_episode_return:  0.99
 train_episode_return:  1.00
 train_exploration_epsilon: 0.100
 train_frame_rate:  147
I1019 10:53:29.905006 47613346101056 run_miniworld.py:243] Data collection iteration 90.
I1019 10:56:21.763467 47613346101056 run_miniworld.py:250] Evaluation iteration 90.
I1019 10:56:33.847399 47613346101056 run_miniworld.py:267] iteration:  90
 frame: 2250000
 eval_episode_return:  1.00
 train_episode_return:  1.00
 train_exploration_epsilon: 0.100
 train_frame_rate:  145
I1019 10:56:49.109770 47613346101056 run_miniworld.py:243] Data collection iteration 91.
I1019 10:59:40.620709 47613346101056 run_miniworld.py:250] Evaluation iteration 91.
I1019 10:59:52.511632 47613346101056 run_miniworld.py:267] iteration:  91
 frame: 2275000
 eval_episode_return:  0.99
 train_episode_return:  1.00
 train_exploration_epsilon: 0.100
 train_frame_rate:  146
I1019 11:00:06.896164 47613346101056 run_miniworld.py:243] Data collection iteration 92.
I1019 11:02:59.130773 47613346101056 run_miniworld.py:250] Evaluation iteration 92.
I1019 11:03:10.677644 47613346101056 run_miniworld.py:267] iteration:  92
 frame: 2300000
 eval_episode_return:  0.99
 train_episode_return:  1.00
 train_exploration_epsilon: 0.100
 train_frame_rate:  145
I1019 11:03:25.970085 47613346101056 run_miniworld.py:243] Data collection iteration 93.
I1019 11:06:17.941388 47613346101056 run_miniworld.py:250] Evaluation iteration 93.
I1019 11:06:30.204652 47613346101056 run_miniworld.py:267] iteration:  93
 frame: 2325000
 eval_episode_return:  1.00
 train_episode_return:  1.00
 train_exploration_epsilon: 0.100
 train_frame_rate:  145
I1019 11:06:44.536063 47613346101056 run_miniworld.py:243] Data collection iteration 94.
I1019 11:09:38.314961 47613346101056 run_miniworld.py:250] Evaluation iteration 94.
I1019 11:09:50.753935 47613346101056 run_miniworld.py:267] iteration:  94
 frame: 2350000
 eval_episode_return:  1.00
 train_episode_return:  1.00
 train_exploration_epsilon: 0.100
 train_frame_rate:  144
I1019 11:10:04.783322 47613346101056 run_miniworld.py:243] Data collection iteration 95.
I1019 11:12:56.263582 47613346101056 run_miniworld.py:250] Evaluation iteration 95.
I1019 11:13:08.943727 47613346101056 run_miniworld.py:267] iteration:  95
 frame: 2375000
 eval_episode_return:  1.00
 train_episode_return:  1.00
 train_exploration_epsilon: 0.100
 train_frame_rate:  146
I1019 11:13:24.426894 47613346101056 run_miniworld.py:243] Data collection iteration 96.
I1019 11:16:16.276626 47613346101056 run_miniworld.py:250] Evaluation iteration 96.
I1019 11:16:28.754550 47613346101056 run_miniworld.py:267] iteration:  96
 frame: 2400000
 eval_episode_return:  1.00
 train_episode_return:  1.00
 train_exploration_epsilon: 0.100
 train_frame_rate:  145
I1019 11:16:43.161518 47613346101056 run_miniworld.py:243] Data collection iteration 97.
I1019 11:19:35.265115 47613346101056 run_miniworld.py:250] Evaluation iteration 97.
I1019 11:19:48.134454 47613346101056 run_miniworld.py:267] iteration:  97
 frame: 2425000
 eval_episode_return:  1.00
 train_episode_return:  1.00
 train_exploration_epsilon: 0.100
 train_frame_rate:  145
I1019 11:20:03.176716 47613346101056 run_miniworld.py:243] Data collection iteration 98.
I1019 11:22:54.741555 47613346101056 run_miniworld.py:250] Evaluation iteration 98.
I1019 11:23:07.359453 47613346101056 run_miniworld.py:267] iteration:  98
 frame: 2450000
 eval_episode_return:  1.00
 train_episode_return:  1.00
 train_exploration_epsilon: 0.100
 train_frame_rate:  146
I1019 11:23:22.484312 47613346101056 run_miniworld.py:243] Data collection iteration 99.
I1019 11:26:14.315801 47613346101056 run_miniworld.py:250] Evaluation iteration 99.
I1019 11:26:27.067183 47613346101056 run_miniworld.py:267] iteration:  99
 frame: 2475000
 eval_episode_return:  1.00
 train_episode_return:  1.00
 train_exploration_epsilon: 0.100
 train_frame_rate:  145
I1019 11:26:41.498834 47613346101056 run_miniworld.py:243] Data collection iteration 100.
I1019 11:29:34.489701 47613346101056 run_miniworld.py:250] Evaluation iteration 100.
I1019 11:29:47.143476 47613346101056 run_miniworld.py:267] iteration: 100
 frame: 2500000
 eval_episode_return:  1.00
 train_episode_return:  1.00
 train_exploration_epsilon: 0.100
 train_frame_rate:  145
I1019 11:30:02.412265 47613346101056 run_miniworld.py:243] Data collection iteration 101.
I1019 11:32:54.171207 47613346101056 run_miniworld.py:250] Evaluation iteration 101.
I1019 11:33:06.519313 47613346101056 run_miniworld.py:267] iteration: 101
 frame: 2525000
 eval_episode_return:  1.00
 train_episode_return:  1.00
 train_exploration_epsilon: 0.100
 train_frame_rate:  146
I1019 11:33:20.997007 47613346101056 run_miniworld.py:243] Data collection iteration 102.
I1019 11:36:14.144135 47613346101056 run_miniworld.py:250] Evaluation iteration 102.
I1019 11:36:26.973618 47613346101056 run_miniworld.py:267] iteration: 102
 frame: 2550000
 eval_episode_return:  1.00
 train_episode_return:  1.00
 train_exploration_epsilon: 0.100
 train_frame_rate:  144
I1019 11:36:41.476566 47613346101056 run_miniworld.py:243] Data collection iteration 103.
I1019 11:39:32.855050 47613346101056 run_miniworld.py:250] Evaluation iteration 103.
I1019 11:39:45.517770 47613346101056 run_miniworld.py:267] iteration: 103
 frame: 2575000
 eval_episode_return:  1.00
 train_episode_return:  1.00
 train_exploration_epsilon: 0.100
 train_frame_rate:  146
I1019 11:40:00.844803 47613346101056 run_miniworld.py:243] Data collection iteration 104.
I1019 11:42:52.766188 47613346101056 run_miniworld.py:250] Evaluation iteration 104.
I1019 11:43:05.444027 47613346101056 run_miniworld.py:267] iteration: 104
 frame: 2600000
 eval_episode_return:  1.00
 train_episode_return:  1.00
 train_exploration_epsilon: 0.100
 train_frame_rate:  145
I1019 11:43:20.521209 47613346101056 run_miniworld.py:243] Data collection iteration 105.
I1019 11:46:12.194880 47613346101056 run_miniworld.py:250] Evaluation iteration 105.
I1019 11:46:25.027386 47613346101056 run_miniworld.py:267] iteration: 105
 frame: 2625000
 eval_episode_return:  1.00
 train_episode_return:  1.00
 train_exploration_epsilon: 0.100
 train_frame_rate:  146
I1019 11:46:39.458543 47613346101056 run_miniworld.py:243] Data collection iteration 106.
I1019 11:49:32.472397 47613346101056 run_miniworld.py:250] Evaluation iteration 106.
I1019 11:49:45.197353 47613346101056 run_miniworld.py:267] iteration: 106
 frame: 2650000
 eval_episode_return:  1.00
 train_episode_return:  1.00
 train_exploration_epsilon: 0.100
 train_frame_rate:  144
I1019 11:50:00.432258 47613346101056 run_miniworld.py:243] Data collection iteration 107.
I1019 11:52:53.291766 47613346101056 run_miniworld.py:250] Evaluation iteration 107.
I1019 11:53:05.958410 47613346101056 run_miniworld.py:267] iteration: 107
 frame: 2675000
 eval_episode_return:  1.00
 train_episode_return:  1.00
 train_exploration_epsilon: 0.100
 train_frame_rate:  145
I1019 11:53:20.427350 47613346101056 run_miniworld.py:243] Data collection iteration 108.
I1019 11:56:13.037280 47613346101056 run_miniworld.py:250] Evaluation iteration 108.
I1019 11:56:25.904684 47613346101056 run_miniworld.py:267] iteration: 108
 frame: 2700000
 eval_episode_return:  1.00
 train_episode_return:  1.00
 train_exploration_epsilon: 0.100
 train_frame_rate:  145
I1019 11:56:41.178749 47613346101056 run_miniworld.py:243] Data collection iteration 109.
I1019 11:59:34.378083 47613346101056 run_miniworld.py:250] Evaluation iteration 109.
I1019 11:59:46.994349 47613346101056 run_miniworld.py:267] iteration: 109
 frame: 2725000
 eval_episode_return:  1.00
 train_episode_return:  1.00
 train_exploration_epsilon: 0.100
 train_frame_rate:  144
I1019 12:00:02.395191 47613346101056 run_miniworld.py:243] Data collection iteration 110.
I1019 12:02:53.940488 47613346101056 run_miniworld.py:250] Evaluation iteration 110.
I1019 12:03:06.806637 47613346101056 run_miniworld.py:267] iteration: 110
 frame: 2750000
 eval_episode_return:  1.00
 train_episode_return:  1.00
 train_exploration_epsilon: 0.100
 train_frame_rate:  146
I1019 12:03:21.309505 47613346101056 run_miniworld.py:243] Data collection iteration 111.
I1019 12:06:13.931820 47613346101056 run_miniworld.py:250] Evaluation iteration 111.
I1019 12:06:26.015277 47613346101056 run_miniworld.py:267] iteration: 111
 frame: 2775000
 eval_episode_return:  1.00
 train_episode_return:  1.00
 train_exploration_epsilon: 0.100
 train_frame_rate:  145
I1019 12:06:41.378231 47613346101056 run_miniworld.py:243] Data collection iteration 112.
I1019 12:09:33.942009 47613346101056 run_miniworld.py:250] Evaluation iteration 112.
I1019 12:09:45.989632 47613346101056 run_miniworld.py:267] iteration: 112
 frame: 2800000
 eval_episode_return:  1.00
 train_episode_return:  1.00
 train_exploration_epsilon: 0.100
 train_frame_rate:  145
I1019 12:10:00.433489 47613346101056 run_miniworld.py:243] Data collection iteration 113.
I1019 12:12:53.135607 47613346101056 run_miniworld.py:250] Evaluation iteration 113.
I1019 12:13:05.724173 47613346101056 run_miniworld.py:267] iteration: 113
 frame: 2825000
 eval_episode_return:  1.00
 train_episode_return:  1.00
 train_exploration_epsilon: 0.100
 train_frame_rate:  145
I1019 12:13:20.942509 47613346101056 run_miniworld.py:243] Data collection iteration 114.
I1019 12:16:13.318944 47613346101056 run_miniworld.py:250] Evaluation iteration 114.
I1019 12:16:26.000179 47613346101056 run_miniworld.py:267] iteration: 114
 frame: 2850000
 eval_episode_return:  1.00
 train_episode_return:  1.00
 train_exploration_epsilon: 0.100
 train_frame_rate:  145
I1019 12:16:41.247661 47613346101056 run_miniworld.py:243] Data collection iteration 115.
I1019 12:19:33.774816 47613346101056 run_miniworld.py:250] Evaluation iteration 115.
I1019 12:19:45.995393 47613346101056 run_miniworld.py:267] iteration: 115
 frame: 2875000
 eval_episode_return:  1.00
 train_episode_return:  1.00
 train_exploration_epsilon: 0.100
 train_frame_rate:  145
I1019 12:20:00.469062 47613346101056 run_miniworld.py:243] Data collection iteration 116.
I1019 12:22:53.208276 47613346101056 run_miniworld.py:250] Evaluation iteration 116.
I1019 12:23:05.601389 47613346101056 run_miniworld.py:267] iteration: 116
 frame: 2900000
 eval_episode_return:  1.00
 train_episode_return:  1.00
 train_exploration_epsilon: 0.100
 train_frame_rate:  145
I1019 12:23:20.862503 47613346101056 run_miniworld.py:243] Data collection iteration 117.
I1019 12:26:13.345040 47613346101056 run_miniworld.py:250] Evaluation iteration 117.
I1019 12:26:26.174954 47613346101056 run_miniworld.py:267] iteration: 117
 frame: 2925000
 eval_episode_return:  1.00
 train_episode_return:  1.00
 train_exploration_epsilon: 0.100
 train_frame_rate:  145
I1019 12:26:40.784218 47613346101056 run_miniworld.py:243] Data collection iteration 118.
I1019 12:29:33.846221 47613346101056 run_miniworld.py:250] Evaluation iteration 118.
I1019 12:29:46.160404 47613346101056 run_miniworld.py:267] iteration: 118
 frame: 2950000
 eval_episode_return:  1.00
 train_episode_return:  1.00
 train_exploration_epsilon: 0.100
 train_frame_rate:  144
I1019 12:30:01.526206 47613346101056 run_miniworld.py:243] Data collection iteration 119.
I1019 12:32:53.098974 47613346101056 run_miniworld.py:250] Evaluation iteration 119.
I1019 12:33:04.625580 47613346101056 run_miniworld.py:267] iteration: 119
 frame: 2975000
 eval_episode_return:  0.98
 train_episode_return:  1.00
 train_exploration_epsilon: 0.100
 train_frame_rate:  146
I1019 12:33:19.174682 47613346101056 run_miniworld.py:243] Data collection iteration 120.
I1019 12:36:13.114126 47613346101056 run_miniworld.py:250] Evaluation iteration 120.
I1019 12:36:24.793757 47613346101056 run_miniworld.py:267] iteration: 120
 frame: 3000000
 eval_episode_return:  1.00
 train_episode_return:  1.00
 train_exploration_epsilon: 0.100
 train_frame_rate:  144
I1019 12:36:38.751193 47613346101056 run_miniworld.py:243] Data collection iteration 121.
I1019 12:39:30.545242 47613346101056 run_miniworld.py:250] Evaluation iteration 121.
I1019 12:39:42.269287 47613346101056 run_miniworld.py:267] iteration: 121
 frame: 3025000
 eval_episode_return:  0.99
 train_episode_return:  1.00
 train_exploration_epsilon: 0.100
 train_frame_rate:  146
I1019 12:39:57.538978 47613346101056 run_miniworld.py:243] Data collection iteration 122.
I1019 12:42:48.675029 47613346101056 run_miniworld.py:250] Evaluation iteration 122.
I1019 12:43:00.625529 47613346101056 run_miniworld.py:267] iteration: 122
 frame: 3050000
 eval_episode_return:  0.99
 train_episode_return:  1.00
 train_exploration_epsilon: 0.100
 train_frame_rate:  146
I1019 12:43:15.424246 47613346101056 run_miniworld.py:243] Data collection iteration 123.
I1019 12:46:06.807559 47613346101056 run_miniworld.py:250] Evaluation iteration 123.
I1019 12:46:18.633218 47613346101056 run_miniworld.py:267] iteration: 123
 frame: 3075000
 eval_episode_return:  0.99
 train_episode_return:  1.00
 train_exploration_epsilon: 0.100
 train_frame_rate:  146
I1019 12:46:33.759817 47613346101056 run_miniworld.py:243] Data collection iteration 124.
I1019 12:49:25.382071 47613346101056 run_miniworld.py:250] Evaluation iteration 124.
I1019 12:49:37.127339 47613346101056 run_miniworld.py:267] iteration: 124
 frame: 3100000
 eval_episode_return:  0.99
 train_episode_return:  1.00
 train_exploration_epsilon: 0.100
 train_frame_rate:  146
I1019 12:49:52.475069 47613346101056 run_miniworld.py:243] Data collection iteration 125.
I1019 12:52:43.910932 47613346101056 run_miniworld.py:250] Evaluation iteration 125.
I1019 12:52:55.731896 47613346101056 run_miniworld.py:267] iteration: 125
 frame: 3125000
 eval_episode_return:  1.00
 train_episode_return:  1.00
 train_exploration_epsilon: 0.100
 train_frame_rate:  146
I1019 12:53:10.399224 47613346101056 run_miniworld.py:243] Data collection iteration 126.
I1019 12:56:02.201805 47613346101056 run_miniworld.py:250] Evaluation iteration 126.
I1019 12:56:14.531677 47613346101056 run_miniworld.py:267] iteration: 126
 frame: 3150000
 eval_episode_return:  0.99
 train_episode_return:  1.00
 train_exploration_epsilon: 0.100
 train_frame_rate:  146
I1019 12:56:29.956064 47613346101056 run_miniworld.py:243] Data collection iteration 127.
I1019 12:59:21.303340 47613346101056 run_miniworld.py:250] Evaluation iteration 127.
I1019 12:59:34.816154 47613346101056 run_miniworld.py:267] iteration: 127
 frame: 3175000
 eval_episode_return:  0.99
 train_episode_return:  0.99
 train_exploration_epsilon: 0.100
 train_frame_rate:  146
I1019 12:59:49.397644 47613346101056 run_miniworld.py:243] Data collection iteration 128.
I1019 13:02:41.592042 47613346101056 run_miniworld.py:250] Evaluation iteration 128.
I1019 13:02:54.215499 47613346101056 run_miniworld.py:267] iteration: 128
 frame: 3200000
 eval_episode_return:  1.00
 train_episode_return:  1.00
 train_exploration_epsilon: 0.100
 train_frame_rate:  145
I1019 13:03:08.621575 47613346101056 run_miniworld.py:243] Data collection iteration 129.
I1019 13:06:01.853099 47613346101056 run_miniworld.py:250] Evaluation iteration 129.
I1019 13:06:13.877116 47613346101056 run_miniworld.py:267] iteration: 129
 frame: 3225000
 eval_episode_return:  0.99
 train_episode_return:  1.00
 train_exploration_epsilon: 0.100
 train_frame_rate:  144
I1019 13:06:27.634564 47613346101056 run_miniworld.py:243] Data collection iteration 130.
I1019 13:09:18.855832 47613346101056 run_miniworld.py:250] Evaluation iteration 130.
I1019 13:09:30.840572 47613346101056 run_miniworld.py:267] iteration: 130
 frame: 3250000
 eval_episode_return:  0.99
 train_episode_return:  1.00
 train_exploration_epsilon: 0.100
 train_frame_rate:  146
I1019 13:09:46.080658 47613346101056 run_miniworld.py:243] Data collection iteration 131.
I1019 13:12:37.637647 47613346101056 run_miniworld.py:250] Evaluation iteration 131.
I1019 13:12:50.368386 47613346101056 run_miniworld.py:267] iteration: 131
 frame: 3275000
 eval_episode_return:  1.00
 train_episode_return:  1.00
 train_exploration_epsilon: 0.100
 train_frame_rate:  146
I1019 13:13:04.737622 47613346101056 run_miniworld.py:243] Data collection iteration 132.
I1019 13:15:56.958116 47613346101056 run_miniworld.py:250] Evaluation iteration 132.
I1019 13:16:09.374560 47613346101056 run_miniworld.py:267] iteration: 132
 frame: 3300000
 eval_episode_return:  1.00
 train_episode_return:  1.00
 train_exploration_epsilon: 0.100
 train_frame_rate:  145
I1019 13:16:24.721674 47613346101056 run_miniworld.py:243] Data collection iteration 133.
I1019 13:19:16.208524 47613346101056 run_miniworld.py:250] Evaluation iteration 133.
I1019 13:19:27.874846 47613346101056 run_miniworld.py:267] iteration: 133
 frame: 3325000
 eval_episode_return:  0.98
 train_episode_return:  1.00
 train_exploration_epsilon: 0.100
 train_frame_rate:  146
I1019 13:19:42.292839 47613346101056 run_miniworld.py:243] Data collection iteration 134.
I1019 13:22:36.675296 47613346101056 run_miniworld.py:250] Evaluation iteration 134.
I1019 13:22:48.881675 47613346101056 run_miniworld.py:267] iteration: 134
 frame: 3350000
 eval_episode_return:  1.00
 train_episode_return:  1.00
 train_exploration_epsilon: 0.100
 train_frame_rate:  143
I1019 13:23:02.995296 47613346101056 run_miniworld.py:243] Data collection iteration 135.
I1019 13:25:54.480495 47613346101056 run_miniworld.py:250] Evaluation iteration 135.
I1019 13:26:06.298287 47613346101056 run_miniworld.py:267] iteration: 135
 frame: 3375000
 eval_episode_return:  0.99
 train_episode_return:  1.00
 train_exploration_epsilon: 0.100
 train_frame_rate:  146
I1019 13:26:21.565191 47613346101056 run_miniworld.py:243] Data collection iteration 136.
I1019 13:29:13.075844 47613346101056 run_miniworld.py:250] Evaluation iteration 136.
I1019 13:29:26.107176 47613346101056 run_miniworld.py:267] iteration: 136
 frame: 3400000
 eval_episode_return:  1.00
 train_episode_return:  1.00
 train_exploration_epsilon: 0.100
 train_frame_rate:  146
I1019 13:29:40.519958 47613346101056 run_miniworld.py:243] Data collection iteration 137.
I1019 13:32:32.985707 47613346101056 run_miniworld.py:250] Evaluation iteration 137.
I1019 13:32:45.131051 47613346101056 run_miniworld.py:267] iteration: 137
 frame: 3425000
 eval_episode_return:  1.00
 train_episode_return:  1.00
 train_exploration_epsilon: 0.100
 train_frame_rate:  145
I1019 13:33:00.351786 47613346101056 run_miniworld.py:243] Data collection iteration 138.
I1019 13:35:52.111502 47613346101056 run_miniworld.py:250] Evaluation iteration 138.
I1019 13:36:04.274359 47613346101056 run_miniworld.py:267] iteration: 138
 frame: 3450000
 eval_episode_return:  1.00
 train_episode_return:  1.00
 train_exploration_epsilon: 0.100
 train_frame_rate:  146
I1019 13:36:19.474856 47613346101056 run_miniworld.py:243] Data collection iteration 139.
I1019 13:39:11.394180 47613346101056 run_miniworld.py:250] Evaluation iteration 139.
I1019 13:39:23.442379 47613346101056 run_miniworld.py:267] iteration: 139
 frame: 3475000
 eval_episode_return:  1.00
 train_episode_return:  1.00
 train_exploration_epsilon: 0.100
 train_frame_rate:  145
I1019 13:39:37.903404 47613346101056 run_miniworld.py:243] Data collection iteration 140.
I1019 13:42:30.757653 47613346101056 run_miniworld.py:250] Evaluation iteration 140.
I1019 13:42:42.470547 47613346101056 run_miniworld.py:267] iteration: 140
 frame: 3500000
 eval_episode_return:  0.98
 train_episode_return:  1.00
 train_exploration_epsilon: 0.100
 train_frame_rate:  145
I1019 13:42:57.831411 47613346101056 run_miniworld.py:243] Data collection iteration 141.
I1019 13:45:49.692381 47613346101056 run_miniworld.py:250] Evaluation iteration 141.
I1019 13:46:02.313715 47613346101056 run_miniworld.py:267] iteration: 141
 frame: 3525000
 eval_episode_return:  1.00
 train_episode_return:  1.00
 train_exploration_epsilon: 0.100
 train_frame_rate:  145
I1019 13:46:16.940429 47613346101056 run_miniworld.py:243] Data collection iteration 142.
I1019 13:49:09.992595 47613346101056 run_miniworld.py:250] Evaluation iteration 142.
I1019 13:49:22.784282 47613346101056 run_miniworld.py:267] iteration: 142
 frame: 3550000
 eval_episode_return:  1.00
 train_episode_return:  1.00
 train_exploration_epsilon: 0.100
 train_frame_rate:  144
I1019 13:49:37.473919 47613346101056 run_miniworld.py:243] Data collection iteration 143.
I1019 13:52:30.197112 47613346101056 run_miniworld.py:250] Evaluation iteration 143.
I1019 13:52:42.978402 47613346101056 run_miniworld.py:267] iteration: 143
 frame: 3575000
 eval_episode_return:  1.00
 train_episode_return:  1.00
 train_exploration_epsilon: 0.100
 train_frame_rate:  145
I1019 13:52:56.926119 47613346101056 run_miniworld.py:243] Data collection iteration 144.
I1019 13:55:47.741566 47613346101056 run_miniworld.py:250] Evaluation iteration 144.
I1019 13:56:00.454594 47613346101056 run_miniworld.py:267] iteration: 144
 frame: 3600000
 eval_episode_return:  1.00
 train_episode_return:  1.00
 train_exploration_epsilon: 0.100
 train_frame_rate:  146
I1019 13:56:15.933630 47613346101056 run_miniworld.py:243] Data collection iteration 145.
I1019 13:59:07.856935 47613346101056 run_miniworld.py:250] Evaluation iteration 145.
I1019 13:59:20.703032 47613346101056 run_miniworld.py:267] iteration: 145
 frame: 3625000
 eval_episode_return:  1.00
 train_episode_return:  1.00
 train_exploration_epsilon: 0.100
 train_frame_rate:  145
I1019 13:59:35.216601 47613346101056 run_miniworld.py:243] Data collection iteration 146.
I1019 14:02:26.888147 47613346101056 run_miniworld.py:250] Evaluation iteration 146.
I1019 14:02:39.696241 47613346101056 run_miniworld.py:267] iteration: 146
 frame: 3650000
 eval_episode_return:  1.00
 train_episode_return:  1.00
 train_exploration_epsilon: 0.100
 train_frame_rate:  146
I1019 14:02:54.967199 47613346101056 run_miniworld.py:243] Data collection iteration 147.
I1019 14:05:46.726377 47613346101056 run_miniworld.py:250] Evaluation iteration 147.
I1019 14:05:59.762588 47613346101056 run_miniworld.py:267] iteration: 147
 frame: 3675000
 eval_episode_return:  1.00
 train_episode_return:  1.00
 train_exploration_epsilon: 0.100
 train_frame_rate:  146
I1019 14:06:14.402434 47613346101056 run_miniworld.py:243] Data collection iteration 148.
I1019 14:09:09.838056 47613346101056 run_miniworld.py:250] Evaluation iteration 148.
I1019 14:09:22.391709 47613346101056 run_miniworld.py:267] iteration: 148
 frame: 3700000
 eval_episode_return:  1.00
 train_episode_return:  1.00
 train_exploration_epsilon: 0.100
 train_frame_rate:  143
I1019 14:09:36.367569 47613346101056 run_miniworld.py:243] Data collection iteration 149.
I1019 14:12:27.791484 47613346101056 run_miniworld.py:250] Evaluation iteration 149.
I1019 14:12:40.367592 47613346101056 run_miniworld.py:267] iteration: 149
 frame: 3725000
 eval_episode_return:  1.00
 train_episode_return:  1.00
 train_exploration_epsilon: 0.100
 train_frame_rate:  146
I1019 14:12:55.681886 47613346101056 run_miniworld.py:243] Data collection iteration 150.
I1019 14:15:47.165708 47613346101056 run_miniworld.py:250] Evaluation iteration 150.
I1019 14:16:00.116926 47613346101056 run_miniworld.py:267] iteration: 150
 frame: 3750000
 eval_episode_return:  1.00
 train_episode_return:  1.00
 train_exploration_epsilon: 0.100
 train_frame_rate:  146
I1019 14:16:14.789669 47613346101056 run_miniworld.py:243] Data collection iteration 151.
I1019 14:19:07.083511 47613346101056 run_miniworld.py:250] Evaluation iteration 151.
I1019 14:19:19.215671 47613346101056 run_miniworld.py:267] iteration: 151
 frame: 3775000
 eval_episode_return:  1.00
 train_episode_return:  1.00
 train_exploration_epsilon: 0.100
 train_frame_rate:  145
I1019 14:19:34.538291 47613346101056 run_miniworld.py:243] Data collection iteration 152.
I1019 14:22:25.402380 47613346101056 run_miniworld.py:250] Evaluation iteration 152.
I1019 14:22:38.041263 47613346101056 run_miniworld.py:267] iteration: 152
 frame: 3800000
 eval_episode_return:  1.00
 train_episode_return:  1.00
 train_exploration_epsilon: 0.100
 train_frame_rate:  146
I1019 14:22:53.439220 47613346101056 run_miniworld.py:243] Data collection iteration 153.
I1019 14:25:46.005756 47613346101056 run_miniworld.py:250] Evaluation iteration 153.
I1019 14:25:58.636277 47613346101056 run_miniworld.py:267] iteration: 153
 frame: 3825000
 eval_episode_return:  1.00
 train_episode_return:  1.00
 train_exploration_epsilon: 0.100
 train_frame_rate:  145
I1019 14:26:13.243172 47613346101056 run_miniworld.py:243] Data collection iteration 154.
I1019 14:29:06.290970 47613346101056 run_miniworld.py:250] Evaluation iteration 154.
I1019 14:29:18.830267 47613346101056 run_miniworld.py:267] iteration: 154
 frame: 3850000
 eval_episode_return:  1.00
 train_episode_return:  1.00
 train_exploration_epsilon: 0.100
 train_frame_rate:  144
I1019 14:29:34.228470 47613346101056 run_miniworld.py:243] Data collection iteration 155.
