I1001 18:06:49.409488 47333437712192 xla_bridge.py:355] Unable to initialize backend 'tpu_driver': NOT_FOUND: Unable to find driver in registry given worker: 
I1001 18:06:49.536273 47333437712192 xla_bridge.py:355] Unable to initialize backend 'rocm': NOT_FOUND: Could not find registered platform with name: "rocm". Available platform names are: Interpreter CUDA Host
I1001 18:06:49.536758 47333437712192 xla_bridge.py:355] Unable to initialize backend 'tpu': module 'jaxlib.xla_extension' has no attribute 'get_tpu_client'
I1001 18:06:49.536889 47333437712192 xla_bridge.py:355] Unable to initialize backend 'plugin': xla_extension has no attributes named get_plugin_device_client. Compile TensorFlow with //tensorflow/compiler/xla/python:enable_plugin_device set to true (defaults to false) to enable this.
I1001 18:06:49.537012 47333437712192 run_miniworld.py:99] Collecting data on MiniWorld on gpu.
I1001 18:06:56.223420 47333437712192 run_miniworld.py:135] Observation shape: (60, 80, 3)
I1001 18:07:10.296883 47333437712192 run_miniworld.py:238] Data collection iteration 0.
I1001 18:07:46.674803 47333437712192 run_miniworld.py:245] Evaluation iteration 0.
/home/mklissa/DCEO/lib/python3.8/site-packages/distrax/_src/distributions/categorical.py:96: UserWarning: Explicitly requested dtype <class 'jax.numpy.int64'> requested in astype is not available, and will be truncated to dtype int32. To enable more dtypes, set the jax_enable_x64 configuration option or the JAX_ENABLE_X64 shell environment variable. See https://github.com/google/jax#current-gotchas for more.
  return draws.astype(self._dtype)
I1001 18:07:56.712973 47333437712192 run_miniworld.py:262] iteration:   0
 frame:     0
 eval_episode_return:  0.00
 train_episode_return:  0.04
 train_exploration_epsilon: 1.000
 train_frame_rate:  687
I1001 18:08:02.464761 47333437712192 run_miniworld.py:238] Data collection iteration 1.
I1001 18:08:39.135937 47333437712192 run_miniworld.py:245] Evaluation iteration 1.
I1001 18:08:48.598434 47333437712192 run_miniworld.py:262] iteration:   1
 frame: 25000
 eval_episode_return:  0.00
 train_episode_return:  0.00
 train_exploration_epsilon: 1.000
 train_frame_rate:  682
I1001 18:08:51.734110 47333437712192 run_miniworld.py:238] Data collection iteration 2.
I1001 18:08:52.213301 47333437712192 dceo_agent.py:296] Begin learning
I1001 18:11:16.195048 47333437712192 run_miniworld.py:245] Evaluation iteration 2.
I1001 18:11:25.770023 47333437712192 run_miniworld.py:262] iteration:   2
 frame: 50000
 eval_episode_return:  0.00
 train_episode_return:  0.12
 train_exploration_epsilon: 0.955
 train_frame_rate:  173
I1001 18:11:28.837912 47333437712192 run_miniworld.py:238] Data collection iteration 3.
I1001 18:13:45.541570 47333437712192 run_miniworld.py:245] Evaluation iteration 3.
I1001 18:13:54.718083 47333437712192 run_miniworld.py:262] iteration:   3
 frame: 75000
 eval_episode_return:  0.00
 train_episode_return:  0.04
 train_exploration_epsilon: 0.910
 train_frame_rate:  183
I1001 18:13:57.937772 47333437712192 run_miniworld.py:238] Data collection iteration 4.
I1001 18:16:15.371457 47333437712192 run_miniworld.py:245] Evaluation iteration 4.
I1001 18:16:24.914281 47333437712192 run_miniworld.py:262] iteration:   4
 frame: 100000
 eval_episode_return:  0.00
 train_episode_return:  0.00
 train_exploration_epsilon: 0.865
 train_frame_rate:  182
I1001 18:16:28.065678 47333437712192 run_miniworld.py:238] Data collection iteration 5.
I1001 18:18:46.144174 47333437712192 run_miniworld.py:245] Evaluation iteration 5.
I1001 18:18:55.158362 47333437712192 run_miniworld.py:262] iteration:   5
 frame: 125000
 eval_episode_return:  0.00
 train_episode_return:  0.04
 train_exploration_epsilon: 0.820
 train_frame_rate:  181
I1001 18:18:57.986214 47333437712192 run_miniworld.py:238] Data collection iteration 6.
I1001 18:21:17.756194 47333437712192 run_miniworld.py:245] Evaluation iteration 6.
I1001 18:21:26.786170 47333437712192 run_miniworld.py:262] iteration:   6
 frame: 150000
 eval_episode_return:  0.00
 train_episode_return:  0.25
 train_exploration_epsilon: 0.775
 train_frame_rate:  179
I1001 18:21:29.583098 47333437712192 run_miniworld.py:238] Data collection iteration 7.
I1001 18:23:50.386637 47333437712192 run_miniworld.py:245] Evaluation iteration 7.
I1001 18:23:59.761813 47333437712192 run_miniworld.py:262] iteration:   7
 frame: 175000
 eval_episode_return:  0.00
 train_episode_return:  0.12
 train_exploration_epsilon: 0.730
 train_frame_rate:  178
I1001 18:24:02.519458 47333437712192 run_miniworld.py:238] Data collection iteration 8.
I1001 18:26:23.295381 47333437712192 run_miniworld.py:245] Evaluation iteration 8.
I1001 18:26:32.758747 47333437712192 run_miniworld.py:262] iteration:   8
 frame: 200000
 eval_episode_return:  0.00
 train_episode_return:  0.15
 train_exploration_epsilon: 0.685
 train_frame_rate:  178
I1001 18:26:35.531093 47333437712192 run_miniworld.py:238] Data collection iteration 9.
I1001 18:28:57.786868 47333437712192 run_miniworld.py:245] Evaluation iteration 9.
I1001 18:29:07.276872 47333437712192 run_miniworld.py:262] iteration:   9
 frame: 225000
 eval_episode_return:  0.00
 train_episode_return:  0.00
 train_exploration_epsilon: 0.640
 train_frame_rate:  176
I1001 18:29:10.510814 47333437712192 run_miniworld.py:238] Data collection iteration 10.
I1001 18:31:32.921097 47333437712192 run_miniworld.py:245] Evaluation iteration 10.
I1001 18:31:42.559411 47333437712192 run_miniworld.py:262] iteration:  10
 frame: 250000
 eval_episode_return:  0.00
 train_episode_return:  0.00
 train_exploration_epsilon: 0.595
 train_frame_rate:  176
I1001 18:31:45.978526 47333437712192 run_miniworld.py:238] Data collection iteration 11.
I1001 18:34:09.350652 47333437712192 run_miniworld.py:245] Evaluation iteration 11.
I1001 18:34:18.858390 47333437712192 run_miniworld.py:262] iteration:  11
 frame: 275000
 eval_episode_return:  0.00
 train_episode_return:  0.00
 train_exploration_epsilon: 0.550
 train_frame_rate:  174
I1001 18:34:22.071086 47333437712192 run_miniworld.py:238] Data collection iteration 12.
I1001 18:36:45.733907 47333437712192 run_miniworld.py:245] Evaluation iteration 12.
I1001 18:36:54.644909 47333437712192 run_miniworld.py:262] iteration:  12
 frame: 300000
 eval_episode_return:  0.00
 train_episode_return:  0.00
 train_exploration_epsilon: 0.505
 train_frame_rate:  174
I1001 18:36:57.465988 47333437712192 run_miniworld.py:238] Data collection iteration 13.
I1001 18:39:21.663618 47333437712192 run_miniworld.py:245] Evaluation iteration 13.
I1001 18:39:30.495875 47333437712192 run_miniworld.py:262] iteration:  13
 frame: 325000
 eval_episode_return:  0.00
 train_episode_return:  0.00
 train_exploration_epsilon: 0.460
 train_frame_rate:  173
I1001 18:39:33.266501 47333437712192 run_miniworld.py:238] Data collection iteration 14.
I1001 18:41:56.958229 47333437712192 run_miniworld.py:245] Evaluation iteration 14.
I1001 18:42:06.203263 47333437712192 run_miniworld.py:262] iteration:  14
 frame: 350000
 eval_episode_return:  0.00
 train_episode_return:  0.00
 train_exploration_epsilon: 0.415
 train_frame_rate:  174
I1001 18:42:09.506046 47333437712192 run_miniworld.py:238] Data collection iteration 15.
I1001 18:44:34.055624 47333437712192 run_miniworld.py:245] Evaluation iteration 15.
I1001 18:44:43.773151 47333437712192 run_miniworld.py:262] iteration:  15
 frame: 375000
 eval_episode_return:  0.00
 train_episode_return:  0.00
 train_exploration_epsilon: 0.370
 train_frame_rate:  173
I1001 18:44:47.109541 47333437712192 run_miniworld.py:238] Data collection iteration 16.
I1001 18:47:11.618514 47333437712192 run_miniworld.py:245] Evaluation iteration 16.
I1001 18:47:20.614310 47333437712192 run_miniworld.py:262] iteration:  16
 frame: 400000
 eval_episode_return:  0.00
 train_episode_return:  0.00
 train_exploration_epsilon: 0.325
 train_frame_rate:  173
I1001 18:47:23.396585 47333437712192 run_miniworld.py:238] Data collection iteration 17.
I1001 18:49:49.248045 47333437712192 run_miniworld.py:245] Evaluation iteration 17.
I1001 18:49:58.405344 47333437712192 run_miniworld.py:262] iteration:  17
 frame: 425000
 eval_episode_return:  0.00
 train_episode_return:  0.00
 train_exploration_epsilon: 0.280
 train_frame_rate:  171
I1001 18:50:01.722265 47333437712192 run_miniworld.py:238] Data collection iteration 18.
I1001 18:52:26.722972 47333437712192 run_miniworld.py:245] Evaluation iteration 18.
I1001 18:52:36.200758 47333437712192 run_miniworld.py:262] iteration:  18
 frame: 450000
 eval_episode_return:  0.00
 train_episode_return:  0.04
 train_exploration_epsilon: 0.235
 train_frame_rate:  172
I1001 18:52:39.531450 47333437712192 run_miniworld.py:238] Data collection iteration 19.
I1001 18:55:06.020579 47333437712192 run_miniworld.py:245] Evaluation iteration 19.
I1001 18:55:15.749779 47333437712192 run_miniworld.py:262] iteration:  19
 frame: 475000
 eval_episode_return:  0.00
 train_episode_return:  0.00
 train_exploration_epsilon: 0.190
 train_frame_rate:  171
I1001 18:55:18.665274 47333437712192 run_miniworld.py:238] Data collection iteration 20.
I1001 18:57:44.560381 47333437712192 run_miniworld.py:245] Evaluation iteration 20.
I1001 18:57:54.136033 47333437712192 run_miniworld.py:262] iteration:  20
 frame: 500000
 eval_episode_return:  0.00
 train_episode_return:  0.08
 train_exploration_epsilon: 0.145
 train_frame_rate:  171
I1001 18:57:57.660374 47333437712192 run_miniworld.py:238] Data collection iteration 21.
I1001 19:00:24.208530 47333437712192 run_miniworld.py:245] Evaluation iteration 21.
I1001 19:00:33.603293 47333437712192 run_miniworld.py:262] iteration:  21
 frame: 525000
 eval_episode_return:  0.00
 train_episode_return:  0.04
 train_exploration_epsilon: 0.100
 train_frame_rate:  171
I1001 19:00:36.488623 47333437712192 run_miniworld.py:238] Data collection iteration 22.
I1001 19:03:02.734979 47333437712192 run_miniworld.py:245] Evaluation iteration 22.
I1001 19:03:12.409183 47333437712192 run_miniworld.py:262] iteration:  22
 frame: 550000
 eval_episode_return:  0.00
 train_episode_return:  0.04
 train_exploration_epsilon: 0.100
 train_frame_rate:  171
I1001 19:03:15.856912 47333437712192 run_miniworld.py:238] Data collection iteration 23.
I1001 19:05:42.780815 47333437712192 run_miniworld.py:245] Evaluation iteration 23.
I1001 19:05:52.135262 47333437712192 run_miniworld.py:262] iteration:  23
 frame: 575000
 eval_episode_return:  0.00
 train_episode_return:  0.08
 train_exploration_epsilon: 0.100
 train_frame_rate:  170
I1001 19:05:55.353144 47333437712192 run_miniworld.py:238] Data collection iteration 24.
I1001 19:08:23.353732 47333437712192 run_miniworld.py:245] Evaluation iteration 24.
I1001 19:08:32.773614 47333437712192 run_miniworld.py:262] iteration:  24
 frame: 600000
 eval_episode_return:  0.00
 train_episode_return:  0.15
 train_exploration_epsilon: 0.100
 train_frame_rate:  169
I1001 19:08:35.627916 47333437712192 run_miniworld.py:238] Data collection iteration 25.
I1001 19:11:04.299395 47333437712192 run_miniworld.py:245] Evaluation iteration 25.
I1001 19:11:13.698196 47333437712192 run_miniworld.py:262] iteration:  25
 frame: 625000
 eval_episode_return:  0.00
 train_episode_return:  0.08
 train_exploration_epsilon: 0.100
 train_frame_rate:  168
I1001 19:11:34.086070 47333437712192 run_miniworld.py:238] Data collection iteration 26.
I1001 19:14:00.981612 47333437712192 run_miniworld.py:245] Evaluation iteration 26.
I1001 19:14:10.274241 47333437712192 run_miniworld.py:262] iteration:  26
 frame: 650000
 eval_episode_return:  0.00
 train_episode_return:  0.00
 train_exploration_epsilon: 0.100
 train_frame_rate:  170
I1001 19:14:13.630223 47333437712192 run_miniworld.py:238] Data collection iteration 27.
I1001 19:16:40.777443 47333437712192 run_miniworld.py:245] Evaluation iteration 27.
I1001 19:16:50.087118 47333437712192 run_miniworld.py:262] iteration:  27
 frame: 675000
 eval_episode_return:  0.00
 train_episode_return:  0.04
 train_exploration_epsilon: 0.100
 train_frame_rate:  170
I1001 19:16:53.733929 47333437712192 run_miniworld.py:238] Data collection iteration 28.
I1001 19:19:22.808109 47333437712192 run_miniworld.py:245] Evaluation iteration 28.
I1001 19:19:32.321272 47333437712192 run_miniworld.py:262] iteration:  28
 frame: 700000
 eval_episode_return:  0.00
 train_episode_return:  0.22
 train_exploration_epsilon: 0.100
 train_frame_rate:  168
I1001 19:19:35.205691 47333437712192 run_miniworld.py:238] Data collection iteration 29.
I1001 19:22:02.940145 47333437712192 run_miniworld.py:245] Evaluation iteration 29.
I1001 19:22:12.480095 47333437712192 run_miniworld.py:262] iteration:  29
 frame: 725000
 eval_episode_return:  0.00
 train_episode_return:  0.04
 train_exploration_epsilon: 0.100
 train_frame_rate:  169
I1001 19:22:16.153572 47333437712192 run_miniworld.py:238] Data collection iteration 30.
I1001 19:24:45.548171 47333437712192 run_miniworld.py:245] Evaluation iteration 30.
I1001 19:24:55.150733 47333437712192 run_miniworld.py:262] iteration:  30
 frame: 750000
 eval_episode_return:  0.00
 train_episode_return:  0.08
 train_exploration_epsilon: 0.100
 train_frame_rate:  167
I1001 19:24:58.029053 47333437712192 run_miniworld.py:238] Data collection iteration 31.
I1001 19:27:26.886092 47333437712192 run_miniworld.py:245] Evaluation iteration 31.
I1001 19:27:36.345305 47333437712192 run_miniworld.py:262] iteration:  31
 frame: 775000
 eval_episode_return:  0.00
 train_episode_return:  0.15
 train_exploration_epsilon: 0.100
 train_frame_rate:  168
I1001 19:27:40.068481 47333437712192 run_miniworld.py:238] Data collection iteration 32.
I1001 19:30:10.104238 47333437712192 run_miniworld.py:245] Evaluation iteration 32.
I1001 19:30:19.647840 47333437712192 run_miniworld.py:262] iteration:  32
 frame: 800000
 eval_episode_return:  0.00
 train_episode_return:  0.04
 train_exploration_epsilon: 0.100
 train_frame_rate:  167
I1001 19:30:22.448017 47333437712192 run_miniworld.py:238] Data collection iteration 33.
I1001 19:32:52.736493 47333437712192 run_miniworld.py:245] Evaluation iteration 33.
I1001 19:33:02.221778 47333437712192 run_miniworld.py:262] iteration:  33
 frame: 825000
 eval_episode_return:  0.00
 train_episode_return:  0.04
 train_exploration_epsilon: 0.100
 train_frame_rate:  166
I1001 19:33:05.073759 47333437712192 run_miniworld.py:238] Data collection iteration 34.
I1001 19:35:36.280239 47333437712192 run_miniworld.py:245] Evaluation iteration 34.
I1001 19:35:45.661282 47333437712192 run_miniworld.py:262] iteration:  34
 frame: 850000
 eval_episode_return:  0.00
 train_episode_return:  0.08
 train_exploration_epsilon: 0.100
 train_frame_rate:  165
I1001 19:35:48.513732 47333437712192 run_miniworld.py:238] Data collection iteration 35.
I1001 19:38:19.690880 47333437712192 run_miniworld.py:245] Evaluation iteration 35.
I1001 19:38:29.152159 47333437712192 run_miniworld.py:262] iteration:  35
 frame: 875000
 eval_episode_return:  0.00
 train_episode_return:  0.19
 train_exploration_epsilon: 0.100
 train_frame_rate:  165
I1001 19:38:32.114634 47333437712192 run_miniworld.py:238] Data collection iteration 36.
I1001 19:41:03.850426 47333437712192 run_miniworld.py:245] Evaluation iteration 36.
I1001 19:41:13.321545 47333437712192 run_miniworld.py:262] iteration:  36
 frame: 900000
 eval_episode_return:  0.00
 train_episode_return:  0.00
 train_exploration_epsilon: 0.100
 train_frame_rate:  165
I1001 19:41:16.134188 47333437712192 run_miniworld.py:238] Data collection iteration 37.
I1001 19:43:47.413809 47333437712192 run_miniworld.py:245] Evaluation iteration 37.
I1001 19:43:56.994671 47333437712192 run_miniworld.py:262] iteration:  37
 frame: 925000
 eval_episode_return:  0.00
 train_episode_return:  0.12
 train_exploration_epsilon: 0.100
 train_frame_rate:  165
I1001 19:43:59.916220 47333437712192 run_miniworld.py:238] Data collection iteration 38.
I1001 19:46:31.462636 47333437712192 run_miniworld.py:245] Evaluation iteration 38.
I1001 19:46:40.935868 47333437712192 run_miniworld.py:262] iteration:  38
 frame: 950000
 eval_episode_return:  0.00
 train_episode_return:  0.00
 train_exploration_epsilon: 0.100
 train_frame_rate:  165
I1001 19:46:44.636903 47333437712192 run_miniworld.py:238] Data collection iteration 39.
I1001 19:49:16.737586 47333437712192 run_miniworld.py:245] Evaluation iteration 39.
I1001 19:49:26.500370 47333437712192 run_miniworld.py:262] iteration:  39
 frame: 975000
 eval_episode_return:  0.00
 train_episode_return:  0.15
 train_exploration_epsilon: 0.100
 train_frame_rate:  164
I1001 19:49:29.323042 47333437712192 run_miniworld.py:238] Data collection iteration 40.
I1001 19:52:00.290892 47333437712192 run_miniworld.py:245] Evaluation iteration 40.
I1001 19:52:09.830370 47333437712192 run_miniworld.py:262] iteration:  40
 frame: 1000000
 eval_episode_return:  0.00
 train_episode_return:  0.12
 train_exploration_epsilon: 0.100
 train_frame_rate:  166
I1001 19:52:13.680541 47333437712192 run_miniworld.py:238] Data collection iteration 41.
I1001 19:54:46.081128 47333437712192 run_miniworld.py:245] Evaluation iteration 41.
I1001 19:54:55.490960 47333437712192 run_miniworld.py:262] iteration:  41
 frame: 1025000
 eval_episode_return:  0.00
 train_episode_return:  0.12
 train_exploration_epsilon: 0.100
 train_frame_rate:  164
I1001 19:54:58.370722 47333437712192 run_miniworld.py:238] Data collection iteration 42.
I1001 19:57:30.289822 47333437712192 run_miniworld.py:245] Evaluation iteration 42.
I1001 19:57:40.082232 47333437712192 run_miniworld.py:262] iteration:  42
 frame: 1050000
 eval_episode_return:  0.00
 train_episode_return:  0.08
 train_exploration_epsilon: 0.100
 train_frame_rate:  165
I1001 19:57:42.987258 47333437712192 run_miniworld.py:238] Data collection iteration 43.
I1001 20:00:16.112284 47333437712192 run_miniworld.py:245] Evaluation iteration 43.
I1001 20:00:25.583986 47333437712192 run_miniworld.py:262] iteration:  43
 frame: 1075000
 eval_episode_return:  0.00
 train_episode_return:  0.12
 train_exploration_epsilon: 0.100
 train_frame_rate:  163
I1001 20:00:28.728443 47333437712192 run_miniworld.py:238] Data collection iteration 44.
I1001 20:03:01.251507 47333437712192 run_miniworld.py:245] Evaluation iteration 44.
I1001 20:03:10.793074 47333437712192 run_miniworld.py:262] iteration:  44
 frame: 1100000
 eval_episode_return:  0.00
 train_episode_return:  0.19
 train_exploration_epsilon: 0.100
 train_frame_rate:  164
I1001 20:03:13.692485 47333437712192 run_miniworld.py:238] Data collection iteration 45.
I1001 20:05:45.819919 47333437712192 run_miniworld.py:245] Evaluation iteration 45.
I1001 20:05:55.319006 47333437712192 run_miniworld.py:262] iteration:  45
 frame: 1125000
 eval_episode_return:  0.00
 train_episode_return:  0.19
 train_exploration_epsilon: 0.100
 train_frame_rate:  164
I1001 20:05:58.981732 47333437712192 run_miniworld.py:238] Data collection iteration 46.
I1001 20:08:31.687952 47333437712192 run_miniworld.py:245] Evaluation iteration 46.
I1001 20:08:41.628016 47333437712192 run_miniworld.py:262] iteration:  46
 frame: 1150000
 eval_episode_return:  0.00
 train_episode_return:  0.04
 train_exploration_epsilon: 0.100
 train_frame_rate:  164
I1001 20:08:44.425740 47333437712192 run_miniworld.py:238] Data collection iteration 47.
I1001 20:11:17.473104 47333437712192 run_miniworld.py:245] Evaluation iteration 47.
I1001 20:11:26.978065 47333437712192 run_miniworld.py:262] iteration:  47
 frame: 1175000
 eval_episode_return:  0.00
 train_episode_return:  0.08
 train_exploration_epsilon: 0.100
 train_frame_rate:  163
I1001 20:11:30.794298 47333437712192 run_miniworld.py:238] Data collection iteration 48.
I1001 20:14:04.241079 47333437712192 run_miniworld.py:245] Evaluation iteration 48.
I1001 20:14:13.645758 47333437712192 run_miniworld.py:262] iteration:  48
 frame: 1200000
 eval_episode_return:  0.00
 train_episode_return:  0.00
 train_exploration_epsilon: 0.100
 train_frame_rate:  163
I1001 20:14:16.438160 47333437712192 run_miniworld.py:238] Data collection iteration 49.
I1001 20:16:50.521538 47333437712192 run_miniworld.py:245] Evaluation iteration 49.
I1001 20:17:00.095215 47333437712192 run_miniworld.py:262] iteration:  49
 frame: 1225000
 eval_episode_return:  0.00
 train_episode_return:  0.00
 train_exploration_epsilon: 0.100
 train_frame_rate:  162
I1001 20:17:02.937326 47333437712192 run_miniworld.py:238] Data collection iteration 50.
I1001 20:19:36.778150 47333437712192 run_miniworld.py:245] Evaluation iteration 50.
I1001 20:19:46.725679 47333437712192 run_miniworld.py:262] iteration:  50
 frame: 1250000
 eval_episode_return:  0.00
 train_episode_return:  0.00
 train_exploration_epsilon: 0.100
 train_frame_rate:  163
I1001 20:19:51.030512 47333437712192 run_miniworld.py:238] Data collection iteration 51.
I1001 20:22:24.321632 47333437712192 run_miniworld.py:245] Evaluation iteration 51.
I1001 20:22:33.831264 47333437712192 run_miniworld.py:262] iteration:  51
 frame: 1275000
 eval_episode_return:  0.00
 train_episode_return:  0.00
 train_exploration_epsilon: 0.100
 train_frame_rate:  163
I1001 20:22:36.795419 47333437712192 run_miniworld.py:238] Data collection iteration 52.
I1001 20:25:10.113861 47333437712192 run_miniworld.py:245] Evaluation iteration 52.
I1001 20:25:19.641822 47333437712192 run_miniworld.py:262] iteration:  52
 frame: 1300000
 eval_episode_return:  0.00
 train_episode_return:  0.12
 train_exploration_epsilon: 0.100
 train_frame_rate:  163
I1001 20:25:23.435921 47333437712192 run_miniworld.py:238] Data collection iteration 53.
I1001 20:27:56.450590 47333437712192 run_miniworld.py:245] Evaluation iteration 53.
I1001 20:28:05.948426 47333437712192 run_miniworld.py:262] iteration:  53
 frame: 1325000
 eval_episode_return:  0.00
 train_episode_return:  0.04
 train_exploration_epsilon: 0.100
 train_frame_rate:  163
I1001 20:28:08.856316 47333437712192 run_miniworld.py:238] Data collection iteration 54.
I1001 20:30:41.546757 47333437712192 run_miniworld.py:245] Evaluation iteration 54.
I1001 20:30:51.394326 47333437712192 run_miniworld.py:262] iteration:  54
 frame: 1350000
 eval_episode_return:  0.00
 train_episode_return:  0.04
 train_exploration_epsilon: 0.100
 train_frame_rate:  164
I1001 20:30:54.255447 47333437712192 run_miniworld.py:238] Data collection iteration 55.
I1001 20:33:27.884298 47333437712192 run_miniworld.py:245] Evaluation iteration 55.
I1001 20:33:37.798308 47333437712192 run_miniworld.py:262] iteration:  55
 frame: 1375000
 eval_episode_return:  0.00
 train_episode_return:  0.16
 train_exploration_epsilon: 0.100
 train_frame_rate:  163
I1001 20:33:41.591059 47333437712192 run_miniworld.py:238] Data collection iteration 56.
I1001 20:36:15.071069 47333437712192 run_miniworld.py:245] Evaluation iteration 56.
I1001 20:36:24.628364 47333437712192 run_miniworld.py:262] iteration:  56
 frame: 1400000
 eval_episode_return:  0.00
 train_episode_return:  0.00
 train_exploration_epsilon: 0.100
 train_frame_rate:  163
I1001 20:36:27.452150 47333437712192 run_miniworld.py:238] Data collection iteration 57.
I1001 20:39:01.328989 47333437712192 run_miniworld.py:245] Evaluation iteration 57.
I1001 20:39:11.273349 47333437712192 run_miniworld.py:262] iteration:  57
 frame: 1425000
 eval_episode_return:  0.00
 train_episode_return:  0.00
 train_exploration_epsilon: 0.100
 train_frame_rate:  162
I1001 20:39:15.019089 47333437712192 run_miniworld.py:238] Data collection iteration 58.
I1001 20:41:48.935355 47333437712192 run_miniworld.py:245] Evaluation iteration 58.
I1001 20:41:58.548264 47333437712192 run_miniworld.py:262] iteration:  58
 frame: 1450000
 eval_episode_return:  0.00
 train_episode_return:  0.19
 train_exploration_epsilon: 0.100
 train_frame_rate:  162
I1001 20:42:01.388665 47333437712192 run_miniworld.py:238] Data collection iteration 59.
I1001 20:44:35.902935 47333437712192 run_miniworld.py:245] Evaluation iteration 59.
I1001 20:44:45.803812 47333437712192 run_miniworld.py:262] iteration:  59
 frame: 1475000
 eval_episode_return:  0.00
 train_episode_return:  0.12
 train_exploration_epsilon: 0.100
 train_frame_rate:  162
I1001 20:44:48.691156 47333437712192 run_miniworld.py:238] Data collection iteration 60.
I1001 20:47:22.174787 47333437712192 run_miniworld.py:245] Evaluation iteration 60.
I1001 20:47:31.732368 47333437712192 run_miniworld.py:262] iteration:  60
 frame: 1500000
 eval_episode_return:  0.00
 train_episode_return:  0.04
 train_exploration_epsilon: 0.100
 train_frame_rate:  163
I1001 20:47:35.676342 47333437712192 run_miniworld.py:238] Data collection iteration 61.
I1001 20:50:09.847362 47333437712192 run_miniworld.py:245] Evaluation iteration 61.
I1001 20:50:19.463320 47333437712192 run_miniworld.py:262] iteration:  61
 frame: 1525000
 eval_episode_return:  0.00
 train_episode_return:  0.15
 train_exploration_epsilon: 0.100
 train_frame_rate:  162
I1001 20:50:22.493351 47333437712192 run_miniworld.py:238] Data collection iteration 62.
I1001 20:52:56.140414 47333437712192 run_miniworld.py:245] Evaluation iteration 62.
I1001 20:53:05.847570 47333437712192 run_miniworld.py:262] iteration:  62
 frame: 1550000
 eval_episode_return:  0.00
 train_episode_return:  0.15
 train_exploration_epsilon: 0.100
 train_frame_rate:  163
I1001 20:53:09.664162 47333437712192 run_miniworld.py:238] Data collection iteration 63.
I1001 20:55:44.049315 47333437712192 run_miniworld.py:245] Evaluation iteration 63.
I1001 20:55:54.022432 47333437712192 run_miniworld.py:262] iteration:  63
 frame: 1575000
 eval_episode_return:  0.00
 train_episode_return:  0.08
 train_exploration_epsilon: 0.100
 train_frame_rate:  162
I1001 20:55:56.935327 47333437712192 run_miniworld.py:238] Data collection iteration 64.
I1001 20:58:31.209728 47333437712192 run_miniworld.py:245] Evaluation iteration 64.
I1001 20:58:40.875267 47333437712192 run_miniworld.py:262] iteration:  64
 frame: 1600000
 eval_episode_return:  0.00
 train_episode_return:  0.04
 train_exploration_epsilon: 0.100
 train_frame_rate:  162
I1001 20:58:43.803083 47333437712192 run_miniworld.py:238] Data collection iteration 65.
I1001 21:01:19.622789 47333437712192 run_miniworld.py:245] Evaluation iteration 65.
I1001 21:01:29.584767 47333437712192 run_miniworld.py:262] iteration:  65
 frame: 1625000
 eval_episode_return:  0.00
 train_episode_return:  0.00
 train_exploration_epsilon: 0.100
 train_frame_rate:  160
I1001 21:01:32.500065 47333437712192 run_miniworld.py:238] Data collection iteration 66.
I1001 21:04:06.704499 47333437712192 run_miniworld.py:245] Evaluation iteration 66.
I1001 21:04:16.290553 47333437712192 run_miniworld.py:262] iteration:  66
 frame: 1650000
 eval_episode_return:  0.00
 train_episode_return:  0.00
 train_exploration_epsilon: 0.100
 train_frame_rate:  162
I1001 21:04:19.132175 47333437712192 run_miniworld.py:238] Data collection iteration 67.
I1001 21:06:53.767429 47333437712192 run_miniworld.py:245] Evaluation iteration 67.
I1001 21:07:03.731474 47333437712192 run_miniworld.py:262] iteration:  67
 frame: 1675000
 eval_episode_return:  0.00
 train_episode_return:  0.08
 train_exploration_epsilon: 0.100
 train_frame_rate:  162
I1001 21:07:07.469812 47333437712192 run_miniworld.py:238] Data collection iteration 68.
I1001 21:09:41.954963 47333437712192 run_miniworld.py:245] Evaluation iteration 68.
I1001 21:09:51.698647 47333437712192 run_miniworld.py:262] iteration:  68
 frame: 1700000
 eval_episode_return:  0.00
 train_episode_return:  0.08
 train_exploration_epsilon: 0.100
 train_frame_rate:  162
I1001 21:09:54.595021 47333437712192 run_miniworld.py:238] Data collection iteration 69.
I1001 21:12:28.748295 47333437712192 run_miniworld.py:245] Evaluation iteration 69.
I1001 21:12:38.533809 47333437712192 run_miniworld.py:262] iteration:  69
 frame: 1725000
 eval_episode_return:  0.00
 train_episode_return:  0.08
 train_exploration_epsilon: 0.100
 train_frame_rate:  162
I1001 21:12:42.477427 47333437712192 run_miniworld.py:238] Data collection iteration 70.
I1001 21:15:17.637913 47333437712192 run_miniworld.py:245] Evaluation iteration 70.
I1001 21:15:27.280625 47333437712192 run_miniworld.py:262] iteration:  70
 frame: 1750000
 eval_episode_return:  0.00
 train_episode_return:  0.00
 train_exploration_epsilon: 0.100
 train_frame_rate:  161
I1001 21:15:30.430847 47333437712192 run_miniworld.py:238] Data collection iteration 71.
I1001 21:18:04.975268 47333437712192 run_miniworld.py:245] Evaluation iteration 71.
I1001 21:18:14.456288 47333437712192 run_miniworld.py:262] iteration:  71
 frame: 1775000
 eval_episode_return:  0.00
 train_episode_return:  0.12
 train_exploration_epsilon: 0.100
 train_frame_rate:  162
I1001 21:18:17.449789 47333437712192 run_miniworld.py:238] Data collection iteration 72.
I1001 21:20:51.794000 47333437712192 run_miniworld.py:245] Evaluation iteration 72.
I1001 21:21:01.283076 47333437712192 run_miniworld.py:262] iteration:  72
 frame: 1800000
 eval_episode_return:  0.00
 train_episode_return:  0.28
 train_exploration_epsilon: 0.100
 train_frame_rate:  162
I1001 21:21:05.166472 47333437712192 run_miniworld.py:238] Data collection iteration 73.
I1001 21:23:39.158784 47333437712192 run_miniworld.py:245] Evaluation iteration 73.
I1001 21:23:48.739857 47333437712192 run_miniworld.py:262] iteration:  73
 frame: 1825000
 eval_episode_return:  0.00
 train_episode_return:  0.12
 train_exploration_epsilon: 0.100
 train_frame_rate:  162
I1001 21:23:51.813046 47333437712192 run_miniworld.py:238] Data collection iteration 74.
I1001 21:26:25.376506 47333437712192 run_miniworld.py:245] Evaluation iteration 74.
I1001 21:26:35.351079 47333437712192 run_miniworld.py:262] iteration:  74
 frame: 1850000
 eval_episode_return:  0.00
 train_episode_return:  0.38
 train_exploration_epsilon: 0.100
 train_frame_rate:  163
I1001 21:26:39.478108 47333437712192 run_miniworld.py:238] Data collection iteration 75.
I1001 21:29:13.524354 47333437712192 run_miniworld.py:245] Evaluation iteration 75.
I1001 21:29:23.022581 47333437712192 run_miniworld.py:262] iteration:  75
 frame: 1875000
 eval_episode_return:  0.00
 train_episode_return:  0.33
 train_exploration_epsilon: 0.100
 train_frame_rate:  162
I1001 21:29:25.889918 47333437712192 run_miniworld.py:238] Data collection iteration 76.
I1001 21:31:59.860637 47333437712192 run_miniworld.py:245] Evaluation iteration 76.
I1001 21:32:09.393217 47333437712192 run_miniworld.py:262] iteration:  76
 frame: 1900000
 eval_episode_return:  0.00
 train_episode_return:  0.21
 train_exploration_epsilon: 0.100
 train_frame_rate:  162
I1001 21:32:12.201838 47333437712192 run_miniworld.py:238] Data collection iteration 77.
I1001 21:34:45.744182 47333437712192 run_miniworld.py:245] Evaluation iteration 77.
I1001 21:34:55.566910 47333437712192 run_miniworld.py:262] iteration:  77
 frame: 1925000
 eval_episode_return:  0.00
 train_episode_return:  0.24
 train_exploration_epsilon: 0.100
 train_frame_rate:  163
I1001 21:34:59.673134 47333437712192 run_miniworld.py:238] Data collection iteration 78.
I1001 21:37:33.568001 47333437712192 run_miniworld.py:245] Evaluation iteration 78.
I1001 21:37:43.558443 47333437712192 run_miniworld.py:262] iteration:  78
 frame: 1950000
 eval_episode_return:  0.00
 train_episode_return:  0.15
 train_exploration_epsilon: 0.100
 train_frame_rate:  162
I1001 21:37:46.635066 47333437712192 run_miniworld.py:238] Data collection iteration 79.
I1001 21:40:20.537598 47333437712192 run_miniworld.py:245] Evaluation iteration 79.
I1001 21:40:30.389677 47333437712192 run_miniworld.py:262] iteration:  79
 frame: 1975000
 eval_episode_return:  0.00
 train_episode_return:  0.22
 train_exploration_epsilon: 0.100
 train_frame_rate:  162
I1001 21:40:35.288180 47333437712192 run_miniworld.py:238] Data collection iteration 80.
I1001 21:43:09.058340 47333437712192 run_miniworld.py:245] Evaluation iteration 80.
I1001 21:43:18.526988 47333437712192 run_miniworld.py:262] iteration:  80
 frame: 2000000
 eval_episode_return:  0.00
 train_episode_return:  0.22
 train_exploration_epsilon: 0.100
 train_frame_rate:  163
I1001 21:43:21.495015 47333437712192 run_miniworld.py:238] Data collection iteration 81.
I1001 21:45:55.174417 47333437712192 run_miniworld.py:245] Evaluation iteration 81.
I1001 21:46:04.634973 47333437712192 run_miniworld.py:262] iteration:  81
 frame: 2025000
 eval_episode_return:  0.00
 train_episode_return:  0.15
 train_exploration_epsilon: 0.100
 train_frame_rate:  163
I1001 21:46:07.687436 47333437712192 run_miniworld.py:238] Data collection iteration 82.
I1001 21:48:43.448214 47333437712192 run_miniworld.py:245] Evaluation iteration 82.
I1001 21:48:53.083788 47333437712192 run_miniworld.py:262] iteration:  82
 frame: 2050000
 eval_episode_return:  0.00
 train_episode_return:  0.19
 train_exploration_epsilon: 0.100
 train_frame_rate:  161
I1001 21:48:56.100226 47333437712192 run_miniworld.py:238] Data collection iteration 83.
I1001 21:51:29.939766 47333437712192 run_miniworld.py:245] Evaluation iteration 83.
I1001 21:51:39.542067 47333437712192 run_miniworld.py:262] iteration:  83
 frame: 2075000
 eval_episode_return:  0.00
 train_episode_return:  0.53
 train_exploration_epsilon: 0.100
 train_frame_rate:  163
I1001 21:51:42.361605 47333437712192 run_miniworld.py:238] Data collection iteration 84.
I1001 21:54:15.366060 47333437712192 run_miniworld.py:245] Evaluation iteration 84.
I1001 21:54:25.108723 47333437712192 run_miniworld.py:262] iteration:  84
 frame: 2100000
 eval_episode_return:  0.00
 train_episode_return:  0.34
 train_exploration_epsilon: 0.100
 train_frame_rate:  163
I1001 21:54:29.109118 47333437712192 run_miniworld.py:238] Data collection iteration 85.
I1001 21:57:03.069414 47333437712192 run_miniworld.py:245] Evaluation iteration 85.
I1001 21:57:12.901551 47333437712192 run_miniworld.py:262] iteration:  85
 frame: 2125000
 eval_episode_return:  0.00
 train_episode_return:  0.45
 train_exploration_epsilon: 0.100
 train_frame_rate:  162
I1001 21:57:15.839288 47333437712192 run_miniworld.py:238] Data collection iteration 86.
I1001 21:59:49.299208 47333437712192 run_miniworld.py:245] Evaluation iteration 86.
I1001 21:59:58.784960 47333437712192 run_miniworld.py:262] iteration:  86
 frame: 2150000
 eval_episode_return:  0.00
 train_episode_return:  0.47
 train_exploration_epsilon: 0.100
 train_frame_rate:  163
I1001 22:00:02.683173 47333437712192 run_miniworld.py:238] Data collection iteration 87.
I1001 22:02:37.490147 47333437712192 run_miniworld.py:245] Evaluation iteration 87.
I1001 22:02:47.165488 47333437712192 run_miniworld.py:262] iteration:  87
 frame: 2175000
 eval_episode_return:  0.00
 train_episode_return:  0.68
 train_exploration_epsilon: 0.100
 train_frame_rate:  161
I1001 22:02:50.009276 47333437712192 run_miniworld.py:238] Data collection iteration 88.
I1001 22:05:23.479633 47333437712192 run_miniworld.py:245] Evaluation iteration 88.
I1001 22:05:32.979614 47333437712192 run_miniworld.py:262] iteration:  88
 frame: 2200000
 eval_episode_return:  0.00
 train_episode_return:  0.59
 train_exploration_epsilon: 0.100
 train_frame_rate:  163
I1001 22:05:36.042838 47333437712192 run_miniworld.py:238] Data collection iteration 89.
I1001 22:08:09.513924 47333437712192 run_miniworld.py:245] Evaluation iteration 89.
I1001 22:08:19.009738 47333437712192 run_miniworld.py:262] iteration:  89
 frame: 2225000
 eval_episode_return:  0.00
 train_episode_return:  0.43
 train_exploration_epsilon: 0.100
 train_frame_rate:  163
I1001 22:08:23.258263 47333437712192 run_miniworld.py:238] Data collection iteration 90.
I1001 22:10:57.081753 47333437712192 run_miniworld.py:245] Evaluation iteration 90.
I1001 22:11:06.887140 47333437712192 run_miniworld.py:262] iteration:  90
 frame: 2250000
 eval_episode_return:  0.00
 train_episode_return:  0.78
 train_exploration_epsilon: 0.100
 train_frame_rate:  163
I1001 22:11:10.185197 47333437712192 run_miniworld.py:238] Data collection iteration 91.
I1001 22:13:44.770798 47333437712192 run_miniworld.py:245] Evaluation iteration 91.
I1001 22:13:54.300935 47333437712192 run_miniworld.py:262] iteration:  91
 frame: 2275000
 eval_episode_return:  0.00
 train_episode_return:  0.60
 train_exploration_epsilon: 0.100
 train_frame_rate:  162
I1001 22:13:58.263743 47333437712192 run_miniworld.py:238] Data collection iteration 92.
I1001 22:16:32.519285 47333437712192 run_miniworld.py:245] Evaluation iteration 92.
I1001 22:16:42.200414 47333437712192 run_miniworld.py:262] iteration:  92
 frame: 2300000
 eval_episode_return:  0.00
 train_episode_return:  0.62
 train_exploration_epsilon: 0.100
 train_frame_rate:  162
I1001 22:16:45.030080 47333437712192 run_miniworld.py:238] Data collection iteration 93.
I1001 22:19:18.598265 47333437712192 run_miniworld.py:245] Evaluation iteration 93.
I1001 22:19:28.184216 47333437712192 run_miniworld.py:262] iteration:  93
 frame: 2325000
 eval_episode_return:  0.00
 train_episode_return:  0.41
 train_exploration_epsilon: 0.100
 train_frame_rate:  163
I1001 22:19:31.469598 47333437712192 run_miniworld.py:238] Data collection iteration 94.
I1001 22:22:04.998961 47333437712192 run_miniworld.py:245] Evaluation iteration 94.
I1001 22:22:14.656297 47333437712192 run_miniworld.py:262] iteration:  94
 frame: 2350000
 eval_episode_return:  0.00
 train_episode_return:  0.52
 train_exploration_epsilon: 0.100
 train_frame_rate:  163
I1001 22:22:18.679365 47333437712192 run_miniworld.py:238] Data collection iteration 95.
I1001 22:24:53.523484 47333437712192 run_miniworld.py:245] Evaluation iteration 95.
I1001 22:25:03.733041 47333437712192 run_miniworld.py:262] iteration:  95
 frame: 2375000
 eval_episode_return:  0.00
 train_episode_return:  0.69
 train_exploration_epsilon: 0.100
 train_frame_rate:  161
I1001 22:25:06.567658 47333437712192 run_miniworld.py:238] Data collection iteration 96.
I1001 22:27:40.978185 47333437712192 run_miniworld.py:245] Evaluation iteration 96.
I1001 22:27:50.590356 47333437712192 run_miniworld.py:262] iteration:  96
 frame: 2400000
 eval_episode_return:  0.00
 train_episode_return:  0.64
 train_exploration_epsilon: 0.100
 train_frame_rate:  162
I1001 22:27:54.772718 47333437712192 run_miniworld.py:238] Data collection iteration 97.
I1001 22:30:29.635789 47333437712192 run_miniworld.py:245] Evaluation iteration 97.
I1001 22:30:39.510582 47333437712192 run_miniworld.py:262] iteration:  97
 frame: 2425000
 eval_episode_return:  0.00
 train_episode_return:  0.92
 train_exploration_epsilon: 0.100
 train_frame_rate:  161
I1001 22:30:42.532888 47333437712192 run_miniworld.py:238] Data collection iteration 98.
I1001 22:33:18.078549 47333437712192 run_miniworld.py:245] Evaluation iteration 98.
I1001 22:33:27.737415 47333437712192 run_miniworld.py:262] iteration:  98
 frame: 2450000
 eval_episode_return:  0.00
 train_episode_return:  0.90
 train_exploration_epsilon: 0.100
 train_frame_rate:  161
I1001 22:33:31.188162 47333437712192 run_miniworld.py:238] Data collection iteration 99.
I1001 22:36:06.687537 47333437712192 run_miniworld.py:245] Evaluation iteration 99.
I1001 22:36:16.236213 47333437712192 run_miniworld.py:262] iteration:  99
 frame: 2475000
 eval_episode_return:  0.00
 train_episode_return:  0.93
 train_exploration_epsilon: 0.100
 train_frame_rate:  161
I1001 22:36:20.532140 47333437712192 run_miniworld.py:238] Data collection iteration 100.
I1001 22:38:57.446258 47333437712192 run_miniworld.py:245] Evaluation iteration 100.
I1001 22:39:07.221000 47333437712192 run_miniworld.py:262] iteration: 100
 frame: 2500000
 eval_episode_return:  0.00
 train_episode_return:  1.00
 train_exploration_epsilon: 0.100
 train_frame_rate:  159
I1001 22:39:10.052582 47333437712192 run_miniworld.py:238] Data collection iteration 101.
I1001 22:41:46.275862 47333437712192 run_miniworld.py:245] Evaluation iteration 101.
I1001 22:41:56.156949 47333437712192 run_miniworld.py:262] iteration: 101
 frame: 2525000
 eval_episode_return:  0.00
 train_episode_return:  0.95
 train_exploration_epsilon: 0.100
 train_frame_rate:  160
I1001 22:42:00.074045 47333437712192 run_miniworld.py:238] Data collection iteration 102.
I1001 22:44:37.729614 47333437712192 run_miniworld.py:245] Evaluation iteration 102.
I1001 22:44:47.590363 47333437712192 run_miniworld.py:262] iteration: 102
 frame: 2550000
 eval_episode_return:  0.00
 train_episode_return:  0.99
 train_exploration_epsilon: 0.100
 train_frame_rate:  159
I1001 22:44:50.577252 47333437712192 run_miniworld.py:238] Data collection iteration 103.
I1001 22:47:27.071310 47333437712192 run_miniworld.py:245] Evaluation iteration 103.
I1001 22:47:36.854111 47333437712192 run_miniworld.py:262] iteration: 103
 frame: 2575000
 eval_episode_return:  0.00
 train_episode_return:  1.00
 train_exploration_epsilon: 0.100
 train_frame_rate:  160
I1001 22:47:39.782387 47333437712192 run_miniworld.py:238] Data collection iteration 104.
I1001 22:50:17.868073 47333437712192 run_miniworld.py:245] Evaluation iteration 104.
I1001 22:50:27.436521 47333437712192 run_miniworld.py:262] iteration: 104
 frame: 2600000
 eval_episode_return:  0.00
 train_episode_return:  0.99
 train_exploration_epsilon: 0.100
 train_frame_rate:  158
I1001 22:50:30.262158 47333437712192 run_miniworld.py:238] Data collection iteration 105.
I1001 22:53:07.087339 47333437712192 run_miniworld.py:245] Evaluation iteration 105.
I1001 22:53:16.639792 47333437712192 run_miniworld.py:262] iteration: 105
 frame: 2625000
 eval_episode_return:  0.00
 train_episode_return:  0.98
 train_exploration_epsilon: 0.100
 train_frame_rate:  159
I1001 22:53:19.786950 47333437712192 run_miniworld.py:238] Data collection iteration 106.
I1001 22:55:57.332432 47333437712192 run_miniworld.py:245] Evaluation iteration 106.
I1001 22:56:07.244974 47333437712192 run_miniworld.py:262] iteration: 106
 frame: 2650000
 eval_episode_return:  0.00
 train_episode_return:  1.00
 train_exploration_epsilon: 0.100
 train_frame_rate:  159
I1001 22:56:11.249642 47333437712192 run_miniworld.py:238] Data collection iteration 107.
I1001 22:58:48.659722 47333437712192 run_miniworld.py:245] Evaluation iteration 107.
I1001 22:58:58.188828 47333437712192 run_miniworld.py:262] iteration: 107
 frame: 2675000
 eval_episode_return:  0.00
 train_episode_return:  0.99
 train_exploration_epsilon: 0.100
 train_frame_rate:  159
I1001 22:59:01.156814 47333437712192 run_miniworld.py:238] Data collection iteration 108.
I1001 23:01:38.219830 47333437712192 run_miniworld.py:245] Evaluation iteration 108.
I1001 23:01:48.077848 47333437712192 run_miniworld.py:262] iteration: 108
 frame: 2700000
 eval_episode_return:  0.40
 train_episode_return:  1.00
 train_exploration_epsilon: 0.100
 train_frame_rate:  159
I1001 23:01:52.108290 47333437712192 run_miniworld.py:238] Data collection iteration 109.
I1001 23:04:30.366198 47333437712192 run_miniworld.py:245] Evaluation iteration 109.
I1001 23:04:40.465970 47333437712192 run_miniworld.py:262] iteration: 109
 frame: 2725000
 eval_episode_return:  1.00
 train_episode_return:  1.00
 train_exploration_epsilon: 0.100
 train_frame_rate:  158
I1001 23:04:43.366528 47333437712192 run_miniworld.py:238] Data collection iteration 110.
I1001 23:07:21.135010 47333437712192 run_miniworld.py:245] Evaluation iteration 110.
I1001 23:07:30.921072 47333437712192 run_miniworld.py:262] iteration: 110
 frame: 2750000
 eval_episode_return:  0.00
 train_episode_return:  1.00
 train_exploration_epsilon: 0.100
 train_frame_rate:  158
I1001 23:07:33.839585 47333437712192 run_miniworld.py:238] Data collection iteration 111.
I1001 23:11:23.375818 47333437712192 run_miniworld.py:245] Evaluation iteration 111.
I1001 23:11:33.085078 47333437712192 run_miniworld.py:262] iteration: 111
 frame: 2775000
 eval_episode_return:  0.00
 train_episode_return:  1.00
 train_exploration_epsilon: 0.100
 train_frame_rate:  109
I1001 23:11:37.084249 47333437712192 run_miniworld.py:238] Data collection iteration 112.
I1001 23:14:14.086049 47333437712192 run_miniworld.py:245] Evaluation iteration 112.
I1001 23:14:24.034292 47333437712192 run_miniworld.py:262] iteration: 112
 frame: 2800000
 eval_episode_return:  1.00
 train_episode_return:  1.00
 train_exploration_epsilon: 0.100
 train_frame_rate:  159
I1001 23:14:26.986126 47333437712192 run_miniworld.py:238] Data collection iteration 113.
I1001 23:17:04.854333 47333437712192 run_miniworld.py:245] Evaluation iteration 113.
I1001 23:17:14.513686 47333437712192 run_miniworld.py:262] iteration: 113
 frame: 2825000
 eval_episode_return:  0.00
 train_episode_return:  1.00
 train_exploration_epsilon: 0.100
 train_frame_rate:  158
I1001 23:17:18.503926 47333437712192 run_miniworld.py:238] Data collection iteration 114.
I1001 23:19:57.864540 47333437712192 run_miniworld.py:245] Evaluation iteration 114.
I1001 23:20:07.502327 47333437712192 run_miniworld.py:262] iteration: 114
 frame: 2850000
 eval_episode_return:  0.00
 train_episode_return:  1.00
 train_exploration_epsilon: 0.100
 train_frame_rate:  157
I1001 23:20:10.824709 47333437712192 run_miniworld.py:238] Data collection iteration 115.
I1001 23:22:50.325035 47333437712192 run_miniworld.py:245] Evaluation iteration 115.
I1001 23:22:59.898204 47333437712192 run_miniworld.py:262] iteration: 115
 frame: 2875000
 eval_episode_return:  0.00
 train_episode_return:  1.00
 train_exploration_epsilon: 0.100
 train_frame_rate:  157
I1001 23:23:02.929699 47333437712192 run_miniworld.py:238] Data collection iteration 116.
I1001 23:25:43.376650 47333437712192 run_miniworld.py:245] Evaluation iteration 116.
I1001 23:25:55.104846 47333437712192 run_miniworld.py:262] iteration: 116
 frame: 2900000
 eval_episode_return:  1.00
 train_episode_return:  1.00
 train_exploration_epsilon: 0.100
 train_frame_rate:  156
I1001 23:25:59.270411 47333437712192 run_miniworld.py:238] Data collection iteration 117.
I1001 23:28:39.114298 47333437712192 run_miniworld.py:245] Evaluation iteration 117.
I1001 23:28:50.703001 47333437712192 run_miniworld.py:262] iteration: 117
 frame: 2925000
 eval_episode_return:  1.00
 train_episode_return:  1.00
 train_exploration_epsilon: 0.100
 train_frame_rate:  156
I1001 23:28:53.725473 47333437712192 run_miniworld.py:238] Data collection iteration 118.
I1001 23:31:33.475232 47333437712192 run_miniworld.py:245] Evaluation iteration 118.
I1001 23:31:44.807095 47333437712192 run_miniworld.py:262] iteration: 118
 frame: 2950000
 eval_episode_return:  1.00
 train_episode_return:  1.00
 train_exploration_epsilon: 0.100
 train_frame_rate:  156
I1001 23:31:48.728960 47333437712192 run_miniworld.py:238] Data collection iteration 119.
I1001 23:34:29.966206 47333437712192 run_miniworld.py:245] Evaluation iteration 119.
I1001 23:34:40.359685 47333437712192 run_miniworld.py:262] iteration: 119
 frame: 2975000
 eval_episode_return:  1.00
 train_episode_return:  1.00
 train_exploration_epsilon: 0.100
 train_frame_rate:  155
I1001 23:34:43.446737 47333437712192 run_miniworld.py:238] Data collection iteration 120.
I1001 23:37:22.032419 47333437712192 run_miniworld.py:245] Evaluation iteration 120.
I1001 23:37:31.742359 47333437712192 run_miniworld.py:262] iteration: 120
 frame: 3000000
 eval_episode_return:  0.80
 train_episode_return:  1.00
 train_exploration_epsilon: 0.100
 train_frame_rate:  158
I1001 23:37:34.690734 47333437712192 run_miniworld.py:238] Data collection iteration 121.
I1001 23:40:13.468498 47333437712192 run_miniworld.py:245] Evaluation iteration 121.
I1001 23:40:24.846800 47333437712192 run_miniworld.py:262] iteration: 121
 frame: 3025000
 eval_episode_return:  1.00
 train_episode_return:  1.00
 train_exploration_epsilon: 0.100
 train_frame_rate:  157
I1001 23:40:29.421385 47333437712192 run_miniworld.py:238] Data collection iteration 122.
I1001 23:43:07.449798 47333437712192 run_miniworld.py:245] Evaluation iteration 122.
I1001 23:43:18.873952 47333437712192 run_miniworld.py:262] iteration: 122
 frame: 3050000
 eval_episode_return:  1.00
 train_episode_return:  1.00
 train_exploration_epsilon: 0.100
 train_frame_rate:  158
I1001 23:43:22.063929 47333437712192 run_miniworld.py:238] Data collection iteration 123.
I1001 23:45:59.537572 47333437712192 run_miniworld.py:245] Evaluation iteration 123.
I1001 23:46:10.806047 47333437712192 run_miniworld.py:262] iteration: 123
 frame: 3075000
 eval_episode_return:  1.00
 train_episode_return:  1.00
 train_exploration_epsilon: 0.100
 train_frame_rate:  159
I1001 23:46:15.279597 47333437712192 run_miniworld.py:238] Data collection iteration 124.
I1001 23:48:54.180489 47333437712192 run_miniworld.py:245] Evaluation iteration 124.
I1001 23:49:05.364825 47333437712192 run_miniworld.py:262] iteration: 124
 frame: 3100000
 eval_episode_return:  1.00
 train_episode_return:  1.00
 train_exploration_epsilon: 0.100
 train_frame_rate:  157
I1001 23:49:08.181267 47333437712192 run_miniworld.py:238] Data collection iteration 125.
I1001 23:51:46.514926 47333437712192 run_miniworld.py:245] Evaluation iteration 125.
I1001 23:51:57.888999 47333437712192 run_miniworld.py:262] iteration: 125
 frame: 3125000
 eval_episode_return:  1.00
 train_episode_return:  1.00
 train_exploration_epsilon: 0.100
 train_frame_rate:  158
I1001 23:52:00.773503 47333437712192 run_miniworld.py:238] Data collection iteration 126.
I1001 23:54:38.511973 47333437712192 run_miniworld.py:245] Evaluation iteration 126.
I1001 23:54:49.886408 47333437712192 run_miniworld.py:262] iteration: 126
 frame: 3150000
 eval_episode_return:  1.00
 train_episode_return:  1.00
 train_exploration_epsilon: 0.100
 train_frame_rate:  158
I1001 23:54:53.985802 47333437712192 run_miniworld.py:238] Data collection iteration 127.
I1001 23:57:32.586704 47333437712192 run_miniworld.py:245] Evaluation iteration 127.
I1001 23:57:43.980544 47333437712192 run_miniworld.py:262] iteration: 127
 frame: 3175000
 eval_episode_return:  1.00
 train_episode_return:  1.00
 train_exploration_epsilon: 0.100
 train_frame_rate:  158
I1001 23:57:46.853738 47333437712192 run_miniworld.py:238] Data collection iteration 128.
I1002 00:00:26.008257 47333437712192 run_miniworld.py:245] Evaluation iteration 128.
I1002 00:00:37.502387 47333437712192 run_miniworld.py:262] iteration: 128
 frame: 3200000
 eval_episode_return:  1.00
 train_episode_return:  1.00
 train_exploration_epsilon: 0.100
 train_frame_rate:  157
I1002 00:00:41.806814 47333437712192 run_miniworld.py:238] Data collection iteration 129.
I1002 00:03:21.447245 47333437712192 run_miniworld.py:245] Evaluation iteration 129.
I1002 00:03:33.139045 47333437712192 run_miniworld.py:262] iteration: 129
 frame: 3225000
 eval_episode_return:  1.00
 train_episode_return:  1.00
 train_exploration_epsilon: 0.100
 train_frame_rate:  157
I1002 00:03:36.096141 47333437712192 run_miniworld.py:238] Data collection iteration 130.
I1002 00:06:13.771102 47333437712192 run_miniworld.py:245] Evaluation iteration 130.
I1002 00:06:25.074880 47333437712192 run_miniworld.py:262] iteration: 130
 frame: 3250000
 eval_episode_return:  1.00
 train_episode_return:  1.00
 train_exploration_epsilon: 0.100
 train_frame_rate:  159
I1002 00:06:28.958794 47333437712192 run_miniworld.py:238] Data collection iteration 131.
I1002 00:09:06.427622 47333437712192 run_miniworld.py:245] Evaluation iteration 131.
I1002 00:09:17.805355 47333437712192 run_miniworld.py:262] iteration: 131
 frame: 3275000
 eval_episode_return:  1.00
 train_episode_return:  1.00
 train_exploration_epsilon: 0.100
 train_frame_rate:  159
I1002 00:09:21.711935 47333437712192 run_miniworld.py:238] Data collection iteration 132.
I1002 00:12:00.322208 47333437712192 run_miniworld.py:245] Evaluation iteration 132.
I1002 00:12:11.811781 47333437712192 run_miniworld.py:262] iteration: 132
 frame: 3300000
 eval_episode_return:  1.00
 train_episode_return:  1.00
 train_exploration_epsilon: 0.100
 train_frame_rate:  158
I1002 00:12:14.918519 47333437712192 run_miniworld.py:238] Data collection iteration 133.
I1002 00:14:52.822811 47333437712192 run_miniworld.py:245] Evaluation iteration 133.
I1002 00:15:04.252883 47333437712192 run_miniworld.py:262] iteration: 133
 frame: 3325000
 eval_episode_return:  1.00
 train_episode_return:  1.00
 train_exploration_epsilon: 0.100
 train_frame_rate:  158
I1002 00:15:08.321115 47333437712192 run_miniworld.py:238] Data collection iteration 134.
I1002 00:17:46.848060 47333437712192 run_miniworld.py:245] Evaluation iteration 134.
I1002 00:17:58.356665 47333437712192 run_miniworld.py:262] iteration: 134
 frame: 3350000
 eval_episode_return:  1.00
 train_episode_return:  1.00
 train_exploration_epsilon: 0.100
 train_frame_rate:  158
I1002 00:18:01.201611 47333437712192 run_miniworld.py:238] Data collection iteration 135.
I1002 00:20:40.339266 47333437712192 run_miniworld.py:245] Evaluation iteration 135.
I1002 00:20:52.285826 47333437712192 run_miniworld.py:262] iteration: 135
 frame: 3375000
 eval_episode_return:  1.00
 train_episode_return:  1.00
 train_exploration_epsilon: 0.100
 train_frame_rate:  157
I1002 00:20:55.352112 47333437712192 run_miniworld.py:238] Data collection iteration 136.
I1002 00:23:32.690021 47333437712192 run_miniworld.py:245] Evaluation iteration 136.
I1002 00:23:44.262802 47333437712192 run_miniworld.py:262] iteration: 136
 frame: 3400000
 eval_episode_return:  1.00
 train_episode_return:  1.00
 train_exploration_epsilon: 0.100
 train_frame_rate:  159
I1002 00:23:48.371446 47333437712192 run_miniworld.py:238] Data collection iteration 137.
I1002 00:26:25.764526 47333437712192 run_miniworld.py:245] Evaluation iteration 137.
I1002 00:26:37.305454 47333437712192 run_miniworld.py:262] iteration: 137
 frame: 3425000
 eval_episode_return:  1.00
 train_episode_return:  1.00
 train_exploration_epsilon: 0.100
 train_frame_rate:  159
I1002 00:26:40.803025 47333437712192 run_miniworld.py:238] Data collection iteration 138.
I1002 00:29:20.058877 47333437712192 run_miniworld.py:245] Evaluation iteration 138.
I1002 00:29:31.765249 47333437712192 run_miniworld.py:262] iteration: 138
 frame: 3450000
 eval_episode_return:  1.00
 train_episode_return:  1.00
 train_exploration_epsilon: 0.100
 train_frame_rate:  157
I1002 00:29:35.833237 47333437712192 run_miniworld.py:238] Data collection iteration 139.
I1002 00:32:14.255844 47333437712192 run_miniworld.py:245] Evaluation iteration 139.
I1002 00:32:25.604247 47333437712192 run_miniworld.py:262] iteration: 139
 frame: 3475000
 eval_episode_return:  1.00
 train_episode_return:  1.00
 train_exploration_epsilon: 0.100
 train_frame_rate:  158
I1002 00:32:28.744236 47333437712192 run_miniworld.py:238] Data collection iteration 140.
I1002 00:35:07.642737 47333437712192 run_miniworld.py:245] Evaluation iteration 140.
I1002 00:35:19.355399 47333437712192 run_miniworld.py:262] iteration: 140
 frame: 3500000
 eval_episode_return:  1.00
 train_episode_return:  1.00
 train_exploration_epsilon: 0.100
 train_frame_rate:  157
I1002 00:35:23.732945 47333437712192 run_miniworld.py:238] Data collection iteration 141.
I1002 00:38:00.671956 47333437712192 run_miniworld.py:245] Evaluation iteration 141.
I1002 00:38:11.959586 47333437712192 run_miniworld.py:262] iteration: 141
 frame: 3525000
 eval_episode_return:  1.00
 train_episode_return:  1.00
 train_exploration_epsilon: 0.100
 train_frame_rate:  159
I1002 00:38:16.329355 47333437712192 run_miniworld.py:238] Data collection iteration 142.
I1002 00:40:55.753362 47333437712192 run_miniworld.py:245] Evaluation iteration 142.
I1002 00:41:07.646130 47333437712192 run_miniworld.py:262] iteration: 142
 frame: 3550000
 eval_episode_return:  1.00
 train_episode_return:  1.00
 train_exploration_epsilon: 0.100
 train_frame_rate:  157
I1002 00:41:10.542797 47333437712192 run_miniworld.py:238] Data collection iteration 143.
I1002 00:43:48.586534 47333437712192 run_miniworld.py:245] Evaluation iteration 143.
I1002 00:44:00.087428 47333437712192 run_miniworld.py:262] iteration: 143
 frame: 3575000
 eval_episode_return:  1.00
 train_episode_return:  1.00
 train_exploration_epsilon: 0.100
 train_frame_rate:  158
I1002 00:44:04.261382 47333437712192 run_miniworld.py:238] Data collection iteration 144.
I1002 00:46:41.965951 47333437712192 run_miniworld.py:245] Evaluation iteration 144.
I1002 00:46:53.331815 47333437712192 run_miniworld.py:262] iteration: 144
 frame: 3600000
 eval_episode_return:  1.00
 train_episode_return:  1.00
 train_exploration_epsilon: 0.100
 train_frame_rate:  159
I1002 00:46:57.434206 47333437712192 run_miniworld.py:238] Data collection iteration 145.
I1002 00:49:36.072040 47333437712192 run_miniworld.py:245] Evaluation iteration 145.
I1002 00:49:47.742592 47333437712192 run_miniworld.py:262] iteration: 145
 frame: 3625000
 eval_episode_return:  1.00
 train_episode_return:  1.00
 train_exploration_epsilon: 0.100
 train_frame_rate:  158
I1002 00:49:50.561571 47333437712192 run_miniworld.py:238] Data collection iteration 146.
I1002 00:52:27.339167 47333437712192 run_miniworld.py:245] Evaluation iteration 146.
I1002 00:52:38.844689 47333437712192 run_miniworld.py:262] iteration: 146
 frame: 3650000
 eval_episode_return:  1.00
 train_episode_return:  1.00
 train_exploration_epsilon: 0.100
 train_frame_rate:  159
I1002 00:52:42.938260 47333437712192 run_miniworld.py:238] Data collection iteration 147.
I1002 00:55:22.419254 47333437712192 run_miniworld.py:245] Evaluation iteration 147.
I1002 00:55:34.212973 47333437712192 run_miniworld.py:262] iteration: 147
 frame: 3675000
 eval_episode_return:  1.00
 train_episode_return:  1.00
 train_exploration_epsilon: 0.100
 train_frame_rate:  157
I1002 00:55:37.068490 47333437712192 run_miniworld.py:238] Data collection iteration 148.
I1002 00:58:15.928921 47333437712192 run_miniworld.py:245] Evaluation iteration 148.
I1002 00:58:27.573213 47333437712192 run_miniworld.py:262] iteration: 148
 frame: 3700000
 eval_episode_return:  1.00
 train_episode_return:  1.00
 train_exploration_epsilon: 0.100
 train_frame_rate:  157
I1002 00:58:31.435914 47333437712192 run_miniworld.py:238] Data collection iteration 149.
I1002 01:01:08.790737 47333437712192 run_miniworld.py:245] Evaluation iteration 149.
I1002 01:01:20.139092 47333437712192 run_miniworld.py:262] iteration: 149
 frame: 3725000
 eval_episode_return:  1.00
 train_episode_return:  1.00
 train_exploration_epsilon: 0.100
 train_frame_rate:  159
I1002 01:01:22.921236 47333437712192 run_miniworld.py:238] Data collection iteration 150.
I1002 01:04:00.651723 47333437712192 run_miniworld.py:245] Evaluation iteration 150.
I1002 01:04:12.110355 47333437712192 run_miniworld.py:262] iteration: 150
 frame: 3750000
 eval_episode_return:  1.00
 train_episode_return:  1.00
 train_exploration_epsilon: 0.100
 train_frame_rate:  158
I1002 01:04:14.970219 47333437712192 run_miniworld.py:238] Data collection iteration 151.
I1002 01:06:53.262922 47333437712192 run_miniworld.py:245] Evaluation iteration 151.
I1002 01:07:04.667657 47333437712192 run_miniworld.py:262] iteration: 151
 frame: 3775000
 eval_episode_return:  1.00
 train_episode_return:  1.00
 train_exploration_epsilon: 0.100
 train_frame_rate:  158
I1002 01:07:07.519053 47333437712192 run_miniworld.py:238] Data collection iteration 152.
I1002 01:09:46.356814 47333437712192 run_miniworld.py:245] Evaluation iteration 152.
I1002 01:09:57.823853 47333437712192 run_miniworld.py:262] iteration: 152
 frame: 3800000
 eval_episode_return:  1.00
 train_episode_return:  1.00
 train_exploration_epsilon: 0.100
 train_frame_rate:  157
I1002 01:10:00.603679 47333437712192 run_miniworld.py:238] Data collection iteration 153.
I1002 01:12:39.920232 47333437712192 run_miniworld.py:245] Evaluation iteration 153.
I1002 01:12:51.644643 47333437712192 run_miniworld.py:262] iteration: 153
 frame: 3825000
 eval_episode_return:  1.00
 train_episode_return:  1.00
 train_exploration_epsilon: 0.100
 train_frame_rate:  157
I1002 01:12:55.553076 47333437712192 run_miniworld.py:238] Data collection iteration 154.
I1002 01:15:34.608055 47333437712192 run_miniworld.py:245] Evaluation iteration 154.
I1002 01:15:46.059273 47333437712192 run_miniworld.py:262] iteration: 154
 frame: 3850000
 eval_episode_return:  1.00
 train_episode_return:  1.00
 train_exploration_epsilon: 0.100
 train_frame_rate:  157
I1002 01:15:48.934191 47333437712192 run_miniworld.py:238] Data collection iteration 155.
I1002 01:18:28.504927 47333437712192 run_miniworld.py:245] Evaluation iteration 155.
I1002 01:18:40.383431 47333437712192 run_miniworld.py:262] iteration: 155
 frame: 3875000
 eval_episode_return:  1.00
 train_episode_return:  1.00
 train_exploration_epsilon: 0.100
 train_frame_rate:  157
I1002 01:18:43.361352 47333437712192 run_miniworld.py:238] Data collection iteration 156.
I1002 01:21:23.472914 47333437712192 run_miniworld.py:245] Evaluation iteration 156.
I1002 01:21:35.152794 47333437712192 run_miniworld.py:262] iteration: 156
 frame: 3900000
 eval_episode_return:  1.00
 train_episode_return:  1.00
 train_exploration_epsilon: 0.100
 train_frame_rate:  156
I1002 01:21:37.999256 47333437712192 run_miniworld.py:238] Data collection iteration 157.
I1002 01:24:16.629488 47333437712192 run_miniworld.py:245] Evaluation iteration 157.
I1002 01:24:28.248684 47333437712192 run_miniworld.py:262] iteration: 157
 frame: 3925000
 eval_episode_return:  1.00
 train_episode_return:  1.00
 train_exploration_epsilon: 0.100
 train_frame_rate:  158
I1002 01:24:31.181883 47333437712192 run_miniworld.py:238] Data collection iteration 158.
I1002 01:27:08.853626 47333437712192 run_miniworld.py:245] Evaluation iteration 158.
I1002 01:27:20.318705 47333437712192 run_miniworld.py:262] iteration: 158
 frame: 3950000
 eval_episode_return:  1.00
 train_episode_return:  1.00
 train_exploration_epsilon: 0.100
 train_frame_rate:  159
I1002 01:27:24.261360 47333437712192 run_miniworld.py:238] Data collection iteration 159.
I1002 01:30:03.250653 47333437712192 run_miniworld.py:245] Evaluation iteration 159.
I1002 01:30:14.916338 47333437712192 run_miniworld.py:262] iteration: 159
 frame: 3975000
 eval_episode_return:  1.00
 train_episode_return:  1.00
 train_exploration_epsilon: 0.100
 train_frame_rate:  157
I1002 01:30:17.828570 47333437712192 run_miniworld.py:238] Data collection iteration 160.
I1002 01:32:55.313697 47333437712192 run_miniworld.py:245] Evaluation iteration 160.
I1002 01:33:06.694046 47333437712192 run_miniworld.py:262] iteration: 160
 frame: 4000000
 eval_episode_return:  1.00
 train_episode_return:  1.00
 train_exploration_epsilon: 0.100
 train_frame_rate:  159
I1002 01:33:10.631238 47333437712192 run_miniworld.py:238] Data collection iteration 161.
I1002 01:35:49.061871 47333437712192 run_miniworld.py:245] Evaluation iteration 161.
I1002 01:36:00.621529 47333437712192 run_miniworld.py:262] iteration: 161
 frame: 4025000
 eval_episode_return:  1.00
 train_episode_return:  1.00
 train_exploration_epsilon: 0.100
 train_frame_rate:  158
I1002 01:36:03.510612 47333437712192 run_miniworld.py:238] Data collection iteration 162.
I1002 01:38:42.146466 47333437712192 run_miniworld.py:245] Evaluation iteration 162.
I1002 01:38:54.160309 47333437712192 run_miniworld.py:262] iteration: 162
 frame: 4050000
 eval_episode_return:  1.00
 train_episode_return:  1.00
 train_exploration_epsilon: 0.100
 train_frame_rate:  158
I1002 01:38:56.958857 47333437712192 run_miniworld.py:238] Data collection iteration 163.
I1002 01:41:34.256431 47333437712192 run_miniworld.py:245] Evaluation iteration 163.
I1002 01:41:45.664490 47333437712192 run_miniworld.py:262] iteration: 163
 frame: 4075000
 eval_episode_return:  1.00
 train_episode_return:  1.00
 train_exploration_epsilon: 0.100
 train_frame_rate:  159
I1002 01:41:49.777771 47333437712192 run_miniworld.py:238] Data collection iteration 164.
I1002 01:44:28.817178 47333437712192 run_miniworld.py:245] Evaluation iteration 164.
I1002 01:44:40.674677 47333437712192 run_miniworld.py:262] iteration: 164
 frame: 4100000
 eval_episode_return:  1.00
 train_episode_return:  1.00
 train_exploration_epsilon: 0.100
 train_frame_rate:  157
I1002 01:44:43.689420 47333437712192 run_miniworld.py:238] Data collection iteration 165.
I1002 01:47:21.913037 47333437712192 run_miniworld.py:245] Evaluation iteration 165.
I1002 01:47:33.411143 47333437712192 run_miniworld.py:262] iteration: 165
 frame: 4125000
 eval_episode_return:  1.00
 train_episode_return:  1.00
 train_exploration_epsilon: 0.100
 train_frame_rate:  158
I1002 01:47:37.416384 47333437712192 run_miniworld.py:238] Data collection iteration 166.
I1002 01:50:16.145638 47333437712192 run_miniworld.py:245] Evaluation iteration 166.
I1002 01:50:27.734387 47333437712192 run_miniworld.py:262] iteration: 166
 frame: 4150000
 eval_episode_return:  1.00
 train_episode_return:  1.00
 train_exploration_epsilon: 0.100
 train_frame_rate:  158
I1002 01:50:30.733548 47333437712192 run_miniworld.py:238] Data collection iteration 167.
I1002 01:53:08.189579 47333437712192 run_miniworld.py:245] Evaluation iteration 167.
I1002 01:53:19.612319 47333437712192 run_miniworld.py:262] iteration: 167
 frame: 4175000
 eval_episode_return:  1.00
 train_episode_return:  1.00
 train_exploration_epsilon: 0.100
 train_frame_rate:  159
I1002 01:53:22.690672 47333437712192 run_miniworld.py:238] Data collection iteration 168.
I1002 01:56:00.988697 47333437712192 run_miniworld.py:245] Evaluation iteration 168.
I1002 01:56:12.604086 47333437712192 run_miniworld.py:262] iteration: 168
 frame: 4200000
 eval_episode_return:  1.00
 train_episode_return:  1.00
 train_exploration_epsilon: 0.100
 train_frame_rate:  158
I1002 01:56:16.743103 47333437712192 run_miniworld.py:238] Data collection iteration 169.
I1002 01:58:54.519968 47333437712192 run_miniworld.py:245] Evaluation iteration 169.
I1002 01:59:05.741855 47333437712192 run_miniworld.py:262] iteration: 169
 frame: 4225000
 eval_episode_return:  1.00
 train_episode_return:  1.00
 train_exploration_epsilon: 0.100
 train_frame_rate:  158
I1002 01:59:08.600510 47333437712192 run_miniworld.py:238] Data collection iteration 170.
I1002 02:01:46.561588 47333437712192 run_miniworld.py:245] Evaluation iteration 170.
I1002 02:01:58.252165 47333437712192 run_miniworld.py:262] iteration: 170
 frame: 4250000
 eval_episode_return:  1.00
 train_episode_return:  1.00
 train_exploration_epsilon: 0.100
 train_frame_rate:  158
I1002 02:02:02.466992 47333437712192 run_miniworld.py:238] Data collection iteration 171.
I1002 02:04:41.384121 47333437712192 run_miniworld.py:245] Evaluation iteration 171.
I1002 02:04:52.966781 47333437712192 run_miniworld.py:262] iteration: 171
 frame: 4275000
 eval_episode_return:  1.00
 train_episode_return:  1.00
 train_exploration_epsilon: 0.100
 train_frame_rate:  157
I1002 02:04:56.164079 47333437712192 run_miniworld.py:238] Data collection iteration 172.
I1002 02:07:34.370114 47333437712192 run_miniworld.py:245] Evaluation iteration 172.
I1002 02:07:45.863062 47333437712192 run_miniworld.py:262] iteration: 172
 frame: 4300000
 eval_episode_return:  1.00
 train_episode_return:  1.00
 train_exploration_epsilon: 0.100
 train_frame_rate:  158
I1002 02:07:48.648309 47333437712192 run_miniworld.py:238] Data collection iteration 173.
I1002 02:10:26.573242 47333437712192 run_miniworld.py:245] Evaluation iteration 173.
I1002 02:10:38.268750 47333437712192 run_miniworld.py:262] iteration: 173
 frame: 4325000
 eval_episode_return:  1.00
 train_episode_return:  1.00
 train_exploration_epsilon: 0.100
 train_frame_rate:  158
I1002 02:10:42.308240 47333437712192 run_miniworld.py:238] Data collection iteration 174.
I1002 02:13:21.748856 47333437712192 run_miniworld.py:245] Evaluation iteration 174.
I1002 02:13:33.440468 47333437712192 run_miniworld.py:262] iteration: 174
 frame: 4350000
 eval_episode_return:  1.00
 train_episode_return:  1.00
 train_exploration_epsilon: 0.100
 train_frame_rate:  157
I1002 02:13:36.784284 47333437712192 run_miniworld.py:238] Data collection iteration 175.
I1002 02:16:14.878724 47333437712192 run_miniworld.py:245] Evaluation iteration 175.
I1002 02:16:26.330341 47333437712192 run_miniworld.py:262] iteration: 175
 frame: 4375000
 eval_episode_return:  1.00
 train_episode_return:  1.00
 train_exploration_epsilon: 0.100
 train_frame_rate:  158
I1002 02:16:30.458516 47333437712192 run_miniworld.py:238] Data collection iteration 176.
I1002 02:19:10.193309 47333437712192 run_miniworld.py:245] Evaluation iteration 176.
I1002 02:19:21.867021 47333437712192 run_miniworld.py:262] iteration: 176
 frame: 4400000
 eval_episode_return:  1.00
 train_episode_return:  1.00
 train_exploration_epsilon: 0.100
 train_frame_rate:  157
I1002 02:19:24.741794 47333437712192 run_miniworld.py:238] Data collection iteration 177.
I1002 02:22:19.133519 47333437712192 run_miniworld.py:245] Evaluation iteration 177.
I1002 02:22:31.096210 47333437712192 run_miniworld.py:262] iteration: 177
 frame: 4425000
 eval_episode_return:  1.00
 train_episode_return:  1.00
 train_exploration_epsilon: 0.100
 train_frame_rate:  143
I1002 02:22:34.080228 47333437712192 run_miniworld.py:238] Data collection iteration 178.
I1002 02:25:12.836371 47333437712192 run_miniworld.py:245] Evaluation iteration 178.
I1002 02:25:24.779423 47333437712192 run_miniworld.py:262] iteration: 178
 frame: 4450000
 eval_episode_return:  1.00
 train_episode_return:  1.00
 train_exploration_epsilon: 0.100
 train_frame_rate:  157
I1002 02:25:28.746525 47333437712192 run_miniworld.py:238] Data collection iteration 179.
I1002 02:28:07.268330 47333437712192 run_miniworld.py:245] Evaluation iteration 179.
I1002 02:28:18.898082 47333437712192 run_miniworld.py:262] iteration: 179
 frame: 4475000
 eval_episode_return:  1.00
 train_episode_return:  1.00
 train_exploration_epsilon: 0.100
 train_frame_rate:  158
I1002 02:28:21.754230 47333437712192 run_miniworld.py:238] Data collection iteration 180.
I1002 02:31:00.546933 47333437712192 run_miniworld.py:245] Evaluation iteration 180.
I1002 02:31:12.142171 47333437712192 run_miniworld.py:262] iteration: 180
 frame: 4500000
 eval_episode_return:  1.00
 train_episode_return:  1.00
 train_exploration_epsilon: 0.100
 train_frame_rate:  157
I1002 02:31:16.443734 47333437712192 run_miniworld.py:238] Data collection iteration 181.
I1002 02:33:54.907271 47333437712192 run_miniworld.py:245] Evaluation iteration 181.
I1002 02:34:06.291680 47333437712192 run_miniworld.py:262] iteration: 181
 frame: 4525000
 eval_episode_return:  1.00
 train_episode_return:  1.00
 train_exploration_epsilon: 0.100
 train_frame_rate:  158
I1002 02:34:09.248019 47333437712192 run_miniworld.py:238] Data collection iteration 182.
I1002 02:36:48.272241 47333437712192 run_miniworld.py:245] Evaluation iteration 182.
I1002 02:36:59.960046 47333437712192 run_miniworld.py:262] iteration: 182
 frame: 4550000
 eval_episode_return:  1.00
 train_episode_return:  1.00
 train_exploration_epsilon: 0.100
 train_frame_rate:  157
I1002 02:37:03.019580 47333437712192 run_miniworld.py:238] Data collection iteration 183.
I1002 02:39:40.976681 47333437712192 run_miniworld.py:245] Evaluation iteration 183.
I1002 02:39:52.374881 47333437712192 run_miniworld.py:262] iteration: 183
 frame: 4575000
 eval_episode_return:  1.00
 train_episode_return:  1.00
 train_exploration_epsilon: 0.100
 train_frame_rate:  158
I1002 02:39:56.342717 47333437712192 run_miniworld.py:238] Data collection iteration 184.
I1002 02:42:34.454488 47333437712192 run_miniworld.py:245] Evaluation iteration 184.
I1002 02:42:46.134455 47333437712192 run_miniworld.py:262] iteration: 184
 frame: 4600000
 eval_episode_return:  1.00
 train_episode_return:  1.00
 train_exploration_epsilon: 0.100
 train_frame_rate:  158
I1002 02:42:50.144568 47333437712192 run_miniworld.py:238] Data collection iteration 185.
I1002 02:45:29.404344 47333437712192 run_miniworld.py:245] Evaluation iteration 185.
I1002 02:45:40.790853 47333437712192 run_miniworld.py:262] iteration: 185
 frame: 4625000
 eval_episode_return:  1.00
 train_episode_return:  1.00
 train_exploration_epsilon: 0.100
 train_frame_rate:  157
I1002 02:45:44.976217 47333437712192 run_miniworld.py:238] Data collection iteration 186.
I1002 02:48:24.051187 47333437712192 run_miniworld.py:245] Evaluation iteration 186.
I1002 02:48:35.573868 47333437712192 run_miniworld.py:262] iteration: 186
 frame: 4650000
 eval_episode_return:  1.00
 train_episode_return:  1.00
 train_exploration_epsilon: 0.100
 train_frame_rate:  157
I1002 02:48:38.573173 47333437712192 run_miniworld.py:238] Data collection iteration 187.
I1002 02:51:17.418640 47333437712192 run_miniworld.py:245] Evaluation iteration 187.
I1002 02:51:29.099537 47333437712192 run_miniworld.py:262] iteration: 187
 frame: 4675000
 eval_episode_return:  1.00
 train_episode_return:  1.00
 train_exploration_epsilon: 0.100
 train_frame_rate:  157
I1002 02:51:32.256891 47333437712192 run_miniworld.py:238] Data collection iteration 188.
I1002 02:54:11.633502 47333437712192 run_miniworld.py:245] Evaluation iteration 188.
I1002 02:54:23.492994 47333437712192 run_miniworld.py:262] iteration: 188
 frame: 4700000
 eval_episode_return:  1.00
 train_episode_return:  1.00
 train_exploration_epsilon: 0.100
 train_frame_rate:  157
I1002 02:54:27.731502 47333437712192 run_miniworld.py:238] Data collection iteration 189.
I1002 02:57:07.341466 47333437712192 run_miniworld.py:245] Evaluation iteration 189.
I1002 02:57:19.086955 47333437712192 run_miniworld.py:262] iteration: 189
 frame: 4725000
 eval_episode_return:  1.00
 train_episode_return:  1.00
 train_exploration_epsilon: 0.100
 train_frame_rate:  157
I1002 02:57:22.209423 47333437712192 run_miniworld.py:238] Data collection iteration 190.
I1002 03:00:01.211680 47333437712192 run_miniworld.py:245] Evaluation iteration 190.
I1002 03:00:12.841737 47333437712192 run_miniworld.py:262] iteration: 190
 frame: 4750000
 eval_episode_return:  1.00
 train_episode_return:  1.00
 train_exploration_epsilon: 0.100
 train_frame_rate:  157
I1002 03:00:17.576588 47333437712192 run_miniworld.py:238] Data collection iteration 191.
I1002 03:02:57.417856 47333437712192 run_miniworld.py:245] Evaluation iteration 191.
I1002 03:03:09.301411 47333437712192 run_miniworld.py:262] iteration: 191
 frame: 4775000
 eval_episode_return:  1.00
 train_episode_return:  1.00
 train_exploration_epsilon: 0.100
 train_frame_rate:  156
I1002 03:03:12.317209 47333437712192 run_miniworld.py:238] Data collection iteration 192.
I1002 03:05:50.934473 47333437712192 run_miniworld.py:245] Evaluation iteration 192.
I1002 03:06:02.541718 47333437712192 run_miniworld.py:262] iteration: 192
 frame: 4800000
 eval_episode_return:  1.00
 train_episode_return:  1.00
 train_exploration_epsilon: 0.100
 train_frame_rate:  158
I1002 03:06:05.448901 47333437712192 run_miniworld.py:238] Data collection iteration 193.
I1002 03:08:43.024679 47333437712192 run_miniworld.py:245] Evaluation iteration 193.
I1002 03:08:54.561788 47333437712192 run_miniworld.py:262] iteration: 193
 frame: 4825000
 eval_episode_return:  1.00
 train_episode_return:  1.00
 train_exploration_epsilon: 0.100
 train_frame_rate:  159
I1002 03:09:01.364943 47333437712192 run_miniworld.py:238] Data collection iteration 194.
I1002 03:11:41.122941 47333437712192 run_miniworld.py:245] Evaluation iteration 194.
I1002 03:11:52.732954 47333437712192 run_miniworld.py:262] iteration: 194
 frame: 4850000
 eval_episode_return:  1.00
 train_episode_return:  1.00
 train_exploration_epsilon: 0.100
 train_frame_rate:  156
I1002 03:11:55.625386 47333437712192 run_miniworld.py:238] Data collection iteration 195.
I1002 03:14:34.189272 47333437712192 run_miniworld.py:245] Evaluation iteration 195.
I1002 03:14:45.895044 47333437712192 run_miniworld.py:262] iteration: 195
 frame: 4875000
 eval_episode_return:  1.00
 train_episode_return:  1.00
 train_exploration_epsilon: 0.100
 train_frame_rate:  158
I1002 03:14:49.826788 47333437712192 run_miniworld.py:238] Data collection iteration 196.
I1002 03:17:28.794342 47333437712192 run_miniworld.py:245] Evaluation iteration 196.
I1002 03:17:39.991452 47333437712192 run_miniworld.py:262] iteration: 196
 frame: 4900000
 eval_episode_return:  1.00
 train_episode_return:  1.00
 train_exploration_epsilon: 0.100
 train_frame_rate:  157
I1002 03:17:42.837275 47333437712192 run_miniworld.py:238] Data collection iteration 197.
I1002 03:20:22.130045 47333437712192 run_miniworld.py:245] Evaluation iteration 197.
I1002 03:20:32.878745 47333437712192 run_miniworld.py:262] iteration: 197
 frame: 4925000
 eval_episode_return:  1.00
 train_episode_return:  1.00
 train_exploration_epsilon: 0.100
 train_frame_rate:  157
I1002 03:20:35.794210 47333437712192 run_miniworld.py:238] Data collection iteration 198.
I1002 03:23:14.799439 47333437712192 run_miniworld.py:245] Evaluation iteration 198.
I1002 03:23:26.265583 47333437712192 run_miniworld.py:262] iteration: 198
 frame: 4950000
 eval_episode_return:  1.00
 train_episode_return:  1.00
 train_exploration_epsilon: 0.100
 train_frame_rate:  157
I1002 03:23:29.094662 47333437712192 run_miniworld.py:238] Data collection iteration 199.
I1002 03:26:08.536531 47333437712192 run_miniworld.py:245] Evaluation iteration 199.
I1002 03:26:20.463091 47333437712192 run_miniworld.py:262] iteration: 199
 frame: 4975000
 eval_episode_return:  1.00
 train_episode_return:  1.00
 train_exploration_epsilon: 0.100
 train_frame_rate:  157
I1002 03:26:23.475069 47333437712192 run_miniworld.py:238] Data collection iteration 200.
I1002 03:29:02.592116 47333437712192 run_miniworld.py:245] Evaluation iteration 200.
I1002 03:29:14.060689 47333437712192 run_miniworld.py:262] iteration: 200
 frame: 5000000
 eval_episode_return:  1.00
 train_episode_return:  1.00
 train_exploration_epsilon: 0.100
 train_frame_rate:  157
Falling back to num_samples=1
Falling back to num_samples=1
Falling back to num_samples=1
Falling back to num_samples=1
Falling back to num_samples=1
Falling back to num_samples=1
Falling back to num_samples=1
Falling back to num_samples=1
Falling back to num_samples=1
Falling back to num_samples=1
Falling back to num_samples=1
Falling back to num_samples=1
Falling back to num_samples=1
Falling back to num_samples=1
Falling back to num_samples=1
Falling back to num_samples=1
Falling back to num_samples=1
Falling back to num_samples=1
Falling back to num_samples=1
Falling back to num_samples=1
Falling back to num_samples=1
Falling back to num_samples=1
Falling back to num_samples=1
Falling back to num_samples=1
Falling back to num_samples=1
Falling back to num_samples=1
Falling back to num_samples=1
Falling back to num_samples=1
Falling back to num_samples=1
Falling back to num_samples=1
Falling back to num_samples=1
Falling back to num_samples=1
Falling back to num_samples=1
Falling back to num_samples=1
Falling back to num_samples=1
Falling back to num_samples=1
Falling back to num_samples=1
Falling back to num_samples=1
Falling back to num_samples=1
Falling back to num_samples=1
Falling back to num_samples=1
Falling back to num_samples=1
Falling back to num_samples=1
Falling back to num_samples=1
Falling back to num_samples=1
Falling back to num_samples=1
Falling back to num_samples=1
Falling back to num_samples=1
Falling back to num_samples=1
Falling back to num_samples=1
Falling back to num_samples=1
Falling back to num_samples=1
Falling back to num_samples=1
Falling back to num_samples=1
Falling back to num_samples=1
Falling back to num_samples=1
Falling back to num_samples=1
Falling back to num_samples=1
Falling back to num_samples=1
Falling back to num_samples=1
Falling back to num_samples=1
Falling back to num_samples=1
Falling back to num_samples=1
Falling back to num_samples=1
Falling back to num_samples=1
Falling back to num_samples=1
Falling back to num_samples=1
Falling back to num_samples=1
Falling back to num_samples=1
Falling back to num_samples=1
Falling back to num_samples=1
Falling back to num_samples=1
Falling back to num_samples=1
Falling back to num_samples=1
Falling back to num_samples=1
Falling back to num_samples=1
Falling back to num_samples=1
Falling back to num_samples=1
Falling back to num_samples=1
Falling back to num_samples=1
Falling back to num_samples=1
Falling back to num_samples=1
Falling back to num_samples=1
Falling back to num_samples=1
Falling back to num_samples=1
Falling back to num_samples=1
Falling back to num_samples=1
Falling back to num_samples=1
Falling back to num_samples=1
Falling back to num_samples=1
Falling back to num_samples=1
Falling back to num_samples=1
Falling back to num_samples=1
Falling back to num_samples=1
Falling back to num_samples=1
Falling back to num_samples=1
Falling back to num_samples=1
Falling back to num_samples=1
Falling back to num_samples=1
Falling back to num_samples=1
Falling back to num_samples=1
Falling back to num_samples=1
Falling back to num_samples=1
Falling back to num_samples=1
Falling back to num_samples=1
Falling back to num_samples=1
Falling back to num_samples=1
Falling back to num_samples=1
Falling back to num_samples=1
Falling back to num_samples=1
Falling back to num_samples=1
Falling back to num_samples=1
Falling back to num_samples=1
Falling back to num_samples=1
Falling back to num_samples=1
Falling back to num_samples=1
Falling back to num_samples=1
Falling back to num_samples=1
Falling back to num_samples=1
Falling back to num_samples=1
Falling back to num_samples=1
Falling back to num_samples=1
Falling back to num_samples=1
Falling back to num_samples=1
Falling back to num_samples=1
Falling back to num_samples=1
Falling back to num_samples=1
Falling back to num_samples=1
Falling back to num_samples=1
Falling back to num_samples=1
Falling back to num_samples=1
Falling back to num_samples=1
Falling back to num_samples=1
Falling back to num_samples=1
Falling back to num_samples=1
Falling back to num_samples=1
Falling back to num_samples=1
Falling back to num_samples=1
Falling back to num_samples=1
Falling back to num_samples=1
Falling back to num_samples=1
Falling back to num_samples=1
Falling back to num_samples=1
Falling back to num_samples=1
Falling back to num_samples=1
Falling back to num_samples=1
Falling back to num_samples=1
Falling back to num_samples=1
Falling back to num_samples=1
Falling back to num_samples=1
Falling back to num_samples=1
Falling back to num_samples=1
Falling back to num_samples=1
Falling back to num_samples=1
Falling back to num_samples=1
Falling back to num_samples=1
Falling back to num_samples=1
Falling back to num_samples=1
Falling back to num_samples=1
Falling back to num_samples=1
Falling back to num_samples=1
Falling back to num_samples=1
Falling back to num_samples=1
Falling back to num_samples=1
Falling back to num_samples=1
Falling back to num_samples=1
Falling back to num_samples=1
Falling back to num_samples=1
Falling back to num_samples=1
Falling back to num_samples=1
Falling back to num_samples=1
Falling back to num_samples=1
Falling back to num_samples=1
Falling back to num_samples=1
Falling back to num_samples=1
Falling back to num_samples=1
Falling back to num_samples=1
Falling back to num_samples=1
Falling back to num_samples=1
Falling back to num_samples=1
Falling back to num_samples=1
Falling back to num_samples=1
Falling back to num_samples=1
Falling back to num_samples=1
Falling back to num_samples=1
Falling back to num_samples=1
Falling back to num_samples=1
Falling back to num_samples=1
Falling back to num_samples=1
Falling back to num_samples=1
Falling back to num_samples=1
Falling back to num_samples=1
Falling back to num_samples=1
Falling back to num_samples=1
Falling back to num_samples=1
Falling back to num_samples=1
Falling back to num_samples=1
Falling back to num_samples=1
Falling back to num_samples=1
Falling back to num_samples=1
Falling back to num_samples=1
Falling back to num_samples=1
Falling back to num_samples=1
Falling back to num_samples=1
Falling back to num_samples=1
Falling back to num_samples=1
Falling back to num_samples=1
Falling back to num_samples=1
Falling back to num_samples=1
Falling back to num_samples=1
Falling back to num_samples=1
Falling back to num_samples=1
Falling back to num_samples=1
Falling back to num_samples=1
Falling back to num_samples=1
Falling back to num_samples=1
Falling back to num_samples=1
Falling back to num_samples=1
Falling back to num_samples=1
Falling back to num_samples=1
Falling back to num_samples=1
Falling back to num_samples=1
Falling back to num_samples=1
Falling back to num_samples=1
Falling back to num_samples=1
Falling back to num_samples=1
Falling back to num_samples=1
Falling back to num_samples=1
Falling back to num_samples=1
Falling back to num_samples=1
Falling back to num_samples=1
Falling back to num_samples=1
Falling back to num_samples=1
Falling back to num_samples=1
Falling back to num_samples=1
Falling back to num_samples=1
Falling back to num_samples=1
Falling back to num_samples=1
Falling back to num_samples=1
Falling back to num_samples=1
Falling back to num_samples=1
Falling back to num_samples=1
Falling back to num_samples=1
Falling back to num_samples=1
Falling back to num_samples=1
Falling back to num_samples=1
Falling back to num_samples=1
Falling back to num_samples=1
Falling back to num_samples=1
Falling back to num_samples=1
Falling back to num_samples=1
Falling back to num_samples=1
Falling back to num_samples=1
Falling back to num_samples=1
Falling back to num_samples=1
Falling back to num_samples=1
Falling back to num_samples=1
Falling back to num_samples=1
Falling back to num_samples=1
Falling back to num_samples=1
Falling back to num_samples=1
Falling back to num_samples=1
Falling back to num_samples=1
Falling back to num_samples=1
Falling back to num_samples=1
Falling back to num_samples=1
Falling back to num_samples=1
Falling back to num_samples=1
Falling back to num_samples=1
Falling back to num_samples=1
Falling back to num_samples=1
Falling back to num_samples=1
Falling back to num_samples=1
Falling back to num_samples=1
Falling back to num_samples=1
Falling back to num_samples=1
Falling back to num_samples=1
Falling back to num_samples=1
Falling back to num_samples=1
Falling back to num_samples=1
Falling back to num_samples=1
Falling back to num_samples=1
Falling back to num_samples=1
Falling back to num_samples=1
Falling back to num_samples=1
Falling back to num_samples=1
Falling back to num_samples=1
Falling back to num_samples=1
Falling back to num_samples=1
Falling back to num_samples=1
Falling back to num_samples=1
Falling back to num_samples=1
Falling back to num_samples=1
Falling back to num_samples=1
Falling back to num_samples=1
Falling back to num_samples=1
Falling back to num_samples=1
Falling back to num_samples=1
Falling back to num_samples=1
Falling back to num_samples=1
Falling back to num_samples=1
Falling back to num_samples=1
Falling back to num_samples=1
Falling back to num_samples=1
Falling back to num_samples=1
Falling back to num_samples=1
Falling back to num_samples=1
Falling back to num_samples=1
Falling back to num_samples=1
Falling back to num_samples=1
Falling back to num_samples=1
Falling back to num_samples=1
Falling back to num_samples=1
Falling back to num_samples=1
Falling back to num_samples=1
Falling back to num_samples=1
Falling back to num_samples=1
Falling back to num_samples=1
Falling back to num_samples=1
Falling back to num_samples=1
Falling back to num_samples=1
Falling back to num_samples=1
Falling back to num_samples=1
Falling back to num_samples=1
Falling back to num_samples=1
Falling back to num_samples=1
Falling back to num_samples=1
Falling back to num_samples=1
Falling back to num_samples=1
Falling back to num_samples=1
Falling back to num_samples=1
Falling back to num_samples=1
Falling back to num_samples=1
Falling back to num_samples=1
Falling back to num_samples=1
Falling back to num_samples=1
Falling back to num_samples=1
Falling back to num_samples=1
Falling back to num_samples=1
Falling back to num_samples=1
Falling back to num_samples=1
Falling back to num_samples=1
Falling back to num_samples=1
Falling back to num_samples=1
Falling back to num_samples=1
Falling back to num_samples=1
Falling back to num_samples=1
Falling back to num_samples=1
Falling back to num_samples=1
Falling back to num_samples=1
Falling back to num_samples=1
Falling back to num_samples=1
Falling back to num_samples=1
Falling back to num_samples=1
Falling back to num_samples=1
Falling back to num_samples=1
Falling back to num_samples=1
Falling back to num_samples=1
Falling back to num_samples=1
Falling back to num_samples=1
Falling back to num_samples=1
Falling back to num_samples=1
Falling back to num_samples=1
Falling back to num_samples=1
Falling back to num_samples=1
Falling back to num_samples=1
Falling back to num_samples=1
Falling back to num_samples=1
Falling back to num_samples=1
Falling back to num_samples=1
Falling back to num_samples=1
Falling back to num_samples=1
Falling back to num_samples=1
Falling back to num_samples=1
Falling back to num_samples=1
Falling back to num_samples=1
Falling back to num_samples=1
Falling back to num_samples=1
Falling back to num_samples=1
Falling back to num_samples=1
Falling back to num_samples=1
Falling back to num_samples=1
Falling back to num_samples=1
Falling back to num_samples=1
Falling back to num_samples=1
Falling back to num_samples=1
Falling back to num_samples=1
Falling back to num_samples=1
Falling back to num_samples=1
Falling back to num_samples=1
Falling back to num_samples=1
Falling back to num_samples=1
Falling back to num_samples=1
Falling back to num_samples=1
Falling back to num_samples=1
Falling back to num_samples=1
Falling back to num_samples=1
Falling back to num_samples=1
Falling back to num_samples=1
Falling back to num_samples=1
Falling back to num_samples=1
Falling back to num_samples=1
Falling back to num_samples=1
Falling back to num_samples=1
