I1001 16:35:53.153265 47473908942656 xla_bridge.py:355] Unable to initialize backend 'tpu_driver': NOT_FOUND: Unable to find driver in registry given worker: 
I1001 16:35:53.286077 47473908942656 xla_bridge.py:355] Unable to initialize backend 'rocm': NOT_FOUND: Could not find registered platform with name: "rocm". Available platform names are: CUDA Interpreter Host
I1001 16:35:53.286568 47473908942656 xla_bridge.py:355] Unable to initialize backend 'tpu': module 'jaxlib.xla_extension' has no attribute 'get_tpu_client'
I1001 16:35:53.286700 47473908942656 xla_bridge.py:355] Unable to initialize backend 'plugin': xla_extension has no attributes named get_plugin_device_client. Compile TensorFlow with //tensorflow/compiler/xla/python:enable_plugin_device set to true (defaults to false) to enable this.
I1001 16:35:53.286822 47473908942656 run_miniworld.py:99] Collecting data on MiniWorld on gpu.
I1001 16:36:03.587233 47473908942656 run_miniworld.py:135] Observation shape: (60, 80, 3)
I1001 16:36:16.254597 47473908942656 run_miniworld.py:238] Data collection iteration 0.
I1001 16:36:53.233335 47473908942656 run_miniworld.py:245] Evaluation iteration 0.
/home/mklissa/DCEO/lib/python3.8/site-packages/distrax/_src/distributions/categorical.py:96: UserWarning: Explicitly requested dtype <class 'jax.numpy.int64'> requested in astype is not available, and will be truncated to dtype int32. To enable more dtypes, set the jax_enable_x64 configuration option or the JAX_ENABLE_X64 shell environment variable. See https://github.com/google/jax#current-gotchas for more.
  return draws.astype(self._dtype)
I1001 16:37:03.406913 47473908942656 run_miniworld.py:262] iteration:   0
 frame:     0
 eval_episode_return:  0.00
 train_episode_return:  0.04
 train_exploration_epsilon: 1.000
 train_frame_rate:  676
I1001 16:37:03.701744 47473908942656 run_miniworld.py:238] Data collection iteration 1.
I1001 16:37:41.055643 47473908942656 run_miniworld.py:245] Evaluation iteration 1.
I1001 16:37:50.760917 47473908942656 run_miniworld.py:262] iteration:   1
 frame: 25000
 eval_episode_return:  0.00
 train_episode_return:  0.00
 train_exploration_epsilon: 1.000
 train_frame_rate:  669
I1001 16:37:51.058207 47473908942656 run_miniworld.py:238] Data collection iteration 2.
I1001 16:37:51.552939 47473908942656 dceo_agent.py:296] Begin learning
I1001 16:40:27.163331 47473908942656 run_miniworld.py:245] Evaluation iteration 2.
I1001 16:40:36.845420 47473908942656 run_miniworld.py:262] iteration:   2
 frame: 50000
 eval_episode_return:  0.00
 train_episode_return:  0.00
 train_exploration_epsilon: 0.955
 train_frame_rate:  160
I1001 16:40:37.140977 47473908942656 run_miniworld.py:238] Data collection iteration 3.
I1001 16:43:06.763617 47473908942656 run_miniworld.py:245] Evaluation iteration 3.
I1001 16:43:16.210880 47473908942656 run_miniworld.py:262] iteration:   3
 frame: 75000
 eval_episode_return:  0.00
 train_episode_return:  0.04
 train_exploration_epsilon: 0.910
 train_frame_rate:  167
I1001 16:43:16.519148 47473908942656 run_miniworld.py:238] Data collection iteration 4.
I1001 16:45:48.174528 47473908942656 run_miniworld.py:245] Evaluation iteration 4.
I1001 16:45:57.612774 47473908942656 run_miniworld.py:262] iteration:   4
 frame: 100000
 eval_episode_return:  0.00
 train_episode_return:  0.04
 train_exploration_epsilon: 0.865
 train_frame_rate:  165
I1001 16:45:57.917217 47473908942656 run_miniworld.py:238] Data collection iteration 5.
I1001 16:48:28.378700 47473908942656 run_miniworld.py:245] Evaluation iteration 5.
I1001 16:48:37.695129 47473908942656 run_miniworld.py:262] iteration:   5
 frame: 125000
 eval_episode_return:  0.00
 train_episode_return:  0.12
 train_exploration_epsilon: 0.820
 train_frame_rate:  166
I1001 16:48:37.999530 47473908942656 run_miniworld.py:238] Data collection iteration 6.
I1001 16:51:08.095189 47473908942656 run_miniworld.py:245] Evaluation iteration 6.
I1001 16:51:17.702344 47473908942656 run_miniworld.py:262] iteration:   6
 frame: 150000
 eval_episode_return:  0.00
 train_episode_return:  0.19
 train_exploration_epsilon: 0.775
 train_frame_rate:  167
I1001 16:51:18.008631 47473908942656 run_miniworld.py:238] Data collection iteration 7.
I1001 16:53:50.251380 47473908942656 run_miniworld.py:245] Evaluation iteration 7.
I1001 16:53:59.722058 47473908942656 run_miniworld.py:262] iteration:   7
 frame: 175000
 eval_episode_return:  0.00
 train_episode_return:  0.04
 train_exploration_epsilon: 0.730
 train_frame_rate:  164
I1001 16:54:00.028641 47473908942656 run_miniworld.py:238] Data collection iteration 8.
I1001 16:56:32.533908 47473908942656 run_miniworld.py:245] Evaluation iteration 8.
I1001 16:56:41.930777 47473908942656 run_miniworld.py:262] iteration:   8
 frame: 200000
 eval_episode_return:  0.00
 train_episode_return:  0.00
 train_exploration_epsilon: 0.685
 train_frame_rate:  164
I1001 16:56:42.237538 47473908942656 run_miniworld.py:238] Data collection iteration 9.
I1001 16:59:14.410133 47473908942656 run_miniworld.py:245] Evaluation iteration 9.
I1001 16:59:24.121570 47473908942656 run_miniworld.py:262] iteration:   9
 frame: 225000
 eval_episode_return:  0.00
 train_episode_return:  0.04
 train_exploration_epsilon: 0.640
 train_frame_rate:  164
I1001 16:59:24.427061 47473908942656 run_miniworld.py:238] Data collection iteration 10.
I1001 17:01:57.210430 47473908942656 run_miniworld.py:245] Evaluation iteration 10.
I1001 17:02:06.755144 47473908942656 run_miniworld.py:262] iteration:  10
 frame: 250000
 eval_episode_return:  0.00
 train_episode_return:  0.04
 train_exploration_epsilon: 0.595
 train_frame_rate:  164
I1001 17:02:07.060114 47473908942656 run_miniworld.py:238] Data collection iteration 11.
I1001 17:04:38.594935 47473908942656 run_miniworld.py:245] Evaluation iteration 11.
I1001 17:04:48.268441 47473908942656 run_miniworld.py:262] iteration:  11
 frame: 275000
 eval_episode_return:  0.00
 train_episode_return:  0.04
 train_exploration_epsilon: 0.550
 train_frame_rate:  165
I1001 17:04:48.567300 47473908942656 run_miniworld.py:238] Data collection iteration 12.
I1001 17:07:21.106961 47473908942656 run_miniworld.py:245] Evaluation iteration 12.
I1001 17:07:30.538324 47473908942656 run_miniworld.py:262] iteration:  12
 frame: 300000
 eval_episode_return:  0.00
 train_episode_return:  0.04
 train_exploration_epsilon: 0.505
 train_frame_rate:  164
I1001 17:07:30.836509 47473908942656 run_miniworld.py:238] Data collection iteration 13.
I1001 17:10:04.127174 47473908942656 run_miniworld.py:245] Evaluation iteration 13.
I1001 17:10:13.646373 47473908942656 run_miniworld.py:262] iteration:  13
 frame: 325000
 eval_episode_return:  0.00
 train_episode_return:  0.04
 train_exploration_epsilon: 0.460
 train_frame_rate:  163
I1001 17:10:13.944596 47473908942656 run_miniworld.py:238] Data collection iteration 14.
I1001 17:12:47.472985 47473908942656 run_miniworld.py:245] Evaluation iteration 14.
I1001 17:12:56.868521 47473908942656 run_miniworld.py:262] iteration:  14
 frame: 350000
 eval_episode_return:  0.00
 train_episode_return:  0.00
 train_exploration_epsilon: 0.415
 train_frame_rate:  163
I1001 17:12:57.172027 47473908942656 run_miniworld.py:238] Data collection iteration 15.
I1001 17:15:31.224447 47473908942656 run_miniworld.py:245] Evaluation iteration 15.
I1001 17:15:40.938024 47473908942656 run_miniworld.py:262] iteration:  15
 frame: 375000
 eval_episode_return:  0.00
 train_episode_return:  0.04
 train_exploration_epsilon: 0.370
 train_frame_rate:  162
I1001 17:15:41.236641 47473908942656 run_miniworld.py:238] Data collection iteration 16.
I1001 17:18:15.241899 47473908942656 run_miniworld.py:245] Evaluation iteration 16.
I1001 17:18:24.532919 47473908942656 run_miniworld.py:262] iteration:  16
 frame: 400000
 eval_episode_return:  0.00
 train_episode_return:  0.04
 train_exploration_epsilon: 0.325
 train_frame_rate:  162
I1001 17:18:24.901227 47473908942656 run_miniworld.py:238] Data collection iteration 17.
I1001 17:20:59.596488 47473908942656 run_miniworld.py:245] Evaluation iteration 17.
I1001 17:21:08.696954 47473908942656 run_miniworld.py:262] iteration:  17
 frame: 425000
 eval_episode_return:  0.00
 train_episode_return:  0.04
 train_exploration_epsilon: 0.280
 train_frame_rate:  162
I1001 17:21:09.002476 47473908942656 run_miniworld.py:238] Data collection iteration 18.
I1001 17:23:44.218992 47473908942656 run_miniworld.py:245] Evaluation iteration 18.
I1001 17:23:53.531498 47473908942656 run_miniworld.py:262] iteration:  18
 frame: 450000
 eval_episode_return:  0.00
 train_episode_return:  0.08
 train_exploration_epsilon: 0.235
 train_frame_rate:  161
I1001 17:23:53.840547 47473908942656 run_miniworld.py:238] Data collection iteration 19.
I1001 17:26:29.638262 47473908942656 run_miniworld.py:245] Evaluation iteration 19.
I1001 17:26:39.448342 47473908942656 run_miniworld.py:262] iteration:  19
 frame: 475000
 eval_episode_return:  0.00
 train_episode_return:  0.04
 train_exploration_epsilon: 0.190
 train_frame_rate:  160
I1001 17:26:39.757934 47473908942656 run_miniworld.py:238] Data collection iteration 20.
I1001 17:29:16.603233 47473908942656 run_miniworld.py:245] Evaluation iteration 20.
I1001 17:29:26.194294 47473908942656 run_miniworld.py:262] iteration:  20
 frame: 500000
 eval_episode_return:  0.00
 train_episode_return:  0.04
 train_exploration_epsilon: 0.145
 train_frame_rate:  159
I1001 17:29:26.506428 47473908942656 run_miniworld.py:238] Data collection iteration 21.
I1001 17:32:02.830414 47473908942656 run_miniworld.py:245] Evaluation iteration 21.
I1001 17:32:12.339329 47473908942656 run_miniworld.py:262] iteration:  21
 frame: 525000
 eval_episode_return:  0.00
 train_episode_return:  0.04
 train_exploration_epsilon: 0.100
 train_frame_rate:  160
I1001 17:32:12.649474 47473908942656 run_miniworld.py:238] Data collection iteration 22.
I1001 17:34:49.963872 47473908942656 run_miniworld.py:245] Evaluation iteration 22.
I1001 17:34:59.758154 47473908942656 run_miniworld.py:262] iteration:  22
 frame: 550000
 eval_episode_return:  0.00
 train_episode_return:  0.04
 train_exploration_epsilon: 0.100
 train_frame_rate:  159
I1001 17:35:00.066949 47473908942656 run_miniworld.py:238] Data collection iteration 23.
I1001 17:37:38.007631 47473908942656 run_miniworld.py:245] Evaluation iteration 23.
I1001 17:37:47.362675 47473908942656 run_miniworld.py:262] iteration:  23
 frame: 575000
 eval_episode_return:  0.00
 train_episode_return:  0.12
 train_exploration_epsilon: 0.100
 train_frame_rate:  158
I1001 17:37:47.687466 47473908942656 run_miniworld.py:238] Data collection iteration 24.
I1001 17:40:26.425498 47473908942656 run_miniworld.py:245] Evaluation iteration 24.
I1001 17:40:35.748598 47473908942656 run_miniworld.py:262] iteration:  24
 frame: 600000
 eval_episode_return:  0.00
 train_episode_return:  0.08
 train_exploration_epsilon: 0.100
 train_frame_rate:  157
I1001 17:40:36.050936 47473908942656 run_miniworld.py:238] Data collection iteration 25.
I1001 17:43:15.328738 47473908942656 run_miniworld.py:245] Evaluation iteration 25.
I1001 17:43:24.704227 47473908942656 run_miniworld.py:262] iteration:  25
 frame: 625000
 eval_episode_return:  0.00
 train_episode_return:  0.00
 train_exploration_epsilon: 0.100
 train_frame_rate:  157
I1001 17:43:25.025462 47473908942656 run_miniworld.py:238] Data collection iteration 26.
I1001 17:46:03.094886 47473908942656 run_miniworld.py:245] Evaluation iteration 26.
I1001 17:46:12.572471 47473908942656 run_miniworld.py:262] iteration:  26
 frame: 650000
 eval_episode_return:  0.00
 train_episode_return:  0.00
 train_exploration_epsilon: 0.100
 train_frame_rate:  158
I1001 17:46:12.889097 47473908942656 run_miniworld.py:238] Data collection iteration 27.
I1001 17:48:51.957813 47473908942656 run_miniworld.py:245] Evaluation iteration 27.
I1001 17:49:01.449805 47473908942656 run_miniworld.py:262] iteration:  27
 frame: 675000
 eval_episode_return:  0.00
 train_episode_return:  0.04
 train_exploration_epsilon: 0.100
 train_frame_rate:  157
I1001 17:49:01.759509 47473908942656 run_miniworld.py:238] Data collection iteration 28.
I1001 17:51:41.242196 47473908942656 run_miniworld.py:245] Evaluation iteration 28.
I1001 17:51:50.618121 47473908942656 run_miniworld.py:262] iteration:  28
 frame: 700000
 eval_episode_return:  0.00
 train_episode_return:  0.08
 train_exploration_epsilon: 0.100
 train_frame_rate:  157
I1001 17:51:50.929682 47473908942656 run_miniworld.py:238] Data collection iteration 29.
I1001 17:54:30.833487 47473908942656 run_miniworld.py:245] Evaluation iteration 29.
I1001 17:54:40.548085 47473908942656 run_miniworld.py:262] iteration:  29
 frame: 725000
 eval_episode_return:  0.00
 train_episode_return:  0.00
 train_exploration_epsilon: 0.100
 train_frame_rate:  156
I1001 17:54:40.865948 47473908942656 run_miniworld.py:238] Data collection iteration 30.
I1001 17:57:21.105600 47473908942656 run_miniworld.py:245] Evaluation iteration 30.
I1001 17:57:30.624986 47473908942656 run_miniworld.py:262] iteration:  30
 frame: 750000
 eval_episode_return:  0.00
 train_episode_return:  0.12
 train_exploration_epsilon: 0.100
 train_frame_rate:  156
I1001 17:57:30.946859 47473908942656 run_miniworld.py:238] Data collection iteration 31.
I1001 18:00:12.201947 47473908942656 run_miniworld.py:245] Evaluation iteration 31.
I1001 18:00:21.844809 47473908942656 run_miniworld.py:262] iteration:  31
 frame: 775000
 eval_episode_return:  0.00
 train_episode_return:  0.08
 train_exploration_epsilon: 0.100
 train_frame_rate:  155
I1001 18:00:22.157235 47473908942656 run_miniworld.py:238] Data collection iteration 32.
I1001 18:03:03.584659 47473908942656 run_miniworld.py:245] Evaluation iteration 32.
I1001 18:03:12.989616 47473908942656 run_miniworld.py:262] iteration:  32
 frame: 800000
 eval_episode_return:  0.00
 train_episode_return:  0.23
 train_exploration_epsilon: 0.100
 train_frame_rate:  155
I1001 18:03:13.301603 47473908942656 run_miniworld.py:238] Data collection iteration 33.
I1001 18:05:56.675971 47473908942656 run_miniworld.py:245] Evaluation iteration 33.
I1001 18:06:06.379695 47473908942656 run_miniworld.py:262] iteration:  33
 frame: 825000
 eval_episode_return:  0.00
 train_episode_return:  0.29
 train_exploration_epsilon: 0.100
 train_frame_rate:  153
I1001 18:06:06.692185 47473908942656 run_miniworld.py:238] Data collection iteration 34.
I1001 18:08:48.431863 47473908942656 run_miniworld.py:245] Evaluation iteration 34.
I1001 18:08:58.018317 47473908942656 run_miniworld.py:262] iteration:  34
 frame: 850000
 eval_episode_return:  0.00
 train_episode_return:  0.22
 train_exploration_epsilon: 0.100
 train_frame_rate:  155
I1001 18:08:58.331907 47473908942656 run_miniworld.py:238] Data collection iteration 35.
I1001 18:11:40.369358 47473908942656 run_miniworld.py:245] Evaluation iteration 35.
I1001 18:11:49.811673 47473908942656 run_miniworld.py:262] iteration:  35
 frame: 875000
 eval_episode_return:  0.00
 train_episode_return:  0.08
 train_exploration_epsilon: 0.100
 train_frame_rate:  154
I1001 18:11:50.128589 47473908942656 run_miniworld.py:238] Data collection iteration 36.
I1001 18:14:32.852665 47473908942656 run_miniworld.py:245] Evaluation iteration 36.
I1001 18:14:42.363016 47473908942656 run_miniworld.py:262] iteration:  36
 frame: 900000
 eval_episode_return:  0.00
 train_episode_return:  0.12
 train_exploration_epsilon: 0.100
 train_frame_rate:  154
I1001 18:14:42.672378 47473908942656 run_miniworld.py:238] Data collection iteration 37.
I1001 18:17:25.411865 47473908942656 run_miniworld.py:245] Evaluation iteration 37.
I1001 18:17:35.259709 47473908942656 run_miniworld.py:262] iteration:  37
 frame: 925000
 eval_episode_return:  0.00
 train_episode_return:  0.26
 train_exploration_epsilon: 0.100
 train_frame_rate:  154
I1001 18:17:35.577326 47473908942656 run_miniworld.py:238] Data collection iteration 38.
I1001 18:20:18.608534 47473908942656 run_miniworld.py:245] Evaluation iteration 38.
I1001 18:20:28.204580 47473908942656 run_miniworld.py:262] iteration:  38
 frame: 950000
 eval_episode_return:  0.00
 train_episode_return:  0.22
 train_exploration_epsilon: 0.100
 train_frame_rate:  153
I1001 18:20:28.527209 47473908942656 run_miniworld.py:238] Data collection iteration 39.
I1001 18:23:11.886309 47473908942656 run_miniworld.py:245] Evaluation iteration 39.
I1001 18:23:21.584598 47473908942656 run_miniworld.py:262] iteration:  39
 frame: 975000
 eval_episode_return:  0.00
 train_episode_return:  0.33
 train_exploration_epsilon: 0.100
 train_frame_rate:  153
I1001 18:23:21.902184 47473908942656 run_miniworld.py:238] Data collection iteration 40.
I1001 18:26:05.543173 47473908942656 run_miniworld.py:245] Evaluation iteration 40.
I1001 18:26:14.964842 47473908942656 run_miniworld.py:262] iteration:  40
 frame: 1000000
 eval_episode_return:  0.00
 train_episode_return:  0.21
 train_exploration_epsilon: 0.100
 train_frame_rate:  153
I1001 18:26:15.281023 47473908942656 run_miniworld.py:238] Data collection iteration 41.
I1001 18:28:59.350009 47473908942656 run_miniworld.py:245] Evaluation iteration 41.
I1001 18:29:08.841161 47473908942656 run_miniworld.py:262] iteration:  41
 frame: 1025000
 eval_episode_return:  0.00
 train_episode_return:  0.22
 train_exploration_epsilon: 0.100
 train_frame_rate:  152
I1001 18:29:09.154832 47473908942656 run_miniworld.py:238] Data collection iteration 42.
I1001 18:31:53.496560 47473908942656 run_miniworld.py:245] Evaluation iteration 42.
I1001 18:32:03.292723 47473908942656 run_miniworld.py:262] iteration:  42
 frame: 1050000
 eval_episode_return:  0.00
 train_episode_return:  0.12
 train_exploration_epsilon: 0.100
 train_frame_rate:  152
I1001 18:32:03.610831 47473908942656 run_miniworld.py:238] Data collection iteration 43.
I1001 18:34:47.357453 47473908942656 run_miniworld.py:245] Evaluation iteration 43.
I1001 18:34:56.997236 47473908942656 run_miniworld.py:262] iteration:  43
 frame: 1075000
 eval_episode_return:  0.00
 train_episode_return:  0.19
 train_exploration_epsilon: 0.100
 train_frame_rate:  153
I1001 18:34:57.324167 47473908942656 run_miniworld.py:238] Data collection iteration 44.
I1001 18:37:41.214384 47473908942656 run_miniworld.py:245] Evaluation iteration 44.
I1001 18:37:51.128427 47473908942656 run_miniworld.py:262] iteration:  44
 frame: 1100000
 eval_episode_return:  0.00
 train_episode_return:  0.12
 train_exploration_epsilon: 0.100
 train_frame_rate:  153
I1001 18:37:51.446954 47473908942656 run_miniworld.py:238] Data collection iteration 45.
I1001 18:40:36.619831 47473908942656 run_miniworld.py:245] Evaluation iteration 45.
I1001 18:40:46.235983 47473908942656 run_miniworld.py:262] iteration:  45
 frame: 1125000
 eval_episode_return:  0.00
 train_episode_return:  0.39
 train_exploration_epsilon: 0.100
 train_frame_rate:  151
I1001 18:40:46.553213 47473908942656 run_miniworld.py:238] Data collection iteration 46.
I1001 18:43:30.899513 47473908942656 run_miniworld.py:245] Evaluation iteration 46.
I1001 18:43:40.431584 47473908942656 run_miniworld.py:262] iteration:  46
 frame: 1150000
 eval_episode_return:  0.00
 train_episode_return:  0.26
 train_exploration_epsilon: 0.100
 train_frame_rate:  152
I1001 18:43:40.759190 47473908942656 run_miniworld.py:238] Data collection iteration 47.
I1001 18:46:25.193779 47473908942656 run_miniworld.py:245] Evaluation iteration 47.
I1001 18:46:34.665236 47473908942656 run_miniworld.py:262] iteration:  47
 frame: 1175000
 eval_episode_return:  0.00
 train_episode_return:  0.41
 train_exploration_epsilon: 0.100
 train_frame_rate:  152
I1001 18:46:34.986426 47473908942656 run_miniworld.py:238] Data collection iteration 48.
I1001 18:49:19.891513 47473908942656 run_miniworld.py:245] Evaluation iteration 48.
I1001 18:49:29.740229 47473908942656 run_miniworld.py:262] iteration:  48
 frame: 1200000
 eval_episode_return:  0.00
 train_episode_return:  0.15
 train_exploration_epsilon: 0.100
 train_frame_rate:  152
I1001 18:49:30.063040 47473908942656 run_miniworld.py:238] Data collection iteration 49.
I1001 18:52:15.482370 47473908942656 run_miniworld.py:245] Evaluation iteration 49.
I1001 18:52:25.075363 47473908942656 run_miniworld.py:262] iteration:  49
 frame: 1225000
 eval_episode_return:  0.00
 train_episode_return:  0.15
 train_exploration_epsilon: 0.100
 train_frame_rate:  151
I1001 18:52:25.403125 47473908942656 run_miniworld.py:238] Data collection iteration 50.
I1001 18:55:10.700519 47473908942656 run_miniworld.py:245] Evaluation iteration 50.
I1001 18:55:20.639055 47473908942656 run_miniworld.py:262] iteration:  50
 frame: 1250000
 eval_episode_return:  0.00
 train_episode_return:  0.36
 train_exploration_epsilon: 0.100
 train_frame_rate:  151
I1001 18:55:20.961746 47473908942656 run_miniworld.py:238] Data collection iteration 51.
I1001 18:58:06.197175 47473908942656 run_miniworld.py:245] Evaluation iteration 51.
I1001 18:58:15.827105 47473908942656 run_miniworld.py:262] iteration:  51
 frame: 1275000
 eval_episode_return:  0.00
 train_episode_return:  0.34
 train_exploration_epsilon: 0.100
 train_frame_rate:  151
I1001 18:58:16.146916 47473908942656 run_miniworld.py:238] Data collection iteration 52.
I1001 19:01:02.006330 47473908942656 run_miniworld.py:245] Evaluation iteration 52.
I1001 19:01:11.727663 47473908942656 run_miniworld.py:262] iteration:  52
 frame: 1300000
 eval_episode_return:  0.00
 train_episode_return:  0.04
 train_exploration_epsilon: 0.100
 train_frame_rate:  151
I1001 19:01:12.044531 47473908942656 run_miniworld.py:238] Data collection iteration 53.
I1001 19:03:57.668957 47473908942656 run_miniworld.py:245] Evaluation iteration 53.
I1001 19:04:07.279858 47473908942656 run_miniworld.py:262] iteration:  53
 frame: 1325000
 eval_episode_return:  0.00
 train_episode_return:  0.15
 train_exploration_epsilon: 0.100
 train_frame_rate:  151
I1001 19:04:07.599250 47473908942656 run_miniworld.py:238] Data collection iteration 54.
I1001 19:06:52.948526 47473908942656 run_miniworld.py:245] Evaluation iteration 54.
I1001 19:07:02.775357 47473908942656 run_miniworld.py:262] iteration:  54
 frame: 1350000
 eval_episode_return:  0.00
 train_episode_return:  0.04
 train_exploration_epsilon: 0.100
 train_frame_rate:  151
I1001 19:07:03.094977 47473908942656 run_miniworld.py:238] Data collection iteration 55.
I1001 19:09:49.763430 47473908942656 run_miniworld.py:245] Evaluation iteration 55.
I1001 19:09:59.708630 47473908942656 run_miniworld.py:262] iteration:  55
 frame: 1375000
 eval_episode_return:  0.00
 train_episode_return:  0.12
 train_exploration_epsilon: 0.100
 train_frame_rate:  150
I1001 19:10:00.031077 47473908942656 run_miniworld.py:238] Data collection iteration 56.
I1001 19:12:45.919864 47473908942656 run_miniworld.py:245] Evaluation iteration 56.
I1001 19:12:55.493504 47473908942656 run_miniworld.py:262] iteration:  56
 frame: 1400000
 eval_episode_return:  0.00
 train_episode_return:  0.19
 train_exploration_epsilon: 0.100
 train_frame_rate:  151
I1001 19:12:55.814490 47473908942656 run_miniworld.py:238] Data collection iteration 57.
I1001 19:15:41.793682 47473908942656 run_miniworld.py:245] Evaluation iteration 57.
I1001 19:15:51.787597 47473908942656 run_miniworld.py:262] iteration:  57
 frame: 1425000
 eval_episode_return:  0.00
 train_episode_return:  0.32
 train_exploration_epsilon: 0.100
 train_frame_rate:  151
I1001 19:15:52.100069 47473908942656 run_miniworld.py:238] Data collection iteration 58.
I1001 19:18:39.291937 47473908942656 run_miniworld.py:245] Evaluation iteration 58.
I1001 19:18:49.404844 47473908942656 run_miniworld.py:262] iteration:  58
 frame: 1450000
 eval_episode_return:  0.00
 train_episode_return:  0.12
 train_exploration_epsilon: 0.100
 train_frame_rate:  150
I1001 19:18:49.735350 47473908942656 run_miniworld.py:238] Data collection iteration 59.
I1001 19:21:36.125458 47473908942656 run_miniworld.py:245] Evaluation iteration 59.
I1001 19:21:45.934235 47473908942656 run_miniworld.py:262] iteration:  59
 frame: 1475000
 eval_episode_return:  0.00
 train_episode_return:  0.29
 train_exploration_epsilon: 0.100
 train_frame_rate:  150
I1001 19:21:46.250699 47473908942656 run_miniworld.py:238] Data collection iteration 60.
I1001 19:24:32.557839 47473908942656 run_miniworld.py:245] Evaluation iteration 60.
I1001 19:24:42.537806 47473908942656 run_miniworld.py:262] iteration:  60
 frame: 1500000
 eval_episode_return:  0.00
 train_episode_return:  0.43
 train_exploration_epsilon: 0.100
 train_frame_rate:  150
I1001 19:24:42.864553 47473908942656 run_miniworld.py:238] Data collection iteration 61.
I1001 19:27:28.769648 47473908942656 run_miniworld.py:245] Evaluation iteration 61.
I1001 19:27:38.723781 47473908942656 run_miniworld.py:262] iteration:  61
 frame: 1525000
 eval_episode_return:  0.00
 train_episode_return:  0.41
 train_exploration_epsilon: 0.100
 train_frame_rate:  151
I1001 19:27:39.041750 47473908942656 run_miniworld.py:238] Data collection iteration 62.
I1001 19:30:25.410137 47473908942656 run_miniworld.py:245] Evaluation iteration 62.
I1001 19:30:35.206875 47473908942656 run_miniworld.py:262] iteration:  62
 frame: 1550000
 eval_episode_return:  0.00
 train_episode_return:  0.44
 train_exploration_epsilon: 0.100
 train_frame_rate:  150
I1001 19:30:35.532102 47473908942656 run_miniworld.py:238] Data collection iteration 63.
I1001 19:33:22.022524 47473908942656 run_miniworld.py:245] Evaluation iteration 63.
I1001 19:33:32.105878 47473908942656 run_miniworld.py:262] iteration:  63
 frame: 1575000
 eval_episode_return:  0.00
 train_episode_return:  0.32
 train_exploration_epsilon: 0.100
 train_frame_rate:  150
I1001 19:33:32.422996 47473908942656 run_miniworld.py:238] Data collection iteration 64.
I1001 19:36:19.673281 47473908942656 run_miniworld.py:245] Evaluation iteration 64.
I1001 19:36:29.765174 47473908942656 run_miniworld.py:262] iteration:  64
 frame: 1600000
 eval_episode_return:  0.00
 train_episode_return:  0.28
 train_exploration_epsilon: 0.100
 train_frame_rate:  149
I1001 19:36:30.077317 47473908942656 run_miniworld.py:238] Data collection iteration 65.
I1001 19:39:16.152355 47473908942656 run_miniworld.py:245] Evaluation iteration 65.
I1001 19:39:25.965307 47473908942656 run_miniworld.py:262] iteration:  65
 frame: 1625000
 eval_episode_return:  0.00
 train_episode_return:  0.50
 train_exploration_epsilon: 0.100
 train_frame_rate:  151
I1001 19:39:26.283056 47473908942656 run_miniworld.py:238] Data collection iteration 66.
I1001 19:42:12.038936 47473908942656 run_miniworld.py:245] Evaluation iteration 66.
I1001 19:42:21.617187 47473908942656 run_miniworld.py:262] iteration:  66
 frame: 1650000
 eval_episode_return:  0.00
 train_episode_return:  0.50
 train_exploration_epsilon: 0.100
 train_frame_rate:  151
I1001 19:42:21.931971 47473908942656 run_miniworld.py:238] Data collection iteration 67.
I1001 19:45:07.772098 47473908942656 run_miniworld.py:245] Evaluation iteration 67.
I1001 19:45:17.543011 47473908942656 run_miniworld.py:262] iteration:  67
 frame: 1675000
 eval_episode_return:  0.00
 train_episode_return:  0.53
 train_exploration_epsilon: 0.100
 train_frame_rate:  151
I1001 19:45:17.866008 47473908942656 run_miniworld.py:238] Data collection iteration 68.
I1001 19:48:03.989240 47473908942656 run_miniworld.py:245] Evaluation iteration 68.
I1001 19:48:13.916957 47473908942656 run_miniworld.py:262] iteration:  68
 frame: 1700000
 eval_episode_return:  0.00
 train_episode_return:  0.44
 train_exploration_epsilon: 0.100
 train_frame_rate:  150
I1001 19:48:14.234319 47473908942656 run_miniworld.py:238] Data collection iteration 69.
I1001 19:50:59.775241 47473908942656 run_miniworld.py:245] Evaluation iteration 69.
I1001 19:51:09.660940 47473908942656 run_miniworld.py:262] iteration:  69
 frame: 1725000
 eval_episode_return:  0.00
 train_episode_return:  0.65
 train_exploration_epsilon: 0.100
 train_frame_rate:  151
I1001 19:51:09.989425 47473908942656 run_miniworld.py:238] Data collection iteration 70.
I1001 19:53:58.108460 47473908942656 run_miniworld.py:245] Evaluation iteration 70.
I1001 19:54:08.092427 47473908942656 run_miniworld.py:262] iteration:  70
 frame: 1750000
 eval_episode_return:  0.00
 train_episode_return:  0.44
 train_exploration_epsilon: 0.100
 train_frame_rate:  149
I1001 19:54:08.409859 47473908942656 run_miniworld.py:238] Data collection iteration 71.
I1001 19:56:54.588503 47473908942656 run_miniworld.py:245] Evaluation iteration 71.
I1001 19:57:05.409239 47473908942656 run_miniworld.py:262] iteration:  71
 frame: 1775000
 eval_episode_return:  0.00
 train_episode_return:  0.67
 train_exploration_epsilon: 0.100
 train_frame_rate:  150
I1001 19:57:05.735549 47473908942656 run_miniworld.py:238] Data collection iteration 72.
I1001 19:59:52.159134 47473908942656 run_miniworld.py:245] Evaluation iteration 72.
I1001 20:00:01.835128 47473908942656 run_miniworld.py:262] iteration:  72
 frame: 1800000
 eval_episode_return:  0.00
 train_episode_return:  0.56
 train_exploration_epsilon: 0.100
 train_frame_rate:  150
I1001 20:00:02.154331 47473908942656 run_miniworld.py:238] Data collection iteration 73.
I1001 20:02:48.733612 47473908942656 run_miniworld.py:245] Evaluation iteration 73.
I1001 20:02:58.397270 47473908942656 run_miniworld.py:262] iteration:  73
 frame: 1825000
 eval_episode_return:  0.00
 train_episode_return:  0.69
 train_exploration_epsilon: 0.100
 train_frame_rate:  150
I1001 20:02:58.716527 47473908942656 run_miniworld.py:238] Data collection iteration 74.
I1001 20:05:44.994952 47473908942656 run_miniworld.py:245] Evaluation iteration 74.
I1001 20:05:54.694515 47473908942656 run_miniworld.py:262] iteration:  74
 frame: 1850000
 eval_episode_return:  0.00
 train_episode_return:  0.88
 train_exploration_epsilon: 0.100
 train_frame_rate:  150
I1001 20:05:55.014162 47473908942656 run_miniworld.py:238] Data collection iteration 75.
I1001 20:08:42.173000 47473908942656 run_miniworld.py:245] Evaluation iteration 75.
I1001 20:08:51.834803 47473908942656 run_miniworld.py:262] iteration:  75
 frame: 1875000
 eval_episode_return:  0.00
 train_episode_return:  0.89
 train_exploration_epsilon: 0.100
 train_frame_rate:  150
I1001 20:08:52.147348 47473908942656 run_miniworld.py:238] Data collection iteration 76.
I1001 20:11:38.971631 47473908942656 run_miniworld.py:245] Evaluation iteration 76.
I1001 20:11:48.957663 47473908942656 run_miniworld.py:262] iteration:  76
 frame: 1900000
 eval_episode_return:  0.40
 train_episode_return:  0.79
 train_exploration_epsilon: 0.100
 train_frame_rate:  150
I1001 20:11:49.279613 47473908942656 run_miniworld.py:238] Data collection iteration 77.
I1001 20:14:36.711472 47473908942656 run_miniworld.py:245] Evaluation iteration 77.
I1001 20:14:46.615957 47473908942656 run_miniworld.py:262] iteration:  77
 frame: 1925000
 eval_episode_return:  0.00
 train_episode_return:  0.85
 train_exploration_epsilon: 0.100
 train_frame_rate:  149
I1001 20:14:46.930111 47473908942656 run_miniworld.py:238] Data collection iteration 78.
I1001 20:17:34.305073 47473908942656 run_miniworld.py:245] Evaluation iteration 78.
I1001 20:17:44.368020 47473908942656 run_miniworld.py:262] iteration:  78
 frame: 1950000
 eval_episode_return:  0.00
 train_episode_return:  0.81
 train_exploration_epsilon: 0.100
 train_frame_rate:  149
I1001 20:17:44.687571 47473908942656 run_miniworld.py:238] Data collection iteration 79.
I1001 20:20:31.889342 47473908942656 run_miniworld.py:245] Evaluation iteration 79.
I1001 20:20:41.800402 47473908942656 run_miniworld.py:262] iteration:  79
 frame: 1975000
 eval_episode_return:  0.33
 train_episode_return:  0.84
 train_exploration_epsilon: 0.100
 train_frame_rate:  150
I1001 20:20:42.118394 47473908942656 run_miniworld.py:238] Data collection iteration 80.
I1001 20:23:30.237251 47473908942656 run_miniworld.py:245] Evaluation iteration 80.
I1001 20:23:39.970209 47473908942656 run_miniworld.py:262] iteration:  80
 frame: 2000000
 eval_episode_return:  0.00
 train_episode_return:  0.82
 train_exploration_epsilon: 0.100
 train_frame_rate:  149
I1001 20:23:40.285518 47473908942656 run_miniworld.py:238] Data collection iteration 81.
I1001 20:26:26.902901 47473908942656 run_miniworld.py:245] Evaluation iteration 81.
I1001 20:26:36.688157 47473908942656 run_miniworld.py:262] iteration:  81
 frame: 2025000
 eval_episode_return:  0.00
 train_episode_return:  0.85
 train_exploration_epsilon: 0.100
 train_frame_rate:  150
I1001 20:26:37.012179 47473908942656 run_miniworld.py:238] Data collection iteration 82.
I1001 20:29:23.831368 47473908942656 run_miniworld.py:245] Evaluation iteration 82.
I1001 20:29:33.796530 47473908942656 run_miniworld.py:262] iteration:  82
 frame: 2050000
 eval_episode_return:  0.00
 train_episode_return:  0.91
 train_exploration_epsilon: 0.100
 train_frame_rate:  150
I1001 20:29:34.119779 47473908942656 run_miniworld.py:238] Data collection iteration 83.
I1001 20:32:21.734408 47473908942656 run_miniworld.py:245] Evaluation iteration 83.
I1001 20:32:31.696698 47473908942656 run_miniworld.py:262] iteration:  83
 frame: 2075000
 eval_episode_return:  0.20
 train_episode_return:  0.96
 train_exploration_epsilon: 0.100
 train_frame_rate:  149
I1001 20:32:32.025793 47473908942656 run_miniworld.py:238] Data collection iteration 84.
I1001 20:35:18.729279 47473908942656 run_miniworld.py:245] Evaluation iteration 84.
I1001 20:35:28.631506 47473908942656 run_miniworld.py:262] iteration:  84
 frame: 2100000
 eval_episode_return:  0.00
 train_episode_return:  0.95
 train_exploration_epsilon: 0.100
 train_frame_rate:  150
I1001 20:35:28.956481 47473908942656 run_miniworld.py:238] Data collection iteration 85.
I1001 20:38:17.075958 47473908942656 run_miniworld.py:245] Evaluation iteration 85.
I1001 20:38:27.058911 47473908942656 run_miniworld.py:262] iteration:  85
 frame: 2125000
 eval_episode_return:  0.40
 train_episode_return:  0.99
 train_exploration_epsilon: 0.100
 train_frame_rate:  149
I1001 20:38:27.381387 47473908942656 run_miniworld.py:238] Data collection iteration 86.
I1001 20:41:14.639879 47473908942656 run_miniworld.py:245] Evaluation iteration 86.
I1001 20:41:24.699432 47473908942656 run_miniworld.py:262] iteration:  86
 frame: 2150000
 eval_episode_return:  0.00
 train_episode_return:  1.00
 train_exploration_epsilon: 0.100
 train_frame_rate:  149
I1001 20:41:25.030833 47473908942656 run_miniworld.py:238] Data collection iteration 87.
I1001 20:44:12.640678 47473908942656 run_miniworld.py:245] Evaluation iteration 87.
I1001 20:44:22.574529 47473908942656 run_miniworld.py:262] iteration:  87
 frame: 2175000
 eval_episode_return:  0.00
 train_episode_return:  0.95
 train_exploration_epsilon: 0.100
 train_frame_rate:  149
I1001 20:44:22.905362 47473908942656 run_miniworld.py:238] Data collection iteration 88.
I1001 20:47:11.224955 47473908942656 run_miniworld.py:245] Evaluation iteration 88.
I1001 20:47:21.217014 47473908942656 run_miniworld.py:262] iteration:  88
 frame: 2200000
 eval_episode_return:  0.86
 train_episode_return:  0.99
 train_exploration_epsilon: 0.100
 train_frame_rate:  149
I1001 20:47:21.545613 47473908942656 run_miniworld.py:238] Data collection iteration 89.
I1001 20:50:09.154461 47473908942656 run_miniworld.py:245] Evaluation iteration 89.
I1001 20:50:19.233347 47473908942656 run_miniworld.py:262] iteration:  89
 frame: 2225000
 eval_episode_return:  0.00
 train_episode_return:  1.00
 train_exploration_epsilon: 0.100
 train_frame_rate:  149
I1001 20:50:19.567065 47473908942656 run_miniworld.py:238] Data collection iteration 90.
I1001 20:53:07.509665 47473908942656 run_miniworld.py:245] Evaluation iteration 90.
I1001 20:53:17.260573 47473908942656 run_miniworld.py:262] iteration:  90
 frame: 2250000
 eval_episode_return:  0.91
 train_episode_return:  0.99
 train_exploration_epsilon: 0.100
 train_frame_rate:  149
I1001 20:53:17.592377 47473908942656 run_miniworld.py:238] Data collection iteration 91.
I1001 20:56:06.810758 47473908942656 run_miniworld.py:245] Evaluation iteration 91.
I1001 20:56:16.932448 47473908942656 run_miniworld.py:262] iteration:  91
 frame: 2275000
 eval_episode_return:  1.00
 train_episode_return:  1.00
 train_exploration_epsilon: 0.100
 train_frame_rate:  148
I1001 20:56:17.273359 47473908942656 run_miniworld.py:238] Data collection iteration 92.
I1001 20:59:07.077786 47473908942656 run_miniworld.py:245] Evaluation iteration 92.
I1001 20:59:18.581243 47473908942656 run_miniworld.py:262] iteration:  92
 frame: 2300000
 eval_episode_return:  1.00
 train_episode_return:  1.00
 train_exploration_epsilon: 0.100
 train_frame_rate:  147
I1001 20:59:18.919965 47473908942656 run_miniworld.py:238] Data collection iteration 93.
I1001 21:02:08.692454 47473908942656 run_miniworld.py:245] Evaluation iteration 93.
I1001 21:02:18.315606 47473908942656 run_miniworld.py:262] iteration:  93
 frame: 2325000
 eval_episode_return:  0.20
 train_episode_return:  1.00
 train_exploration_epsilon: 0.100
 train_frame_rate:  147
I1001 21:02:18.651813 47473908942656 run_miniworld.py:238] Data collection iteration 94.
I1001 21:05:09.060459 47473908942656 run_miniworld.py:245] Evaluation iteration 94.
I1001 21:05:20.727323 47473908942656 run_miniworld.py:262] iteration:  94
 frame: 2350000
 eval_episode_return:  1.00
 train_episode_return:  1.00
 train_exploration_epsilon: 0.100
 train_frame_rate:  147
I1001 21:05:21.059402 47473908942656 run_miniworld.py:238] Data collection iteration 95.
I1001 21:08:11.346952 47473908942656 run_miniworld.py:245] Evaluation iteration 95.
I1001 21:08:22.966828 47473908942656 run_miniworld.py:262] iteration:  95
 frame: 2375000
 eval_episode_return:  1.00
 train_episode_return:  1.00
 train_exploration_epsilon: 0.100
 train_frame_rate:  147
I1001 21:08:23.289867 47473908942656 run_miniworld.py:238] Data collection iteration 96.
I1001 21:11:13.617219 47473908942656 run_miniworld.py:245] Evaluation iteration 96.
I1001 21:11:25.058078 47473908942656 run_miniworld.py:262] iteration:  96
 frame: 2400000
 eval_episode_return:  1.00
 train_episode_return:  1.00
 train_exploration_epsilon: 0.100
 train_frame_rate:  147
I1001 21:11:25.393803 47473908942656 run_miniworld.py:238] Data collection iteration 97.
I1001 21:14:16.582173 47473908942656 run_miniworld.py:245] Evaluation iteration 97.
I1001 21:14:26.643405 47473908942656 run_miniworld.py:262] iteration:  97
 frame: 2425000
 eval_episode_return:  1.00
 train_episode_return:  1.00
 train_exploration_epsilon: 0.100
 train_frame_rate:  146
I1001 21:14:26.975236 47473908942656 run_miniworld.py:238] Data collection iteration 98.
I1001 21:17:19.123802 47473908942656 run_miniworld.py:245] Evaluation iteration 98.
I1001 21:17:30.665131 47473908942656 run_miniworld.py:262] iteration:  98
 frame: 2450000
 eval_episode_return:  1.00
 train_episode_return:  1.00
 train_exploration_epsilon: 0.100
 train_frame_rate:  145
I1001 21:17:31.002635 47473908942656 run_miniworld.py:238] Data collection iteration 99.
I1001 21:20:21.797898 47473908942656 run_miniworld.py:245] Evaluation iteration 99.
I1001 21:20:33.185053 47473908942656 run_miniworld.py:262] iteration:  99
 frame: 2475000
 eval_episode_return:  1.00
 train_episode_return:  1.00
 train_exploration_epsilon: 0.100
 train_frame_rate:  146
I1001 21:20:33.514594 47473908942656 run_miniworld.py:238] Data collection iteration 100.
I1001 21:23:24.383810 47473908942656 run_miniworld.py:245] Evaluation iteration 100.
I1001 21:23:36.075249 47473908942656 run_miniworld.py:262] iteration: 100
 frame: 2500000
 eval_episode_return:  1.00
 train_episode_return:  1.00
 train_exploration_epsilon: 0.100
 train_frame_rate:  146
I1001 21:23:36.407814 47473908942656 run_miniworld.py:238] Data collection iteration 101.
I1001 21:26:26.730349 47473908942656 run_miniworld.py:245] Evaluation iteration 101.
I1001 21:26:38.394376 47473908942656 run_miniworld.py:262] iteration: 101
 frame: 2525000
 eval_episode_return:  1.00
 train_episode_return:  1.00
 train_exploration_epsilon: 0.100
 train_frame_rate:  147
I1001 21:26:38.730536 47473908942656 run_miniworld.py:238] Data collection iteration 102.
I1001 21:29:28.712448 47473908942656 run_miniworld.py:245] Evaluation iteration 102.
I1001 21:29:38.681640 47473908942656 run_miniworld.py:262] iteration: 102
 frame: 2550000
 eval_episode_return:  0.71
 train_episode_return:  1.00
 train_exploration_epsilon: 0.100
 train_frame_rate:  147
I1001 21:29:39.015768 47473908942656 run_miniworld.py:238] Data collection iteration 103.
I1001 21:32:28.886253 47473908942656 run_miniworld.py:245] Evaluation iteration 103.
I1001 21:32:40.599615 47473908942656 run_miniworld.py:262] iteration: 103
 frame: 2575000
 eval_episode_return:  1.00
 train_episode_return:  1.00
 train_exploration_epsilon: 0.100
 train_frame_rate:  147
I1001 21:32:40.927227 47473908942656 run_miniworld.py:238] Data collection iteration 104.
I1001 21:35:31.279029 47473908942656 run_miniworld.py:245] Evaluation iteration 104.
I1001 21:35:42.535376 47473908942656 run_miniworld.py:262] iteration: 104
 frame: 2600000
 eval_episode_return:  1.00
 train_episode_return:  1.00
 train_exploration_epsilon: 0.100
 train_frame_rate:  147
I1001 21:35:42.861076 47473908942656 run_miniworld.py:238] Data collection iteration 105.
I1001 21:38:33.128729 47473908942656 run_miniworld.py:245] Evaluation iteration 105.
I1001 21:38:45.019934 47473908942656 run_miniworld.py:262] iteration: 105
 frame: 2625000
 eval_episode_return:  1.00
 train_episode_return:  1.00
 train_exploration_epsilon: 0.100
 train_frame_rate:  147
I1001 21:38:45.395193 47473908942656 run_miniworld.py:238] Data collection iteration 106.
I1001 21:41:35.569034 47473908942656 run_miniworld.py:245] Evaluation iteration 106.
I1001 21:41:47.215543 47473908942656 run_miniworld.py:262] iteration: 106
 frame: 2650000
 eval_episode_return:  1.00
 train_episode_return:  1.00
 train_exploration_epsilon: 0.100
 train_frame_rate:  147
I1001 21:41:47.544320 47473908942656 run_miniworld.py:238] Data collection iteration 107.
I1001 21:44:37.518001 47473908942656 run_miniworld.py:245] Evaluation iteration 107.
I1001 21:44:48.772545 47473908942656 run_miniworld.py:262] iteration: 107
 frame: 2675000
 eval_episode_return:  1.00
 train_episode_return:  1.00
 train_exploration_epsilon: 0.100
 train_frame_rate:  147
I1001 21:44:49.112929 47473908942656 run_miniworld.py:238] Data collection iteration 108.
I1001 21:47:38.590062 47473908942656 run_miniworld.py:245] Evaluation iteration 108.
I1001 21:47:49.691151 47473908942656 run_miniworld.py:262] iteration: 108
 frame: 2700000
 eval_episode_return:  1.00
 train_episode_return:  1.00
 train_exploration_epsilon: 0.100
 train_frame_rate:  148
I1001 21:47:50.016593 47473908942656 run_miniworld.py:238] Data collection iteration 109.
I1001 21:50:40.672065 47473908942656 run_miniworld.py:245] Evaluation iteration 109.
I1001 21:50:52.099120 47473908942656 run_miniworld.py:262] iteration: 109
 frame: 2725000
 eval_episode_return:  1.00
 train_episode_return:  1.00
 train_exploration_epsilon: 0.100
 train_frame_rate:  146
I1001 21:50:52.424865 47473908942656 run_miniworld.py:238] Data collection iteration 110.
I1001 21:53:42.594781 47473908942656 run_miniworld.py:245] Evaluation iteration 110.
I1001 21:53:54.409059 47473908942656 run_miniworld.py:262] iteration: 110
 frame: 2750000
 eval_episode_return:  1.00
 train_episode_return:  1.00
 train_exploration_epsilon: 0.100
 train_frame_rate:  147
I1001 21:53:54.734635 47473908942656 run_miniworld.py:238] Data collection iteration 111.
I1001 21:56:45.451273 47473908942656 run_miniworld.py:245] Evaluation iteration 111.
I1001 21:56:56.986727 47473908942656 run_miniworld.py:262] iteration: 111
 frame: 2775000
 eval_episode_return:  1.00
 train_episode_return:  1.00
 train_exploration_epsilon: 0.100
 train_frame_rate:  146
I1001 21:56:57.319033 47473908942656 run_miniworld.py:238] Data collection iteration 112.
I1001 21:59:47.122741 47473908942656 run_miniworld.py:245] Evaluation iteration 112.
I1001 21:59:58.399372 47473908942656 run_miniworld.py:262] iteration: 112
 frame: 2800000
 eval_episode_return:  1.00
 train_episode_return:  1.00
 train_exploration_epsilon: 0.100
 train_frame_rate:  147
I1001 21:59:58.733211 47473908942656 run_miniworld.py:238] Data collection iteration 113.
I1001 22:02:48.591382 47473908942656 run_miniworld.py:245] Evaluation iteration 113.
I1001 22:03:00.841048 47473908942656 run_miniworld.py:262] iteration: 113
 frame: 2825000
 eval_episode_return:  1.00
 train_episode_return:  1.00
 train_exploration_epsilon: 0.100
 train_frame_rate:  147
I1001 22:03:01.177778 47473908942656 run_miniworld.py:238] Data collection iteration 114.
I1001 22:05:50.904816 47473908942656 run_miniworld.py:245] Evaluation iteration 114.
I1001 22:06:02.182488 47473908942656 run_miniworld.py:262] iteration: 114
 frame: 2850000
 eval_episode_return:  1.00
 train_episode_return:  1.00
 train_exploration_epsilon: 0.100
 train_frame_rate:  147
I1001 22:06:02.510305 47473908942656 run_miniworld.py:238] Data collection iteration 115.
I1001 22:08:52.018707 47473908942656 run_miniworld.py:245] Evaluation iteration 115.
I1001 22:09:03.470807 47473908942656 run_miniworld.py:262] iteration: 115
 frame: 2875000
 eval_episode_return:  1.00
 train_episode_return:  1.00
 train_exploration_epsilon: 0.100
 train_frame_rate:  147
I1001 22:09:03.811410 47473908942656 run_miniworld.py:238] Data collection iteration 116.
I1001 22:11:55.380302 47473908942656 run_miniworld.py:245] Evaluation iteration 116.
I1001 22:12:07.243928 47473908942656 run_miniworld.py:262] iteration: 116
 frame: 2900000
 eval_episode_return:  1.00
 train_episode_return:  1.00
 train_exploration_epsilon: 0.100
 train_frame_rate:  146
I1001 22:12:07.579439 47473908942656 run_miniworld.py:238] Data collection iteration 117.
I1001 22:14:58.028158 47473908942656 run_miniworld.py:245] Evaluation iteration 117.
I1001 22:15:09.519989 47473908942656 run_miniworld.py:262] iteration: 117
 frame: 2925000
 eval_episode_return:  1.00
 train_episode_return:  1.00
 train_exploration_epsilon: 0.100
 train_frame_rate:  147
I1001 22:15:09.854564 47473908942656 run_miniworld.py:238] Data collection iteration 118.
I1001 22:17:59.897385 47473908942656 run_miniworld.py:245] Evaluation iteration 118.
I1001 22:18:11.261286 47473908942656 run_miniworld.py:262] iteration: 118
 frame: 2950000
 eval_episode_return:  1.00
 train_episode_return:  1.00
 train_exploration_epsilon: 0.100
 train_frame_rate:  147
I1001 22:18:11.596910 47473908942656 run_miniworld.py:238] Data collection iteration 119.
I1001 22:21:02.082433 47473908942656 run_miniworld.py:245] Evaluation iteration 119.
I1001 22:21:13.544488 47473908942656 run_miniworld.py:262] iteration: 119
 frame: 2975000
 eval_episode_return:  1.00
 train_episode_return:  1.00
 train_exploration_epsilon: 0.100
 train_frame_rate:  147
I1001 22:21:13.872801 47473908942656 run_miniworld.py:238] Data collection iteration 120.
I1001 22:24:04.030214 47473908942656 run_miniworld.py:245] Evaluation iteration 120.
I1001 22:24:15.303530 47473908942656 run_miniworld.py:262] iteration: 120
 frame: 3000000
 eval_episode_return:  1.00
 train_episode_return:  1.00
 train_exploration_epsilon: 0.100
 train_frame_rate:  147
I1001 22:24:15.677317 47473908942656 run_miniworld.py:238] Data collection iteration 121.
I1001 22:27:04.665991 47473908942656 run_miniworld.py:245] Evaluation iteration 121.
I1001 22:27:16.029141 47473908942656 run_miniworld.py:262] iteration: 121
 frame: 3025000
 eval_episode_return:  1.00
 train_episode_return:  1.00
 train_exploration_epsilon: 0.100
 train_frame_rate:  148
I1001 22:27:16.367532 47473908942656 run_miniworld.py:238] Data collection iteration 122.
I1001 22:30:05.940570 47473908942656 run_miniworld.py:245] Evaluation iteration 122.
I1001 22:30:17.271327 47473908942656 run_miniworld.py:262] iteration: 122
 frame: 3050000
 eval_episode_return:  1.00
 train_episode_return:  1.00
 train_exploration_epsilon: 0.100
 train_frame_rate:  147
I1001 22:30:17.613173 47473908942656 run_miniworld.py:238] Data collection iteration 123.
I1001 22:33:07.592881 47473908942656 run_miniworld.py:245] Evaluation iteration 123.
I1001 22:33:19.061113 47473908942656 run_miniworld.py:262] iteration: 123
 frame: 3075000
 eval_episode_return:  1.00
 train_episode_return:  1.00
 train_exploration_epsilon: 0.100
 train_frame_rate:  147
I1001 22:33:19.395870 47473908942656 run_miniworld.py:238] Data collection iteration 124.
I1001 22:36:08.631517 47473908942656 run_miniworld.py:245] Evaluation iteration 124.
I1001 22:36:19.978001 47473908942656 run_miniworld.py:262] iteration: 124
 frame: 3100000
 eval_episode_return:  1.00
 train_episode_return:  1.00
 train_exploration_epsilon: 0.100
 train_frame_rate:  148
I1001 22:36:20.304867 47473908942656 run_miniworld.py:238] Data collection iteration 125.
I1001 22:39:10.056446 47473908942656 run_miniworld.py:245] Evaluation iteration 125.
I1001 22:39:21.406512 47473908942656 run_miniworld.py:262] iteration: 125
 frame: 3125000
 eval_episode_return:  1.00
 train_episode_return:  1.00
 train_exploration_epsilon: 0.100
 train_frame_rate:  147
I1001 22:39:21.728258 47473908942656 run_miniworld.py:238] Data collection iteration 126.
I1001 22:42:10.864026 47473908942656 run_miniworld.py:245] Evaluation iteration 126.
I1001 22:42:22.254827 47473908942656 run_miniworld.py:262] iteration: 126
 frame: 3150000
 eval_episode_return:  1.00
 train_episode_return:  1.00
 train_exploration_epsilon: 0.100
 train_frame_rate:  148
I1001 22:42:22.582506 47473908942656 run_miniworld.py:238] Data collection iteration 127.
I1001 22:45:13.394733 47473908942656 run_miniworld.py:245] Evaluation iteration 127.
I1001 22:45:24.777203 47473908942656 run_miniworld.py:262] iteration: 127
 frame: 3175000
 eval_episode_return:  1.00
 train_episode_return:  1.00
 train_exploration_epsilon: 0.100
 train_frame_rate:  146
I1001 22:45:25.109976 47473908942656 run_miniworld.py:238] Data collection iteration 128.
I1001 22:48:14.972596 47473908942656 run_miniworld.py:245] Evaluation iteration 128.
I1001 22:48:26.432265 47473908942656 run_miniworld.py:262] iteration: 128
 frame: 3200000
 eval_episode_return:  1.00
 train_episode_return:  1.00
 train_exploration_epsilon: 0.100
 train_frame_rate:  147
I1001 22:48:26.754934 47473908942656 run_miniworld.py:238] Data collection iteration 129.
I1001 22:51:17.072865 47473908942656 run_miniworld.py:245] Evaluation iteration 129.
I1001 22:51:28.495665 47473908942656 run_miniworld.py:262] iteration: 129
 frame: 3225000
 eval_episode_return:  1.00
 train_episode_return:  1.00
 train_exploration_epsilon: 0.100
 train_frame_rate:  147
I1001 22:51:28.819843 47473908942656 run_miniworld.py:238] Data collection iteration 130.
I1001 22:54:19.741097 47473908942656 run_miniworld.py:245] Evaluation iteration 130.
I1001 22:54:31.233698 47473908942656 run_miniworld.py:262] iteration: 130
 frame: 3250000
 eval_episode_return:  1.00
 train_episode_return:  1.00
 train_exploration_epsilon: 0.100
 train_frame_rate:  146
I1001 22:54:31.559880 47473908942656 run_miniworld.py:238] Data collection iteration 131.
I1001 22:57:21.321159 47473908942656 run_miniworld.py:245] Evaluation iteration 131.
I1001 22:57:32.943825 47473908942656 run_miniworld.py:262] iteration: 131
 frame: 3275000
 eval_episode_return:  1.00
 train_episode_return:  1.00
 train_exploration_epsilon: 0.100
 train_frame_rate:  147
I1001 22:57:33.271245 47473908942656 run_miniworld.py:238] Data collection iteration 132.
I1001 23:00:23.617187 47473908942656 run_miniworld.py:245] Evaluation iteration 132.
I1001 23:00:34.975910 47473908942656 run_miniworld.py:262] iteration: 132
 frame: 3300000
 eval_episode_return:  1.00
 train_episode_return:  1.00
 train_exploration_epsilon: 0.100
 train_frame_rate:  147
I1001 23:00:35.316138 47473908942656 run_miniworld.py:238] Data collection iteration 133.
I1001 23:03:25.840239 47473908942656 run_miniworld.py:245] Evaluation iteration 133.
I1001 23:03:37.445732 47473908942656 run_miniworld.py:262] iteration: 133
 frame: 3325000
 eval_episode_return:  1.00
 train_episode_return:  1.00
 train_exploration_epsilon: 0.100
 train_frame_rate:  147
I1001 23:03:37.780337 47473908942656 run_miniworld.py:238] Data collection iteration 134.
I1001 23:06:27.282297 47473908942656 run_miniworld.py:245] Evaluation iteration 134.
I1001 23:06:38.655335 47473908942656 run_miniworld.py:262] iteration: 134
 frame: 3350000
 eval_episode_return:  1.00
 train_episode_return:  1.00
 train_exploration_epsilon: 0.100
 train_frame_rate:  147
I1001 23:06:38.979778 47473908942656 run_miniworld.py:238] Data collection iteration 135.
I1001 23:10:44.308119 47473908942656 run_miniworld.py:245] Evaluation iteration 135.
I1001 23:10:56.692094 47473908942656 run_miniworld.py:262] iteration: 135
 frame: 3375000
 eval_episode_return:  1.00
 train_episode_return:  1.00
 train_exploration_epsilon: 0.100
 train_frame_rate:  102
I1001 23:10:57.065866 47473908942656 run_miniworld.py:238] Data collection iteration 136.
I1001 23:13:47.253327 47473908942656 run_miniworld.py:245] Evaluation iteration 136.
I1001 23:13:59.094527 47473908942656 run_miniworld.py:262] iteration: 136
 frame: 3400000
 eval_episode_return:  1.00
 train_episode_return:  1.00
 train_exploration_epsilon: 0.100
 train_frame_rate:  147
I1001 23:13:59.423979 47473908942656 run_miniworld.py:238] Data collection iteration 137.
I1001 23:16:50.504969 47473908942656 run_miniworld.py:245] Evaluation iteration 137.
I1001 23:17:02.349559 47473908942656 run_miniworld.py:262] iteration: 137
 frame: 3425000
 eval_episode_return:  1.00
 train_episode_return:  1.00
 train_exploration_epsilon: 0.100
 train_frame_rate:  146
I1001 23:17:02.678816 47473908942656 run_miniworld.py:238] Data collection iteration 138.
I1001 23:19:58.764792 47473908942656 run_miniworld.py:245] Evaluation iteration 138.
I1001 23:20:10.659604 47473908942656 run_miniworld.py:262] iteration: 138
 frame: 3450000
 eval_episode_return:  1.00
 train_episode_return:  1.00
 train_exploration_epsilon: 0.100
 train_frame_rate:  142
I1001 23:20:10.996837 47473908942656 run_miniworld.py:238] Data collection iteration 139.
I1001 23:23:02.303114 47473908942656 run_miniworld.py:245] Evaluation iteration 139.
I1001 23:23:13.584721 47473908942656 run_miniworld.py:262] iteration: 139
 frame: 3475000
 eval_episode_return:  1.00
 train_episode_return:  1.00
 train_exploration_epsilon: 0.100
 train_frame_rate:  146
I1001 23:23:13.912118 47473908942656 run_miniworld.py:238] Data collection iteration 140.
I1001 23:26:05.050114 47473908942656 run_miniworld.py:245] Evaluation iteration 140.
I1001 23:26:16.957207 47473908942656 run_miniworld.py:262] iteration: 140
 frame: 3500000
 eval_episode_return:  1.00
 train_episode_return:  1.00
 train_exploration_epsilon: 0.100
 train_frame_rate:  146
I1001 23:26:17.288416 47473908942656 run_miniworld.py:238] Data collection iteration 141.
I1001 23:29:06.443479 47473908942656 run_miniworld.py:245] Evaluation iteration 141.
I1001 23:29:17.975518 47473908942656 run_miniworld.py:262] iteration: 141
 frame: 3525000
 eval_episode_return:  1.00
 train_episode_return:  1.00
 train_exploration_epsilon: 0.100
 train_frame_rate:  148
I1001 23:29:18.305619 47473908942656 run_miniworld.py:238] Data collection iteration 142.
I1001 23:32:09.147756 47473908942656 run_miniworld.py:245] Evaluation iteration 142.
I1001 23:32:21.173595 47473908942656 run_miniworld.py:262] iteration: 142
 frame: 3550000
 eval_episode_return:  1.00
 train_episode_return:  1.00
 train_exploration_epsilon: 0.100
 train_frame_rate:  146
I1001 23:32:21.505473 47473908942656 run_miniworld.py:238] Data collection iteration 143.
I1001 23:35:12.009929 47473908942656 run_miniworld.py:245] Evaluation iteration 143.
I1001 23:35:23.617118 47473908942656 run_miniworld.py:262] iteration: 143
 frame: 3575000
 eval_episode_return:  1.00
 train_episode_return:  1.00
 train_exploration_epsilon: 0.100
 train_frame_rate:  147
I1001 23:35:23.944077 47473908942656 run_miniworld.py:238] Data collection iteration 144.
I1001 23:38:15.638748 47473908942656 run_miniworld.py:245] Evaluation iteration 144.
I1001 23:38:27.209966 47473908942656 run_miniworld.py:262] iteration: 144
 frame: 3600000
 eval_episode_return:  1.00
 train_episode_return:  1.00
 train_exploration_epsilon: 0.100
 train_frame_rate:  146
I1001 23:38:27.532902 47473908942656 run_miniworld.py:238] Data collection iteration 145.
I1001 23:41:18.337428 47473908942656 run_miniworld.py:245] Evaluation iteration 145.
I1001 23:41:29.890895 47473908942656 run_miniworld.py:262] iteration: 145
 frame: 3625000
 eval_episode_return:  1.00
 train_episode_return:  1.00
 train_exploration_epsilon: 0.100
 train_frame_rate:  146
I1001 23:41:30.212733 47473908942656 run_miniworld.py:238] Data collection iteration 146.
I1001 23:44:20.609350 47473908942656 run_miniworld.py:245] Evaluation iteration 146.
I1001 23:44:32.559308 47473908942656 run_miniworld.py:262] iteration: 146
 frame: 3650000
 eval_episode_return:  1.00
 train_episode_return:  1.00
 train_exploration_epsilon: 0.100
 train_frame_rate:  147
I1001 23:44:32.884578 47473908942656 run_miniworld.py:238] Data collection iteration 147.
I1001 23:47:24.564631 47473908942656 run_miniworld.py:245] Evaluation iteration 147.
I1001 23:47:36.534876 47473908942656 run_miniworld.py:262] iteration: 147
 frame: 3675000
 eval_episode_return:  1.00
 train_episode_return:  1.00
 train_exploration_epsilon: 0.100
 train_frame_rate:  146
I1001 23:47:36.866295 47473908942656 run_miniworld.py:238] Data collection iteration 148.
I1001 23:50:27.300152 47473908942656 run_miniworld.py:245] Evaluation iteration 148.
I1001 23:50:39.017110 47473908942656 run_miniworld.py:262] iteration: 148
 frame: 3700000
 eval_episode_return:  1.00
 train_episode_return:  1.00
 train_exploration_epsilon: 0.100
 train_frame_rate:  147
I1001 23:50:39.344991 47473908942656 run_miniworld.py:238] Data collection iteration 149.
I1001 23:53:29.512223 47473908942656 run_miniworld.py:245] Evaluation iteration 149.
I1001 23:53:41.043910 47473908942656 run_miniworld.py:262] iteration: 149
 frame: 3725000
 eval_episode_return:  1.00
 train_episode_return:  1.00
 train_exploration_epsilon: 0.100
 train_frame_rate:  147
I1001 23:53:41.372591 47473908942656 run_miniworld.py:238] Data collection iteration 150.
I1001 23:56:31.322721 47473908942656 run_miniworld.py:245] Evaluation iteration 150.
I1001 23:56:41.677479 47473908942656 run_miniworld.py:262] iteration: 150
 frame: 3750000
 eval_episode_return:  1.00
 train_episode_return:  1.00
 train_exploration_epsilon: 0.100
 train_frame_rate:  147
I1001 23:56:42.002488 47473908942656 run_miniworld.py:238] Data collection iteration 151.
I1001 23:59:32.158635 47473908942656 run_miniworld.py:245] Evaluation iteration 151.
I1001 23:59:44.552876 47473908942656 run_miniworld.py:262] iteration: 151
 frame: 3775000
 eval_episode_return:  1.00
 train_episode_return:  1.00
 train_exploration_epsilon: 0.100
 train_frame_rate:  147
I1001 23:59:44.876818 47473908942656 run_miniworld.py:238] Data collection iteration 152.
I1002 00:02:36.755653 47473908942656 run_miniworld.py:245] Evaluation iteration 152.
I1002 00:02:48.451877 47473908942656 run_miniworld.py:262] iteration: 152
 frame: 3800000
 eval_episode_return:  1.00
 train_episode_return:  1.00
 train_exploration_epsilon: 0.100
 train_frame_rate:  145
I1002 00:02:48.781582 47473908942656 run_miniworld.py:238] Data collection iteration 153.
I1002 00:05:39.868592 47473908942656 run_miniworld.py:245] Evaluation iteration 153.
I1002 00:05:51.881637 47473908942656 run_miniworld.py:262] iteration: 153
 frame: 3825000
 eval_episode_return:  1.00
 train_episode_return:  1.00
 train_exploration_epsilon: 0.100
 train_frame_rate:  146
I1002 00:05:52.214885 47473908942656 run_miniworld.py:238] Data collection iteration 154.
I1002 00:08:43.119128 47473908942656 run_miniworld.py:245] Evaluation iteration 154.
I1002 00:08:54.391330 47473908942656 run_miniworld.py:262] iteration: 154
 frame: 3850000
 eval_episode_return:  1.00
 train_episode_return:  1.00
 train_exploration_epsilon: 0.100
 train_frame_rate:  146
I1002 00:08:54.716909 47473908942656 run_miniworld.py:238] Data collection iteration 155.
I1002 00:11:46.717048 47473908942656 run_miniworld.py:245] Evaluation iteration 155.
I1002 00:11:58.795125 47473908942656 run_miniworld.py:262] iteration: 155
 frame: 3875000
 eval_episode_return:  1.00
 train_episode_return:  1.00
 train_exploration_epsilon: 0.100
 train_frame_rate:  145
I1002 00:11:59.124211 47473908942656 run_miniworld.py:238] Data collection iteration 156.
I1002 00:14:50.380213 47473908942656 run_miniworld.py:245] Evaluation iteration 156.
I1002 00:15:02.185334 47473908942656 run_miniworld.py:262] iteration: 156
 frame: 3900000
 eval_episode_return:  1.00
 train_episode_return:  1.00
 train_exploration_epsilon: 0.100
 train_frame_rate:  146
I1002 00:15:02.513765 47473908942656 run_miniworld.py:238] Data collection iteration 157.
I1002 00:17:53.985064 47473908942656 run_miniworld.py:245] Evaluation iteration 157.
I1002 00:18:05.850208 47473908942656 run_miniworld.py:262] iteration: 157
 frame: 3925000
 eval_episode_return:  1.00
 train_episode_return:  1.00
 train_exploration_epsilon: 0.100
 train_frame_rate:  146
I1002 00:18:06.187568 47473908942656 run_miniworld.py:238] Data collection iteration 158.
I1002 00:20:56.439261 47473908942656 run_miniworld.py:245] Evaluation iteration 158.
I1002 00:21:07.720236 47473908942656 run_miniworld.py:262] iteration: 158
 frame: 3950000
 eval_episode_return:  1.00
 train_episode_return:  1.00
 train_exploration_epsilon: 0.100
 train_frame_rate:  147
I1002 00:21:08.051707 47473908942656 run_miniworld.py:238] Data collection iteration 159.
I1002 00:23:59.581854 47473908942656 run_miniworld.py:245] Evaluation iteration 159.
I1002 00:24:11.452227 47473908942656 run_miniworld.py:262] iteration: 159
 frame: 3975000
 eval_episode_return:  1.00
 train_episode_return:  1.00
 train_exploration_epsilon: 0.100
 train_frame_rate:  146
I1002 00:24:11.773267 47473908942656 run_miniworld.py:238] Data collection iteration 160.
I1002 00:27:01.445774 47473908942656 run_miniworld.py:245] Evaluation iteration 160.
I1002 00:27:12.905673 47473908942656 run_miniworld.py:262] iteration: 160
 frame: 4000000
 eval_episode_return:  1.00
 train_episode_return:  1.00
 train_exploration_epsilon: 0.100
 train_frame_rate:  147
I1002 00:27:13.228077 47473908942656 run_miniworld.py:238] Data collection iteration 161.
I1002 00:30:03.929445 47473908942656 run_miniworld.py:245] Evaluation iteration 161.
I1002 00:30:14.417838 47473908942656 run_miniworld.py:262] iteration: 161
 frame: 4025000
 eval_episode_return:  1.00
 train_episode_return:  1.00
 train_exploration_epsilon: 0.100
 train_frame_rate:  146
I1002 00:30:14.744212 47473908942656 run_miniworld.py:238] Data collection iteration 162.
I1002 00:33:06.905026 47473908942656 run_miniworld.py:245] Evaluation iteration 162.
I1002 00:33:19.058769 47473908942656 run_miniworld.py:262] iteration: 162
 frame: 4050000
 eval_episode_return:  1.00
 train_episode_return:  1.00
 train_exploration_epsilon: 0.100
 train_frame_rate:  145
I1002 00:33:19.390103 47473908942656 run_miniworld.py:238] Data collection iteration 163.
I1002 00:36:10.254858 47473908942656 run_miniworld.py:245] Evaluation iteration 163.
I1002 00:36:21.930115 47473908942656 run_miniworld.py:262] iteration: 163
 frame: 4075000
 eval_episode_return:  1.00
 train_episode_return:  1.00
 train_exploration_epsilon: 0.100
 train_frame_rate:  146
I1002 00:36:22.255537 47473908942656 run_miniworld.py:238] Data collection iteration 164.
I1002 00:39:13.935998 47473908942656 run_miniworld.py:245] Evaluation iteration 164.
I1002 00:39:25.931000 47473908942656 run_miniworld.py:262] iteration: 164
 frame: 4100000
 eval_episode_return:  1.00
 train_episode_return:  1.00
 train_exploration_epsilon: 0.100
 train_frame_rate:  146
I1002 00:39:26.256788 47473908942656 run_miniworld.py:238] Data collection iteration 165.
I1002 00:42:20.713144 47473908942656 run_miniworld.py:245] Evaluation iteration 165.
I1002 00:42:32.371712 47473908942656 run_miniworld.py:262] iteration: 165
 frame: 4125000
 eval_episode_return:  1.00
 train_episode_return:  1.00
 train_exploration_epsilon: 0.100
 train_frame_rate:  143
I1002 00:42:32.690880 47473908942656 run_miniworld.py:238] Data collection iteration 166.
I1002 00:45:24.575384 47473908942656 run_miniworld.py:245] Evaluation iteration 166.
I1002 00:45:35.955181 47473908942656 run_miniworld.py:262] iteration: 166
 frame: 4150000
 eval_episode_return:  1.00
 train_episode_return:  1.00
 train_exploration_epsilon: 0.100
 train_frame_rate:  145
I1002 00:45:36.276428 47473908942656 run_miniworld.py:238] Data collection iteration 167.
I1002 00:48:27.915400 47473908942656 run_miniworld.py:245] Evaluation iteration 167.
I1002 00:48:39.478146 47473908942656 run_miniworld.py:262] iteration: 167
 frame: 4175000
 eval_episode_return:  1.00
 train_episode_return:  1.00
 train_exploration_epsilon: 0.100
 train_frame_rate:  146
I1002 00:48:39.793760 47473908942656 run_miniworld.py:238] Data collection iteration 168.
I1002 00:51:31.884758 47473908942656 run_miniworld.py:245] Evaluation iteration 168.
I1002 00:51:43.322904 47473908942656 run_miniworld.py:262] iteration: 168
 frame: 4200000
 eval_episode_return:  1.00
 train_episode_return:  1.00
 train_exploration_epsilon: 0.100
 train_frame_rate:  145
I1002 00:51:43.637042 47473908942656 run_miniworld.py:238] Data collection iteration 169.
I1002 00:54:34.500329 47473908942656 run_miniworld.py:245] Evaluation iteration 169.
I1002 00:54:45.943927 47473908942656 run_miniworld.py:262] iteration: 169
 frame: 4225000
 eval_episode_return:  1.00
 train_episode_return:  1.00
 train_exploration_epsilon: 0.100
 train_frame_rate:  146
I1002 00:54:46.260931 47473908942656 run_miniworld.py:238] Data collection iteration 170.
I1002 00:57:37.707433 47473908942656 run_miniworld.py:245] Evaluation iteration 170.
I1002 00:57:49.396637 47473908942656 run_miniworld.py:262] iteration: 170
 frame: 4250000
 eval_episode_return:  1.00
 train_episode_return:  1.00
 train_exploration_epsilon: 0.100
 train_frame_rate:  146
I1002 00:57:49.718741 47473908942656 run_miniworld.py:238] Data collection iteration 171.
I1002 01:00:41.086209 47473908942656 run_miniworld.py:245] Evaluation iteration 171.
I1002 01:00:52.422131 47473908942656 run_miniworld.py:262] iteration: 171
 frame: 4275000
 eval_episode_return:  1.00
 train_episode_return:  1.00
 train_exploration_epsilon: 0.100
 train_frame_rate:  146
I1002 01:00:52.744931 47473908942656 run_miniworld.py:238] Data collection iteration 172.
I1002 01:03:43.765388 47473908942656 run_miniworld.py:245] Evaluation iteration 172.
I1002 01:03:55.540202 47473908942656 run_miniworld.py:262] iteration: 172
 frame: 4300000
 eval_episode_return:  1.00
 train_episode_return:  1.00
 train_exploration_epsilon: 0.100
 train_frame_rate:  146
I1002 01:03:55.863421 47473908942656 run_miniworld.py:238] Data collection iteration 173.
I1002 01:06:47.379378 47473908942656 run_miniworld.py:245] Evaluation iteration 173.
I1002 01:06:59.263457 47473908942656 run_miniworld.py:262] iteration: 173
 frame: 4325000
 eval_episode_return:  1.00
 train_episode_return:  1.00
 train_exploration_epsilon: 0.100
 train_frame_rate:  146
I1002 01:06:59.586111 47473908942656 run_miniworld.py:238] Data collection iteration 174.
I1002 01:09:51.281028 47473908942656 run_miniworld.py:245] Evaluation iteration 174.
I1002 01:10:03.185173 47473908942656 run_miniworld.py:262] iteration: 174
 frame: 4350000
 eval_episode_return:  1.00
 train_episode_return:  1.00
 train_exploration_epsilon: 0.100
 train_frame_rate:  146
I1002 01:10:03.511158 47473908942656 run_miniworld.py:238] Data collection iteration 175.
I1002 01:12:55.671638 47473908942656 run_miniworld.py:245] Evaluation iteration 175.
I1002 01:13:07.310535 47473908942656 run_miniworld.py:262] iteration: 175
 frame: 4375000
 eval_episode_return:  1.00
 train_episode_return:  1.00
 train_exploration_epsilon: 0.100
 train_frame_rate:  145
I1002 01:13:07.622370 47473908942656 run_miniworld.py:238] Data collection iteration 176.
I1002 01:15:59.714269 47473908942656 run_miniworld.py:245] Evaluation iteration 176.
I1002 01:16:11.656194 47473908942656 run_miniworld.py:262] iteration: 176
 frame: 4400000
 eval_episode_return:  1.00
 train_episode_return:  1.00
 train_exploration_epsilon: 0.100
 train_frame_rate:  145
I1002 01:16:11.971840 47473908942656 run_miniworld.py:238] Data collection iteration 177.
I1002 01:19:03.918514 47473908942656 run_miniworld.py:245] Evaluation iteration 177.
I1002 01:19:16.137349 47473908942656 run_miniworld.py:262] iteration: 177
 frame: 4425000
 eval_episode_return:  1.00
 train_episode_return:  1.00
 train_exploration_epsilon: 0.100
 train_frame_rate:  145
I1002 01:19:16.461591 47473908942656 run_miniworld.py:238] Data collection iteration 178.
I1002 01:22:10.097036 47473908942656 run_miniworld.py:245] Evaluation iteration 178.
I1002 01:22:22.300956 47473908942656 run_miniworld.py:262] iteration: 178
 frame: 4450000
 eval_episode_return:  1.00
 train_episode_return:  1.00
 train_exploration_epsilon: 0.100
 train_frame_rate:  144
I1002 01:22:22.626275 47473908942656 run_miniworld.py:238] Data collection iteration 179.
I1002 01:25:13.713092 47473908942656 run_miniworld.py:245] Evaluation iteration 179.
I1002 01:25:25.570769 47473908942656 run_miniworld.py:262] iteration: 179
 frame: 4475000
 eval_episode_return:  1.00
 train_episode_return:  1.00
 train_exploration_epsilon: 0.100
 train_frame_rate:  146
I1002 01:25:25.900303 47473908942656 run_miniworld.py:238] Data collection iteration 180.
I1002 01:28:17.511553 47473908942656 run_miniworld.py:245] Evaluation iteration 180.
I1002 01:28:29.272580 47473908942656 run_miniworld.py:262] iteration: 180
 frame: 4500000
 eval_episode_return:  1.00
 train_episode_return:  1.00
 train_exploration_epsilon: 0.100
 train_frame_rate:  146
I1002 01:28:29.600607 47473908942656 run_miniworld.py:238] Data collection iteration 181.
I1002 01:31:20.520369 47473908942656 run_miniworld.py:245] Evaluation iteration 181.
I1002 01:31:31.756259 47473908942656 run_miniworld.py:262] iteration: 181
 frame: 4525000
 eval_episode_return:  1.00
 train_episode_return:  1.00
 train_exploration_epsilon: 0.100
 train_frame_rate:  146
I1002 01:31:32.078039 47473908942656 run_miniworld.py:238] Data collection iteration 182.
I1002 01:34:24.549782 47473908942656 run_miniworld.py:245] Evaluation iteration 182.
I1002 01:34:36.389124 47473908942656 run_miniworld.py:262] iteration: 182
 frame: 4550000
 eval_episode_return:  1.00
 train_episode_return:  1.00
 train_exploration_epsilon: 0.100
 train_frame_rate:  145
I1002 01:34:36.710176 47473908942656 run_miniworld.py:238] Data collection iteration 183.
I1002 01:37:27.456681 47473908942656 run_miniworld.py:245] Evaluation iteration 183.
I1002 01:37:38.682923 47473908942656 run_miniworld.py:262] iteration: 183
 frame: 4575000
 eval_episode_return:  1.00
 train_episode_return:  1.00
 train_exploration_epsilon: 0.100
 train_frame_rate:  146
I1002 01:37:38.999366 47473908942656 run_miniworld.py:238] Data collection iteration 184.
I1002 01:40:30.340164 47473908942656 run_miniworld.py:245] Evaluation iteration 184.
I1002 01:40:42.175699 47473908942656 run_miniworld.py:262] iteration: 184
 frame: 4600000
 eval_episode_return:  1.00
 train_episode_return:  1.00
 train_exploration_epsilon: 0.100
 train_frame_rate:  146
I1002 01:40:42.496679 47473908942656 run_miniworld.py:238] Data collection iteration 185.
I1002 01:43:33.385165 47473908942656 run_miniworld.py:245] Evaluation iteration 185.
I1002 01:43:44.566270 47473908942656 run_miniworld.py:262] iteration: 185
 frame: 4625000
 eval_episode_return:  1.00
 train_episode_return:  1.00
 train_exploration_epsilon: 0.100
 train_frame_rate:  146
I1002 01:43:44.879246 47473908942656 run_miniworld.py:238] Data collection iteration 186.
I1002 01:46:35.878747 47473908942656 run_miniworld.py:245] Evaluation iteration 186.
I1002 01:46:47.640290 47473908942656 run_miniworld.py:262] iteration: 186
 frame: 4650000
 eval_episode_return:  1.00
 train_episode_return:  1.00
 train_exploration_epsilon: 0.100
 train_frame_rate:  146
I1002 01:46:47.952621 47473908942656 run_miniworld.py:238] Data collection iteration 187.
I1002 01:49:39.690307 47473908942656 run_miniworld.py:245] Evaluation iteration 187.
I1002 01:49:51.549293 47473908942656 run_miniworld.py:262] iteration: 187
 frame: 4675000
 eval_episode_return:  1.00
 train_episode_return:  1.00
 train_exploration_epsilon: 0.100
 train_frame_rate:  146
I1002 01:49:51.870789 47473908942656 run_miniworld.py:238] Data collection iteration 188.
I1002 01:52:44.331750 47473908942656 run_miniworld.py:245] Evaluation iteration 188.
I1002 01:52:56.311324 47473908942656 run_miniworld.py:262] iteration: 188
 frame: 4700000
 eval_episode_return:  1.00
 train_episode_return:  1.00
 train_exploration_epsilon: 0.100
 train_frame_rate:  145
I1002 01:52:56.625367 47473908942656 run_miniworld.py:238] Data collection iteration 189.
I1002 01:55:47.671468 47473908942656 run_miniworld.py:245] Evaluation iteration 189.
I1002 01:55:59.578675 47473908942656 run_miniworld.py:262] iteration: 189
 frame: 4725000
 eval_episode_return:  1.00
 train_episode_return:  1.00
 train_exploration_epsilon: 0.100
 train_frame_rate:  146
I1002 01:55:59.900109 47473908942656 run_miniworld.py:238] Data collection iteration 190.
I1002 01:58:51.664253 47473908942656 run_miniworld.py:245] Evaluation iteration 190.
I1002 01:59:03.494789 47473908942656 run_miniworld.py:262] iteration: 190
 frame: 4750000
 eval_episode_return:  1.00
 train_episode_return:  1.00
 train_exploration_epsilon: 0.100
 train_frame_rate:  146
I1002 01:59:03.825066 47473908942656 run_miniworld.py:238] Data collection iteration 191.
I1002 02:01:55.682548 47473908942656 run_miniworld.py:245] Evaluation iteration 191.
I1002 02:02:07.681573 47473908942656 run_miniworld.py:262] iteration: 191
 frame: 4775000
 eval_episode_return:  1.00
 train_episode_return:  1.00
 train_exploration_epsilon: 0.100
 train_frame_rate:  145
I1002 02:02:08.002512 47473908942656 run_miniworld.py:238] Data collection iteration 192.
I1002 02:05:00.849679 47473908942656 run_miniworld.py:245] Evaluation iteration 192.
I1002 02:05:12.184736 47473908942656 run_miniworld.py:262] iteration: 192
 frame: 4800000
 eval_episode_return:  1.00
 train_episode_return:  1.00
 train_exploration_epsilon: 0.100
 train_frame_rate:  145
I1002 02:05:12.506315 47473908942656 run_miniworld.py:238] Data collection iteration 193.
I1002 02:08:03.810343 47473908942656 run_miniworld.py:245] Evaluation iteration 193.
I1002 02:08:15.575332 47473908942656 run_miniworld.py:262] iteration: 193
 frame: 4825000
 eval_episode_return:  1.00
 train_episode_return:  1.00
 train_exploration_epsilon: 0.100
 train_frame_rate:  146
I1002 02:08:15.903800 47473908942656 run_miniworld.py:238] Data collection iteration 194.
I1002 02:11:06.827396 47473908942656 run_miniworld.py:245] Evaluation iteration 194.
I1002 02:11:18.375359 47473908942656 run_miniworld.py:262] iteration: 194
 frame: 4850000
 eval_episode_return:  1.00
 train_episode_return:  1.00
 train_exploration_epsilon: 0.100
 train_frame_rate:  146
I1002 02:11:18.703844 47473908942656 run_miniworld.py:238] Data collection iteration 195.
I1002 02:14:09.068203 47473908942656 run_miniworld.py:245] Evaluation iteration 195.
I1002 02:14:20.511430 47473908942656 run_miniworld.py:262] iteration: 195
 frame: 4875000
 eval_episode_return:  1.00
 train_episode_return:  1.00
 train_exploration_epsilon: 0.100
 train_frame_rate:  147
I1002 02:14:20.834738 47473908942656 run_miniworld.py:238] Data collection iteration 196.
I1002 02:17:11.010226 47473908942656 run_miniworld.py:245] Evaluation iteration 196.
I1002 02:17:22.358970 47473908942656 run_miniworld.py:262] iteration: 196
 frame: 4900000
 eval_episode_return:  1.00
 train_episode_return:  1.00
 train_exploration_epsilon: 0.100
 train_frame_rate:  147
I1002 02:17:22.685333 47473908942656 run_miniworld.py:238] Data collection iteration 197.
I1002 02:20:14.285819 47473908942656 run_miniworld.py:245] Evaluation iteration 197.
I1002 02:20:26.184144 47473908942656 run_miniworld.py:262] iteration: 197
 frame: 4925000
 eval_episode_return:  1.00
 train_episode_return:  1.00
 train_exploration_epsilon: 0.100
 train_frame_rate:  146
I1002 02:20:26.502496 47473908942656 run_miniworld.py:238] Data collection iteration 198.
I1002 02:23:31.412255 47473908942656 run_miniworld.py:245] Evaluation iteration 198.
I1002 02:23:43.016011 47473908942656 run_miniworld.py:262] iteration: 198
 frame: 4950000
 eval_episode_return:  1.00
 train_episode_return:  1.00
 train_exploration_epsilon: 0.100
 train_frame_rate:  135
I1002 02:23:43.326798 47473908942656 run_miniworld.py:238] Data collection iteration 199.
I1002 02:26:34.314521 47473908942656 run_miniworld.py:245] Evaluation iteration 199.
I1002 02:26:46.419186 47473908942656 run_miniworld.py:262] iteration: 199
 frame: 4975000
 eval_episode_return:  1.00
 train_episode_return:  1.00
 train_exploration_epsilon: 0.100
 train_frame_rate:  146
I1002 02:26:46.740084 47473908942656 run_miniworld.py:238] Data collection iteration 200.
I1002 02:29:37.463315 47473908942656 run_miniworld.py:245] Evaluation iteration 200.
I1002 02:29:48.918501 47473908942656 run_miniworld.py:262] iteration: 200
 frame: 5000000
 eval_episode_return:  1.00
 train_episode_return:  1.00
 train_exploration_epsilon: 0.100
 train_frame_rate:  146
Falling back to num_samples=1
Falling back to num_samples=1
Falling back to num_samples=1
Falling back to num_samples=1
Falling back to num_samples=1
Falling back to num_samples=1
Falling back to num_samples=1
Falling back to num_samples=1
Falling back to num_samples=1
Falling back to num_samples=1
Falling back to num_samples=1
Falling back to num_samples=1
Falling back to num_samples=1
Falling back to num_samples=1
Falling back to num_samples=1
Falling back to num_samples=1
Falling back to num_samples=1
Falling back to num_samples=1
Falling back to num_samples=1
Falling back to num_samples=1
Falling back to num_samples=1
Falling back to num_samples=1
Falling back to num_samples=1
Falling back to num_samples=1
Falling back to num_samples=1
Falling back to num_samples=1
Falling back to num_samples=1
Falling back to num_samples=1
Falling back to num_samples=1
Falling back to num_samples=1
Falling back to num_samples=1
Falling back to num_samples=1
Falling back to num_samples=1
Falling back to num_samples=1
Falling back to num_samples=1
Falling back to num_samples=1
Falling back to num_samples=1
Falling back to num_samples=1
Falling back to num_samples=1
Falling back to num_samples=1
Falling back to num_samples=1
Falling back to num_samples=1
Falling back to num_samples=1
Falling back to num_samples=1
Falling back to num_samples=1
Falling back to num_samples=1
Falling back to num_samples=1
Falling back to num_samples=1
Falling back to num_samples=1
Falling back to num_samples=1
Falling back to num_samples=1
Falling back to num_samples=1
Falling back to num_samples=1
Falling back to num_samples=1
Falling back to num_samples=1
Falling back to num_samples=1
Falling back to num_samples=1
Falling back to num_samples=1
Falling back to num_samples=1
Falling back to num_samples=1
Falling back to num_samples=1
Falling back to num_samples=1
Falling back to num_samples=1
Falling back to num_samples=1
Falling back to num_samples=1
Falling back to num_samples=1
Falling back to num_samples=1
Falling back to num_samples=1
Falling back to num_samples=1
Falling back to num_samples=1
Falling back to num_samples=1
Falling back to num_samples=1
Falling back to num_samples=1
Falling back to num_samples=1
Falling back to num_samples=1
Falling back to num_samples=1
Falling back to num_samples=1
Falling back to num_samples=1
Falling back to num_samples=1
Falling back to num_samples=1
Falling back to num_samples=1
Falling back to num_samples=1
Falling back to num_samples=1
Falling back to num_samples=1
Falling back to num_samples=1
Falling back to num_samples=1
Falling back to num_samples=1
Falling back to num_samples=1
Falling back to num_samples=1
Falling back to num_samples=1
Falling back to num_samples=1
Falling back to num_samples=1
Falling back to num_samples=1
Falling back to num_samples=1
Falling back to num_samples=1
Falling back to num_samples=1
Falling back to num_samples=1
Falling back to num_samples=1
Falling back to num_samples=1
Falling back to num_samples=1
Falling back to num_samples=1
Falling back to num_samples=1
Falling back to num_samples=1
Falling back to num_samples=1
Falling back to num_samples=1
Falling back to num_samples=1
Falling back to num_samples=1
Falling back to num_samples=1
Falling back to num_samples=1
Falling back to num_samples=1
Falling back to num_samples=1
Falling back to num_samples=1
Falling back to num_samples=1
Falling back to num_samples=1
Falling back to num_samples=1
Falling back to num_samples=1
Falling back to num_samples=1
Falling back to num_samples=1
Falling back to num_samples=1
Falling back to num_samples=1
Falling back to num_samples=1
Falling back to num_samples=1
Falling back to num_samples=1
Falling back to num_samples=1
Falling back to num_samples=1
Falling back to num_samples=1
Falling back to num_samples=1
Falling back to num_samples=1
Falling back to num_samples=1
Falling back to num_samples=1
Falling back to num_samples=1
Falling back to num_samples=1
Falling back to num_samples=1
Falling back to num_samples=1
Falling back to num_samples=1
Falling back to num_samples=1
Falling back to num_samples=1
Falling back to num_samples=1
Falling back to num_samples=1
Falling back to num_samples=1
Falling back to num_samples=1
Falling back to num_samples=1
Falling back to num_samples=1
Falling back to num_samples=1
Falling back to num_samples=1
Falling back to num_samples=1
Falling back to num_samples=1
Falling back to num_samples=1
Falling back to num_samples=1
Falling back to num_samples=1
Falling back to num_samples=1
Falling back to num_samples=1
Falling back to num_samples=1
Falling back to num_samples=1
Falling back to num_samples=1
Falling back to num_samples=1
Falling back to num_samples=1
Falling back to num_samples=1
Falling back to num_samples=1
Falling back to num_samples=1
Falling back to num_samples=1
Falling back to num_samples=1
Falling back to num_samples=1
Falling back to num_samples=1
Falling back to num_samples=1
Falling back to num_samples=1
Falling back to num_samples=1
Falling back to num_samples=1
Falling back to num_samples=1
Falling back to num_samples=1
Falling back to num_samples=1
Falling back to num_samples=1
Falling back to num_samples=1
Falling back to num_samples=1
Falling back to num_samples=1
Falling back to num_samples=1
Falling back to num_samples=1
Falling back to num_samples=1
Falling back to num_samples=1
Falling back to num_samples=1
Falling back to num_samples=1
Falling back to num_samples=1
Falling back to num_samples=1
Falling back to num_samples=1
Falling back to num_samples=1
Falling back to num_samples=1
Falling back to num_samples=1
Falling back to num_samples=1
Falling back to num_samples=1
Falling back to num_samples=1
Falling back to num_samples=1
Falling back to num_samples=1
Falling back to num_samples=1
Falling back to num_samples=1
Falling back to num_samples=1
Falling back to num_samples=1
Falling back to num_samples=1
Falling back to num_samples=1
Falling back to num_samples=1
Falling back to num_samples=1
Falling back to num_samples=1
Falling back to num_samples=1
Falling back to num_samples=1
Falling back to num_samples=1
Falling back to num_samples=1
Falling back to num_samples=1
Falling back to num_samples=1
Falling back to num_samples=1
Falling back to num_samples=1
Falling back to num_samples=1
Falling back to num_samples=1
Falling back to num_samples=1
Falling back to num_samples=1
Falling back to num_samples=1
Falling back to num_samples=1
Falling back to num_samples=1
Falling back to num_samples=1
Falling back to num_samples=1
Falling back to num_samples=1
Falling back to num_samples=1
Falling back to num_samples=1
Falling back to num_samples=1
Falling back to num_samples=1
Falling back to num_samples=1
Falling back to num_samples=1
Falling back to num_samples=1
Falling back to num_samples=1
Falling back to num_samples=1
Falling back to num_samples=1
Falling back to num_samples=1
Falling back to num_samples=1
Falling back to num_samples=1
Falling back to num_samples=1
Falling back to num_samples=1
Falling back to num_samples=1
Falling back to num_samples=1
Falling back to num_samples=1
Falling back to num_samples=1
Falling back to num_samples=1
Falling back to num_samples=1
Falling back to num_samples=1
Falling back to num_samples=1
Falling back to num_samples=1
Falling back to num_samples=1
Falling back to num_samples=1
Falling back to num_samples=1
Falling back to num_samples=1
Falling back to num_samples=1
Falling back to num_samples=1
Falling back to num_samples=1
Falling back to num_samples=1
Falling back to num_samples=1
Falling back to num_samples=1
Falling back to num_samples=1
Falling back to num_samples=1
Falling back to num_samples=1
Falling back to num_samples=1
Falling back to num_samples=1
Falling back to num_samples=1
Falling back to num_samples=1
Falling back to num_samples=1
Falling back to num_samples=1
Falling back to num_samples=1
Falling back to num_samples=1
Falling back to num_samples=1
Falling back to num_samples=1
Falling back to num_samples=1
Falling back to num_samples=1
Falling back to num_samples=1
Falling back to num_samples=1
Falling back to num_samples=1
Falling back to num_samples=1
Falling back to num_samples=1
Falling back to num_samples=1
Falling back to num_samples=1
Falling back to num_samples=1
Falling back to num_samples=1
Falling back to num_samples=1
Falling back to num_samples=1
Falling back to num_samples=1
Falling back to num_samples=1
Falling back to num_samples=1
Falling back to num_samples=1
Falling back to num_samples=1
Falling back to num_samples=1
Falling back to num_samples=1
Falling back to num_samples=1
Falling back to num_samples=1
Falling back to num_samples=1
Falling back to num_samples=1
Falling back to num_samples=1
Falling back to num_samples=1
Falling back to num_samples=1
Falling back to num_samples=1
Falling back to num_samples=1
Falling back to num_samples=1
Falling back to num_samples=1
Falling back to num_samples=1
Falling back to num_samples=1
Falling back to num_samples=1
Falling back to num_samples=1
Falling back to num_samples=1
Falling back to num_samples=1
Falling back to num_samples=1
Falling back to num_samples=1
Falling back to num_samples=1
Falling back to num_samples=1
Falling back to num_samples=1
Falling back to num_samples=1
Falling back to num_samples=1
Falling back to num_samples=1
Falling back to num_samples=1
Falling back to num_samples=1
Falling back to num_samples=1
Falling back to num_samples=1
Falling back to num_samples=1
Falling back to num_samples=1
Falling back to num_samples=1
Falling back to num_samples=1
Falling back to num_samples=1
Falling back to num_samples=1
Falling back to num_samples=1
Falling back to num_samples=1
Falling back to num_samples=1
Falling back to num_samples=1
Falling back to num_samples=1
Falling back to num_samples=1
Falling back to num_samples=1
Falling back to num_samples=1
Falling back to num_samples=1
Falling back to num_samples=1
Falling back to num_samples=1
Falling back to num_samples=1
Falling back to num_samples=1
Falling back to num_samples=1
Falling back to num_samples=1
Falling back to num_samples=1
Falling back to num_samples=1
Falling back to num_samples=1
Falling back to num_samples=1
Falling back to num_samples=1
Falling back to num_samples=1
Falling back to num_samples=1
Falling back to num_samples=1
Falling back to num_samples=1
Falling back to num_samples=1
Falling back to num_samples=1
Falling back to num_samples=1
Falling back to num_samples=1
Falling back to num_samples=1
Falling back to num_samples=1
Falling back to num_samples=1
Falling back to num_samples=1
Falling back to num_samples=1
Falling back to num_samples=1
Falling back to num_samples=1
Falling back to num_samples=1
Falling back to num_samples=1
Falling back to num_samples=1
Falling back to num_samples=1
Falling back to num_samples=1
Falling back to num_samples=1
Falling back to num_samples=1
Falling back to num_samples=1
Falling back to num_samples=1
Falling back to num_samples=1
Falling back to num_samples=1
Falling back to num_samples=1
Falling back to num_samples=1
Falling back to num_samples=1
Falling back to num_samples=1
Falling back to num_samples=1
Falling back to num_samples=1
Falling back to num_samples=1
Falling back to num_samples=1
Falling back to num_samples=1
Falling back to num_samples=1
Falling back to num_samples=1
Falling back to num_samples=1
Falling back to num_samples=1
Falling back to num_samples=1
Falling back to num_samples=1
Falling back to num_samples=1
Falling back to num_samples=1
Falling back to num_samples=1
Falling back to num_samples=1
Falling back to num_samples=1
Falling back to num_samples=1
Falling back to num_samples=1
Falling back to num_samples=1
Falling back to num_samples=1
Falling back to num_samples=1
Falling back to num_samples=1
Falling back to num_samples=1
Falling back to num_samples=1
Falling back to num_samples=1
Falling back to num_samples=1
Falling back to num_samples=1
Falling back to num_samples=1
Falling back to num_samples=1
Falling back to num_samples=1
Falling back to num_samples=1
Falling back to num_samples=1
Falling back to num_samples=1
