I1001 18:13:39.428877 47277781804864 xla_bridge.py:355] Unable to initialize backend 'tpu_driver': NOT_FOUND: Unable to find driver in registry given worker: 
I1001 18:13:39.560095 47277781804864 xla_bridge.py:355] Unable to initialize backend 'rocm': NOT_FOUND: Could not find registered platform with name: "rocm". Available platform names are: Host CUDA Interpreter
I1001 18:13:39.560607 47277781804864 xla_bridge.py:355] Unable to initialize backend 'tpu': module 'jaxlib.xla_extension' has no attribute 'get_tpu_client'
I1001 18:13:39.560746 47277781804864 xla_bridge.py:355] Unable to initialize backend 'plugin': xla_extension has no attributes named get_plugin_device_client. Compile TensorFlow with //tensorflow/compiler/xla/python:enable_plugin_device set to true (defaults to false) to enable this.
I1001 18:13:39.560871 47277781804864 run_miniworld.py:99] Collecting data on MiniWorld on gpu.
I1001 18:13:44.824588 47277781804864 run_miniworld.py:135] Observation shape: (60, 80, 3)
I1001 18:13:54.197815 47277781804864 run_miniworld.py:238] Data collection iteration 0.
I1001 18:14:30.973800 47277781804864 run_miniworld.py:245] Evaluation iteration 0.
/home/mklissa/DCEO/lib/python3.8/site-packages/distrax/_src/distributions/categorical.py:96: UserWarning: Explicitly requested dtype <class 'jax.numpy.int64'> requested in astype is not available, and will be truncated to dtype int32. To enable more dtypes, set the jax_enable_x64 configuration option or the JAX_ENABLE_X64 shell environment variable. See https://github.com/google/jax#current-gotchas for more.
  return draws.astype(self._dtype)
I1001 18:14:41.046467 47277781804864 run_miniworld.py:262] iteration:   0
 frame:     0
 eval_episode_return:  0.00
 train_episode_return:  0.04
 train_exploration_epsilon: 1.000
 train_frame_rate:  680
I1001 18:14:41.363461 47277781804864 run_miniworld.py:238] Data collection iteration 1.
I1001 18:15:18.541591 47277781804864 run_miniworld.py:245] Evaluation iteration 1.
I1001 18:15:28.064795 47277781804864 run_miniworld.py:262] iteration:   1
 frame: 25000
 eval_episode_return:  0.00
 train_episode_return:  0.00
 train_exploration_epsilon: 1.000
 train_frame_rate:  672
I1001 18:15:28.362502 47277781804864 run_miniworld.py:238] Data collection iteration 2.
I1001 18:15:28.856433 47277781804864 dceo_agent.py:296] Begin learning
I1001 18:18:01.947688 47277781804864 run_miniworld.py:245] Evaluation iteration 2.
I1001 18:18:11.208907 47277781804864 run_miniworld.py:262] iteration:   2
 frame: 50000
 eval_episode_return:  0.00
 train_episode_return:  0.04
 train_exploration_epsilon: 0.955
 train_frame_rate:  163
I1001 18:18:11.507322 47277781804864 run_miniworld.py:238] Data collection iteration 3.
I1001 18:20:39.292957 47277781804864 run_miniworld.py:245] Evaluation iteration 3.
I1001 18:20:48.619582 47277781804864 run_miniworld.py:262] iteration:   3
 frame: 75000
 eval_episode_return:  0.00
 train_episode_return:  0.00
 train_exploration_epsilon: 0.910
 train_frame_rate:  169
I1001 18:20:48.916182 47277781804864 run_miniworld.py:238] Data collection iteration 4.
I1001 18:23:17.864226 47277781804864 run_miniworld.py:245] Evaluation iteration 4.
I1001 18:23:27.234020 47277781804864 run_miniworld.py:262] iteration:   4
 frame: 100000
 eval_episode_return:  0.00
 train_episode_return:  0.00
 train_exploration_epsilon: 0.865
 train_frame_rate:  168
I1001 18:23:27.530683 47277781804864 run_miniworld.py:238] Data collection iteration 5.
I1001 18:25:56.975125 47277781804864 run_miniworld.py:245] Evaluation iteration 5.
I1001 18:26:06.483763 47277781804864 run_miniworld.py:262] iteration:   5
 frame: 125000
 eval_episode_return:  0.00
 train_episode_return:  0.00
 train_exploration_epsilon: 0.820
 train_frame_rate:  167
I1001 18:26:06.796988 47277781804864 run_miniworld.py:238] Data collection iteration 6.
I1001 18:28:35.740669 47277781804864 run_miniworld.py:245] Evaluation iteration 6.
I1001 18:28:44.889322 47277781804864 run_miniworld.py:262] iteration:   6
 frame: 150000
 eval_episode_return:  0.00
 train_episode_return:  0.08
 train_exploration_epsilon: 0.775
 train_frame_rate:  168
I1001 18:28:45.204535 47277781804864 run_miniworld.py:238] Data collection iteration 7.
I1001 18:31:15.411381 47277781804864 run_miniworld.py:245] Evaluation iteration 7.
I1001 18:31:24.753151 47277781804864 run_miniworld.py:262] iteration:   7
 frame: 175000
 eval_episode_return:  0.00
 train_episode_return:  0.04
 train_exploration_epsilon: 0.730
 train_frame_rate:  166
I1001 18:31:25.058627 47277781804864 run_miniworld.py:238] Data collection iteration 8.
I1001 18:33:56.477826 47277781804864 run_miniworld.py:245] Evaluation iteration 8.
I1001 18:34:05.655884 47277781804864 run_miniworld.py:262] iteration:   8
 frame: 200000
 eval_episode_return:  0.00
 train_episode_return:  0.04
 train_exploration_epsilon: 0.685
 train_frame_rate:  165
I1001 18:34:05.958937 47277781804864 run_miniworld.py:238] Data collection iteration 9.
I1001 18:36:37.320546 47277781804864 run_miniworld.py:245] Evaluation iteration 9.
I1001 18:36:46.933777 47277781804864 run_miniworld.py:262] iteration:   9
 frame: 225000
 eval_episode_return:  0.00
 train_episode_return:  0.08
 train_exploration_epsilon: 0.640
 train_frame_rate:  165
I1001 18:36:47.242640 47277781804864 run_miniworld.py:238] Data collection iteration 10.
I1001 18:39:19.522135 47277781804864 run_miniworld.py:245] Evaluation iteration 10.
I1001 18:39:28.930729 47277781804864 run_miniworld.py:262] iteration:  10
 frame: 250000
 eval_episode_return:  0.00
 train_episode_return:  0.00
 train_exploration_epsilon: 0.595
 train_frame_rate:  164
I1001 18:39:29.233577 47277781804864 run_miniworld.py:238] Data collection iteration 11.
I1001 18:42:02.894135 47277781804864 run_miniworld.py:245] Evaluation iteration 11.
I1001 18:42:12.145185 47277781804864 run_miniworld.py:262] iteration:  11
 frame: 275000
 eval_episode_return:  0.00
 train_episode_return:  0.04
 train_exploration_epsilon: 0.550
 train_frame_rate:  163
I1001 18:42:12.450111 47277781804864 run_miniworld.py:238] Data collection iteration 12.
I1001 18:44:45.361139 47277781804864 run_miniworld.py:245] Evaluation iteration 12.
I1001 18:44:54.382111 47277781804864 run_miniworld.py:262] iteration:  12
 frame: 300000
 eval_episode_return:  0.00
 train_episode_return:  0.29
 train_exploration_epsilon: 0.505
 train_frame_rate:  163
I1001 18:44:54.688704 47277781804864 run_miniworld.py:238] Data collection iteration 13.
I1001 18:47:27.055159 47277781804864 run_miniworld.py:245] Evaluation iteration 13.
I1001 18:47:36.648857 47277781804864 run_miniworld.py:262] iteration:  13
 frame: 325000
 eval_episode_return:  0.00
 train_episode_return:  0.29
 train_exploration_epsilon: 0.460
 train_frame_rate:  164
I1001 18:47:36.955300 47277781804864 run_miniworld.py:238] Data collection iteration 14.
I1001 18:50:10.775152 47277781804864 run_miniworld.py:245] Evaluation iteration 14.
I1001 18:50:19.966135 47277781804864 run_miniworld.py:262] iteration:  14
 frame: 350000
 eval_episode_return:  0.00
 train_episode_return:  0.12
 train_exploration_epsilon: 0.415
 train_frame_rate:  163
I1001 18:50:20.268715 47277781804864 run_miniworld.py:238] Data collection iteration 15.
I1001 18:52:53.830897 47277781804864 run_miniworld.py:245] Evaluation iteration 15.
I1001 18:53:03.440579 47277781804864 run_miniworld.py:262] iteration:  15
 frame: 375000
 eval_episode_return:  0.00
 train_episode_return:  0.22
 train_exploration_epsilon: 0.370
 train_frame_rate:  163
I1001 18:53:03.754630 47277781804864 run_miniworld.py:238] Data collection iteration 16.
I1001 18:55:37.726050 47277781804864 run_miniworld.py:245] Evaluation iteration 16.
I1001 18:55:46.824497 47277781804864 run_miniworld.py:262] iteration:  16
 frame: 400000
 eval_episode_return:  0.00
 train_episode_return:  0.32
 train_exploration_epsilon: 0.325
 train_frame_rate:  162
I1001 18:55:47.133917 47277781804864 run_miniworld.py:238] Data collection iteration 17.
I1001 18:58:22.024644 47277781804864 run_miniworld.py:245] Evaluation iteration 17.
I1001 18:58:31.213809 47277781804864 run_miniworld.py:262] iteration:  17
 frame: 425000
 eval_episode_return:  0.00
 train_episode_return:  0.15
 train_exploration_epsilon: 0.280
 train_frame_rate:  161
I1001 18:58:31.521387 47277781804864 run_miniworld.py:238] Data collection iteration 18.
I1001 19:01:05.967987 47277781804864 run_miniworld.py:245] Evaluation iteration 18.
I1001 19:01:15.301542 47277781804864 run_miniworld.py:262] iteration:  18
 frame: 450000
 eval_episode_return:  0.00
 train_episode_return:  0.37
 train_exploration_epsilon: 0.235
 train_frame_rate:  162
I1001 19:01:15.601718 47277781804864 run_miniworld.py:238] Data collection iteration 19.
I1001 19:03:50.394357 47277781804864 run_miniworld.py:245] Evaluation iteration 19.
I1001 19:03:59.673317 47277781804864 run_miniworld.py:262] iteration:  19
 frame: 475000
 eval_episode_return:  0.00
 train_episode_return:  0.36
 train_exploration_epsilon: 0.190
 train_frame_rate:  162
I1001 19:03:59.979523 47277781804864 run_miniworld.py:238] Data collection iteration 20.
I1001 19:06:35.270117 47277781804864 run_miniworld.py:245] Evaluation iteration 20.
I1001 19:06:44.717519 47277781804864 run_miniworld.py:262] iteration:  20
 frame: 500000
 eval_episode_return:  0.00
 train_episode_return:  0.71
 train_exploration_epsilon: 0.145
 train_frame_rate:  161
I1001 19:06:45.023222 47277781804864 run_miniworld.py:238] Data collection iteration 21.
I1001 19:09:20.920494 47277781804864 run_miniworld.py:245] Evaluation iteration 21.
I1001 19:09:30.267359 47277781804864 run_miniworld.py:262] iteration:  21
 frame: 525000
 eval_episode_return:  0.00
 train_episode_return:  0.45
 train_exploration_epsilon: 0.100
 train_frame_rate:  160
I1001 19:09:30.570470 47277781804864 run_miniworld.py:238] Data collection iteration 22.
I1001 19:12:07.183274 47277781804864 run_miniworld.py:245] Evaluation iteration 22.
I1001 19:12:16.884201 47277781804864 run_miniworld.py:262] iteration:  22
 frame: 550000
 eval_episode_return:  0.00
 train_episode_return:  0.39
 train_exploration_epsilon: 0.100
 train_frame_rate:  160
I1001 19:12:17.193950 47277781804864 run_miniworld.py:238] Data collection iteration 23.
I1001 19:14:53.884351 47277781804864 run_miniworld.py:245] Evaluation iteration 23.
I1001 19:15:03.133265 47277781804864 run_miniworld.py:262] iteration:  23
 frame: 575000
 eval_episode_return:  0.00
 train_episode_return:  0.61
 train_exploration_epsilon: 0.100
 train_frame_rate:  160
I1001 19:15:03.435409 47277781804864 run_miniworld.py:238] Data collection iteration 24.
I1001 19:17:41.768196 47277781804864 run_miniworld.py:245] Evaluation iteration 24.
I1001 19:17:50.961192 47277781804864 run_miniworld.py:262] iteration:  24
 frame: 600000
 eval_episode_return:  0.00
 train_episode_return:  0.42
 train_exploration_epsilon: 0.100
 train_frame_rate:  158
I1001 19:17:51.267184 47277781804864 run_miniworld.py:238] Data collection iteration 25.
I1001 19:20:29.459838 47277781804864 run_miniworld.py:245] Evaluation iteration 25.
I1001 19:20:38.772460 47277781804864 run_miniworld.py:262] iteration:  25
 frame: 625000
 eval_episode_return:  0.00
 train_episode_return:  0.36
 train_exploration_epsilon: 0.100
 train_frame_rate:  158
I1001 19:20:39.103899 47277781804864 run_miniworld.py:238] Data collection iteration 26.
I1001 19:23:17.259495 47277781804864 run_miniworld.py:245] Evaluation iteration 26.
I1001 19:23:26.155340 47277781804864 run_miniworld.py:262] iteration:  26
 frame: 650000
 eval_episode_return:  0.00
 train_episode_return:  0.34
 train_exploration_epsilon: 0.100
 train_frame_rate:  158
I1001 19:23:26.473743 47277781804864 run_miniworld.py:238] Data collection iteration 27.
I1001 19:26:05.504499 47277781804864 run_miniworld.py:245] Evaluation iteration 27.
I1001 19:26:14.952178 47277781804864 run_miniworld.py:262] iteration:  27
 frame: 675000
 eval_episode_return:  0.00
 train_episode_return:  0.43
 train_exploration_epsilon: 0.100
 train_frame_rate:  157
I1001 19:26:15.263069 47277781804864 run_miniworld.py:238] Data collection iteration 28.
I1001 19:28:54.903105 47277781804864 run_miniworld.py:245] Evaluation iteration 28.
I1001 19:29:04.363361 47277781804864 run_miniworld.py:262] iteration:  28
 frame: 700000
 eval_episode_return:  0.00
 train_episode_return:  0.34
 train_exploration_epsilon: 0.100
 train_frame_rate:  157
I1001 19:29:04.746392 47277781804864 run_miniworld.py:238] Data collection iteration 29.
I1001 19:31:44.512493 47277781804864 run_miniworld.py:245] Evaluation iteration 29.
I1001 19:31:53.993692 47277781804864 run_miniworld.py:262] iteration:  29
 frame: 725000
 eval_episode_return:  0.00
 train_episode_return:  0.69
 train_exploration_epsilon: 0.100
 train_frame_rate:  156
I1001 19:31:54.313995 47277781804864 run_miniworld.py:238] Data collection iteration 30.
I1001 19:34:34.575861 47277781804864 run_miniworld.py:245] Evaluation iteration 30.
I1001 19:34:44.332187 47277781804864 run_miniworld.py:262] iteration:  30
 frame: 750000
 eval_episode_return:  0.00
 train_episode_return:  0.43
 train_exploration_epsilon: 0.100
 train_frame_rate:  156
I1001 19:34:44.642114 47277781804864 run_miniworld.py:238] Data collection iteration 31.
I1001 19:37:25.050070 47277781804864 run_miniworld.py:245] Evaluation iteration 31.
I1001 19:37:34.376909 47277781804864 run_miniworld.py:262] iteration:  31
 frame: 775000
 eval_episode_return:  0.00
 train_episode_return:  0.43
 train_exploration_epsilon: 0.100
 train_frame_rate:  156
I1001 19:37:34.758875 47277781804864 run_miniworld.py:238] Data collection iteration 32.
I1001 19:40:15.568224 47277781804864 run_miniworld.py:245] Evaluation iteration 32.
I1001 19:40:24.996914 47277781804864 run_miniworld.py:262] iteration:  32
 frame: 800000
 eval_episode_return:  0.00
 train_episode_return:  0.48
 train_exploration_epsilon: 0.100
 train_frame_rate:  155
I1001 19:40:25.312868 47277781804864 run_miniworld.py:238] Data collection iteration 33.
I1001 19:43:07.776336 47277781804864 run_miniworld.py:245] Evaluation iteration 33.
I1001 19:43:17.117818 47277781804864 run_miniworld.py:262] iteration:  33
 frame: 825000
 eval_episode_return:  0.00
 train_episode_return:  0.43
 train_exploration_epsilon: 0.100
 train_frame_rate:  154
I1001 19:43:17.439593 47277781804864 run_miniworld.py:238] Data collection iteration 34.
I1001 19:45:59.084424 47277781804864 run_miniworld.py:245] Evaluation iteration 34.
I1001 19:46:08.401839 47277781804864 run_miniworld.py:262] iteration:  34
 frame: 850000
 eval_episode_return:  0.00
 train_episode_return:  0.69
 train_exploration_epsilon: 0.100
 train_frame_rate:  155
I1001 19:46:08.724220 47277781804864 run_miniworld.py:238] Data collection iteration 35.
I1001 19:48:50.580131 47277781804864 run_miniworld.py:245] Evaluation iteration 35.
I1001 19:49:00.274401 47277781804864 run_miniworld.py:262] iteration:  35
 frame: 875000
 eval_episode_return:  0.00
 train_episode_return:  0.59
 train_exploration_epsilon: 0.100
 train_frame_rate:  154
I1001 19:49:00.586479 47277781804864 run_miniworld.py:238] Data collection iteration 36.
I1001 19:51:42.608166 47277781804864 run_miniworld.py:245] Evaluation iteration 36.
I1001 19:51:52.067804 47277781804864 run_miniworld.py:262] iteration:  36
 frame: 900000
 eval_episode_return:  0.00
 train_episode_return:  0.45
 train_exploration_epsilon: 0.100
 train_frame_rate:  154
I1001 19:51:52.387534 47277781804864 run_miniworld.py:238] Data collection iteration 37.
I1001 19:54:34.844132 47277781804864 run_miniworld.py:245] Evaluation iteration 37.
I1001 19:54:44.404278 47277781804864 run_miniworld.py:262] iteration:  37
 frame: 925000
 eval_episode_return:  0.00
 train_episode_return:  0.45
 train_exploration_epsilon: 0.100
 train_frame_rate:  154
I1001 19:54:44.719869 47277781804864 run_miniworld.py:238] Data collection iteration 38.
I1001 19:57:27.778767 47277781804864 run_miniworld.py:245] Evaluation iteration 38.
I1001 19:57:37.326169 47277781804864 run_miniworld.py:262] iteration:  38
 frame: 950000
 eval_episode_return:  0.00
 train_episode_return:  0.62
 train_exploration_epsilon: 0.100
 train_frame_rate:  153
I1001 19:57:37.642022 47277781804864 run_miniworld.py:238] Data collection iteration 39.
I1001 20:00:20.658363 47277781804864 run_miniworld.py:245] Evaluation iteration 39.
I1001 20:00:30.198849 47277781804864 run_miniworld.py:262] iteration:  39
 frame: 975000
 eval_episode_return:  0.00
 train_episode_return:  0.25
 train_exploration_epsilon: 0.100
 train_frame_rate:  153
I1001 20:00:30.515690 47277781804864 run_miniworld.py:238] Data collection iteration 40.
I1001 20:03:14.130277 47277781804864 run_miniworld.py:245] Evaluation iteration 40.
I1001 20:03:23.851519 47277781804864 run_miniworld.py:262] iteration:  40
 frame: 1000000
 eval_episode_return:  0.00
 train_episode_return:  0.33
 train_exploration_epsilon: 0.100
 train_frame_rate:  153
I1001 20:03:24.169152 47277781804864 run_miniworld.py:238] Data collection iteration 41.
I1001 20:06:09.806169 47277781804864 run_miniworld.py:245] Evaluation iteration 41.
I1001 20:06:19.493854 47277781804864 run_miniworld.py:262] iteration:  41
 frame: 1025000
 eval_episode_return:  0.00
 train_episode_return:  0.47
 train_exploration_epsilon: 0.100
 train_frame_rate:  151
I1001 20:06:19.811576 47277781804864 run_miniworld.py:238] Data collection iteration 42.
I1001 20:09:04.089570 47277781804864 run_miniworld.py:245] Evaluation iteration 42.
I1001 20:09:13.743036 47277781804864 run_miniworld.py:262] iteration:  42
 frame: 1050000
 eval_episode_return:  0.00
 train_episode_return:  0.64
 train_exploration_epsilon: 0.100
 train_frame_rate:  152
I1001 20:09:14.055348 47277781804864 run_miniworld.py:238] Data collection iteration 43.
I1001 20:11:58.126114 47277781804864 run_miniworld.py:245] Evaluation iteration 43.
I1001 20:12:07.685667 47277781804864 run_miniworld.py:262] iteration:  43
 frame: 1075000
 eval_episode_return:  0.00
 train_episode_return:  0.61
 train_exploration_epsilon: 0.100
 train_frame_rate:  152
I1001 20:12:07.999314 47277781804864 run_miniworld.py:238] Data collection iteration 44.
I1001 20:14:51.625091 47277781804864 run_miniworld.py:245] Evaluation iteration 44.
I1001 20:15:01.249984 47277781804864 run_miniworld.py:262] iteration:  44
 frame: 1100000
 eval_episode_return:  0.00
 train_episode_return:  0.63
 train_exploration_epsilon: 0.100
 train_frame_rate:  153
I1001 20:15:01.571769 47277781804864 run_miniworld.py:238] Data collection iteration 45.
I1001 20:17:46.241835 47277781804864 run_miniworld.py:245] Evaluation iteration 45.
I1001 20:17:55.528338 47277781804864 run_miniworld.py:262] iteration:  45
 frame: 1125000
 eval_episode_return:  0.00
 train_episode_return:  0.52
 train_exploration_epsilon: 0.100
 train_frame_rate:  152
I1001 20:17:55.849543 47277781804864 run_miniworld.py:238] Data collection iteration 46.
I1001 20:20:39.360308 47277781804864 run_miniworld.py:245] Evaluation iteration 46.
I1001 20:20:48.895619 47277781804864 run_miniworld.py:262] iteration:  46
 frame: 1150000
 eval_episode_return:  0.00
 train_episode_return:  0.53
 train_exploration_epsilon: 0.100
 train_frame_rate:  153
I1001 20:20:49.216775 47277781804864 run_miniworld.py:238] Data collection iteration 47.
I1001 20:23:33.132266 47277781804864 run_miniworld.py:245] Evaluation iteration 47.
I1001 20:23:42.906235 47277781804864 run_miniworld.py:262] iteration:  47
 frame: 1175000
 eval_episode_return:  0.00
 train_episode_return:  0.61
 train_exploration_epsilon: 0.100
 train_frame_rate:  153
I1001 20:23:43.224946 47277781804864 run_miniworld.py:238] Data collection iteration 48.
I1001 20:26:27.544454 47277781804864 run_miniworld.py:245] Evaluation iteration 48.
I1001 20:26:37.057140 47277781804864 run_miniworld.py:262] iteration:  48
 frame: 1200000
 eval_episode_return:  0.00
 train_episode_return:  0.79
 train_exploration_epsilon: 0.100
 train_frame_rate:  152
I1001 20:26:37.387164 47277781804864 run_miniworld.py:238] Data collection iteration 49.
I1001 20:29:21.309443 47277781804864 run_miniworld.py:245] Evaluation iteration 49.
I1001 20:29:30.955860 47277781804864 run_miniworld.py:262] iteration:  49
 frame: 1225000
 eval_episode_return:  0.00
 train_episode_return:  0.83
 train_exploration_epsilon: 0.100
 train_frame_rate:  153
I1001 20:29:31.283019 47277781804864 run_miniworld.py:238] Data collection iteration 50.
I1001 20:32:15.926409 47277781804864 run_miniworld.py:245] Evaluation iteration 50.
I1001 20:32:25.597658 47277781804864 run_miniworld.py:262] iteration:  50
 frame: 1250000
 eval_episode_return:  0.00
 train_episode_return:  0.90
 train_exploration_epsilon: 0.100
 train_frame_rate:  152
I1001 20:32:25.921803 47277781804864 run_miniworld.py:238] Data collection iteration 51.
I1001 20:35:10.335458 47277781804864 run_miniworld.py:245] Evaluation iteration 51.
I1001 20:35:19.946473 47277781804864 run_miniworld.py:262] iteration:  51
 frame: 1275000
 eval_episode_return:  0.00
 train_episode_return:  0.92
 train_exploration_epsilon: 0.100
 train_frame_rate:  152
I1001 20:35:20.269760 47277781804864 run_miniworld.py:238] Data collection iteration 52.
I1001 20:38:04.449699 47277781804864 run_miniworld.py:245] Evaluation iteration 52.
I1001 20:38:14.083565 47277781804864 run_miniworld.py:262] iteration:  52
 frame: 1300000
 eval_episode_return:  0.00
 train_episode_return:  0.85
 train_exploration_epsilon: 0.100
 train_frame_rate:  152
I1001 20:38:14.398952 47277781804864 run_miniworld.py:238] Data collection iteration 53.
I1001 20:40:58.153222 47277781804864 run_miniworld.py:245] Evaluation iteration 53.
I1001 20:41:07.520221 47277781804864 run_miniworld.py:262] iteration:  53
 frame: 1325000
 eval_episode_return:  0.00
 train_episode_return:  0.89
 train_exploration_epsilon: 0.100
 train_frame_rate:  153
I1001 20:41:07.843203 47277781804864 run_miniworld.py:238] Data collection iteration 54.
I1001 20:43:52.090157 47277781804864 run_miniworld.py:245] Evaluation iteration 54.
I1001 20:44:01.468746 47277781804864 run_miniworld.py:262] iteration:  54
 frame: 1350000
 eval_episode_return:  0.00
 train_episode_return:  0.80
 train_exploration_epsilon: 0.100
 train_frame_rate:  152
I1001 20:44:01.789352 47277781804864 run_miniworld.py:238] Data collection iteration 55.
I1001 20:46:46.712096 47277781804864 run_miniworld.py:245] Evaluation iteration 55.
I1001 20:46:56.288120 47277781804864 run_miniworld.py:262] iteration:  55
 frame: 1375000
 eval_episode_return:  0.00
 train_episode_return:  0.88
 train_exploration_epsilon: 0.100
 train_frame_rate:  152
I1001 20:46:56.606306 47277781804864 run_miniworld.py:238] Data collection iteration 56.
I1001 20:49:41.546577 47277781804864 run_miniworld.py:245] Evaluation iteration 56.
I1001 20:49:50.964892 47277781804864 run_miniworld.py:262] iteration:  56
 frame: 1400000
 eval_episode_return:  0.00
 train_episode_return:  0.84
 train_exploration_epsilon: 0.100
 train_frame_rate:  152
I1001 20:49:51.287125 47277781804864 run_miniworld.py:238] Data collection iteration 57.
I1001 20:52:36.589802 47277781804864 run_miniworld.py:245] Evaluation iteration 57.
I1001 20:52:46.390014 47277781804864 run_miniworld.py:262] iteration:  57
 frame: 1425000
 eval_episode_return:  0.00
 train_episode_return:  0.91
 train_exploration_epsilon: 0.100
 train_frame_rate:  151
I1001 20:52:46.705268 47277781804864 run_miniworld.py:238] Data collection iteration 58.
I1001 20:55:32.676836 47277781804864 run_miniworld.py:245] Evaluation iteration 58.
I1001 20:55:42.556952 47277781804864 run_miniworld.py:262] iteration:  58
 frame: 1450000
 eval_episode_return:  0.00
 train_episode_return:  0.99
 train_exploration_epsilon: 0.100
 train_frame_rate:  151
I1001 20:55:42.876952 47277781804864 run_miniworld.py:238] Data collection iteration 59.
I1001 20:58:27.865219 47277781804864 run_miniworld.py:245] Evaluation iteration 59.
I1001 20:58:37.634306 47277781804864 run_miniworld.py:262] iteration:  59
 frame: 1475000
 eval_episode_return:  0.00
 train_episode_return:  0.97
 train_exploration_epsilon: 0.100
 train_frame_rate:  152
I1001 20:58:37.956573 47277781804864 run_miniworld.py:238] Data collection iteration 60.
I1001 21:01:23.214114 47277781804864 run_miniworld.py:245] Evaluation iteration 60.
I1001 21:01:33.009594 47277781804864 run_miniworld.py:262] iteration:  60
 frame: 1500000
 eval_episode_return:  0.33
 train_episode_return:  0.97
 train_exploration_epsilon: 0.100
 train_frame_rate:  151
I1001 21:01:33.331461 47277781804864 run_miniworld.py:238] Data collection iteration 61.
I1001 21:04:19.493930 47277781804864 run_miniworld.py:245] Evaluation iteration 61.
I1001 21:04:29.247402 47277781804864 run_miniworld.py:262] iteration:  61
 frame: 1525000
 eval_episode_return:  0.20
 train_episode_return:  1.00
 train_exploration_epsilon: 0.100
 train_frame_rate:  150
I1001 21:04:29.567060 47277781804864 run_miniworld.py:238] Data collection iteration 62.
I1001 21:07:15.025714 47277781804864 run_miniworld.py:245] Evaluation iteration 62.
I1001 21:07:25.652404 47277781804864 run_miniworld.py:262] iteration:  62
 frame: 1550000
 eval_episode_return:  0.96
 train_episode_return:  1.00
 train_exploration_epsilon: 0.100
 train_frame_rate:  151
I1001 21:07:25.984501 47277781804864 run_miniworld.py:238] Data collection iteration 63.
I1001 21:10:12.021862 47277781804864 run_miniworld.py:245] Evaluation iteration 63.
I1001 21:10:21.869128 47277781804864 run_miniworld.py:262] iteration:  63
 frame: 1575000
 eval_episode_return:  0.83
 train_episode_return:  0.99
 train_exploration_epsilon: 0.100
 train_frame_rate:  151
I1001 21:10:22.193147 47277781804864 run_miniworld.py:238] Data collection iteration 64.
I1001 21:13:09.729436 47277781804864 run_miniworld.py:245] Evaluation iteration 64.
I1001 21:13:20.962966 47277781804864 run_miniworld.py:262] iteration:  64
 frame: 1600000
 eval_episode_return:  1.00
 train_episode_return:  1.00
 train_exploration_epsilon: 0.100
 train_frame_rate:  149
I1001 21:13:21.287712 47277781804864 run_miniworld.py:238] Data collection iteration 65.
I1001 21:16:07.777189 47277781804864 run_miniworld.py:245] Evaluation iteration 65.
I1001 21:16:19.250665 47277781804864 run_miniworld.py:262] iteration:  65
 frame: 1625000
 eval_episode_return:  1.00
 train_episode_return:  1.00
 train_exploration_epsilon: 0.100
 train_frame_rate:  150
I1001 21:16:19.651661 47277781804864 run_miniworld.py:238] Data collection iteration 66.
I1001 21:19:06.336979 47277781804864 run_miniworld.py:245] Evaluation iteration 66.
I1001 21:19:17.480450 47277781804864 run_miniworld.py:262] iteration:  66
 frame: 1650000
 eval_episode_return:  1.00
 train_episode_return:  1.00
 train_exploration_epsilon: 0.100
 train_frame_rate:  150
I1001 21:19:17.801087 47277781804864 run_miniworld.py:238] Data collection iteration 67.
I1001 21:22:05.002674 47277781804864 run_miniworld.py:245] Evaluation iteration 67.
I1001 21:22:16.667109 47277781804864 run_miniworld.py:262] iteration:  67
 frame: 1675000
 eval_episode_return:  1.00
 train_episode_return:  1.00
 train_exploration_epsilon: 0.100
 train_frame_rate:  150
I1001 21:22:16.988431 47277781804864 run_miniworld.py:238] Data collection iteration 68.
I1001 21:25:03.462448 47277781804864 run_miniworld.py:245] Evaluation iteration 68.
I1001 21:25:14.905389 47277781804864 run_miniworld.py:262] iteration:  68
 frame: 1700000
 eval_episode_return:  1.00
 train_episode_return:  1.00
 train_exploration_epsilon: 0.100
 train_frame_rate:  150
I1001 21:25:15.228379 47277781804864 run_miniworld.py:238] Data collection iteration 69.
I1001 21:28:01.710173 47277781804864 run_miniworld.py:245] Evaluation iteration 69.
I1001 21:28:13.349291 47277781804864 run_miniworld.py:262] iteration:  69
 frame: 1725000
 eval_episode_return:  1.00
 train_episode_return:  1.00
 train_exploration_epsilon: 0.100
 train_frame_rate:  150
I1001 21:28:13.668235 47277781804864 run_miniworld.py:238] Data collection iteration 70.
I1001 21:31:00.424178 47277781804864 run_miniworld.py:245] Evaluation iteration 70.
I1001 21:31:11.781297 47277781804864 run_miniworld.py:262] iteration:  70
 frame: 1750000
 eval_episode_return:  1.00
 train_episode_return:  1.00
 train_exploration_epsilon: 0.100
 train_frame_rate:  150
I1001 21:31:12.110269 47277781804864 run_miniworld.py:238] Data collection iteration 71.
I1001 21:33:58.667117 47277781804864 run_miniworld.py:245] Evaluation iteration 71.
I1001 21:34:10.532170 47277781804864 run_miniworld.py:262] iteration:  71
 frame: 1775000
 eval_episode_return:  1.00
 train_episode_return:  1.00
 train_exploration_epsilon: 0.100
 train_frame_rate:  150
I1001 21:34:10.858564 47277781804864 run_miniworld.py:238] Data collection iteration 72.
I1001 21:36:57.914213 47277781804864 run_miniworld.py:245] Evaluation iteration 72.
I1001 21:37:08.964751 47277781804864 run_miniworld.py:262] iteration:  72
 frame: 1800000
 eval_episode_return:  1.00
 train_episode_return:  0.99
 train_exploration_epsilon: 0.100
 train_frame_rate:  150
I1001 21:37:09.284771 47277781804864 run_miniworld.py:238] Data collection iteration 73.
I1001 21:39:55.959705 47277781804864 run_miniworld.py:245] Evaluation iteration 73.
I1001 21:40:06.980690 47277781804864 run_miniworld.py:262] iteration:  73
 frame: 1825000
 eval_episode_return:  1.00
 train_episode_return:  1.00
 train_exploration_epsilon: 0.100
 train_frame_rate:  150
I1001 21:40:07.306082 47277781804864 run_miniworld.py:238] Data collection iteration 74.
I1001 21:42:53.662919 47277781804864 run_miniworld.py:245] Evaluation iteration 74.
I1001 21:43:05.036464 47277781804864 run_miniworld.py:262] iteration:  74
 frame: 1850000
 eval_episode_return:  1.00
 train_episode_return:  1.00
 train_exploration_epsilon: 0.100
 train_frame_rate:  150
I1001 21:43:05.359274 47277781804864 run_miniworld.py:238] Data collection iteration 75.
I1001 21:45:51.843650 47277781804864 run_miniworld.py:245] Evaluation iteration 75.
I1001 21:46:03.003848 47277781804864 run_miniworld.py:262] iteration:  75
 frame: 1875000
 eval_episode_return:  1.00
 train_episode_return:  1.00
 train_exploration_epsilon: 0.100
 train_frame_rate:  150
I1001 21:46:03.320499 47277781804864 run_miniworld.py:238] Data collection iteration 76.
I1001 21:48:49.038079 47277781804864 run_miniworld.py:245] Evaluation iteration 76.
I1001 21:48:59.508748 47277781804864 run_miniworld.py:262] iteration:  76
 frame: 1900000
 eval_episode_return:  1.00
 train_episode_return:  1.00
 train_exploration_epsilon: 0.100
 train_frame_rate:  151
I1001 21:48:59.837766 47277781804864 run_miniworld.py:238] Data collection iteration 77.
I1001 21:51:45.283957 47277781804864 run_miniworld.py:245] Evaluation iteration 77.
I1001 21:51:56.679692 47277781804864 run_miniworld.py:262] iteration:  77
 frame: 1925000
 eval_episode_return:  1.00
 train_episode_return:  1.00
 train_exploration_epsilon: 0.100
 train_frame_rate:  151
I1001 21:51:56.999045 47277781804864 run_miniworld.py:238] Data collection iteration 78.
I1001 21:54:42.743926 47277781804864 run_miniworld.py:245] Evaluation iteration 78.
I1001 21:54:54.248779 47277781804864 run_miniworld.py:262] iteration:  78
 frame: 1950000
 eval_episode_return:  1.00
 train_episode_return:  1.00
 train_exploration_epsilon: 0.100
 train_frame_rate:  151
I1001 21:54:54.576473 47277781804864 run_miniworld.py:238] Data collection iteration 79.
I1001 21:57:40.829994 47277781804864 run_miniworld.py:245] Evaluation iteration 79.
I1001 21:57:52.078955 47277781804864 run_miniworld.py:262] iteration:  79
 frame: 1975000
 eval_episode_return:  1.00
 train_episode_return:  1.00
 train_exploration_epsilon: 0.100
 train_frame_rate:  150
I1001 21:57:52.396633 47277781804864 run_miniworld.py:238] Data collection iteration 80.
I1001 22:00:39.169024 47277781804864 run_miniworld.py:245] Evaluation iteration 80.
I1001 22:00:50.716031 47277781804864 run_miniworld.py:262] iteration:  80
 frame: 2000000
 eval_episode_return:  1.00
 train_episode_return:  1.00
 train_exploration_epsilon: 0.100
 train_frame_rate:  150
I1001 22:00:51.033267 47277781804864 run_miniworld.py:238] Data collection iteration 81.
I1001 22:03:38.158532 47277781804864 run_miniworld.py:245] Evaluation iteration 81.
I1001 22:03:49.318586 47277781804864 run_miniworld.py:262] iteration:  81
 frame: 2025000
 eval_episode_return:  1.00
 train_episode_return:  1.00
 train_exploration_epsilon: 0.100
 train_frame_rate:  150
I1001 22:03:49.687901 47277781804864 run_miniworld.py:238] Data collection iteration 82.
I1001 22:06:36.069038 47277781804864 run_miniworld.py:245] Evaluation iteration 82.
I1001 22:06:47.160469 47277781804864 run_miniworld.py:262] iteration:  82
 frame: 2050000
 eval_episode_return:  1.00
 train_episode_return:  1.00
 train_exploration_epsilon: 0.100
 train_frame_rate:  150
I1001 22:06:47.485497 47277781804864 run_miniworld.py:238] Data collection iteration 83.
I1001 22:09:34.839177 47277781804864 run_miniworld.py:245] Evaluation iteration 83.
I1001 22:09:46.469197 47277781804864 run_miniworld.py:262] iteration:  83
 frame: 2075000
 eval_episode_return:  1.00
 train_episode_return:  1.00
 train_exploration_epsilon: 0.100
 train_frame_rate:  149
I1001 22:09:46.793535 47277781804864 run_miniworld.py:238] Data collection iteration 84.
I1001 22:12:33.934471 47277781804864 run_miniworld.py:245] Evaluation iteration 84.
I1001 22:12:45.394966 47277781804864 run_miniworld.py:262] iteration:  84
 frame: 2100000
 eval_episode_return:  1.00
 train_episode_return:  1.00
 train_exploration_epsilon: 0.100
 train_frame_rate:  150
I1001 22:12:45.723604 47277781804864 run_miniworld.py:238] Data collection iteration 85.
I1001 22:15:36.538041 47277781804864 run_miniworld.py:245] Evaluation iteration 85.
I1001 22:15:48.125113 47277781804864 run_miniworld.py:262] iteration:  85
 frame: 2125000
 eval_episode_return:  1.00
 train_episode_return:  1.00
 train_exploration_epsilon: 0.100
 train_frame_rate:  146
I1001 22:15:48.458162 47277781804864 run_miniworld.py:238] Data collection iteration 86.
I1001 22:18:35.791403 47277781804864 run_miniworld.py:245] Evaluation iteration 86.
I1001 22:18:46.958706 47277781804864 run_miniworld.py:262] iteration:  86
 frame: 2150000
 eval_episode_return:  1.00
 train_episode_return:  1.00
 train_exploration_epsilon: 0.100
 train_frame_rate:  149
I1001 22:18:47.288499 47277781804864 run_miniworld.py:238] Data collection iteration 87.
I1001 22:21:35.054298 47277781804864 run_miniworld.py:245] Evaluation iteration 87.
I1001 22:21:46.732705 47277781804864 run_miniworld.py:262] iteration:  87
 frame: 2175000
 eval_episode_return:  1.00
 train_episode_return:  1.00
 train_exploration_epsilon: 0.100
 train_frame_rate:  149
I1001 22:21:47.063600 47277781804864 run_miniworld.py:238] Data collection iteration 88.
I1001 22:24:36.041668 47277781804864 run_miniworld.py:245] Evaluation iteration 88.
I1001 22:24:47.846503 47277781804864 run_miniworld.py:262] iteration:  88
 frame: 2200000
 eval_episode_return:  1.00
 train_episode_return:  1.00
 train_exploration_epsilon: 0.100
 train_frame_rate:  148
I1001 22:24:48.175956 47277781804864 run_miniworld.py:238] Data collection iteration 89.
I1001 22:27:37.024248 47277781804864 run_miniworld.py:245] Evaluation iteration 89.
I1001 22:27:48.754077 47277781804864 run_miniworld.py:262] iteration:  89
 frame: 2225000
 eval_episode_return:  1.00
 train_episode_return:  1.00
 train_exploration_epsilon: 0.100
 train_frame_rate:  148
I1001 22:27:49.087204 47277781804864 run_miniworld.py:238] Data collection iteration 90.
I1001 22:30:36.623971 47277781804864 run_miniworld.py:245] Evaluation iteration 90.
I1001 22:30:48.009151 47277781804864 run_miniworld.py:262] iteration:  90
 frame: 2250000
 eval_episode_return:  1.00
 train_episode_return:  1.00
 train_exploration_epsilon: 0.100
 train_frame_rate:  149
I1001 22:30:48.335165 47277781804864 run_miniworld.py:238] Data collection iteration 91.
I1001 22:33:37.940146 47277781804864 run_miniworld.py:245] Evaluation iteration 91.
I1001 22:33:50.439334 47277781804864 run_miniworld.py:262] iteration:  91
 frame: 2275000
 eval_episode_return:  1.00
 train_episode_return:  1.00
 train_exploration_epsilon: 0.100
 train_frame_rate:  147
I1001 22:33:50.766851 47277781804864 run_miniworld.py:238] Data collection iteration 92.
I1001 22:36:40.330344 47277781804864 run_miniworld.py:245] Evaluation iteration 92.
I1001 22:36:52.087054 47277781804864 run_miniworld.py:262] iteration:  92
 frame: 2300000
 eval_episode_return:  1.00
 train_episode_return:  1.00
 train_exploration_epsilon: 0.100
 train_frame_rate:  147
I1001 22:36:52.418280 47277781804864 run_miniworld.py:238] Data collection iteration 93.
I1001 22:39:40.574793 47277781804864 run_miniworld.py:245] Evaluation iteration 93.
I1001 22:39:51.852931 47277781804864 run_miniworld.py:262] iteration:  93
 frame: 2325000
 eval_episode_return:  1.00
 train_episode_return:  1.00
 train_exploration_epsilon: 0.100
 train_frame_rate:  149
I1001 22:39:52.198680 47277781804864 run_miniworld.py:238] Data collection iteration 94.
I1001 22:42:40.188956 47277781804864 run_miniworld.py:245] Evaluation iteration 94.
I1001 22:42:51.957949 47277781804864 run_miniworld.py:262] iteration:  94
 frame: 2350000
 eval_episode_return:  1.00
 train_episode_return:  1.00
 train_exploration_epsilon: 0.100
 train_frame_rate:  149
I1001 22:42:52.282812 47277781804864 run_miniworld.py:238] Data collection iteration 95.
I1001 22:45:40.954690 47277781804864 run_miniworld.py:245] Evaluation iteration 95.
I1001 22:45:52.547943 47277781804864 run_miniworld.py:262] iteration:  95
 frame: 2375000
 eval_episode_return:  1.00
 train_episode_return:  1.00
 train_exploration_epsilon: 0.100
 train_frame_rate:  148
I1001 22:45:52.875847 47277781804864 run_miniworld.py:238] Data collection iteration 96.
I1001 22:48:40.201427 47277781804864 run_miniworld.py:245] Evaluation iteration 96.
I1001 22:48:51.443168 47277781804864 run_miniworld.py:262] iteration:  96
 frame: 2400000
 eval_episode_return:  1.00
 train_episode_return:  1.00
 train_exploration_epsilon: 0.100
 train_frame_rate:  149
I1001 22:48:51.778514 47277781804864 run_miniworld.py:238] Data collection iteration 97.
I1001 22:51:39.171108 47277781804864 run_miniworld.py:245] Evaluation iteration 97.
I1001 22:51:50.695772 47277781804864 run_miniworld.py:262] iteration:  97
 frame: 2425000
 eval_episode_return:  1.00
 train_episode_return:  1.00
 train_exploration_epsilon: 0.100
 train_frame_rate:  149
I1001 22:51:51.024610 47277781804864 run_miniworld.py:238] Data collection iteration 98.
I1001 22:54:39.722162 47277781804864 run_miniworld.py:245] Evaluation iteration 98.
I1001 22:54:51.217369 47277781804864 run_miniworld.py:262] iteration:  98
 frame: 2450000
 eval_episode_return:  1.00
 train_episode_return:  1.00
 train_exploration_epsilon: 0.100
 train_frame_rate:  148
I1001 22:54:51.551662 47277781804864 run_miniworld.py:238] Data collection iteration 99.
I1001 22:57:38.588168 47277781804864 run_miniworld.py:245] Evaluation iteration 99.
I1001 22:57:49.829765 47277781804864 run_miniworld.py:262] iteration:  99
 frame: 2475000
 eval_episode_return:  1.00
 train_episode_return:  1.00
 train_exploration_epsilon: 0.100
 train_frame_rate:  150
I1001 22:57:50.158630 47277781804864 run_miniworld.py:238] Data collection iteration 100.
I1001 23:00:38.195838 47277781804864 run_miniworld.py:245] Evaluation iteration 100.
I1001 23:00:49.859168 47277781804864 run_miniworld.py:262] iteration: 100
 frame: 2500000
 eval_episode_return:  1.00
 train_episode_return:  1.00
 train_exploration_epsilon: 0.100
 train_frame_rate:  149
I1001 23:00:50.185757 47277781804864 run_miniworld.py:238] Data collection iteration 101.
I1001 23:03:37.522849 47277781804864 run_miniworld.py:245] Evaluation iteration 101.
I1001 23:03:48.923692 47277781804864 run_miniworld.py:262] iteration: 101
 frame: 2525000
 eval_episode_return:  1.00
 train_episode_return:  1.00
 train_exploration_epsilon: 0.100
 train_frame_rate:  149
I1001 23:03:49.255313 47277781804864 run_miniworld.py:238] Data collection iteration 102.
I1001 23:06:37.633423 47277781804864 run_miniworld.py:245] Evaluation iteration 102.
I1001 23:06:47.378115 47277781804864 run_miniworld.py:262] iteration: 102
 frame: 2550000
 eval_episode_return:  0.60
 train_episode_return:  1.00
 train_exploration_epsilon: 0.100
 train_frame_rate:  148
I1001 23:06:47.705724 47277781804864 run_miniworld.py:238] Data collection iteration 103.
I1001 23:10:47.116869 47277781804864 run_miniworld.py:245] Evaluation iteration 103.
I1001 23:10:58.767652 47277781804864 run_miniworld.py:262] iteration: 103
 frame: 2575000
 eval_episode_return:  1.00
 train_episode_return:  1.00
 train_exploration_epsilon: 0.100
 train_frame_rate:  104
I1001 23:10:59.097926 47277781804864 run_miniworld.py:238] Data collection iteration 104.
I1001 23:13:46.997065 47277781804864 run_miniworld.py:245] Evaluation iteration 104.
I1001 23:13:58.404891 47277781804864 run_miniworld.py:262] iteration: 104
 frame: 2600000
 eval_episode_return:  1.00
 train_episode_return:  1.00
 train_exploration_epsilon: 0.100
 train_frame_rate:  149
I1001 23:13:58.743929 47277781804864 run_miniworld.py:238] Data collection iteration 105.
I1001 23:16:46.555895 47277781804864 run_miniworld.py:245] Evaluation iteration 105.
I1001 23:16:58.290212 47277781804864 run_miniworld.py:262] iteration: 105
 frame: 2625000
 eval_episode_return:  1.00
 train_episode_return:  1.00
 train_exploration_epsilon: 0.100
 train_frame_rate:  149
I1001 23:16:58.616738 47277781804864 run_miniworld.py:238] Data collection iteration 106.
I1001 23:19:46.554723 47277781804864 run_miniworld.py:245] Evaluation iteration 106.
I1001 23:19:58.327034 47277781804864 run_miniworld.py:262] iteration: 106
 frame: 2650000
 eval_episode_return:  1.00
 train_episode_return:  1.00
 train_exploration_epsilon: 0.100
 train_frame_rate:  149
I1001 23:19:58.661101 47277781804864 run_miniworld.py:238] Data collection iteration 107.
I1001 23:22:46.914678 47277781804864 run_miniworld.py:245] Evaluation iteration 107.
I1001 23:22:58.401334 47277781804864 run_miniworld.py:262] iteration: 107
 frame: 2675000
 eval_episode_return:  1.00
 train_episode_return:  1.00
 train_exploration_epsilon: 0.100
 train_frame_rate:  149
I1001 23:22:58.729104 47277781804864 run_miniworld.py:238] Data collection iteration 108.
I1001 23:25:46.000093 47277781804864 run_miniworld.py:245] Evaluation iteration 108.
I1001 23:25:57.383363 47277781804864 run_miniworld.py:262] iteration: 108
 frame: 2700000
 eval_episode_return:  1.00
 train_episode_return:  1.00
 train_exploration_epsilon: 0.100
 train_frame_rate:  149
I1001 23:25:57.721316 47277781804864 run_miniworld.py:238] Data collection iteration 109.
I1001 23:28:46.838079 47277781804864 run_miniworld.py:245] Evaluation iteration 109.
I1001 23:28:58.482504 47277781804864 run_miniworld.py:262] iteration: 109
 frame: 2725000
 eval_episode_return:  1.00
 train_episode_return:  1.00
 train_exploration_epsilon: 0.100
 train_frame_rate:  148
I1001 23:28:58.810240 47277781804864 run_miniworld.py:238] Data collection iteration 110.
I1001 23:31:46.504970 47277781804864 run_miniworld.py:245] Evaluation iteration 110.
I1001 23:31:58.184982 47277781804864 run_miniworld.py:262] iteration: 110
 frame: 2750000
 eval_episode_return:  1.00
 train_episode_return:  1.00
 train_exploration_epsilon: 0.100
 train_frame_rate:  149
I1001 23:31:58.525424 47277781804864 run_miniworld.py:238] Data collection iteration 111.
I1001 23:34:53.988321 47277781804864 run_miniworld.py:245] Evaluation iteration 111.
I1001 23:35:05.818163 47277781804864 run_miniworld.py:262] iteration: 111
 frame: 2775000
 eval_episode_return:  1.00
 train_episode_return:  1.00
 train_exploration_epsilon: 0.100
 train_frame_rate:  142
I1001 23:35:06.149193 47277781804864 run_miniworld.py:238] Data collection iteration 112.
I1001 23:37:54.527630 47277781804864 run_miniworld.py:245] Evaluation iteration 112.
I1001 23:38:06.065751 47277781804864 run_miniworld.py:262] iteration: 112
 frame: 2800000
 eval_episode_return:  1.00
 train_episode_return:  1.00
 train_exploration_epsilon: 0.100
 train_frame_rate:  148
I1001 23:38:06.397420 47277781804864 run_miniworld.py:238] Data collection iteration 113.
I1001 23:40:54.328944 47277781804864 run_miniworld.py:245] Evaluation iteration 113.
I1001 23:41:05.871283 47277781804864 run_miniworld.py:262] iteration: 113
 frame: 2825000
 eval_episode_return:  1.00
 train_episode_return:  1.00
 train_exploration_epsilon: 0.100
 train_frame_rate:  149
I1001 23:41:06.200824 47277781804864 run_miniworld.py:238] Data collection iteration 114.
I1001 23:43:54.903880 47277781804864 run_miniworld.py:245] Evaluation iteration 114.
I1001 23:44:06.168823 47277781804864 run_miniworld.py:262] iteration: 114
 frame: 2850000
 eval_episode_return:  1.00
 train_episode_return:  1.00
 train_exploration_epsilon: 0.100
 train_frame_rate:  148
I1001 23:44:06.492662 47277781804864 run_miniworld.py:238] Data collection iteration 115.
I1001 23:46:55.026271 47277781804864 run_miniworld.py:245] Evaluation iteration 115.
I1001 23:47:06.611907 47277781804864 run_miniworld.py:262] iteration: 115
 frame: 2875000
 eval_episode_return:  1.00
 train_episode_return:  1.00
 train_exploration_epsilon: 0.100
 train_frame_rate:  148
I1001 23:47:06.949583 47277781804864 run_miniworld.py:238] Data collection iteration 116.
I1001 23:49:56.083346 47277781804864 run_miniworld.py:245] Evaluation iteration 116.
I1001 23:50:07.886791 47277781804864 run_miniworld.py:262] iteration: 116
 frame: 2900000
 eval_episode_return:  1.00
 train_episode_return:  1.00
 train_exploration_epsilon: 0.100
 train_frame_rate:  148
I1001 23:50:08.218825 47277781804864 run_miniworld.py:238] Data collection iteration 117.
I1001 23:52:56.667233 47277781804864 run_miniworld.py:245] Evaluation iteration 117.
I1001 23:53:08.374405 47277781804864 run_miniworld.py:262] iteration: 117
 frame: 2925000
 eval_episode_return:  1.00
 train_episode_return:  1.00
 train_exploration_epsilon: 0.100
 train_frame_rate:  148
I1001 23:53:08.702716 47277781804864 run_miniworld.py:238] Data collection iteration 118.
I1001 23:55:55.961662 47277781804864 run_miniworld.py:245] Evaluation iteration 118.
I1001 23:56:07.194811 47277781804864 run_miniworld.py:262] iteration: 118
 frame: 2950000
 eval_episode_return:  1.00
 train_episode_return:  0.99
 train_exploration_epsilon: 0.100
 train_frame_rate:  149
I1001 23:56:07.522871 47277781804864 run_miniworld.py:238] Data collection iteration 119.
I1001 23:58:55.772590 47277781804864 run_miniworld.py:245] Evaluation iteration 119.
I1001 23:59:07.713729 47277781804864 run_miniworld.py:262] iteration: 119
 frame: 2975000
 eval_episode_return:  1.00
 train_episode_return:  1.00
 train_exploration_epsilon: 0.100
 train_frame_rate:  149
I1001 23:59:08.043929 47277781804864 run_miniworld.py:238] Data collection iteration 120.
I1002 00:01:54.674835 47277781804864 run_miniworld.py:245] Evaluation iteration 120.
I1002 00:02:05.845211 47277781804864 run_miniworld.py:262] iteration: 120
 frame: 3000000
 eval_episode_return:  1.00
 train_episode_return:  1.00
 train_exploration_epsilon: 0.100
 train_frame_rate:  150
I1002 00:02:06.180265 47277781804864 run_miniworld.py:238] Data collection iteration 121.
I1002 00:04:53.781944 47277781804864 run_miniworld.py:245] Evaluation iteration 121.
I1002 00:05:05.169873 47277781804864 run_miniworld.py:262] iteration: 121
 frame: 3025000
 eval_episode_return:  1.00
 train_episode_return:  1.00
 train_exploration_epsilon: 0.100
 train_frame_rate:  149
I1002 00:05:05.497606 47277781804864 run_miniworld.py:238] Data collection iteration 122.
I1002 00:07:54.083074 47277781804864 run_miniworld.py:245] Evaluation iteration 122.
I1002 00:08:05.595440 47277781804864 run_miniworld.py:262] iteration: 122
 frame: 3050000
 eval_episode_return:  1.00
 train_episode_return:  1.00
 train_exploration_epsilon: 0.100
 train_frame_rate:  148
I1002 00:08:05.926002 47277781804864 run_miniworld.py:238] Data collection iteration 123.
I1002 00:10:51.877409 47277781804864 run_miniworld.py:245] Evaluation iteration 123.
I1002 00:11:03.211629 47277781804864 run_miniworld.py:262] iteration: 123
 frame: 3075000
 eval_episode_return:  1.00
 train_episode_return:  1.00
 train_exploration_epsilon: 0.100
 train_frame_rate:  151
I1002 00:11:03.546332 47277781804864 run_miniworld.py:238] Data collection iteration 124.
I1002 00:13:50.471890 47277781804864 run_miniworld.py:245] Evaluation iteration 124.
I1002 00:14:01.629051 47277781804864 run_miniworld.py:262] iteration: 124
 frame: 3100000
 eval_episode_return:  1.00
 train_episode_return:  1.00
 train_exploration_epsilon: 0.100
 train_frame_rate:  150
I1002 00:14:01.958206 47277781804864 run_miniworld.py:238] Data collection iteration 125.
I1002 00:16:50.651619 47277781804864 run_miniworld.py:245] Evaluation iteration 125.
I1002 00:17:02.076750 47277781804864 run_miniworld.py:262] iteration: 125
 frame: 3125000
 eval_episode_return:  1.00
 train_episode_return:  1.00
 train_exploration_epsilon: 0.100
 train_frame_rate:  148
I1002 00:17:02.408521 47277781804864 run_miniworld.py:238] Data collection iteration 126.
I1002 00:19:49.909986 47277781804864 run_miniworld.py:245] Evaluation iteration 126.
I1002 00:20:01.039458 47277781804864 run_miniworld.py:262] iteration: 126
 frame: 3150000
 eval_episode_return:  1.00
 train_episode_return:  1.00
 train_exploration_epsilon: 0.100
 train_frame_rate:  149
I1002 00:20:01.377137 47277781804864 run_miniworld.py:238] Data collection iteration 127.
I1002 00:22:49.046262 47277781804864 run_miniworld.py:245] Evaluation iteration 127.
I1002 00:23:00.585928 47277781804864 run_miniworld.py:262] iteration: 127
 frame: 3175000
 eval_episode_return:  1.00
 train_episode_return:  1.00
 train_exploration_epsilon: 0.100
 train_frame_rate:  149
I1002 00:23:00.911215 47277781804864 run_miniworld.py:238] Data collection iteration 128.
I1002 00:25:47.941219 47277781804864 run_miniworld.py:245] Evaluation iteration 128.
I1002 00:25:59.326044 47277781804864 run_miniworld.py:262] iteration: 128
 frame: 3200000
 eval_episode_return:  1.00
 train_episode_return:  1.00
 train_exploration_epsilon: 0.100
 train_frame_rate:  150
I1002 00:25:59.657466 47277781804864 run_miniworld.py:238] Data collection iteration 129.
I1002 00:28:47.605530 47277781804864 run_miniworld.py:245] Evaluation iteration 129.
I1002 00:28:59.410066 47277781804864 run_miniworld.py:262] iteration: 129
 frame: 3225000
 eval_episode_return:  1.00
 train_episode_return:  1.00
 train_exploration_epsilon: 0.100
 train_frame_rate:  149
I1002 00:28:59.738291 47277781804864 run_miniworld.py:238] Data collection iteration 130.
I1002 00:31:47.264147 47277781804864 run_miniworld.py:245] Evaluation iteration 130.
I1002 00:31:58.588751 47277781804864 run_miniworld.py:262] iteration: 130
 frame: 3250000
 eval_episode_return:  1.00
 train_episode_return:  1.00
 train_exploration_epsilon: 0.100
 train_frame_rate:  149
I1002 00:31:58.912650 47277781804864 run_miniworld.py:238] Data collection iteration 131.
I1002 00:34:45.465543 47277781804864 run_miniworld.py:245] Evaluation iteration 131.
I1002 00:34:56.994613 47277781804864 run_miniworld.py:262] iteration: 131
 frame: 3275000
 eval_episode_return:  1.00
 train_episode_return:  1.00
 train_exploration_epsilon: 0.100
 train_frame_rate:  150
I1002 00:34:57.327172 47277781804864 run_miniworld.py:238] Data collection iteration 132.
I1002 00:37:44.787840 47277781804864 run_miniworld.py:245] Evaluation iteration 132.
I1002 00:37:56.322384 47277781804864 run_miniworld.py:262] iteration: 132
 frame: 3300000
 eval_episode_return:  1.00
 train_episode_return:  1.00
 train_exploration_epsilon: 0.100
 train_frame_rate:  149
I1002 00:37:56.649494 47277781804864 run_miniworld.py:238] Data collection iteration 133.
I1002 00:40:44.279137 47277781804864 run_miniworld.py:245] Evaluation iteration 133.
I1002 00:40:55.857561 47277781804864 run_miniworld.py:262] iteration: 133
 frame: 3325000
 eval_episode_return:  1.00
 train_episode_return:  1.00
 train_exploration_epsilon: 0.100
 train_frame_rate:  149
I1002 00:40:56.190085 47277781804864 run_miniworld.py:238] Data collection iteration 134.
I1002 00:43:42.847224 47277781804864 run_miniworld.py:245] Evaluation iteration 134.
I1002 00:43:54.490512 47277781804864 run_miniworld.py:262] iteration: 134
 frame: 3350000
 eval_episode_return:  1.00
 train_episode_return:  1.00
 train_exploration_epsilon: 0.100
 train_frame_rate:  150
I1002 00:43:54.816965 47277781804864 run_miniworld.py:238] Data collection iteration 135.
I1002 00:46:42.570267 47277781804864 run_miniworld.py:245] Evaluation iteration 135.
I1002 00:46:54.533228 47277781804864 run_miniworld.py:262] iteration: 135
 frame: 3375000
 eval_episode_return:  1.00
 train_episode_return:  1.00
 train_exploration_epsilon: 0.100
 train_frame_rate:  149
I1002 00:46:54.859398 47277781804864 run_miniworld.py:238] Data collection iteration 136.
I1002 00:49:42.226597 47277781804864 run_miniworld.py:245] Evaluation iteration 136.
I1002 00:49:53.923521 47277781804864 run_miniworld.py:262] iteration: 136
 frame: 3400000
 eval_episode_return:  1.00
 train_episode_return:  1.00
 train_exploration_epsilon: 0.100
 train_frame_rate:  149
I1002 00:49:54.260151 47277781804864 run_miniworld.py:238] Data collection iteration 137.
I1002 00:52:42.597050 47277781804864 run_miniworld.py:245] Evaluation iteration 137.
I1002 00:52:54.292581 47277781804864 run_miniworld.py:262] iteration: 137
 frame: 3425000
 eval_episode_return:  1.00
 train_episode_return:  1.00
 train_exploration_epsilon: 0.100
 train_frame_rate:  149
I1002 00:52:54.630958 47277781804864 run_miniworld.py:238] Data collection iteration 138.
I1002 00:55:44.044426 47277781804864 run_miniworld.py:245] Evaluation iteration 138.
I1002 00:55:55.881718 47277781804864 run_miniworld.py:262] iteration: 138
 frame: 3450000
 eval_episode_return:  1.00
 train_episode_return:  1.00
 train_exploration_epsilon: 0.100
 train_frame_rate:  148
I1002 00:55:56.216891 47277781804864 run_miniworld.py:238] Data collection iteration 139.
I1002 00:58:43.743052 47277781804864 run_miniworld.py:245] Evaluation iteration 139.
I1002 00:58:55.076900 47277781804864 run_miniworld.py:262] iteration: 139
 frame: 3475000
 eval_episode_return:  1.00
 train_episode_return:  1.00
 train_exploration_epsilon: 0.100
 train_frame_rate:  149
I1002 00:58:55.395823 47277781804864 run_miniworld.py:238] Data collection iteration 140.
I1002 01:01:41.795742 47277781804864 run_miniworld.py:245] Evaluation iteration 140.
I1002 01:01:53.534841 47277781804864 run_miniworld.py:262] iteration: 140
 frame: 3500000
 eval_episode_return:  1.00
 train_episode_return:  1.00
 train_exploration_epsilon: 0.100
 train_frame_rate:  150
I1002 01:01:53.870364 47277781804864 run_miniworld.py:238] Data collection iteration 141.
I1002 01:04:40.219414 47277781804864 run_miniworld.py:245] Evaluation iteration 141.
I1002 01:04:51.557642 47277781804864 run_miniworld.py:262] iteration: 141
 frame: 3525000
 eval_episode_return:  1.00
 train_episode_return:  1.00
 train_exploration_epsilon: 0.100
 train_frame_rate:  150
I1002 01:04:51.882084 47277781804864 run_miniworld.py:238] Data collection iteration 142.
I1002 01:07:39.675649 47277781804864 run_miniworld.py:245] Evaluation iteration 142.
I1002 01:07:51.736778 47277781804864 run_miniworld.py:262] iteration: 142
 frame: 3550000
 eval_episode_return:  1.00
 train_episode_return:  1.00
 train_exploration_epsilon: 0.100
 train_frame_rate:  149
I1002 01:07:52.060106 47277781804864 run_miniworld.py:238] Data collection iteration 143.
I1002 01:10:38.982302 47277781804864 run_miniworld.py:245] Evaluation iteration 143.
I1002 01:10:50.664311 47277781804864 run_miniworld.py:262] iteration: 143
 frame: 3575000
 eval_episode_return:  1.00
 train_episode_return:  1.00
 train_exploration_epsilon: 0.100
 train_frame_rate:  150
I1002 01:10:51.001361 47277781804864 run_miniworld.py:238] Data collection iteration 144.
I1002 01:13:39.132860 47277781804864 run_miniworld.py:245] Evaluation iteration 144.
I1002 01:13:50.563391 47277781804864 run_miniworld.py:262] iteration: 144
 frame: 3600000
 eval_episode_return:  1.00
 train_episode_return:  1.00
 train_exploration_epsilon: 0.100
 train_frame_rate:  149
I1002 01:13:50.891023 47277781804864 run_miniworld.py:238] Data collection iteration 145.
I1002 01:16:34.070925 47277781804864 run_miniworld.py:245] Evaluation iteration 145.
I1002 01:16:45.613866 47277781804864 run_miniworld.py:262] iteration: 145
 frame: 3625000
 eval_episode_return:  1.00
 train_episode_return:  1.00
 train_exploration_epsilon: 0.100
 train_frame_rate:  153
I1002 01:16:45.931568 47277781804864 run_miniworld.py:238] Data collection iteration 146.
I1002 01:19:21.977597 47277781804864 run_miniworld.py:245] Evaluation iteration 146.
I1002 01:19:33.423982 47277781804864 run_miniworld.py:262] iteration: 146
 frame: 3650000
 eval_episode_return:  1.00
 train_episode_return:  1.00
 train_exploration_epsilon: 0.100
 train_frame_rate:  160
I1002 01:19:33.743045 47277781804864 run_miniworld.py:238] Data collection iteration 147.
I1002 01:22:09.424002 47277781804864 run_miniworld.py:245] Evaluation iteration 147.
I1002 01:22:20.998275 47277781804864 run_miniworld.py:262] iteration: 147
 frame: 3675000
 eval_episode_return:  1.00
 train_episode_return:  1.00
 train_exploration_epsilon: 0.100
 train_frame_rate:  161
I1002 01:22:21.315908 47277781804864 run_miniworld.py:238] Data collection iteration 148.
I1002 01:24:56.958148 47277781804864 run_miniworld.py:245] Evaluation iteration 148.
I1002 01:25:06.706642 47277781804864 run_miniworld.py:262] iteration: 148
 frame: 3700000
 eval_episode_return:  0.89
 train_episode_return:  1.00
 train_exploration_epsilon: 0.100
 train_frame_rate:  161
I1002 01:25:07.020777 47277781804864 run_miniworld.py:238] Data collection iteration 149.
I1002 01:27:46.395885 47277781804864 run_miniworld.py:245] Evaluation iteration 149.
I1002 01:27:57.675392 47277781804864 run_miniworld.py:262] iteration: 149
 frame: 3725000
 eval_episode_return:  1.00
 train_episode_return:  1.00
 train_exploration_epsilon: 0.100
 train_frame_rate:  157
I1002 01:27:57.996721 47277781804864 run_miniworld.py:238] Data collection iteration 150.
I1002 01:30:38.499410 47277781804864 run_miniworld.py:245] Evaluation iteration 150.
I1002 01:30:49.585476 47277781804864 run_miniworld.py:262] iteration: 150
 frame: 3750000
 eval_episode_return:  1.00
 train_episode_return:  0.99
 train_exploration_epsilon: 0.100
 train_frame_rate:  156
I1002 01:30:49.909255 47277781804864 run_miniworld.py:238] Data collection iteration 151.
I1002 01:33:33.234501 47277781804864 run_miniworld.py:245] Evaluation iteration 151.
I1002 01:33:44.731050 47277781804864 run_miniworld.py:262] iteration: 151
 frame: 3775000
 eval_episode_return:  1.00
 train_episode_return:  1.00
 train_exploration_epsilon: 0.100
 train_frame_rate:  153
I1002 01:33:45.048283 47277781804864 run_miniworld.py:238] Data collection iteration 152.
I1002 01:36:27.255077 47277781804864 run_miniworld.py:245] Evaluation iteration 152.
I1002 01:36:38.669739 47277781804864 run_miniworld.py:262] iteration: 152
 frame: 3800000
 eval_episode_return:  1.00
 train_episode_return:  1.00
 train_exploration_epsilon: 0.100
 train_frame_rate:  154
I1002 01:36:38.991172 47277781804864 run_miniworld.py:238] Data collection iteration 153.
I1002 01:39:21.341348 47277781804864 run_miniworld.py:245] Evaluation iteration 153.
I1002 01:39:32.835396 47277781804864 run_miniworld.py:262] iteration: 153
 frame: 3825000
 eval_episode_return:  1.00
 train_episode_return:  1.00
 train_exploration_epsilon: 0.100
 train_frame_rate:  154
I1002 01:39:33.156352 47277781804864 run_miniworld.py:238] Data collection iteration 154.
I1002 01:42:13.682840 47277781804864 run_miniworld.py:245] Evaluation iteration 154.
I1002 01:42:24.767046 47277781804864 run_miniworld.py:262] iteration: 154
 frame: 3850000
 eval_episode_return:  1.00
 train_episode_return:  1.00
 train_exploration_epsilon: 0.100
 train_frame_rate:  156
I1002 01:42:25.084863 47277781804864 run_miniworld.py:238] Data collection iteration 155.
I1002 01:45:06.174571 47277781804864 run_miniworld.py:245] Evaluation iteration 155.
I1002 01:45:18.052634 47277781804864 run_miniworld.py:262] iteration: 155
 frame: 3875000
 eval_episode_return:  1.00
 train_episode_return:  1.00
 train_exploration_epsilon: 0.100
 train_frame_rate:  155
I1002 01:45:18.374017 47277781804864 run_miniworld.py:238] Data collection iteration 156.
I1002 01:47:59.802913 47277781804864 run_miniworld.py:245] Evaluation iteration 156.
I1002 01:48:11.446142 47277781804864 run_miniworld.py:262] iteration: 156
 frame: 3900000
 eval_episode_return:  1.00
 train_episode_return:  1.00
 train_exploration_epsilon: 0.100
 train_frame_rate:  155
I1002 01:48:11.762347 47277781804864 run_miniworld.py:238] Data collection iteration 157.
I1002 01:50:51.486688 47277781804864 run_miniworld.py:245] Evaluation iteration 157.
I1002 01:51:02.716910 47277781804864 run_miniworld.py:262] iteration: 157
 frame: 3925000
 eval_episode_return:  1.00
 train_episode_return:  1.00
 train_exploration_epsilon: 0.100
 train_frame_rate:  157
I1002 01:51:03.035126 47277781804864 run_miniworld.py:238] Data collection iteration 158.
I1002 01:53:43.143296 47277781804864 run_miniworld.py:245] Evaluation iteration 158.
I1002 01:53:54.286893 47277781804864 run_miniworld.py:262] iteration: 158
 frame: 3950000
 eval_episode_return:  1.00
 train_episode_return:  1.00
 train_exploration_epsilon: 0.100
 train_frame_rate:  156
I1002 01:53:54.604799 47277781804864 run_miniworld.py:238] Data collection iteration 159.
I1002 01:56:34.782219 47277781804864 run_miniworld.py:245] Evaluation iteration 159.
I1002 01:56:46.138139 47277781804864 run_miniworld.py:262] iteration: 159
 frame: 3975000
 eval_episode_return:  1.00
 train_episode_return:  1.00
 train_exploration_epsilon: 0.100
 train_frame_rate:  156
I1002 01:56:46.451525 47277781804864 run_miniworld.py:238] Data collection iteration 160.
I1002 01:59:27.159739 47277781804864 run_miniworld.py:245] Evaluation iteration 160.
I1002 01:59:38.394581 47277781804864 run_miniworld.py:262] iteration: 160
 frame: 4000000
 eval_episode_return:  1.00
 train_episode_return:  1.00
 train_exploration_epsilon: 0.100
 train_frame_rate:  156
I1002 01:59:38.721565 47277781804864 run_miniworld.py:238] Data collection iteration 161.
I1002 02:02:19.050503 47277781804864 run_miniworld.py:245] Evaluation iteration 161.
I1002 02:02:30.484768 47277781804864 run_miniworld.py:262] iteration: 161
 frame: 4025000
 eval_episode_return:  1.00
 train_episode_return:  1.00
 train_exploration_epsilon: 0.100
 train_frame_rate:  156
I1002 02:02:30.797930 47277781804864 run_miniworld.py:238] Data collection iteration 162.
I1002 02:05:12.766308 47277781804864 run_miniworld.py:245] Evaluation iteration 162.
I1002 02:05:24.617199 47277781804864 run_miniworld.py:262] iteration: 162
 frame: 4050000
 eval_episode_return:  1.00
 train_episode_return:  1.00
 train_exploration_epsilon: 0.100
 train_frame_rate:  154
I1002 02:05:24.925654 47277781804864 run_miniworld.py:238] Data collection iteration 163.
I1002 02:08:06.151035 47277781804864 run_miniworld.py:245] Evaluation iteration 163.
I1002 02:08:17.616783 47277781804864 run_miniworld.py:262] iteration: 163
 frame: 4075000
 eval_episode_return:  1.00
 train_episode_return:  1.00
 train_exploration_epsilon: 0.100
 train_frame_rate:  155
I1002 02:08:17.935922 47277781804864 run_miniworld.py:238] Data collection iteration 164.
I1002 02:11:00.078121 47277781804864 run_miniworld.py:245] Evaluation iteration 164.
I1002 02:11:11.791288 47277781804864 run_miniworld.py:262] iteration: 164
 frame: 4100000
 eval_episode_return:  1.00
 train_episode_return:  1.00
 train_exploration_epsilon: 0.100
 train_frame_rate:  154
I1002 02:11:12.105289 47277781804864 run_miniworld.py:238] Data collection iteration 165.
I1002 02:13:54.807821 47277781804864 run_miniworld.py:245] Evaluation iteration 165.
I1002 02:14:06.298323 47277781804864 run_miniworld.py:262] iteration: 165
 frame: 4125000
 eval_episode_return:  1.00
 train_episode_return:  1.00
 train_exploration_epsilon: 0.100
 train_frame_rate:  154
I1002 02:14:06.613672 47277781804864 run_miniworld.py:238] Data collection iteration 166.
I1002 02:16:47.466652 47277781804864 run_miniworld.py:245] Evaluation iteration 166.
I1002 02:16:58.565342 47277781804864 run_miniworld.py:262] iteration: 166
 frame: 4150000
 eval_episode_return:  1.00
 train_episode_return:  1.00
 train_exploration_epsilon: 0.100
 train_frame_rate:  155
I1002 02:16:58.877413 47277781804864 run_miniworld.py:238] Data collection iteration 167.
I1002 02:19:40.653722 47277781804864 run_miniworld.py:245] Evaluation iteration 167.
I1002 02:19:52.059350 47277781804864 run_miniworld.py:262] iteration: 167
 frame: 4175000
 eval_episode_return:  1.00
 train_episode_return:  1.00
 train_exploration_epsilon: 0.100
 train_frame_rate:  155
I1002 02:19:52.371320 47277781804864 run_miniworld.py:238] Data collection iteration 168.
I1002 02:22:46.550935 47277781804864 run_miniworld.py:245] Evaluation iteration 168.
I1002 02:22:57.699457 47277781804864 run_miniworld.py:262] iteration: 168
 frame: 4200000
 eval_episode_return:  1.00
 train_episode_return:  1.00
 train_exploration_epsilon: 0.100
 train_frame_rate:  144
I1002 02:22:58.008402 47277781804864 run_miniworld.py:238] Data collection iteration 169.
I1002 02:25:37.785686 47277781804864 run_miniworld.py:245] Evaluation iteration 169.
I1002 02:25:48.942914 47277781804864 run_miniworld.py:262] iteration: 169
 frame: 4225000
 eval_episode_return:  1.00
 train_episode_return:  1.00
 train_exploration_epsilon: 0.100
 train_frame_rate:  156
I1002 02:25:49.253014 47277781804864 run_miniworld.py:238] Data collection iteration 170.
I1002 02:28:29.783387 47277781804864 run_miniworld.py:245] Evaluation iteration 170.
I1002 02:28:41.304983 47277781804864 run_miniworld.py:262] iteration: 170
 frame: 4250000
 eval_episode_return:  1.00
 train_episode_return:  1.00
 train_exploration_epsilon: 0.100
 train_frame_rate:  156
I1002 02:28:41.614596 47277781804864 run_miniworld.py:238] Data collection iteration 171.
I1002 02:31:21.386395 47277781804864 run_miniworld.py:245] Evaluation iteration 171.
I1002 02:31:32.534353 47277781804864 run_miniworld.py:262] iteration: 171
 frame: 4275000
 eval_episode_return:  1.00
 train_episode_return:  1.00
 train_exploration_epsilon: 0.100
 train_frame_rate:  156
I1002 02:31:32.843832 47277781804864 run_miniworld.py:238] Data collection iteration 172.
I1002 02:34:13.548524 47277781804864 run_miniworld.py:245] Evaluation iteration 172.
I1002 02:34:25.130194 47277781804864 run_miniworld.py:262] iteration: 172
 frame: 4300000
 eval_episode_return:  1.00
 train_episode_return:  1.00
 train_exploration_epsilon: 0.100
 train_frame_rate:  156
I1002 02:34:25.439635 47277781804864 run_miniworld.py:238] Data collection iteration 173.
I1002 02:37:06.772585 47277781804864 run_miniworld.py:245] Evaluation iteration 173.
I1002 02:37:18.196787 47277781804864 run_miniworld.py:262] iteration: 173
 frame: 4325000
 eval_episode_return:  1.00
 train_episode_return:  1.00
 train_exploration_epsilon: 0.100
 train_frame_rate:  155
I1002 02:37:18.504473 47277781804864 run_miniworld.py:238] Data collection iteration 174.
I1002 02:39:59.443427 47277781804864 run_miniworld.py:245] Evaluation iteration 174.
I1002 02:40:11.136957 47277781804864 run_miniworld.py:262] iteration: 174
 frame: 4350000
 eval_episode_return:  1.00
 train_episode_return:  1.00
 train_exploration_epsilon: 0.100
 train_frame_rate:  155
I1002 02:40:11.450694 47277781804864 run_miniworld.py:238] Data collection iteration 175.
I1002 02:42:51.672503 47277781804864 run_miniworld.py:245] Evaluation iteration 175.
I1002 02:43:03.109050 47277781804864 run_miniworld.py:262] iteration: 175
 frame: 4375000
 eval_episode_return:  1.00
 train_episode_return:  1.00
 train_exploration_epsilon: 0.100
 train_frame_rate:  156
I1002 02:43:03.422019 47277781804864 run_miniworld.py:238] Data collection iteration 176.
I1002 02:45:43.270786 47277781804864 run_miniworld.py:245] Evaluation iteration 176.
I1002 02:45:54.595572 47277781804864 run_miniworld.py:262] iteration: 176
 frame: 4400000
 eval_episode_return:  1.00
 train_episode_return:  1.00
 train_exploration_epsilon: 0.100
 train_frame_rate:  156
I1002 02:45:54.908897 47277781804864 run_miniworld.py:238] Data collection iteration 177.
I1002 02:48:35.844285 47277781804864 run_miniworld.py:245] Evaluation iteration 177.
I1002 02:48:47.743059 47277781804864 run_miniworld.py:262] iteration: 177
 frame: 4425000
 eval_episode_return:  1.00
 train_episode_return:  1.00
 train_exploration_epsilon: 0.100
 train_frame_rate:  155
I1002 02:48:48.053478 47277781804864 run_miniworld.py:238] Data collection iteration 178.
I1002 02:51:29.370986 47277781804864 run_miniworld.py:245] Evaluation iteration 178.
I1002 02:51:41.367569 47277781804864 run_miniworld.py:262] iteration: 178
 frame: 4450000
 eval_episode_return:  1.00
 train_episode_return:  1.00
 train_exploration_epsilon: 0.100
 train_frame_rate:  155
I1002 02:51:41.678465 47277781804864 run_miniworld.py:238] Data collection iteration 179.
I1002 02:54:21.708359 47277781804864 run_miniworld.py:245] Evaluation iteration 179.
I1002 02:54:33.089587 47277781804864 run_miniworld.py:262] iteration: 179
 frame: 4475000
 eval_episode_return:  1.00
 train_episode_return:  1.00
 train_exploration_epsilon: 0.100
 train_frame_rate:  156
I1002 02:54:33.395503 47277781804864 run_miniworld.py:238] Data collection iteration 180.
I1002 02:57:13.769919 47277781804864 run_miniworld.py:245] Evaluation iteration 180.
I1002 02:57:25.122179 47277781804864 run_miniworld.py:262] iteration: 180
 frame: 4500000
 eval_episode_return:  1.00
 train_episode_return:  1.00
 train_exploration_epsilon: 0.100
 train_frame_rate:  156
I1002 02:57:25.519889 47277781804864 run_miniworld.py:238] Data collection iteration 181.
I1002 03:00:04.588356 47277781804864 run_miniworld.py:245] Evaluation iteration 181.
I1002 03:00:15.712421 47277781804864 run_miniworld.py:262] iteration: 181
 frame: 4525000
 eval_episode_return:  1.00
 train_episode_return:  1.00
 train_exploration_epsilon: 0.100
 train_frame_rate:  157
I1002 03:00:16.022112 47277781804864 run_miniworld.py:238] Data collection iteration 182.
I1002 03:02:55.948292 47277781804864 run_miniworld.py:245] Evaluation iteration 182.
I1002 03:03:07.422133 47277781804864 run_miniworld.py:262] iteration: 182
 frame: 4550000
 eval_episode_return:  1.00
 train_episode_return:  1.00
 train_exploration_epsilon: 0.100
 train_frame_rate:  156
I1002 03:03:07.736402 47277781804864 run_miniworld.py:238] Data collection iteration 183.
I1002 03:05:47.708397 47277781804864 run_miniworld.py:245] Evaluation iteration 183.
I1002 03:05:58.846594 47277781804864 run_miniworld.py:262] iteration: 183
 frame: 4575000
 eval_episode_return:  1.00
 train_episode_return:  1.00
 train_exploration_epsilon: 0.100
 train_frame_rate:  156
I1002 03:05:59.166735 47277781804864 run_miniworld.py:238] Data collection iteration 184.
I1002 03:08:39.646050 47277781804864 run_miniworld.py:245] Evaluation iteration 184.
I1002 03:08:51.372177 47277781804864 run_miniworld.py:262] iteration: 184
 frame: 4600000
 eval_episode_return:  1.00
 train_episode_return:  1.00
 train_exploration_epsilon: 0.100
 train_frame_rate:  156
I1002 03:08:51.682981 47277781804864 run_miniworld.py:238] Data collection iteration 185.
I1002 03:11:31.844593 47277781804864 run_miniworld.py:245] Evaluation iteration 185.
I1002 03:11:43.012186 47277781804864 run_miniworld.py:262] iteration: 185
 frame: 4625000
 eval_episode_return:  1.00
 train_episode_return:  1.00
 train_exploration_epsilon: 0.100
 train_frame_rate:  156
I1002 03:11:43.319405 47277781804864 run_miniworld.py:238] Data collection iteration 186.
I1002 03:14:23.444789 47277781804864 run_miniworld.py:245] Evaluation iteration 186.
I1002 03:14:35.011865 47277781804864 run_miniworld.py:262] iteration: 186
 frame: 4650000
 eval_episode_return:  1.00
 train_episode_return:  1.00
 train_exploration_epsilon: 0.100
 train_frame_rate:  156
I1002 03:14:35.323203 47277781804864 run_miniworld.py:238] Data collection iteration 187.
I1002 03:17:16.617253 47277781804864 run_miniworld.py:245] Evaluation iteration 187.
I1002 03:17:28.276052 47277781804864 run_miniworld.py:262] iteration: 187
 frame: 4675000
 eval_episode_return:  1.00
 train_episode_return:  1.00
 train_exploration_epsilon: 0.100
 train_frame_rate:  155
I1002 03:17:28.591927 47277781804864 run_miniworld.py:238] Data collection iteration 188.
I1002 03:20:05.829051 47277781804864 run_miniworld.py:245] Evaluation iteration 188.
I1002 03:20:17.178459 47277781804864 run_miniworld.py:262] iteration: 188
 frame: 4700000
 eval_episode_return:  1.00
 train_episode_return:  1.00
 train_exploration_epsilon: 0.100
 train_frame_rate:  159
I1002 03:20:17.488874 47277781804864 run_miniworld.py:238] Data collection iteration 189.
I1002 03:22:59.356348 47277781804864 run_miniworld.py:245] Evaluation iteration 189.
I1002 03:23:11.032425 47277781804864 run_miniworld.py:262] iteration: 189
 frame: 4725000
 eval_episode_return:  1.00
 train_episode_return:  1.00
 train_exploration_epsilon: 0.100
 train_frame_rate:  154
I1002 03:23:11.346767 47277781804864 run_miniworld.py:238] Data collection iteration 190.
I1002 03:25:54.219864 47277781804864 run_miniworld.py:245] Evaluation iteration 190.
I1002 03:26:05.456035 47277781804864 run_miniworld.py:262] iteration: 190
 frame: 4750000
 eval_episode_return:  1.00
 train_episode_return:  1.00
 train_exploration_epsilon: 0.100
 train_frame_rate:  153
I1002 03:26:05.769570 47277781804864 run_miniworld.py:238] Data collection iteration 191.
I1002 03:28:48.947307 47277781804864 run_miniworld.py:245] Evaluation iteration 191.
I1002 03:29:07.162219 47277781804864 run_miniworld.py:262] iteration: 191
 frame: 4775000
 eval_episode_return:  1.00
 train_episode_return:  1.00
 train_exploration_epsilon: 0.100
 train_frame_rate:  153
I1002 03:29:07.475765 47277781804864 run_miniworld.py:238] Data collection iteration 192.
I1002 03:31:49.469682 47277781804864 run_miniworld.py:245] Evaluation iteration 192.
I1002 03:32:00.670476 47277781804864 run_miniworld.py:262] iteration: 192
 frame: 4800000
 eval_episode_return:  1.00
 train_episode_return:  1.00
 train_exploration_epsilon: 0.100
 train_frame_rate:  154
I1002 03:32:00.989674 47277781804864 run_miniworld.py:238] Data collection iteration 193.
I1002 03:34:43.445833 47277781804864 run_miniworld.py:245] Evaluation iteration 193.
I1002 03:34:54.959798 47277781804864 run_miniworld.py:262] iteration: 193
 frame: 4825000
 eval_episode_return:  1.00
 train_episode_return:  1.00
 train_exploration_epsilon: 0.100
 train_frame_rate:  154
I1002 03:34:55.277935 47277781804864 run_miniworld.py:238] Data collection iteration 194.
I1002 03:37:37.145643 47277781804864 run_miniworld.py:245] Evaluation iteration 194.
I1002 03:37:48.486371 47277781804864 run_miniworld.py:262] iteration: 194
 frame: 4850000
 eval_episode_return:  1.00
 train_episode_return:  1.00
 train_exploration_epsilon: 0.100
 train_frame_rate:  154
I1002 03:37:48.799236 47277781804864 run_miniworld.py:238] Data collection iteration 195.
I1002 03:40:29.340174 47277781804864 run_miniworld.py:245] Evaluation iteration 195.
I1002 03:40:40.491582 47277781804864 run_miniworld.py:262] iteration: 195
 frame: 4875000
 eval_episode_return:  1.00
 train_episode_return:  1.00
 train_exploration_epsilon: 0.100
 train_frame_rate:  156
I1002 03:40:40.801923 47277781804864 run_miniworld.py:238] Data collection iteration 196.
I1002 03:43:21.868435 47277781804864 run_miniworld.py:245] Evaluation iteration 196.
I1002 03:43:33.008214 47277781804864 run_miniworld.py:262] iteration: 196
 frame: 4900000
 eval_episode_return:  1.00
 train_episode_return:  1.00
 train_exploration_epsilon: 0.100
 train_frame_rate:  155
I1002 03:43:33.320141 47277781804864 run_miniworld.py:238] Data collection iteration 197.
I1002 03:46:13.894936 47277781804864 run_miniworld.py:245] Evaluation iteration 197.
I1002 03:46:25.619740 47277781804864 run_miniworld.py:262] iteration: 197
 frame: 4925000
 eval_episode_return:  1.00
 train_episode_return:  1.00
 train_exploration_epsilon: 0.100
 train_frame_rate:  156
I1002 03:46:25.934332 47277781804864 run_miniworld.py:238] Data collection iteration 198.
I1002 03:49:06.674916 47277781804864 run_miniworld.py:245] Evaluation iteration 198.
I1002 03:49:18.119662 47277781804864 run_miniworld.py:262] iteration: 198
 frame: 4950000
 eval_episode_return:  1.00
 train_episode_return:  1.00
 train_exploration_epsilon: 0.100
 train_frame_rate:  156
I1002 03:49:18.435155 47277781804864 run_miniworld.py:238] Data collection iteration 199.
I1002 03:51:59.907881 47277781804864 run_miniworld.py:245] Evaluation iteration 199.
I1002 03:52:11.860771 47277781804864 run_miniworld.py:262] iteration: 199
 frame: 4975000
 eval_episode_return:  1.00
 train_episode_return:  1.00
 train_exploration_epsilon: 0.100
 train_frame_rate:  155
I1002 03:52:12.177397 47277781804864 run_miniworld.py:238] Data collection iteration 200.
I1002 03:54:52.303479 47277781804864 run_miniworld.py:245] Evaluation iteration 200.
I1002 03:55:03.541742 47277781804864 run_miniworld.py:262] iteration: 200
 frame: 5000000
 eval_episode_return:  1.00
 train_episode_return:  1.00
 train_exploration_epsilon: 0.100
 train_frame_rate:  156
Falling back to num_samples=1
Falling back to num_samples=1
Falling back to num_samples=1
Falling back to num_samples=1
Falling back to num_samples=1
Falling back to num_samples=1
Falling back to num_samples=1
Falling back to num_samples=1
Falling back to num_samples=1
Falling back to num_samples=1
Falling back to num_samples=1
Falling back to num_samples=1
Falling back to num_samples=1
Falling back to num_samples=1
Falling back to num_samples=1
Falling back to num_samples=1
Falling back to num_samples=1
Falling back to num_samples=1
Falling back to num_samples=1
Falling back to num_samples=1
Falling back to num_samples=1
Falling back to num_samples=1
Falling back to num_samples=1
Falling back to num_samples=1
Falling back to num_samples=1
Falling back to num_samples=1
Falling back to num_samples=1
Falling back to num_samples=1
Falling back to num_samples=1
Falling back to num_samples=1
Falling back to num_samples=1
Falling back to num_samples=1
Falling back to num_samples=1
Falling back to num_samples=1
Falling back to num_samples=1
Falling back to num_samples=1
Falling back to num_samples=1
Falling back to num_samples=1
Falling back to num_samples=1
Falling back to num_samples=1
Falling back to num_samples=1
Falling back to num_samples=1
Falling back to num_samples=1
Falling back to num_samples=1
Falling back to num_samples=1
Falling back to num_samples=1
Falling back to num_samples=1
Falling back to num_samples=1
Falling back to num_samples=1
Falling back to num_samples=1
Falling back to num_samples=1
Falling back to num_samples=1
Falling back to num_samples=1
Falling back to num_samples=1
Falling back to num_samples=1
Falling back to num_samples=1
Falling back to num_samples=1
Falling back to num_samples=1
Falling back to num_samples=1
Falling back to num_samples=1
Falling back to num_samples=1
Falling back to num_samples=1
Falling back to num_samples=1
Falling back to num_samples=1
Falling back to num_samples=1
Falling back to num_samples=1
Falling back to num_samples=1
Falling back to num_samples=1
Falling back to num_samples=1
Falling back to num_samples=1
Falling back to num_samples=1
Falling back to num_samples=1
Falling back to num_samples=1
Falling back to num_samples=1
Falling back to num_samples=1
Falling back to num_samples=1
Falling back to num_samples=1
Falling back to num_samples=1
Falling back to num_samples=1
Falling back to num_samples=1
Falling back to num_samples=1
Falling back to num_samples=1
Falling back to num_samples=1
Falling back to num_samples=1
Falling back to num_samples=1
Falling back to num_samples=1
Falling back to num_samples=1
Falling back to num_samples=1
Falling back to num_samples=1
Falling back to num_samples=1
Falling back to num_samples=1
Falling back to num_samples=1
Falling back to num_samples=1
Falling back to num_samples=1
Falling back to num_samples=1
Falling back to num_samples=1
Falling back to num_samples=1
Falling back to num_samples=1
Falling back to num_samples=1
Falling back to num_samples=1
Falling back to num_samples=1
Falling back to num_samples=1
Falling back to num_samples=1
Falling back to num_samples=1
Falling back to num_samples=1
Falling back to num_samples=1
Falling back to num_samples=1
Falling back to num_samples=1
Falling back to num_samples=1
Falling back to num_samples=1
Falling back to num_samples=1
Falling back to num_samples=1
Falling back to num_samples=1
Falling back to num_samples=1
Falling back to num_samples=1
Falling back to num_samples=1
Falling back to num_samples=1
Falling back to num_samples=1
Falling back to num_samples=1
Falling back to num_samples=1
Falling back to num_samples=1
Falling back to num_samples=1
Falling back to num_samples=1
Falling back to num_samples=1
Falling back to num_samples=1
Falling back to num_samples=1
Falling back to num_samples=1
Falling back to num_samples=1
Falling back to num_samples=1
Falling back to num_samples=1
Falling back to num_samples=1
Falling back to num_samples=1
Falling back to num_samples=1
Falling back to num_samples=1
Falling back to num_samples=1
Falling back to num_samples=1
Falling back to num_samples=1
Falling back to num_samples=1
Falling back to num_samples=1
Falling back to num_samples=1
Falling back to num_samples=1
Falling back to num_samples=1
Falling back to num_samples=1
Falling back to num_samples=1
Falling back to num_samples=1
Falling back to num_samples=1
Falling back to num_samples=1
Falling back to num_samples=1
Falling back to num_samples=1
Falling back to num_samples=1
Falling back to num_samples=1
Falling back to num_samples=1
Falling back to num_samples=1
Falling back to num_samples=1
Falling back to num_samples=1
Falling back to num_samples=1
Falling back to num_samples=1
Falling back to num_samples=1
Falling back to num_samples=1
Falling back to num_samples=1
Falling back to num_samples=1
Falling back to num_samples=1
Falling back to num_samples=1
Falling back to num_samples=1
Falling back to num_samples=1
Falling back to num_samples=1
Falling back to num_samples=1
Falling back to num_samples=1
Falling back to num_samples=1
Falling back to num_samples=1
Falling back to num_samples=1
Falling back to num_samples=1
Falling back to num_samples=1
Falling back to num_samples=1
Falling back to num_samples=1
Falling back to num_samples=1
Falling back to num_samples=1
Falling back to num_samples=1
Falling back to num_samples=1
Falling back to num_samples=1
Falling back to num_samples=1
Falling back to num_samples=1
Falling back to num_samples=1
Falling back to num_samples=1
Falling back to num_samples=1
Falling back to num_samples=1
Falling back to num_samples=1
Falling back to num_samples=1
Falling back to num_samples=1
Falling back to num_samples=1
Falling back to num_samples=1
Falling back to num_samples=1
Falling back to num_samples=1
Falling back to num_samples=1
Falling back to num_samples=1
Falling back to num_samples=1
Falling back to num_samples=1
Falling back to num_samples=1
Falling back to num_samples=1
Falling back to num_samples=1
Falling back to num_samples=1
Falling back to num_samples=1
Falling back to num_samples=1
Falling back to num_samples=1
Falling back to num_samples=1
Falling back to num_samples=1
Falling back to num_samples=1
Falling back to num_samples=1
Falling back to num_samples=1
Falling back to num_samples=1
Falling back to num_samples=1
Falling back to num_samples=1
Falling back to num_samples=1
Falling back to num_samples=1
Falling back to num_samples=1
Falling back to num_samples=1
Falling back to num_samples=1
Falling back to num_samples=1
Falling back to num_samples=1
Falling back to num_samples=1
Falling back to num_samples=1
Falling back to num_samples=1
Falling back to num_samples=1
Falling back to num_samples=1
Falling back to num_samples=1
Falling back to num_samples=1
Falling back to num_samples=1
Falling back to num_samples=1
Falling back to num_samples=1
Falling back to num_samples=1
Falling back to num_samples=1
Falling back to num_samples=1
Falling back to num_samples=1
Falling back to num_samples=1
Falling back to num_samples=1
Falling back to num_samples=1
Falling back to num_samples=1
Falling back to num_samples=1
Falling back to num_samples=1
Falling back to num_samples=1
Falling back to num_samples=1
Falling back to num_samples=1
Falling back to num_samples=1
Falling back to num_samples=1
Falling back to num_samples=1
Falling back to num_samples=1
Falling back to num_samples=1
Falling back to num_samples=1
Falling back to num_samples=1
Falling back to num_samples=1
Falling back to num_samples=1
Falling back to num_samples=1
Falling back to num_samples=1
Falling back to num_samples=1
Falling back to num_samples=1
Falling back to num_samples=1
Falling back to num_samples=1
Falling back to num_samples=1
Falling back to num_samples=1
Falling back to num_samples=1
Falling back to num_samples=1
Falling back to num_samples=1
Falling back to num_samples=1
Falling back to num_samples=1
Falling back to num_samples=1
Falling back to num_samples=1
Falling back to num_samples=1
Falling back to num_samples=1
Falling back to num_samples=1
Falling back to num_samples=1
Falling back to num_samples=1
Falling back to num_samples=1
Falling back to num_samples=1
Falling back to num_samples=1
Falling back to num_samples=1
Falling back to num_samples=1
Falling back to num_samples=1
Falling back to num_samples=1
Falling back to num_samples=1
Falling back to num_samples=1
Falling back to num_samples=1
Falling back to num_samples=1
Falling back to num_samples=1
Falling back to num_samples=1
Falling back to num_samples=1
Falling back to num_samples=1
Falling back to num_samples=1
Falling back to num_samples=1
Falling back to num_samples=1
Falling back to num_samples=1
Falling back to num_samples=1
Falling back to num_samples=1
Falling back to num_samples=1
Falling back to num_samples=1
Falling back to num_samples=1
Falling back to num_samples=1
Falling back to num_samples=1
Falling back to num_samples=1
Falling back to num_samples=1
Falling back to num_samples=1
Falling back to num_samples=1
Falling back to num_samples=1
Falling back to num_samples=1
Falling back to num_samples=1
Falling back to num_samples=1
Falling back to num_samples=1
Falling back to num_samples=1
Falling back to num_samples=1
Falling back to num_samples=1
Falling back to num_samples=1
Falling back to num_samples=1
Falling back to num_samples=1
Falling back to num_samples=1
Falling back to num_samples=1
Falling back to num_samples=1
Falling back to num_samples=1
Falling back to num_samples=1
Falling back to num_samples=1
Falling back to num_samples=1
Falling back to num_samples=1
Falling back to num_samples=1
Falling back to num_samples=1
Falling back to num_samples=1
Falling back to num_samples=1
Falling back to num_samples=1
Falling back to num_samples=1
Falling back to num_samples=1
Falling back to num_samples=1
Falling back to num_samples=1
Falling back to num_samples=1
Falling back to num_samples=1
Falling back to num_samples=1
Falling back to num_samples=1
Falling back to num_samples=1
Falling back to num_samples=1
Falling back to num_samples=1
Falling back to num_samples=1
Falling back to num_samples=1
Falling back to num_samples=1
Falling back to num_samples=1
Falling back to num_samples=1
Falling back to num_samples=1
Falling back to num_samples=1
Falling back to num_samples=1
Falling back to num_samples=1
Falling back to num_samples=1
Falling back to num_samples=1
Falling back to num_samples=1
Falling back to num_samples=1
Falling back to num_samples=1
Falling back to num_samples=1
Falling back to num_samples=1
Falling back to num_samples=1
Falling back to num_samples=1
Falling back to num_samples=1
Falling back to num_samples=1
Falling back to num_samples=1
Falling back to num_samples=1
Falling back to num_samples=1
Falling back to num_samples=1
Falling back to num_samples=1
Falling back to num_samples=1
Falling back to num_samples=1
Falling back to num_samples=1
Falling back to num_samples=1
Falling back to num_samples=1
Falling back to num_samples=1
Falling back to num_samples=1
Falling back to num_samples=1
Falling back to num_samples=1
Falling back to num_samples=1
Falling back to num_samples=1
Falling back to num_samples=1
Falling back to num_samples=1
Falling back to num_samples=1
Falling back to num_samples=1
Falling back to num_samples=1
Falling back to num_samples=1
Falling back to num_samples=1
Falling back to num_samples=1
Falling back to num_samples=1
Falling back to num_samples=1
Falling back to num_samples=1
Falling back to num_samples=1
Falling back to num_samples=1
Falling back to num_samples=1
Falling back to num_samples=1
Falling back to num_samples=1
Falling back to num_samples=1
Falling back to num_samples=1
Falling back to num_samples=1
Falling back to num_samples=1
Falling back to num_samples=1
Falling back to num_samples=1
Falling back to num_samples=1
Falling back to num_samples=1
Falling back to num_samples=1
Falling back to num_samples=1
Falling back to num_samples=1
Falling back to num_samples=1
Falling back to num_samples=1
Falling back to num_samples=1
Falling back to num_samples=1
Falling back to num_samples=1
