I1001 16:42:48.983118 47528974407488 xla_bridge.py:355] Unable to initialize backend 'tpu_driver': NOT_FOUND: Unable to find driver in registry given worker: 
I1001 16:42:49.115575 47528974407488 xla_bridge.py:355] Unable to initialize backend 'rocm': NOT_FOUND: Could not find registered platform with name: "rocm". Available platform names are: Interpreter Host CUDA
I1001 16:42:49.116080 47528974407488 xla_bridge.py:355] Unable to initialize backend 'tpu': module 'jaxlib.xla_extension' has no attribute 'get_tpu_client'
I1001 16:42:49.116215 47528974407488 xla_bridge.py:355] Unable to initialize backend 'plugin': xla_extension has no attributes named get_plugin_device_client. Compile TensorFlow with //tensorflow/compiler/xla/python:enable_plugin_device set to true (defaults to false) to enable this.
I1001 16:42:49.116340 47528974407488 run_miniworld.py:99] Collecting data on MiniWorld on gpu.
I1001 16:42:54.738407 47528974407488 run_miniworld.py:135] Observation shape: (60, 80, 3)
I1001 16:43:03.153473 47528974407488 run_miniworld.py:238] Data collection iteration 0.
I1001 16:43:39.948590 47528974407488 run_miniworld.py:245] Evaluation iteration 0.
/home/mklissa/DCEO/lib/python3.8/site-packages/distrax/_src/distributions/categorical.py:96: UserWarning: Explicitly requested dtype <class 'jax.numpy.int64'> requested in astype is not available, and will be truncated to dtype int32. To enable more dtypes, set the jax_enable_x64 configuration option or the JAX_ENABLE_X64 shell environment variable. See https://github.com/google/jax#current-gotchas for more.
  return draws.astype(self._dtype)
I1001 16:43:49.984378 47528974407488 run_miniworld.py:262] iteration:   0
 frame:     0
 eval_episode_return:  0.00
 train_episode_return:  0.04
 train_exploration_epsilon: 1.000
 train_frame_rate:  679
I1001 16:43:55.171445 47528974407488 run_miniworld.py:238] Data collection iteration 1.
I1001 16:44:32.371434 47528974407488 run_miniworld.py:245] Evaluation iteration 1.
I1001 16:44:41.925528 47528974407488 run_miniworld.py:262] iteration:   1
 frame: 25000
 eval_episode_return:  0.00
 train_episode_return:  0.00
 train_exploration_epsilon: 1.000
 train_frame_rate:  672
I1001 16:44:45.030428 47528974407488 run_miniworld.py:238] Data collection iteration 2.
I1001 16:44:45.516401 47528974407488 dceo_agent.py:296] Begin learning
I1001 16:47:22.105241 47528974407488 run_miniworld.py:245] Evaluation iteration 2.
I1001 16:47:31.549268 47528974407488 run_miniworld.py:262] iteration:   2
 frame: 50000
 eval_episode_return:  0.00
 train_episode_return:  0.08
 train_exploration_epsilon: 0.955
 train_frame_rate:  159
I1001 16:47:34.639068 47528974407488 run_miniworld.py:238] Data collection iteration 3.
I1001 16:50:04.411934 47528974407488 run_miniworld.py:245] Evaluation iteration 3.
I1001 16:50:13.528505 47528974407488 run_miniworld.py:262] iteration:   3
 frame: 75000
 eval_episode_return:  0.00
 train_episode_return:  0.12
 train_exploration_epsilon: 0.910
 train_frame_rate:  167
I1001 16:50:16.717751 47528974407488 run_miniworld.py:238] Data collection iteration 4.
I1001 16:52:45.688279 47528974407488 run_miniworld.py:245] Evaluation iteration 4.
I1001 16:52:55.205678 47528974407488 run_miniworld.py:262] iteration:   4
 frame: 100000
 eval_episode_return:  0.00
 train_episode_return:  0.15
 train_exploration_epsilon: 0.865
 train_frame_rate:  168
I1001 16:52:58.449988 47528974407488 run_miniworld.py:238] Data collection iteration 5.
I1001 16:55:29.224911 47528974407488 run_miniworld.py:245] Evaluation iteration 5.
I1001 16:55:38.204623 47528974407488 run_miniworld.py:262] iteration:   5
 frame: 125000
 eval_episode_return:  0.00
 train_episode_return:  0.15
 train_exploration_epsilon: 0.820
 train_frame_rate:  166
I1001 16:55:41.162279 47528974407488 run_miniworld.py:238] Data collection iteration 6.
I1001 16:58:13.771972 47528974407488 run_miniworld.py:245] Evaluation iteration 6.
I1001 16:58:22.686841 47528974407488 run_miniworld.py:262] iteration:   6
 frame: 150000
 eval_episode_return:  0.00
 train_episode_return:  0.04
 train_exploration_epsilon: 0.775
 train_frame_rate:  164
I1001 16:58:25.501896 47528974407488 run_miniworld.py:238] Data collection iteration 7.
I1001 17:00:59.207643 47528974407488 run_miniworld.py:245] Evaluation iteration 7.
I1001 17:01:08.877442 47528974407488 run_miniworld.py:262] iteration:   7
 frame: 175000
 eval_episode_return:  0.00
 train_episode_return:  0.04
 train_exploration_epsilon: 0.730
 train_frame_rate:  163
I1001 17:01:17.103035 47528974407488 run_miniworld.py:238] Data collection iteration 8.
I1001 17:03:51.642817 47528974407488 run_miniworld.py:245] Evaluation iteration 8.
I1001 17:04:00.835237 47528974407488 run_miniworld.py:262] iteration:   8
 frame: 200000
 eval_episode_return:  0.00
 train_episode_return:  0.00
 train_exploration_epsilon: 0.685
 train_frame_rate:  162
I1001 17:04:03.761455 47528974407488 run_miniworld.py:238] Data collection iteration 9.
I1001 17:06:38.953421 47528974407488 run_miniworld.py:245] Evaluation iteration 9.
I1001 17:06:48.421370 47528974407488 run_miniworld.py:262] iteration:   9
 frame: 225000
 eval_episode_return:  0.00
 train_episode_return:  0.00
 train_exploration_epsilon: 0.640
 train_frame_rate:  161
I1001 17:06:51.855528 47528974407488 run_miniworld.py:238] Data collection iteration 10.
I1001 17:09:28.371564 47528974407488 run_miniworld.py:245] Evaluation iteration 10.
I1001 17:09:37.478916 47528974407488 run_miniworld.py:262] iteration:  10
 frame: 250000
 eval_episode_return:  0.00
 train_episode_return:  0.00
 train_exploration_epsilon: 0.595
 train_frame_rate:  160
I1001 17:09:40.754675 47528974407488 run_miniworld.py:238] Data collection iteration 11.
I1001 17:12:18.478460 47528974407488 run_miniworld.py:245] Evaluation iteration 11.
I1001 17:12:28.057882 47528974407488 run_miniworld.py:262] iteration:  11
 frame: 275000
 eval_episode_return:  0.00
 train_episode_return:  0.00
 train_exploration_epsilon: 0.550
 train_frame_rate:  159
I1001 17:12:31.377525 47528974407488 run_miniworld.py:238] Data collection iteration 12.
I1001 17:15:07.867322 47528974407488 run_miniworld.py:245] Evaluation iteration 12.
I1001 17:15:17.008868 47528974407488 run_miniworld.py:262] iteration:  12
 frame: 300000
 eval_episode_return:  0.00
 train_episode_return:  0.00
 train_exploration_epsilon: 0.505
 train_frame_rate:  160
I1001 17:15:19.883774 47528974407488 run_miniworld.py:238] Data collection iteration 13.
I1001 17:17:58.078008 47528974407488 run_miniworld.py:245] Evaluation iteration 13.
I1001 17:18:07.286804 47528974407488 run_miniworld.py:262] iteration:  13
 frame: 325000
 eval_episode_return:  0.00
 train_episode_return:  0.00
 train_exploration_epsilon: 0.460
 train_frame_rate:  158
I1001 17:18:10.180892 47528974407488 run_miniworld.py:238] Data collection iteration 14.
I1001 17:20:47.335839 47528974407488 run_miniworld.py:245] Evaluation iteration 14.
I1001 17:20:56.544966 47528974407488 run_miniworld.py:262] iteration:  14
 frame: 350000
 eval_episode_return:  0.00
 train_episode_return:  0.00
 train_exploration_epsilon: 0.415
 train_frame_rate:  159
I1001 17:20:59.797374 47528974407488 run_miniworld.py:238] Data collection iteration 15.
I1001 17:23:36.655025 47528974407488 run_miniworld.py:245] Evaluation iteration 15.
I1001 17:23:46.256348 47528974407488 run_miniworld.py:262] iteration:  15
 frame: 375000
 eval_episode_return:  0.00
 train_episode_return:  0.00
 train_exploration_epsilon: 0.370
 train_frame_rate:  159
I1001 17:23:49.681528 47528974407488 run_miniworld.py:238] Data collection iteration 16.
I1001 17:26:25.588782 47528974407488 run_miniworld.py:245] Evaluation iteration 16.
I1001 17:26:34.761436 47528974407488 run_miniworld.py:262] iteration:  16
 frame: 400000
 eval_episode_return:  0.00
 train_episode_return:  0.00
 train_exploration_epsilon: 0.325
 train_frame_rate:  160
I1001 17:26:37.635680 47528974407488 run_miniworld.py:238] Data collection iteration 17.
I1001 17:29:14.168290 47528974407488 run_miniworld.py:245] Evaluation iteration 17.
I1001 17:29:23.297635 47528974407488 run_miniworld.py:262] iteration:  17
 frame: 425000
 eval_episode_return:  0.00
 train_episode_return:  0.04
 train_exploration_epsilon: 0.280
 train_frame_rate:  160
I1001 17:29:26.793887 47528974407488 run_miniworld.py:238] Data collection iteration 18.
I1001 17:32:05.076162 47528974407488 run_miniworld.py:245] Evaluation iteration 18.
I1001 17:32:14.170180 47528974407488 run_miniworld.py:262] iteration:  18
 frame: 450000
 eval_episode_return:  0.00
 train_episode_return:  0.08
 train_exploration_epsilon: 0.235
 train_frame_rate:  158
I1001 17:32:17.553434 47528974407488 run_miniworld.py:238] Data collection iteration 19.
I1001 17:34:56.448147 47528974407488 run_miniworld.py:245] Evaluation iteration 19.
I1001 17:35:06.052837 47528974407488 run_miniworld.py:262] iteration:  19
 frame: 475000
 eval_episode_return:  0.00
 train_episode_return:  0.04
 train_exploration_epsilon: 0.190
 train_frame_rate:  157
I1001 17:35:08.853343 47528974407488 run_miniworld.py:238] Data collection iteration 20.
I1001 17:37:47.931391 47528974407488 run_miniworld.py:245] Evaluation iteration 20.
I1001 17:37:57.674367 47528974407488 run_miniworld.py:262] iteration:  20
 frame: 500000
 eval_episode_return:  0.00
 train_episode_return:  0.19
 train_exploration_epsilon: 0.145
 train_frame_rate:  157
I1001 17:38:01.244059 47528974407488 run_miniworld.py:238] Data collection iteration 21.
I1001 17:40:41.446917 47528974407488 run_miniworld.py:245] Evaluation iteration 21.
I1001 17:40:50.676573 47528974407488 run_miniworld.py:262] iteration:  21
 frame: 525000
 eval_episode_return:  0.00
 train_episode_return:  0.19
 train_exploration_epsilon: 0.100
 train_frame_rate:  156
I1001 17:40:53.563511 47528974407488 run_miniworld.py:238] Data collection iteration 22.
I1001 17:43:33.688142 47528974407488 run_miniworld.py:245] Evaluation iteration 22.
I1001 17:43:42.719069 47528974407488 run_miniworld.py:262] iteration:  22
 frame: 550000
 eval_episode_return:  0.00
 train_episode_return:  0.15
 train_exploration_epsilon: 0.100
 train_frame_rate:  156
I1001 17:43:46.247393 47528974407488 run_miniworld.py:238] Data collection iteration 23.
I1001 17:46:27.391116 47528974407488 run_miniworld.py:245] Evaluation iteration 23.
I1001 17:46:36.679376 47528974407488 run_miniworld.py:262] iteration:  23
 frame: 575000
 eval_episode_return:  0.00
 train_episode_return:  0.19
 train_exploration_epsilon: 0.100
 train_frame_rate:  155
I1001 17:46:39.553458 47528974407488 run_miniworld.py:238] Data collection iteration 24.
I1001 17:49:22.153908 47528974407488 run_miniworld.py:245] Evaluation iteration 24.
I1001 17:49:31.409852 47528974407488 run_miniworld.py:262] iteration:  24
 frame: 600000
 eval_episode_return:  0.00
 train_episode_return:  0.12
 train_exploration_epsilon: 0.100
 train_frame_rate:  154
I1001 17:49:34.346226 47528974407488 run_miniworld.py:238] Data collection iteration 25.
I1001 17:52:16.502757 47528974407488 run_miniworld.py:245] Evaluation iteration 25.
I1001 17:52:25.831258 47528974407488 run_miniworld.py:262] iteration:  25
 frame: 625000
 eval_episode_return:  0.00
 train_episode_return:  0.26
 train_exploration_epsilon: 0.100
 train_frame_rate:  154
I1001 17:52:29.529120 47528974407488 run_miniworld.py:238] Data collection iteration 26.
I1001 17:55:11.953495 47528974407488 run_miniworld.py:245] Evaluation iteration 26.
I1001 17:55:21.392876 47528974407488 run_miniworld.py:262] iteration:  26
 frame: 650000
 eval_episode_return:  0.00
 train_episode_return:  0.15
 train_exploration_epsilon: 0.100
 train_frame_rate:  154
I1001 17:55:24.356576 47528974407488 run_miniworld.py:238] Data collection iteration 27.
I1001 17:58:06.859302 47528974407488 run_miniworld.py:245] Evaluation iteration 27.
I1001 17:58:16.377591 47528974407488 run_miniworld.py:262] iteration:  27
 frame: 675000
 eval_episode_return:  0.00
 train_episode_return:  0.22
 train_exploration_epsilon: 0.100
 train_frame_rate:  154
I1001 17:58:20.029668 47528974407488 run_miniworld.py:238] Data collection iteration 28.
I1001 18:01:04.621254 47528974407488 run_miniworld.py:245] Evaluation iteration 28.
I1001 18:01:13.974588 47528974407488 run_miniworld.py:262] iteration:  28
 frame: 700000
 eval_episode_return:  0.00
 train_episode_return:  0.26
 train_exploration_epsilon: 0.100
 train_frame_rate:  152
I1001 18:01:16.815951 47528974407488 run_miniworld.py:238] Data collection iteration 29.
I1001 18:04:01.518198 47528974407488 run_miniworld.py:245] Evaluation iteration 29.
I1001 18:04:11.097893 47528974407488 run_miniworld.py:262] iteration:  29
 frame: 725000
 eval_episode_return:  0.00
 train_episode_return:  0.31
 train_exploration_epsilon: 0.100
 train_frame_rate:  152
I1001 18:04:14.787818 47528974407488 run_miniworld.py:238] Data collection iteration 30.
I1001 18:06:59.726707 47528974407488 run_miniworld.py:245] Evaluation iteration 30.
I1001 18:07:09.478190 47528974407488 run_miniworld.py:262] iteration:  30
 frame: 750000
 eval_episode_return:  0.00
 train_episode_return:  0.26
 train_exploration_epsilon: 0.100
 train_frame_rate:  152
I1001 18:07:12.370462 47528974407488 run_miniworld.py:238] Data collection iteration 31.
I1001 18:09:57.151238 47528974407488 run_miniworld.py:245] Evaluation iteration 31.
I1001 18:10:06.615602 47528974407488 run_miniworld.py:262] iteration:  31
 frame: 775000
 eval_episode_return:  0.00
 train_episode_return:  0.32
 train_exploration_epsilon: 0.100
 train_frame_rate:  152
I1001 18:10:09.655115 47528974407488 run_miniworld.py:238] Data collection iteration 32.
I1001 18:12:55.899791 47528974407488 run_miniworld.py:245] Evaluation iteration 32.
I1001 18:13:05.360084 47528974407488 run_miniworld.py:262] iteration:  32
 frame: 800000
 eval_episode_return:  0.00
 train_episode_return:  0.22
 train_exploration_epsilon: 0.100
 train_frame_rate:  150
I1001 18:13:08.221624 47528974407488 run_miniworld.py:238] Data collection iteration 33.
I1001 18:15:53.701567 47528974407488 run_miniworld.py:245] Evaluation iteration 33.
I1001 18:16:03.481714 47528974407488 run_miniworld.py:262] iteration:  33
 frame: 825000
 eval_episode_return:  0.00
 train_episode_return:  0.26
 train_exploration_epsilon: 0.100
 train_frame_rate:  151
I1001 18:16:06.331849 47528974407488 run_miniworld.py:238] Data collection iteration 34.
I1001 18:18:53.388663 47528974407488 run_miniworld.py:245] Evaluation iteration 34.
I1001 18:19:02.821936 47528974407488 run_miniworld.py:262] iteration:  34
 frame: 850000
 eval_episode_return:  0.00
 train_episode_return:  0.29
 train_exploration_epsilon: 0.100
 train_frame_rate:  150
I1001 18:19:05.694534 47528974407488 run_miniworld.py:238] Data collection iteration 35.
I1001 18:21:53.014560 47528974407488 run_miniworld.py:245] Evaluation iteration 35.
I1001 18:22:02.676951 47528974407488 run_miniworld.py:262] iteration:  35
 frame: 875000
 eval_episode_return:  0.00
 train_episode_return:  0.31
 train_exploration_epsilon: 0.100
 train_frame_rate:  149
I1001 18:22:06.092471 47528974407488 run_miniworld.py:238] Data collection iteration 36.
I1001 18:24:54.179898 47528974407488 run_miniworld.py:245] Evaluation iteration 36.
I1001 18:25:03.709434 47528974407488 run_miniworld.py:262] iteration:  36
 frame: 900000
 eval_episode_return:  0.00
 train_episode_return:  0.19
 train_exploration_epsilon: 0.100
 train_frame_rate:  149
I1001 18:25:06.566569 47528974407488 run_miniworld.py:238] Data collection iteration 37.
I1001 18:27:53.797169 47528974407488 run_miniworld.py:245] Evaluation iteration 37.
I1001 18:28:03.646435 47528974407488 run_miniworld.py:262] iteration:  37
 frame: 925000
 eval_episode_return:  0.00
 train_episode_return:  0.12
 train_exploration_epsilon: 0.100
 train_frame_rate:  149
I1001 18:28:06.710572 47528974407488 run_miniworld.py:238] Data collection iteration 38.
I1001 18:30:53.744806 47528974407488 run_miniworld.py:245] Evaluation iteration 38.
I1001 18:31:03.104774 47528974407488 run_miniworld.py:262] iteration:  38
 frame: 950000
 eval_episode_return:  0.00
 train_episode_return:  0.12
 train_exploration_epsilon: 0.100
 train_frame_rate:  150
I1001 18:31:06.814314 47528974407488 run_miniworld.py:238] Data collection iteration 39.
I1001 18:33:54.979954 47528974407488 run_miniworld.py:245] Evaluation iteration 39.
I1001 18:34:04.919861 47528974407488 run_miniworld.py:262] iteration:  39
 frame: 975000
 eval_episode_return:  0.00
 train_episode_return:  0.08
 train_exploration_epsilon: 0.100
 train_frame_rate:  149
I1001 18:34:07.827045 47528974407488 run_miniworld.py:238] Data collection iteration 40.
I1001 18:36:55.380670 47528974407488 run_miniworld.py:245] Evaluation iteration 40.
I1001 18:37:04.867895 47528974407488 run_miniworld.py:262] iteration:  40
 frame: 1000000
 eval_episode_return:  0.00
 train_episode_return:  0.23
 train_exploration_epsilon: 0.100
 train_frame_rate:  149
I1001 18:37:08.744549 47528974407488 run_miniworld.py:238] Data collection iteration 41.
I1001 18:39:56.704902 47528974407488 run_miniworld.py:245] Evaluation iteration 41.
I1001 18:40:06.474387 47528974407488 run_miniworld.py:262] iteration:  41
 frame: 1025000
 eval_episode_return:  0.00
 train_episode_return:  0.45
 train_exploration_epsilon: 0.100
 train_frame_rate:  149
I1001 18:40:09.367711 47528974407488 run_miniworld.py:238] Data collection iteration 42.
I1001 18:42:57.176557 47528974407488 run_miniworld.py:245] Evaluation iteration 42.
I1001 18:43:06.665104 47528974407488 run_miniworld.py:262] iteration:  42
 frame: 1050000
 eval_episode_return:  0.00
 train_episode_return:  0.30
 train_exploration_epsilon: 0.100
 train_frame_rate:  149
I1001 18:43:09.558580 47528974407488 run_miniworld.py:238] Data collection iteration 43.
I1001 18:45:56.953281 47528974407488 run_miniworld.py:245] Evaluation iteration 43.
I1001 18:46:06.491812 47528974407488 run_miniworld.py:262] iteration:  43
 frame: 1075000
 eval_episode_return:  0.00
 train_episode_return:  0.52
 train_exploration_epsilon: 0.100
 train_frame_rate:  149
I1001 18:46:10.703892 47528974407488 run_miniworld.py:238] Data collection iteration 44.
I1001 18:48:58.407135 47528974407488 run_miniworld.py:245] Evaluation iteration 44.
I1001 18:49:07.800816 47528974407488 run_miniworld.py:262] iteration:  44
 frame: 1100000
 eval_episode_return:  0.00
 train_episode_return:  0.19
 train_exploration_epsilon: 0.100
 train_frame_rate:  149
I1001 18:49:10.781144 47528974407488 run_miniworld.py:238] Data collection iteration 45.
I1001 18:51:57.620531 47528974407488 run_miniworld.py:245] Evaluation iteration 45.
I1001 18:52:07.089643 47528974407488 run_miniworld.py:262] iteration:  45
 frame: 1125000
 eval_episode_return:  0.00
 train_episode_return:  0.39
 train_exploration_epsilon: 0.100
 train_frame_rate:  150
I1001 18:52:10.934032 47528974407488 run_miniworld.py:238] Data collection iteration 46.
I1001 18:54:58.614815 47528974407488 run_miniworld.py:245] Evaluation iteration 46.
I1001 18:55:08.360716 47528974407488 run_miniworld.py:262] iteration:  46
 frame: 1150000
 eval_episode_return:  0.00
 train_episode_return:  0.33
 train_exploration_epsilon: 0.100
 train_frame_rate:  149
I1001 18:55:11.270314 47528974407488 run_miniworld.py:238] Data collection iteration 47.
I1001 18:57:58.601630 47528974407488 run_miniworld.py:245] Evaluation iteration 47.
I1001 18:58:08.150850 47528974407488 run_miniworld.py:262] iteration:  47
 frame: 1175000
 eval_episode_return:  0.00
 train_episode_return:  0.15
 train_exploration_epsilon: 0.100
 train_frame_rate:  149
I1001 18:58:11.217618 47528974407488 run_miniworld.py:238] Data collection iteration 48.
I1001 19:01:00.415253 47528974407488 run_miniworld.py:245] Evaluation iteration 48.
I1001 19:01:10.304471 47528974407488 run_miniworld.py:262] iteration:  48
 frame: 1200000
 eval_episode_return:  0.00
 train_episode_return:  0.55
 train_exploration_epsilon: 0.100
 train_frame_rate:  148
I1001 19:01:13.199029 47528974407488 run_miniworld.py:238] Data collection iteration 49.
I1001 19:04:01.255522 47528974407488 run_miniworld.py:245] Evaluation iteration 49.
I1001 19:04:11.069437 47528974407488 run_miniworld.py:262] iteration:  49
 frame: 1225000
 eval_episode_return:  0.00
 train_episode_return:  0.67
 train_exploration_epsilon: 0.100
 train_frame_rate:  149
I1001 19:04:14.034320 47528974407488 run_miniworld.py:238] Data collection iteration 50.
I1001 19:07:02.100687 47528974407488 run_miniworld.py:245] Evaluation iteration 50.
I1001 19:07:11.758104 47528974407488 run_miniworld.py:262] iteration:  50
 frame: 1250000
 eval_episode_return:  0.00
 train_episode_return:  0.73
 train_exploration_epsilon: 0.100
 train_frame_rate:  149
I1001 19:07:15.704420 47528974407488 run_miniworld.py:238] Data collection iteration 51.
I1001 19:10:03.927420 47528974407488 run_miniworld.py:245] Evaluation iteration 51.
I1001 19:10:13.456496 47528974407488 run_miniworld.py:262] iteration:  51
 frame: 1275000
 eval_episode_return:  0.00
 train_episode_return:  0.50
 train_exploration_epsilon: 0.100
 train_frame_rate:  149
I1001 19:10:16.429584 47528974407488 run_miniworld.py:238] Data collection iteration 52.
I1001 19:13:04.501461 47528974407488 run_miniworld.py:245] Evaluation iteration 52.
I1001 19:13:14.222341 47528974407488 run_miniworld.py:262] iteration:  52
 frame: 1300000
 eval_episode_return:  0.00
 train_episode_return:  0.76
 train_exploration_epsilon: 0.100
 train_frame_rate:  149
I1001 19:13:18.186736 47528974407488 run_miniworld.py:238] Data collection iteration 53.
I1001 19:16:06.532457 47528974407488 run_miniworld.py:245] Evaluation iteration 53.
I1001 19:16:16.140054 47528974407488 run_miniworld.py:262] iteration:  53
 frame: 1325000
 eval_episode_return:  0.00
 train_episode_return:  0.52
 train_exploration_epsilon: 0.100
 train_frame_rate:  149
I1001 19:16:19.042989 47528974407488 run_miniworld.py:238] Data collection iteration 54.
I1001 19:19:07.923662 47528974407488 run_miniworld.py:245] Evaluation iteration 54.
I1001 19:19:17.516409 47528974407488 run_miniworld.py:262] iteration:  54
 frame: 1350000
 eval_episode_return:  0.00
 train_episode_return:  0.72
 train_exploration_epsilon: 0.100
 train_frame_rate:  148
I1001 19:19:20.385610 47528974407488 run_miniworld.py:238] Data collection iteration 55.
I1001 19:22:09.493747 47528974407488 run_miniworld.py:245] Evaluation iteration 55.
I1001 19:22:19.448415 47528974407488 run_miniworld.py:262] iteration:  55
 frame: 1375000
 eval_episode_return:  0.00
 train_episode_return:  0.37
 train_exploration_epsilon: 0.100
 train_frame_rate:  148
I1001 19:22:23.429609 47528974407488 run_miniworld.py:238] Data collection iteration 56.
I1001 19:25:12.407497 47528974407488 run_miniworld.py:245] Evaluation iteration 56.
I1001 19:25:22.278080 47528974407488 run_miniworld.py:262] iteration:  56
 frame: 1400000
 eval_episode_return:  0.00
 train_episode_return:  0.61
 train_exploration_epsilon: 0.100
 train_frame_rate:  148
I1001 19:25:25.146205 47528974407488 run_miniworld.py:238] Data collection iteration 57.
I1001 19:28:13.916699 47528974407488 run_miniworld.py:245] Evaluation iteration 57.
I1001 19:28:23.735644 47528974407488 run_miniworld.py:262] iteration:  57
 frame: 1425000
 eval_episode_return:  0.00
 train_episode_return:  0.66
 train_exploration_epsilon: 0.100
 train_frame_rate:  148
I1001 19:28:27.607183 47528974407488 run_miniworld.py:238] Data collection iteration 58.
I1001 19:31:17.264721 47528974407488 run_miniworld.py:245] Evaluation iteration 58.
I1001 19:31:27.250606 47528974407488 run_miniworld.py:262] iteration:  58
 frame: 1450000
 eval_episode_return:  0.00
 train_episode_return:  0.80
 train_exploration_epsilon: 0.100
 train_frame_rate:  147
I1001 19:31:30.148035 47528974407488 run_miniworld.py:238] Data collection iteration 59.
I1001 19:34:19.914852 47528974407488 run_miniworld.py:245] Evaluation iteration 59.
I1001 19:34:29.554749 47528974407488 run_miniworld.py:262] iteration:  59
 frame: 1475000
 eval_episode_return:  0.00
 train_episode_return:  0.85
 train_exploration_epsilon: 0.100
 train_frame_rate:  147
I1001 19:34:32.457049 47528974407488 run_miniworld.py:238] Data collection iteration 60.
I1001 19:37:21.859900 47528974407488 run_miniworld.py:245] Evaluation iteration 60.
I1001 19:37:31.503681 47528974407488 run_miniworld.py:262] iteration:  60
 frame: 1500000
 eval_episode_return:  0.00
 train_episode_return:  0.89
 train_exploration_epsilon: 0.100
 train_frame_rate:  148
I1001 19:37:35.527740 47528974407488 run_miniworld.py:238] Data collection iteration 61.
I1001 19:40:25.112109 47528974407488 run_miniworld.py:245] Evaluation iteration 61.
I1001 19:40:34.945043 47528974407488 run_miniworld.py:262] iteration:  61
 frame: 1525000
 eval_episode_return:  0.00
 train_episode_return:  0.73
 train_exploration_epsilon: 0.100
 train_frame_rate:  147
I1001 19:40:37.893607 47528974407488 run_miniworld.py:238] Data collection iteration 62.
I1001 19:43:27.054201 47528974407488 run_miniworld.py:245] Evaluation iteration 62.
I1001 19:43:36.635507 47528974407488 run_miniworld.py:262] iteration:  62
 frame: 1550000
 eval_episode_return:  0.00
 train_episode_return:  0.86
 train_exploration_epsilon: 0.100
 train_frame_rate:  148
I1001 19:43:40.456133 47528974407488 run_miniworld.py:238] Data collection iteration 63.
I1001 19:46:30.361970 47528974407488 run_miniworld.py:245] Evaluation iteration 63.
I1001 19:46:40.107791 47528974407488 run_miniworld.py:262] iteration:  63
 frame: 1575000
 eval_episode_return:  0.00
 train_episode_return:  0.86
 train_exploration_epsilon: 0.100
 train_frame_rate:  147
I1001 19:46:42.991244 47528974407488 run_miniworld.py:238] Data collection iteration 64.
I1001 19:49:32.873627 47528974407488 run_miniworld.py:245] Evaluation iteration 64.
I1001 19:49:42.782408 47528974407488 run_miniworld.py:262] iteration:  64
 frame: 1600000
 eval_episode_return:  1.00
 train_episode_return:  0.81
 train_exploration_epsilon: 0.100
 train_frame_rate:  147
I1001 19:49:45.713543 47528974407488 run_miniworld.py:238] Data collection iteration 65.
I1001 19:52:35.159791 47528974407488 run_miniworld.py:245] Evaluation iteration 65.
I1001 19:52:44.899394 47528974407488 run_miniworld.py:262] iteration:  65
 frame: 1625000
 eval_episode_return:  0.00
 train_episode_return:  0.95
 train_exploration_epsilon: 0.100
 train_frame_rate:  148
I1001 19:52:48.974424 47528974407488 run_miniworld.py:238] Data collection iteration 66.
I1001 19:55:38.711335 47528974407488 run_miniworld.py:245] Evaluation iteration 66.
I1001 19:55:48.165888 47528974407488 run_miniworld.py:262] iteration:  66
 frame: 1650000
 eval_episode_return:  0.00
 train_episode_return:  0.84
 train_exploration_epsilon: 0.100
 train_frame_rate:  147
I1001 19:55:51.050682 47528974407488 run_miniworld.py:238] Data collection iteration 67.
I1001 19:58:40.616498 47528974407488 run_miniworld.py:245] Evaluation iteration 67.
I1001 19:58:50.451704 47528974407488 run_miniworld.py:262] iteration:  67
 frame: 1675000
 eval_episode_return:  0.00
 train_episode_return:  0.85
 train_exploration_epsilon: 0.100
 train_frame_rate:  147
I1001 19:58:54.506463 47528974407488 run_miniworld.py:238] Data collection iteration 68.
I1001 20:01:44.348546 47528974407488 run_miniworld.py:245] Evaluation iteration 68.
I1001 20:01:54.146115 47528974407488 run_miniworld.py:262] iteration:  68
 frame: 1700000
 eval_episode_return:  0.00
 train_episode_return:  0.97
 train_exploration_epsilon: 0.100
 train_frame_rate:  147
I1001 20:01:57.040354 47528974407488 run_miniworld.py:238] Data collection iteration 69.
I1001 20:04:43.868320 47528974407488 run_miniworld.py:245] Evaluation iteration 69.
I1001 20:04:53.580064 47528974407488 run_miniworld.py:262] iteration:  69
 frame: 1725000
 eval_episode_return:  0.00
 train_episode_return:  1.00
 train_exploration_epsilon: 0.100
 train_frame_rate:  150
I1001 20:04:56.419658 47528974407488 run_miniworld.py:238] Data collection iteration 70.
I1001 20:07:50.060749 47528974407488 run_miniworld.py:245] Evaluation iteration 70.
I1001 20:07:59.816507 47528974407488 run_miniworld.py:262] iteration:  70
 frame: 1750000
 eval_episode_return:  0.20
 train_episode_return:  1.00
 train_exploration_epsilon: 0.100
 train_frame_rate:  144
I1001 20:08:02.662414 47528974407488 run_miniworld.py:238] Data collection iteration 71.
I1001 20:10:51.355267 47528974407488 run_miniworld.py:245] Evaluation iteration 71.
I1001 20:11:01.103470 47528974407488 run_miniworld.py:262] iteration:  71
 frame: 1775000
 eval_episode_return:  0.00
 train_episode_return:  1.00
 train_exploration_epsilon: 0.100
 train_frame_rate:  148
I1001 20:11:03.962321 47528974407488 run_miniworld.py:238] Data collection iteration 72.
I1001 20:13:53.069938 47528974407488 run_miniworld.py:245] Evaluation iteration 72.
I1001 20:14:02.818671 47528974407488 run_miniworld.py:262] iteration:  72
 frame: 1800000
 eval_episode_return:  0.00
 train_episode_return:  1.00
 train_exploration_epsilon: 0.100
 train_frame_rate:  148
I1001 20:14:06.695667 47528974407488 run_miniworld.py:238] Data collection iteration 73.
I1001 20:16:56.644758 47528974407488 run_miniworld.py:245] Evaluation iteration 73.
I1001 20:17:06.443886 47528974407488 run_miniworld.py:262] iteration:  73
 frame: 1825000
 eval_episode_return:  0.00
 train_episode_return:  1.00
 train_exploration_epsilon: 0.100
 train_frame_rate:  147
I1001 20:17:09.388844 47528974407488 run_miniworld.py:238] Data collection iteration 74.
I1001 20:19:59.413589 47528974407488 run_miniworld.py:245] Evaluation iteration 74.
I1001 20:20:08.963148 47528974407488 run_miniworld.py:262] iteration:  74
 frame: 1850000
 eval_episode_return:  0.00
 train_episode_return:  1.00
 train_exploration_epsilon: 0.100
 train_frame_rate:  147
I1001 20:20:13.343015 47528974407488 run_miniworld.py:238] Data collection iteration 75.
I1001 20:23:05.131219 47528974407488 run_miniworld.py:245] Evaluation iteration 75.
I1001 20:23:14.965902 47528974407488 run_miniworld.py:262] iteration:  75
 frame: 1875000
 eval_episode_return:  0.56
 train_episode_return:  1.00
 train_exploration_epsilon: 0.100
 train_frame_rate:  146
I1001 20:23:17.825131 47528974407488 run_miniworld.py:238] Data collection iteration 76.
I1001 20:26:08.591021 47528974407488 run_miniworld.py:245] Evaluation iteration 76.
I1001 20:26:18.476540 47528974407488 run_miniworld.py:262] iteration:  76
 frame: 1900000
 eval_episode_return:  0.33
 train_episode_return:  1.00
 train_exploration_epsilon: 0.100
 train_frame_rate:  146
I1001 20:26:21.389016 47528974407488 run_miniworld.py:238] Data collection iteration 77.
I1001 20:29:11.683514 47528974407488 run_miniworld.py:245] Evaluation iteration 77.
I1001 20:29:21.352976 47528974407488 run_miniworld.py:262] iteration:  77
 frame: 1925000
 eval_episode_return:  0.20
 train_episode_return:  1.00
 train_exploration_epsilon: 0.100
 train_frame_rate:  147
I1001 20:29:25.286246 47528974407488 run_miniworld.py:238] Data collection iteration 78.
I1001 20:32:15.254098 47528974407488 run_miniworld.py:245] Evaluation iteration 78.
I1001 20:32:26.537248 47528974407488 run_miniworld.py:262] iteration:  78
 frame: 1950000
 eval_episode_return:  1.00
 train_episode_return:  1.00
 train_exploration_epsilon: 0.100
 train_frame_rate:  147
I1001 20:32:29.389555 47528974407488 run_miniworld.py:238] Data collection iteration 79.
I1001 20:35:19.232472 47528974407488 run_miniworld.py:245] Evaluation iteration 79.
I1001 20:35:30.548830 47528974407488 run_miniworld.py:262] iteration:  79
 frame: 1975000
 eval_episode_return:  1.00
 train_episode_return:  1.00
 train_exploration_epsilon: 0.100
 train_frame_rate:  147
I1001 20:35:34.569283 47528974407488 run_miniworld.py:238] Data collection iteration 80.
I1001 20:38:25.447345 47528974407488 run_miniworld.py:245] Evaluation iteration 80.
I1001 20:38:36.907358 47528974407488 run_miniworld.py:262] iteration:  80
 frame: 2000000
 eval_episode_return:  1.00
 train_episode_return:  1.00
 train_exploration_epsilon: 0.100
 train_frame_rate:  146
I1001 20:38:39.956554 47528974407488 run_miniworld.py:238] Data collection iteration 81.
I1001 20:41:36.368815 47528974407488 run_miniworld.py:245] Evaluation iteration 81.
I1001 20:41:47.835326 47528974407488 run_miniworld.py:262] iteration:  81
 frame: 2025000
 eval_episode_return:  1.00
 train_episode_return:  1.00
 train_exploration_epsilon: 0.100
 train_frame_rate:  142
I1001 20:41:50.775619 47528974407488 run_miniworld.py:238] Data collection iteration 82.
I1001 20:44:48.187540 47528974407488 run_miniworld.py:245] Evaluation iteration 82.
I1001 20:44:59.376198 47528974407488 run_miniworld.py:262] iteration:  82
 frame: 2050000
 eval_episode_return:  1.00
 train_episode_return:  1.00
 train_exploration_epsilon: 0.100
 train_frame_rate:  141
I1001 20:45:03.442671 47528974407488 run_miniworld.py:238] Data collection iteration 83.
I1001 20:47:47.303663 47528974407488 run_miniworld.py:245] Evaluation iteration 83.
I1001 20:47:58.820359 47528974407488 run_miniworld.py:262] iteration:  83
 frame: 2075000
 eval_episode_return:  1.00
 train_episode_return:  1.00
 train_exploration_epsilon: 0.100
 train_frame_rate:  153
I1001 20:48:01.781074 47528974407488 run_miniworld.py:238] Data collection iteration 84.
I1001 20:50:39.001480 47528974407488 run_miniworld.py:245] Evaluation iteration 84.
I1001 20:50:50.264020 47528974407488 run_miniworld.py:262] iteration:  84
 frame: 2100000
 eval_episode_return:  1.00
 train_episode_return:  1.00
 train_exploration_epsilon: 0.100
 train_frame_rate:  159
I1001 20:50:54.021459 47528974407488 run_miniworld.py:238] Data collection iteration 85.
I1001 20:53:32.336309 47528974407488 run_miniworld.py:245] Evaluation iteration 85.
I1001 20:53:43.757116 47528974407488 run_miniworld.py:262] iteration:  85
 frame: 2125000
 eval_episode_return:  1.00
 train_episode_return:  1.00
 train_exploration_epsilon: 0.100
 train_frame_rate:  158
I1001 20:53:46.621394 47528974407488 run_miniworld.py:238] Data collection iteration 86.
I1001 20:56:25.021576 47528974407488 run_miniworld.py:245] Evaluation iteration 86.
I1001 20:56:36.194164 47528974407488 run_miniworld.py:262] iteration:  86
 frame: 2150000
 eval_episode_return:  1.00
 train_episode_return:  1.00
 train_exploration_epsilon: 0.100
 train_frame_rate:  158
I1001 20:56:39.037457 47528974407488 run_miniworld.py:238] Data collection iteration 87.
I1001 20:59:18.402785 47528974407488 run_miniworld.py:245] Evaluation iteration 87.
I1001 20:59:30.943366 47528974407488 run_miniworld.py:262] iteration:  87
 frame: 2175000
 eval_episode_return:  1.00
 train_episode_return:  1.00
 train_exploration_epsilon: 0.100
 train_frame_rate:  157
I1001 20:59:33.831128 47528974407488 run_miniworld.py:238] Data collection iteration 88.
I1001 21:02:12.256203 47528974407488 run_miniworld.py:245] Evaluation iteration 88.
I1001 21:02:23.355680 47528974407488 run_miniworld.py:262] iteration:  88
 frame: 2200000
 eval_episode_return:  1.00
 train_episode_return:  1.00
 train_exploration_epsilon: 0.100
 train_frame_rate:  158
I1001 21:02:26.156192 47528974407488 run_miniworld.py:238] Data collection iteration 89.
I1001 21:05:04.406341 47528974407488 run_miniworld.py:245] Evaluation iteration 89.
I1001 21:05:15.507596 47528974407488 run_miniworld.py:262] iteration:  89
 frame: 2225000
 eval_episode_return:  1.00
 train_episode_return:  1.00
 train_exploration_epsilon: 0.100
 train_frame_rate:  158
I1001 21:05:19.433753 47528974407488 run_miniworld.py:238] Data collection iteration 90.
I1001 21:07:58.188545 47528974407488 run_miniworld.py:245] Evaluation iteration 90.
I1001 21:08:09.441532 47528974407488 run_miniworld.py:262] iteration:  90
 frame: 2250000
 eval_episode_return:  1.00
 train_episode_return:  1.00
 train_exploration_epsilon: 0.100
 train_frame_rate:  157
I1001 21:08:12.346891 47528974407488 run_miniworld.py:238] Data collection iteration 91.
I1001 21:10:50.886650 47528974407488 run_miniworld.py:245] Evaluation iteration 91.
I1001 21:11:02.192841 47528974407488 run_miniworld.py:262] iteration:  91
 frame: 2275000
 eval_episode_return:  1.00
 train_episode_return:  1.00
 train_exploration_epsilon: 0.100
 train_frame_rate:  158
I1001 21:11:05.037539 47528974407488 run_miniworld.py:238] Data collection iteration 92.
I1001 21:13:45.582058 47528974407488 run_miniworld.py:245] Evaluation iteration 92.
I1001 21:13:56.826777 47528974407488 run_miniworld.py:262] iteration:  92
 frame: 2300000
 eval_episode_return:  1.00
 train_episode_return:  1.00
 train_exploration_epsilon: 0.100
 train_frame_rate:  156
I1001 21:13:59.681389 47528974407488 run_miniworld.py:238] Data collection iteration 93.
I1001 21:16:38.126944 47528974407488 run_miniworld.py:245] Evaluation iteration 93.
I1001 21:16:49.214448 47528974407488 run_miniworld.py:262] iteration:  93
 frame: 2325000
 eval_episode_return:  1.00
 train_episode_return:  1.00
 train_exploration_epsilon: 0.100
 train_frame_rate:  158
I1001 21:16:52.670771 47528974407488 run_miniworld.py:238] Data collection iteration 94.
I1001 21:19:31.882606 47528974407488 run_miniworld.py:245] Evaluation iteration 94.
I1001 21:19:43.395551 47528974407488 run_miniworld.py:262] iteration:  94
 frame: 2350000
 eval_episode_return:  1.00
 train_episode_return:  1.00
 train_exploration_epsilon: 0.100
 train_frame_rate:  157
I1001 21:19:47.521826 47528974407488 run_miniworld.py:238] Data collection iteration 95.
I1001 21:22:26.364279 47528974407488 run_miniworld.py:245] Evaluation iteration 95.
I1001 21:22:37.844621 47528974407488 run_miniworld.py:262] iteration:  95
 frame: 2375000
 eval_episode_return:  1.00
 train_episode_return:  1.00
 train_exploration_epsilon: 0.100
 train_frame_rate:  157
I1001 21:22:40.965540 47528974407488 run_miniworld.py:238] Data collection iteration 96.
I1001 21:25:19.024334 47528974407488 run_miniworld.py:245] Evaluation iteration 96.
I1001 21:25:30.204811 47528974407488 run_miniworld.py:262] iteration:  96
 frame: 2400000
 eval_episode_return:  1.00
 train_episode_return:  1.00
 train_exploration_epsilon: 0.100
 train_frame_rate:  158
I1001 21:25:34.438762 47528974407488 run_miniworld.py:238] Data collection iteration 97.
I1001 21:28:13.566363 47528974407488 run_miniworld.py:245] Evaluation iteration 97.
I1001 21:28:24.939615 47528974407488 run_miniworld.py:262] iteration:  97
 frame: 2425000
 eval_episode_return:  1.00
 train_episode_return:  1.00
 train_exploration_epsilon: 0.100
 train_frame_rate:  157
I1001 21:28:27.963064 47528974407488 run_miniworld.py:238] Data collection iteration 98.
I1001 21:31:05.964346 47528974407488 run_miniworld.py:245] Evaluation iteration 98.
I1001 21:31:17.293856 47528974407488 run_miniworld.py:262] iteration:  98
 frame: 2450000
 eval_episode_return:  1.00
 train_episode_return:  1.00
 train_exploration_epsilon: 0.100
 train_frame_rate:  158
I1001 21:31:20.155091 47528974407488 run_miniworld.py:238] Data collection iteration 99.
I1001 21:33:58.680241 47528974407488 run_miniworld.py:245] Evaluation iteration 99.
I1001 21:34:09.879643 47528974407488 run_miniworld.py:262] iteration:  99
 frame: 2475000
 eval_episode_return:  1.00
 train_episode_return:  1.00
 train_exploration_epsilon: 0.100
 train_frame_rate:  158
I1001 21:34:13.867337 47528974407488 run_miniworld.py:238] Data collection iteration 100.
I1001 21:36:52.837380 47528974407488 run_miniworld.py:245] Evaluation iteration 100.
I1001 21:37:04.326627 47528974407488 run_miniworld.py:262] iteration: 100
 frame: 2500000
 eval_episode_return:  1.00
 train_episode_return:  1.00
 train_exploration_epsilon: 0.100
 train_frame_rate:  157
I1001 21:37:07.655468 47528974407488 run_miniworld.py:238] Data collection iteration 101.
I1001 21:39:45.061328 47528974407488 run_miniworld.py:245] Evaluation iteration 101.
I1001 21:39:55.263340 47528974407488 run_miniworld.py:262] iteration: 101
 frame: 2525000
 eval_episode_return:  1.00
 train_episode_return:  1.00
 train_exploration_epsilon: 0.100
 train_frame_rate:  159
I1001 21:39:59.061071 47528974407488 run_miniworld.py:238] Data collection iteration 102.
I1001 21:42:38.510942 47528974407488 run_miniworld.py:245] Evaluation iteration 102.
I1001 21:42:48.490410 47528974407488 run_miniworld.py:262] iteration: 102
 frame: 2550000
 eval_episode_return:  0.94
 train_episode_return:  1.00
 train_exploration_epsilon: 0.100
 train_frame_rate:  157
I1001 21:42:51.339781 47528974407488 run_miniworld.py:238] Data collection iteration 103.
I1001 21:45:30.574335 47528974407488 run_miniworld.py:245] Evaluation iteration 103.
I1001 21:45:42.143916 47528974407488 run_miniworld.py:262] iteration: 103
 frame: 2575000
 eval_episode_return:  1.00
 train_episode_return:  1.00
 train_exploration_epsilon: 0.100
 train_frame_rate:  157
I1001 21:45:45.058506 47528974407488 run_miniworld.py:238] Data collection iteration 104.
I1001 21:48:23.810490 47528974407488 run_miniworld.py:245] Evaluation iteration 104.
I1001 21:48:35.087939 47528974407488 run_miniworld.py:262] iteration: 104
 frame: 2600000
 eval_episode_return:  1.00
 train_episode_return:  1.00
 train_exploration_epsilon: 0.100
 train_frame_rate:  157
I1001 21:48:40.317381 47528974407488 run_miniworld.py:238] Data collection iteration 105.
I1001 21:51:19.110390 47528974407488 run_miniworld.py:245] Evaluation iteration 105.
I1001 21:51:30.626848 47528974407488 run_miniworld.py:262] iteration: 105
 frame: 2625000
 eval_episode_return:  1.00
 train_episode_return:  1.00
 train_exploration_epsilon: 0.100
 train_frame_rate:  157
I1001 21:51:33.990164 47528974407488 run_miniworld.py:238] Data collection iteration 106.
I1001 21:54:13.124403 47528974407488 run_miniworld.py:245] Evaluation iteration 106.
I1001 21:54:24.485583 47528974407488 run_miniworld.py:262] iteration: 106
 frame: 2650000
 eval_episode_return:  1.00
 train_episode_return:  1.00
 train_exploration_epsilon: 0.100
 train_frame_rate:  157
I1001 21:54:28.401379 47528974407488 run_miniworld.py:238] Data collection iteration 107.
I1001 21:57:07.262465 47528974407488 run_miniworld.py:245] Evaluation iteration 107.
I1001 21:57:18.318547 47528974407488 run_miniworld.py:262] iteration: 107
 frame: 2675000
 eval_episode_return:  1.00
 train_episode_return:  1.00
 train_exploration_epsilon: 0.100
 train_frame_rate:  157
I1001 21:57:21.721170 47528974407488 run_miniworld.py:238] Data collection iteration 108.
I1001 21:59:59.347916 47528974407488 run_miniworld.py:245] Evaluation iteration 108.
I1001 22:00:10.279557 47528974407488 run_miniworld.py:262] iteration: 108
 frame: 2700000
 eval_episode_return:  1.00
 train_episode_return:  1.00
 train_exploration_epsilon: 0.100
 train_frame_rate:  159
I1001 22:00:13.169980 47528974407488 run_miniworld.py:238] Data collection iteration 109.
I1001 22:02:51.889759 47528974407488 run_miniworld.py:245] Evaluation iteration 109.
I1001 22:03:03.067681 47528974407488 run_miniworld.py:262] iteration: 109
 frame: 2725000
 eval_episode_return:  1.00
 train_episode_return:  1.00
 train_exploration_epsilon: 0.100
 train_frame_rate:  158
I1001 22:03:07.423061 47528974407488 run_miniworld.py:238] Data collection iteration 110.
I1001 22:05:46.286743 47528974407488 run_miniworld.py:245] Evaluation iteration 110.
I1001 22:05:57.906804 47528974407488 run_miniworld.py:262] iteration: 110
 frame: 2750000
 eval_episode_return:  1.00
 train_episode_return:  1.00
 train_exploration_epsilon: 0.100
 train_frame_rate:  157
I1001 22:06:00.869162 47528974407488 run_miniworld.py:238] Data collection iteration 111.
I1001 22:08:40.354539 47528974407488 run_miniworld.py:245] Evaluation iteration 111.
I1001 22:08:51.667704 47528974407488 run_miniworld.py:262] iteration: 111
 frame: 2775000
 eval_episode_return:  1.00
 train_episode_return:  1.00
 train_exploration_epsilon: 0.100
 train_frame_rate:  157
I1001 22:08:55.776954 47528974407488 run_miniworld.py:238] Data collection iteration 112.
I1001 22:11:35.856179 47528974407488 run_miniworld.py:245] Evaluation iteration 112.
I1001 22:11:46.963339 47528974407488 run_miniworld.py:262] iteration: 112
 frame: 2800000
 eval_episode_return:  1.00
 train_episode_return:  1.00
 train_exploration_epsilon: 0.100
 train_frame_rate:  156
I1001 22:11:50.169814 47528974407488 run_miniworld.py:238] Data collection iteration 113.
I1001 22:14:29.494834 47528974407488 run_miniworld.py:245] Evaluation iteration 113.
I1001 22:14:40.989213 47528974407488 run_miniworld.py:262] iteration: 113
 frame: 2825000
 eval_episode_return:  1.00
 train_episode_return:  1.00
 train_exploration_epsilon: 0.100
 train_frame_rate:  157
I1001 22:14:44.142930 47528974407488 run_miniworld.py:238] Data collection iteration 114.
I1001 22:17:23.118995 47528974407488 run_miniworld.py:245] Evaluation iteration 114.
I1001 22:17:34.239532 47528974407488 run_miniworld.py:262] iteration: 114
 frame: 2850000
 eval_episode_return:  1.00
 train_episode_return:  1.00
 train_exploration_epsilon: 0.100
 train_frame_rate:  157
I1001 22:17:38.121339 47528974407488 run_miniworld.py:238] Data collection iteration 115.
I1001 22:20:17.534101 47528974407488 run_miniworld.py:245] Evaluation iteration 115.
I1001 22:20:28.860627 47528974407488 run_miniworld.py:262] iteration: 115
 frame: 2875000
 eval_episode_return:  1.00
 train_episode_return:  1.00
 train_exploration_epsilon: 0.100
 train_frame_rate:  157
I1001 22:20:32.100247 47528974407488 run_miniworld.py:238] Data collection iteration 116.
I1001 22:23:11.292133 47528974407488 run_miniworld.py:245] Evaluation iteration 116.
I1001 22:23:22.397811 47528974407488 run_miniworld.py:262] iteration: 116
 frame: 2900000
 eval_episode_return:  1.00
 train_episode_return:  1.00
 train_exploration_epsilon: 0.100
 train_frame_rate:  157
I1001 22:23:26.413832 47528974407488 run_miniworld.py:238] Data collection iteration 117.
I1001 22:26:07.284753 47528974407488 run_miniworld.py:245] Evaluation iteration 117.
I1001 22:26:18.587097 47528974407488 run_miniworld.py:262] iteration: 117
 frame: 2925000
 eval_episode_return:  1.00
 train_episode_return:  1.00
 train_exploration_epsilon: 0.100
 train_frame_rate:  155
I1001 22:26:21.517102 47528974407488 run_miniworld.py:238] Data collection iteration 118.
I1001 22:29:01.433664 47528974407488 run_miniworld.py:245] Evaluation iteration 118.
I1001 22:29:12.650502 47528974407488 run_miniworld.py:262] iteration: 118
 frame: 2950000
 eval_episode_return:  1.00
 train_episode_return:  1.00
 train_exploration_epsilon: 0.100
 train_frame_rate:  156
I1001 22:29:15.441045 47528974407488 run_miniworld.py:238] Data collection iteration 119.
I1001 22:31:55.269295 47528974407488 run_miniworld.py:245] Evaluation iteration 119.
I1001 22:32:09.176276 47528974407488 run_miniworld.py:262] iteration: 119
 frame: 2975000
 eval_episode_return:  1.00
 train_episode_return:  1.00
 train_exploration_epsilon: 0.100
 train_frame_rate:  156
I1001 22:32:12.322048 47528974407488 run_miniworld.py:238] Data collection iteration 120.
I1001 22:34:52.594356 47528974407488 run_miniworld.py:245] Evaluation iteration 120.
I1001 22:35:03.763226 47528974407488 run_miniworld.py:262] iteration: 120
 frame: 3000000
 eval_episode_return:  1.00
 train_episode_return:  1.00
 train_exploration_epsilon: 0.100
 train_frame_rate:  156
I1001 22:35:06.727044 47528974407488 run_miniworld.py:238] Data collection iteration 121.
I1001 22:37:45.469559 47528974407488 run_miniworld.py:245] Evaluation iteration 121.
I1001 22:37:56.619742 47528974407488 run_miniworld.py:262] iteration: 121
 frame: 3025000
 eval_episode_return:  1.00
 train_episode_return:  1.00
 train_exploration_epsilon: 0.100
 train_frame_rate:  157
I1001 22:38:00.562287 47528974407488 run_miniworld.py:238] Data collection iteration 122.
I1001 22:40:41.676250 47528974407488 run_miniworld.py:245] Evaluation iteration 122.
I1001 22:40:52.933561 47528974407488 run_miniworld.py:262] iteration: 122
 frame: 3050000
 eval_episode_return:  1.00
 train_episode_return:  1.00
 train_exploration_epsilon: 0.100
 train_frame_rate:  155
I1001 22:40:55.900915 47528974407488 run_miniworld.py:238] Data collection iteration 123.
I1001 22:43:37.472544 47528974407488 run_miniworld.py:245] Evaluation iteration 123.
I1001 22:43:48.919090 47528974407488 run_miniworld.py:262] iteration: 123
 frame: 3075000
 eval_episode_return:  1.00
 train_episode_return:  1.00
 train_exploration_epsilon: 0.100
 train_frame_rate:  155
I1001 22:43:52.190838 47528974407488 run_miniworld.py:238] Data collection iteration 124.
I1001 22:46:33.854350 47528974407488 run_miniworld.py:245] Evaluation iteration 124.
I1001 22:46:45.014509 47528974407488 run_miniworld.py:262] iteration: 124
 frame: 3100000
 eval_episode_return:  1.00
 train_episode_return:  1.00
 train_exploration_epsilon: 0.100
 train_frame_rate:  155
I1001 22:46:48.434122 47528974407488 run_miniworld.py:238] Data collection iteration 125.
I1001 22:49:28.128492 47528974407488 run_miniworld.py:245] Evaluation iteration 125.
I1001 22:49:39.233286 47528974407488 run_miniworld.py:262] iteration: 125
 frame: 3125000
 eval_episode_return:  1.00
 train_episode_return:  1.00
 train_exploration_epsilon: 0.100
 train_frame_rate:  157
I1001 22:49:42.612035 47528974407488 run_miniworld.py:238] Data collection iteration 126.
I1001 22:52:20.660347 47528974407488 run_miniworld.py:245] Evaluation iteration 126.
I1001 22:52:31.796219 47528974407488 run_miniworld.py:262] iteration: 126
 frame: 3150000
 eval_episode_return:  1.00
 train_episode_return:  1.00
 train_exploration_epsilon: 0.100
 train_frame_rate:  158
I1001 22:52:36.403417 47528974407488 run_miniworld.py:238] Data collection iteration 127.
I1001 22:55:15.637506 47528974407488 run_miniworld.py:245] Evaluation iteration 127.
I1001 22:55:26.836927 47528974407488 run_miniworld.py:262] iteration: 127
 frame: 3175000
 eval_episode_return:  1.00
 train_episode_return:  1.00
 train_exploration_epsilon: 0.100
 train_frame_rate:  157
I1001 22:55:30.056517 47528974407488 run_miniworld.py:238] Data collection iteration 128.
I1001 22:58:08.742359 47528974407488 run_miniworld.py:245] Evaluation iteration 128.
I1001 22:58:20.048320 47528974407488 run_miniworld.py:262] iteration: 128
 frame: 3200000
 eval_episode_return:  1.00
 train_episode_return:  1.00
 train_exploration_epsilon: 0.100
 train_frame_rate:  158
I1001 22:58:24.072291 47528974407488 run_miniworld.py:238] Data collection iteration 129.
I1001 23:01:03.421386 47528974407488 run_miniworld.py:245] Evaluation iteration 129.
I1001 23:01:14.661484 47528974407488 run_miniworld.py:262] iteration: 129
 frame: 3225000
 eval_episode_return:  1.00
 train_episode_return:  1.00
 train_exploration_epsilon: 0.100
 train_frame_rate:  157
I1001 23:01:17.687848 47528974407488 run_miniworld.py:238] Data collection iteration 130.
I1001 23:03:57.419136 47528974407488 run_miniworld.py:245] Evaluation iteration 130.
I1001 23:04:08.691435 47528974407488 run_miniworld.py:262] iteration: 130
 frame: 3250000
 eval_episode_return:  1.00
 train_episode_return:  1.00
 train_exploration_epsilon: 0.100
 train_frame_rate:  157
I1001 23:04:11.575312 47528974407488 run_miniworld.py:238] Data collection iteration 131.
I1001 23:06:49.608587 47528974407488 run_miniworld.py:245] Evaluation iteration 131.
I1001 23:07:00.993798 47528974407488 run_miniworld.py:262] iteration: 131
 frame: 3275000
 eval_episode_return:  1.00
 train_episode_return:  1.00
 train_exploration_epsilon: 0.100
 train_frame_rate:  158
I1001 23:07:04.984189 47528974407488 run_miniworld.py:238] Data collection iteration 132.
I1001 23:10:57.078800 47528974407488 run_miniworld.py:245] Evaluation iteration 132.
I1001 23:11:08.243944 47528974407488 run_miniworld.py:262] iteration: 132
 frame: 3300000
 eval_episode_return:  1.00
 train_episode_return:  1.00
 train_exploration_epsilon: 0.100
 train_frame_rate:  108
I1001 23:11:11.198072 47528974407488 run_miniworld.py:238] Data collection iteration 133.
I1001 23:13:50.414954 47528974407488 run_miniworld.py:245] Evaluation iteration 133.
I1001 23:14:01.792239 47528974407488 run_miniworld.py:262] iteration: 133
 frame: 3325000
 eval_episode_return:  1.00
 train_episode_return:  1.00
 train_exploration_epsilon: 0.100
 train_frame_rate:  157
I1001 23:14:05.764613 47528974407488 run_miniworld.py:238] Data collection iteration 134.
I1001 23:16:44.794369 47528974407488 run_miniworld.py:245] Evaluation iteration 134.
I1001 23:16:55.990792 47528974407488 run_miniworld.py:262] iteration: 134
 frame: 3350000
 eval_episode_return:  1.00
 train_episode_return:  1.00
 train_exploration_epsilon: 0.100
 train_frame_rate:  157
I1001 23:16:59.272133 47528974407488 run_miniworld.py:238] Data collection iteration 135.
I1001 23:19:39.145225 47528974407488 run_miniworld.py:245] Evaluation iteration 135.
I1001 23:19:50.414346 47528974407488 run_miniworld.py:262] iteration: 135
 frame: 3375000
 eval_episode_return:  1.00
 train_episode_return:  1.00
 train_exploration_epsilon: 0.100
 train_frame_rate:  156
I1001 23:19:53.962687 47528974407488 run_miniworld.py:238] Data collection iteration 136.
I1001 23:22:32.123123 47528974407488 run_miniworld.py:245] Evaluation iteration 136.
I1001 23:22:43.722323 47528974407488 run_miniworld.py:262] iteration: 136
 frame: 3400000
 eval_episode_return:  1.00
 train_episode_return:  1.00
 train_exploration_epsilon: 0.100
 train_frame_rate:  158
I1001 23:22:48.097421 47528974407488 run_miniworld.py:238] Data collection iteration 137.
I1001 23:25:27.779330 47528974407488 run_miniworld.py:245] Evaluation iteration 137.
I1001 23:25:39.323718 47528974407488 run_miniworld.py:262] iteration: 137
 frame: 3425000
 eval_episode_return:  1.00
 train_episode_return:  0.99
 train_exploration_epsilon: 0.100
 train_frame_rate:  157
I1001 23:25:42.202362 47528974407488 run_miniworld.py:238] Data collection iteration 138.
I1001 23:28:21.722585 47528974407488 run_miniworld.py:245] Evaluation iteration 138.
I1001 23:28:32.888725 47528974407488 run_miniworld.py:262] iteration: 138
 frame: 3450000
 eval_episode_return:  1.00
 train_episode_return:  1.00
 train_exploration_epsilon: 0.100
 train_frame_rate:  157
I1001 23:28:39.220711 47528974407488 run_miniworld.py:238] Data collection iteration 139.
I1001 23:31:19.334297 47528974407488 run_miniworld.py:245] Evaluation iteration 139.
I1001 23:31:30.321528 47528974407488 run_miniworld.py:262] iteration: 139
 frame: 3475000
 eval_episode_return:  1.00
 train_episode_return:  1.00
 train_exploration_epsilon: 0.100
 train_frame_rate:  156
I1001 23:31:33.340095 47528974407488 run_miniworld.py:238] Data collection iteration 140.
I1001 23:34:12.791908 47528974407488 run_miniworld.py:245] Evaluation iteration 140.
I1001 23:34:24.310393 47528974407488 run_miniworld.py:262] iteration: 140
 frame: 3500000
 eval_episode_return:  1.00
 train_episode_return:  1.00
 train_exploration_epsilon: 0.100
 train_frame_rate:  157
I1001 23:34:27.245481 47528974407488 run_miniworld.py:238] Data collection iteration 141.
I1001 23:37:05.542138 47528974407488 run_miniworld.py:245] Evaluation iteration 141.
I1001 23:37:16.846585 47528974407488 run_miniworld.py:262] iteration: 141
 frame: 3525000
 eval_episode_return:  1.00
 train_episode_return:  1.00
 train_exploration_epsilon: 0.100
 train_frame_rate:  158
I1001 23:37:21.283954 47528974407488 run_miniworld.py:238] Data collection iteration 142.
I1001 23:40:01.344255 47528974407488 run_miniworld.py:245] Evaluation iteration 142.
I1001 23:40:13.160300 47528974407488 run_miniworld.py:262] iteration: 142
 frame: 3550000
 eval_episode_return:  1.00
 train_episode_return:  1.00
 train_exploration_epsilon: 0.100
 train_frame_rate:  156
I1001 23:40:16.110275 47528974407488 run_miniworld.py:238] Data collection iteration 143.
I1001 23:42:55.761222 47528974407488 run_miniworld.py:245] Evaluation iteration 143.
I1001 23:43:07.149943 47528974407488 run_miniworld.py:262] iteration: 143
 frame: 3575000
 eval_episode_return:  1.00
 train_episode_return:  1.00
 train_exploration_epsilon: 0.100
 train_frame_rate:  157
I1001 23:43:11.061639 47528974407488 run_miniworld.py:238] Data collection iteration 144.
I1001 23:45:50.279155 47528974407488 run_miniworld.py:245] Evaluation iteration 144.
I1001 23:46:01.613540 47528974407488 run_miniworld.py:262] iteration: 144
 frame: 3600000
 eval_episode_return:  1.00
 train_episode_return:  1.00
 train_exploration_epsilon: 0.100
 train_frame_rate:  157
I1001 23:46:04.482129 47528974407488 run_miniworld.py:238] Data collection iteration 145.
I1001 23:48:44.267772 47528974407488 run_miniworld.py:245] Evaluation iteration 145.
I1001 23:48:55.701677 47528974407488 run_miniworld.py:262] iteration: 145
 frame: 3625000
 eval_episode_return:  1.00
 train_episode_return:  1.00
 train_exploration_epsilon: 0.100
 train_frame_rate:  156
I1001 23:48:58.672043 47528974407488 run_miniworld.py:238] Data collection iteration 146.
I1001 23:51:38.367692 47528974407488 run_miniworld.py:245] Evaluation iteration 146.
I1001 23:51:49.879467 47528974407488 run_miniworld.py:262] iteration: 146
 frame: 3650000
 eval_episode_return:  1.00
 train_episode_return:  1.00
 train_exploration_epsilon: 0.100
 train_frame_rate:  157
I1001 23:51:54.048644 47528974407488 run_miniworld.py:238] Data collection iteration 147.
I1001 23:54:33.462990 47528974407488 run_miniworld.py:245] Evaluation iteration 147.
I1001 23:54:44.714835 47528974407488 run_miniworld.py:262] iteration: 147
 frame: 3675000
 eval_episode_return:  1.00
 train_episode_return:  1.00
 train_exploration_epsilon: 0.100
 train_frame_rate:  157
I1001 23:54:47.617650 47528974407488 run_miniworld.py:238] Data collection iteration 148.
I1001 23:57:26.924049 47528974407488 run_miniworld.py:245] Evaluation iteration 148.
I1001 23:57:38.414633 47528974407488 run_miniworld.py:262] iteration: 148
 frame: 3700000
 eval_episode_return:  1.00
 train_episode_return:  1.00
 train_exploration_epsilon: 0.100
 train_frame_rate:  157
I1001 23:57:42.247137 47528974407488 run_miniworld.py:238] Data collection iteration 149.
I1002 00:00:21.885806 47528974407488 run_miniworld.py:245] Evaluation iteration 149.
I1002 00:00:33.215138 47528974407488 run_miniworld.py:262] iteration: 149
 frame: 3725000
 eval_episode_return:  1.00
 train_episode_return:  1.00
 train_exploration_epsilon: 0.100
 train_frame_rate:  157
I1002 00:00:36.266681 47528974407488 run_miniworld.py:238] Data collection iteration 150.
I1002 00:03:15.035466 47528974407488 run_miniworld.py:245] Evaluation iteration 150.
I1002 00:03:26.061355 47528974407488 run_miniworld.py:262] iteration: 150
 frame: 3750000
 eval_episode_return:  1.00
 train_episode_return:  1.00
 train_exploration_epsilon: 0.100
 train_frame_rate:  157
I1002 00:03:29.193758 47528974407488 run_miniworld.py:238] Data collection iteration 151.
I1002 00:06:07.962402 47528974407488 run_miniworld.py:245] Evaluation iteration 151.
I1002 00:06:19.299801 47528974407488 run_miniworld.py:262] iteration: 151
 frame: 3775000
 eval_episode_return:  1.00
 train_episode_return:  1.00
 train_exploration_epsilon: 0.100
 train_frame_rate:  157
I1002 00:06:23.236121 47528974407488 run_miniworld.py:238] Data collection iteration 152.
I1002 00:09:03.694368 47528974407488 run_miniworld.py:245] Evaluation iteration 152.
I1002 00:09:15.201633 47528974407488 run_miniworld.py:262] iteration: 152
 frame: 3800000
 eval_episode_return:  1.00
 train_episode_return:  1.00
 train_exploration_epsilon: 0.100
 train_frame_rate:  156
I1002 00:09:18.194828 47528974407488 run_miniworld.py:238] Data collection iteration 153.
I1002 00:11:57.949799 47528974407488 run_miniworld.py:245] Evaluation iteration 153.
I1002 00:12:09.393519 47528974407488 run_miniworld.py:262] iteration: 153
 frame: 3825000
 eval_episode_return:  1.00
 train_episode_return:  1.00
 train_exploration_epsilon: 0.100
 train_frame_rate:  156
I1002 00:12:13.270051 47528974407488 run_miniworld.py:238] Data collection iteration 154.
I1002 00:14:53.748206 47528974407488 run_miniworld.py:245] Evaluation iteration 154.
I1002 00:15:03.691010 47528974407488 run_miniworld.py:262] iteration: 154
 frame: 3850000
 eval_episode_return:  1.00
 train_episode_return:  1.00
 train_exploration_epsilon: 0.100
 train_frame_rate:  156
I1002 00:15:06.561664 47528974407488 run_miniworld.py:238] Data collection iteration 155.
I1002 00:17:46.965145 47528974407488 run_miniworld.py:245] Evaluation iteration 155.
I1002 00:17:58.720090 47528974407488 run_miniworld.py:262] iteration: 155
 frame: 3875000
 eval_episode_return:  1.00
 train_episode_return:  1.00
 train_exploration_epsilon: 0.100
 train_frame_rate:  156
I1002 00:18:01.805670 47528974407488 run_miniworld.py:238] Data collection iteration 156.
I1002 00:20:40.959702 47528974407488 run_miniworld.py:245] Evaluation iteration 156.
I1002 00:20:52.593440 47528974407488 run_miniworld.py:262] iteration: 156
 frame: 3900000
 eval_episode_return:  1.00
 train_episode_return:  1.00
 train_exploration_epsilon: 0.100
 train_frame_rate:  157
I1002 00:20:56.699239 47528974407488 run_miniworld.py:238] Data collection iteration 157.
I1002 00:23:36.971553 47528974407488 run_miniworld.py:245] Evaluation iteration 157.
I1002 00:23:48.269549 47528974407488 run_miniworld.py:262] iteration: 157
 frame: 3925000
 eval_episode_return:  1.00
 train_episode_return:  1.00
 train_exploration_epsilon: 0.100
 train_frame_rate:  156
I1002 00:23:53.103003 47528974407488 run_miniworld.py:238] Data collection iteration 158.
I1002 00:26:32.600841 47528974407488 run_miniworld.py:245] Evaluation iteration 158.
I1002 00:26:43.859547 47528974407488 run_miniworld.py:262] iteration: 158
 frame: 3950000
 eval_episode_return:  1.00
 train_episode_return:  1.00
 train_exploration_epsilon: 0.100
 train_frame_rate:  157
I1002 00:26:48.579356 47528974407488 run_miniworld.py:238] Data collection iteration 159.
I1002 00:29:29.184258 47528974407488 run_miniworld.py:245] Evaluation iteration 159.
I1002 00:29:40.562864 47528974407488 run_miniworld.py:262] iteration: 159
 frame: 3975000
 eval_episode_return:  1.00
 train_episode_return:  1.00
 train_exploration_epsilon: 0.100
 train_frame_rate:  156
I1002 00:29:43.400276 47528974407488 run_miniworld.py:238] Data collection iteration 160.
I1002 00:32:22.064773 47528974407488 run_miniworld.py:245] Evaluation iteration 160.
I1002 00:32:33.241539 47528974407488 run_miniworld.py:262] iteration: 160
 frame: 4000000
 eval_episode_return:  1.00
 train_episode_return:  1.00
 train_exploration_epsilon: 0.100
 train_frame_rate:  158
I1002 00:32:36.254684 47528974407488 run_miniworld.py:238] Data collection iteration 161.
I1002 00:35:15.850311 47528974407488 run_miniworld.py:245] Evaluation iteration 161.
I1002 00:35:27.348286 47528974407488 run_miniworld.py:262] iteration: 161
 frame: 4025000
 eval_episode_return:  1.00
 train_episode_return:  1.00
 train_exploration_epsilon: 0.100
 train_frame_rate:  157
I1002 00:35:31.608322 47528974407488 run_miniworld.py:238] Data collection iteration 162.
I1002 00:38:12.921425 47528974407488 run_miniworld.py:245] Evaluation iteration 162.
I1002 00:38:24.797440 47528974407488 run_miniworld.py:262] iteration: 162
 frame: 4050000
 eval_episode_return:  1.00
 train_episode_return:  1.00
 train_exploration_epsilon: 0.100
 train_frame_rate:  155
I1002 00:38:27.713459 47528974407488 run_miniworld.py:238] Data collection iteration 163.
I1002 00:41:08.742061 47528974407488 run_miniworld.py:245] Evaluation iteration 163.
I1002 00:41:20.166413 47528974407488 run_miniworld.py:262] iteration: 163
 frame: 4075000
 eval_episode_return:  1.00
 train_episode_return:  1.00
 train_exploration_epsilon: 0.100
 train_frame_rate:  155
I1002 00:41:24.476318 47528974407488 run_miniworld.py:238] Data collection iteration 164.
I1002 00:44:08.695921 47528974407488 run_miniworld.py:245] Evaluation iteration 164.
I1002 00:44:20.505463 47528974407488 run_miniworld.py:262] iteration: 164
 frame: 4100000
 eval_episode_return:  1.00
 train_episode_return:  1.00
 train_exploration_epsilon: 0.100
 train_frame_rate:  152
I1002 00:44:23.419131 47528974407488 run_miniworld.py:238] Data collection iteration 165.
I1002 00:47:04.804329 47528974407488 run_miniworld.py:245] Evaluation iteration 165.
I1002 00:47:16.386081 47528974407488 run_miniworld.py:262] iteration: 165
 frame: 4125000
 eval_episode_return:  1.00
 train_episode_return:  1.00
 train_exploration_epsilon: 0.100
 train_frame_rate:  155
I1002 00:47:19.539309 47528974407488 run_miniworld.py:238] Data collection iteration 166.
I1002 00:50:00.099044 47528974407488 run_miniworld.py:245] Evaluation iteration 166.
I1002 00:50:11.344167 47528974407488 run_miniworld.py:262] iteration: 166
 frame: 4150000
 eval_episode_return:  1.00
 train_episode_return:  1.00
 train_exploration_epsilon: 0.100
 train_frame_rate:  156
I1002 00:50:17.892049 47528974407488 run_miniworld.py:238] Data collection iteration 167.
I1002 00:52:57.244888 47528974407488 run_miniworld.py:245] Evaluation iteration 167.
I1002 00:53:08.651461 47528974407488 run_miniworld.py:262] iteration: 167
 frame: 4175000
 eval_episode_return:  1.00
 train_episode_return:  1.00
 train_exploration_epsilon: 0.100
 train_frame_rate:  157
I1002 00:53:11.708304 47528974407488 run_miniworld.py:238] Data collection iteration 168.
I1002 00:55:50.921598 47528974407488 run_miniworld.py:245] Evaluation iteration 168.
I1002 00:56:02.165310 47528974407488 run_miniworld.py:262] iteration: 168
 frame: 4200000
 eval_episode_return:  1.00
 train_episode_return:  1.00
 train_exploration_epsilon: 0.100
 train_frame_rate:  157
I1002 00:56:06.223629 47528974407488 run_miniworld.py:238] Data collection iteration 169.
I1002 00:58:47.368553 47528974407488 run_miniworld.py:245] Evaluation iteration 169.
I1002 00:58:58.642066 47528974407488 run_miniworld.py:262] iteration: 169
 frame: 4225000
 eval_episode_return:  1.00
 train_episode_return:  1.00
 train_exploration_epsilon: 0.100
 train_frame_rate:  155
I1002 00:59:01.505001 47528974407488 run_miniworld.py:238] Data collection iteration 170.
I1002 01:01:40.940408 47528974407488 run_miniworld.py:245] Evaluation iteration 170.
I1002 01:01:52.413375 47528974407488 run_miniworld.py:262] iteration: 170
 frame: 4250000
 eval_episode_return:  1.00
 train_episode_return:  1.00
 train_exploration_epsilon: 0.100
 train_frame_rate:  157
I1002 01:01:55.286585 47528974407488 run_miniworld.py:238] Data collection iteration 171.
I1002 01:04:34.366682 47528974407488 run_miniworld.py:245] Evaluation iteration 171.
I1002 01:04:45.535203 47528974407488 run_miniworld.py:262] iteration: 171
 frame: 4275000
 eval_episode_return:  1.00
 train_episode_return:  1.00
 train_exploration_epsilon: 0.100
 train_frame_rate:  157
I1002 01:04:49.508696 47528974407488 run_miniworld.py:238] Data collection iteration 172.
I1002 01:07:29.191263 47528974407488 run_miniworld.py:245] Evaluation iteration 172.
I1002 01:07:40.708074 47528974407488 run_miniworld.py:262] iteration: 172
 frame: 4300000
 eval_episode_return:  1.00
 train_episode_return:  1.00
 train_exploration_epsilon: 0.100
 train_frame_rate:  157
I1002 01:07:43.658946 47528974407488 run_miniworld.py:238] Data collection iteration 173.
I1002 01:10:23.484116 47528974407488 run_miniworld.py:245] Evaluation iteration 173.
I1002 01:10:34.455407 47528974407488 run_miniworld.py:262] iteration: 173
 frame: 4325000
 eval_episode_return:  1.00
 train_episode_return:  1.00
 train_exploration_epsilon: 0.100
 train_frame_rate:  156
I1002 01:10:38.563918 47528974407488 run_miniworld.py:238] Data collection iteration 174.
I1002 01:13:20.010431 47528974407488 run_miniworld.py:245] Evaluation iteration 174.
I1002 01:13:31.681109 47528974407488 run_miniworld.py:262] iteration: 174
 frame: 4350000
 eval_episode_return:  1.00
 train_episode_return:  1.00
 train_exploration_epsilon: 0.100
 train_frame_rate:  155
I1002 01:13:34.572848 47528974407488 run_miniworld.py:238] Data collection iteration 175.
I1002 01:16:14.260016 47528974407488 run_miniworld.py:245] Evaluation iteration 175.
I1002 01:16:25.773821 47528974407488 run_miniworld.py:262] iteration: 175
 frame: 4375000
 eval_episode_return:  1.00
 train_episode_return:  1.00
 train_exploration_epsilon: 0.100
 train_frame_rate:  157
I1002 01:16:28.671901 47528974407488 run_miniworld.py:238] Data collection iteration 176.
I1002 01:19:08.238030 47528974407488 run_miniworld.py:245] Evaluation iteration 176.
I1002 01:19:19.877109 47528974407488 run_miniworld.py:262] iteration: 176
 frame: 4400000
 eval_episode_return:  1.00
 train_episode_return:  1.00
 train_exploration_epsilon: 0.100
 train_frame_rate:  157
I1002 01:19:24.028828 47528974407488 run_miniworld.py:238] Data collection iteration 177.
I1002 01:22:05.127151 47528974407488 run_miniworld.py:245] Evaluation iteration 177.
I1002 01:22:16.942198 47528974407488 run_miniworld.py:262] iteration: 177
 frame: 4425000
 eval_episode_return:  1.00
 train_episode_return:  1.00
 train_exploration_epsilon: 0.100
 train_frame_rate:  155
I1002 01:22:19.920469 47528974407488 run_miniworld.py:238] Data collection iteration 178.
I1002 01:25:01.311143 47528974407488 run_miniworld.py:245] Evaluation iteration 178.
I1002 01:25:13.092469 47528974407488 run_miniworld.py:262] iteration: 178
 frame: 4450000
 eval_episode_return:  1.00
 train_episode_return:  1.00
 train_exploration_epsilon: 0.100
 train_frame_rate:  155
I1002 01:25:17.153289 47528974407488 run_miniworld.py:238] Data collection iteration 179.
I1002 01:27:58.332183 47528974407488 run_miniworld.py:245] Evaluation iteration 179.
I1002 01:28:09.623585 47528974407488 run_miniworld.py:262] iteration: 179
 frame: 4475000
 eval_episode_return:  1.00
 train_episode_return:  1.00
 train_exploration_epsilon: 0.100
 train_frame_rate:  155
I1002 01:28:12.446978 47528974407488 run_miniworld.py:238] Data collection iteration 180.
I1002 01:30:51.910887 47528974407488 run_miniworld.py:245] Evaluation iteration 180.
I1002 01:31:03.225114 47528974407488 run_miniworld.py:262] iteration: 180
 frame: 4500000
 eval_episode_return:  1.00
 train_episode_return:  1.00
 train_exploration_epsilon: 0.100
 train_frame_rate:  157
I1002 01:31:06.062238 47528974407488 run_miniworld.py:238] Data collection iteration 181.
I1002 01:33:44.273813 47528974407488 run_miniworld.py:245] Evaluation iteration 181.
I1002 01:33:55.365377 47528974407488 run_miniworld.py:262] iteration: 181
 frame: 4525000
 eval_episode_return:  1.00
 train_episode_return:  1.00
 train_exploration_epsilon: 0.100
 train_frame_rate:  158
I1002 01:33:59.432924 47528974407488 run_miniworld.py:238] Data collection iteration 182.
I1002 01:36:39.942915 47528974407488 run_miniworld.py:245] Evaluation iteration 182.
I1002 01:36:51.202253 47528974407488 run_miniworld.py:262] iteration: 182
 frame: 4550000
 eval_episode_return:  1.00
 train_episode_return:  1.00
 train_exploration_epsilon: 0.100
 train_frame_rate:  156
I1002 01:36:54.138566 47528974407488 run_miniworld.py:238] Data collection iteration 183.
I1002 01:39:33.841565 47528974407488 run_miniworld.py:245] Evaluation iteration 183.
I1002 01:39:44.947230 47528974407488 run_miniworld.py:262] iteration: 183
 frame: 4575000
 eval_episode_return:  1.00
 train_episode_return:  1.00
 train_exploration_epsilon: 0.100
 train_frame_rate:  157
I1002 01:39:48.960858 47528974407488 run_miniworld.py:238] Data collection iteration 184.
I1002 01:42:29.086813 47528974407488 run_miniworld.py:245] Evaluation iteration 184.
I1002 01:42:40.826446 47528974407488 run_miniworld.py:262] iteration: 184
 frame: 4600000
 eval_episode_return:  1.00
 train_episode_return:  1.00
 train_exploration_epsilon: 0.100
 train_frame_rate:  156
I1002 01:42:43.682930 47528974407488 run_miniworld.py:238] Data collection iteration 185.
I1002 01:45:23.288456 47528974407488 run_miniworld.py:245] Evaluation iteration 185.
I1002 01:45:34.406435 47528974407488 run_miniworld.py:262] iteration: 185
 frame: 4625000
 eval_episode_return:  1.00
 train_episode_return:  1.00
 train_exploration_epsilon: 0.100
 train_frame_rate:  157
I1002 01:45:37.201617 47528974407488 run_miniworld.py:238] Data collection iteration 186.
I1002 01:48:18.579020 47528974407488 run_miniworld.py:245] Evaluation iteration 186.
I1002 01:48:30.147541 47528974407488 run_miniworld.py:262] iteration: 186
 frame: 4650000
 eval_episode_return:  1.00
 train_episode_return:  1.00
 train_exploration_epsilon: 0.100
 train_frame_rate:  155
I1002 01:48:33.136995 47528974407488 run_miniworld.py:238] Data collection iteration 187.
I1002 01:51:12.588217 47528974407488 run_miniworld.py:245] Evaluation iteration 187.
I1002 01:51:24.204870 47528974407488 run_miniworld.py:262] iteration: 187
 frame: 4675000
 eval_episode_return:  1.00
 train_episode_return:  1.00
 train_exploration_epsilon: 0.100
 train_frame_rate:  157
I1002 01:51:27.060194 47528974407488 run_miniworld.py:238] Data collection iteration 188.
I1002 01:54:07.788636 47528974407488 run_miniworld.py:245] Evaluation iteration 188.
I1002 01:54:19.226276 47528974407488 run_miniworld.py:262] iteration: 188
 frame: 4700000
 eval_episode_return:  1.00
 train_episode_return:  1.00
 train_exploration_epsilon: 0.100
 train_frame_rate:  156
I1002 01:54:23.111933 47528974407488 run_miniworld.py:238] Data collection iteration 189.
I1002 01:57:04.016885 47528974407488 run_miniworld.py:245] Evaluation iteration 189.
I1002 01:57:15.728451 47528974407488 run_miniworld.py:262] iteration: 189
 frame: 4725000
 eval_episode_return:  1.00
 train_episode_return:  1.00
 train_exploration_epsilon: 0.100
 train_frame_rate:  155
I1002 01:57:18.593283 47528974407488 run_miniworld.py:238] Data collection iteration 190.
I1002 01:59:58.676409 47528974407488 run_miniworld.py:245] Evaluation iteration 190.
I1002 02:00:09.999512 47528974407488 run_miniworld.py:262] iteration: 190
 frame: 4750000
 eval_episode_return:  1.00
 train_episode_return:  1.00
 train_exploration_epsilon: 0.100
 train_frame_rate:  156
I1002 02:00:13.019650 47528974407488 run_miniworld.py:238] Data collection iteration 191.
I1002 02:02:56.154764 47528974407488 run_miniworld.py:245] Evaluation iteration 191.
I1002 02:03:07.700633 47528974407488 run_miniworld.py:262] iteration: 191
 frame: 4775000
 eval_episode_return:  1.00
 train_episode_return:  1.00
 train_exploration_epsilon: 0.100
 train_frame_rate:  153
I1002 02:03:10.566994 47528974407488 run_miniworld.py:238] Data collection iteration 192.
I1002 02:05:50.270225 47528974407488 run_miniworld.py:245] Evaluation iteration 192.
I1002 02:06:01.411173 47528974407488 run_miniworld.py:262] iteration: 192
 frame: 4800000
 eval_episode_return:  1.00
 train_episode_return:  1.00
 train_exploration_epsilon: 0.100
 train_frame_rate:  157
I1002 02:06:04.211969 47528974407488 run_miniworld.py:238] Data collection iteration 193.
I1002 02:08:44.032280 47528974407488 run_miniworld.py:245] Evaluation iteration 193.
I1002 02:08:55.479854 47528974407488 run_miniworld.py:262] iteration: 193
 frame: 4825000
 eval_episode_return:  1.00
 train_episode_return:  1.00
 train_exploration_epsilon: 0.100
 train_frame_rate:  156
I1002 02:08:59.319879 47528974407488 run_miniworld.py:238] Data collection iteration 194.
I1002 02:11:38.239326 47528974407488 run_miniworld.py:245] Evaluation iteration 194.
I1002 02:11:49.477573 47528974407488 run_miniworld.py:262] iteration: 194
 frame: 4850000
 eval_episode_return:  1.00
 train_episode_return:  1.00
 train_exploration_epsilon: 0.100
 train_frame_rate:  157
I1002 02:11:52.341243 47528974407488 run_miniworld.py:238] Data collection iteration 195.
I1002 02:14:32.340760 47528974407488 run_miniworld.py:245] Evaluation iteration 195.
I1002 02:14:43.620758 47528974407488 run_miniworld.py:262] iteration: 195
 frame: 4875000
 eval_episode_return:  1.00
 train_episode_return:  1.00
 train_exploration_epsilon: 0.100
 train_frame_rate:  156
I1002 02:14:47.535167 47528974407488 run_miniworld.py:238] Data collection iteration 196.
I1002 02:17:27.977502 47528974407488 run_miniworld.py:245] Evaluation iteration 196.
I1002 02:17:39.093678 47528974407488 run_miniworld.py:262] iteration: 196
 frame: 4900000
 eval_episode_return:  1.00
 train_episode_return:  1.00
 train_exploration_epsilon: 0.100
 train_frame_rate:  156
I1002 02:17:41.930753 47528974407488 run_miniworld.py:238] Data collection iteration 197.
I1002 02:20:22.183017 47528974407488 run_miniworld.py:245] Evaluation iteration 197.
I1002 02:20:33.766759 47528974407488 run_miniworld.py:262] iteration: 197
 frame: 4925000
 eval_episode_return:  1.00
 train_episode_return:  1.00
 train_exploration_epsilon: 0.100
 train_frame_rate:  156
I1002 02:20:44.867653 47528974407488 run_miniworld.py:238] Data collection iteration 198.
I1002 02:23:30.204523 47528974407488 run_miniworld.py:245] Evaluation iteration 198.
I1002 02:23:41.549439 47528974407488 run_miniworld.py:262] iteration: 198
 frame: 4950000
 eval_episode_return:  1.00
 train_episode_return:  1.00
 train_exploration_epsilon: 0.100
 train_frame_rate:  151
I1002 02:23:45.747526 47528974407488 run_miniworld.py:238] Data collection iteration 199.
I1002 02:26:27.630443 47528974407488 run_miniworld.py:245] Evaluation iteration 199.
I1002 02:26:39.467480 47528974407488 run_miniworld.py:262] iteration: 199
 frame: 4975000
 eval_episode_return:  1.00
 train_episode_return:  1.00
 train_exploration_epsilon: 0.100
 train_frame_rate:  154
I1002 02:26:42.392306 47528974407488 run_miniworld.py:238] Data collection iteration 200.
I1002 02:29:23.220906 47528974407488 run_miniworld.py:245] Evaluation iteration 200.
I1002 02:29:33.367722 47528974407488 run_miniworld.py:262] iteration: 200
 frame: 5000000
 eval_episode_return:  1.00
 train_episode_return:  1.00
 train_exploration_epsilon: 0.100
 train_frame_rate:  155
Falling back to num_samples=1
Falling back to num_samples=1
Falling back to num_samples=1
Falling back to num_samples=1
Falling back to num_samples=1
Falling back to num_samples=1
Falling back to num_samples=1
Falling back to num_samples=1
Falling back to num_samples=1
Falling back to num_samples=1
Falling back to num_samples=1
Falling back to num_samples=1
Falling back to num_samples=1
Falling back to num_samples=1
Falling back to num_samples=1
Falling back to num_samples=1
Falling back to num_samples=1
Falling back to num_samples=1
Falling back to num_samples=1
Falling back to num_samples=1
Falling back to num_samples=1
Falling back to num_samples=1
Falling back to num_samples=1
Falling back to num_samples=1
Falling back to num_samples=1
Falling back to num_samples=1
Falling back to num_samples=1
Falling back to num_samples=1
Falling back to num_samples=1
Falling back to num_samples=1
Falling back to num_samples=1
Falling back to num_samples=1
Falling back to num_samples=1
Falling back to num_samples=1
Falling back to num_samples=1
Falling back to num_samples=1
Falling back to num_samples=1
Falling back to num_samples=1
Falling back to num_samples=1
Falling back to num_samples=1
Falling back to num_samples=1
Falling back to num_samples=1
Falling back to num_samples=1
Falling back to num_samples=1
Falling back to num_samples=1
Falling back to num_samples=1
Falling back to num_samples=1
Falling back to num_samples=1
Falling back to num_samples=1
Falling back to num_samples=1
Falling back to num_samples=1
Falling back to num_samples=1
Falling back to num_samples=1
Falling back to num_samples=1
Falling back to num_samples=1
Falling back to num_samples=1
Falling back to num_samples=1
Falling back to num_samples=1
Falling back to num_samples=1
Falling back to num_samples=1
Falling back to num_samples=1
Falling back to num_samples=1
Falling back to num_samples=1
Falling back to num_samples=1
Falling back to num_samples=1
Falling back to num_samples=1
Falling back to num_samples=1
Falling back to num_samples=1
Falling back to num_samples=1
Falling back to num_samples=1
Falling back to num_samples=1
Falling back to num_samples=1
Falling back to num_samples=1
Falling back to num_samples=1
Falling back to num_samples=1
Falling back to num_samples=1
Falling back to num_samples=1
Falling back to num_samples=1
Falling back to num_samples=1
Falling back to num_samples=1
Falling back to num_samples=1
Falling back to num_samples=1
Falling back to num_samples=1
Falling back to num_samples=1
Falling back to num_samples=1
Falling back to num_samples=1
Falling back to num_samples=1
Falling back to num_samples=1
Falling back to num_samples=1
Falling back to num_samples=1
Falling back to num_samples=1
Falling back to num_samples=1
Falling back to num_samples=1
Falling back to num_samples=1
Falling back to num_samples=1
Falling back to num_samples=1
Falling back to num_samples=1
Falling back to num_samples=1
Falling back to num_samples=1
Falling back to num_samples=1
Falling back to num_samples=1
Falling back to num_samples=1
Falling back to num_samples=1
Falling back to num_samples=1
Falling back to num_samples=1
Falling back to num_samples=1
Falling back to num_samples=1
Falling back to num_samples=1
Falling back to num_samples=1
Falling back to num_samples=1
Falling back to num_samples=1
Falling back to num_samples=1
Falling back to num_samples=1
Falling back to num_samples=1
Falling back to num_samples=1
Falling back to num_samples=1
Falling back to num_samples=1
Falling back to num_samples=1
Falling back to num_samples=1
Falling back to num_samples=1
Falling back to num_samples=1
Falling back to num_samples=1
Falling back to num_samples=1
Falling back to num_samples=1
Falling back to num_samples=1
Falling back to num_samples=1
Falling back to num_samples=1
Falling back to num_samples=1
Falling back to num_samples=1
Falling back to num_samples=1
Falling back to num_samples=1
Falling back to num_samples=1
Falling back to num_samples=1
Falling back to num_samples=1
Falling back to num_samples=1
Falling back to num_samples=1
Falling back to num_samples=1
Falling back to num_samples=1
Falling back to num_samples=1
Falling back to num_samples=1
Falling back to num_samples=1
Falling back to num_samples=1
Falling back to num_samples=1
Falling back to num_samples=1
Falling back to num_samples=1
Falling back to num_samples=1
Falling back to num_samples=1
Falling back to num_samples=1
Falling back to num_samples=1
Falling back to num_samples=1
Falling back to num_samples=1
Falling back to num_samples=1
Falling back to num_samples=1
Falling back to num_samples=1
Falling back to num_samples=1
Falling back to num_samples=1
Falling back to num_samples=1
Falling back to num_samples=1
Falling back to num_samples=1
Falling back to num_samples=1
Falling back to num_samples=1
Falling back to num_samples=1
Falling back to num_samples=1
Falling back to num_samples=1
Falling back to num_samples=1
Falling back to num_samples=1
Falling back to num_samples=1
Falling back to num_samples=1
Falling back to num_samples=1
Falling back to num_samples=1
Falling back to num_samples=1
Falling back to num_samples=1
Falling back to num_samples=1
Falling back to num_samples=1
Falling back to num_samples=1
Falling back to num_samples=1
Falling back to num_samples=1
Falling back to num_samples=1
Falling back to num_samples=1
Falling back to num_samples=1
Falling back to num_samples=1
Falling back to num_samples=1
Falling back to num_samples=1
Falling back to num_samples=1
Falling back to num_samples=1
Falling back to num_samples=1
Falling back to num_samples=1
Falling back to num_samples=1
Falling back to num_samples=1
Falling back to num_samples=1
Falling back to num_samples=1
Falling back to num_samples=1
Falling back to num_samples=1
Falling back to num_samples=1
Falling back to num_samples=1
Falling back to num_samples=1
Falling back to num_samples=1
Falling back to num_samples=1
Falling back to num_samples=1
Falling back to num_samples=1
Falling back to num_samples=1
Falling back to num_samples=1
Falling back to num_samples=1
Falling back to num_samples=1
Falling back to num_samples=1
Falling back to num_samples=1
Falling back to num_samples=1
Falling back to num_samples=1
Falling back to num_samples=1
Falling back to num_samples=1
Falling back to num_samples=1
Falling back to num_samples=1
Falling back to num_samples=1
Falling back to num_samples=1
Falling back to num_samples=1
Falling back to num_samples=1
Falling back to num_samples=1
Falling back to num_samples=1
Falling back to num_samples=1
Falling back to num_samples=1
Falling back to num_samples=1
Falling back to num_samples=1
Falling back to num_samples=1
Falling back to num_samples=1
Falling back to num_samples=1
Falling back to num_samples=1
Falling back to num_samples=1
Falling back to num_samples=1
Falling back to num_samples=1
Falling back to num_samples=1
Falling back to num_samples=1
Falling back to num_samples=1
Falling back to num_samples=1
Falling back to num_samples=1
Falling back to num_samples=1
Falling back to num_samples=1
Falling back to num_samples=1
Falling back to num_samples=1
Falling back to num_samples=1
Falling back to num_samples=1
Falling back to num_samples=1
Falling back to num_samples=1
Falling back to num_samples=1
Falling back to num_samples=1
Falling back to num_samples=1
Falling back to num_samples=1
Falling back to num_samples=1
Falling back to num_samples=1
Falling back to num_samples=1
Falling back to num_samples=1
Falling back to num_samples=1
Falling back to num_samples=1
Falling back to num_samples=1
Falling back to num_samples=1
Falling back to num_samples=1
Falling back to num_samples=1
Falling back to num_samples=1
Falling back to num_samples=1
Falling back to num_samples=1
Falling back to num_samples=1
Falling back to num_samples=1
Falling back to num_samples=1
Falling back to num_samples=1
Falling back to num_samples=1
Falling back to num_samples=1
Falling back to num_samples=1
Falling back to num_samples=1
Falling back to num_samples=1
Falling back to num_samples=1
Falling back to num_samples=1
Falling back to num_samples=1
Falling back to num_samples=1
Falling back to num_samples=1
Falling back to num_samples=1
Falling back to num_samples=1
Falling back to num_samples=1
Falling back to num_samples=1
Falling back to num_samples=1
Falling back to num_samples=1
Falling back to num_samples=1
Falling back to num_samples=1
Falling back to num_samples=1
Falling back to num_samples=1
Falling back to num_samples=1
Falling back to num_samples=1
Falling back to num_samples=1
Falling back to num_samples=1
Falling back to num_samples=1
Falling back to num_samples=1
Falling back to num_samples=1
Falling back to num_samples=1
Falling back to num_samples=1
Falling back to num_samples=1
Falling back to num_samples=1
Falling back to num_samples=1
Falling back to num_samples=1
Falling back to num_samples=1
Falling back to num_samples=1
Falling back to num_samples=1
Falling back to num_samples=1
Falling back to num_samples=1
Falling back to num_samples=1
Falling back to num_samples=1
Falling back to num_samples=1
Falling back to num_samples=1
Falling back to num_samples=1
Falling back to num_samples=1
Falling back to num_samples=1
Falling back to num_samples=1
Falling back to num_samples=1
Falling back to num_samples=1
Falling back to num_samples=1
Falling back to num_samples=1
Falling back to num_samples=1
Falling back to num_samples=1
Falling back to num_samples=1
Falling back to num_samples=1
Falling back to num_samples=1
Falling back to num_samples=1
Falling back to num_samples=1
Falling back to num_samples=1
Falling back to num_samples=1
Falling back to num_samples=1
Falling back to num_samples=1
Falling back to num_samples=1
Falling back to num_samples=1
Falling back to num_samples=1
Falling back to num_samples=1
Falling back to num_samples=1
Falling back to num_samples=1
Falling back to num_samples=1
Falling back to num_samples=1
Falling back to num_samples=1
Falling back to num_samples=1
Falling back to num_samples=1
Falling back to num_samples=1
Falling back to num_samples=1
Falling back to num_samples=1
Falling back to num_samples=1
Falling back to num_samples=1
Falling back to num_samples=1
Falling back to num_samples=1
Falling back to num_samples=1
Falling back to num_samples=1
Falling back to num_samples=1
Falling back to num_samples=1
Falling back to num_samples=1
Falling back to num_samples=1
Falling back to num_samples=1
Falling back to num_samples=1
Falling back to num_samples=1
Falling back to num_samples=1
Falling back to num_samples=1
Falling back to num_samples=1
Falling back to num_samples=1
Falling back to num_samples=1
Falling back to num_samples=1
Falling back to num_samples=1
Falling back to num_samples=1
Falling back to num_samples=1
Falling back to num_samples=1
Falling back to num_samples=1
Falling back to num_samples=1
Falling back to num_samples=1
Falling back to num_samples=1
Falling back to num_samples=1
Falling back to num_samples=1
Falling back to num_samples=1
Falling back to num_samples=1
Falling back to num_samples=1
Falling back to num_samples=1
Falling back to num_samples=1
Falling back to num_samples=1
Falling back to num_samples=1
Falling back to num_samples=1
Falling back to num_samples=1
Falling back to num_samples=1
Falling back to num_samples=1
Falling back to num_samples=1
Falling back to num_samples=1
Falling back to num_samples=1
Falling back to num_samples=1
Falling back to num_samples=1
Falling back to num_samples=1
Falling back to num_samples=1
Falling back to num_samples=1
Falling back to num_samples=1
Falling back to num_samples=1
Falling back to num_samples=1
Falling back to num_samples=1
Falling back to num_samples=1
Falling back to num_samples=1
Falling back to num_samples=1
Falling back to num_samples=1
Falling back to num_samples=1
Falling back to num_samples=1
Falling back to num_samples=1
Falling back to num_samples=1
Falling back to num_samples=1
Falling back to num_samples=1
Falling back to num_samples=1
Falling back to num_samples=1
Falling back to num_samples=1
Falling back to num_samples=1
