I1001 18:13:28.688554 47473774917440 xla_bridge.py:355] Unable to initialize backend 'tpu_driver': NOT_FOUND: Unable to find driver in registry given worker: 
I1001 18:13:28.803732 47473774917440 xla_bridge.py:355] Unable to initialize backend 'rocm': NOT_FOUND: Could not find registered platform with name: "rocm". Available platform names are: CUDA Host Interpreter
I1001 18:13:28.804236 47473774917440 xla_bridge.py:355] Unable to initialize backend 'tpu': module 'jaxlib.xla_extension' has no attribute 'get_tpu_client'
I1001 18:13:28.804367 47473774917440 xla_bridge.py:355] Unable to initialize backend 'plugin': xla_extension has no attributes named get_plugin_device_client. Compile TensorFlow with //tensorflow/compiler/xla/python:enable_plugin_device set to true (defaults to false) to enable this.
I1001 18:13:28.804514 47473774917440 run_miniworld.py:99] Collecting data on MiniWorld on gpu.
I1001 18:13:33.649029 47473774917440 run_miniworld.py:135] Observation shape: (60, 80, 3)
I1001 18:13:40.579593 47473774917440 run_miniworld.py:238] Data collection iteration 0.
I1001 18:14:17.259432 47473774917440 run_miniworld.py:245] Evaluation iteration 0.
/home/mklissa/DCEO/lib/python3.8/site-packages/distrax/_src/distributions/categorical.py:96: UserWarning: Explicitly requested dtype <class 'jax.numpy.int64'> requested in astype is not available, and will be truncated to dtype int32. To enable more dtypes, set the jax_enable_x64 configuration option or the JAX_ENABLE_X64 shell environment variable. See https://github.com/google/jax#current-gotchas for more.
  return draws.astype(self._dtype)
I1001 18:14:27.158700 47473774917440 run_miniworld.py:262] iteration:   0
 frame:     0
 eval_episode_return:  0.00
 train_episode_return:  0.04
 train_exploration_epsilon: 1.000
 train_frame_rate:  682
I1001 18:14:27.472931 47473774917440 run_miniworld.py:238] Data collection iteration 1.
I1001 18:15:04.724907 47473774917440 run_miniworld.py:245] Evaluation iteration 1.
I1001 18:15:14.248029 47473774917440 run_miniworld.py:262] iteration:   1
 frame: 25000
 eval_episode_return:  0.00
 train_episode_return:  0.00
 train_exploration_epsilon: 1.000
 train_frame_rate:  671
I1001 18:15:14.535102 47473774917440 run_miniworld.py:238] Data collection iteration 2.
I1001 18:15:15.023235 47473774917440 dceo_agent.py:296] Begin learning
I1001 18:17:44.088493 47473774917440 run_miniworld.py:245] Evaluation iteration 2.
I1001 18:17:53.395949 47473774917440 run_miniworld.py:262] iteration:   2
 frame: 50000
 eval_episode_return:  0.00
 train_episode_return:  0.00
 train_exploration_epsilon: 0.955
 train_frame_rate:  167
I1001 18:17:53.686016 47473774917440 run_miniworld.py:238] Data collection iteration 3.
I1001 18:20:17.519422 47473774917440 run_miniworld.py:245] Evaluation iteration 3.
I1001 18:20:26.633089 47473774917440 run_miniworld.py:262] iteration:   3
 frame: 75000
 eval_episode_return:  0.00
 train_episode_return:  0.00
 train_exploration_epsilon: 0.910
 train_frame_rate:  174
I1001 18:20:26.933054 47473774917440 run_miniworld.py:238] Data collection iteration 4.
I1001 18:22:51.166525 47473774917440 run_miniworld.py:245] Evaluation iteration 4.
I1001 18:23:00.292599 47473774917440 run_miniworld.py:262] iteration:   4
 frame: 100000
 eval_episode_return:  0.00
 train_episode_return:  0.08
 train_exploration_epsilon: 0.865
 train_frame_rate:  173
I1001 18:23:00.583448 47473774917440 run_miniworld.py:238] Data collection iteration 5.
I1001 18:25:24.820019 47473774917440 run_miniworld.py:245] Evaluation iteration 5.
I1001 18:25:33.954908 47473774917440 run_miniworld.py:262] iteration:   5
 frame: 125000
 eval_episode_return:  0.00
 train_episode_return:  0.21
 train_exploration_epsilon: 0.820
 train_frame_rate:  173
I1001 18:25:34.251316 47473774917440 run_miniworld.py:238] Data collection iteration 6.
I1001 18:27:57.643244 47473774917440 run_miniworld.py:245] Evaluation iteration 6.
I1001 18:28:06.966569 47473774917440 run_miniworld.py:262] iteration:   6
 frame: 150000
 eval_episode_return:  0.00
 train_episode_return:  0.31
 train_exploration_epsilon: 0.775
 train_frame_rate:  174
I1001 18:28:07.261283 47473774917440 run_miniworld.py:238] Data collection iteration 7.
I1001 18:30:31.856983 47473774917440 run_miniworld.py:245] Evaluation iteration 7.
I1001 18:30:40.498291 47473774917440 run_miniworld.py:262] iteration:   7
 frame: 175000
 eval_episode_return:  0.00
 train_episode_return:  0.08
 train_exploration_epsilon: 0.730
 train_frame_rate:  173
I1001 18:30:40.799736 47473774917440 run_miniworld.py:238] Data collection iteration 8.
I1001 18:33:06.651517 47473774917440 run_miniworld.py:245] Evaluation iteration 8.
I1001 18:33:15.951266 47473774917440 run_miniworld.py:262] iteration:   8
 frame: 200000
 eval_episode_return:  0.00
 train_episode_return:  0.19
 train_exploration_epsilon: 0.685
 train_frame_rate:  171
I1001 18:33:16.263486 47473774917440 run_miniworld.py:238] Data collection iteration 9.
I1001 18:35:41.828125 47473774917440 run_miniworld.py:245] Evaluation iteration 9.
I1001 18:35:51.417424 47473774917440 run_miniworld.py:262] iteration:   9
 frame: 225000
 eval_episode_return:  0.00
 train_episode_return:  0.15
 train_exploration_epsilon: 0.640
 train_frame_rate:  172
I1001 18:35:51.718829 47473774917440 run_miniworld.py:238] Data collection iteration 10.
I1001 18:38:18.624800 47473774917440 run_miniworld.py:245] Evaluation iteration 10.
I1001 18:38:27.812536 47473774917440 run_miniworld.py:262] iteration:  10
 frame: 250000
 eval_episode_return:  0.00
 train_episode_return:  0.00
 train_exploration_epsilon: 0.595
 train_frame_rate:  170
I1001 18:38:28.117026 47473774917440 run_miniworld.py:238] Data collection iteration 11.
I1001 18:40:53.519494 47473774917440 run_miniworld.py:245] Evaluation iteration 11.
I1001 18:41:03.181440 47473774917440 run_miniworld.py:262] iteration:  11
 frame: 275000
 eval_episode_return:  0.00
 train_episode_return:  0.15
 train_exploration_epsilon: 0.550
 train_frame_rate:  172
I1001 18:41:03.487567 47473774917440 run_miniworld.py:238] Data collection iteration 12.
I1001 18:43:30.236211 47473774917440 run_miniworld.py:245] Evaluation iteration 12.
I1001 18:43:39.323099 47473774917440 run_miniworld.py:262] iteration:  12
 frame: 300000
 eval_episode_return:  0.00
 train_episode_return:  0.04
 train_exploration_epsilon: 0.505
 train_frame_rate:  170
I1001 18:43:39.626856 47473774917440 run_miniworld.py:238] Data collection iteration 13.
I1001 18:46:06.074796 47473774917440 run_miniworld.py:245] Evaluation iteration 13.
I1001 18:46:15.252327 47473774917440 run_miniworld.py:262] iteration:  13
 frame: 325000
 eval_episode_return:  0.00
 train_episode_return:  0.04
 train_exploration_epsilon: 0.460
 train_frame_rate:  171
I1001 18:46:15.562755 47473774917440 run_miniworld.py:238] Data collection iteration 14.
I1001 18:48:42.687044 47473774917440 run_miniworld.py:245] Evaluation iteration 14.
I1001 18:48:51.918511 47473774917440 run_miniworld.py:262] iteration:  14
 frame: 350000
 eval_episode_return:  0.00
 train_episode_return:  0.00
 train_exploration_epsilon: 0.415
 train_frame_rate:  170
I1001 18:48:52.224282 47473774917440 run_miniworld.py:238] Data collection iteration 15.
I1001 18:51:20.543235 47473774917440 run_miniworld.py:245] Evaluation iteration 15.
I1001 18:51:30.102107 47473774917440 run_miniworld.py:262] iteration:  15
 frame: 375000
 eval_episode_return:  0.00
 train_episode_return:  0.00
 train_exploration_epsilon: 0.370
 train_frame_rate:  169
I1001 18:51:30.408570 47473774917440 run_miniworld.py:238] Data collection iteration 16.
I1001 18:53:58.908391 47473774917440 run_miniworld.py:245] Evaluation iteration 16.
I1001 18:54:08.190444 47473774917440 run_miniworld.py:262] iteration:  16
 frame: 400000
 eval_episode_return:  0.00
 train_episode_return:  0.19
 train_exploration_epsilon: 0.325
 train_frame_rate:  168
I1001 18:54:08.492610 47473774917440 run_miniworld.py:238] Data collection iteration 17.
I1001 18:56:37.313554 47473774917440 run_miniworld.py:245] Evaluation iteration 17.
I1001 18:56:46.802107 47473774917440 run_miniworld.py:262] iteration:  17
 frame: 425000
 eval_episode_return:  0.00
 train_episode_return:  0.36
 train_exploration_epsilon: 0.280
 train_frame_rate:  168
I1001 18:56:47.103810 47473774917440 run_miniworld.py:238] Data collection iteration 18.
I1001 18:59:16.074971 47473774917440 run_miniworld.py:245] Evaluation iteration 18.
I1001 18:59:24.963016 47473774917440 run_miniworld.py:262] iteration:  18
 frame: 450000
 eval_episode_return:  0.00
 train_episode_return:  0.19
 train_exploration_epsilon: 0.235
 train_frame_rate:  168
I1001 18:59:25.265282 47473774917440 run_miniworld.py:238] Data collection iteration 19.
I1001 19:01:55.329607 47473774917440 run_miniworld.py:245] Evaluation iteration 19.
I1001 19:02:04.793705 47473774917440 run_miniworld.py:262] iteration:  19
 frame: 475000
 eval_episode_return:  0.00
 train_episode_return:  0.61
 train_exploration_epsilon: 0.190
 train_frame_rate:  167
I1001 19:02:05.093758 47473774917440 run_miniworld.py:238] Data collection iteration 20.
I1001 19:04:35.603099 47473774917440 run_miniworld.py:245] Evaluation iteration 20.
I1001 19:04:44.841857 47473774917440 run_miniworld.py:262] iteration:  20
 frame: 500000
 eval_episode_return:  0.00
 train_episode_return:  0.37
 train_exploration_epsilon: 0.145
 train_frame_rate:  166
I1001 19:04:45.143314 47473774917440 run_miniworld.py:238] Data collection iteration 21.
I1001 19:07:16.424816 47473774917440 run_miniworld.py:245] Evaluation iteration 21.
I1001 19:07:25.696022 47473774917440 run_miniworld.py:262] iteration:  21
 frame: 525000
 eval_episode_return:  0.00
 train_episode_return:  0.16
 train_exploration_epsilon: 0.100
 train_frame_rate:  165
I1001 19:07:25.998868 47473774917440 run_miniworld.py:238] Data collection iteration 22.
I1001 19:09:57.118703 47473774917440 run_miniworld.py:245] Evaluation iteration 22.
I1001 19:10:06.401811 47473774917440 run_miniworld.py:262] iteration:  22
 frame: 550000
 eval_episode_return:  0.00
 train_episode_return:  0.12
 train_exploration_epsilon: 0.100
 train_frame_rate:  165
I1001 19:10:06.703749 47473774917440 run_miniworld.py:238] Data collection iteration 23.
I1001 19:12:38.277802 47473774917440 run_miniworld.py:245] Evaluation iteration 23.
I1001 19:12:47.542624 47473774917440 run_miniworld.py:262] iteration:  23
 frame: 575000
 eval_episode_return:  0.00
 train_episode_return:  0.04
 train_exploration_epsilon: 0.100
 train_frame_rate:  165
I1001 19:12:47.843715 47473774917440 run_miniworld.py:238] Data collection iteration 24.
I1001 19:15:20.512599 47473774917440 run_miniworld.py:245] Evaluation iteration 24.
I1001 19:15:29.752671 47473774917440 run_miniworld.py:262] iteration:  24
 frame: 600000
 eval_episode_return:  0.00
 train_episode_return:  0.15
 train_exploration_epsilon: 0.100
 train_frame_rate:  164
I1001 19:15:30.054125 47473774917440 run_miniworld.py:238] Data collection iteration 25.
I1001 19:18:02.714092 47473774917440 run_miniworld.py:245] Evaluation iteration 25.
I1001 19:18:11.928829 47473774917440 run_miniworld.py:262] iteration:  25
 frame: 625000
 eval_episode_return:  0.00
 train_episode_return:  0.12
 train_exploration_epsilon: 0.100
 train_frame_rate:  164
I1001 19:18:12.229840 47473774917440 run_miniworld.py:238] Data collection iteration 26.
I1001 19:20:45.065683 47473774917440 run_miniworld.py:245] Evaluation iteration 26.
I1001 19:20:54.712010 47473774917440 run_miniworld.py:262] iteration:  26
 frame: 650000
 eval_episode_return:  0.00
 train_episode_return:  0.08
 train_exploration_epsilon: 0.100
 train_frame_rate:  164
I1001 19:20:55.033080 47473774917440 run_miniworld.py:238] Data collection iteration 27.
I1001 19:23:28.354429 47473774917440 run_miniworld.py:245] Evaluation iteration 27.
I1001 19:23:38.071497 47473774917440 run_miniworld.py:262] iteration:  27
 frame: 675000
 eval_episode_return:  0.00
 train_episode_return:  0.19
 train_exploration_epsilon: 0.100
 train_frame_rate:  163
I1001 19:23:38.378289 47473774917440 run_miniworld.py:238] Data collection iteration 28.
I1001 19:26:11.645811 47473774917440 run_miniworld.py:245] Evaluation iteration 28.
I1001 19:26:21.014953 47473774917440 run_miniworld.py:262] iteration:  28
 frame: 700000
 eval_episode_return:  0.00
 train_episode_return:  0.15
 train_exploration_epsilon: 0.100
 train_frame_rate:  163
I1001 19:26:21.333448 47473774917440 run_miniworld.py:238] Data collection iteration 29.
I1001 19:28:54.953484 47473774917440 run_miniworld.py:245] Evaluation iteration 29.
I1001 19:29:04.459275 47473774917440 run_miniworld.py:262] iteration:  29
 frame: 725000
 eval_episode_return:  0.00
 train_episode_return:  0.08
 train_exploration_epsilon: 0.100
 train_frame_rate:  163
I1001 19:29:04.774647 47473774917440 run_miniworld.py:238] Data collection iteration 30.
I1001 19:31:38.921636 47473774917440 run_miniworld.py:245] Evaluation iteration 30.
I1001 19:31:48.697238 47473774917440 run_miniworld.py:262] iteration:  30
 frame: 750000
 eval_episode_return:  0.00
 train_episode_return:  0.08
 train_exploration_epsilon: 0.100
 train_frame_rate:  162
I1001 19:31:49.005563 47473774917440 run_miniworld.py:238] Data collection iteration 31.
I1001 19:34:23.876030 47473774917440 run_miniworld.py:245] Evaluation iteration 31.
I1001 19:34:33.171056 47473774917440 run_miniworld.py:262] iteration:  31
 frame: 775000
 eval_episode_return:  0.00
 train_episode_return:  0.04
 train_exploration_epsilon: 0.100
 train_frame_rate:  161
I1001 19:34:33.483222 47473774917440 run_miniworld.py:238] Data collection iteration 32.
I1001 19:37:08.212162 47473774917440 run_miniworld.py:245] Evaluation iteration 32.
I1001 19:37:17.509301 47473774917440 run_miniworld.py:262] iteration:  32
 frame: 800000
 eval_episode_return:  0.00
 train_episode_return:  0.19
 train_exploration_epsilon: 0.100
 train_frame_rate:  162
I1001 19:37:17.822538 47473774917440 run_miniworld.py:238] Data collection iteration 33.
I1001 19:39:53.065491 47473774917440 run_miniworld.py:245] Evaluation iteration 33.
I1001 19:40:02.583710 47473774917440 run_miniworld.py:262] iteration:  33
 frame: 825000
 eval_episode_return:  0.00
 train_episode_return:  0.15
 train_exploration_epsilon: 0.100
 train_frame_rate:  161
I1001 19:40:02.891042 47473774917440 run_miniworld.py:238] Data collection iteration 34.
I1001 19:42:37.588002 47473774917440 run_miniworld.py:245] Evaluation iteration 34.
I1001 19:42:47.047437 47473774917440 run_miniworld.py:262] iteration:  34
 frame: 850000
 eval_episode_return:  0.00
 train_episode_return:  0.15
 train_exploration_epsilon: 0.100
 train_frame_rate:  162
I1001 19:42:47.359617 47473774917440 run_miniworld.py:238] Data collection iteration 35.
I1001 19:45:23.166222 47473774917440 run_miniworld.py:245] Evaluation iteration 35.
I1001 19:45:32.576639 47473774917440 run_miniworld.py:262] iteration:  35
 frame: 875000
 eval_episode_return:  0.00
 train_episode_return:  0.12
 train_exploration_epsilon: 0.100
 train_frame_rate:  160
I1001 19:45:32.888545 47473774917440 run_miniworld.py:238] Data collection iteration 36.
I1001 19:48:08.203443 47473774917440 run_miniworld.py:245] Evaluation iteration 36.
I1001 19:48:17.490413 47473774917440 run_miniworld.py:262] iteration:  36
 frame: 900000
 eval_episode_return:  0.00
 train_episode_return:  0.04
 train_exploration_epsilon: 0.100
 train_frame_rate:  161
I1001 19:48:17.804891 47473774917440 run_miniworld.py:238] Data collection iteration 37.
I1001 19:50:54.135915 47473774917440 run_miniworld.py:245] Evaluation iteration 37.
I1001 19:51:03.474977 47473774917440 run_miniworld.py:262] iteration:  37
 frame: 925000
 eval_episode_return:  0.00
 train_episode_return:  0.12
 train_exploration_epsilon: 0.100
 train_frame_rate:  160
I1001 19:51:03.785607 47473774917440 run_miniworld.py:238] Data collection iteration 38.
I1001 19:53:39.965131 47473774917440 run_miniworld.py:245] Evaluation iteration 38.
I1001 19:53:49.306935 47473774917440 run_miniworld.py:262] iteration:  38
 frame: 950000
 eval_episode_return:  0.00
 train_episode_return:  0.23
 train_exploration_epsilon: 0.100
 train_frame_rate:  160
I1001 19:53:49.635808 47473774917440 run_miniworld.py:238] Data collection iteration 39.
I1001 19:56:26.373029 47473774917440 run_miniworld.py:245] Evaluation iteration 39.
I1001 19:56:35.853399 47473774917440 run_miniworld.py:262] iteration:  39
 frame: 975000
 eval_episode_return:  0.00
 train_episode_return:  0.30
 train_exploration_epsilon: 0.100
 train_frame_rate:  160
I1001 19:56:36.166356 47473774917440 run_miniworld.py:238] Data collection iteration 40.
I1001 19:59:12.347203 47473774917440 run_miniworld.py:245] Evaluation iteration 40.
I1001 19:59:21.830824 47473774917440 run_miniworld.py:262] iteration:  40
 frame: 1000000
 eval_episode_return:  0.00
 train_episode_return:  0.30
 train_exploration_epsilon: 0.100
 train_frame_rate:  160
I1001 19:59:22.143201 47473774917440 run_miniworld.py:238] Data collection iteration 41.
I1001 20:01:58.590987 47473774917440 run_miniworld.py:245] Evaluation iteration 41.
I1001 20:02:08.056527 47473774917440 run_miniworld.py:262] iteration:  41
 frame: 1025000
 eval_episode_return:  0.00
 train_episode_return:  0.27
 train_exploration_epsilon: 0.100
 train_frame_rate:  160
I1001 20:02:08.367612 47473774917440 run_miniworld.py:238] Data collection iteration 42.
I1001 20:04:45.157106 47473774917440 run_miniworld.py:245] Evaluation iteration 42.
I1001 20:04:54.740781 47473774917440 run_miniworld.py:262] iteration:  42
 frame: 1050000
 eval_episode_return:  0.00
 train_episode_return:  0.21
 train_exploration_epsilon: 0.100
 train_frame_rate:  159
I1001 20:04:55.058037 47473774917440 run_miniworld.py:238] Data collection iteration 43.
I1001 20:07:33.234918 47473774917440 run_miniworld.py:245] Evaluation iteration 43.
I1001 20:07:42.697595 47473774917440 run_miniworld.py:262] iteration:  43
 frame: 1075000
 eval_episode_return:  0.00
 train_episode_return:  0.04
 train_exploration_epsilon: 0.100
 train_frame_rate:  158
I1001 20:07:43.011389 47473774917440 run_miniworld.py:238] Data collection iteration 44.
I1001 20:10:19.410553 47473774917440 run_miniworld.py:245] Evaluation iteration 44.
I1001 20:10:28.865966 47473774917440 run_miniworld.py:262] iteration:  44
 frame: 1100000
 eval_episode_return:  0.00
 train_episode_return:  0.12
 train_exploration_epsilon: 0.100
 train_frame_rate:  160
I1001 20:10:29.183942 47473774917440 run_miniworld.py:238] Data collection iteration 45.
I1001 20:13:06.549274 47473774917440 run_miniworld.py:245] Evaluation iteration 45.
I1001 20:13:15.840499 47473774917440 run_miniworld.py:262] iteration:  45
 frame: 1125000
 eval_episode_return:  0.00
 train_episode_return:  0.25
 train_exploration_epsilon: 0.100
 train_frame_rate:  159
I1001 20:13:16.154492 47473774917440 run_miniworld.py:238] Data collection iteration 46.
I1001 20:15:52.513768 47473774917440 run_miniworld.py:245] Evaluation iteration 46.
I1001 20:16:01.986474 47473774917440 run_miniworld.py:262] iteration:  46
 frame: 1150000
 eval_episode_return:  0.00
 train_episode_return:  0.15
 train_exploration_epsilon: 0.100
 train_frame_rate:  160
I1001 20:16:02.306258 47473774917440 run_miniworld.py:238] Data collection iteration 47.
I1001 20:18:37.732229 47473774917440 run_miniworld.py:245] Evaluation iteration 47.
I1001 20:18:47.084548 47473774917440 run_miniworld.py:262] iteration:  47
 frame: 1175000
 eval_episode_return:  0.00
 train_episode_return:  0.16
 train_exploration_epsilon: 0.100
 train_frame_rate:  161
I1001 20:18:47.396238 47473774917440 run_miniworld.py:238] Data collection iteration 48.
I1001 20:21:22.392918 47473774917440 run_miniworld.py:245] Evaluation iteration 48.
I1001 20:21:31.862865 47473774917440 run_miniworld.py:262] iteration:  48
 frame: 1200000
 eval_episode_return:  0.00
 train_episode_return:  0.08
 train_exploration_epsilon: 0.100
 train_frame_rate:  161
I1001 20:21:32.180654 47473774917440 run_miniworld.py:238] Data collection iteration 49.
I1001 20:24:07.083985 47473774917440 run_miniworld.py:245] Evaluation iteration 49.
I1001 20:24:16.642844 47473774917440 run_miniworld.py:262] iteration:  49
 frame: 1225000
 eval_episode_return:  0.00
 train_episode_return:  0.15
 train_exploration_epsilon: 0.100
 train_frame_rate:  161
I1001 20:24:16.967779 47473774917440 run_miniworld.py:238] Data collection iteration 50.
I1001 20:26:51.475563 47473774917440 run_miniworld.py:245] Evaluation iteration 50.
I1001 20:27:00.860635 47473774917440 run_miniworld.py:262] iteration:  50
 frame: 1250000
 eval_episode_return:  0.00
 train_episode_return:  0.19
 train_exploration_epsilon: 0.100
 train_frame_rate:  162
I1001 20:27:01.175448 47473774917440 run_miniworld.py:238] Data collection iteration 51.
I1001 20:29:35.287766 47473774917440 run_miniworld.py:245] Evaluation iteration 51.
I1001 20:29:44.818043 47473774917440 run_miniworld.py:262] iteration:  51
 frame: 1275000
 eval_episode_return:  0.00
 train_episode_return:  0.12
 train_exploration_epsilon: 0.100
 train_frame_rate:  162
I1001 20:29:45.133584 47473774917440 run_miniworld.py:238] Data collection iteration 52.
I1001 20:32:19.637652 47473774917440 run_miniworld.py:245] Evaluation iteration 52.
I1001 20:32:29.218912 47473774917440 run_miniworld.py:262] iteration:  52
 frame: 1300000
 eval_episode_return:  0.00
 train_episode_return:  0.25
 train_exploration_epsilon: 0.100
 train_frame_rate:  162
I1001 20:32:29.530601 47473774917440 run_miniworld.py:238] Data collection iteration 53.
I1001 20:35:03.851552 47473774917440 run_miniworld.py:245] Evaluation iteration 53.
I1001 20:35:13.203542 47473774917440 run_miniworld.py:262] iteration:  53
 frame: 1325000
 eval_episode_return:  0.00
 train_episode_return:  0.12
 train_exploration_epsilon: 0.100
 train_frame_rate:  162
I1001 20:35:13.516526 47473774917440 run_miniworld.py:238] Data collection iteration 54.
I1001 20:37:47.971515 47473774917440 run_miniworld.py:245] Evaluation iteration 54.
I1001 20:37:57.538907 47473774917440 run_miniworld.py:262] iteration:  54
 frame: 1350000
 eval_episode_return:  0.00
 train_episode_return:  0.12
 train_exploration_epsilon: 0.100
 train_frame_rate:  162
I1001 20:37:57.858291 47473774917440 run_miniworld.py:238] Data collection iteration 55.
I1001 20:40:32.882649 47473774917440 run_miniworld.py:245] Evaluation iteration 55.
I1001 20:40:42.709947 47473774917440 run_miniworld.py:262] iteration:  55
 frame: 1375000
 eval_episode_return:  0.00
 train_episode_return:  0.12
 train_exploration_epsilon: 0.100
 train_frame_rate:  161
I1001 20:40:43.026848 47473774917440 run_miniworld.py:238] Data collection iteration 56.
I1001 20:43:17.025541 47473774917440 run_miniworld.py:245] Evaluation iteration 56.
I1001 20:43:26.454961 47473774917440 run_miniworld.py:262] iteration:  56
 frame: 1400000
 eval_episode_return:  0.00
 train_episode_return:  0.37
 train_exploration_epsilon: 0.100
 train_frame_rate:  162
I1001 20:43:26.773320 47473774917440 run_miniworld.py:238] Data collection iteration 57.
I1001 20:46:01.614858 47473774917440 run_miniworld.py:245] Evaluation iteration 57.
I1001 20:46:11.362659 47473774917440 run_miniworld.py:262] iteration:  57
 frame: 1425000
 eval_episode_return:  0.00
 train_episode_return:  0.36
 train_exploration_epsilon: 0.100
 train_frame_rate:  161
I1001 20:46:11.691664 47473774917440 run_miniworld.py:238] Data collection iteration 58.
I1001 20:48:47.340995 47473774917440 run_miniworld.py:245] Evaluation iteration 58.
I1001 20:48:57.183871 47473774917440 run_miniworld.py:262] iteration:  58
 frame: 1450000
 eval_episode_return:  0.00
 train_episode_return:  0.21
 train_exploration_epsilon: 0.100
 train_frame_rate:  161
I1001 20:48:57.514021 47473774917440 run_miniworld.py:238] Data collection iteration 59.
I1001 20:51:31.721441 47473774917440 run_miniworld.py:245] Evaluation iteration 59.
I1001 20:51:41.518704 47473774917440 run_miniworld.py:262] iteration:  59
 frame: 1475000
 eval_episode_return:  0.00
 train_episode_return:  0.12
 train_exploration_epsilon: 0.100
 train_frame_rate:  162
I1001 20:51:41.841439 47473774917440 run_miniworld.py:238] Data collection iteration 60.
I1001 20:54:16.550797 47473774917440 run_miniworld.py:245] Evaluation iteration 60.
I1001 20:54:26.321809 47473774917440 run_miniworld.py:262] iteration:  60
 frame: 1500000
 eval_episode_return:  0.00
 train_episode_return:  0.43
 train_exploration_epsilon: 0.100
 train_frame_rate:  162
I1001 20:54:26.642865 47473774917440 run_miniworld.py:238] Data collection iteration 61.
I1001 20:57:02.073803 47473774917440 run_miniworld.py:245] Evaluation iteration 61.
I1001 20:57:11.850793 47473774917440 run_miniworld.py:262] iteration:  61
 frame: 1525000
 eval_episode_return:  0.00
 train_episode_return:  0.26
 train_exploration_epsilon: 0.100
 train_frame_rate:  161
I1001 20:57:12.170465 47473774917440 run_miniworld.py:238] Data collection iteration 62.
I1001 20:59:47.397594 47473774917440 run_miniworld.py:245] Evaluation iteration 62.
I1001 20:59:56.835948 47473774917440 run_miniworld.py:262] iteration:  62
 frame: 1550000
 eval_episode_return:  0.00
 train_episode_return:  0.43
 train_exploration_epsilon: 0.100
 train_frame_rate:  161
I1001 20:59:57.154602 47473774917440 run_miniworld.py:238] Data collection iteration 63.
I1001 21:02:32.138744 47473774917440 run_miniworld.py:245] Evaluation iteration 63.
I1001 21:02:41.911885 47473774917440 run_miniworld.py:262] iteration:  63
 frame: 1575000
 eval_episode_return:  0.00
 train_episode_return:  0.43
 train_exploration_epsilon: 0.100
 train_frame_rate:  161
I1001 21:02:42.239735 47473774917440 run_miniworld.py:238] Data collection iteration 64.
I1001 21:05:17.691376 47473774917440 run_miniworld.py:245] Evaluation iteration 64.
I1001 21:05:27.467674 47473774917440 run_miniworld.py:262] iteration:  64
 frame: 1600000
 eval_episode_return:  0.00
 train_episode_return:  0.56
 train_exploration_epsilon: 0.100
 train_frame_rate:  161
I1001 21:05:27.790047 47473774917440 run_miniworld.py:238] Data collection iteration 65.
I1001 21:08:03.382523 47473774917440 run_miniworld.py:245] Evaluation iteration 65.
I1001 21:08:13.138386 47473774917440 run_miniworld.py:262] iteration:  65
 frame: 1625000
 eval_episode_return:  0.00
 train_episode_return:  0.63
 train_exploration_epsilon: 0.100
 train_frame_rate:  161
I1001 21:08:13.454768 47473774917440 run_miniworld.py:238] Data collection iteration 66.
I1001 21:10:48.748324 47473774917440 run_miniworld.py:245] Evaluation iteration 66.
I1001 21:10:58.231136 47473774917440 run_miniworld.py:262] iteration:  66
 frame: 1650000
 eval_episode_return:  0.00
 train_episode_return:  0.31
 train_exploration_epsilon: 0.100
 train_frame_rate:  161
I1001 21:10:58.551739 47473774917440 run_miniworld.py:238] Data collection iteration 67.
I1001 21:13:34.346725 47473774917440 run_miniworld.py:245] Evaluation iteration 67.
I1001 21:13:44.091184 47473774917440 run_miniworld.py:262] iteration:  67
 frame: 1675000
 eval_episode_return:  0.00
 train_episode_return:  0.38
 train_exploration_epsilon: 0.100
 train_frame_rate:  160
I1001 21:13:44.408337 47473774917440 run_miniworld.py:238] Data collection iteration 68.
I1001 21:16:20.327440 47473774917440 run_miniworld.py:245] Evaluation iteration 68.
I1001 21:16:30.032986 47473774917440 run_miniworld.py:262] iteration:  68
 frame: 1700000
 eval_episode_return:  0.00
 train_episode_return:  0.58
 train_exploration_epsilon: 0.100
 train_frame_rate:  160
I1001 21:16:30.352721 47473774917440 run_miniworld.py:238] Data collection iteration 69.
I1001 21:19:05.812121 47473774917440 run_miniworld.py:245] Evaluation iteration 69.
I1001 21:19:15.471044 47473774917440 run_miniworld.py:262] iteration:  69
 frame: 1725000
 eval_episode_return:  0.00
 train_episode_return:  0.47
 train_exploration_epsilon: 0.100
 train_frame_rate:  161
I1001 21:19:15.790533 47473774917440 run_miniworld.py:238] Data collection iteration 70.
I1001 21:21:52.298833 47473774917440 run_miniworld.py:245] Evaluation iteration 70.
I1001 21:22:01.997470 47473774917440 run_miniworld.py:262] iteration:  70
 frame: 1750000
 eval_episode_return:  0.00
 train_episode_return:  0.74
 train_exploration_epsilon: 0.100
 train_frame_rate:  160
I1001 21:22:02.327420 47473774917440 run_miniworld.py:238] Data collection iteration 71.
I1001 21:24:38.780917 47473774917440 run_miniworld.py:245] Evaluation iteration 71.
I1001 21:24:49.426034 47473774917440 run_miniworld.py:262] iteration:  71
 frame: 1775000
 eval_episode_return:  0.89
 train_episode_return:  0.90
 train_exploration_epsilon: 0.100
 train_frame_rate:  160
I1001 21:24:49.749199 47473774917440 run_miniworld.py:238] Data collection iteration 72.
I1001 21:27:25.915006 47473774917440 run_miniworld.py:245] Evaluation iteration 72.
I1001 21:27:35.626313 47473774917440 run_miniworld.py:262] iteration:  72
 frame: 1800000
 eval_episode_return:  0.00
 train_episode_return:  0.80
 train_exploration_epsilon: 0.100
 train_frame_rate:  160
I1001 21:27:35.947016 47473774917440 run_miniworld.py:238] Data collection iteration 73.
I1001 21:30:12.818722 47473774917440 run_miniworld.py:245] Evaluation iteration 73.
I1001 21:30:22.473536 47473774917440 run_miniworld.py:262] iteration:  73
 frame: 1825000
 eval_episode_return:  0.83
 train_episode_return:  1.00
 train_exploration_epsilon: 0.100
 train_frame_rate:  159
I1001 21:30:22.795543 47473774917440 run_miniworld.py:238] Data collection iteration 74.
I1001 21:32:59.942668 47473774917440 run_miniworld.py:245] Evaluation iteration 74.
I1001 21:33:09.726194 47473774917440 run_miniworld.py:262] iteration:  74
 frame: 1850000
 eval_episode_return:  0.50
 train_episode_return:  0.90
 train_exploration_epsilon: 0.100
 train_frame_rate:  159
I1001 21:33:10.045418 47473774917440 run_miniworld.py:238] Data collection iteration 75.
I1001 21:35:46.871511 47473774917440 run_miniworld.py:245] Evaluation iteration 75.
I1001 21:35:56.410262 47473774917440 run_miniworld.py:262] iteration:  75
 frame: 1875000
 eval_episode_return:  0.00
 train_episode_return:  0.97
 train_exploration_epsilon: 0.100
 train_frame_rate:  159
I1001 21:35:56.728195 47473774917440 run_miniworld.py:238] Data collection iteration 76.
I1001 21:38:33.772659 47473774917440 run_miniworld.py:245] Evaluation iteration 76.
I1001 21:38:43.328380 47473774917440 run_miniworld.py:262] iteration:  76
 frame: 1900000
 eval_episode_return:  0.20
 train_episode_return:  0.86
 train_exploration_epsilon: 0.100
 train_frame_rate:  159
I1001 21:38:43.646663 47473774917440 run_miniworld.py:238] Data collection iteration 77.
I1001 21:41:20.291917 47473774917440 run_miniworld.py:245] Evaluation iteration 77.
I1001 21:41:29.952619 47473774917440 run_miniworld.py:262] iteration:  77
 frame: 1925000
 eval_episode_return:  0.00
 train_episode_return:  0.92
 train_exploration_epsilon: 0.100
 train_frame_rate:  160
I1001 21:41:30.272133 47473774917440 run_miniworld.py:238] Data collection iteration 78.
I1001 21:44:08.208891 47473774917440 run_miniworld.py:245] Evaluation iteration 78.
I1001 21:44:18.004088 47473774917440 run_miniworld.py:262] iteration:  78
 frame: 1950000
 eval_episode_return:  0.88
 train_episode_return:  1.00
 train_exploration_epsilon: 0.100
 train_frame_rate:  158
I1001 21:44:18.323979 47473774917440 run_miniworld.py:238] Data collection iteration 79.
I1001 21:46:56.590698 47473774917440 run_miniworld.py:245] Evaluation iteration 79.
I1001 21:47:07.171629 47473774917440 run_miniworld.py:262] iteration:  79
 frame: 1975000
 eval_episode_return:  1.00
 train_episode_return:  0.98
 train_exploration_epsilon: 0.100
 train_frame_rate:  158
I1001 21:47:07.488277 47473774917440 run_miniworld.py:238] Data collection iteration 80.
I1001 21:49:44.530400 47473774917440 run_miniworld.py:245] Evaluation iteration 80.
I1001 21:49:54.001078 47473774917440 run_miniworld.py:262] iteration:  80
 frame: 2000000
 eval_episode_return:  0.00
 train_episode_return:  0.99
 train_exploration_epsilon: 0.100
 train_frame_rate:  159
I1001 21:49:54.312008 47473774917440 run_miniworld.py:238] Data collection iteration 81.
I1001 21:52:32.391793 47473774917440 run_miniworld.py:245] Evaluation iteration 81.
I1001 21:52:42.439564 47473774917440 run_miniworld.py:262] iteration:  81
 frame: 2025000
 eval_episode_return:  1.00
 train_episode_return:  1.00
 train_exploration_epsilon: 0.100
 train_frame_rate:  158
I1001 21:52:42.742749 47473774917440 run_miniworld.py:238] Data collection iteration 82.
I1001 21:55:19.514099 47473774917440 run_miniworld.py:245] Evaluation iteration 82.
I1001 21:55:28.871263 47473774917440 run_miniworld.py:262] iteration:  82
 frame: 2050000
 eval_episode_return:  0.00
 train_episode_return:  1.00
 train_exploration_epsilon: 0.100
 train_frame_rate:  159
I1001 21:55:29.180925 47473774917440 run_miniworld.py:238] Data collection iteration 83.
I1001 21:58:07.367442 47473774917440 run_miniworld.py:245] Evaluation iteration 83.
I1001 21:58:18.904574 47473774917440 run_miniworld.py:262] iteration:  83
 frame: 2075000
 eval_episode_return:  1.00
 train_episode_return:  1.00
 train_exploration_epsilon: 0.100
 train_frame_rate:  158
I1001 21:58:19.214482 47473774917440 run_miniworld.py:238] Data collection iteration 84.
I1001 22:00:56.549483 47473774917440 run_miniworld.py:245] Evaluation iteration 84.
I1001 22:01:07.978278 47473774917440 run_miniworld.py:262] iteration:  84
 frame: 2100000
 eval_episode_return:  1.00
 train_episode_return:  1.00
 train_exploration_epsilon: 0.100
 train_frame_rate:  159
I1001 22:01:08.303418 47473774917440 run_miniworld.py:238] Data collection iteration 85.
I1001 22:03:47.052468 47473774917440 run_miniworld.py:245] Evaluation iteration 85.
I1001 22:03:58.428076 47473774917440 run_miniworld.py:262] iteration:  85
 frame: 2125000
 eval_episode_return:  1.00
 train_episode_return:  1.00
 train_exploration_epsilon: 0.100
 train_frame_rate:  157
I1001 22:03:58.752509 47473774917440 run_miniworld.py:238] Data collection iteration 86.
I1001 22:06:37.670844 47473774917440 run_miniworld.py:245] Evaluation iteration 86.
I1001 22:06:47.968916 47473774917440 run_miniworld.py:262] iteration:  86
 frame: 2150000
 eval_episode_return:  1.00
 train_episode_return:  1.00
 train_exploration_epsilon: 0.100
 train_frame_rate:  157
I1001 22:06:48.298824 47473774917440 run_miniworld.py:238] Data collection iteration 87.
I1001 22:09:26.990903 47473774917440 run_miniworld.py:245] Evaluation iteration 87.
I1001 22:09:38.498492 47473774917440 run_miniworld.py:262] iteration:  87
 frame: 2175000
 eval_episode_return:  1.00
 train_episode_return:  1.00
 train_exploration_epsilon: 0.100
 train_frame_rate:  158
I1001 22:09:38.825773 47473774917440 run_miniworld.py:238] Data collection iteration 88.
I1001 22:12:17.501321 47473774917440 run_miniworld.py:245] Evaluation iteration 88.
I1001 22:12:29.074985 47473774917440 run_miniworld.py:262] iteration:  88
 frame: 2200000
 eval_episode_return:  1.00
 train_episode_return:  1.00
 train_exploration_epsilon: 0.100
 train_frame_rate:  158
I1001 22:12:29.396802 47473774917440 run_miniworld.py:238] Data collection iteration 89.
I1001 22:15:06.667985 47473774917440 run_miniworld.py:245] Evaluation iteration 89.
I1001 22:15:18.210213 47473774917440 run_miniworld.py:262] iteration:  89
 frame: 2225000
 eval_episode_return:  1.00
 train_episode_return:  1.00
 train_exploration_epsilon: 0.100
 train_frame_rate:  159
I1001 22:15:18.542113 47473774917440 run_miniworld.py:238] Data collection iteration 90.
I1001 22:17:57.187282 47473774917440 run_miniworld.py:245] Evaluation iteration 90.
I1001 22:18:08.451950 47473774917440 run_miniworld.py:262] iteration:  90
 frame: 2250000
 eval_episode_return:  1.00
 train_episode_return:  1.00
 train_exploration_epsilon: 0.100
 train_frame_rate:  158
I1001 22:18:08.773068 47473774917440 run_miniworld.py:238] Data collection iteration 91.
I1001 22:20:47.975962 47473774917440 run_miniworld.py:245] Evaluation iteration 91.
I1001 22:20:59.975604 47473774917440 run_miniworld.py:262] iteration:  91
 frame: 2275000
 eval_episode_return:  1.00
 train_episode_return:  1.00
 train_exploration_epsilon: 0.100
 train_frame_rate:  157
I1001 22:21:00.304304 47473774917440 run_miniworld.py:238] Data collection iteration 92.
I1001 22:23:39.695948 47473774917440 run_miniworld.py:245] Evaluation iteration 92.
I1001 22:23:51.238807 47473774917440 run_miniworld.py:262] iteration:  92
 frame: 2300000
 eval_episode_return:  1.00
 train_episode_return:  1.00
 train_exploration_epsilon: 0.100
 train_frame_rate:  157
I1001 22:23:51.564034 47473774917440 run_miniworld.py:238] Data collection iteration 93.
I1001 22:26:29.853014 47473774917440 run_miniworld.py:245] Evaluation iteration 93.
I1001 22:26:40.993378 47473774917440 run_miniworld.py:262] iteration:  93
 frame: 2325000
 eval_episode_return:  1.00
 train_episode_return:  1.00
 train_exploration_epsilon: 0.100
 train_frame_rate:  158
I1001 22:26:41.321483 47473774917440 run_miniworld.py:238] Data collection iteration 94.
I1001 22:29:19.987023 47473774917440 run_miniworld.py:245] Evaluation iteration 94.
I1001 22:29:31.597744 47473774917440 run_miniworld.py:262] iteration:  94
 frame: 2350000
 eval_episode_return:  1.00
 train_episode_return:  1.00
 train_exploration_epsilon: 0.100
 train_frame_rate:  158
I1001 22:29:31.922086 47473774917440 run_miniworld.py:238] Data collection iteration 95.
I1001 22:32:11.186410 47473774917440 run_miniworld.py:245] Evaluation iteration 95.
I1001 22:32:22.715424 47473774917440 run_miniworld.py:262] iteration:  95
 frame: 2375000
 eval_episode_return:  1.00
 train_episode_return:  1.00
 train_exploration_epsilon: 0.100
 train_frame_rate:  157
I1001 22:32:23.043439 47473774917440 run_miniworld.py:238] Data collection iteration 96.
I1001 22:35:01.431565 47473774917440 run_miniworld.py:245] Evaluation iteration 96.
I1001 22:35:12.706077 47473774917440 run_miniworld.py:262] iteration:  96
 frame: 2400000
 eval_episode_return:  1.00
 train_episode_return:  1.00
 train_exploration_epsilon: 0.100
 train_frame_rate:  158
I1001 22:35:13.041924 47473774917440 run_miniworld.py:238] Data collection iteration 97.
I1001 22:37:52.058998 47473774917440 run_miniworld.py:245] Evaluation iteration 97.
I1001 22:38:03.476640 47473774917440 run_miniworld.py:262] iteration:  97
 frame: 2425000
 eval_episode_return:  1.00
 train_episode_return:  1.00
 train_exploration_epsilon: 0.100
 train_frame_rate:  157
I1001 22:38:03.903317 47473774917440 run_miniworld.py:238] Data collection iteration 98.
I1001 22:40:44.077553 47473774917440 run_miniworld.py:245] Evaluation iteration 98.
I1001 22:40:55.506287 47473774917440 run_miniworld.py:262] iteration:  98
 frame: 2450000
 eval_episode_return:  1.00
 train_episode_return:  1.00
 train_exploration_epsilon: 0.100
 train_frame_rate:  156
I1001 22:40:55.831220 47473774917440 run_miniworld.py:238] Data collection iteration 99.
I1001 22:43:34.361780 47473774917440 run_miniworld.py:245] Evaluation iteration 99.
I1001 22:43:45.586327 47473774917440 run_miniworld.py:262] iteration:  99
 frame: 2475000
 eval_episode_return:  1.00
 train_episode_return:  1.00
 train_exploration_epsilon: 0.100
 train_frame_rate:  158
I1001 22:43:45.915685 47473774917440 run_miniworld.py:238] Data collection iteration 100.
I1001 22:46:25.713222 47473774917440 run_miniworld.py:245] Evaluation iteration 100.
I1001 22:46:37.189779 47473774917440 run_miniworld.py:262] iteration: 100
 frame: 2500000
 eval_episode_return:  1.00
 train_episode_return:  1.00
 train_exploration_epsilon: 0.100
 train_frame_rate:  156
I1001 22:46:37.515463 47473774917440 run_miniworld.py:238] Data collection iteration 101.
I1001 22:49:14.958923 47473774917440 run_miniworld.py:245] Evaluation iteration 101.
I1001 22:49:25.152817 47473774917440 run_miniworld.py:262] iteration: 101
 frame: 2525000
 eval_episode_return:  1.00
 train_episode_return:  1.00
 train_exploration_epsilon: 0.100
 train_frame_rate:  159
I1001 22:49:25.480958 47473774917440 run_miniworld.py:238] Data collection iteration 102.
I1001 22:52:03.614749 47473774917440 run_miniworld.py:245] Evaluation iteration 102.
I1001 22:52:13.279962 47473774917440 run_miniworld.py:262] iteration: 102
 frame: 2550000
 eval_episode_return:  0.60
 train_episode_return:  1.00
 train_exploration_epsilon: 0.100
 train_frame_rate:  158
I1001 22:52:13.608067 47473774917440 run_miniworld.py:238] Data collection iteration 103.
I1001 22:54:52.744162 47473774917440 run_miniworld.py:245] Evaluation iteration 103.
I1001 22:55:04.384731 47473774917440 run_miniworld.py:262] iteration: 103
 frame: 2575000
 eval_episode_return:  1.00
 train_episode_return:  1.00
 train_exploration_epsilon: 0.100
 train_frame_rate:  157
I1001 22:55:04.733793 47473774917440 run_miniworld.py:238] Data collection iteration 104.
I1001 22:57:43.709510 47473774917440 run_miniworld.py:245] Evaluation iteration 104.
I1001 22:57:54.910128 47473774917440 run_miniworld.py:262] iteration: 104
 frame: 2600000
 eval_episode_return:  1.00
 train_episode_return:  1.00
 train_exploration_epsilon: 0.100
 train_frame_rate:  157
I1001 22:57:55.237025 47473774917440 run_miniworld.py:238] Data collection iteration 105.
I1001 23:00:34.595954 47473774917440 run_miniworld.py:245] Evaluation iteration 105.
I1001 23:00:46.244928 47473774917440 run_miniworld.py:262] iteration: 105
 frame: 2625000
 eval_episode_return:  1.00
 train_episode_return:  1.00
 train_exploration_epsilon: 0.100
 train_frame_rate:  157
I1001 23:00:46.573270 47473774917440 run_miniworld.py:238] Data collection iteration 106.
I1001 23:03:25.408406 47473774917440 run_miniworld.py:245] Evaluation iteration 106.
I1001 23:03:36.870820 47473774917440 run_miniworld.py:262] iteration: 106
 frame: 2650000
 eval_episode_return:  1.00
 train_episode_return:  1.00
 train_exploration_epsilon: 0.100
 train_frame_rate:  157
I1001 23:03:37.193286 47473774917440 run_miniworld.py:238] Data collection iteration 107.
I1001 23:06:16.119851 47473774917440 run_miniworld.py:245] Evaluation iteration 107.
I1001 23:06:27.082430 47473774917440 run_miniworld.py:262] iteration: 107
 frame: 2675000
 eval_episode_return:  1.00
 train_episode_return:  1.00
 train_exploration_epsilon: 0.100
 train_frame_rate:  157
I1001 23:06:27.405822 47473774917440 run_miniworld.py:238] Data collection iteration 108.
I1001 23:09:05.991884 47473774917440 run_miniworld.py:245] Evaluation iteration 108.
I1001 23:10:29.707830 47473774917440 run_miniworld.py:262] iteration: 108
 frame: 2700000
 eval_episode_return:  1.00
 train_episode_return:  1.00
 train_exploration_epsilon: 0.100
 train_frame_rate:  158
I1001 23:10:30.041034 47473774917440 run_miniworld.py:238] Data collection iteration 109.
I1001 23:13:10.209255 47473774917440 run_miniworld.py:245] Evaluation iteration 109.
I1001 23:13:21.678326 47473774917440 run_miniworld.py:262] iteration: 109
 frame: 2725000
 eval_episode_return:  1.00
 train_episode_return:  1.00
 train_exploration_epsilon: 0.100
 train_frame_rate:  156
I1001 23:13:22.071159 47473774917440 run_miniworld.py:238] Data collection iteration 110.
I1001 23:16:01.738373 47473774917440 run_miniworld.py:245] Evaluation iteration 110.
I1001 23:16:13.316104 47473774917440 run_miniworld.py:262] iteration: 110
 frame: 2750000
 eval_episode_return:  1.00
 train_episode_return:  1.00
 train_exploration_epsilon: 0.100
 train_frame_rate:  157
I1001 23:16:13.644073 47473774917440 run_miniworld.py:238] Data collection iteration 111.
I1001 23:18:53.396418 47473774917440 run_miniworld.py:245] Evaluation iteration 111.
I1001 23:19:06.009078 47473774917440 run_miniworld.py:262] iteration: 111
 frame: 2775000
 eval_episode_return:  1.00
 train_episode_return:  1.00
 train_exploration_epsilon: 0.100
 train_frame_rate:  156
I1001 23:19:06.339012 47473774917440 run_miniworld.py:238] Data collection iteration 112.
I1001 23:21:46.086053 47473774917440 run_miniworld.py:245] Evaluation iteration 112.
I1001 23:21:57.093537 47473774917440 run_miniworld.py:262] iteration: 112
 frame: 2800000
 eval_episode_return:  1.00
 train_episode_return:  1.00
 train_exploration_epsilon: 0.100
 train_frame_rate:  156
I1001 23:21:57.424864 47473774917440 run_miniworld.py:238] Data collection iteration 113.
I1001 23:24:36.568260 47473774917440 run_miniworld.py:245] Evaluation iteration 113.
I1001 23:24:48.006773 47473774917440 run_miniworld.py:262] iteration: 113
 frame: 2825000
 eval_episode_return:  1.00
 train_episode_return:  1.00
 train_exploration_epsilon: 0.100
 train_frame_rate:  157
I1001 23:24:48.335836 47473774917440 run_miniworld.py:238] Data collection iteration 114.
I1001 23:27:27.588953 47473774917440 run_miniworld.py:245] Evaluation iteration 114.
I1001 23:27:38.682825 47473774917440 run_miniworld.py:262] iteration: 114
 frame: 2850000
 eval_episode_return:  1.00
 train_episode_return:  1.00
 train_exploration_epsilon: 0.100
 train_frame_rate:  157
I1001 23:27:39.008624 47473774917440 run_miniworld.py:238] Data collection iteration 115.
I1001 23:30:18.538245 47473774917440 run_miniworld.py:245] Evaluation iteration 115.
I1001 23:30:29.781896 47473774917440 run_miniworld.py:262] iteration: 115
 frame: 2875000
 eval_episode_return:  1.00
 train_episode_return:  1.00
 train_exploration_epsilon: 0.100
 train_frame_rate:  157
I1001 23:30:30.115884 47473774917440 run_miniworld.py:238] Data collection iteration 116.
I1001 23:33:10.274983 47473774917440 run_miniworld.py:245] Evaluation iteration 116.
I1001 23:33:21.986657 47473774917440 run_miniworld.py:262] iteration: 116
 frame: 2900000
 eval_episode_return:  1.00
 train_episode_return:  1.00
 train_exploration_epsilon: 0.100
 train_frame_rate:  156
I1001 23:33:22.315062 47473774917440 run_miniworld.py:238] Data collection iteration 117.
I1001 23:36:02.652245 47473774917440 run_miniworld.py:245] Evaluation iteration 117.
I1001 23:36:13.921237 47473774917440 run_miniworld.py:262] iteration: 117
 frame: 2925000
 eval_episode_return:  1.00
 train_episode_return:  1.00
 train_exploration_epsilon: 0.100
 train_frame_rate:  156
I1001 23:36:14.254092 47473774917440 run_miniworld.py:238] Data collection iteration 118.
I1001 23:38:53.545342 47473774917440 run_miniworld.py:245] Evaluation iteration 118.
I1001 23:39:04.727437 47473774917440 run_miniworld.py:262] iteration: 118
 frame: 2950000
 eval_episode_return:  1.00
 train_episode_return:  1.00
 train_exploration_epsilon: 0.100
 train_frame_rate:  157
I1001 23:39:05.057255 47473774917440 run_miniworld.py:238] Data collection iteration 119.
I1001 23:41:45.687072 47473774917440 run_miniworld.py:245] Evaluation iteration 119.
I1001 23:41:57.404949 47473774917440 run_miniworld.py:262] iteration: 119
 frame: 2975000
 eval_episode_return:  1.00
 train_episode_return:  1.00
 train_exploration_epsilon: 0.100
 train_frame_rate:  156
I1001 23:41:57.743691 47473774917440 run_miniworld.py:238] Data collection iteration 120.
I1001 23:44:36.491935 47473774917440 run_miniworld.py:245] Evaluation iteration 120.
I1001 23:44:47.461213 47473774917440 run_miniworld.py:262] iteration: 120
 frame: 3000000
 eval_episode_return:  1.00
 train_episode_return:  1.00
 train_exploration_epsilon: 0.100
 train_frame_rate:  157
I1001 23:44:47.786344 47473774917440 run_miniworld.py:238] Data collection iteration 121.
I1001 23:47:26.487966 47473774917440 run_miniworld.py:245] Evaluation iteration 121.
I1001 23:47:37.620977 47473774917440 run_miniworld.py:262] iteration: 121
 frame: 3025000
 eval_episode_return:  1.00
 train_episode_return:  1.00
 train_exploration_epsilon: 0.100
 train_frame_rate:  158
I1001 23:47:37.955053 47473774917440 run_miniworld.py:238] Data collection iteration 122.
I1001 23:50:17.060894 47473774917440 run_miniworld.py:245] Evaluation iteration 122.
I1001 23:50:28.112586 47473774917440 run_miniworld.py:262] iteration: 122
 frame: 3050000
 eval_episode_return:  1.00
 train_episode_return:  1.00
 train_exploration_epsilon: 0.100
 train_frame_rate:  157
I1001 23:50:28.434462 47473774917440 run_miniworld.py:238] Data collection iteration 123.
I1001 23:53:06.698496 47473774917440 run_miniworld.py:245] Evaluation iteration 123.
I1001 23:53:17.979135 47473774917440 run_miniworld.py:262] iteration: 123
 frame: 3075000
 eval_episode_return:  1.00
 train_episode_return:  1.00
 train_exploration_epsilon: 0.100
 train_frame_rate:  158
I1001 23:53:18.306984 47473774917440 run_miniworld.py:238] Data collection iteration 124.
I1001 23:55:56.624226 47473774917440 run_miniworld.py:245] Evaluation iteration 124.
I1001 23:56:07.706530 47473774917440 run_miniworld.py:262] iteration: 124
 frame: 3100000
 eval_episode_return:  1.00
 train_episode_return:  1.00
 train_exploration_epsilon: 0.100
 train_frame_rate:  158
I1001 23:56:08.035124 47473774917440 run_miniworld.py:238] Data collection iteration 125.
I1001 23:58:47.240121 47473774917440 run_miniworld.py:245] Evaluation iteration 125.
I1001 23:58:58.330142 47473774917440 run_miniworld.py:262] iteration: 125
 frame: 3125000
 eval_episode_return:  1.00
 train_episode_return:  1.00
 train_exploration_epsilon: 0.100
 train_frame_rate:  157
I1001 23:58:58.661654 47473774917440 run_miniworld.py:238] Data collection iteration 126.
I1002 00:01:37.167927 47473774917440 run_miniworld.py:245] Evaluation iteration 126.
I1002 00:01:48.330069 47473774917440 run_miniworld.py:262] iteration: 126
 frame: 3150000
 eval_episode_return:  1.00
 train_episode_return:  1.00
 train_exploration_epsilon: 0.100
 train_frame_rate:  158
I1002 00:01:48.655862 47473774917440 run_miniworld.py:238] Data collection iteration 127.
I1002 00:04:27.771320 47473774917440 run_miniworld.py:245] Evaluation iteration 127.
I1002 00:04:38.775764 47473774917440 run_miniworld.py:262] iteration: 127
 frame: 3175000
 eval_episode_return:  1.00
 train_episode_return:  1.00
 train_exploration_epsilon: 0.100
 train_frame_rate:  157
I1002 00:04:39.100005 47473774917440 run_miniworld.py:238] Data collection iteration 128.
I1002 00:07:17.990120 47473774917440 run_miniworld.py:245] Evaluation iteration 128.
I1002 00:07:29.242647 47473774917440 run_miniworld.py:262] iteration: 128
 frame: 3200000
 eval_episode_return:  1.00
 train_episode_return:  1.00
 train_exploration_epsilon: 0.100
 train_frame_rate:  157
I1002 00:07:29.568641 47473774917440 run_miniworld.py:238] Data collection iteration 129.
I1002 00:10:09.819228 47473774917440 run_miniworld.py:245] Evaluation iteration 129.
I1002 00:10:21.495114 47473774917440 run_miniworld.py:262] iteration: 129
 frame: 3225000
 eval_episode_return:  1.00
 train_episode_return:  1.00
 train_exploration_epsilon: 0.100
 train_frame_rate:  156
I1002 00:10:21.819226 47473774917440 run_miniworld.py:238] Data collection iteration 130.
I1002 00:13:00.476635 47473774917440 run_miniworld.py:245] Evaluation iteration 130.
I1002 00:13:11.679088 47473774917440 run_miniworld.py:262] iteration: 130
 frame: 3250000
 eval_episode_return:  1.00
 train_episode_return:  1.00
 train_exploration_epsilon: 0.100
 train_frame_rate:  158
I1002 00:13:12.004843 47473774917440 run_miniworld.py:238] Data collection iteration 131.
I1002 00:15:50.616597 47473774917440 run_miniworld.py:245] Evaluation iteration 131.
I1002 00:16:01.954270 47473774917440 run_miniworld.py:262] iteration: 131
 frame: 3275000
 eval_episode_return:  1.00
 train_episode_return:  1.00
 train_exploration_epsilon: 0.100
 train_frame_rate:  158
I1002 00:16:02.275436 47473774917440 run_miniworld.py:238] Data collection iteration 132.
I1002 00:18:40.898832 47473774917440 run_miniworld.py:245] Evaluation iteration 132.
I1002 00:18:51.994176 47473774917440 run_miniworld.py:262] iteration: 132
 frame: 3300000
 eval_episode_return:  1.00
 train_episode_return:  1.00
 train_exploration_epsilon: 0.100
 train_frame_rate:  158
I1002 00:18:52.321280 47473774917440 run_miniworld.py:238] Data collection iteration 133.
I1002 00:21:30.781679 47473774917440 run_miniworld.py:245] Evaluation iteration 133.
I1002 00:21:42.158487 47473774917440 run_miniworld.py:262] iteration: 133
 frame: 3325000
 eval_episode_return:  1.00
 train_episode_return:  1.00
 train_exploration_epsilon: 0.100
 train_frame_rate:  158
I1002 00:21:42.484258 47473774917440 run_miniworld.py:238] Data collection iteration 134.
I1002 00:24:21.278343 47473774917440 run_miniworld.py:245] Evaluation iteration 134.
I1002 00:24:32.374255 47473774917440 run_miniworld.py:262] iteration: 134
 frame: 3350000
 eval_episode_return:  1.00
 train_episode_return:  1.00
 train_exploration_epsilon: 0.100
 train_frame_rate:  157
I1002 00:24:32.693477 47473774917440 run_miniworld.py:238] Data collection iteration 135.
I1002 00:27:12.272401 47473774917440 run_miniworld.py:245] Evaluation iteration 135.
I1002 00:27:24.185071 47473774917440 run_miniworld.py:262] iteration: 135
 frame: 3375000
 eval_episode_return:  1.00
 train_episode_return:  1.00
 train_exploration_epsilon: 0.100
 train_frame_rate:  157
I1002 00:27:24.508412 47473774917440 run_miniworld.py:238] Data collection iteration 136.
I1002 00:30:03.717385 47473774917440 run_miniworld.py:245] Evaluation iteration 136.
I1002 00:30:15.280851 47473774917440 run_miniworld.py:262] iteration: 136
 frame: 3400000
 eval_episode_return:  1.00
 train_episode_return:  1.00
 train_exploration_epsilon: 0.100
 train_frame_rate:  157
I1002 00:30:15.602009 47473774917440 run_miniworld.py:238] Data collection iteration 137.
I1002 00:32:54.868928 47473774917440 run_miniworld.py:245] Evaluation iteration 137.
I1002 00:33:06.390388 47473774917440 run_miniworld.py:262] iteration: 137
 frame: 3425000
 eval_episode_return:  1.00
 train_episode_return:  1.00
 train_exploration_epsilon: 0.100
 train_frame_rate:  157
I1002 00:33:06.715817 47473774917440 run_miniworld.py:238] Data collection iteration 138.
I1002 00:35:47.727216 47473774917440 run_miniworld.py:245] Evaluation iteration 138.
I1002 00:35:59.475278 47473774917440 run_miniworld.py:262] iteration: 138
 frame: 3450000
 eval_episode_return:  1.00
 train_episode_return:  1.00
 train_exploration_epsilon: 0.100
 train_frame_rate:  155
I1002 00:35:59.798178 47473774917440 run_miniworld.py:238] Data collection iteration 139.
I1002 00:38:39.694647 47473774917440 run_miniworld.py:245] Evaluation iteration 139.
I1002 00:38:50.721385 47473774917440 run_miniworld.py:262] iteration: 139
 frame: 3475000
 eval_episode_return:  1.00
 train_episode_return:  1.00
 train_exploration_epsilon: 0.100
 train_frame_rate:  156
I1002 00:38:51.046062 47473774917440 run_miniworld.py:238] Data collection iteration 140.
I1002 00:41:30.748287 47473774917440 run_miniworld.py:245] Evaluation iteration 140.
I1002 00:41:42.370745 47473774917440 run_miniworld.py:262] iteration: 140
 frame: 3500000
 eval_episode_return:  1.00
 train_episode_return:  1.00
 train_exploration_epsilon: 0.100
 train_frame_rate:  157
I1002 00:41:42.693373 47473774917440 run_miniworld.py:238] Data collection iteration 141.
I1002 00:44:22.190291 47473774917440 run_miniworld.py:245] Evaluation iteration 141.
I1002 00:44:33.581934 47473774917440 run_miniworld.py:262] iteration: 141
 frame: 3525000
 eval_episode_return:  1.00
 train_episode_return:  1.00
 train_exploration_epsilon: 0.100
 train_frame_rate:  157
I1002 00:44:33.906236 47473774917440 run_miniworld.py:238] Data collection iteration 142.
I1002 00:47:14.494251 47473774917440 run_miniworld.py:245] Evaluation iteration 142.
I1002 00:47:26.345383 47473774917440 run_miniworld.py:262] iteration: 142
 frame: 3550000
 eval_episode_return:  1.00
 train_episode_return:  1.00
 train_exploration_epsilon: 0.100
 train_frame_rate:  156
I1002 00:47:26.680750 47473774917440 run_miniworld.py:238] Data collection iteration 143.
I1002 00:50:06.364556 47473774917440 run_miniworld.py:245] Evaluation iteration 143.
I1002 00:50:17.815798 47473774917440 run_miniworld.py:262] iteration: 143
 frame: 3575000
 eval_episode_return:  1.00
 train_episode_return:  1.00
 train_exploration_epsilon: 0.100
 train_frame_rate:  157
I1002 00:50:18.144328 47473774917440 run_miniworld.py:238] Data collection iteration 144.
I1002 00:52:58.891644 47473774917440 run_miniworld.py:245] Evaluation iteration 144.
I1002 00:53:10.132897 47473774917440 run_miniworld.py:262] iteration: 144
 frame: 3600000
 eval_episode_return:  1.00
 train_episode_return:  1.00
 train_exploration_epsilon: 0.100
 train_frame_rate:  156
I1002 00:53:10.449998 47473774917440 run_miniworld.py:238] Data collection iteration 145.
I1002 00:55:50.756513 47473774917440 run_miniworld.py:245] Evaluation iteration 145.
I1002 00:56:02.197266 47473774917440 run_miniworld.py:262] iteration: 145
 frame: 3625000
 eval_episode_return:  1.00
 train_episode_return:  1.00
 train_exploration_epsilon: 0.100
 train_frame_rate:  156
I1002 00:56:02.520555 47473774917440 run_miniworld.py:238] Data collection iteration 146.
I1002 00:58:42.668784 47473774917440 run_miniworld.py:245] Evaluation iteration 146.
I1002 00:58:54.229529 47473774917440 run_miniworld.py:262] iteration: 146
 frame: 3650000
 eval_episode_return:  1.00
 train_episode_return:  1.00
 train_exploration_epsilon: 0.100
 train_frame_rate:  156
I1002 00:58:54.557932 47473774917440 run_miniworld.py:238] Data collection iteration 147.
I1002 01:01:34.913689 47473774917440 run_miniworld.py:245] Evaluation iteration 147.
I1002 01:01:46.662398 47473774917440 run_miniworld.py:262] iteration: 147
 frame: 3675000
 eval_episode_return:  1.00
 train_episode_return:  1.00
 train_exploration_epsilon: 0.100
 train_frame_rate:  156
I1002 01:01:46.987695 47473774917440 run_miniworld.py:238] Data collection iteration 148.
I1002 01:04:27.285192 47473774917440 run_miniworld.py:245] Evaluation iteration 148.
I1002 01:04:38.096389 47473774917440 run_miniworld.py:262] iteration: 148
 frame: 3700000
 eval_episode_return:  1.00
 train_episode_return:  1.00
 train_exploration_epsilon: 0.100
 train_frame_rate:  156
I1002 01:04:38.421398 47473774917440 run_miniworld.py:238] Data collection iteration 149.
I1002 01:07:18.210219 47473774917440 run_miniworld.py:245] Evaluation iteration 149.
I1002 01:07:29.614790 47473774917440 run_miniworld.py:262] iteration: 149
 frame: 3725000
 eval_episode_return:  1.00
 train_episode_return:  1.00
 train_exploration_epsilon: 0.100
 train_frame_rate:  156
I1002 01:07:29.936737 47473774917440 run_miniworld.py:238] Data collection iteration 150.
I1002 01:10:11.225631 47473774917440 run_miniworld.py:245] Evaluation iteration 150.
I1002 01:10:22.440363 47473774917440 run_miniworld.py:262] iteration: 150
 frame: 3750000
 eval_episode_return:  1.00
 train_episode_return:  1.00
 train_exploration_epsilon: 0.100
 train_frame_rate:  155
I1002 01:10:22.765209 47473774917440 run_miniworld.py:238] Data collection iteration 151.
I1002 01:13:02.443163 47473774917440 run_miniworld.py:245] Evaluation iteration 151.
I1002 01:13:14.574152 47473774917440 run_miniworld.py:262] iteration: 151
 frame: 3775000
 eval_episode_return:  1.00
 train_episode_return:  1.00
 train_exploration_epsilon: 0.100
 train_frame_rate:  157
I1002 01:13:14.896644 47473774917440 run_miniworld.py:238] Data collection iteration 152.
I1002 01:15:57.387285 47473774917440 run_miniworld.py:245] Evaluation iteration 152.
I1002 01:16:08.961507 47473774917440 run_miniworld.py:262] iteration: 152
 frame: 3800000
 eval_episode_return:  1.00
 train_episode_return:  1.00
 train_exploration_epsilon: 0.100
 train_frame_rate:  154
I1002 01:16:09.289491 47473774917440 run_miniworld.py:238] Data collection iteration 153.
I1002 01:18:50.798586 47473774917440 run_miniworld.py:245] Evaluation iteration 153.
I1002 01:19:02.651887 47473774917440 run_miniworld.py:262] iteration: 153
 frame: 3825000
 eval_episode_return:  1.00
 train_episode_return:  1.00
 train_exploration_epsilon: 0.100
 train_frame_rate:  155
I1002 01:19:02.978783 47473774917440 run_miniworld.py:238] Data collection iteration 154.
I1002 01:21:42.960972 47473774917440 run_miniworld.py:245] Evaluation iteration 154.
I1002 01:21:54.009923 47473774917440 run_miniworld.py:262] iteration: 154
 frame: 3850000
 eval_episode_return:  1.00
 train_episode_return:  1.00
 train_exploration_epsilon: 0.100
 train_frame_rate:  156
I1002 01:21:54.336103 47473774917440 run_miniworld.py:238] Data collection iteration 155.
I1002 01:24:35.540201 47473774917440 run_miniworld.py:245] Evaluation iteration 155.
I1002 01:24:47.433327 47473774917440 run_miniworld.py:262] iteration: 155
 frame: 3875000
 eval_episode_return:  1.00
 train_episode_return:  1.00
 train_exploration_epsilon: 0.100
 train_frame_rate:  155
I1002 01:24:47.757893 47473774917440 run_miniworld.py:238] Data collection iteration 156.
I1002 01:27:27.732835 47473774917440 run_miniworld.py:245] Evaluation iteration 156.
I1002 01:27:39.379764 47473774917440 run_miniworld.py:262] iteration: 156
 frame: 3900000
 eval_episode_return:  1.00
 train_episode_return:  1.00
 train_exploration_epsilon: 0.100
 train_frame_rate:  156
I1002 01:27:39.701756 47473774917440 run_miniworld.py:238] Data collection iteration 157.
I1002 01:30:20.145133 47473774917440 run_miniworld.py:245] Evaluation iteration 157.
I1002 01:30:31.329710 47473774917440 run_miniworld.py:262] iteration: 157
 frame: 3925000
 eval_episode_return:  1.00
 train_episode_return:  1.00
 train_exploration_epsilon: 0.100
 train_frame_rate:  156
I1002 01:30:31.651016 47473774917440 run_miniworld.py:238] Data collection iteration 158.
I1002 01:33:11.880226 47473774917440 run_miniworld.py:245] Evaluation iteration 158.
I1002 01:33:23.028520 47473774917440 run_miniworld.py:262] iteration: 158
 frame: 3950000
 eval_episode_return:  1.00
 train_episode_return:  1.00
 train_exploration_epsilon: 0.100
 train_frame_rate:  156
I1002 01:33:23.350132 47473774917440 run_miniworld.py:238] Data collection iteration 159.
I1002 01:36:03.056841 47473774917440 run_miniworld.py:245] Evaluation iteration 159.
I1002 01:36:14.333910 47473774917440 run_miniworld.py:262] iteration: 159
 frame: 3975000
 eval_episode_return:  1.00
 train_episode_return:  1.00
 train_exploration_epsilon: 0.100
 train_frame_rate:  157
I1002 01:36:14.666163 47473774917440 run_miniworld.py:238] Data collection iteration 160.
I1002 01:38:54.052017 47473774917440 run_miniworld.py:245] Evaluation iteration 160.
I1002 01:39:05.226799 47473774917440 run_miniworld.py:262] iteration: 160
 frame: 4000000
 eval_episode_return:  1.00
 train_episode_return:  1.00
 train_exploration_epsilon: 0.100
 train_frame_rate:  157
I1002 01:39:05.549754 47473774917440 run_miniworld.py:238] Data collection iteration 161.
I1002 01:41:44.447506 47473774917440 run_miniworld.py:245] Evaluation iteration 161.
I1002 01:41:55.926274 47473774917440 run_miniworld.py:262] iteration: 161
 frame: 4025000
 eval_episode_return:  1.00
 train_episode_return:  1.00
 train_exploration_epsilon: 0.100
 train_frame_rate:  157
I1002 01:41:56.245813 47473774917440 run_miniworld.py:238] Data collection iteration 162.
I1002 01:44:37.199470 47473774917440 run_miniworld.py:245] Evaluation iteration 162.
I1002 01:44:49.022705 47473774917440 run_miniworld.py:262] iteration: 162
 frame: 4050000
 eval_episode_return:  1.00
 train_episode_return:  1.00
 train_exploration_epsilon: 0.100
 train_frame_rate:  155
I1002 01:44:49.336970 47473774917440 run_miniworld.py:238] Data collection iteration 163.
I1002 01:47:27.919950 47473774917440 run_miniworld.py:245] Evaluation iteration 163.
I1002 01:47:39.368252 47473774917440 run_miniworld.py:262] iteration: 163
 frame: 4075000
 eval_episode_return:  1.00
 train_episode_return:  1.00
 train_exploration_epsilon: 0.100
 train_frame_rate:  158
I1002 01:47:39.686043 47473774917440 run_miniworld.py:238] Data collection iteration 164.
I1002 01:50:20.198428 47473774917440 run_miniworld.py:245] Evaluation iteration 164.
I1002 01:50:31.959531 47473774917440 run_miniworld.py:262] iteration: 164
 frame: 4100000
 eval_episode_return:  1.00
 train_episode_return:  1.00
 train_exploration_epsilon: 0.100
 train_frame_rate:  156
I1002 01:50:32.277687 47473774917440 run_miniworld.py:238] Data collection iteration 165.
I1002 01:53:12.336687 47473774917440 run_miniworld.py:245] Evaluation iteration 165.
I1002 01:53:23.785070 47473774917440 run_miniworld.py:262] iteration: 165
 frame: 4125000
 eval_episode_return:  1.00
 train_episode_return:  1.00
 train_exploration_epsilon: 0.100
 train_frame_rate:  156
I1002 01:53:24.104577 47473774917440 run_miniworld.py:238] Data collection iteration 166.
I1002 01:56:03.433020 47473774917440 run_miniworld.py:245] Evaluation iteration 166.
I1002 01:56:14.622066 47473774917440 run_miniworld.py:262] iteration: 166
 frame: 4150000
 eval_episode_return:  1.00
 train_episode_return:  1.00
 train_exploration_epsilon: 0.100
 train_frame_rate:  157
I1002 01:56:14.941938 47473774917440 run_miniworld.py:238] Data collection iteration 167.
I1002 01:58:54.234696 47473774917440 run_miniworld.py:245] Evaluation iteration 167.
I1002 01:59:05.635601 47473774917440 run_miniworld.py:262] iteration: 167
 frame: 4175000
 eval_episode_return:  1.00
 train_episode_return:  1.00
 train_exploration_epsilon: 0.100
 train_frame_rate:  157
I1002 01:59:05.952575 47473774917440 run_miniworld.py:238] Data collection iteration 168.
I1002 02:01:45.441402 47473774917440 run_miniworld.py:245] Evaluation iteration 168.
I1002 02:01:56.719779 47473774917440 run_miniworld.py:262] iteration: 168
 frame: 4200000
 eval_episode_return:  1.00
 train_episode_return:  1.00
 train_exploration_epsilon: 0.100
 train_frame_rate:  157
I1002 02:01:57.040595 47473774917440 run_miniworld.py:238] Data collection iteration 169.
I1002 02:04:36.755819 47473774917440 run_miniworld.py:245] Evaluation iteration 169.
I1002 02:04:47.906764 47473774917440 run_miniworld.py:262] iteration: 169
 frame: 4225000
 eval_episode_return:  1.00
 train_episode_return:  1.00
 train_exploration_epsilon: 0.100
 train_frame_rate:  157
I1002 02:04:48.233635 47473774917440 run_miniworld.py:238] Data collection iteration 170.
I1002 02:07:27.551876 47473774917440 run_miniworld.py:245] Evaluation iteration 170.
I1002 02:07:39.056468 47473774917440 run_miniworld.py:262] iteration: 170
 frame: 4250000
 eval_episode_return:  1.00
 train_episode_return:  1.00
 train_exploration_epsilon: 0.100
 train_frame_rate:  157
I1002 02:07:39.377537 47473774917440 run_miniworld.py:238] Data collection iteration 171.
I1002 02:10:18.396508 47473774917440 run_miniworld.py:245] Evaluation iteration 171.
I1002 02:10:29.583281 47473774917440 run_miniworld.py:262] iteration: 171
 frame: 4275000
 eval_episode_return:  1.00
 train_episode_return:  1.00
 train_exploration_epsilon: 0.100
 train_frame_rate:  157
I1002 02:10:29.912768 47473774917440 run_miniworld.py:238] Data collection iteration 172.
I1002 02:13:09.976616 47473774917440 run_miniworld.py:245] Evaluation iteration 172.
I1002 02:13:21.440348 47473774917440 run_miniworld.py:262] iteration: 172
 frame: 4300000
 eval_episode_return:  1.00
 train_episode_return:  1.00
 train_exploration_epsilon: 0.100
 train_frame_rate:  156
I1002 02:13:21.762973 47473774917440 run_miniworld.py:238] Data collection iteration 173.
I1002 02:16:01.656970 47473774917440 run_miniworld.py:245] Evaluation iteration 173.
I1002 02:16:13.330474 47473774917440 run_miniworld.py:262] iteration: 173
 frame: 4325000
 eval_episode_return:  1.00
 train_episode_return:  1.00
 train_exploration_epsilon: 0.100
 train_frame_rate:  156
I1002 02:16:13.651141 47473774917440 run_miniworld.py:238] Data collection iteration 174.
I1002 02:18:54.455548 47473774917440 run_miniworld.py:245] Evaluation iteration 174.
I1002 02:19:06.004366 47473774917440 run_miniworld.py:262] iteration: 174
 frame: 4350000
 eval_episode_return:  1.00
 train_episode_return:  1.00
 train_exploration_epsilon: 0.100
 train_frame_rate:  155
I1002 02:19:06.317320 47473774917440 run_miniworld.py:238] Data collection iteration 175.
I1002 02:21:58.214757 47473774917440 run_miniworld.py:245] Evaluation iteration 175.
I1002 02:22:09.566319 47473774917440 run_miniworld.py:262] iteration: 175
 frame: 4375000
 eval_episode_return:  1.00
 train_episode_return:  1.00
 train_exploration_epsilon: 0.100
 train_frame_rate:  145
I1002 02:22:09.880009 47473774917440 run_miniworld.py:238] Data collection iteration 176.
I1002 02:24:50.115603 47473774917440 run_miniworld.py:245] Evaluation iteration 176.
I1002 02:25:01.678144 47473774917440 run_miniworld.py:262] iteration: 176
 frame: 4400000
 eval_episode_return:  1.00
 train_episode_return:  1.00
 train_exploration_epsilon: 0.100
 train_frame_rate:  156
I1002 02:25:01.990516 47473774917440 run_miniworld.py:238] Data collection iteration 177.
I1002 02:27:43.384408 47473774917440 run_miniworld.py:245] Evaluation iteration 177.
I1002 02:27:55.234691 47473774917440 run_miniworld.py:262] iteration: 177
 frame: 4425000
 eval_episode_return:  1.00
 train_episode_return:  1.00
 train_exploration_epsilon: 0.100
 train_frame_rate:  155
I1002 02:27:55.551926 47473774917440 run_miniworld.py:238] Data collection iteration 178.
I1002 02:30:37.600714 47473774917440 run_miniworld.py:245] Evaluation iteration 178.
I1002 02:30:49.570615 47473774917440 run_miniworld.py:262] iteration: 178
 frame: 4450000
 eval_episode_return:  1.00
 train_episode_return:  1.00
 train_exploration_epsilon: 0.100
 train_frame_rate:  154
I1002 02:30:49.887652 47473774917440 run_miniworld.py:238] Data collection iteration 179.
I1002 02:33:28.786307 47473774917440 run_miniworld.py:245] Evaluation iteration 179.
I1002 02:33:40.093763 47473774917440 run_miniworld.py:262] iteration: 179
 frame: 4475000
 eval_episode_return:  1.00
 train_episode_return:  1.00
 train_exploration_epsilon: 0.100
 train_frame_rate:  157
I1002 02:33:40.410132 47473774917440 run_miniworld.py:238] Data collection iteration 180.
I1002 02:36:19.282424 47473774917440 run_miniworld.py:245] Evaluation iteration 180.
I1002 02:36:30.699907 47473774917440 run_miniworld.py:262] iteration: 180
 frame: 4500000
 eval_episode_return:  1.00
 train_episode_return:  1.00
 train_exploration_epsilon: 0.100
 train_frame_rate:  157
I1002 02:36:31.016421 47473774917440 run_miniworld.py:238] Data collection iteration 181.
I1002 02:39:09.788066 47473774917440 run_miniworld.py:245] Evaluation iteration 181.
I1002 02:39:20.827862 47473774917440 run_miniworld.py:262] iteration: 181
 frame: 4525000
 eval_episode_return:  1.00
 train_episode_return:  1.00
 train_exploration_epsilon: 0.100
 train_frame_rate:  157
I1002 02:39:21.141032 47473774917440 run_miniworld.py:238] Data collection iteration 182.
I1002 02:42:02.080776 47473774917440 run_miniworld.py:245] Evaluation iteration 182.
I1002 02:42:13.379898 47473774917440 run_miniworld.py:262] iteration: 182
 frame: 4550000
 eval_episode_return:  1.00
 train_episode_return:  1.00
 train_exploration_epsilon: 0.100
 train_frame_rate:  155
I1002 02:42:13.695945 47473774917440 run_miniworld.py:238] Data collection iteration 183.
I1002 02:44:52.478068 47473774917440 run_miniworld.py:245] Evaluation iteration 183.
I1002 02:45:03.536330 47473774917440 run_miniworld.py:262] iteration: 183
 frame: 4575000
 eval_episode_return:  1.00
 train_episode_return:  1.00
 train_exploration_epsilon: 0.100
 train_frame_rate:  157
I1002 02:45:03.852811 47473774917440 run_miniworld.py:238] Data collection iteration 184.
I1002 02:47:43.862368 47473774917440 run_miniworld.py:245] Evaluation iteration 184.
I1002 02:47:55.453990 47473774917440 run_miniworld.py:262] iteration: 184
 frame: 4600000
 eval_episode_return:  1.00
 train_episode_return:  1.00
 train_exploration_epsilon: 0.100
 train_frame_rate:  156
I1002 02:47:55.768965 47473774917440 run_miniworld.py:238] Data collection iteration 185.
I1002 02:50:34.928933 47473774917440 run_miniworld.py:245] Evaluation iteration 185.
I1002 02:50:46.021260 47473774917440 run_miniworld.py:262] iteration: 185
 frame: 4625000
 eval_episode_return:  1.00
 train_episode_return:  1.00
 train_exploration_epsilon: 0.100
 train_frame_rate:  157
I1002 02:50:46.339652 47473774917440 run_miniworld.py:238] Data collection iteration 186.
I1002 02:53:26.124135 47473774917440 run_miniworld.py:245] Evaluation iteration 186.
I1002 02:53:36.918859 47473774917440 run_miniworld.py:262] iteration: 186
 frame: 4650000
 eval_episode_return:  1.00
 train_episode_return:  1.00
 train_exploration_epsilon: 0.100
 train_frame_rate:  156
I1002 02:53:37.235219 47473774917440 run_miniworld.py:238] Data collection iteration 187.
I1002 02:56:16.884564 47473774917440 run_miniworld.py:245] Evaluation iteration 187.
I1002 02:56:28.528752 47473774917440 run_miniworld.py:262] iteration: 187
 frame: 4675000
 eval_episode_return:  1.00
 train_episode_return:  1.00
 train_exploration_epsilon: 0.100
 train_frame_rate:  157
I1002 02:56:28.845232 47473774917440 run_miniworld.py:238] Data collection iteration 188.
I1002 02:59:09.129748 47473774917440 run_miniworld.py:245] Evaluation iteration 188.
I1002 02:59:20.941284 47473774917440 run_miniworld.py:262] iteration: 188
 frame: 4700000
 eval_episode_return:  1.00
 train_episode_return:  1.00
 train_exploration_epsilon: 0.100
 train_frame_rate:  156
I1002 02:59:21.258857 47473774917440 run_miniworld.py:238] Data collection iteration 189.
I1002 03:02:00.468917 47473774917440 run_miniworld.py:245] Evaluation iteration 189.
I1002 03:02:12.118669 47473774917440 run_miniworld.py:262] iteration: 189
 frame: 4725000
 eval_episode_return:  1.00
 train_episode_return:  1.00
 train_exploration_epsilon: 0.100
 train_frame_rate:  157
I1002 03:02:12.434488 47473774917440 run_miniworld.py:238] Data collection iteration 190.
I1002 03:04:51.861918 47473774917440 run_miniworld.py:245] Evaluation iteration 190.
I1002 03:05:03.219949 47473774917440 run_miniworld.py:262] iteration: 190
 frame: 4750000
 eval_episode_return:  1.00
 train_episode_return:  1.00
 train_exploration_epsilon: 0.100
 train_frame_rate:  157
I1002 03:05:03.538073 47473774917440 run_miniworld.py:238] Data collection iteration 191.
I1002 03:07:43.973873 47473774917440 run_miniworld.py:245] Evaluation iteration 191.
I1002 03:07:56.285189 47473774917440 run_miniworld.py:262] iteration: 191
 frame: 4775000
 eval_episode_return:  1.00
 train_episode_return:  1.00
 train_exploration_epsilon: 0.100
 train_frame_rate:  156
I1002 03:07:57.248960 47473774917440 run_miniworld.py:238] Data collection iteration 192.
I1002 03:10:36.936452 47473774917440 run_miniworld.py:245] Evaluation iteration 192.
I1002 03:10:48.086127 47473774917440 run_miniworld.py:262] iteration: 192
 frame: 4800000
 eval_episode_return:  1.00
 train_episode_return:  1.00
 train_exploration_epsilon: 0.100
 train_frame_rate:  157
I1002 03:10:48.404949 47473774917440 run_miniworld.py:238] Data collection iteration 193.
I1002 03:13:28.269555 47473774917440 run_miniworld.py:245] Evaluation iteration 193.
I1002 03:13:39.790742 47473774917440 run_miniworld.py:262] iteration: 193
 frame: 4825000
 eval_episode_return:  1.00
 train_episode_return:  1.00
 train_exploration_epsilon: 0.100
 train_frame_rate:  156
I1002 03:13:40.109569 47473774917440 run_miniworld.py:238] Data collection iteration 194.
I1002 03:16:19.829659 47473774917440 run_miniworld.py:245] Evaluation iteration 194.
I1002 03:16:31.121527 47473774917440 run_miniworld.py:262] iteration: 194
 frame: 4850000
 eval_episode_return:  1.00
 train_episode_return:  1.00
 train_exploration_epsilon: 0.100
 train_frame_rate:  157
I1002 03:16:31.451602 47473774917440 run_miniworld.py:238] Data collection iteration 195.
I1002 03:19:10.256005 47473774917440 run_miniworld.py:245] Evaluation iteration 195.
I1002 03:19:21.555156 47473774917440 run_miniworld.py:262] iteration: 195
 frame: 4875000
 eval_episode_return:  1.00
 train_episode_return:  1.00
 train_exploration_epsilon: 0.100
 train_frame_rate:  157
I1002 03:19:21.875746 47473774917440 run_miniworld.py:238] Data collection iteration 196.
I1002 03:22:00.881153 47473774917440 run_miniworld.py:245] Evaluation iteration 196.
I1002 03:22:11.967435 47473774917440 run_miniworld.py:262] iteration: 196
 frame: 4900000
 eval_episode_return:  1.00
 train_episode_return:  1.00
 train_exploration_epsilon: 0.100
 train_frame_rate:  157
I1002 03:22:12.285706 47473774917440 run_miniworld.py:238] Data collection iteration 197.
I1002 03:24:51.868406 47473774917440 run_miniworld.py:245] Evaluation iteration 197.
I1002 03:25:03.518964 47473774917440 run_miniworld.py:262] iteration: 197
 frame: 4925000
 eval_episode_return:  1.00
 train_episode_return:  1.00
 train_exploration_epsilon: 0.100
 train_frame_rate:  157
I1002 03:25:03.841873 47473774917440 run_miniworld.py:238] Data collection iteration 198.
I1002 03:27:42.929260 47473774917440 run_miniworld.py:245] Evaluation iteration 198.
I1002 03:27:54.230991 47473774917440 run_miniworld.py:262] iteration: 198
 frame: 4950000
 eval_episode_return:  1.00
 train_episode_return:  1.00
 train_exploration_epsilon: 0.100
 train_frame_rate:  157
I1002 03:27:54.546759 47473774917440 run_miniworld.py:238] Data collection iteration 199.
I1002 03:30:35.507179 47473774917440 run_miniworld.py:245] Evaluation iteration 199.
I1002 03:30:47.365702 47473774917440 run_miniworld.py:262] iteration: 199
 frame: 4975000
 eval_episode_return:  1.00
 train_episode_return:  1.00
 train_exploration_epsilon: 0.100
 train_frame_rate:  155
I1002 03:30:47.676649 47473774917440 run_miniworld.py:238] Data collection iteration 200.
I1002 03:33:27.106904 47473774917440 run_miniworld.py:245] Evaluation iteration 200.
I1002 03:33:38.298099 47473774917440 run_miniworld.py:262] iteration: 200
 frame: 5000000
 eval_episode_return:  1.00
 train_episode_return:  1.00
 train_exploration_epsilon: 0.100
 train_frame_rate:  157
Falling back to num_samples=1
Falling back to num_samples=1
Falling back to num_samples=1
Falling back to num_samples=1
Falling back to num_samples=1
Falling back to num_samples=1
Falling back to num_samples=1
Falling back to num_samples=1
Falling back to num_samples=1
Falling back to num_samples=1
Falling back to num_samples=1
Falling back to num_samples=1
Falling back to num_samples=1
Falling back to num_samples=1
Falling back to num_samples=1
Falling back to num_samples=1
Falling back to num_samples=1
Falling back to num_samples=1
Falling back to num_samples=1
Falling back to num_samples=1
Falling back to num_samples=1
Falling back to num_samples=1
Falling back to num_samples=1
Falling back to num_samples=1
Falling back to num_samples=1
Falling back to num_samples=1
Falling back to num_samples=1
Falling back to num_samples=1
Falling back to num_samples=1
Falling back to num_samples=1
Falling back to num_samples=1
Falling back to num_samples=1
Falling back to num_samples=1
Falling back to num_samples=1
Falling back to num_samples=1
Falling back to num_samples=1
Falling back to num_samples=1
Falling back to num_samples=1
Falling back to num_samples=1
Falling back to num_samples=1
Falling back to num_samples=1
Falling back to num_samples=1
Falling back to num_samples=1
Falling back to num_samples=1
Falling back to num_samples=1
Falling back to num_samples=1
Falling back to num_samples=1
Falling back to num_samples=1
Falling back to num_samples=1
Falling back to num_samples=1
Falling back to num_samples=1
Falling back to num_samples=1
Falling back to num_samples=1
Falling back to num_samples=1
Falling back to num_samples=1
Falling back to num_samples=1
Falling back to num_samples=1
Falling back to num_samples=1
Falling back to num_samples=1
Falling back to num_samples=1
Falling back to num_samples=1
Falling back to num_samples=1
Falling back to num_samples=1
Falling back to num_samples=1
Falling back to num_samples=1
Falling back to num_samples=1
Falling back to num_samples=1
Falling back to num_samples=1
Falling back to num_samples=1
Falling back to num_samples=1
Falling back to num_samples=1
Falling back to num_samples=1
Falling back to num_samples=1
Falling back to num_samples=1
Falling back to num_samples=1
Falling back to num_samples=1
Falling back to num_samples=1
Falling back to num_samples=1
Falling back to num_samples=1
Falling back to num_samples=1
Falling back to num_samples=1
Falling back to num_samples=1
Falling back to num_samples=1
Falling back to num_samples=1
Falling back to num_samples=1
Falling back to num_samples=1
Falling back to num_samples=1
Falling back to num_samples=1
Falling back to num_samples=1
Falling back to num_samples=1
Falling back to num_samples=1
Falling back to num_samples=1
Falling back to num_samples=1
Falling back to num_samples=1
Falling back to num_samples=1
Falling back to num_samples=1
Falling back to num_samples=1
Falling back to num_samples=1
Falling back to num_samples=1
Falling back to num_samples=1
Falling back to num_samples=1
Falling back to num_samples=1
Falling back to num_samples=1
Falling back to num_samples=1
Falling back to num_samples=1
Falling back to num_samples=1
Falling back to num_samples=1
Falling back to num_samples=1
Falling back to num_samples=1
Falling back to num_samples=1
Falling back to num_samples=1
Falling back to num_samples=1
Falling back to num_samples=1
Falling back to num_samples=1
Falling back to num_samples=1
Falling back to num_samples=1
Falling back to num_samples=1
Falling back to num_samples=1
Falling back to num_samples=1
Falling back to num_samples=1
Falling back to num_samples=1
Falling back to num_samples=1
Falling back to num_samples=1
Falling back to num_samples=1
Falling back to num_samples=1
Falling back to num_samples=1
Falling back to num_samples=1
Falling back to num_samples=1
Falling back to num_samples=1
Falling back to num_samples=1
Falling back to num_samples=1
Falling back to num_samples=1
Falling back to num_samples=1
Falling back to num_samples=1
Falling back to num_samples=1
Falling back to num_samples=1
Falling back to num_samples=1
Falling back to num_samples=1
Falling back to num_samples=1
Falling back to num_samples=1
Falling back to num_samples=1
Falling back to num_samples=1
Falling back to num_samples=1
Falling back to num_samples=1
Falling back to num_samples=1
Falling back to num_samples=1
Falling back to num_samples=1
Falling back to num_samples=1
Falling back to num_samples=1
Falling back to num_samples=1
Falling back to num_samples=1
Falling back to num_samples=1
Falling back to num_samples=1
Falling back to num_samples=1
Falling back to num_samples=1
Falling back to num_samples=1
Falling back to num_samples=1
Falling back to num_samples=1
Falling back to num_samples=1
Falling back to num_samples=1
Falling back to num_samples=1
Falling back to num_samples=1
Falling back to num_samples=1
Falling back to num_samples=1
Falling back to num_samples=1
Falling back to num_samples=1
Falling back to num_samples=1
Falling back to num_samples=1
Falling back to num_samples=1
Falling back to num_samples=1
Falling back to num_samples=1
Falling back to num_samples=1
Falling back to num_samples=1
Falling back to num_samples=1
Falling back to num_samples=1
Falling back to num_samples=1
Falling back to num_samples=1
Falling back to num_samples=1
Falling back to num_samples=1
Falling back to num_samples=1
Falling back to num_samples=1
Falling back to num_samples=1
Falling back to num_samples=1
Falling back to num_samples=1
Falling back to num_samples=1
Falling back to num_samples=1
Falling back to num_samples=1
Falling back to num_samples=1
Falling back to num_samples=1
Falling back to num_samples=1
Falling back to num_samples=1
Falling back to num_samples=1
Falling back to num_samples=1
Falling back to num_samples=1
Falling back to num_samples=1
Falling back to num_samples=1
Falling back to num_samples=1
Falling back to num_samples=1
Falling back to num_samples=1
Falling back to num_samples=1
Falling back to num_samples=1
Falling back to num_samples=1
Falling back to num_samples=1
Falling back to num_samples=1
Falling back to num_samples=1
Falling back to num_samples=1
Falling back to num_samples=1
Falling back to num_samples=1
Falling back to num_samples=1
Falling back to num_samples=1
Falling back to num_samples=1
Falling back to num_samples=1
Falling back to num_samples=1
Falling back to num_samples=1
Falling back to num_samples=1
Falling back to num_samples=1
Falling back to num_samples=1
Falling back to num_samples=1
Falling back to num_samples=1
Falling back to num_samples=1
Falling back to num_samples=1
Falling back to num_samples=1
Falling back to num_samples=1
Falling back to num_samples=1
Falling back to num_samples=1
Falling back to num_samples=1
Falling back to num_samples=1
Falling back to num_samples=1
Falling back to num_samples=1
Falling back to num_samples=1
Falling back to num_samples=1
Falling back to num_samples=1
Falling back to num_samples=1
Falling back to num_samples=1
Falling back to num_samples=1
Falling back to num_samples=1
Falling back to num_samples=1
Falling back to num_samples=1
Falling back to num_samples=1
Falling back to num_samples=1
Falling back to num_samples=1
Falling back to num_samples=1
Falling back to num_samples=1
Falling back to num_samples=1
Falling back to num_samples=1
Falling back to num_samples=1
Falling back to num_samples=1
Falling back to num_samples=1
Falling back to num_samples=1
Falling back to num_samples=1
Falling back to num_samples=1
Falling back to num_samples=1
Falling back to num_samples=1
Falling back to num_samples=1
Falling back to num_samples=1
Falling back to num_samples=1
Falling back to num_samples=1
Falling back to num_samples=1
Falling back to num_samples=1
Falling back to num_samples=1
Falling back to num_samples=1
Falling back to num_samples=1
Falling back to num_samples=1
Falling back to num_samples=1
Falling back to num_samples=1
Falling back to num_samples=1
Falling back to num_samples=1
Falling back to num_samples=1
Falling back to num_samples=1
Falling back to num_samples=1
Falling back to num_samples=1
Falling back to num_samples=1
Falling back to num_samples=1
Falling back to num_samples=1
Falling back to num_samples=1
Falling back to num_samples=1
Falling back to num_samples=1
Falling back to num_samples=1
Falling back to num_samples=1
Falling back to num_samples=1
Falling back to num_samples=1
Falling back to num_samples=1
Falling back to num_samples=1
Falling back to num_samples=1
Falling back to num_samples=1
Falling back to num_samples=1
Falling back to num_samples=1
Falling back to num_samples=1
Falling back to num_samples=1
Falling back to num_samples=1
Falling back to num_samples=1
Falling back to num_samples=1
Falling back to num_samples=1
Falling back to num_samples=1
Falling back to num_samples=1
Falling back to num_samples=1
Falling back to num_samples=1
Falling back to num_samples=1
Falling back to num_samples=1
Falling back to num_samples=1
Falling back to num_samples=1
Falling back to num_samples=1
Falling back to num_samples=1
Falling back to num_samples=1
Falling back to num_samples=1
Falling back to num_samples=1
Falling back to num_samples=1
Falling back to num_samples=1
Falling back to num_samples=1
Falling back to num_samples=1
Falling back to num_samples=1
Falling back to num_samples=1
Falling back to num_samples=1
Falling back to num_samples=1
Falling back to num_samples=1
Falling back to num_samples=1
Falling back to num_samples=1
Falling back to num_samples=1
Falling back to num_samples=1
Falling back to num_samples=1
Falling back to num_samples=1
Falling back to num_samples=1
Falling back to num_samples=1
Falling back to num_samples=1
Falling back to num_samples=1
Falling back to num_samples=1
Falling back to num_samples=1
Falling back to num_samples=1
Falling back to num_samples=1
Falling back to num_samples=1
Falling back to num_samples=1
Falling back to num_samples=1
Falling back to num_samples=1
Falling back to num_samples=1
Falling back to num_samples=1
Falling back to num_samples=1
Falling back to num_samples=1
Falling back to num_samples=1
Falling back to num_samples=1
Falling back to num_samples=1
Falling back to num_samples=1
Falling back to num_samples=1
Falling back to num_samples=1
Falling back to num_samples=1
Falling back to num_samples=1
Falling back to num_samples=1
Falling back to num_samples=1
Falling back to num_samples=1
Falling back to num_samples=1
Falling back to num_samples=1
Falling back to num_samples=1
Falling back to num_samples=1
Falling back to num_samples=1
Falling back to num_samples=1
Falling back to num_samples=1
Falling back to num_samples=1
Falling back to num_samples=1
Falling back to num_samples=1
Falling back to num_samples=1
Falling back to num_samples=1
Falling back to num_samples=1
Falling back to num_samples=1
Falling back to num_samples=1
Falling back to num_samples=1
Falling back to num_samples=1
Falling back to num_samples=1
Falling back to num_samples=1
Falling back to num_samples=1
Falling back to num_samples=1
Falling back to num_samples=1
Falling back to num_samples=1
Falling back to num_samples=1
Falling back to num_samples=1
Falling back to num_samples=1
Falling back to num_samples=1
Falling back to num_samples=1
Falling back to num_samples=1
Falling back to num_samples=1
Falling back to num_samples=1
Falling back to num_samples=1
Falling back to num_samples=1
Falling back to num_samples=1
Falling back to num_samples=1
Falling back to num_samples=1
Falling back to num_samples=1
Falling back to num_samples=1
Falling back to num_samples=1
Falling back to num_samples=1
Falling back to num_samples=1
Falling back to num_samples=1
Falling back to num_samples=1
Falling back to num_samples=1
Falling back to num_samples=1
Falling back to num_samples=1
Falling back to num_samples=1
Falling back to num_samples=1
Falling back to num_samples=1
Falling back to num_samples=1
Falling back to num_samples=1
Falling back to num_samples=1
Falling back to num_samples=1
Falling back to num_samples=1
Falling back to num_samples=1
Falling back to num_samples=1
