I1001 16:42:48.983079 47050719893312 xla_bridge.py:355] Unable to initialize backend 'tpu_driver': NOT_FOUND: Unable to find driver in registry given worker: 
I1001 16:42:49.111858 47050719893312 xla_bridge.py:355] Unable to initialize backend 'rocm': NOT_FOUND: Could not find registered platform with name: "rocm". Available platform names are: Host CUDA Interpreter
I1001 16:42:49.112370 47050719893312 xla_bridge.py:355] Unable to initialize backend 'tpu': module 'jaxlib.xla_extension' has no attribute 'get_tpu_client'
I1001 16:42:49.112509 47050719893312 xla_bridge.py:355] Unable to initialize backend 'plugin': xla_extension has no attributes named get_plugin_device_client. Compile TensorFlow with //tensorflow/compiler/xla/python:enable_plugin_device set to true (defaults to false) to enable this.
I1001 16:42:49.112632 47050719893312 run_miniworld.py:99] Collecting data on MiniWorld on gpu.
I1001 16:42:54.740836 47050719893312 run_miniworld.py:135] Observation shape: (60, 80, 3)
I1001 16:43:02.893311 47050719893312 run_miniworld.py:238] Data collection iteration 0.
I1001 16:43:40.039257 47050719893312 run_miniworld.py:245] Evaluation iteration 0.
/home/mklissa/DCEO/lib/python3.8/site-packages/distrax/_src/distributions/categorical.py:96: UserWarning: Explicitly requested dtype <class 'jax.numpy.int64'> requested in astype is not available, and will be truncated to dtype int32. To enable more dtypes, set the jax_enable_x64 configuration option or the JAX_ENABLE_X64 shell environment variable. See https://github.com/google/jax#current-gotchas for more.
  return draws.astype(self._dtype)
I1001 16:43:50.217361 47050719893312 run_miniworld.py:262] iteration:   0
 frame:     0
 eval_episode_return:  0.00
 train_episode_return:  0.04
 train_exploration_epsilon: 1.000
 train_frame_rate:  673
I1001 16:43:50.521713 47050719893312 run_miniworld.py:238] Data collection iteration 1.
I1001 16:44:28.102176 47050719893312 run_miniworld.py:245] Evaluation iteration 1.
I1001 16:44:37.826596 47050719893312 run_miniworld.py:262] iteration:   1
 frame: 25000
 eval_episode_return:  0.00
 train_episode_return:  0.00
 train_exploration_epsilon: 1.000
 train_frame_rate:  665
I1001 16:44:38.121075 47050719893312 run_miniworld.py:238] Data collection iteration 2.
I1001 16:44:38.616252 47050719893312 dceo_agent.py:296] Begin learning
I1001 16:47:16.286623 47050719893312 run_miniworld.py:245] Evaluation iteration 2.
I1001 16:47:26.063678 47050719893312 run_miniworld.py:262] iteration:   2
 frame: 50000
 eval_episode_return:  0.00
 train_episode_return:  0.00
 train_exploration_epsilon: 0.955
 train_frame_rate:  158
I1001 16:47:26.363454 47050719893312 run_miniworld.py:238] Data collection iteration 3.
I1001 16:49:58.397411 47050719893312 run_miniworld.py:245] Evaluation iteration 3.
I1001 16:50:07.927908 47050719893312 run_miniworld.py:262] iteration:   3
 frame: 75000
 eval_episode_return:  0.00
 train_episode_return:  0.04
 train_exploration_epsilon: 0.910
 train_frame_rate:  164
I1001 16:50:08.231267 47050719893312 run_miniworld.py:238] Data collection iteration 4.
I1001 16:52:40.955661 47050719893312 run_miniworld.py:245] Evaluation iteration 4.
I1001 16:52:50.356137 47050719893312 run_miniworld.py:262] iteration:   4
 frame: 100000
 eval_episode_return:  0.00
 train_episode_return:  0.04
 train_exploration_epsilon: 0.865
 train_frame_rate:  164
I1001 16:52:50.653426 47050719893312 run_miniworld.py:238] Data collection iteration 5.
I1001 16:55:22.576278 47050719893312 run_miniworld.py:245] Evaluation iteration 5.
I1001 16:55:32.127289 47050719893312 run_miniworld.py:262] iteration:   5
 frame: 125000
 eval_episode_return:  0.00
 train_episode_return:  0.15
 train_exploration_epsilon: 0.820
 train_frame_rate:  165
I1001 16:55:32.429845 47050719893312 run_miniworld.py:238] Data collection iteration 6.
I1001 16:58:04.032548 47050719893312 run_miniworld.py:245] Evaluation iteration 6.
I1001 16:58:13.702038 47050719893312 run_miniworld.py:262] iteration:   6
 frame: 150000
 eval_episode_return:  0.00
 train_episode_return:  0.33
 train_exploration_epsilon: 0.775
 train_frame_rate:  165
I1001 16:58:14.057504 47050719893312 run_miniworld.py:238] Data collection iteration 7.
I1001 17:00:46.474677 47050719893312 run_miniworld.py:245] Evaluation iteration 7.
I1001 17:00:55.266395 47050719893312 run_miniworld.py:262] iteration:   7
 frame: 175000
 eval_episode_return:  0.00
 train_episode_return:  0.15
 train_exploration_epsilon: 0.730
 train_frame_rate:  164
I1001 17:00:55.606652 47050719893312 run_miniworld.py:238] Data collection iteration 8.
I1001 17:03:29.346916 47050719893312 run_miniworld.py:245] Evaluation iteration 8.
I1001 17:03:38.732922 47050719893312 run_miniworld.py:262] iteration:   8
 frame: 200000
 eval_episode_return:  0.00
 train_episode_return:  0.19
 train_exploration_epsilon: 0.685
 train_frame_rate:  163
I1001 17:03:39.041883 47050719893312 run_miniworld.py:238] Data collection iteration 9.
I1001 17:06:12.616263 47050719893312 run_miniworld.py:245] Evaluation iteration 9.
I1001 17:06:22.348221 47050719893312 run_miniworld.py:262] iteration:   9
 frame: 225000
 eval_episode_return:  0.00
 train_episode_return:  0.08
 train_exploration_epsilon: 0.640
 train_frame_rate:  163
I1001 17:06:22.667087 47050719893312 run_miniworld.py:238] Data collection iteration 10.
I1001 17:08:57.163324 47050719893312 run_miniworld.py:245] Evaluation iteration 10.
I1001 17:09:06.831423 47050719893312 run_miniworld.py:262] iteration:  10
 frame: 250000
 eval_episode_return:  0.00
 train_episode_return:  0.08
 train_exploration_epsilon: 0.595
 train_frame_rate:  162
I1001 17:09:07.144306 47050719893312 run_miniworld.py:238] Data collection iteration 11.
I1001 17:11:41.043920 47050719893312 run_miniworld.py:245] Evaluation iteration 11.
I1001 17:11:50.851899 47050719893312 run_miniworld.py:262] iteration:  11
 frame: 275000
 eval_episode_return:  0.00
 train_episode_return:  0.04
 train_exploration_epsilon: 0.550
 train_frame_rate:  162
I1001 17:11:51.159784 47050719893312 run_miniworld.py:238] Data collection iteration 12.
I1001 17:14:25.952514 47050719893312 run_miniworld.py:245] Evaluation iteration 12.
I1001 17:14:35.198486 47050719893312 run_miniworld.py:262] iteration:  12
 frame: 300000
 eval_episode_return:  0.00
 train_episode_return:  0.00
 train_exploration_epsilon: 0.505
 train_frame_rate:  162
I1001 17:14:35.504451 47050719893312 run_miniworld.py:238] Data collection iteration 13.
I1001 17:17:10.491361 47050719893312 run_miniworld.py:245] Evaluation iteration 13.
I1001 17:17:20.172285 47050719893312 run_miniworld.py:262] iteration:  13
 frame: 325000
 eval_episode_return:  0.00
 train_episode_return:  0.04
 train_exploration_epsilon: 0.460
 train_frame_rate:  161
I1001 17:17:20.477952 47050719893312 run_miniworld.py:238] Data collection iteration 14.
I1001 17:19:55.145130 47050719893312 run_miniworld.py:245] Evaluation iteration 14.
I1001 17:20:04.600298 47050719893312 run_miniworld.py:262] iteration:  14
 frame: 350000
 eval_episode_return:  0.00
 train_episode_return:  0.04
 train_exploration_epsilon: 0.415
 train_frame_rate:  162
I1001 17:20:04.907646 47050719893312 run_miniworld.py:238] Data collection iteration 15.
I1001 17:22:39.405239 47050719893312 run_miniworld.py:245] Evaluation iteration 15.
I1001 17:22:49.220764 47050719893312 run_miniworld.py:262] iteration:  15
 frame: 375000
 eval_episode_return:  0.00
 train_episode_return:  0.08
 train_exploration_epsilon: 0.370
 train_frame_rate:  162
I1001 17:22:49.528471 47050719893312 run_miniworld.py:238] Data collection iteration 16.
I1001 17:25:23.712186 47050719893312 run_miniworld.py:245] Evaluation iteration 16.
I1001 17:25:33.105291 47050719893312 run_miniworld.py:262] iteration:  16
 frame: 400000
 eval_episode_return:  0.00
 train_episode_return:  0.00
 train_exploration_epsilon: 0.325
 train_frame_rate:  162
I1001 17:25:33.421266 47050719893312 run_miniworld.py:238] Data collection iteration 17.
I1001 17:28:08.425100 47050719893312 run_miniworld.py:245] Evaluation iteration 17.
I1001 17:28:18.151371 47050719893312 run_miniworld.py:262] iteration:  17
 frame: 425000
 eval_episode_return:  0.00
 train_episode_return:  0.04
 train_exploration_epsilon: 0.280
 train_frame_rate:  161
I1001 17:28:18.453794 47050719893312 run_miniworld.py:238] Data collection iteration 18.
I1001 17:30:54.491300 47050719893312 run_miniworld.py:245] Evaluation iteration 18.
I1001 17:31:03.740697 47050719893312 run_miniworld.py:262] iteration:  18
 frame: 450000
 eval_episode_return:  0.00
 train_episode_return:  0.00
 train_exploration_epsilon: 0.235
 train_frame_rate:  160
I1001 17:31:04.040190 47050719893312 run_miniworld.py:238] Data collection iteration 19.
I1001 17:33:39.695713 47050719893312 run_miniworld.py:245] Evaluation iteration 19.
I1001 17:33:49.594774 47050719893312 run_miniworld.py:262] iteration:  19
 frame: 475000
 eval_episode_return:  0.00
 train_episode_return:  0.04
 train_exploration_epsilon: 0.190
 train_frame_rate:  161
I1001 17:33:49.896144 47050719893312 run_miniworld.py:238] Data collection iteration 20.
I1001 17:36:26.924796 47050719893312 run_miniworld.py:245] Evaluation iteration 20.
I1001 17:36:36.778492 47050719893312 run_miniworld.py:262] iteration:  20
 frame: 500000
 eval_episode_return:  0.00
 train_episode_return:  0.00
 train_exploration_epsilon: 0.145
 train_frame_rate:  159
I1001 17:36:37.084102 47050719893312 run_miniworld.py:238] Data collection iteration 21.
I1001 17:39:15.071829 47050719893312 run_miniworld.py:245] Evaluation iteration 21.
I1001 17:39:24.601607 47050719893312 run_miniworld.py:262] iteration:  21
 frame: 525000
 eval_episode_return:  0.00
 train_episode_return:  0.04
 train_exploration_epsilon: 0.100
 train_frame_rate:  158
I1001 17:39:24.963983 47050719893312 run_miniworld.py:238] Data collection iteration 22.
I1001 17:42:03.392246 47050719893312 run_miniworld.py:245] Evaluation iteration 22.
I1001 17:42:12.791955 47050719893312 run_miniworld.py:262] iteration:  22
 frame: 550000
 eval_episode_return:  0.00
 train_episode_return:  0.00
 train_exploration_epsilon: 0.100
 train_frame_rate:  158
I1001 17:42:13.089593 47050719893312 run_miniworld.py:238] Data collection iteration 23.
I1001 17:44:51.938660 47050719893312 run_miniworld.py:245] Evaluation iteration 23.
I1001 17:45:01.521919 47050719893312 run_miniworld.py:262] iteration:  23
 frame: 575000
 eval_episode_return:  0.00
 train_episode_return:  0.00
 train_exploration_epsilon: 0.100
 train_frame_rate:  157
I1001 17:45:01.824137 47050719893312 run_miniworld.py:238] Data collection iteration 24.
I1001 17:47:41.030666 47050719893312 run_miniworld.py:245] Evaluation iteration 24.
I1001 17:47:50.525333 47050719893312 run_miniworld.py:262] iteration:  24
 frame: 600000
 eval_episode_return:  0.00
 train_episode_return:  0.00
 train_exploration_epsilon: 0.100
 train_frame_rate:  157
I1001 17:47:50.839454 47050719893312 run_miniworld.py:238] Data collection iteration 25.
I1001 17:50:30.749066 47050719893312 run_miniworld.py:245] Evaluation iteration 25.
I1001 17:50:40.197238 47050719893312 run_miniworld.py:262] iteration:  25
 frame: 625000
 eval_episode_return:  0.00
 train_episode_return:  0.00
 train_exploration_epsilon: 0.100
 train_frame_rate:  156
I1001 17:50:40.577952 47050719893312 run_miniworld.py:238] Data collection iteration 26.
I1001 17:53:20.246921 47050719893312 run_miniworld.py:245] Evaluation iteration 26.
I1001 17:53:29.817284 47050719893312 run_miniworld.py:262] iteration:  26
 frame: 650000
 eval_episode_return:  0.00
 train_episode_return:  0.00
 train_exploration_epsilon: 0.100
 train_frame_rate:  157
I1001 17:53:30.127432 47050719893312 run_miniworld.py:238] Data collection iteration 27.
I1001 17:56:10.383191 47050719893312 run_miniworld.py:245] Evaluation iteration 27.
I1001 17:56:19.797396 47050719893312 run_miniworld.py:262] iteration:  27
 frame: 675000
 eval_episode_return:  0.00
 train_episode_return:  0.00
 train_exploration_epsilon: 0.100
 train_frame_rate:  156
I1001 17:56:20.120049 47050719893312 run_miniworld.py:238] Data collection iteration 28.
I1001 17:59:00.892222 47050719893312 run_miniworld.py:245] Evaluation iteration 28.
I1001 17:59:10.534991 47050719893312 run_miniworld.py:262] iteration:  28
 frame: 700000
 eval_episode_return:  0.00
 train_episode_return:  0.00
 train_exploration_epsilon: 0.100
 train_frame_rate:  156
I1001 17:59:10.885954 47050719893312 run_miniworld.py:238] Data collection iteration 29.
I1001 18:01:51.092421 47050719893312 run_miniworld.py:245] Evaluation iteration 29.
I1001 18:02:00.771926 47050719893312 run_miniworld.py:262] iteration:  29
 frame: 725000
 eval_episode_return:  0.00
 train_episode_return:  0.00
 train_exploration_epsilon: 0.100
 train_frame_rate:  156
I1001 18:02:01.091357 47050719893312 run_miniworld.py:238] Data collection iteration 30.
I1001 18:04:41.716828 47050719893312 run_miniworld.py:245] Evaluation iteration 30.
I1001 18:04:51.384978 47050719893312 run_miniworld.py:262] iteration:  30
 frame: 750000
 eval_episode_return:  0.00
 train_episode_return:  0.00
 train_exploration_epsilon: 0.100
 train_frame_rate:  156
I1001 18:04:51.697966 47050719893312 run_miniworld.py:238] Data collection iteration 31.
I1001 18:07:34.004068 47050719893312 run_miniworld.py:245] Evaluation iteration 31.
I1001 18:07:43.617539 47050719893312 run_miniworld.py:262] iteration:  31
 frame: 775000
 eval_episode_return:  0.00
 train_episode_return:  0.00
 train_exploration_epsilon: 0.100
 train_frame_rate:  154
I1001 18:07:43.942023 47050719893312 run_miniworld.py:238] Data collection iteration 32.
I1001 18:10:26.418303 47050719893312 run_miniworld.py:245] Evaluation iteration 32.
I1001 18:10:36.070611 47050719893312 run_miniworld.py:262] iteration:  32
 frame: 800000
 eval_episode_return:  0.00
 train_episode_return:  0.00
 train_exploration_epsilon: 0.100
 train_frame_rate:  154
I1001 18:10:36.382489 47050719893312 run_miniworld.py:238] Data collection iteration 33.
I1001 18:13:19.802909 47050719893312 run_miniworld.py:245] Evaluation iteration 33.
I1001 18:13:29.440978 47050719893312 run_miniworld.py:262] iteration:  33
 frame: 825000
 eval_episode_return:  0.00
 train_episode_return:  0.00
 train_exploration_epsilon: 0.100
 train_frame_rate:  153
I1001 18:13:29.752685 47050719893312 run_miniworld.py:238] Data collection iteration 34.
I1001 18:16:12.254487 47050719893312 run_miniworld.py:245] Evaluation iteration 34.
I1001 18:16:21.812772 47050719893312 run_miniworld.py:262] iteration:  34
 frame: 850000
 eval_episode_return:  0.00
 train_episode_return:  0.00
 train_exploration_epsilon: 0.100
 train_frame_rate:  154
I1001 18:16:22.125883 47050719893312 run_miniworld.py:238] Data collection iteration 35.
I1001 18:19:05.797732 47050719893312 run_miniworld.py:245] Evaluation iteration 35.
I1001 18:19:15.510192 47050719893312 run_miniworld.py:262] iteration:  35
 frame: 875000
 eval_episode_return:  0.00
 train_episode_return:  0.00
 train_exploration_epsilon: 0.100
 train_frame_rate:  153
I1001 18:19:15.823209 47050719893312 run_miniworld.py:238] Data collection iteration 36.
I1001 18:21:59.550677 47050719893312 run_miniworld.py:245] Evaluation iteration 36.
I1001 18:22:09.135470 47050719893312 run_miniworld.py:262] iteration:  36
 frame: 900000
 eval_episode_return:  0.00
 train_episode_return:  0.00
 train_exploration_epsilon: 0.100
 train_frame_rate:  153
I1001 18:22:09.448841 47050719893312 run_miniworld.py:238] Data collection iteration 37.
I1001 18:24:54.209392 47050719893312 run_miniworld.py:245] Evaluation iteration 37.
I1001 18:25:04.090379 47050719893312 run_miniworld.py:262] iteration:  37
 frame: 925000
 eval_episode_return:  0.00
 train_episode_return:  0.00
 train_exploration_epsilon: 0.100
 train_frame_rate:  152
I1001 18:25:04.411779 47050719893312 run_miniworld.py:238] Data collection iteration 38.
I1001 18:27:48.641215 47050719893312 run_miniworld.py:245] Evaluation iteration 38.
I1001 18:27:58.328057 47050719893312 run_miniworld.py:262] iteration:  38
 frame: 950000
 eval_episode_return:  0.00
 train_episode_return:  0.04
 train_exploration_epsilon: 0.100
 train_frame_rate:  152
I1001 18:27:58.798017 47050719893312 run_miniworld.py:238] Data collection iteration 39.
I1001 18:30:43.569782 47050719893312 run_miniworld.py:245] Evaluation iteration 39.
I1001 18:30:53.541792 47050719893312 run_miniworld.py:262] iteration:  39
 frame: 975000
 eval_episode_return:  0.00
 train_episode_return:  0.08
 train_exploration_epsilon: 0.100
 train_frame_rate:  152
I1001 18:30:53.867894 47050719893312 run_miniworld.py:238] Data collection iteration 40.
I1001 18:33:38.526086 47050719893312 run_miniworld.py:245] Evaluation iteration 40.
I1001 18:33:48.086901 47050719893312 run_miniworld.py:262] iteration:  40
 frame: 1000000
 eval_episode_return:  0.00
 train_episode_return:  0.00
 train_exploration_epsilon: 0.100
 train_frame_rate:  152
I1001 18:33:48.407799 47050719893312 run_miniworld.py:238] Data collection iteration 41.
I1001 18:36:33.673313 47050719893312 run_miniworld.py:245] Evaluation iteration 41.
I1001 18:36:43.381663 47050719893312 run_miniworld.py:262] iteration:  41
 frame: 1025000
 eval_episode_return:  0.00
 train_episode_return:  0.04
 train_exploration_epsilon: 0.100
 train_frame_rate:  151
I1001 18:36:43.703083 47050719893312 run_miniworld.py:238] Data collection iteration 42.
I1001 18:39:28.203558 47050719893312 run_miniworld.py:245] Evaluation iteration 42.
I1001 18:39:38.154556 47050719893312 run_miniworld.py:262] iteration:  42
 frame: 1050000
 eval_episode_return:  0.00
 train_episode_return:  0.00
 train_exploration_epsilon: 0.100
 train_frame_rate:  152
I1001 18:39:38.469485 47050719893312 run_miniworld.py:238] Data collection iteration 43.
I1001 18:42:24.017062 47050719893312 run_miniworld.py:245] Evaluation iteration 43.
I1001 18:42:33.719802 47050719893312 run_miniworld.py:262] iteration:  43
 frame: 1075000
 eval_episode_return:  0.00
 train_episode_return:  0.08
 train_exploration_epsilon: 0.100
 train_frame_rate:  151
I1001 18:42:34.037132 47050719893312 run_miniworld.py:238] Data collection iteration 44.
I1001 18:45:19.202393 47050719893312 run_miniworld.py:245] Evaluation iteration 44.
I1001 18:45:29.164230 47050719893312 run_miniworld.py:262] iteration:  44
 frame: 1100000
 eval_episode_return:  0.00
 train_episode_return:  0.00
 train_exploration_epsilon: 0.100
 train_frame_rate:  151
I1001 18:45:29.478492 47050719893312 run_miniworld.py:238] Data collection iteration 45.
I1001 18:48:15.294701 47050719893312 run_miniworld.py:245] Evaluation iteration 45.
I1001 18:48:24.879563 47050719893312 run_miniworld.py:262] iteration:  45
 frame: 1125000
 eval_episode_return:  0.00
 train_episode_return:  0.04
 train_exploration_epsilon: 0.100
 train_frame_rate:  151
I1001 18:48:25.195272 47050719893312 run_miniworld.py:238] Data collection iteration 46.
I1001 18:51:10.295081 47050719893312 run_miniworld.py:245] Evaluation iteration 46.
I1001 18:51:20.216718 47050719893312 run_miniworld.py:262] iteration:  46
 frame: 1150000
 eval_episode_return:  0.00
 train_episode_return:  0.00
 train_exploration_epsilon: 0.100
 train_frame_rate:  151
I1001 18:51:20.536908 47050719893312 run_miniworld.py:238] Data collection iteration 47.
I1001 18:54:06.895719 47050719893312 run_miniworld.py:245] Evaluation iteration 47.
I1001 18:54:16.561556 47050719893312 run_miniworld.py:262] iteration:  47
 frame: 1175000
 eval_episode_return:  0.00
 train_episode_return:  0.00
 train_exploration_epsilon: 0.100
 train_frame_rate:  150
I1001 18:54:16.895022 47050719893312 run_miniworld.py:238] Data collection iteration 48.
I1001 18:57:03.019227 47050719893312 run_miniworld.py:245] Evaluation iteration 48.
I1001 18:57:12.738062 47050719893312 run_miniworld.py:262] iteration:  48
 frame: 1200000
 eval_episode_return:  0.00
 train_episode_return:  0.00
 train_exploration_epsilon: 0.100
 train_frame_rate:  150
I1001 18:57:13.063040 47050719893312 run_miniworld.py:238] Data collection iteration 49.
I1001 18:59:58.847923 47050719893312 run_miniworld.py:245] Evaluation iteration 49.
I1001 19:00:08.403275 47050719893312 run_miniworld.py:262] iteration:  49
 frame: 1225000
 eval_episode_return:  0.00
 train_episode_return:  0.00
 train_exploration_epsilon: 0.100
 train_frame_rate:  151
I1001 19:00:08.723257 47050719893312 run_miniworld.py:238] Data collection iteration 50.
I1001 19:02:53.871855 47050719893312 run_miniworld.py:245] Evaluation iteration 50.
I1001 19:03:03.895916 47050719893312 run_miniworld.py:262] iteration:  50
 frame: 1250000
 eval_episode_return:  0.00
 train_episode_return:  0.00
 train_exploration_epsilon: 0.100
 train_frame_rate:  151
I1001 19:03:04.213274 47050719893312 run_miniworld.py:238] Data collection iteration 51.
I1001 19:05:48.964842 47050719893312 run_miniworld.py:245] Evaluation iteration 51.
I1001 19:05:58.461736 47050719893312 run_miniworld.py:262] iteration:  51
 frame: 1275000
 eval_episode_return:  0.00
 train_episode_return:  0.00
 train_exploration_epsilon: 0.100
 train_frame_rate:  152
I1001 19:05:58.781016 47050719893312 run_miniworld.py:238] Data collection iteration 52.
I1001 19:08:43.858644 47050719893312 run_miniworld.py:245] Evaluation iteration 52.
I1001 19:08:53.915220 47050719893312 run_miniworld.py:262] iteration:  52
 frame: 1300000
 eval_episode_return:  0.00
 train_episode_return:  0.00
 train_exploration_epsilon: 0.100
 train_frame_rate:  151
I1001 19:08:54.235121 47050719893312 run_miniworld.py:238] Data collection iteration 53.
I1001 19:11:39.880915 47050719893312 run_miniworld.py:245] Evaluation iteration 53.
I1001 19:11:49.351822 47050719893312 run_miniworld.py:262] iteration:  53
 frame: 1325000
 eval_episode_return:  0.00
 train_episode_return:  0.00
 train_exploration_epsilon: 0.100
 train_frame_rate:  151
I1001 19:11:49.668502 47050719893312 run_miniworld.py:238] Data collection iteration 54.
I1001 19:14:35.411050 47050719893312 run_miniworld.py:245] Evaluation iteration 54.
I1001 19:14:45.477367 47050719893312 run_miniworld.py:262] iteration:  54
 frame: 1350000
 eval_episode_return:  0.00
 train_episode_return:  0.00
 train_exploration_epsilon: 0.100
 train_frame_rate:  151
I1001 19:14:45.812594 47050719893312 run_miniworld.py:238] Data collection iteration 55.
I1001 19:17:31.610385 47050719893312 run_miniworld.py:245] Evaluation iteration 55.
I1001 19:17:41.716607 47050719893312 run_miniworld.py:262] iteration:  55
 frame: 1375000
 eval_episode_return:  0.00
 train_episode_return:  0.00
 train_exploration_epsilon: 0.100
 train_frame_rate:  151
I1001 19:17:42.039014 47050719893312 run_miniworld.py:238] Data collection iteration 56.
I1001 19:20:26.933260 47050719893312 run_miniworld.py:245] Evaluation iteration 56.
I1001 19:20:36.426929 47050719893312 run_miniworld.py:262] iteration:  56
 frame: 1400000
 eval_episode_return:  0.00
 train_episode_return:  0.00
 train_exploration_epsilon: 0.100
 train_frame_rate:  152
I1001 19:20:36.752431 47050719893312 run_miniworld.py:238] Data collection iteration 57.
I1001 19:23:22.183323 47050719893312 run_miniworld.py:245] Evaluation iteration 57.
I1001 19:23:32.218590 47050719893312 run_miniworld.py:262] iteration:  57
 frame: 1425000
 eval_episode_return:  0.00
 train_episode_return:  0.00
 train_exploration_epsilon: 0.100
 train_frame_rate:  151
I1001 19:23:32.530844 47050719893312 run_miniworld.py:238] Data collection iteration 58.
I1001 19:26:18.187057 47050719893312 run_miniworld.py:245] Evaluation iteration 58.
I1001 19:26:28.212438 47050719893312 run_miniworld.py:262] iteration:  58
 frame: 1450000
 eval_episode_return:  0.00
 train_episode_return:  0.00
 train_exploration_epsilon: 0.100
 train_frame_rate:  151
I1001 19:26:28.530945 47050719893312 run_miniworld.py:238] Data collection iteration 59.
I1001 19:29:13.823822 47050719893312 run_miniworld.py:245] Evaluation iteration 59.
I1001 19:29:23.811254 47050719893312 run_miniworld.py:262] iteration:  59
 frame: 1475000
 eval_episode_return:  0.00
 train_episode_return:  0.00
 train_exploration_epsilon: 0.100
 train_frame_rate:  151
I1001 19:29:24.125851 47050719893312 run_miniworld.py:238] Data collection iteration 60.
I1001 19:32:09.043530 47050719893312 run_miniworld.py:245] Evaluation iteration 60.
I1001 19:32:18.786891 47050719893312 run_miniworld.py:262] iteration:  60
 frame: 1500000
 eval_episode_return:  0.00
 train_episode_return:  0.00
 train_exploration_epsilon: 0.100
 train_frame_rate:  152
I1001 19:32:19.118411 47050719893312 run_miniworld.py:238] Data collection iteration 61.
I1001 19:35:04.507672 47050719893312 run_miniworld.py:245] Evaluation iteration 61.
I1001 19:35:14.441926 47050719893312 run_miniworld.py:262] iteration:  61
 frame: 1525000
 eval_episode_return:  0.00
 train_episode_return:  0.00
 train_exploration_epsilon: 0.100
 train_frame_rate:  151
I1001 19:35:14.786374 47050719893312 run_miniworld.py:238] Data collection iteration 62.
I1001 19:37:59.874586 47050719893312 run_miniworld.py:245] Evaluation iteration 62.
I1001 19:38:09.414335 47050719893312 run_miniworld.py:262] iteration:  62
 frame: 1550000
 eval_episode_return:  0.00
 train_episode_return:  0.00
 train_exploration_epsilon: 0.100
 train_frame_rate:  151
I1001 19:38:09.741580 47050719893312 run_miniworld.py:238] Data collection iteration 63.
I1001 19:40:54.207479 47050719893312 run_miniworld.py:245] Evaluation iteration 63.
I1001 19:41:03.765822 47050719893312 run_miniworld.py:262] iteration:  63
 frame: 1575000
 eval_episode_return:  0.00
 train_episode_return:  0.00
 train_exploration_epsilon: 0.100
 train_frame_rate:  152
I1001 19:41:04.097947 47050719893312 run_miniworld.py:238] Data collection iteration 64.
I1001 19:43:49.743009 47050719893312 run_miniworld.py:245] Evaluation iteration 64.
I1001 19:43:59.646401 47050719893312 run_miniworld.py:262] iteration:  64
 frame: 1600000
 eval_episode_return:  0.00
 train_episode_return:  0.00
 train_exploration_epsilon: 0.100
 train_frame_rate:  151
I1001 19:43:59.974051 47050719893312 run_miniworld.py:238] Data collection iteration 65.
I1001 19:46:44.696983 47050719893312 run_miniworld.py:245] Evaluation iteration 65.
I1001 19:46:54.657811 47050719893312 run_miniworld.py:262] iteration:  65
 frame: 1625000
 eval_episode_return:  0.00
 train_episode_return:  0.04
 train_exploration_epsilon: 0.100
 train_frame_rate:  152
I1001 19:46:54.990133 47050719893312 run_miniworld.py:238] Data collection iteration 66.
I1001 19:49:40.183366 47050719893312 run_miniworld.py:245] Evaluation iteration 66.
I1001 19:49:49.894499 47050719893312 run_miniworld.py:262] iteration:  66
 frame: 1650000
 eval_episode_return:  0.00
 train_episode_return:  0.04
 train_exploration_epsilon: 0.100
 train_frame_rate:  151
I1001 19:49:50.214793 47050719893312 run_miniworld.py:238] Data collection iteration 67.
I1001 19:52:36.645320 47050719893312 run_miniworld.py:245] Evaluation iteration 67.
I1001 19:52:46.511937 47050719893312 run_miniworld.py:262] iteration:  67
 frame: 1675000
 eval_episode_return:  0.00
 train_episode_return:  0.04
 train_exploration_epsilon: 0.100
 train_frame_rate:  150
I1001 19:52:46.837064 47050719893312 run_miniworld.py:238] Data collection iteration 68.
I1001 19:55:33.192143 47050719893312 run_miniworld.py:245] Evaluation iteration 68.
I1001 19:55:43.129394 47050719893312 run_miniworld.py:262] iteration:  68
 frame: 1700000
 eval_episode_return:  0.00
 train_episode_return:  0.30
 train_exploration_epsilon: 0.100
 train_frame_rate:  150
I1001 19:55:43.449183 47050719893312 run_miniworld.py:238] Data collection iteration 69.
I1001 19:58:30.275086 47050719893312 run_miniworld.py:245] Evaluation iteration 69.
I1001 19:58:40.194222 47050719893312 run_miniworld.py:262] iteration:  69
 frame: 1725000
 eval_episode_return:  0.00
 train_episode_return:  0.39
 train_exploration_epsilon: 0.100
 train_frame_rate:  150
I1001 19:58:40.577636 47050719893312 run_miniworld.py:238] Data collection iteration 70.
I1001 20:01:29.560896 47050719893312 run_miniworld.py:245] Evaluation iteration 70.
I1001 20:01:39.338325 47050719893312 run_miniworld.py:262] iteration:  70
 frame: 1750000
 eval_episode_return:  0.00
 train_episode_return:  0.15
 train_exploration_epsilon: 0.100
 train_frame_rate:  148
I1001 20:01:39.674300 47050719893312 run_miniworld.py:238] Data collection iteration 71.
I1001 20:04:26.265582 47050719893312 run_miniworld.py:245] Evaluation iteration 71.
I1001 20:04:36.843754 47050719893312 run_miniworld.py:262] iteration:  71
 frame: 1775000
 eval_episode_return:  0.00
 train_episode_return:  0.04
 train_exploration_epsilon: 0.100
 train_frame_rate:  150
I1001 20:04:37.169271 47050719893312 run_miniworld.py:238] Data collection iteration 72.
I1001 20:07:25.826571 47050719893312 run_miniworld.py:245] Evaluation iteration 72.
I1001 20:07:35.561450 47050719893312 run_miniworld.py:262] iteration:  72
 frame: 1800000
 eval_episode_return:  0.00
 train_episode_return:  0.15
 train_exploration_epsilon: 0.100
 train_frame_rate:  148
I1001 20:07:35.877633 47050719893312 run_miniworld.py:238] Data collection iteration 73.
I1001 20:10:21.834347 47050719893312 run_miniworld.py:245] Evaluation iteration 73.
I1001 20:10:31.486483 47050719893312 run_miniworld.py:262] iteration:  73
 frame: 1825000
 eval_episode_return:  0.00
 train_episode_return:  0.30
 train_exploration_epsilon: 0.100
 train_frame_rate:  151
I1001 20:10:31.810773 47050719893312 run_miniworld.py:238] Data collection iteration 74.
I1001 20:13:17.741954 47050719893312 run_miniworld.py:245] Evaluation iteration 74.
I1001 20:13:27.369649 47050719893312 run_miniworld.py:262] iteration:  74
 frame: 1850000
 eval_episode_return:  0.00
 train_episode_return:  0.31
 train_exploration_epsilon: 0.100
 train_frame_rate:  151
I1001 20:13:27.694095 47050719893312 run_miniworld.py:238] Data collection iteration 75.
I1001 20:16:14.061293 47050719893312 run_miniworld.py:245] Evaluation iteration 75.
I1001 20:16:23.893988 47050719893312 run_miniworld.py:262] iteration:  75
 frame: 1875000
 eval_episode_return:  0.00
 train_episode_return:  0.39
 train_exploration_epsilon: 0.100
 train_frame_rate:  150
I1001 20:16:24.213987 47050719893312 run_miniworld.py:238] Data collection iteration 76.
I1001 20:19:09.607949 47050719893312 run_miniworld.py:245] Evaluation iteration 76.
I1001 20:19:19.396487 47050719893312 run_miniworld.py:262] iteration:  76
 frame: 1900000
 eval_episode_return:  0.00
 train_episode_return:  0.41
 train_exploration_epsilon: 0.100
 train_frame_rate:  151
I1001 20:19:19.716819 47050719893312 run_miniworld.py:238] Data collection iteration 77.
I1001 20:22:05.541944 47050719893312 run_miniworld.py:245] Evaluation iteration 77.
I1001 20:22:15.363474 47050719893312 run_miniworld.py:262] iteration:  77
 frame: 1925000
 eval_episode_return:  0.00
 train_episode_return:  0.55
 train_exploration_epsilon: 0.100
 train_frame_rate:  151
I1001 20:22:15.690358 47050719893312 run_miniworld.py:238] Data collection iteration 78.
I1001 20:25:02.250879 47050719893312 run_miniworld.py:245] Evaluation iteration 78.
I1001 20:25:12.169740 47050719893312 run_miniworld.py:262] iteration:  78
 frame: 1950000
 eval_episode_return:  0.00
 train_episode_return:  0.40
 train_exploration_epsilon: 0.100
 train_frame_rate:  150
I1001 20:25:12.492769 47050719893312 run_miniworld.py:238] Data collection iteration 79.
I1001 20:27:58.776088 47050719893312 run_miniworld.py:245] Evaluation iteration 79.
I1001 20:28:08.428222 47050719893312 run_miniworld.py:262] iteration:  79
 frame: 1975000
 eval_episode_return:  0.00
 train_episode_return:  0.23
 train_exploration_epsilon: 0.100
 train_frame_rate:  150
I1001 20:28:08.746979 47050719893312 run_miniworld.py:238] Data collection iteration 80.
I1001 20:30:55.769731 47050719893312 run_miniworld.py:245] Evaluation iteration 80.
I1001 20:31:05.416636 47050719893312 run_miniworld.py:262] iteration:  80
 frame: 2000000
 eval_episode_return:  0.00
 train_episode_return:  0.42
 train_exploration_epsilon: 0.100
 train_frame_rate:  150
I1001 20:31:05.739668 47050719893312 run_miniworld.py:238] Data collection iteration 81.
I1001 20:33:51.819637 47050719893312 run_miniworld.py:245] Evaluation iteration 81.
I1001 20:34:01.430550 47050719893312 run_miniworld.py:262] iteration:  81
 frame: 2025000
 eval_episode_return:  0.00
 train_episode_return:  0.48
 train_exploration_epsilon: 0.100
 train_frame_rate:  151
I1001 20:34:01.754465 47050719893312 run_miniworld.py:238] Data collection iteration 82.
I1001 20:36:48.226317 47050719893312 run_miniworld.py:245] Evaluation iteration 82.
I1001 20:36:57.863835 47050719893312 run_miniworld.py:262] iteration:  82
 frame: 2050000
 eval_episode_return:  0.00
 train_episode_return:  0.62
 train_exploration_epsilon: 0.100
 train_frame_rate:  150
I1001 20:36:58.198793 47050719893312 run_miniworld.py:238] Data collection iteration 83.
I1001 20:39:44.097895 47050719893312 run_miniworld.py:245] Evaluation iteration 83.
I1001 20:39:53.936124 47050719893312 run_miniworld.py:262] iteration:  83
 frame: 2075000
 eval_episode_return:  0.00
 train_episode_return:  0.43
 train_exploration_epsilon: 0.100
 train_frame_rate:  151
I1001 20:39:54.267410 47050719893312 run_miniworld.py:238] Data collection iteration 84.
I1001 20:42:41.404274 47050719893312 run_miniworld.py:245] Evaluation iteration 84.
I1001 20:42:51.032668 47050719893312 run_miniworld.py:262] iteration:  84
 frame: 2100000
 eval_episode_return:  0.00
 train_episode_return:  0.52
 train_exploration_epsilon: 0.100
 train_frame_rate:  150
I1001 20:42:51.354974 47050719893312 run_miniworld.py:238] Data collection iteration 85.
I1001 20:45:38.373714 47050719893312 run_miniworld.py:245] Evaluation iteration 85.
I1001 20:45:47.901500 47050719893312 run_miniworld.py:262] iteration:  85
 frame: 2125000
 eval_episode_return:  0.00
 train_episode_return:  0.62
 train_exploration_epsilon: 0.100
 train_frame_rate:  150
I1001 20:45:48.228155 47050719893312 run_miniworld.py:238] Data collection iteration 86.
I1001 20:48:34.576710 47050719893312 run_miniworld.py:245] Evaluation iteration 86.
I1001 20:48:44.328171 47050719893312 run_miniworld.py:262] iteration:  86
 frame: 2150000
 eval_episode_return:  0.00
 train_episode_return:  0.55
 train_exploration_epsilon: 0.100
 train_frame_rate:  150
I1001 20:48:44.660501 47050719893312 run_miniworld.py:238] Data collection iteration 87.
I1001 20:51:31.218425 47050719893312 run_miniworld.py:245] Evaluation iteration 87.
I1001 20:51:41.165831 47050719893312 run_miniworld.py:262] iteration:  87
 frame: 2175000
 eval_episode_return:  0.00
 train_episode_return:  0.27
 train_exploration_epsilon: 0.100
 train_frame_rate:  150
I1001 20:51:41.500773 47050719893312 run_miniworld.py:238] Data collection iteration 88.
I1001 20:54:28.085907 47050719893312 run_miniworld.py:245] Evaluation iteration 88.
I1001 20:54:37.701330 47050719893312 run_miniworld.py:262] iteration:  88
 frame: 2200000
 eval_episode_return:  0.00
 train_episode_return:  0.62
 train_exploration_epsilon: 0.100
 train_frame_rate:  150
I1001 20:54:38.036229 47050719893312 run_miniworld.py:238] Data collection iteration 89.
I1001 20:57:23.511866 47050719893312 run_miniworld.py:245] Evaluation iteration 89.
I1001 20:57:33.230798 47050719893312 run_miniworld.py:262] iteration:  89
 frame: 2225000
 eval_episode_return:  0.00
 train_episode_return:  0.19
 train_exploration_epsilon: 0.100
 train_frame_rate:  151
I1001 20:57:33.563800 47050719893312 run_miniworld.py:238] Data collection iteration 90.
I1001 21:00:18.917572 47050719893312 run_miniworld.py:245] Evaluation iteration 90.
I1001 21:00:28.834287 47050719893312 run_miniworld.py:262] iteration:  90
 frame: 2250000
 eval_episode_return:  0.00
 train_episode_return:  0.50
 train_exploration_epsilon: 0.100
 train_frame_rate:  151
I1001 21:00:29.167403 47050719893312 run_miniworld.py:238] Data collection iteration 91.
I1001 21:03:17.152832 47050719893312 run_miniworld.py:245] Evaluation iteration 91.
I1001 21:03:26.962406 47050719893312 run_miniworld.py:262] iteration:  91
 frame: 2275000
 eval_episode_return:  0.00
 train_episode_return:  0.19
 train_exploration_epsilon: 0.100
 train_frame_rate:  149
I1001 21:03:27.289895 47050719893312 run_miniworld.py:238] Data collection iteration 92.
I1001 21:06:15.485054 47050719893312 run_miniworld.py:245] Evaluation iteration 92.
I1001 21:06:25.294674 47050719893312 run_miniworld.py:262] iteration:  92
 frame: 2300000
 eval_episode_return:  0.00
 train_episode_return:  0.40
 train_exploration_epsilon: 0.100
 train_frame_rate:  149
I1001 21:06:25.722288 47050719893312 run_miniworld.py:238] Data collection iteration 93.
I1001 21:09:13.502176 47050719893312 run_miniworld.py:245] Evaluation iteration 93.
I1001 21:09:23.140478 47050719893312 run_miniworld.py:262] iteration:  93
 frame: 2325000
 eval_episode_return:  0.00
 train_episode_return:  0.40
 train_exploration_epsilon: 0.100
 train_frame_rate:  149
I1001 21:09:23.480477 47050719893312 run_miniworld.py:238] Data collection iteration 94.
I1001 21:12:10.285375 47050719893312 run_miniworld.py:245] Evaluation iteration 94.
I1001 21:12:20.198902 47050719893312 run_miniworld.py:262] iteration:  94
 frame: 2350000
 eval_episode_return:  0.00
 train_episode_return:  0.15
 train_exploration_epsilon: 0.100
 train_frame_rate:  150
I1001 21:12:20.531344 47050719893312 run_miniworld.py:238] Data collection iteration 95.
I1001 21:15:07.204904 47050719893312 run_miniworld.py:245] Evaluation iteration 95.
I1001 21:15:17.131662 47050719893312 run_miniworld.py:262] iteration:  95
 frame: 2375000
 eval_episode_return:  0.00
 train_episode_return:  0.15
 train_exploration_epsilon: 0.100
 train_frame_rate:  150
I1001 21:15:17.460001 47050719893312 run_miniworld.py:238] Data collection iteration 96.
I1001 21:18:04.514087 47050719893312 run_miniworld.py:245] Evaluation iteration 96.
I1001 21:18:14.517419 47050719893312 run_miniworld.py:262] iteration:  96
 frame: 2400000
 eval_episode_return:  0.00
 train_episode_return:  0.04
 train_exploration_epsilon: 0.100
 train_frame_rate:  150
I1001 21:18:14.858034 47050719893312 run_miniworld.py:238] Data collection iteration 97.
I1001 21:21:01.752505 47050719893312 run_miniworld.py:245] Evaluation iteration 97.
I1001 21:21:11.832057 47050719893312 run_miniworld.py:262] iteration:  97
 frame: 2425000
 eval_episode_return:  0.00
 train_episode_return:  0.29
 train_exploration_epsilon: 0.100
 train_frame_rate:  150
I1001 21:21:12.162662 47050719893312 run_miniworld.py:238] Data collection iteration 98.
I1001 21:24:00.492982 47050719893312 run_miniworld.py:245] Evaluation iteration 98.
I1001 21:24:10.570603 47050719893312 run_miniworld.py:262] iteration:  98
 frame: 2450000
 eval_episode_return:  0.00
 train_episode_return:  0.12
 train_exploration_epsilon: 0.100
 train_frame_rate:  149
I1001 21:24:10.911746 47050719893312 run_miniworld.py:238] Data collection iteration 99.
I1001 21:26:59.015334 47050719893312 run_miniworld.py:245] Evaluation iteration 99.
I1001 21:27:08.710287 47050719893312 run_miniworld.py:262] iteration:  99
 frame: 2475000
 eval_episode_return:  0.00
 train_episode_return:  0.15
 train_exploration_epsilon: 0.100
 train_frame_rate:  149
I1001 21:27:09.043362 47050719893312 run_miniworld.py:238] Data collection iteration 100.
I1001 21:29:57.392802 47050719893312 run_miniworld.py:245] Evaluation iteration 100.
I1001 21:30:07.539405 47050719893312 run_miniworld.py:262] iteration: 100
 frame: 2500000
 eval_episode_return:  0.00
 train_episode_return:  0.24
 train_exploration_epsilon: 0.100
 train_frame_rate:  149
I1001 21:30:07.864290 47050719893312 run_miniworld.py:238] Data collection iteration 101.
I1001 21:32:56.744262 47050719893312 run_miniworld.py:245] Evaluation iteration 101.
I1001 21:33:06.738449 47050719893312 run_miniworld.py:262] iteration: 101
 frame: 2525000
 eval_episode_return:  0.00
 train_episode_return:  0.25
 train_exploration_epsilon: 0.100
 train_frame_rate:  148
I1001 21:33:07.074348 47050719893312 run_miniworld.py:238] Data collection iteration 102.
I1001 21:35:55.713773 47050719893312 run_miniworld.py:245] Evaluation iteration 102.
I1001 21:36:05.715192 47050719893312 run_miniworld.py:262] iteration: 102
 frame: 2550000
 eval_episode_return:  0.00
 train_episode_return:  0.19
 train_exploration_epsilon: 0.100
 train_frame_rate:  148
I1001 21:36:06.055553 47050719893312 run_miniworld.py:238] Data collection iteration 103.
I1001 21:38:54.547204 47050719893312 run_miniworld.py:245] Evaluation iteration 103.
I1001 21:39:04.472403 47050719893312 run_miniworld.py:262] iteration: 103
 frame: 2575000
 eval_episode_return:  0.00
 train_episode_return:  0.23
 train_exploration_epsilon: 0.100
 train_frame_rate:  148
I1001 21:39:04.803937 47050719893312 run_miniworld.py:238] Data collection iteration 104.
I1001 21:41:53.629581 47050719893312 run_miniworld.py:245] Evaluation iteration 104.
I1001 21:42:03.332870 47050719893312 run_miniworld.py:262] iteration: 104
 frame: 2600000
 eval_episode_return:  0.00
 train_episode_return:  0.30
 train_exploration_epsilon: 0.100
 train_frame_rate:  148
I1001 21:42:03.659182 47050719893312 run_miniworld.py:238] Data collection iteration 105.
I1001 21:44:52.342844 47050719893312 run_miniworld.py:245] Evaluation iteration 105.
I1001 21:45:02.148951 47050719893312 run_miniworld.py:262] iteration: 105
 frame: 2625000
 eval_episode_return:  0.00
 train_episode_return:  0.80
 train_exploration_epsilon: 0.100
 train_frame_rate:  148
I1001 21:45:02.478753 47050719893312 run_miniworld.py:238] Data collection iteration 106.
I1001 21:47:50.704371 47050719893312 run_miniworld.py:245] Evaluation iteration 106.
I1001 21:48:00.854355 47050719893312 run_miniworld.py:262] iteration: 106
 frame: 2650000
 eval_episode_return:  0.00
 train_episode_return:  0.75
 train_exploration_epsilon: 0.100
 train_frame_rate:  149
I1001 21:48:01.185802 47050719893312 run_miniworld.py:238] Data collection iteration 107.
I1001 21:50:49.930964 47050719893312 run_miniworld.py:245] Evaluation iteration 107.
I1001 21:50:59.619597 47050719893312 run_miniworld.py:262] iteration: 107
 frame: 2675000
 eval_episode_return:  0.00
 train_episode_return:  0.85
 train_exploration_epsilon: 0.100
 train_frame_rate:  148
I1001 21:50:59.948707 47050719893312 run_miniworld.py:238] Data collection iteration 108.
I1001 21:53:48.795144 47050719893312 run_miniworld.py:245] Evaluation iteration 108.
I1001 21:53:58.602198 47050719893312 run_miniworld.py:262] iteration: 108
 frame: 2700000
 eval_episode_return:  0.00
 train_episode_return:  0.80
 train_exploration_epsilon: 0.100
 train_frame_rate:  148
I1001 21:53:58.934284 47050719893312 run_miniworld.py:238] Data collection iteration 109.
I1001 21:56:47.901868 47050719893312 run_miniworld.py:245] Evaluation iteration 109.
I1001 21:56:57.967985 47050719893312 run_miniworld.py:262] iteration: 109
 frame: 2725000
 eval_episode_return:  0.00
 train_episode_return:  0.94
 train_exploration_epsilon: 0.100
 train_frame_rate:  148
I1001 21:56:58.301699 47050719893312 run_miniworld.py:238] Data collection iteration 110.
I1001 21:59:46.647016 47050719893312 run_miniworld.py:245] Evaluation iteration 110.
I1001 21:59:56.820353 47050719893312 run_miniworld.py:262] iteration: 110
 frame: 2750000
 eval_episode_return:  0.00
 train_episode_return:  0.92
 train_exploration_epsilon: 0.100
 train_frame_rate:  149
I1001 21:59:57.156266 47050719893312 run_miniworld.py:238] Data collection iteration 111.
I1001 22:02:47.775178 47050719893312 run_miniworld.py:245] Evaluation iteration 111.
I1001 22:02:57.960397 47050719893312 run_miniworld.py:262] iteration: 111
 frame: 2775000
 eval_episode_return:  0.00
 train_episode_return:  0.85
 train_exploration_epsilon: 0.100
 train_frame_rate:  147
I1001 22:02:58.285732 47050719893312 run_miniworld.py:238] Data collection iteration 112.
I1001 22:05:46.747783 47050719893312 run_miniworld.py:245] Evaluation iteration 112.
I1001 22:05:56.561894 47050719893312 run_miniworld.py:262] iteration: 112
 frame: 2800000
 eval_episode_return:  0.00
 train_episode_return:  1.00
 train_exploration_epsilon: 0.100
 train_frame_rate:  148
I1001 22:05:56.886368 47050719893312 run_miniworld.py:238] Data collection iteration 113.
I1001 22:08:46.138095 47050719893312 run_miniworld.py:245] Evaluation iteration 113.
I1001 22:08:55.871807 47050719893312 run_miniworld.py:262] iteration: 113
 frame: 2825000
 eval_episode_return:  0.00
 train_episode_return:  0.89
 train_exploration_epsilon: 0.100
 train_frame_rate:  148
I1001 22:08:56.203856 47050719893312 run_miniworld.py:238] Data collection iteration 114.
I1001 22:11:43.972006 47050719893312 run_miniworld.py:245] Evaluation iteration 114.
I1001 22:11:53.806256 47050719893312 run_miniworld.py:262] iteration: 114
 frame: 2850000
 eval_episode_return:  0.00
 train_episode_return:  0.95
 train_exploration_epsilon: 0.100
 train_frame_rate:  149
I1001 22:11:54.135177 47050719893312 run_miniworld.py:238] Data collection iteration 115.
I1001 22:14:42.096793 47050719893312 run_miniworld.py:245] Evaluation iteration 115.
I1001 22:14:51.771560 47050719893312 run_miniworld.py:262] iteration: 115
 frame: 2875000
 eval_episode_return:  0.00
 train_episode_return:  0.80
 train_exploration_epsilon: 0.100
 train_frame_rate:  149
I1001 22:14:52.121775 47050719893312 run_miniworld.py:238] Data collection iteration 116.
I1001 22:17:40.471907 47050719893312 run_miniworld.py:245] Evaluation iteration 116.
I1001 22:17:51.136832 47050719893312 run_miniworld.py:262] iteration: 116
 frame: 2900000
 eval_episode_return:  1.00
 train_episode_return:  0.93
 train_exploration_epsilon: 0.100
 train_frame_rate:  149
I1001 22:17:51.476788 47050719893312 run_miniworld.py:238] Data collection iteration 117.
I1001 22:20:40.435750 47050719893312 run_miniworld.py:245] Evaluation iteration 117.
I1001 22:20:50.670322 47050719893312 run_miniworld.py:262] iteration: 117
 frame: 2925000
 eval_episode_return:  0.00
 train_episode_return:  0.97
 train_exploration_epsilon: 0.100
 train_frame_rate:  148
I1001 22:20:51.000820 47050719893312 run_miniworld.py:238] Data collection iteration 118.
I1001 22:23:40.691162 47050719893312 run_miniworld.py:245] Evaluation iteration 118.
I1001 22:23:50.665001 47050719893312 run_miniworld.py:262] iteration: 118
 frame: 2950000
 eval_episode_return:  0.86
 train_episode_return:  0.99
 train_exploration_epsilon: 0.100
 train_frame_rate:  147
I1001 22:23:50.996327 47050719893312 run_miniworld.py:238] Data collection iteration 119.
I1001 22:26:41.461590 47050719893312 run_miniworld.py:245] Evaluation iteration 119.
I1001 22:26:52.373080 47050719893312 run_miniworld.py:262] iteration: 119
 frame: 2975000
 eval_episode_return:  1.00
 train_episode_return:  1.00
 train_exploration_epsilon: 0.100
 train_frame_rate:  147
I1001 22:26:52.712556 47050719893312 run_miniworld.py:238] Data collection iteration 120.
I1001 22:29:41.915356 47050719893312 run_miniworld.py:245] Evaluation iteration 120.
I1001 22:29:51.615384 47050719893312 run_miniworld.py:262] iteration: 120
 frame: 3000000
 eval_episode_return:  0.00
 train_episode_return:  1.00
 train_exploration_epsilon: 0.100
 train_frame_rate:  148
I1001 22:29:51.942653 47050719893312 run_miniworld.py:238] Data collection iteration 121.
I1001 22:32:41.305119 47050719893312 run_miniworld.py:245] Evaluation iteration 121.
I1001 22:32:51.038375 47050719893312 run_miniworld.py:262] iteration: 121
 frame: 3025000
 eval_episode_return:  0.00
 train_episode_return:  1.00
 train_exploration_epsilon: 0.100
 train_frame_rate:  148
I1001 22:32:51.381282 47050719893312 run_miniworld.py:238] Data collection iteration 122.
I1001 22:35:40.208727 47050719893312 run_miniworld.py:245] Evaluation iteration 122.
I1001 22:35:49.993987 47050719893312 run_miniworld.py:262] iteration: 122
 frame: 3050000
 eval_episode_return:  0.00
 train_episode_return:  1.00
 train_exploration_epsilon: 0.100
 train_frame_rate:  148
I1001 22:35:50.329046 47050719893312 run_miniworld.py:238] Data collection iteration 123.
I1001 22:38:40.033494 47050719893312 run_miniworld.py:245] Evaluation iteration 123.
I1001 22:38:51.810130 47050719893312 run_miniworld.py:262] iteration: 123
 frame: 3075000
 eval_episode_return:  1.00
 train_episode_return:  1.00
 train_exploration_epsilon: 0.100
 train_frame_rate:  147
I1001 22:38:52.136382 47050719893312 run_miniworld.py:238] Data collection iteration 124.
I1001 22:41:41.734416 47050719893312 run_miniworld.py:245] Evaluation iteration 124.
I1001 22:41:51.602812 47050719893312 run_miniworld.py:262] iteration: 124
 frame: 3100000
 eval_episode_return:  0.67
 train_episode_return:  1.00
 train_exploration_epsilon: 0.100
 train_frame_rate:  147
I1001 22:41:51.944387 47050719893312 run_miniworld.py:238] Data collection iteration 125.
I1001 22:44:41.999433 47050719893312 run_miniworld.py:245] Evaluation iteration 125.
I1001 22:44:51.690023 47050719893312 run_miniworld.py:262] iteration: 125
 frame: 3125000
 eval_episode_return:  0.40
 train_episode_return:  1.00
 train_exploration_epsilon: 0.100
 train_frame_rate:  147
I1001 22:44:52.042570 47050719893312 run_miniworld.py:238] Data collection iteration 126.
I1001 22:47:41.858191 47050719893312 run_miniworld.py:245] Evaluation iteration 126.
I1001 22:47:53.287193 47050719893312 run_miniworld.py:262] iteration: 126
 frame: 3150000
 eval_episode_return:  1.00
 train_episode_return:  1.00
 train_exploration_epsilon: 0.100
 train_frame_rate:  147
I1001 22:47:53.629501 47050719893312 run_miniworld.py:238] Data collection iteration 127.
I1001 22:50:44.343618 47050719893312 run_miniworld.py:245] Evaluation iteration 127.
I1001 22:50:56.172940 47050719893312 run_miniworld.py:262] iteration: 127
 frame: 3175000
 eval_episode_return:  1.00
 train_episode_return:  1.00
 train_exploration_epsilon: 0.100
 train_frame_rate:  146
I1001 22:50:56.501717 47050719893312 run_miniworld.py:238] Data collection iteration 128.
I1001 22:53:47.790180 47050719893312 run_miniworld.py:245] Evaluation iteration 128.
I1001 22:53:59.381462 47050719893312 run_miniworld.py:262] iteration: 128
 frame: 3200000
 eval_episode_return:  1.00
 train_episode_return:  1.00
 train_exploration_epsilon: 0.100
 train_frame_rate:  146
I1001 22:53:59.710150 47050719893312 run_miniworld.py:238] Data collection iteration 129.
I1001 22:56:51.092120 47050719893312 run_miniworld.py:245] Evaluation iteration 129.
I1001 22:57:03.115627 47050719893312 run_miniworld.py:262] iteration: 129
 frame: 3225000
 eval_episode_return:  1.00
 train_episode_return:  1.00
 train_exploration_epsilon: 0.100
 train_frame_rate:  146
I1001 22:57:03.443017 47050719893312 run_miniworld.py:238] Data collection iteration 130.
I1001 22:59:53.098699 47050719893312 run_miniworld.py:245] Evaluation iteration 130.
I1001 23:00:04.840249 47050719893312 run_miniworld.py:262] iteration: 130
 frame: 3250000
 eval_episode_return:  1.00
 train_episode_return:  1.00
 train_exploration_epsilon: 0.100
 train_frame_rate:  147
I1001 23:00:05.165063 47050719893312 run_miniworld.py:238] Data collection iteration 131.
I1001 23:02:56.285372 47050719893312 run_miniworld.py:245] Evaluation iteration 131.
I1001 23:03:07.988856 47050719893312 run_miniworld.py:262] iteration: 131
 frame: 3275000
 eval_episode_return:  1.00
 train_episode_return:  1.00
 train_exploration_epsilon: 0.100
 train_frame_rate:  146
I1001 23:03:08.311521 47050719893312 run_miniworld.py:238] Data collection iteration 132.
I1001 23:05:58.995317 47050719893312 run_miniworld.py:245] Evaluation iteration 132.
I1001 23:06:10.456423 47050719893312 run_miniworld.py:262] iteration: 132
 frame: 3300000
 eval_episode_return:  1.00
 train_episode_return:  1.00
 train_exploration_epsilon: 0.100
 train_frame_rate:  146
I1001 23:06:10.801027 47050719893312 run_miniworld.py:238] Data collection iteration 133.
I1001 23:09:00.262326 47050719893312 run_miniworld.py:245] Evaluation iteration 133.
I1001 23:10:24.767121 47050719893312 run_miniworld.py:262] iteration: 133
 frame: 3325000
 eval_episode_return:  1.00
 train_episode_return:  1.00
 train_exploration_epsilon: 0.100
 train_frame_rate:  148
I1001 23:10:25.117688 47050719893312 run_miniworld.py:238] Data collection iteration 134.
I1001 23:13:17.171485 47050719893312 run_miniworld.py:245] Evaluation iteration 134.
I1001 23:13:28.638075 47050719893312 run_miniworld.py:262] iteration: 134
 frame: 3350000
 eval_episode_return:  1.00
 train_episode_return:  1.00
 train_exploration_epsilon: 0.100
 train_frame_rate:  145
I1001 23:13:29.086785 47050719893312 run_miniworld.py:238] Data collection iteration 135.
I1001 23:16:19.954103 47050719893312 run_miniworld.py:245] Evaluation iteration 135.
I1001 23:16:32.159957 47050719893312 run_miniworld.py:262] iteration: 135
 frame: 3375000
 eval_episode_return:  1.00
 train_episode_return:  1.00
 train_exploration_epsilon: 0.100
 train_frame_rate:  146
I1001 23:16:32.483535 47050719893312 run_miniworld.py:238] Data collection iteration 136.
I1001 23:19:23.173214 47050719893312 run_miniworld.py:245] Evaluation iteration 136.
I1001 23:19:35.208698 47050719893312 run_miniworld.py:262] iteration: 136
 frame: 3400000
 eval_episode_return:  1.00
 train_episode_return:  1.00
 train_exploration_epsilon: 0.100
 train_frame_rate:  146
I1001 23:19:35.535858 47050719893312 run_miniworld.py:238] Data collection iteration 137.
I1001 23:22:29.281338 47050719893312 run_miniworld.py:245] Evaluation iteration 137.
I1001 23:22:41.202288 47050719893312 run_miniworld.py:262] iteration: 137
 frame: 3425000
 eval_episode_return:  1.00
 train_episode_return:  1.00
 train_exploration_epsilon: 0.100
 train_frame_rate:  144
I1001 23:22:41.761868 47050719893312 run_miniworld.py:238] Data collection iteration 138.
I1001 23:25:37.084151 47050719893312 run_miniworld.py:245] Evaluation iteration 138.
I1001 23:25:48.607900 47050719893312 run_miniworld.py:262] iteration: 138
 frame: 3450000
 eval_episode_return:  1.00
 train_episode_return:  1.00
 train_exploration_epsilon: 0.100
 train_frame_rate:  143
I1001 23:25:48.943538 47050719893312 run_miniworld.py:238] Data collection iteration 139.
I1001 23:28:39.548515 47050719893312 run_miniworld.py:245] Evaluation iteration 139.
I1001 23:28:51.019445 47050719893312 run_miniworld.py:262] iteration: 139
 frame: 3475000
 eval_episode_return:  1.00
 train_episode_return:  1.00
 train_exploration_epsilon: 0.100
 train_frame_rate:  147
I1001 23:28:51.347046 47050719893312 run_miniworld.py:238] Data collection iteration 140.
I1001 23:31:42.104971 47050719893312 run_miniworld.py:245] Evaluation iteration 140.
I1001 23:31:54.081373 47050719893312 run_miniworld.py:262] iteration: 140
 frame: 3500000
 eval_episode_return:  1.00
 train_episode_return:  1.00
 train_exploration_epsilon: 0.100
 train_frame_rate:  146
I1001 23:31:54.401348 47050719893312 run_miniworld.py:238] Data collection iteration 141.
I1001 23:34:45.923053 47050719893312 run_miniworld.py:245] Evaluation iteration 141.
I1001 23:34:57.530233 47050719893312 run_miniworld.py:262] iteration: 141
 frame: 3525000
 eval_episode_return:  1.00
 train_episode_return:  1.00
 train_exploration_epsilon: 0.100
 train_frame_rate:  146
I1001 23:34:57.854064 47050719893312 run_miniworld.py:238] Data collection iteration 142.
I1001 23:37:49.669637 47050719893312 run_miniworld.py:245] Evaluation iteration 142.
I1001 23:38:01.917778 47050719893312 run_miniworld.py:262] iteration: 142
 frame: 3550000
 eval_episode_return:  1.00
 train_episode_return:  1.00
 train_exploration_epsilon: 0.100
 train_frame_rate:  146
I1001 23:38:02.243417 47050719893312 run_miniworld.py:238] Data collection iteration 143.
I1001 23:40:53.594177 47050719893312 run_miniworld.py:245] Evaluation iteration 143.
I1001 23:41:05.502765 47050719893312 run_miniworld.py:262] iteration: 143
 frame: 3575000
 eval_episode_return:  1.00
 train_episode_return:  1.00
 train_exploration_epsilon: 0.100
 train_frame_rate:  146
I1001 23:41:05.829446 47050719893312 run_miniworld.py:238] Data collection iteration 144.
I1001 23:43:57.424090 47050719893312 run_miniworld.py:245] Evaluation iteration 144.
I1001 23:44:09.084897 47050719893312 run_miniworld.py:262] iteration: 144
 frame: 3600000
 eval_episode_return:  1.00
 train_episode_return:  1.00
 train_exploration_epsilon: 0.100
 train_frame_rate:  146
I1001 23:44:09.411594 47050719893312 run_miniworld.py:238] Data collection iteration 145.
I1001 23:47:01.337583 47050719893312 run_miniworld.py:245] Evaluation iteration 145.
I1001 23:47:13.100529 47050719893312 run_miniworld.py:262] iteration: 145
 frame: 3625000
 eval_episode_return:  1.00
 train_episode_return:  1.00
 train_exploration_epsilon: 0.100
 train_frame_rate:  145
I1001 23:47:13.434359 47050719893312 run_miniworld.py:238] Data collection iteration 146.
I1001 23:50:06.546349 47050719893312 run_miniworld.py:245] Evaluation iteration 146.
I1001 23:50:18.597321 47050719893312 run_miniworld.py:262] iteration: 146
 frame: 3650000
 eval_episode_return:  1.00
 train_episode_return:  1.00
 train_exploration_epsilon: 0.100
 train_frame_rate:  144
I1001 23:50:18.923496 47050719893312 run_miniworld.py:238] Data collection iteration 147.
I1001 23:53:09.700773 47050719893312 run_miniworld.py:245] Evaluation iteration 147.
I1001 23:53:21.205328 47050719893312 run_miniworld.py:262] iteration: 147
 frame: 3675000
 eval_episode_return:  1.00
 train_episode_return:  1.00
 train_exploration_epsilon: 0.100
 train_frame_rate:  146
I1001 23:53:21.532079 47050719893312 run_miniworld.py:238] Data collection iteration 148.
I1001 23:56:13.418977 47050719893312 run_miniworld.py:245] Evaluation iteration 148.
I1001 23:56:25.304763 47050719893312 run_miniworld.py:262] iteration: 148
 frame: 3700000
 eval_episode_return:  1.00
 train_episode_return:  1.00
 train_exploration_epsilon: 0.100
 train_frame_rate:  145
I1001 23:56:25.713771 47050719893312 run_miniworld.py:238] Data collection iteration 149.
I1001 23:59:17.658801 47050719893312 run_miniworld.py:245] Evaluation iteration 149.
I1001 23:59:29.371140 47050719893312 run_miniworld.py:262] iteration: 149
 frame: 3725000
 eval_episode_return:  1.00
 train_episode_return:  1.00
 train_exploration_epsilon: 0.100
 train_frame_rate:  145
I1001 23:59:29.699226 47050719893312 run_miniworld.py:238] Data collection iteration 150.
I1002 00:02:20.055810 47050719893312 run_miniworld.py:245] Evaluation iteration 150.
I1002 00:02:30.507803 47050719893312 run_miniworld.py:262] iteration: 150
 frame: 3750000
 eval_episode_return:  1.00
 train_episode_return:  1.00
 train_exploration_epsilon: 0.100
 train_frame_rate:  147
I1002 00:02:30.834783 47050719893312 run_miniworld.py:238] Data collection iteration 151.
I1002 00:05:23.406329 47050719893312 run_miniworld.py:245] Evaluation iteration 151.
I1002 00:05:35.108970 47050719893312 run_miniworld.py:262] iteration: 151
 frame: 3775000
 eval_episode_return:  1.00
 train_episode_return:  1.00
 train_exploration_epsilon: 0.100
 train_frame_rate:  145
I1002 00:05:35.428218 47050719893312 run_miniworld.py:238] Data collection iteration 152.
I1002 00:08:28.018347 47050719893312 run_miniworld.py:245] Evaluation iteration 152.
I1002 00:08:39.906723 47050719893312 run_miniworld.py:262] iteration: 152
 frame: 3800000
 eval_episode_return:  1.00
 train_episode_return:  1.00
 train_exploration_epsilon: 0.100
 train_frame_rate:  145
I1002 00:08:40.229897 47050719893312 run_miniworld.py:238] Data collection iteration 153.
I1002 00:11:32.061690 47050719893312 run_miniworld.py:245] Evaluation iteration 153.
I1002 00:11:43.747499 47050719893312 run_miniworld.py:262] iteration: 153
 frame: 3825000
 eval_episode_return:  1.00
 train_episode_return:  1.00
 train_exploration_epsilon: 0.100
 train_frame_rate:  145
I1002 00:11:44.070867 47050719893312 run_miniworld.py:238] Data collection iteration 154.
I1002 00:14:34.241962 47050719893312 run_miniworld.py:245] Evaluation iteration 154.
I1002 00:14:44.444950 47050719893312 run_miniworld.py:262] iteration: 154
 frame: 3850000
 eval_episode_return:  1.00
 train_episode_return:  1.00
 train_exploration_epsilon: 0.100
 train_frame_rate:  147
I1002 00:14:44.769099 47050719893312 run_miniworld.py:238] Data collection iteration 155.
I1002 00:17:37.482923 47050719893312 run_miniworld.py:245] Evaluation iteration 155.
I1002 00:17:49.036060 47050719893312 run_miniworld.py:262] iteration: 155
 frame: 3875000
 eval_episode_return:  1.00
 train_episode_return:  1.00
 train_exploration_epsilon: 0.100
 train_frame_rate:  145
I1002 00:17:49.355054 47050719893312 run_miniworld.py:238] Data collection iteration 156.
I1002 00:20:41.425716 47050719893312 run_miniworld.py:245] Evaluation iteration 156.
I1002 00:20:53.485243 47050719893312 run_miniworld.py:262] iteration: 156
 frame: 3900000
 eval_episode_return:  1.00
 train_episode_return:  1.00
 train_exploration_epsilon: 0.100
 train_frame_rate:  145
I1002 00:20:53.813779 47050719893312 run_miniworld.py:238] Data collection iteration 157.
I1002 00:23:45.660177 47050719893312 run_miniworld.py:245] Evaluation iteration 157.
I1002 00:23:57.298145 47050719893312 run_miniworld.py:262] iteration: 157
 frame: 3925000
 eval_episode_return:  1.00
 train_episode_return:  1.00
 train_exploration_epsilon: 0.100
 train_frame_rate:  145
I1002 00:23:57.613769 47050719893312 run_miniworld.py:238] Data collection iteration 158.
I1002 00:26:48.810787 47050719893312 run_miniworld.py:245] Evaluation iteration 158.
I1002 00:27:00.306064 47050719893312 run_miniworld.py:262] iteration: 158
 frame: 3950000
 eval_episode_return:  1.00
 train_episode_return:  1.00
 train_exploration_epsilon: 0.100
 train_frame_rate:  146
I1002 00:27:00.631613 47050719893312 run_miniworld.py:238] Data collection iteration 159.
I1002 00:29:52.605604 47050719893312 run_miniworld.py:245] Evaluation iteration 159.
I1002 00:30:04.278436 47050719893312 run_miniworld.py:262] iteration: 159
 frame: 3975000
 eval_episode_return:  1.00
 train_episode_return:  1.00
 train_exploration_epsilon: 0.100
 train_frame_rate:  145
I1002 00:30:04.598285 47050719893312 run_miniworld.py:238] Data collection iteration 160.
I1002 00:32:54.151121 47050719893312 run_miniworld.py:245] Evaluation iteration 160.
I1002 00:33:05.568724 47050719893312 run_miniworld.py:262] iteration: 160
 frame: 4000000
 eval_episode_return:  1.00
 train_episode_return:  1.00
 train_exploration_epsilon: 0.100
 train_frame_rate:  147
I1002 00:33:05.902871 47050719893312 run_miniworld.py:238] Data collection iteration 161.
I1002 00:35:57.401960 47050719893312 run_miniworld.py:245] Evaluation iteration 161.
I1002 00:36:09.244798 47050719893312 run_miniworld.py:262] iteration: 161
 frame: 4025000
 eval_episode_return:  1.00
 train_episode_return:  1.00
 train_exploration_epsilon: 0.100
 train_frame_rate:  146
I1002 00:36:09.567199 47050719893312 run_miniworld.py:238] Data collection iteration 162.
I1002 00:39:00.516930 47050719893312 run_miniworld.py:245] Evaluation iteration 162.
I1002 00:39:12.745031 47050719893312 run_miniworld.py:262] iteration: 162
 frame: 4050000
 eval_episode_return:  1.00
 train_episode_return:  1.00
 train_exploration_epsilon: 0.100
 train_frame_rate:  146
I1002 00:39:13.064467 47050719893312 run_miniworld.py:238] Data collection iteration 163.
I1002 00:42:02.854108 47050719893312 run_miniworld.py:245] Evaluation iteration 163.
I1002 00:42:14.685576 47050719893312 run_miniworld.py:262] iteration: 163
 frame: 4075000
 eval_episode_return:  1.00
 train_episode_return:  1.00
 train_exploration_epsilon: 0.100
 train_frame_rate:  147
I1002 00:42:15.014553 47050719893312 run_miniworld.py:238] Data collection iteration 164.
I1002 00:45:05.707767 47050719893312 run_miniworld.py:245] Evaluation iteration 164.
I1002 00:45:17.916561 47050719893312 run_miniworld.py:262] iteration: 164
 frame: 4100000
 eval_episode_return:  1.00
 train_episode_return:  1.00
 train_exploration_epsilon: 0.100
 train_frame_rate:  146
I1002 00:45:18.228565 47050719893312 run_miniworld.py:238] Data collection iteration 165.
I1002 00:48:09.978798 47050719893312 run_miniworld.py:245] Evaluation iteration 165.
I1002 00:48:21.854592 47050719893312 run_miniworld.py:262] iteration: 165
 frame: 4125000
 eval_episode_return:  1.00
 train_episode_return:  1.00
 train_exploration_epsilon: 0.100
 train_frame_rate:  146
I1002 00:48:22.173409 47050719893312 run_miniworld.py:238] Data collection iteration 166.
I1002 00:51:12.609983 47050719893312 run_miniworld.py:245] Evaluation iteration 166.
I1002 00:51:24.177439 47050719893312 run_miniworld.py:262] iteration: 166
 frame: 4150000
 eval_episode_return:  1.00
 train_episode_return:  1.00
 train_exploration_epsilon: 0.100
 train_frame_rate:  147
I1002 00:51:24.489957 47050719893312 run_miniworld.py:238] Data collection iteration 167.
I1002 00:54:14.701063 47050719893312 run_miniworld.py:245] Evaluation iteration 167.
I1002 00:54:26.411631 47050719893312 run_miniworld.py:262] iteration: 167
 frame: 4175000
 eval_episode_return:  1.00
 train_episode_return:  1.00
 train_exploration_epsilon: 0.100
 train_frame_rate:  147
I1002 00:54:26.738139 47050719893312 run_miniworld.py:238] Data collection iteration 168.
I1002 00:57:17.810697 47050719893312 run_miniworld.py:245] Evaluation iteration 168.
I1002 00:57:29.491039 47050719893312 run_miniworld.py:262] iteration: 168
 frame: 4200000
 eval_episode_return:  1.00
 train_episode_return:  1.00
 train_exploration_epsilon: 0.100
 train_frame_rate:  146
I1002 00:57:29.813801 47050719893312 run_miniworld.py:238] Data collection iteration 169.
I1002 01:00:20.591772 47050719893312 run_miniworld.py:245] Evaluation iteration 169.
I1002 01:00:32.091909 47050719893312 run_miniworld.py:262] iteration: 169
 frame: 4225000
 eval_episode_return:  1.00
 train_episode_return:  1.00
 train_exploration_epsilon: 0.100
 train_frame_rate:  146
I1002 01:00:32.420483 47050719893312 run_miniworld.py:238] Data collection iteration 170.
I1002 01:03:23.666538 47050719893312 run_miniworld.py:245] Evaluation iteration 170.
I1002 01:03:35.481782 47050719893312 run_miniworld.py:262] iteration: 170
 frame: 4250000
 eval_episode_return:  1.00
 train_episode_return:  1.00
 train_exploration_epsilon: 0.100
 train_frame_rate:  146
I1002 01:03:35.798736 47050719893312 run_miniworld.py:238] Data collection iteration 171.
I1002 01:06:27.454914 47050719893312 run_miniworld.py:245] Evaluation iteration 171.
I1002 01:06:38.901433 47050719893312 run_miniworld.py:262] iteration: 171
 frame: 4275000
 eval_episode_return:  1.00
 train_episode_return:  1.00
 train_exploration_epsilon: 0.100
 train_frame_rate:  146
I1002 01:06:39.217960 47050719893312 run_miniworld.py:238] Data collection iteration 172.
I1002 01:09:30.206250 47050719893312 run_miniworld.py:245] Evaluation iteration 172.
I1002 01:09:42.151266 47050719893312 run_miniworld.py:262] iteration: 172
 frame: 4300000
 eval_episode_return:  1.00
 train_episode_return:  1.00
 train_exploration_epsilon: 0.100
 train_frame_rate:  146
I1002 01:09:42.467528 47050719893312 run_miniworld.py:238] Data collection iteration 173.
I1002 01:12:33.543134 47050719893312 run_miniworld.py:245] Evaluation iteration 173.
I1002 01:12:45.335801 47050719893312 run_miniworld.py:262] iteration: 173
 frame: 4325000
 eval_episode_return:  1.00
 train_episode_return:  1.00
 train_exploration_epsilon: 0.100
 train_frame_rate:  146
I1002 01:12:45.653836 47050719893312 run_miniworld.py:238] Data collection iteration 174.
I1002 01:15:37.373265 47050719893312 run_miniworld.py:245] Evaluation iteration 174.
I1002 01:15:49.330866 47050719893312 run_miniworld.py:262] iteration: 174
 frame: 4350000
 eval_episode_return:  1.00
 train_episode_return:  1.00
 train_exploration_epsilon: 0.100
 train_frame_rate:  146
I1002 01:15:49.655763 47050719893312 run_miniworld.py:238] Data collection iteration 175.
I1002 01:18:41.399761 47050719893312 run_miniworld.py:245] Evaluation iteration 175.
I1002 01:18:53.200783 47050719893312 run_miniworld.py:262] iteration: 175
 frame: 4375000
 eval_episode_return:  1.00
 train_episode_return:  1.00
 train_exploration_epsilon: 0.100
 train_frame_rate:  146
I1002 01:18:53.518843 47050719893312 run_miniworld.py:238] Data collection iteration 176.
I1002 01:21:45.318774 47050719893312 run_miniworld.py:245] Evaluation iteration 176.
I1002 01:21:57.323632 47050719893312 run_miniworld.py:262] iteration: 176
 frame: 4400000
 eval_episode_return:  1.00
 train_episode_return:  1.00
 train_exploration_epsilon: 0.100
 train_frame_rate:  146
I1002 01:21:57.655977 47050719893312 run_miniworld.py:238] Data collection iteration 177.
I1002 01:24:50.075830 47050719893312 run_miniworld.py:245] Evaluation iteration 177.
I1002 01:25:02.400977 47050719893312 run_miniworld.py:262] iteration: 177
 frame: 4425000
 eval_episode_return:  1.00
 train_episode_return:  1.00
 train_exploration_epsilon: 0.100
 train_frame_rate:  145
I1002 01:25:02.727844 47050719893312 run_miniworld.py:238] Data collection iteration 178.
I1002 01:27:55.238440 47050719893312 run_miniworld.py:245] Evaluation iteration 178.
I1002 01:28:07.486318 47050719893312 run_miniworld.py:262] iteration: 178
 frame: 4450000
 eval_episode_return:  1.00
 train_episode_return:  1.00
 train_exploration_epsilon: 0.100
 train_frame_rate:  145
I1002 01:28:07.808906 47050719893312 run_miniworld.py:238] Data collection iteration 179.
I1002 01:30:58.424978 47050719893312 run_miniworld.py:245] Evaluation iteration 179.
I1002 01:31:10.059922 47050719893312 run_miniworld.py:262] iteration: 179
 frame: 4475000
 eval_episode_return:  1.00
 train_episode_return:  1.00
 train_exploration_epsilon: 0.100
 train_frame_rate:  147
I1002 01:31:10.372934 47050719893312 run_miniworld.py:238] Data collection iteration 180.
I1002 01:34:00.546386 47050719893312 run_miniworld.py:245] Evaluation iteration 180.
I1002 01:34:12.292468 47050719893312 run_miniworld.py:262] iteration: 180
 frame: 4500000
 eval_episode_return:  1.00
 train_episode_return:  1.00
 train_exploration_epsilon: 0.100
 train_frame_rate:  147
I1002 01:34:12.616980 47050719893312 run_miniworld.py:238] Data collection iteration 181.
I1002 01:37:03.515723 47050719893312 run_miniworld.py:245] Evaluation iteration 181.
I1002 01:37:14.968840 47050719893312 run_miniworld.py:262] iteration: 181
 frame: 4525000
 eval_episode_return:  1.00
 train_episode_return:  1.00
 train_exploration_epsilon: 0.100
 train_frame_rate:  146
I1002 01:37:15.289993 47050719893312 run_miniworld.py:238] Data collection iteration 182.
I1002 01:40:07.082983 47050719893312 run_miniworld.py:245] Evaluation iteration 182.
I1002 01:40:18.811456 47050719893312 run_miniworld.py:262] iteration: 182
 frame: 4550000
 eval_episode_return:  1.00
 train_episode_return:  1.00
 train_exploration_epsilon: 0.100
 train_frame_rate:  146
I1002 01:40:19.129414 47050719893312 run_miniworld.py:238] Data collection iteration 183.
I1002 01:43:09.838483 47050719893312 run_miniworld.py:245] Evaluation iteration 183.
I1002 01:43:21.306376 47050719893312 run_miniworld.py:262] iteration: 183
 frame: 4575000
 eval_episode_return:  1.00
 train_episode_return:  1.00
 train_exploration_epsilon: 0.100
 train_frame_rate:  146
I1002 01:43:21.625925 47050719893312 run_miniworld.py:238] Data collection iteration 184.
I1002 01:46:12.820017 47050719893312 run_miniworld.py:245] Evaluation iteration 184.
I1002 01:46:24.860903 47050719893312 run_miniworld.py:262] iteration: 184
 frame: 4600000
 eval_episode_return:  1.00
 train_episode_return:  1.00
 train_exploration_epsilon: 0.100
 train_frame_rate:  146
I1002 01:46:25.174798 47050719893312 run_miniworld.py:238] Data collection iteration 185.
I1002 01:49:16.549828 47050719893312 run_miniworld.py:245] Evaluation iteration 185.
I1002 01:49:27.942157 47050719893312 run_miniworld.py:262] iteration: 185
 frame: 4625000
 eval_episode_return:  1.00
 train_episode_return:  1.00
 train_exploration_epsilon: 0.100
 train_frame_rate:  146
I1002 01:49:28.257077 47050719893312 run_miniworld.py:238] Data collection iteration 186.
I1002 01:52:19.330890 47050719893312 run_miniworld.py:245] Evaluation iteration 186.
I1002 01:52:30.812911 47050719893312 run_miniworld.py:262] iteration: 186
 frame: 4650000
 eval_episode_return:  1.00
 train_episode_return:  1.00
 train_exploration_epsilon: 0.100
 train_frame_rate:  146
I1002 01:52:31.138197 47050719893312 run_miniworld.py:238] Data collection iteration 187.
I1002 01:55:22.275318 47050719893312 run_miniworld.py:245] Evaluation iteration 187.
I1002 01:55:34.380933 47050719893312 run_miniworld.py:262] iteration: 187
 frame: 4675000
 eval_episode_return:  1.00
 train_episode_return:  1.00
 train_exploration_epsilon: 0.100
 train_frame_rate:  146
I1002 01:55:34.702825 47050719893312 run_miniworld.py:238] Data collection iteration 188.
I1002 01:58:26.338366 47050719893312 run_miniworld.py:245] Evaluation iteration 188.
I1002 01:58:38.435876 47050719893312 run_miniworld.py:262] iteration: 188
 frame: 4700000
 eval_episode_return:  1.00
 train_episode_return:  1.00
 train_exploration_epsilon: 0.100
 train_frame_rate:  146
I1002 01:58:38.749269 47050719893312 run_miniworld.py:238] Data collection iteration 189.
I1002 02:01:29.963590 47050719893312 run_miniworld.py:245] Evaluation iteration 189.
I1002 02:01:41.967049 47050719893312 run_miniworld.py:262] iteration: 189
 frame: 4725000
 eval_episode_return:  1.00
 train_episode_return:  1.00
 train_exploration_epsilon: 0.100
 train_frame_rate:  146
I1002 02:01:42.280802 47050719893312 run_miniworld.py:238] Data collection iteration 190.
I1002 02:04:33.972890 47050719893312 run_miniworld.py:245] Evaluation iteration 190.
I1002 02:04:45.557673 47050719893312 run_miniworld.py:262] iteration: 190
 frame: 4750000
 eval_episode_return:  1.00
 train_episode_return:  1.00
 train_exploration_epsilon: 0.100
 train_frame_rate:  146
I1002 02:04:45.880448 47050719893312 run_miniworld.py:238] Data collection iteration 191.
I1002 02:07:37.700248 47050719893312 run_miniworld.py:245] Evaluation iteration 191.
I1002 02:07:49.559581 47050719893312 run_miniworld.py:262] iteration: 191
 frame: 4775000
 eval_episode_return:  1.00
 train_episode_return:  1.00
 train_exploration_epsilon: 0.100
 train_frame_rate:  146
I1002 02:07:49.875143 47050719893312 run_miniworld.py:238] Data collection iteration 192.
I1002 02:10:42.423157 47050719893312 run_miniworld.py:245] Evaluation iteration 192.
I1002 02:10:53.865080 47050719893312 run_miniworld.py:262] iteration: 192
 frame: 4800000
 eval_episode_return:  1.00
 train_episode_return:  1.00
 train_exploration_epsilon: 0.100
 train_frame_rate:  145
I1002 02:10:54.186069 47050719893312 run_miniworld.py:238] Data collection iteration 193.
I1002 02:13:45.648720 47050719893312 run_miniworld.py:245] Evaluation iteration 193.
I1002 02:13:57.507005 47050719893312 run_miniworld.py:262] iteration: 193
 frame: 4825000
 eval_episode_return:  1.00
 train_episode_return:  1.00
 train_exploration_epsilon: 0.100
 train_frame_rate:  146
I1002 02:13:57.824027 47050719893312 run_miniworld.py:238] Data collection iteration 194.
I1002 02:16:48.120936 47050719893312 run_miniworld.py:245] Evaluation iteration 194.
I1002 02:16:59.660529 47050719893312 run_miniworld.py:262] iteration: 194
 frame: 4850000
 eval_episode_return:  1.00
 train_episode_return:  1.00
 train_exploration_epsilon: 0.100
 train_frame_rate:  147
I1002 02:16:59.974054 47050719893312 run_miniworld.py:238] Data collection iteration 195.
I1002 02:19:50.320065 47050719893312 run_miniworld.py:245] Evaluation iteration 195.
I1002 02:20:01.858164 47050719893312 run_miniworld.py:262] iteration: 195
 frame: 4875000
 eval_episode_return:  1.00
 train_episode_return:  1.00
 train_exploration_epsilon: 0.100
 train_frame_rate:  147
I1002 02:20:02.173252 47050719893312 run_miniworld.py:238] Data collection iteration 196.
I1002 02:23:05.978612 47050719893312 run_miniworld.py:245] Evaluation iteration 196.
I1002 02:23:17.413267 47050719893312 run_miniworld.py:262] iteration: 196
 frame: 4900000
 eval_episode_return:  1.00
 train_episode_return:  1.00
 train_exploration_epsilon: 0.100
 train_frame_rate:  136
I1002 02:23:17.735524 47050719893312 run_miniworld.py:238] Data collection iteration 197.
I1002 02:26:09.010336 47050719893312 run_miniworld.py:245] Evaluation iteration 197.
I1002 02:26:21.046377 47050719893312 run_miniworld.py:262] iteration: 197
 frame: 4925000
 eval_episode_return:  1.00
 train_episode_return:  1.00
 train_exploration_epsilon: 0.100
 train_frame_rate:  146
I1002 02:26:21.366096 47050719893312 run_miniworld.py:238] Data collection iteration 198.
I1002 02:29:12.702897 47050719893312 run_miniworld.py:245] Evaluation iteration 198.
I1002 02:29:24.463001 47050719893312 run_miniworld.py:262] iteration: 198
 frame: 4950000
 eval_episode_return:  1.00
 train_episode_return:  1.00
 train_exploration_epsilon: 0.100
 train_frame_rate:  146
I1002 02:29:24.783239 47050719893312 run_miniworld.py:238] Data collection iteration 199.
I1002 02:32:18.176579 47050719893312 run_miniworld.py:245] Evaluation iteration 199.
I1002 02:32:30.423142 47050719893312 run_miniworld.py:262] iteration: 199
 frame: 4975000
 eval_episode_return:  1.00
 train_episode_return:  1.00
 train_exploration_epsilon: 0.100
 train_frame_rate:  144
I1002 02:32:30.744021 47050719893312 run_miniworld.py:238] Data collection iteration 200.
I1002 02:35:22.117938 47050719893312 run_miniworld.py:245] Evaluation iteration 200.
I1002 02:35:32.493407 47050719893312 run_miniworld.py:262] iteration: 200
 frame: 5000000
 eval_episode_return:  1.00
 train_episode_return:  1.00
 train_exploration_epsilon: 0.100
 train_frame_rate:  146
Falling back to num_samples=1
Falling back to num_samples=1
Falling back to num_samples=1
Falling back to num_samples=1
Falling back to num_samples=1
Falling back to num_samples=1
Falling back to num_samples=1
Falling back to num_samples=1
Falling back to num_samples=1
Falling back to num_samples=1
Falling back to num_samples=1
Falling back to num_samples=1
Falling back to num_samples=1
Falling back to num_samples=1
Falling back to num_samples=1
Falling back to num_samples=1
Falling back to num_samples=1
Falling back to num_samples=1
Falling back to num_samples=1
Falling back to num_samples=1
Falling back to num_samples=1
Falling back to num_samples=1
Falling back to num_samples=1
Falling back to num_samples=1
Falling back to num_samples=1
Falling back to num_samples=1
Falling back to num_samples=1
Falling back to num_samples=1
Falling back to num_samples=1
Falling back to num_samples=1
Falling back to num_samples=1
Falling back to num_samples=1
Falling back to num_samples=1
Falling back to num_samples=1
Falling back to num_samples=1
Falling back to num_samples=1
Falling back to num_samples=1
Falling back to num_samples=1
Falling back to num_samples=1
Falling back to num_samples=1
Falling back to num_samples=1
Falling back to num_samples=1
Falling back to num_samples=1
Falling back to num_samples=1
Falling back to num_samples=1
Falling back to num_samples=1
Falling back to num_samples=1
Falling back to num_samples=1
Falling back to num_samples=1
Falling back to num_samples=1
Falling back to num_samples=1
Falling back to num_samples=1
Falling back to num_samples=1
Falling back to num_samples=1
Falling back to num_samples=1
Falling back to num_samples=1
Falling back to num_samples=1
Falling back to num_samples=1
Falling back to num_samples=1
Falling back to num_samples=1
Falling back to num_samples=1
Falling back to num_samples=1
Falling back to num_samples=1
Falling back to num_samples=1
Falling back to num_samples=1
Falling back to num_samples=1
Falling back to num_samples=1
Falling back to num_samples=1
Falling back to num_samples=1
Falling back to num_samples=1
Falling back to num_samples=1
Falling back to num_samples=1
Falling back to num_samples=1
Falling back to num_samples=1
Falling back to num_samples=1
Falling back to num_samples=1
Falling back to num_samples=1
Falling back to num_samples=1
Falling back to num_samples=1
Falling back to num_samples=1
Falling back to num_samples=1
Falling back to num_samples=1
Falling back to num_samples=1
Falling back to num_samples=1
Falling back to num_samples=1
Falling back to num_samples=1
Falling back to num_samples=1
Falling back to num_samples=1
Falling back to num_samples=1
Falling back to num_samples=1
Falling back to num_samples=1
Falling back to num_samples=1
Falling back to num_samples=1
Falling back to num_samples=1
Falling back to num_samples=1
Falling back to num_samples=1
Falling back to num_samples=1
Falling back to num_samples=1
Falling back to num_samples=1
Falling back to num_samples=1
Falling back to num_samples=1
Falling back to num_samples=1
Falling back to num_samples=1
Falling back to num_samples=1
Falling back to num_samples=1
Falling back to num_samples=1
Falling back to num_samples=1
Falling back to num_samples=1
Falling back to num_samples=1
Falling back to num_samples=1
Falling back to num_samples=1
Falling back to num_samples=1
Falling back to num_samples=1
Falling back to num_samples=1
Falling back to num_samples=1
Falling back to num_samples=1
Falling back to num_samples=1
Falling back to num_samples=1
Falling back to num_samples=1
Falling back to num_samples=1
Falling back to num_samples=1
Falling back to num_samples=1
Falling back to num_samples=1
Falling back to num_samples=1
Falling back to num_samples=1
Falling back to num_samples=1
Falling back to num_samples=1
Falling back to num_samples=1
Falling back to num_samples=1
Falling back to num_samples=1
Falling back to num_samples=1
Falling back to num_samples=1
Falling back to num_samples=1
Falling back to num_samples=1
Falling back to num_samples=1
Falling back to num_samples=1
Falling back to num_samples=1
Falling back to num_samples=1
Falling back to num_samples=1
Falling back to num_samples=1
Falling back to num_samples=1
Falling back to num_samples=1
Falling back to num_samples=1
Falling back to num_samples=1
Falling back to num_samples=1
Falling back to num_samples=1
Falling back to num_samples=1
Falling back to num_samples=1
Falling back to num_samples=1
Falling back to num_samples=1
Falling back to num_samples=1
Falling back to num_samples=1
Falling back to num_samples=1
Falling back to num_samples=1
Falling back to num_samples=1
Falling back to num_samples=1
Falling back to num_samples=1
Falling back to num_samples=1
Falling back to num_samples=1
Falling back to num_samples=1
Falling back to num_samples=1
Falling back to num_samples=1
Falling back to num_samples=1
Falling back to num_samples=1
Falling back to num_samples=1
Falling back to num_samples=1
Falling back to num_samples=1
Falling back to num_samples=1
Falling back to num_samples=1
Falling back to num_samples=1
Falling back to num_samples=1
Falling back to num_samples=1
Falling back to num_samples=1
Falling back to num_samples=1
Falling back to num_samples=1
Falling back to num_samples=1
Falling back to num_samples=1
Falling back to num_samples=1
Falling back to num_samples=1
Falling back to num_samples=1
Falling back to num_samples=1
Falling back to num_samples=1
Falling back to num_samples=1
Falling back to num_samples=1
Falling back to num_samples=1
Falling back to num_samples=1
Falling back to num_samples=1
Falling back to num_samples=1
Falling back to num_samples=1
Falling back to num_samples=1
Falling back to num_samples=1
Falling back to num_samples=1
Falling back to num_samples=1
Falling back to num_samples=1
Falling back to num_samples=1
Falling back to num_samples=1
Falling back to num_samples=1
Falling back to num_samples=1
Falling back to num_samples=1
Falling back to num_samples=1
Falling back to num_samples=1
Falling back to num_samples=1
Falling back to num_samples=1
Falling back to num_samples=1
Falling back to num_samples=1
Falling back to num_samples=1
Falling back to num_samples=1
Falling back to num_samples=1
Falling back to num_samples=1
Falling back to num_samples=1
Falling back to num_samples=1
Falling back to num_samples=1
Falling back to num_samples=1
Falling back to num_samples=1
Falling back to num_samples=1
Falling back to num_samples=1
Falling back to num_samples=1
Falling back to num_samples=1
Falling back to num_samples=1
Falling back to num_samples=1
Falling back to num_samples=1
Falling back to num_samples=1
Falling back to num_samples=1
Falling back to num_samples=1
Falling back to num_samples=1
Falling back to num_samples=1
Falling back to num_samples=1
Falling back to num_samples=1
Falling back to num_samples=1
Falling back to num_samples=1
Falling back to num_samples=1
Falling back to num_samples=1
Falling back to num_samples=1
Falling back to num_samples=1
Falling back to num_samples=1
Falling back to num_samples=1
Falling back to num_samples=1
Falling back to num_samples=1
Falling back to num_samples=1
Falling back to num_samples=1
Falling back to num_samples=1
Falling back to num_samples=1
Falling back to num_samples=1
Falling back to num_samples=1
Falling back to num_samples=1
Falling back to num_samples=1
Falling back to num_samples=1
Falling back to num_samples=1
Falling back to num_samples=1
Falling back to num_samples=1
Falling back to num_samples=1
Falling back to num_samples=1
Falling back to num_samples=1
Falling back to num_samples=1
Falling back to num_samples=1
Falling back to num_samples=1
Falling back to num_samples=1
Falling back to num_samples=1
Falling back to num_samples=1
Falling back to num_samples=1
Falling back to num_samples=1
Falling back to num_samples=1
Falling back to num_samples=1
Falling back to num_samples=1
Falling back to num_samples=1
Falling back to num_samples=1
Falling back to num_samples=1
Falling back to num_samples=1
Falling back to num_samples=1
Falling back to num_samples=1
Falling back to num_samples=1
Falling back to num_samples=1
Falling back to num_samples=1
Falling back to num_samples=1
Falling back to num_samples=1
Falling back to num_samples=1
Falling back to num_samples=1
Falling back to num_samples=1
Falling back to num_samples=1
Falling back to num_samples=1
Falling back to num_samples=1
Falling back to num_samples=1
Falling back to num_samples=1
Falling back to num_samples=1
Falling back to num_samples=1
Falling back to num_samples=1
Falling back to num_samples=1
Falling back to num_samples=1
Falling back to num_samples=1
Falling back to num_samples=1
Falling back to num_samples=1
Falling back to num_samples=1
Falling back to num_samples=1
Falling back to num_samples=1
Falling back to num_samples=1
Falling back to num_samples=1
Falling back to num_samples=1
Falling back to num_samples=1
Falling back to num_samples=1
Falling back to num_samples=1
Falling back to num_samples=1
Falling back to num_samples=1
Falling back to num_samples=1
Falling back to num_samples=1
Falling back to num_samples=1
Falling back to num_samples=1
Falling back to num_samples=1
Falling back to num_samples=1
Falling back to num_samples=1
Falling back to num_samples=1
Falling back to num_samples=1
Falling back to num_samples=1
Falling back to num_samples=1
Falling back to num_samples=1
Falling back to num_samples=1
Falling back to num_samples=1
Falling back to num_samples=1
Falling back to num_samples=1
Falling back to num_samples=1
Falling back to num_samples=1
Falling back to num_samples=1
Falling back to num_samples=1
Falling back to num_samples=1
Falling back to num_samples=1
Falling back to num_samples=1
Falling back to num_samples=1
Falling back to num_samples=1
Falling back to num_samples=1
Falling back to num_samples=1
Falling back to num_samples=1
Falling back to num_samples=1
Falling back to num_samples=1
Falling back to num_samples=1
Falling back to num_samples=1
Falling back to num_samples=1
Falling back to num_samples=1
Falling back to num_samples=1
Falling back to num_samples=1
Falling back to num_samples=1
Falling back to num_samples=1
Falling back to num_samples=1
Falling back to num_samples=1
Falling back to num_samples=1
Falling back to num_samples=1
Falling back to num_samples=1
Falling back to num_samples=1
Falling back to num_samples=1
Falling back to num_samples=1
Falling back to num_samples=1
Falling back to num_samples=1
Falling back to num_samples=1
Falling back to num_samples=1
Falling back to num_samples=1
Falling back to num_samples=1
Falling back to num_samples=1
Falling back to num_samples=1
Falling back to num_samples=1
Falling back to num_samples=1
Falling back to num_samples=1
Falling back to num_samples=1
Falling back to num_samples=1
Falling back to num_samples=1
Falling back to num_samples=1
Falling back to num_samples=1
Falling back to num_samples=1
Falling back to num_samples=1
Falling back to num_samples=1
Falling back to num_samples=1
Falling back to num_samples=1
Falling back to num_samples=1
Falling back to num_samples=1
Falling back to num_samples=1
Falling back to num_samples=1
Falling back to num_samples=1
Falling back to num_samples=1
Falling back to num_samples=1
Falling back to num_samples=1
Falling back to num_samples=1
Falling back to num_samples=1
Falling back to num_samples=1
Falling back to num_samples=1
Falling back to num_samples=1
Falling back to num_samples=1
Falling back to num_samples=1
Falling back to num_samples=1
Falling back to num_samples=1
Falling back to num_samples=1
Falling back to num_samples=1
Falling back to num_samples=1
Falling back to num_samples=1
Falling back to num_samples=1
Falling back to num_samples=1
Falling back to num_samples=1
Falling back to num_samples=1
Falling back to num_samples=1
Falling back to num_samples=1
Falling back to num_samples=1
Falling back to num_samples=1
Falling back to num_samples=1
Falling back to num_samples=1
Falling back to num_samples=1
Falling back to num_samples=1
Falling back to num_samples=1
Falling back to num_samples=1
