I1001 18:10:38.195430 47263335909184 xla_bridge.py:355] Unable to initialize backend 'tpu_driver': NOT_FOUND: Unable to find driver in registry given worker: 
I1001 18:10:38.312364 47263335909184 xla_bridge.py:355] Unable to initialize backend 'rocm': NOT_FOUND: Could not find registered platform with name: "rocm". Available platform names are: CUDA Host Interpreter
I1001 18:10:38.312839 47263335909184 xla_bridge.py:355] Unable to initialize backend 'tpu': module 'jaxlib.xla_extension' has no attribute 'get_tpu_client'
I1001 18:10:38.312973 47263335909184 xla_bridge.py:355] Unable to initialize backend 'plugin': xla_extension has no attributes named get_plugin_device_client. Compile TensorFlow with //tensorflow/compiler/xla/python:enable_plugin_device set to true (defaults to false) to enable this.
I1001 18:10:38.313100 47263335909184 run_miniworld.py:99] Collecting data on MiniWorld on gpu.
I1001 18:10:43.580091 47263335909184 run_miniworld.py:135] Observation shape: (60, 80, 3)
I1001 18:10:54.896270 47263335909184 run_miniworld.py:238] Data collection iteration 0.
I1001 18:11:32.381397 47263335909184 run_miniworld.py:245] Evaluation iteration 0.
/home/mklissa/DCEO/lib/python3.8/site-packages/distrax/_src/distributions/categorical.py:96: UserWarning: Explicitly requested dtype <class 'jax.numpy.int64'> requested in astype is not available, and will be truncated to dtype int32. To enable more dtypes, set the jax_enable_x64 configuration option or the JAX_ENABLE_X64 shell environment variable. See https://github.com/google/jax#current-gotchas for more.
  return draws.astype(self._dtype)
I1001 18:11:42.607552 47263335909184 run_miniworld.py:262] iteration:   0
 frame:     0
 eval_episode_return:  0.00
 train_episode_return:  0.04
 train_exploration_epsilon: 1.000
 train_frame_rate:  667
I1001 18:11:42.904137 47263335909184 run_miniworld.py:238] Data collection iteration 1.
I1001 18:12:20.730372 47263335909184 run_miniworld.py:245] Evaluation iteration 1.
I1001 18:12:30.433292 47263335909184 run_miniworld.py:262] iteration:   1
 frame: 25000
 eval_episode_return:  0.00
 train_episode_return:  0.00
 train_exploration_epsilon: 1.000
 train_frame_rate:  661
I1001 18:12:30.725736 47263335909184 run_miniworld.py:238] Data collection iteration 2.
I1001 18:12:31.222219 47263335909184 dceo_agent.py:296] Begin learning
I1001 18:15:05.824039 47263335909184 run_miniworld.py:245] Evaluation iteration 2.
I1001 18:15:15.604298 47263335909184 run_miniworld.py:262] iteration:   2
 frame: 50000
 eval_episode_return:  0.00
 train_episode_return:  0.04
 train_exploration_epsilon: 0.955
 train_frame_rate:  161
I1001 18:15:15.906878 47263335909184 run_miniworld.py:238] Data collection iteration 3.
I1001 18:17:43.740442 47263335909184 run_miniworld.py:245] Evaluation iteration 3.
I1001 18:17:53.362691 47263335909184 run_miniworld.py:262] iteration:   3
 frame: 75000
 eval_episode_return:  0.00
 train_episode_return:  0.00
 train_exploration_epsilon: 0.910
 train_frame_rate:  169
I1001 18:17:53.664730 47263335909184 run_miniworld.py:238] Data collection iteration 4.
I1001 18:20:22.713723 47263335909184 run_miniworld.py:245] Evaluation iteration 4.
I1001 18:20:32.130420 47263335909184 run_miniworld.py:262] iteration:   4
 frame: 100000
 eval_episode_return:  0.00
 train_episode_return:  0.04
 train_exploration_epsilon: 0.865
 train_frame_rate:  168
I1001 18:20:32.435168 47263335909184 run_miniworld.py:238] Data collection iteration 5.
I1001 18:23:01.493458 47263335909184 run_miniworld.py:245] Evaluation iteration 5.
I1001 18:23:11.289745 47263335909184 run_miniworld.py:262] iteration:   5
 frame: 125000
 eval_episode_return:  0.00
 train_episode_return:  0.12
 train_exploration_epsilon: 0.820
 train_frame_rate:  168
I1001 18:23:11.588764 47263335909184 run_miniworld.py:238] Data collection iteration 6.
I1001 18:25:40.134524 47263335909184 run_miniworld.py:245] Evaluation iteration 6.
I1001 18:25:49.906502 47263335909184 run_miniworld.py:262] iteration:   6
 frame: 150000
 eval_episode_return:  0.00
 train_episode_return:  0.19
 train_exploration_epsilon: 0.775
 train_frame_rate:  168
I1001 18:25:50.209987 47263335909184 run_miniworld.py:238] Data collection iteration 7.
I1001 18:28:12.194931 47263335909184 run_miniworld.py:245] Evaluation iteration 7.
I1001 18:28:21.951381 47263335909184 run_miniworld.py:262] iteration:   7
 frame: 175000
 eval_episode_return:  0.00
 train_episode_return:  0.04
 train_exploration_epsilon: 0.730
 train_frame_rate:  176
I1001 18:28:22.243754 47263335909184 run_miniworld.py:238] Data collection iteration 8.
I1001 18:30:42.693834 47263335909184 run_miniworld.py:245] Evaluation iteration 8.
I1001 18:30:52.200212 47263335909184 run_miniworld.py:262] iteration:   8
 frame: 200000
 eval_episode_return:  0.00
 train_episode_return:  0.00
 train_exploration_epsilon: 0.685
 train_frame_rate:  178
I1001 18:30:52.493882 47263335909184 run_miniworld.py:238] Data collection iteration 9.
I1001 18:33:14.787554 47263335909184 run_miniworld.py:245] Evaluation iteration 9.
I1001 18:33:24.611557 47263335909184 run_miniworld.py:262] iteration:   9
 frame: 225000
 eval_episode_return:  0.00
 train_episode_return:  0.00
 train_exploration_epsilon: 0.640
 train_frame_rate:  176
I1001 18:33:24.912458 47263335909184 run_miniworld.py:238] Data collection iteration 10.
I1001 18:35:46.709183 47263335909184 run_miniworld.py:245] Evaluation iteration 10.
I1001 18:35:56.524811 47263335909184 run_miniworld.py:262] iteration:  10
 frame: 250000
 eval_episode_return:  0.00
 train_episode_return:  0.04
 train_exploration_epsilon: 0.595
 train_frame_rate:  176
I1001 18:35:56.820367 47263335909184 run_miniworld.py:238] Data collection iteration 11.
I1001 18:38:18.552829 47263335909184 run_miniworld.py:245] Evaluation iteration 11.
I1001 18:38:28.403137 47263335909184 run_miniworld.py:262] iteration:  11
 frame: 275000
 eval_episode_return:  0.00
 train_episode_return:  0.00
 train_exploration_epsilon: 0.550
 train_frame_rate:  176
I1001 18:38:28.701846 47263335909184 run_miniworld.py:238] Data collection iteration 12.
I1001 18:40:50.733310 47263335909184 run_miniworld.py:245] Evaluation iteration 12.
I1001 18:41:00.317180 47263335909184 run_miniworld.py:262] iteration:  12
 frame: 300000
 eval_episode_return:  0.00
 train_episode_return:  0.00
 train_exploration_epsilon: 0.505
 train_frame_rate:  176
I1001 18:41:00.612422 47263335909184 run_miniworld.py:238] Data collection iteration 13.
I1001 18:43:22.980038 47263335909184 run_miniworld.py:245] Evaluation iteration 13.
I1001 18:43:32.818205 47263335909184 run_miniworld.py:262] iteration:  13
 frame: 325000
 eval_episode_return:  0.00
 train_episode_return:  0.00
 train_exploration_epsilon: 0.460
 train_frame_rate:  176
I1001 18:43:33.108680 47263335909184 run_miniworld.py:238] Data collection iteration 14.
I1001 18:45:56.152281 47263335909184 run_miniworld.py:245] Evaluation iteration 14.
I1001 18:46:05.591166 47263335909184 run_miniworld.py:262] iteration:  14
 frame: 350000
 eval_episode_return:  0.00
 train_episode_return:  0.00
 train_exploration_epsilon: 0.415
 train_frame_rate:  175
I1001 18:46:05.886276 47263335909184 run_miniworld.py:238] Data collection iteration 15.
I1001 18:48:29.147765 47263335909184 run_miniworld.py:245] Evaluation iteration 15.
I1001 18:48:39.097776 47263335909184 run_miniworld.py:262] iteration:  15
 frame: 375000
 eval_episode_return:  0.00
 train_episode_return:  0.00
 train_exploration_epsilon: 0.370
 train_frame_rate:  175
I1001 18:48:39.389240 47263335909184 run_miniworld.py:238] Data collection iteration 16.
I1001 18:51:02.674846 47263335909184 run_miniworld.py:245] Evaluation iteration 16.
I1001 18:51:12.113482 47263335909184 run_miniworld.py:262] iteration:  16
 frame: 400000
 eval_episode_return:  0.00
 train_episode_return:  0.04
 train_exploration_epsilon: 0.325
 train_frame_rate:  174
I1001 18:51:12.404689 47263335909184 run_miniworld.py:238] Data collection iteration 17.
I1001 18:53:36.277403 47263335909184 run_miniworld.py:245] Evaluation iteration 17.
I1001 18:53:46.034425 47263335909184 run_miniworld.py:262] iteration:  17
 frame: 425000
 eval_episode_return:  0.00
 train_episode_return:  0.04
 train_exploration_epsilon: 0.280
 train_frame_rate:  174
I1001 18:53:46.364769 47263335909184 run_miniworld.py:238] Data collection iteration 18.
I1001 18:56:09.751523 47263335909184 run_miniworld.py:245] Evaluation iteration 18.
I1001 18:56:19.401651 47263335909184 run_miniworld.py:262] iteration:  18
 frame: 450000
 eval_episode_return:  0.00
 train_episode_return:  0.08
 train_exploration_epsilon: 0.235
 train_frame_rate:  174
I1001 18:56:19.694084 47263335909184 run_miniworld.py:238] Data collection iteration 19.
I1001 18:58:44.189311 47263335909184 run_miniworld.py:245] Evaluation iteration 19.
I1001 18:58:54.037190 47263335909184 run_miniworld.py:262] iteration:  19
 frame: 475000
 eval_episode_return:  0.00
 train_episode_return:  0.00
 train_exploration_epsilon: 0.190
 train_frame_rate:  173
I1001 18:58:54.327210 47263335909184 run_miniworld.py:238] Data collection iteration 20.
I1001 19:01:19.720302 47263335909184 run_miniworld.py:245] Evaluation iteration 20.
I1001 19:01:29.627225 47263335909184 run_miniworld.py:262] iteration:  20
 frame: 500000
 eval_episode_return:  0.00
 train_episode_return:  0.04
 train_exploration_epsilon: 0.145
 train_frame_rate:  172
I1001 19:01:29.921263 47263335909184 run_miniworld.py:238] Data collection iteration 21.
I1001 19:03:56.024634 47263335909184 run_miniworld.py:245] Evaluation iteration 21.
I1001 19:04:05.454276 47263335909184 run_miniworld.py:262] iteration:  21
 frame: 525000
 eval_episode_return:  0.00
 train_episode_return:  0.04
 train_exploration_epsilon: 0.100
 train_frame_rate:  171
I1001 19:04:05.748251 47263335909184 run_miniworld.py:238] Data collection iteration 22.
I1001 19:06:31.992707 47263335909184 run_miniworld.py:245] Evaluation iteration 22.
I1001 19:06:41.756741 47263335909184 run_miniworld.py:262] iteration:  22
 frame: 550000
 eval_episode_return:  0.00
 train_episode_return:  0.00
 train_exploration_epsilon: 0.100
 train_frame_rate:  171
I1001 19:06:42.050131 47263335909184 run_miniworld.py:238] Data collection iteration 23.
I1001 19:09:09.163272 47263335909184 run_miniworld.py:245] Evaluation iteration 23.
I1001 19:09:18.651370 47263335909184 run_miniworld.py:262] iteration:  23
 frame: 575000
 eval_episode_return:  0.00
 train_episode_return:  0.00
 train_exploration_epsilon: 0.100
 train_frame_rate:  170
I1001 19:09:18.945746 47263335909184 run_miniworld.py:238] Data collection iteration 24.
I1001 19:11:46.942317 47263335909184 run_miniworld.py:245] Evaluation iteration 24.
I1001 19:11:56.407044 47263335909184 run_miniworld.py:262] iteration:  24
 frame: 600000
 eval_episode_return:  0.00
 train_episode_return:  0.04
 train_exploration_epsilon: 0.100
 train_frame_rate:  169
I1001 19:11:56.699388 47263335909184 run_miniworld.py:238] Data collection iteration 25.
I1001 19:14:23.932915 47263335909184 run_miniworld.py:245] Evaluation iteration 25.
I1001 19:14:33.441368 47263335909184 run_miniworld.py:262] iteration:  25
 frame: 625000
 eval_episode_return:  0.00
 train_episode_return:  0.00
 train_exploration_epsilon: 0.100
 train_frame_rate:  170
I1001 19:14:33.737476 47263335909184 run_miniworld.py:238] Data collection iteration 26.
I1001 19:17:03.221280 47263335909184 run_miniworld.py:245] Evaluation iteration 26.
I1001 19:17:12.761381 47263335909184 run_miniworld.py:262] iteration:  26
 frame: 650000
 eval_episode_return:  0.00
 train_episode_return:  0.00
 train_exploration_epsilon: 0.100
 train_frame_rate:  167
I1001 19:17:13.077786 47263335909184 run_miniworld.py:238] Data collection iteration 27.
I1001 19:19:41.001544 47263335909184 run_miniworld.py:245] Evaluation iteration 27.
I1001 19:19:50.738070 47263335909184 run_miniworld.py:262] iteration:  27
 frame: 675000
 eval_episode_return:  0.00
 train_episode_return:  0.04
 train_exploration_epsilon: 0.100
 train_frame_rate:  169
I1001 19:19:51.040000 47263335909184 run_miniworld.py:238] Data collection iteration 28.
I1001 19:22:19.595018 47263335909184 run_miniworld.py:245] Evaluation iteration 28.
I1001 19:22:29.082089 47263335909184 run_miniworld.py:262] iteration:  28
 frame: 700000
 eval_episode_return:  0.00
 train_episode_return:  0.00
 train_exploration_epsilon: 0.100
 train_frame_rate:  168
I1001 19:22:29.384295 47263335909184 run_miniworld.py:238] Data collection iteration 29.
I1001 19:24:58.086931 47263335909184 run_miniworld.py:245] Evaluation iteration 29.
I1001 19:25:07.527815 47263335909184 run_miniworld.py:262] iteration:  29
 frame: 725000
 eval_episode_return:  0.00
 train_episode_return:  0.04
 train_exploration_epsilon: 0.100
 train_frame_rate:  168
I1001 19:25:07.826336 47263335909184 run_miniworld.py:238] Data collection iteration 30.
I1001 19:27:37.394661 47263335909184 run_miniworld.py:245] Evaluation iteration 30.
I1001 19:27:47.156524 47263335909184 run_miniworld.py:262] iteration:  30
 frame: 750000
 eval_episode_return:  0.00
 train_episode_return:  0.00
 train_exploration_epsilon: 0.100
 train_frame_rate:  167
I1001 19:27:47.458724 47263335909184 run_miniworld.py:238] Data collection iteration 31.
I1001 19:30:17.700871 47263335909184 run_miniworld.py:245] Evaluation iteration 31.
I1001 19:30:27.306411 47263335909184 run_miniworld.py:262] iteration:  31
 frame: 775000
 eval_episode_return:  0.00
 train_episode_return:  0.00
 train_exploration_epsilon: 0.100
 train_frame_rate:  166
I1001 19:30:27.605163 47263335909184 run_miniworld.py:238] Data collection iteration 32.
I1001 19:32:58.119275 47263335909184 run_miniworld.py:245] Evaluation iteration 32.
I1001 19:33:07.822318 47263335909184 run_miniworld.py:262] iteration:  32
 frame: 800000
 eval_episode_return:  0.00
 train_episode_return:  0.04
 train_exploration_epsilon: 0.100
 train_frame_rate:  166
I1001 19:33:08.125615 47263335909184 run_miniworld.py:238] Data collection iteration 33.
I1001 19:35:39.161743 47263335909184 run_miniworld.py:245] Evaluation iteration 33.
I1001 19:35:48.968643 47263335909184 run_miniworld.py:262] iteration:  33
 frame: 825000
 eval_episode_return:  0.00
 train_episode_return:  0.04
 train_exploration_epsilon: 0.100
 train_frame_rate:  166
I1001 19:35:49.269986 47263335909184 run_miniworld.py:238] Data collection iteration 34.
I1001 19:38:19.525724 47263335909184 run_miniworld.py:245] Evaluation iteration 34.
I1001 19:38:29.268115 47263335909184 run_miniworld.py:262] iteration:  34
 frame: 850000
 eval_episode_return:  0.00
 train_episode_return:  0.08
 train_exploration_epsilon: 0.100
 train_frame_rate:  166
I1001 19:38:29.571214 47263335909184 run_miniworld.py:238] Data collection iteration 35.
I1001 19:41:00.811849 47263335909184 run_miniworld.py:245] Evaluation iteration 35.
I1001 19:41:10.452293 47263335909184 run_miniworld.py:262] iteration:  35
 frame: 875000
 eval_episode_return:  0.00
 train_episode_return:  0.00
 train_exploration_epsilon: 0.100
 train_frame_rate:  165
I1001 19:41:10.755737 47263335909184 run_miniworld.py:238] Data collection iteration 36.
I1001 19:43:41.867112 47263335909184 run_miniworld.py:245] Evaluation iteration 36.
I1001 19:43:51.477045 47263335909184 run_miniworld.py:262] iteration:  36
 frame: 900000
 eval_episode_return:  0.00
 train_episode_return:  0.04
 train_exploration_epsilon: 0.100
 train_frame_rate:  165
I1001 19:43:51.779903 47263335909184 run_miniworld.py:238] Data collection iteration 37.
I1001 19:46:23.877095 47263335909184 run_miniworld.py:245] Evaluation iteration 37.
I1001 19:46:33.930762 47263335909184 run_miniworld.py:262] iteration:  37
 frame: 925000
 eval_episode_return:  0.00
 train_episode_return:  0.04
 train_exploration_epsilon: 0.100
 train_frame_rate:  164
I1001 19:46:34.231073 47263335909184 run_miniworld.py:238] Data collection iteration 38.
I1001 19:49:05.562196 47263335909184 run_miniworld.py:245] Evaluation iteration 38.
I1001 19:49:15.185953 47263335909184 run_miniworld.py:262] iteration:  38
 frame: 950000
 eval_episode_return:  0.00
 train_episode_return:  0.00
 train_exploration_epsilon: 0.100
 train_frame_rate:  165
I1001 19:49:15.485721 47263335909184 run_miniworld.py:238] Data collection iteration 39.
I1001 19:51:47.421732 47263335909184 run_miniworld.py:245] Evaluation iteration 39.
I1001 19:51:57.335967 47263335909184 run_miniworld.py:262] iteration:  39
 frame: 975000
 eval_episode_return:  0.00
 train_episode_return:  0.00
 train_exploration_epsilon: 0.100
 train_frame_rate:  165
I1001 19:51:57.637969 47263335909184 run_miniworld.py:238] Data collection iteration 40.
I1001 19:54:29.776929 47263335909184 run_miniworld.py:245] Evaluation iteration 40.
I1001 19:54:39.674289 47263335909184 run_miniworld.py:262] iteration:  40
 frame: 1000000
 eval_episode_return:  0.00
 train_episode_return:  0.00
 train_exploration_epsilon: 0.100
 train_frame_rate:  164
I1001 19:54:39.980185 47263335909184 run_miniworld.py:238] Data collection iteration 41.
I1001 19:57:11.521218 47263335909184 run_miniworld.py:245] Evaluation iteration 41.
I1001 19:57:21.228000 47263335909184 run_miniworld.py:262] iteration:  41
 frame: 1025000
 eval_episode_return:  0.00
 train_episode_return:  0.04
 train_exploration_epsilon: 0.100
 train_frame_rate:  165
I1001 19:57:21.531432 47263335909184 run_miniworld.py:238] Data collection iteration 42.
I1001 19:59:53.328813 47263335909184 run_miniworld.py:245] Evaluation iteration 42.
I1001 20:00:02.975090 47263335909184 run_miniworld.py:262] iteration:  42
 frame: 1050000
 eval_episode_return:  0.00
 train_episode_return:  0.00
 train_exploration_epsilon: 0.100
 train_frame_rate:  165
I1001 20:00:03.278839 47263335909184 run_miniworld.py:238] Data collection iteration 43.
I1001 20:02:35.110875 47263335909184 run_miniworld.py:245] Evaluation iteration 43.
I1001 20:02:44.862225 47263335909184 run_miniworld.py:262] iteration:  43
 frame: 1075000
 eval_episode_return:  0.00
 train_episode_return:  0.00
 train_exploration_epsilon: 0.100
 train_frame_rate:  165
I1001 20:02:45.167478 47263335909184 run_miniworld.py:238] Data collection iteration 44.
I1001 20:05:17.028595 47263335909184 run_miniworld.py:245] Evaluation iteration 44.
I1001 20:05:27.052833 47263335909184 run_miniworld.py:262] iteration:  44
 frame: 1100000
 eval_episode_return:  0.00
 train_episode_return:  0.08
 train_exploration_epsilon: 0.100
 train_frame_rate:  165
I1001 20:05:27.357519 47263335909184 run_miniworld.py:238] Data collection iteration 45.
I1001 20:07:59.445229 47263335909184 run_miniworld.py:245] Evaluation iteration 45.
I1001 20:08:09.037918 47263335909184 run_miniworld.py:262] iteration:  45
 frame: 1125000
 eval_episode_return:  0.00
 train_episode_return:  0.04
 train_exploration_epsilon: 0.100
 train_frame_rate:  164
I1001 20:08:09.345677 47263335909184 run_miniworld.py:238] Data collection iteration 46.
I1001 20:10:41.032927 47263335909184 run_miniworld.py:245] Evaluation iteration 46.
I1001 20:10:50.972766 47263335909184 run_miniworld.py:262] iteration:  46
 frame: 1150000
 eval_episode_return:  0.00
 train_episode_return:  0.00
 train_exploration_epsilon: 0.100
 train_frame_rate:  165
I1001 20:10:51.280863 47263335909184 run_miniworld.py:238] Data collection iteration 47.
I1001 20:13:23.975713 47263335909184 run_miniworld.py:245] Evaluation iteration 47.
I1001 20:13:33.699456 47263335909184 run_miniworld.py:262] iteration:  47
 frame: 1175000
 eval_episode_return:  0.00
 train_episode_return:  0.00
 train_exploration_epsilon: 0.100
 train_frame_rate:  164
I1001 20:13:34.006245 47263335909184 run_miniworld.py:238] Data collection iteration 48.
I1001 20:16:06.416664 47263335909184 run_miniworld.py:245] Evaluation iteration 48.
I1001 20:16:16.572157 47263335909184 run_miniworld.py:262] iteration:  48
 frame: 1200000
 eval_episode_return:  0.00
 train_episode_return:  0.00
 train_exploration_epsilon: 0.100
 train_frame_rate:  164
I1001 20:16:16.877849 47263335909184 run_miniworld.py:238] Data collection iteration 49.
I1001 20:18:49.559831 47263335909184 run_miniworld.py:245] Evaluation iteration 49.
I1001 20:18:59.543542 47263335909184 run_miniworld.py:262] iteration:  49
 frame: 1225000
 eval_episode_return:  0.00
 train_episode_return:  0.00
 train_exploration_epsilon: 0.100
 train_frame_rate:  164
I1001 20:18:59.850970 47263335909184 run_miniworld.py:238] Data collection iteration 50.
I1001 20:21:32.467575 47263335909184 run_miniworld.py:245] Evaluation iteration 50.
I1001 20:21:42.416823 47263335909184 run_miniworld.py:262] iteration:  50
 frame: 1250000
 eval_episode_return:  0.00
 train_episode_return:  0.00
 train_exploration_epsilon: 0.100
 train_frame_rate:  164
I1001 20:21:42.721793 47263335909184 run_miniworld.py:238] Data collection iteration 51.
I1001 20:24:15.431195 47263335909184 run_miniworld.py:245] Evaluation iteration 51.
I1001 20:24:25.163467 47263335909184 run_miniworld.py:262] iteration:  51
 frame: 1275000
 eval_episode_return:  0.00
 train_episode_return:  0.00
 train_exploration_epsilon: 0.100
 train_frame_rate:  164
I1001 20:24:25.479525 47263335909184 run_miniworld.py:238] Data collection iteration 52.
I1001 20:26:58.094694 47263335909184 run_miniworld.py:245] Evaluation iteration 52.
I1001 20:27:07.837363 47263335909184 run_miniworld.py:262] iteration:  52
 frame: 1300000
 eval_episode_return:  0.00
 train_episode_return:  0.00
 train_exploration_epsilon: 0.100
 train_frame_rate:  164
I1001 20:27:08.145301 47263335909184 run_miniworld.py:238] Data collection iteration 53.
I1001 20:29:40.691006 47263335909184 run_miniworld.py:245] Evaluation iteration 53.
I1001 20:29:50.316525 47263335909184 run_miniworld.py:262] iteration:  53
 frame: 1325000
 eval_episode_return:  0.00
 train_episode_return:  0.04
 train_exploration_epsilon: 0.100
 train_frame_rate:  164
I1001 20:29:50.623546 47263335909184 run_miniworld.py:238] Data collection iteration 54.
I1001 20:32:22.813776 47263335909184 run_miniworld.py:245] Evaluation iteration 54.
I1001 20:32:32.580469 47263335909184 run_miniworld.py:262] iteration:  54
 frame: 1350000
 eval_episode_return:  0.00
 train_episode_return:  0.00
 train_exploration_epsilon: 0.100
 train_frame_rate:  164
I1001 20:32:32.887432 47263335909184 run_miniworld.py:238] Data collection iteration 55.
I1001 20:35:06.220349 47263335909184 run_miniworld.py:245] Evaluation iteration 55.
I1001 20:35:16.099071 47263335909184 run_miniworld.py:262] iteration:  55
 frame: 1375000
 eval_episode_return:  0.00
 train_episode_return:  0.00
 train_exploration_epsilon: 0.100
 train_frame_rate:  163
I1001 20:35:16.462175 47263335909184 run_miniworld.py:238] Data collection iteration 56.
I1001 20:37:49.159925 47263335909184 run_miniworld.py:245] Evaluation iteration 56.
I1001 20:37:58.866571 47263335909184 run_miniworld.py:262] iteration:  56
 frame: 1400000
 eval_episode_return:  0.00
 train_episode_return:  0.00
 train_exploration_epsilon: 0.100
 train_frame_rate:  164
I1001 20:37:59.177791 47263335909184 run_miniworld.py:238] Data collection iteration 57.
I1001 20:40:31.687882 47263335909184 run_miniworld.py:245] Evaluation iteration 57.
I1001 20:40:41.671248 47263335909184 run_miniworld.py:262] iteration:  57
 frame: 1425000
 eval_episode_return:  0.00
 train_episode_return:  0.00
 train_exploration_epsilon: 0.100
 train_frame_rate:  164
I1001 20:40:41.977263 47263335909184 run_miniworld.py:238] Data collection iteration 58.
I1001 20:43:15.809767 47263335909184 run_miniworld.py:245] Evaluation iteration 58.
I1001 20:43:25.927590 47263335909184 run_miniworld.py:262] iteration:  58
 frame: 1450000
 eval_episode_return:  0.00
 train_episode_return:  0.00
 train_exploration_epsilon: 0.100
 train_frame_rate:  163
I1001 20:43:26.235269 47263335909184 run_miniworld.py:238] Data collection iteration 59.
I1001 20:45:59.554479 47263335909184 run_miniworld.py:245] Evaluation iteration 59.
I1001 20:46:09.512088 47263335909184 run_miniworld.py:262] iteration:  59
 frame: 1475000
 eval_episode_return:  0.00
 train_episode_return:  0.00
 train_exploration_epsilon: 0.100
 train_frame_rate:  163
I1001 20:46:09.822329 47263335909184 run_miniworld.py:238] Data collection iteration 60.
I1001 20:48:42.928933 47263335909184 run_miniworld.py:245] Evaluation iteration 60.
I1001 20:48:52.873300 47263335909184 run_miniworld.py:262] iteration:  60
 frame: 1500000
 eval_episode_return:  0.00
 train_episode_return:  0.04
 train_exploration_epsilon: 0.100
 train_frame_rate:  163
I1001 20:48:53.180734 47263335909184 run_miniworld.py:238] Data collection iteration 61.
I1001 20:51:26.052088 47263335909184 run_miniworld.py:245] Evaluation iteration 61.
I1001 20:51:36.061346 47263335909184 run_miniworld.py:262] iteration:  61
 frame: 1525000
 eval_episode_return:  0.00
 train_episode_return:  0.00
 train_exploration_epsilon: 0.100
 train_frame_rate:  164
I1001 20:51:36.369190 47263335909184 run_miniworld.py:238] Data collection iteration 62.
I1001 20:54:09.001194 47263335909184 run_miniworld.py:245] Evaluation iteration 62.
I1001 20:54:18.790508 47263335909184 run_miniworld.py:262] iteration:  62
 frame: 1550000
 eval_episode_return:  0.00
 train_episode_return:  0.00
 train_exploration_epsilon: 0.100
 train_frame_rate:  164
I1001 20:54:19.095729 47263335909184 run_miniworld.py:238] Data collection iteration 63.
I1001 20:56:51.516871 47263335909184 run_miniworld.py:245] Evaluation iteration 63.
I1001 20:57:01.547528 47263335909184 run_miniworld.py:262] iteration:  63
 frame: 1575000
 eval_episode_return:  0.00
 train_episode_return:  0.04
 train_exploration_epsilon: 0.100
 train_frame_rate:  164
I1001 20:57:01.858483 47263335909184 run_miniworld.py:238] Data collection iteration 64.
I1001 20:59:35.180194 47263335909184 run_miniworld.py:245] Evaluation iteration 64.
I1001 20:59:44.958371 47263335909184 run_miniworld.py:262] iteration:  64
 frame: 1600000
 eval_episode_return:  0.00
 train_episode_return:  0.08
 train_exploration_epsilon: 0.100
 train_frame_rate:  163
I1001 20:59:45.264564 47263335909184 run_miniworld.py:238] Data collection iteration 65.
I1001 21:02:17.302980 47263335909184 run_miniworld.py:245] Evaluation iteration 65.
I1001 21:02:27.133869 47263335909184 run_miniworld.py:262] iteration:  65
 frame: 1625000
 eval_episode_return:  0.00
 train_episode_return:  0.04
 train_exploration_epsilon: 0.100
 train_frame_rate:  164
I1001 21:02:27.440957 47263335909184 run_miniworld.py:238] Data collection iteration 66.
I1001 21:05:00.655739 47263335909184 run_miniworld.py:245] Evaluation iteration 66.
I1001 21:05:10.277395 47263335909184 run_miniworld.py:262] iteration:  66
 frame: 1650000
 eval_episode_return:  0.00
 train_episode_return:  0.00
 train_exploration_epsilon: 0.100
 train_frame_rate:  163
I1001 21:05:10.588460 47263335909184 run_miniworld.py:238] Data collection iteration 67.
I1001 21:07:43.965176 47263335909184 run_miniworld.py:245] Evaluation iteration 67.
I1001 21:07:54.099774 47263335909184 run_miniworld.py:262] iteration:  67
 frame: 1675000
 eval_episode_return:  0.00
 train_episode_return:  0.00
 train_exploration_epsilon: 0.100
 train_frame_rate:  163
I1001 21:07:54.407117 47263335909184 run_miniworld.py:238] Data collection iteration 68.
I1001 21:10:27.360797 47263335909184 run_miniworld.py:245] Evaluation iteration 68.
I1001 21:10:37.463039 47263335909184 run_miniworld.py:262] iteration:  68
 frame: 1700000
 eval_episode_return:  0.00
 train_episode_return:  0.00
 train_exploration_epsilon: 0.100
 train_frame_rate:  163
I1001 21:10:37.770981 47263335909184 run_miniworld.py:238] Data collection iteration 69.
I1001 21:13:10.597783 47263335909184 run_miniworld.py:245] Evaluation iteration 69.
I1001 21:13:20.488407 47263335909184 run_miniworld.py:262] iteration:  69
 frame: 1725000
 eval_episode_return:  0.00
 train_episode_return:  0.08
 train_exploration_epsilon: 0.100
 train_frame_rate:  164
I1001 21:13:20.798795 47263335909184 run_miniworld.py:238] Data collection iteration 70.
I1001 21:15:54.435737 47263335909184 run_miniworld.py:245] Evaluation iteration 70.
I1001 21:16:04.535157 47263335909184 run_miniworld.py:262] iteration:  70
 frame: 1750000
 eval_episode_return:  0.00
 train_episode_return:  0.04
 train_exploration_epsilon: 0.100
 train_frame_rate:  163
I1001 21:16:04.846786 47263335909184 run_miniworld.py:238] Data collection iteration 71.
I1001 21:18:38.873582 47263335909184 run_miniworld.py:245] Evaluation iteration 71.
I1001 21:18:49.439048 47263335909184 run_miniworld.py:262] iteration:  71
 frame: 1775000
 eval_episode_return:  0.00
 train_episode_return:  0.23
 train_exploration_epsilon: 0.100
 train_frame_rate:  162
I1001 21:18:49.746269 47263335909184 run_miniworld.py:238] Data collection iteration 72.
I1001 21:21:23.869335 47263335909184 run_miniworld.py:245] Evaluation iteration 72.
I1001 21:21:33.666416 47263335909184 run_miniworld.py:262] iteration:  72
 frame: 1800000
 eval_episode_return:  0.00
 train_episode_return:  0.12
 train_exploration_epsilon: 0.100
 train_frame_rate:  162
I1001 21:21:33.974348 47263335909184 run_miniworld.py:238] Data collection iteration 73.
I1001 21:24:08.691843 47263335909184 run_miniworld.py:245] Evaluation iteration 73.
I1001 21:24:18.404839 47263335909184 run_miniworld.py:262] iteration:  73
 frame: 1825000
 eval_episode_return:  0.00
 train_episode_return:  0.15
 train_exploration_epsilon: 0.100
 train_frame_rate:  162
I1001 21:24:18.712386 47263335909184 run_miniworld.py:238] Data collection iteration 74.
I1001 21:26:53.259392 47263335909184 run_miniworld.py:245] Evaluation iteration 74.
I1001 21:27:02.952257 47263335909184 run_miniworld.py:262] iteration:  74
 frame: 1850000
 eval_episode_return:  0.00
 train_episode_return:  0.08
 train_exploration_epsilon: 0.100
 train_frame_rate:  162
I1001 21:27:03.260967 47263335909184 run_miniworld.py:238] Data collection iteration 75.
I1001 21:29:36.725139 47263335909184 run_miniworld.py:245] Evaluation iteration 75.
I1001 21:29:46.344069 47263335909184 run_miniworld.py:262] iteration:  75
 frame: 1875000
 eval_episode_return:  0.00
 train_episode_return:  0.04
 train_exploration_epsilon: 0.100
 train_frame_rate:  163
I1001 21:29:46.666721 47263335909184 run_miniworld.py:238] Data collection iteration 76.
I1001 21:32:20.849962 47263335909184 run_miniworld.py:245] Evaluation iteration 76.
I1001 21:32:30.868412 47263335909184 run_miniworld.py:262] iteration:  76
 frame: 1900000
 eval_episode_return:  0.00
 train_episode_return:  0.08
 train_exploration_epsilon: 0.100
 train_frame_rate:  162
I1001 21:32:31.176819 47263335909184 run_miniworld.py:238] Data collection iteration 77.
I1001 21:35:05.921748 47263335909184 run_miniworld.py:245] Evaluation iteration 77.
I1001 21:35:15.963303 47263335909184 run_miniworld.py:262] iteration:  77
 frame: 1925000
 eval_episode_return:  0.00
 train_episode_return:  0.39
 train_exploration_epsilon: 0.100
 train_frame_rate:  162
I1001 21:35:16.308420 47263335909184 run_miniworld.py:238] Data collection iteration 78.
I1001 21:37:50.341438 47263335909184 run_miniworld.py:245] Evaluation iteration 78.
I1001 21:38:00.334671 47263335909184 run_miniworld.py:262] iteration:  78
 frame: 1950000
 eval_episode_return:  0.00
 train_episode_return:  0.36
 train_exploration_epsilon: 0.100
 train_frame_rate:  162
I1001 21:38:00.645506 47263335909184 run_miniworld.py:238] Data collection iteration 79.
I1001 21:40:34.686325 47263335909184 run_miniworld.py:245] Evaluation iteration 79.
I1001 21:40:44.614500 47263335909184 run_miniworld.py:262] iteration:  79
 frame: 1975000
 eval_episode_return:  0.00
 train_episode_return:  0.25
 train_exploration_epsilon: 0.100
 train_frame_rate:  162
I1001 21:40:44.920573 47263335909184 run_miniworld.py:238] Data collection iteration 80.
I1001 21:43:19.211004 47263335909184 run_miniworld.py:245] Evaluation iteration 80.
I1001 21:43:29.122324 47263335909184 run_miniworld.py:262] iteration:  80
 frame: 2000000
 eval_episode_return:  0.00
 train_episode_return:  0.15
 train_exploration_epsilon: 0.100
 train_frame_rate:  162
I1001 21:43:29.429905 47263335909184 run_miniworld.py:238] Data collection iteration 81.
I1001 21:46:03.058083 47263335909184 run_miniworld.py:245] Evaluation iteration 81.
I1001 21:46:12.683811 47263335909184 run_miniworld.py:262] iteration:  81
 frame: 2025000
 eval_episode_return:  0.00
 train_episode_return:  0.34
 train_exploration_epsilon: 0.100
 train_frame_rate:  163
I1001 21:46:12.996230 47263335909184 run_miniworld.py:238] Data collection iteration 82.
I1001 21:48:46.866718 47263335909184 run_miniworld.py:245] Evaluation iteration 82.
I1001 21:48:56.384304 47263335909184 run_miniworld.py:262] iteration:  82
 frame: 2050000
 eval_episode_return:  0.00
 train_episode_return:  0.26
 train_exploration_epsilon: 0.100
 train_frame_rate:  162
I1001 21:48:56.693955 47263335909184 run_miniworld.py:238] Data collection iteration 83.
I1001 21:51:29.716133 47263335909184 run_miniworld.py:245] Evaluation iteration 83.
I1001 21:51:39.596649 47263335909184 run_miniworld.py:262] iteration:  83
 frame: 2075000
 eval_episode_return:  0.00
 train_episode_return:  0.29
 train_exploration_epsilon: 0.100
 train_frame_rate:  163
I1001 21:51:39.903812 47263335909184 run_miniworld.py:238] Data collection iteration 84.
I1001 21:54:12.885385 47263335909184 run_miniworld.py:245] Evaluation iteration 84.
I1001 21:54:22.670010 47263335909184 run_miniworld.py:262] iteration:  84
 frame: 2100000
 eval_episode_return:  0.00
 train_episode_return:  0.25
 train_exploration_epsilon: 0.100
 train_frame_rate:  163
I1001 21:54:22.981220 47263335909184 run_miniworld.py:238] Data collection iteration 85.
I1001 21:57:00.387118 47263335909184 run_miniworld.py:245] Evaluation iteration 85.
I1001 21:57:10.489326 47263335909184 run_miniworld.py:262] iteration:  85
 frame: 2125000
 eval_episode_return:  0.00
 train_episode_return:  0.53
 train_exploration_epsilon: 0.100
 train_frame_rate:  159
I1001 21:57:10.806248 47263335909184 run_miniworld.py:238] Data collection iteration 86.
I1001 21:59:44.307379 47263335909184 run_miniworld.py:245] Evaluation iteration 86.
I1001 21:59:54.091093 47263335909184 run_miniworld.py:262] iteration:  86
 frame: 2150000
 eval_episode_return:  0.00
 train_episode_return:  0.19
 train_exploration_epsilon: 0.100
 train_frame_rate:  163
I1001 21:59:54.410639 47263335909184 run_miniworld.py:238] Data collection iteration 87.
I1001 22:02:29.756189 47263335909184 run_miniworld.py:245] Evaluation iteration 87.
I1001 22:02:39.781269 47263335909184 run_miniworld.py:262] iteration:  87
 frame: 2175000
 eval_episode_return:  0.00
 train_episode_return:  0.33
 train_exploration_epsilon: 0.100
 train_frame_rate:  161
I1001 22:02:40.094875 47263335909184 run_miniworld.py:238] Data collection iteration 88.
I1001 22:05:15.102002 47263335909184 run_miniworld.py:245] Evaluation iteration 88.
I1001 22:05:25.147068 47263335909184 run_miniworld.py:262] iteration:  88
 frame: 2200000
 eval_episode_return:  0.00
 train_episode_return:  0.15
 train_exploration_epsilon: 0.100
 train_frame_rate:  161
I1001 22:05:25.459717 47263335909184 run_miniworld.py:238] Data collection iteration 89.
I1001 22:08:00.606561 47263335909184 run_miniworld.py:245] Evaluation iteration 89.
I1001 22:08:10.648748 47263335909184 run_miniworld.py:262] iteration:  89
 frame: 2225000
 eval_episode_return:  0.00
 train_episode_return:  0.08
 train_exploration_epsilon: 0.100
 train_frame_rate:  161
I1001 22:08:10.960927 47263335909184 run_miniworld.py:238] Data collection iteration 90.
I1001 22:10:45.974960 47263335909184 run_miniworld.py:245] Evaluation iteration 90.
I1001 22:10:55.897670 47263335909184 run_miniworld.py:262] iteration:  90
 frame: 2250000
 eval_episode_return:  0.00
 train_episode_return:  0.22
 train_exploration_epsilon: 0.100
 train_frame_rate:  161
I1001 22:10:56.211815 47263335909184 run_miniworld.py:238] Data collection iteration 91.
I1001 22:13:31.709088 47263335909184 run_miniworld.py:245] Evaluation iteration 91.
I1001 22:13:41.754750 47263335909184 run_miniworld.py:262] iteration:  91
 frame: 2275000
 eval_episode_return:  0.00
 train_episode_return:  0.15
 train_exploration_epsilon: 0.100
 train_frame_rate:  161
I1001 22:13:42.073715 47263335909184 run_miniworld.py:238] Data collection iteration 92.
I1001 22:16:16.859627 47263335909184 run_miniworld.py:245] Evaluation iteration 92.
I1001 22:16:26.940771 47263335909184 run_miniworld.py:262] iteration:  92
 frame: 2300000
 eval_episode_return:  0.00
 train_episode_return:  0.15
 train_exploration_epsilon: 0.100
 train_frame_rate:  162
I1001 22:16:27.258054 47263335909184 run_miniworld.py:238] Data collection iteration 93.
I1001 22:19:01.917182 47263335909184 run_miniworld.py:245] Evaluation iteration 93.
I1001 22:19:11.635641 47263335909184 run_miniworld.py:262] iteration:  93
 frame: 2325000
 eval_episode_return:  0.00
 train_episode_return:  0.12
 train_exploration_epsilon: 0.100
 train_frame_rate:  162
I1001 22:19:11.949643 47263335909184 run_miniworld.py:238] Data collection iteration 94.
I1001 22:21:45.952565 47263335909184 run_miniworld.py:245] Evaluation iteration 94.
I1001 22:21:56.001061 47263335909184 run_miniworld.py:262] iteration:  94
 frame: 2350000
 eval_episode_return:  0.00
 train_episode_return:  0.08
 train_exploration_epsilon: 0.100
 train_frame_rate:  162
I1001 22:21:56.316013 47263335909184 run_miniworld.py:238] Data collection iteration 95.
I1001 22:24:30.369013 47263335909184 run_miniworld.py:245] Evaluation iteration 95.
I1001 22:24:40.264081 47263335909184 run_miniworld.py:262] iteration:  95
 frame: 2375000
 eval_episode_return:  0.00
 train_episode_return:  0.15
 train_exploration_epsilon: 0.100
 train_frame_rate:  162
I1001 22:24:40.580477 47263335909184 run_miniworld.py:238] Data collection iteration 96.
I1001 22:27:15.036631 47263335909184 run_miniworld.py:245] Evaluation iteration 96.
I1001 22:27:24.899650 47263335909184 run_miniworld.py:262] iteration:  96
 frame: 2400000
 eval_episode_return:  0.00
 train_episode_return:  0.25
 train_exploration_epsilon: 0.100
 train_frame_rate:  162
I1001 22:27:25.214482 47263335909184 run_miniworld.py:238] Data collection iteration 97.
I1001 22:29:59.197094 47263335909184 run_miniworld.py:245] Evaluation iteration 97.
I1001 22:30:08.936879 47263335909184 run_miniworld.py:262] iteration:  97
 frame: 2425000
 eval_episode_return:  0.00
 train_episode_return:  0.15
 train_exploration_epsilon: 0.100
 train_frame_rate:  162
I1001 22:30:09.257089 47263335909184 run_miniworld.py:238] Data collection iteration 98.
I1001 22:32:44.311650 47263335909184 run_miniworld.py:245] Evaluation iteration 98.
I1001 22:32:54.344820 47263335909184 run_miniworld.py:262] iteration:  98
 frame: 2450000
 eval_episode_return:  0.00
 train_episode_return:  0.04
 train_exploration_epsilon: 0.100
 train_frame_rate:  161
I1001 22:32:54.662655 47263335909184 run_miniworld.py:238] Data collection iteration 99.
I1001 22:35:28.641774 47263335909184 run_miniworld.py:245] Evaluation iteration 99.
I1001 22:35:38.442039 47263335909184 run_miniworld.py:262] iteration:  99
 frame: 2475000
 eval_episode_return:  0.00
 train_episode_return:  0.29
 train_exploration_epsilon: 0.100
 train_frame_rate:  162
I1001 22:35:38.766449 47263335909184 run_miniworld.py:238] Data collection iteration 100.
I1001 22:38:13.001019 47263335909184 run_miniworld.py:245] Evaluation iteration 100.
I1001 22:38:23.155258 47263335909184 run_miniworld.py:262] iteration: 100
 frame: 2500000
 eval_episode_return:  0.00
 train_episode_return:  0.28
 train_exploration_epsilon: 0.100
 train_frame_rate:  162
I1001 22:38:23.472845 47263335909184 run_miniworld.py:238] Data collection iteration 101.
I1001 22:40:56.761518 47263335909184 run_miniworld.py:245] Evaluation iteration 101.
I1001 22:41:06.844574 47263335909184 run_miniworld.py:262] iteration: 101
 frame: 2525000
 eval_episode_return:  0.00
 train_episode_return:  0.15
 train_exploration_epsilon: 0.100
 train_frame_rate:  163
I1001 22:41:07.163887 47263335909184 run_miniworld.py:238] Data collection iteration 102.
I1001 22:43:40.512747 47263335909184 run_miniworld.py:245] Evaluation iteration 102.
I1001 22:43:50.628062 47263335909184 run_miniworld.py:262] iteration: 102
 frame: 2550000
 eval_episode_return:  0.00
 train_episode_return:  0.25
 train_exploration_epsilon: 0.100
 train_frame_rate:  163
I1001 22:43:50.946999 47263335909184 run_miniworld.py:238] Data collection iteration 103.
I1001 22:46:22.785334 47263335909184 run_miniworld.py:245] Evaluation iteration 103.
I1001 22:46:32.687384 47263335909184 run_miniworld.py:262] iteration: 103
 frame: 2575000
 eval_episode_return:  0.00
 train_episode_return:  0.30
 train_exploration_epsilon: 0.100
 train_frame_rate:  165
I1001 22:46:33.003438 47263335909184 run_miniworld.py:238] Data collection iteration 104.
I1001 22:49:05.065333 47263335909184 run_miniworld.py:245] Evaluation iteration 104.
I1001 22:49:14.873795 47263335909184 run_miniworld.py:262] iteration: 104
 frame: 2600000
 eval_episode_return:  0.00
 train_episode_return:  0.34
 train_exploration_epsilon: 0.100
 train_frame_rate:  164
I1001 22:49:15.188095 47263335909184 run_miniworld.py:238] Data collection iteration 105.
I1001 22:51:47.106538 47263335909184 run_miniworld.py:245] Evaluation iteration 105.
I1001 22:51:57.014269 47263335909184 run_miniworld.py:262] iteration: 105
 frame: 2625000
 eval_episode_return:  0.00
 train_episode_return:  0.45
 train_exploration_epsilon: 0.100
 train_frame_rate:  165
I1001 22:51:57.324735 47263335909184 run_miniworld.py:238] Data collection iteration 106.
I1001 22:54:28.573485 47263335909184 run_miniworld.py:245] Evaluation iteration 106.
I1001 22:54:38.642733 47263335909184 run_miniworld.py:262] iteration: 106
 frame: 2650000
 eval_episode_return:  0.00
 train_episode_return:  0.21
 train_exploration_epsilon: 0.100
 train_frame_rate:  165
I1001 22:54:38.957352 47263335909184 run_miniworld.py:238] Data collection iteration 107.
I1001 22:57:10.347655 47263335909184 run_miniworld.py:245] Evaluation iteration 107.
I1001 22:57:20.162214 47263335909184 run_miniworld.py:262] iteration: 107
 frame: 2675000
 eval_episode_return:  0.00
 train_episode_return:  0.04
 train_exploration_epsilon: 0.100
 train_frame_rate:  165
I1001 22:57:20.475602 47263335909184 run_miniworld.py:238] Data collection iteration 108.
I1001 22:59:51.187002 47263335909184 run_miniworld.py:245] Evaluation iteration 108.
I1001 23:00:00.974046 47263335909184 run_miniworld.py:262] iteration: 108
 frame: 2700000
 eval_episode_return:  0.00
 train_episode_return:  0.04
 train_exploration_epsilon: 0.100
 train_frame_rate:  166
I1001 23:00:01.326854 47263335909184 run_miniworld.py:238] Data collection iteration 109.
I1001 23:02:32.685484 47263335909184 run_miniworld.py:245] Evaluation iteration 109.
I1001 23:02:42.668215 47263335909184 run_miniworld.py:262] iteration: 109
 frame: 2725000
 eval_episode_return:  0.00
 train_episode_return:  0.22
 train_exploration_epsilon: 0.100
 train_frame_rate:  165
I1001 23:02:42.986092 47263335909184 run_miniworld.py:238] Data collection iteration 110.
I1001 23:05:13.806900 47263335909184 run_miniworld.py:245] Evaluation iteration 110.
I1001 23:05:23.675883 47263335909184 run_miniworld.py:262] iteration: 110
 frame: 2750000
 eval_episode_return:  0.00
 train_episode_return:  0.15
 train_exploration_epsilon: 0.100
 train_frame_rate:  166
I1001 23:05:23.989939 47263335909184 run_miniworld.py:238] Data collection iteration 111.
I1001 23:08:01.198014 47263335909184 run_miniworld.py:245] Evaluation iteration 111.
I1001 23:08:11.144309 47263335909184 run_miniworld.py:262] iteration: 111
 frame: 2775000
 eval_episode_return:  0.00
 train_episode_return:  0.08
 train_exploration_epsilon: 0.100
 train_frame_rate:  159
I1001 23:08:11.459489 47263335909184 run_miniworld.py:238] Data collection iteration 112.
I1001 23:11:51.899015 47263335909184 run_miniworld.py:245] Evaluation iteration 112.
I1001 23:12:01.603834 47263335909184 run_miniworld.py:262] iteration: 112
 frame: 2800000
 eval_episode_return:  0.00
 train_episode_return:  0.15
 train_exploration_epsilon: 0.100
 train_frame_rate:  113
I1001 23:12:01.922341 47263335909184 run_miniworld.py:238] Data collection iteration 113.
I1001 23:14:33.136395 47263335909184 run_miniworld.py:245] Evaluation iteration 113.
I1001 23:14:43.064386 47263335909184 run_miniworld.py:262] iteration: 113
 frame: 2825000
 eval_episode_return:  0.00
 train_episode_return:  0.55
 train_exploration_epsilon: 0.100
 train_frame_rate:  165
I1001 23:14:43.378584 47263335909184 run_miniworld.py:238] Data collection iteration 114.
I1001 23:17:12.940932 47263335909184 run_miniworld.py:245] Evaluation iteration 114.
I1001 23:17:22.534973 47263335909184 run_miniworld.py:262] iteration: 114
 frame: 2850000
 eval_episode_return:  0.00
 train_episode_return:  0.00
 train_exploration_epsilon: 0.100
 train_frame_rate:  167
I1001 23:17:22.850137 47263335909184 run_miniworld.py:238] Data collection iteration 115.
I1001 23:19:52.857661 47263335909184 run_miniworld.py:245] Evaluation iteration 115.
I1001 23:20:02.832744 47263335909184 run_miniworld.py:262] iteration: 115
 frame: 2875000
 eval_episode_return:  0.00
 train_episode_return:  0.12
 train_exploration_epsilon: 0.100
 train_frame_rate:  167
I1001 23:20:03.149427 47263335909184 run_miniworld.py:238] Data collection iteration 116.
I1001 23:22:32.213237 47263335909184 run_miniworld.py:245] Evaluation iteration 116.
I1001 23:22:42.192655 47263335909184 run_miniworld.py:262] iteration: 116
 frame: 2900000
 eval_episode_return:  0.00
 train_episode_return:  0.22
 train_exploration_epsilon: 0.100
 train_frame_rate:  168
I1001 23:22:42.507296 47263335909184 run_miniworld.py:238] Data collection iteration 117.
I1001 23:25:12.291211 47263335909184 run_miniworld.py:245] Evaluation iteration 117.
I1001 23:25:22.384159 47263335909184 run_miniworld.py:262] iteration: 117
 frame: 2925000
 eval_episode_return:  0.00
 train_episode_return:  0.47
 train_exploration_epsilon: 0.100
 train_frame_rate:  167
I1001 23:25:22.692654 47263335909184 run_miniworld.py:238] Data collection iteration 118.
I1001 23:27:53.503480 47263335909184 run_miniworld.py:245] Evaluation iteration 118.
I1001 23:28:02.968184 47263335909184 run_miniworld.py:262] iteration: 118
 frame: 2950000
 eval_episode_return:  0.00
 train_episode_return:  0.62
 train_exploration_epsilon: 0.100
 train_frame_rate:  166
I1001 23:28:03.273175 47263335909184 run_miniworld.py:238] Data collection iteration 119.
I1001 23:30:32.606235 47263335909184 run_miniworld.py:245] Evaluation iteration 119.
I1001 23:30:42.611016 47263335909184 run_miniworld.py:262] iteration: 119
 frame: 2975000
 eval_episode_return:  0.00
 train_episode_return:  0.69
 train_exploration_epsilon: 0.100
 train_frame_rate:  167
I1001 23:30:42.929077 47263335909184 run_miniworld.py:238] Data collection iteration 120.
I1001 23:33:11.628314 47263335909184 run_miniworld.py:245] Evaluation iteration 120.
I1001 23:33:21.461461 47263335909184 run_miniworld.py:262] iteration: 120
 frame: 3000000
 eval_episode_return:  0.00
 train_episode_return:  0.77
 train_exploration_epsilon: 0.100
 train_frame_rate:  168
I1001 23:33:21.778529 47263335909184 run_miniworld.py:238] Data collection iteration 121.
I1001 23:35:50.315697 47263335909184 run_miniworld.py:245] Evaluation iteration 121.
I1001 23:36:00.147405 47263335909184 run_miniworld.py:262] iteration: 121
 frame: 3025000
 eval_episode_return:  0.00
 train_episode_return:  0.88
 train_exploration_epsilon: 0.100
 train_frame_rate:  168
I1001 23:36:00.453608 47263335909184 run_miniworld.py:238] Data collection iteration 122.
I1001 23:38:27.981595 47263335909184 run_miniworld.py:245] Evaluation iteration 122.
I1001 23:38:37.872729 47263335909184 run_miniworld.py:262] iteration: 122
 frame: 3050000
 eval_episode_return:  0.00
 train_episode_return:  0.79
 train_exploration_epsilon: 0.100
 train_frame_rate:  169
I1001 23:38:38.182647 47263335909184 run_miniworld.py:238] Data collection iteration 123.
I1001 23:41:06.565517 47263335909184 run_miniworld.py:245] Evaluation iteration 123.
I1001 23:41:16.197731 47263335909184 run_miniworld.py:262] iteration: 123
 frame: 3075000
 eval_episode_return:  0.00
 train_episode_return:  0.78
 train_exploration_epsilon: 0.100
 train_frame_rate:  168
I1001 23:41:16.528096 47263335909184 run_miniworld.py:238] Data collection iteration 124.
I1001 23:43:44.435016 47263335909184 run_miniworld.py:245] Evaluation iteration 124.
I1001 23:43:54.714174 47263335909184 run_miniworld.py:262] iteration: 124
 frame: 3100000
 eval_episode_return:  0.00
 train_episode_return:  0.85
 train_exploration_epsilon: 0.100
 train_frame_rate:  169
I1001 23:43:55.022516 47263335909184 run_miniworld.py:238] Data collection iteration 125.
I1001 23:46:21.928772 47263335909184 run_miniworld.py:245] Evaluation iteration 125.
I1001 23:46:31.629102 47263335909184 run_miniworld.py:262] iteration: 125
 frame: 3125000
 eval_episode_return:  0.00
 train_episode_return:  0.74
 train_exploration_epsilon: 0.100
 train_frame_rate:  170
I1001 23:46:31.939129 47263335909184 run_miniworld.py:238] Data collection iteration 126.
I1001 23:48:59.496138 47263335909184 run_miniworld.py:245] Evaluation iteration 126.
I1001 23:49:09.315513 47263335909184 run_miniworld.py:262] iteration: 126
 frame: 3150000
 eval_episode_return:  0.00
 train_episode_return:  0.85
 train_exploration_epsilon: 0.100
 train_frame_rate:  169
I1001 23:49:09.616650 47263335909184 run_miniworld.py:238] Data collection iteration 127.
I1001 23:51:36.302490 47263335909184 run_miniworld.py:245] Evaluation iteration 127.
I1001 23:51:46.213860 47263335909184 run_miniworld.py:262] iteration: 127
 frame: 3175000
 eval_episode_return:  0.00
 train_episode_return:  0.90
 train_exploration_epsilon: 0.100
 train_frame_rate:  170
I1001 23:51:46.518351 47263335909184 run_miniworld.py:238] Data collection iteration 128.
I1001 23:54:13.184527 47263335909184 run_miniworld.py:245] Evaluation iteration 128.
I1001 23:54:22.709162 47263335909184 run_miniworld.py:262] iteration: 128
 frame: 3200000
 eval_episode_return:  0.00
 train_episode_return:  0.95
 train_exploration_epsilon: 0.100
 train_frame_rate:  170
I1001 23:54:23.011215 47263335909184 run_miniworld.py:238] Data collection iteration 129.
I1001 23:56:50.155124 47263335909184 run_miniworld.py:245] Evaluation iteration 129.
I1001 23:57:00.080588 47263335909184 run_miniworld.py:262] iteration: 129
 frame: 3225000
 eval_episode_return:  0.00
 train_episode_return:  0.94
 train_exploration_epsilon: 0.100
 train_frame_rate:  170
I1001 23:57:00.378729 47263335909184 run_miniworld.py:238] Data collection iteration 130.
I1001 23:59:26.183368 47263335909184 run_miniworld.py:245] Evaluation iteration 130.
I1001 23:59:36.098219 47263335909184 run_miniworld.py:262] iteration: 130
 frame: 3250000
 eval_episode_return:  0.86
 train_episode_return:  0.97
 train_exploration_epsilon: 0.100
 train_frame_rate:  171
I1001 23:59:36.401375 47263335909184 run_miniworld.py:238] Data collection iteration 131.
I1002 00:02:01.896606 47263335909184 run_miniworld.py:245] Evaluation iteration 131.
I1002 00:02:11.694550 47263335909184 run_miniworld.py:262] iteration: 131
 frame: 3275000
 eval_episode_return:  0.60
 train_episode_return:  0.96
 train_exploration_epsilon: 0.100
 train_frame_rate:  172
I1002 00:02:12.000979 47263335909184 run_miniworld.py:238] Data collection iteration 132.
I1002 00:04:37.810123 47263335909184 run_miniworld.py:245] Evaluation iteration 132.
I1002 00:04:47.793092 47263335909184 run_miniworld.py:262] iteration: 132
 frame: 3300000
 eval_episode_return:  1.00
 train_episode_return:  0.96
 train_exploration_epsilon: 0.100
 train_frame_rate:  171
I1002 00:04:48.094740 47263335909184 run_miniworld.py:238] Data collection iteration 133.
I1002 00:07:13.810187 47263335909184 run_miniworld.py:245] Evaluation iteration 133.
I1002 00:07:23.736649 47263335909184 run_miniworld.py:262] iteration: 133
 frame: 3325000
 eval_episode_return:  0.67
 train_episode_return:  1.00
 train_exploration_epsilon: 0.100
 train_frame_rate:  172
I1002 00:07:24.037465 47263335909184 run_miniworld.py:238] Data collection iteration 134.
I1002 00:09:49.665652 47263335909184 run_miniworld.py:245] Evaluation iteration 134.
I1002 00:10:01.040707 47263335909184 run_miniworld.py:262] iteration: 134
 frame: 3350000
 eval_episode_return:  1.00
 train_episode_return:  1.00
 train_exploration_epsilon: 0.100
 train_frame_rate:  172
I1002 00:10:01.365600 47263335909184 run_miniworld.py:238] Data collection iteration 135.
I1002 00:12:28.179281 47263335909184 run_miniworld.py:245] Evaluation iteration 135.
I1002 00:12:38.219549 47263335909184 run_miniworld.py:262] iteration: 135
 frame: 3375000
 eval_episode_return:  0.00
 train_episode_return:  1.00
 train_exploration_epsilon: 0.100
 train_frame_rate:  170
I1002 00:12:38.526596 47263335909184 run_miniworld.py:238] Data collection iteration 136.
I1002 00:15:04.602261 47263335909184 run_miniworld.py:245] Evaluation iteration 136.
I1002 00:15:15.999278 47263335909184 run_miniworld.py:262] iteration: 136
 frame: 3400000
 eval_episode_return:  1.00
 train_episode_return:  1.00
 train_exploration_epsilon: 0.100
 train_frame_rate:  171
I1002 00:15:16.320865 47263335909184 run_miniworld.py:238] Data collection iteration 137.
I1002 00:17:41.317357 47263335909184 run_miniworld.py:245] Evaluation iteration 137.
I1002 00:17:52.577338 47263335909184 run_miniworld.py:262] iteration: 137
 frame: 3425000
 eval_episode_return:  1.00
 train_episode_return:  1.00
 train_exploration_epsilon: 0.100
 train_frame_rate:  172
I1002 00:17:52.881007 47263335909184 run_miniworld.py:238] Data collection iteration 138.
I1002 00:20:25.548178 47263335909184 run_miniworld.py:245] Evaluation iteration 138.
I1002 00:20:36.917057 47263335909184 run_miniworld.py:262] iteration: 138
 frame: 3450000
 eval_episode_return:  1.00
 train_episode_return:  1.00
 train_exploration_epsilon: 0.100
 train_frame_rate:  164
I1002 00:20:37.224913 47263335909184 run_miniworld.py:238] Data collection iteration 139.
I1002 00:23:02.323612 47263335909184 run_miniworld.py:245] Evaluation iteration 139.
I1002 00:23:11.933337 47263335909184 run_miniworld.py:262] iteration: 139
 frame: 3475000
 eval_episode_return:  0.00
 train_episode_return:  1.00
 train_exploration_epsilon: 0.100
 train_frame_rate:  172
I1002 00:23:12.234570 47263335909184 run_miniworld.py:238] Data collection iteration 140.
I1002 00:25:37.452837 47263335909184 run_miniworld.py:245] Evaluation iteration 140.
I1002 00:25:47.386720 47263335909184 run_miniworld.py:262] iteration: 140
 frame: 3500000
 eval_episode_return:  0.82
 train_episode_return:  1.00
 train_exploration_epsilon: 0.100
 train_frame_rate:  172
I1002 00:25:47.691884 47263335909184 run_miniworld.py:238] Data collection iteration 141.
I1002 00:28:12.108059 47263335909184 run_miniworld.py:245] Evaluation iteration 141.
I1002 00:28:23.350597 47263335909184 run_miniworld.py:262] iteration: 141
 frame: 3525000
 eval_episode_return:  1.00
 train_episode_return:  1.00
 train_exploration_epsilon: 0.100
 train_frame_rate:  173
I1002 00:28:23.653998 47263335909184 run_miniworld.py:238] Data collection iteration 142.
I1002 00:30:49.188372 47263335909184 run_miniworld.py:245] Evaluation iteration 142.
I1002 00:30:59.285058 47263335909184 run_miniworld.py:262] iteration: 142
 frame: 3550000
 eval_episode_return:  0.73
 train_episode_return:  1.00
 train_exploration_epsilon: 0.100
 train_frame_rate:  172
I1002 00:30:59.586143 47263335909184 run_miniworld.py:238] Data collection iteration 143.
I1002 00:33:23.973932 47263335909184 run_miniworld.py:245] Evaluation iteration 143.
I1002 00:33:33.960335 47263335909184 run_miniworld.py:262] iteration: 143
 frame: 3575000
 eval_episode_return:  1.00
 train_episode_return:  1.00
 train_exploration_epsilon: 0.100
 train_frame_rate:  173
I1002 00:33:34.263549 47263335909184 run_miniworld.py:238] Data collection iteration 144.
I1002 00:35:58.595410 47263335909184 run_miniworld.py:245] Evaluation iteration 144.
I1002 00:36:09.851060 47263335909184 run_miniworld.py:262] iteration: 144
 frame: 3600000
 eval_episode_return:  1.00
 train_episode_return:  1.00
 train_exploration_epsilon: 0.100
 train_frame_rate:  173
I1002 00:36:10.155955 47263335909184 run_miniworld.py:238] Data collection iteration 145.
I1002 00:38:34.345682 47263335909184 run_miniworld.py:245] Evaluation iteration 145.
I1002 00:38:45.578199 47263335909184 run_miniworld.py:262] iteration: 145
 frame: 3625000
 eval_episode_return:  1.00
 train_episode_return:  1.00
 train_exploration_epsilon: 0.100
 train_frame_rate:  173
I1002 00:38:45.876266 47263335909184 run_miniworld.py:238] Data collection iteration 146.
I1002 00:41:09.902818 47263335909184 run_miniworld.py:245] Evaluation iteration 146.
I1002 00:41:21.397844 47263335909184 run_miniworld.py:262] iteration: 146
 frame: 3650000
 eval_episode_return:  1.00
 train_episode_return:  1.00
 train_exploration_epsilon: 0.100
 train_frame_rate:  174
I1002 00:41:21.697167 47263335909184 run_miniworld.py:238] Data collection iteration 147.
I1002 00:43:45.286057 47263335909184 run_miniworld.py:245] Evaluation iteration 147.
I1002 00:43:56.434714 47263335909184 run_miniworld.py:262] iteration: 147
 frame: 3675000
 eval_episode_return:  1.00
 train_episode_return:  1.00
 train_exploration_epsilon: 0.100
 train_frame_rate:  174
I1002 00:43:56.734575 47263335909184 run_miniworld.py:238] Data collection iteration 148.
I1002 00:46:20.254922 47263335909184 run_miniworld.py:245] Evaluation iteration 148.
I1002 00:46:31.634370 47263335909184 run_miniworld.py:262] iteration: 148
 frame: 3700000
 eval_episode_return:  1.00
 train_episode_return:  1.00
 train_exploration_epsilon: 0.100
 train_frame_rate:  174
I1002 00:46:31.945045 47263335909184 run_miniworld.py:238] Data collection iteration 149.
I1002 00:48:54.070726 47263335909184 run_miniworld.py:245] Evaluation iteration 149.
I1002 00:49:05.414587 47263335909184 run_miniworld.py:262] iteration: 149
 frame: 3725000
 eval_episode_return:  1.00
 train_episode_return:  1.00
 train_exploration_epsilon: 0.100
 train_frame_rate:  176
I1002 00:49:05.709227 47263335909184 run_miniworld.py:238] Data collection iteration 150.
I1002 00:51:26.144261 47263335909184 run_miniworld.py:245] Evaluation iteration 150.
I1002 00:51:35.807348 47263335909184 run_miniworld.py:262] iteration: 150
 frame: 3750000
 eval_episode_return:  1.00
 train_episode_return:  1.00
 train_exploration_epsilon: 0.100
 train_frame_rate:  178
I1002 00:51:36.105250 47263335909184 run_miniworld.py:238] Data collection iteration 151.
I1002 00:53:58.461544 47263335909184 run_miniworld.py:245] Evaluation iteration 151.
I1002 00:54:09.655503 47263335909184 run_miniworld.py:262] iteration: 151
 frame: 3775000
 eval_episode_return:  1.00
 train_episode_return:  1.00
 train_exploration_epsilon: 0.100
 train_frame_rate:  176
I1002 00:54:09.951751 47263335909184 run_miniworld.py:238] Data collection iteration 152.
I1002 00:56:30.991309 47263335909184 run_miniworld.py:245] Evaluation iteration 152.
I1002 00:56:42.271643 47263335909184 run_miniworld.py:262] iteration: 152
 frame: 3800000
 eval_episode_return:  1.00
 train_episode_return:  1.00
 train_exploration_epsilon: 0.100
 train_frame_rate:  177
I1002 00:56:42.563778 47263335909184 run_miniworld.py:238] Data collection iteration 153.
I1002 00:59:03.938129 47263335909184 run_miniworld.py:245] Evaluation iteration 153.
I1002 00:59:15.176316 47263335909184 run_miniworld.py:262] iteration: 153
 frame: 3825000
 eval_episode_return:  1.00
 train_episode_return:  1.00
 train_exploration_epsilon: 0.100
 train_frame_rate:  177
I1002 00:59:15.470319 47263335909184 run_miniworld.py:238] Data collection iteration 154.
I1002 01:01:35.343000 47263335909184 run_miniworld.py:245] Evaluation iteration 154.
I1002 01:01:45.133486 47263335909184 run_miniworld.py:262] iteration: 154
 frame: 3850000
 eval_episode_return:  1.00
 train_episode_return:  1.00
 train_exploration_epsilon: 0.100
 train_frame_rate:  179
I1002 01:01:45.426244 47263335909184 run_miniworld.py:238] Data collection iteration 155.
I1002 01:04:05.933136 47263335909184 run_miniworld.py:245] Evaluation iteration 155.
I1002 01:04:17.167712 47263335909184 run_miniworld.py:262] iteration: 155
 frame: 3875000
 eval_episode_return:  1.00
 train_episode_return:  1.00
 train_exploration_epsilon: 0.100
 train_frame_rate:  178
I1002 01:04:17.462150 47263335909184 run_miniworld.py:238] Data collection iteration 156.
I1002 01:06:37.394509 47263335909184 run_miniworld.py:245] Evaluation iteration 156.
I1002 01:06:48.879264 47263335909184 run_miniworld.py:262] iteration: 156
 frame: 3900000
 eval_episode_return:  1.00
 train_episode_return:  1.00
 train_exploration_epsilon: 0.100
 train_frame_rate:  179
I1002 01:06:49.170297 47263335909184 run_miniworld.py:238] Data collection iteration 157.
I1002 01:09:09.356884 47263335909184 run_miniworld.py:245] Evaluation iteration 157.
I1002 01:09:20.494071 47263335909184 run_miniworld.py:262] iteration: 157
 frame: 3925000
 eval_episode_return:  1.00
 train_episode_return:  1.00
 train_exploration_epsilon: 0.100
 train_frame_rate:  178
I1002 01:09:20.790306 47263335909184 run_miniworld.py:238] Data collection iteration 158.
I1002 01:11:40.250160 47263335909184 run_miniworld.py:245] Evaluation iteration 158.
I1002 01:11:51.274513 47263335909184 run_miniworld.py:262] iteration: 158
 frame: 3950000
 eval_episode_return:  1.00
 train_episode_return:  1.00
 train_exploration_epsilon: 0.100
 train_frame_rate:  179
I1002 01:11:51.564564 47263335909184 run_miniworld.py:238] Data collection iteration 159.
I1002 01:14:11.387156 47263335909184 run_miniworld.py:245] Evaluation iteration 159.
I1002 01:14:22.569307 47263335909184 run_miniworld.py:262] iteration: 159
 frame: 3975000
 eval_episode_return:  1.00
 train_episode_return:  1.00
 train_exploration_epsilon: 0.100
 train_frame_rate:  179
I1002 01:14:22.861702 47263335909184 run_miniworld.py:238] Data collection iteration 160.
I1002 01:16:42.893945 47263335909184 run_miniworld.py:245] Evaluation iteration 160.
I1002 01:16:53.849200 47263335909184 run_miniworld.py:262] iteration: 160
 frame: 4000000
 eval_episode_return:  1.00
 train_episode_return:  1.00
 train_exploration_epsilon: 0.100
 train_frame_rate:  179
I1002 01:16:54.141838 47263335909184 run_miniworld.py:238] Data collection iteration 161.
I1002 01:19:14.075797 47263335909184 run_miniworld.py:245] Evaluation iteration 161.
I1002 01:19:25.390424 47263335909184 run_miniworld.py:262] iteration: 161
 frame: 4025000
 eval_episode_return:  1.00
 train_episode_return:  1.00
 train_exploration_epsilon: 0.100
 train_frame_rate:  179
I1002 01:19:25.681600 47263335909184 run_miniworld.py:238] Data collection iteration 162.
I1002 01:21:46.463456 47263335909184 run_miniworld.py:245] Evaluation iteration 162.
I1002 01:21:58.228442 47263335909184 run_miniworld.py:262] iteration: 162
 frame: 4050000
 eval_episode_return:  1.00
 train_episode_return:  1.00
 train_exploration_epsilon: 0.100
 train_frame_rate:  178
I1002 01:21:58.518229 47263335909184 run_miniworld.py:238] Data collection iteration 163.
I1002 01:24:18.096048 47263335909184 run_miniworld.py:245] Evaluation iteration 163.
I1002 01:24:29.301120 47263335909184 run_miniworld.py:262] iteration: 163
 frame: 4075000
 eval_episode_return:  1.00
 train_episode_return:  1.00
 train_exploration_epsilon: 0.100
 train_frame_rate:  179
I1002 01:24:29.591103 47263335909184 run_miniworld.py:238] Data collection iteration 164.
I1002 01:26:48.850935 47263335909184 run_miniworld.py:245] Evaluation iteration 164.
I1002 01:26:59.250227 47263335909184 run_miniworld.py:262] iteration: 164
 frame: 4100000
 eval_episode_return:  1.00
 train_episode_return:  1.00
 train_exploration_epsilon: 0.100
 train_frame_rate:  180
I1002 01:26:59.542883 47263335909184 run_miniworld.py:238] Data collection iteration 165.
I1002 01:29:20.748567 47263335909184 run_miniworld.py:245] Evaluation iteration 165.
I1002 01:29:32.037937 47263335909184 run_miniworld.py:262] iteration: 165
 frame: 4125000
 eval_episode_return:  1.00
 train_episode_return:  1.00
 train_exploration_epsilon: 0.100
 train_frame_rate:  177
I1002 01:29:32.330364 47263335909184 run_miniworld.py:238] Data collection iteration 166.
I1002 01:31:50.434568 47263335909184 run_miniworld.py:245] Evaluation iteration 166.
I1002 01:32:01.463459 47263335909184 run_miniworld.py:262] iteration: 166
 frame: 4150000
 eval_episode_return:  1.00
 train_episode_return:  1.00
 train_exploration_epsilon: 0.100
 train_frame_rate:  181
I1002 01:32:01.752466 47263335909184 run_miniworld.py:238] Data collection iteration 167.
I1002 01:34:18.817162 47263335909184 run_miniworld.py:245] Evaluation iteration 167.
I1002 01:34:30.001686 47263335909184 run_miniworld.py:262] iteration: 167
 frame: 4175000
 eval_episode_return:  1.00
 train_episode_return:  1.00
 train_exploration_epsilon: 0.100
 train_frame_rate:  182
I1002 01:34:30.292942 47263335909184 run_miniworld.py:238] Data collection iteration 168.
I1002 01:36:47.988563 47263335909184 run_miniworld.py:245] Evaluation iteration 168.
I1002 01:36:59.020159 47263335909184 run_miniworld.py:262] iteration: 168
 frame: 4200000
 eval_episode_return:  1.00
 train_episode_return:  1.00
 train_exploration_epsilon: 0.100
 train_frame_rate:  182
I1002 01:36:59.311278 47263335909184 run_miniworld.py:238] Data collection iteration 169.
I1002 01:39:17.364109 47263335909184 run_miniworld.py:245] Evaluation iteration 169.
I1002 01:39:28.418488 47263335909184 run_miniworld.py:262] iteration: 169
 frame: 4225000
 eval_episode_return:  1.00
 train_episode_return:  1.00
 train_exploration_epsilon: 0.100
 train_frame_rate:  181
I1002 01:39:28.713575 47263335909184 run_miniworld.py:238] Data collection iteration 170.
I1002 01:41:46.534095 47263335909184 run_miniworld.py:245] Evaluation iteration 170.
I1002 01:41:57.775344 47263335909184 run_miniworld.py:262] iteration: 170
 frame: 4250000
 eval_episode_return:  1.00
 train_episode_return:  1.00
 train_exploration_epsilon: 0.100
 train_frame_rate:  181
I1002 01:41:58.065858 47263335909184 run_miniworld.py:238] Data collection iteration 171.
I1002 01:44:15.740791 47263335909184 run_miniworld.py:245] Evaluation iteration 171.
I1002 01:44:26.700746 47263335909184 run_miniworld.py:262] iteration: 171
 frame: 4275000
 eval_episode_return:  1.00
 train_episode_return:  1.00
 train_exploration_epsilon: 0.100
 train_frame_rate:  182
I1002 01:44:26.994986 47263335909184 run_miniworld.py:238] Data collection iteration 172.
I1002 01:46:45.344956 47263335909184 run_miniworld.py:245] Evaluation iteration 172.
I1002 01:46:56.638650 47263335909184 run_miniworld.py:262] iteration: 172
 frame: 4300000
 eval_episode_return:  1.00
 train_episode_return:  1.00
 train_exploration_epsilon: 0.100
 train_frame_rate:  181
I1002 01:46:56.932589 47263335909184 run_miniworld.py:238] Data collection iteration 173.
I1002 01:49:15.078368 47263335909184 run_miniworld.py:245] Evaluation iteration 173.
I1002 01:49:26.382598 47263335909184 run_miniworld.py:262] iteration: 173
 frame: 4325000
 eval_episode_return:  1.00
 train_episode_return:  1.00
 train_exploration_epsilon: 0.100
 train_frame_rate:  181
I1002 01:49:26.673498 47263335909184 run_miniworld.py:238] Data collection iteration 174.
I1002 01:51:45.379259 47263335909184 run_miniworld.py:245] Evaluation iteration 174.
I1002 01:51:56.803742 47263335909184 run_miniworld.py:262] iteration: 174
 frame: 4350000
 eval_episode_return:  1.00
 train_episode_return:  1.00
 train_exploration_epsilon: 0.100
 train_frame_rate:  180
I1002 01:51:57.103056 47263335909184 run_miniworld.py:238] Data collection iteration 175.
I1002 01:54:15.033726 47263335909184 run_miniworld.py:245] Evaluation iteration 175.
I1002 01:54:26.278292 47263335909184 run_miniworld.py:262] iteration: 175
 frame: 4375000
 eval_episode_return:  1.00
 train_episode_return:  1.00
 train_exploration_epsilon: 0.100
 train_frame_rate:  181
I1002 01:54:26.573377 47263335909184 run_miniworld.py:238] Data collection iteration 176.
I1002 01:56:43.829863 47263335909184 run_miniworld.py:245] Evaluation iteration 176.
I1002 01:56:55.178753 47263335909184 run_miniworld.py:262] iteration: 176
 frame: 4400000
 eval_episode_return:  1.00
 train_episode_return:  1.00
 train_exploration_epsilon: 0.100
 train_frame_rate:  182
I1002 01:56:55.468752 47263335909184 run_miniworld.py:238] Data collection iteration 177.
I1002 01:59:13.705708 47263335909184 run_miniworld.py:245] Evaluation iteration 177.
I1002 01:59:25.431516 47263335909184 run_miniworld.py:262] iteration: 177
 frame: 4425000
 eval_episode_return:  1.00
 train_episode_return:  1.00
 train_exploration_epsilon: 0.100
 train_frame_rate:  181
I1002 01:59:25.725486 47263335909184 run_miniworld.py:238] Data collection iteration 178.
I1002 02:01:44.671541 47263335909184 run_miniworld.py:245] Evaluation iteration 178.
I1002 02:01:56.333590 47263335909184 run_miniworld.py:262] iteration: 178
 frame: 4450000
 eval_episode_return:  1.00
 train_episode_return:  1.00
 train_exploration_epsilon: 0.100
 train_frame_rate:  180
I1002 02:01:56.628331 47263335909184 run_miniworld.py:238] Data collection iteration 179.
I1002 02:04:14.200720 47263335909184 run_miniworld.py:245] Evaluation iteration 179.
I1002 02:04:25.276589 47263335909184 run_miniworld.py:262] iteration: 179
 frame: 4475000
 eval_episode_return:  1.00
 train_episode_return:  1.00
 train_exploration_epsilon: 0.100
 train_frame_rate:  182
I1002 02:04:25.566962 47263335909184 run_miniworld.py:238] Data collection iteration 180.
I1002 02:06:43.407442 47263335909184 run_miniworld.py:245] Evaluation iteration 180.
I1002 02:06:54.400124 47263335909184 run_miniworld.py:262] iteration: 180
 frame: 4500000
 eval_episode_return:  1.00
 train_episode_return:  1.00
 train_exploration_epsilon: 0.100
 train_frame_rate:  181
I1002 02:06:54.692130 47263335909184 run_miniworld.py:238] Data collection iteration 181.
I1002 02:09:12.618749 47263335909184 run_miniworld.py:245] Evaluation iteration 181.
I1002 02:09:23.524133 47263335909184 run_miniworld.py:262] iteration: 181
 frame: 4525000
 eval_episode_return:  1.00
 train_episode_return:  1.00
 train_exploration_epsilon: 0.100
 train_frame_rate:  181
I1002 02:09:23.814291 47263335909184 run_miniworld.py:238] Data collection iteration 182.
I1002 02:11:42.214665 47263335909184 run_miniworld.py:245] Evaluation iteration 182.
I1002 02:11:53.346194 47263335909184 run_miniworld.py:262] iteration: 182
 frame: 4550000
 eval_episode_return:  1.00
 train_episode_return:  1.00
 train_exploration_epsilon: 0.100
 train_frame_rate:  181
I1002 02:11:53.641295 47263335909184 run_miniworld.py:238] Data collection iteration 183.
I1002 02:14:11.493961 47263335909184 run_miniworld.py:245] Evaluation iteration 183.
I1002 02:14:22.438253 47263335909184 run_miniworld.py:262] iteration: 183
 frame: 4575000
 eval_episode_return:  1.00
 train_episode_return:  1.00
 train_exploration_epsilon: 0.100
 train_frame_rate:  181
I1002 02:14:22.731384 47263335909184 run_miniworld.py:238] Data collection iteration 184.
I1002 02:16:41.643495 47263335909184 run_miniworld.py:245] Evaluation iteration 184.
I1002 02:16:53.107947 47263335909184 run_miniworld.py:262] iteration: 184
 frame: 4600000
 eval_episode_return:  1.00
 train_episode_return:  1.00
 train_exploration_epsilon: 0.100
 train_frame_rate:  180
I1002 02:16:53.397792 47263335909184 run_miniworld.py:238] Data collection iteration 185.
I1002 02:19:11.861507 47263335909184 run_miniworld.py:245] Evaluation iteration 185.
I1002 02:19:22.826784 47263335909184 run_miniworld.py:262] iteration: 185
 frame: 4625000
 eval_episode_return:  1.00
 train_episode_return:  1.00
 train_exploration_epsilon: 0.100
 train_frame_rate:  181
I1002 02:19:23.118695 47263335909184 run_miniworld.py:238] Data collection iteration 186.
I1002 02:21:56.824751 47263335909184 run_miniworld.py:245] Evaluation iteration 186.
I1002 02:22:08.176132 47263335909184 run_miniworld.py:262] iteration: 186
 frame: 4650000
 eval_episode_return:  1.00
 train_episode_return:  1.00
 train_exploration_epsilon: 0.100
 train_frame_rate:  163
I1002 02:22:08.469566 47263335909184 run_miniworld.py:238] Data collection iteration 187.
I1002 02:24:26.843472 47263335909184 run_miniworld.py:245] Evaluation iteration 187.
I1002 02:24:38.136040 47263335909184 run_miniworld.py:262] iteration: 187
 frame: 4675000
 eval_episode_return:  1.00
 train_episode_return:  1.00
 train_exploration_epsilon: 0.100
 train_frame_rate:  181
I1002 02:24:38.428513 47263335909184 run_miniworld.py:238] Data collection iteration 188.
I1002 02:26:57.120237 47263335909184 run_miniworld.py:245] Evaluation iteration 188.
I1002 02:27:08.654167 47263335909184 run_miniworld.py:262] iteration: 188
 frame: 4700000
 eval_episode_return:  1.00
 train_episode_return:  1.00
 train_exploration_epsilon: 0.100
 train_frame_rate:  180
I1002 02:27:08.944641 47263335909184 run_miniworld.py:238] Data collection iteration 189.
I1002 02:29:27.583778 47263335909184 run_miniworld.py:245] Evaluation iteration 189.
I1002 02:29:39.046144 47263335909184 run_miniworld.py:262] iteration: 189
 frame: 4725000
 eval_episode_return:  1.00
 train_episode_return:  1.00
 train_exploration_epsilon: 0.100
 train_frame_rate:  180
I1002 02:29:39.338264 47263335909184 run_miniworld.py:238] Data collection iteration 190.
I1002 02:31:57.372259 47263335909184 run_miniworld.py:245] Evaluation iteration 190.
I1002 02:32:08.802758 47263335909184 run_miniworld.py:262] iteration: 190
 frame: 4750000
 eval_episode_return:  1.00
 train_episode_return:  1.00
 train_exploration_epsilon: 0.100
 train_frame_rate:  181
I1002 02:32:09.093514 47263335909184 run_miniworld.py:238] Data collection iteration 191.
I1002 02:34:28.764653 47263335909184 run_miniworld.py:245] Evaluation iteration 191.
I1002 02:34:40.066848 47263335909184 run_miniworld.py:262] iteration: 191
 frame: 4775000
 eval_episode_return:  1.00
 train_episode_return:  1.00
 train_exploration_epsilon: 0.100
 train_frame_rate:  179
I1002 02:34:40.357209 47263335909184 run_miniworld.py:238] Data collection iteration 192.
I1002 02:36:58.687534 47263335909184 run_miniworld.py:245] Evaluation iteration 192.
I1002 02:37:10.002766 47263335909184 run_miniworld.py:262] iteration: 192
 frame: 4800000
 eval_episode_return:  1.00
 train_episode_return:  1.00
 train_exploration_epsilon: 0.100
 train_frame_rate:  181
I1002 02:37:10.294782 47263335909184 run_miniworld.py:238] Data collection iteration 193.
I1002 02:39:29.302429 47263335909184 run_miniworld.py:245] Evaluation iteration 193.
I1002 02:39:40.575726 47263335909184 run_miniworld.py:262] iteration: 193
 frame: 4825000
 eval_episode_return:  1.00
 train_episode_return:  1.00
 train_exploration_epsilon: 0.100
 train_frame_rate:  180
I1002 02:39:40.868006 47263335909184 run_miniworld.py:238] Data collection iteration 194.
I1002 02:41:59.556785 47263335909184 run_miniworld.py:245] Evaluation iteration 194.
I1002 02:42:10.695288 47263335909184 run_miniworld.py:262] iteration: 194
 frame: 4850000
 eval_episode_return:  1.00
 train_episode_return:  1.00
 train_exploration_epsilon: 0.100
 train_frame_rate:  180
I1002 02:42:10.985465 47263335909184 run_miniworld.py:238] Data collection iteration 195.
I1002 02:44:30.568845 47263335909184 run_miniworld.py:245] Evaluation iteration 195.
I1002 02:44:41.993758 47263335909184 run_miniworld.py:262] iteration: 195
 frame: 4875000
 eval_episode_return:  1.00
 train_episode_return:  1.00
 train_exploration_epsilon: 0.100
 train_frame_rate:  179
I1002 02:44:42.286076 47263335909184 run_miniworld.py:238] Data collection iteration 196.
I1002 02:47:01.310821 47263335909184 run_miniworld.py:245] Evaluation iteration 196.
I1002 02:47:12.519151 47263335909184 run_miniworld.py:262] iteration: 196
 frame: 4900000
 eval_episode_return:  1.00
 train_episode_return:  1.00
 train_exploration_epsilon: 0.100
 train_frame_rate:  180
I1002 02:47:12.812684 47263335909184 run_miniworld.py:238] Data collection iteration 197.
I1002 02:49:31.762466 47263335909184 run_miniworld.py:245] Evaluation iteration 197.
I1002 02:49:43.236643 47263335909184 run_miniworld.py:262] iteration: 197
 frame: 4925000
 eval_episode_return:  1.00
 train_episode_return:  1.00
 train_exploration_epsilon: 0.100
 train_frame_rate:  180
I1002 02:49:43.527804 47263335909184 run_miniworld.py:238] Data collection iteration 198.
I1002 02:52:03.058399 47263335909184 run_miniworld.py:245] Evaluation iteration 198.
I1002 02:52:14.258750 47263335909184 run_miniworld.py:262] iteration: 198
 frame: 4950000
 eval_episode_return:  1.00
 train_episode_return:  1.00
 train_exploration_epsilon: 0.100
 train_frame_rate:  179
I1002 02:52:14.549309 47263335909184 run_miniworld.py:238] Data collection iteration 199.
I1002 02:54:35.031965 47263335909184 run_miniworld.py:245] Evaluation iteration 199.
I1002 02:54:46.706329 47263335909184 run_miniworld.py:262] iteration: 199
 frame: 4975000
 eval_episode_return:  1.00
 train_episode_return:  1.00
 train_exploration_epsilon: 0.100
 train_frame_rate:  178
I1002 02:54:46.998141 47263335909184 run_miniworld.py:238] Data collection iteration 200.
I1002 02:57:06.257189 47263335909184 run_miniworld.py:245] Evaluation iteration 200.
I1002 02:57:17.582443 47263335909184 run_miniworld.py:262] iteration: 200
 frame: 5000000
 eval_episode_return:  1.00
 train_episode_return:  1.00
 train_exploration_epsilon: 0.100
 train_frame_rate:  180
Falling back to num_samples=1
Falling back to num_samples=1
Falling back to num_samples=1
Falling back to num_samples=1
Falling back to num_samples=1
Falling back to num_samples=1
Falling back to num_samples=1
Falling back to num_samples=1
Falling back to num_samples=1
Falling back to num_samples=1
Falling back to num_samples=1
Falling back to num_samples=1
Falling back to num_samples=1
Falling back to num_samples=1
Falling back to num_samples=1
Falling back to num_samples=1
Falling back to num_samples=1
Falling back to num_samples=1
Falling back to num_samples=1
Falling back to num_samples=1
Falling back to num_samples=1
Falling back to num_samples=1
Falling back to num_samples=1
Falling back to num_samples=1
Falling back to num_samples=1
Falling back to num_samples=1
Falling back to num_samples=1
Falling back to num_samples=1
Falling back to num_samples=1
Falling back to num_samples=1
Falling back to num_samples=1
Falling back to num_samples=1
Falling back to num_samples=1
Falling back to num_samples=1
Falling back to num_samples=1
Falling back to num_samples=1
Falling back to num_samples=1
Falling back to num_samples=1
Falling back to num_samples=1
Falling back to num_samples=1
Falling back to num_samples=1
Falling back to num_samples=1
Falling back to num_samples=1
Falling back to num_samples=1
Falling back to num_samples=1
Falling back to num_samples=1
Falling back to num_samples=1
Falling back to num_samples=1
Falling back to num_samples=1
Falling back to num_samples=1
Falling back to num_samples=1
Falling back to num_samples=1
Falling back to num_samples=1
Falling back to num_samples=1
Falling back to num_samples=1
Falling back to num_samples=1
Falling back to num_samples=1
Falling back to num_samples=1
Falling back to num_samples=1
Falling back to num_samples=1
Falling back to num_samples=1
Falling back to num_samples=1
Falling back to num_samples=1
Falling back to num_samples=1
Falling back to num_samples=1
Falling back to num_samples=1
Falling back to num_samples=1
Falling back to num_samples=1
Falling back to num_samples=1
Falling back to num_samples=1
Falling back to num_samples=1
Falling back to num_samples=1
Falling back to num_samples=1
Falling back to num_samples=1
Falling back to num_samples=1
Falling back to num_samples=1
Falling back to num_samples=1
Falling back to num_samples=1
Falling back to num_samples=1
Falling back to num_samples=1
Falling back to num_samples=1
Falling back to num_samples=1
Falling back to num_samples=1
Falling back to num_samples=1
Falling back to num_samples=1
Falling back to num_samples=1
Falling back to num_samples=1
Falling back to num_samples=1
Falling back to num_samples=1
Falling back to num_samples=1
Falling back to num_samples=1
Falling back to num_samples=1
Falling back to num_samples=1
Falling back to num_samples=1
Falling back to num_samples=1
Falling back to num_samples=1
Falling back to num_samples=1
Falling back to num_samples=1
Falling back to num_samples=1
Falling back to num_samples=1
Falling back to num_samples=1
Falling back to num_samples=1
Falling back to num_samples=1
Falling back to num_samples=1
Falling back to num_samples=1
Falling back to num_samples=1
Falling back to num_samples=1
Falling back to num_samples=1
Falling back to num_samples=1
Falling back to num_samples=1
Falling back to num_samples=1
Falling back to num_samples=1
Falling back to num_samples=1
Falling back to num_samples=1
Falling back to num_samples=1
Falling back to num_samples=1
Falling back to num_samples=1
Falling back to num_samples=1
Falling back to num_samples=1
Falling back to num_samples=1
Falling back to num_samples=1
Falling back to num_samples=1
Falling back to num_samples=1
Falling back to num_samples=1
Falling back to num_samples=1
Falling back to num_samples=1
Falling back to num_samples=1
Falling back to num_samples=1
Falling back to num_samples=1
Falling back to num_samples=1
Falling back to num_samples=1
Falling back to num_samples=1
Falling back to num_samples=1
Falling back to num_samples=1
Falling back to num_samples=1
Falling back to num_samples=1
Falling back to num_samples=1
Falling back to num_samples=1
Falling back to num_samples=1
Falling back to num_samples=1
Falling back to num_samples=1
Falling back to num_samples=1
Falling back to num_samples=1
Falling back to num_samples=1
Falling back to num_samples=1
Falling back to num_samples=1
Falling back to num_samples=1
Falling back to num_samples=1
Falling back to num_samples=1
Falling back to num_samples=1
Falling back to num_samples=1
Falling back to num_samples=1
Falling back to num_samples=1
Falling back to num_samples=1
Falling back to num_samples=1
Falling back to num_samples=1
Falling back to num_samples=1
Falling back to num_samples=1
Falling back to num_samples=1
Falling back to num_samples=1
Falling back to num_samples=1
Falling back to num_samples=1
Falling back to num_samples=1
Falling back to num_samples=1
Falling back to num_samples=1
Falling back to num_samples=1
Falling back to num_samples=1
Falling back to num_samples=1
Falling back to num_samples=1
Falling back to num_samples=1
Falling back to num_samples=1
Falling back to num_samples=1
Falling back to num_samples=1
Falling back to num_samples=1
Falling back to num_samples=1
Falling back to num_samples=1
Falling back to num_samples=1
Falling back to num_samples=1
Falling back to num_samples=1
Falling back to num_samples=1
Falling back to num_samples=1
Falling back to num_samples=1
Falling back to num_samples=1
Falling back to num_samples=1
Falling back to num_samples=1
Falling back to num_samples=1
Falling back to num_samples=1
Falling back to num_samples=1
Falling back to num_samples=1
Falling back to num_samples=1
Falling back to num_samples=1
Falling back to num_samples=1
Falling back to num_samples=1
Falling back to num_samples=1
Falling back to num_samples=1
Falling back to num_samples=1
Falling back to num_samples=1
Falling back to num_samples=1
Falling back to num_samples=1
Falling back to num_samples=1
Falling back to num_samples=1
Falling back to num_samples=1
Falling back to num_samples=1
Falling back to num_samples=1
Falling back to num_samples=1
Falling back to num_samples=1
Falling back to num_samples=1
Falling back to num_samples=1
Falling back to num_samples=1
Falling back to num_samples=1
Falling back to num_samples=1
Falling back to num_samples=1
Falling back to num_samples=1
Falling back to num_samples=1
Falling back to num_samples=1
Falling back to num_samples=1
Falling back to num_samples=1
Falling back to num_samples=1
Falling back to num_samples=1
Falling back to num_samples=1
Falling back to num_samples=1
Falling back to num_samples=1
Falling back to num_samples=1
Falling back to num_samples=1
Falling back to num_samples=1
Falling back to num_samples=1
Falling back to num_samples=1
Falling back to num_samples=1
Falling back to num_samples=1
Falling back to num_samples=1
Falling back to num_samples=1
Falling back to num_samples=1
Falling back to num_samples=1
Falling back to num_samples=1
Falling back to num_samples=1
Falling back to num_samples=1
Falling back to num_samples=1
Falling back to num_samples=1
Falling back to num_samples=1
Falling back to num_samples=1
Falling back to num_samples=1
Falling back to num_samples=1
Falling back to num_samples=1
Falling back to num_samples=1
Falling back to num_samples=1
Falling back to num_samples=1
Falling back to num_samples=1
Falling back to num_samples=1
Falling back to num_samples=1
Falling back to num_samples=1
Falling back to num_samples=1
Falling back to num_samples=1
Falling back to num_samples=1
Falling back to num_samples=1
Falling back to num_samples=1
Falling back to num_samples=1
Falling back to num_samples=1
Falling back to num_samples=1
Falling back to num_samples=1
Falling back to num_samples=1
Falling back to num_samples=1
Falling back to num_samples=1
Falling back to num_samples=1
Falling back to num_samples=1
Falling back to num_samples=1
Falling back to num_samples=1
Falling back to num_samples=1
Falling back to num_samples=1
Falling back to num_samples=1
Falling back to num_samples=1
Falling back to num_samples=1
Falling back to num_samples=1
Falling back to num_samples=1
Falling back to num_samples=1
Falling back to num_samples=1
Falling back to num_samples=1
Falling back to num_samples=1
Falling back to num_samples=1
Falling back to num_samples=1
Falling back to num_samples=1
Falling back to num_samples=1
Falling back to num_samples=1
Falling back to num_samples=1
Falling back to num_samples=1
Falling back to num_samples=1
Falling back to num_samples=1
Falling back to num_samples=1
Falling back to num_samples=1
Falling back to num_samples=1
Falling back to num_samples=1
Falling back to num_samples=1
Falling back to num_samples=1
Falling back to num_samples=1
Falling back to num_samples=1
Falling back to num_samples=1
Falling back to num_samples=1
Falling back to num_samples=1
Falling back to num_samples=1
Falling back to num_samples=1
Falling back to num_samples=1
Falling back to num_samples=1
Falling back to num_samples=1
Falling back to num_samples=1
Falling back to num_samples=1
Falling back to num_samples=1
Falling back to num_samples=1
Falling back to num_samples=1
Falling back to num_samples=1
Falling back to num_samples=1
Falling back to num_samples=1
Falling back to num_samples=1
Falling back to num_samples=1
Falling back to num_samples=1
Falling back to num_samples=1
Falling back to num_samples=1
Falling back to num_samples=1
Falling back to num_samples=1
Falling back to num_samples=1
Falling back to num_samples=1
Falling back to num_samples=1
Falling back to num_samples=1
Falling back to num_samples=1
Falling back to num_samples=1
Falling back to num_samples=1
Falling back to num_samples=1
Falling back to num_samples=1
Falling back to num_samples=1
Falling back to num_samples=1
Falling back to num_samples=1
Falling back to num_samples=1
Falling back to num_samples=1
Falling back to num_samples=1
Falling back to num_samples=1
Falling back to num_samples=1
Falling back to num_samples=1
Falling back to num_samples=1
Falling back to num_samples=1
Falling back to num_samples=1
Falling back to num_samples=1
Falling back to num_samples=1
Falling back to num_samples=1
Falling back to num_samples=1
Falling back to num_samples=1
Falling back to num_samples=1
Falling back to num_samples=1
Falling back to num_samples=1
Falling back to num_samples=1
Falling back to num_samples=1
Falling back to num_samples=1
Falling back to num_samples=1
Falling back to num_samples=1
Falling back to num_samples=1
Falling back to num_samples=1
Falling back to num_samples=1
Falling back to num_samples=1
Falling back to num_samples=1
Falling back to num_samples=1
Falling back to num_samples=1
Falling back to num_samples=1
Falling back to num_samples=1
Falling back to num_samples=1
Falling back to num_samples=1
Falling back to num_samples=1
Falling back to num_samples=1
Falling back to num_samples=1
Falling back to num_samples=1
Falling back to num_samples=1
Falling back to num_samples=1
Falling back to num_samples=1
Falling back to num_samples=1
Falling back to num_samples=1
Falling back to num_samples=1
Falling back to num_samples=1
Falling back to num_samples=1
Falling back to num_samples=1
Falling back to num_samples=1
Falling back to num_samples=1
Falling back to num_samples=1
Falling back to num_samples=1
Falling back to num_samples=1
Falling back to num_samples=1
Falling back to num_samples=1
Falling back to num_samples=1
Falling back to num_samples=1
Falling back to num_samples=1
Falling back to num_samples=1
Falling back to num_samples=1
Falling back to num_samples=1
Falling back to num_samples=1
Falling back to num_samples=1
Falling back to num_samples=1
Falling back to num_samples=1
Falling back to num_samples=1
Falling back to num_samples=1
Falling back to num_samples=1
Falling back to num_samples=1
Falling back to num_samples=1
Falling back to num_samples=1
Falling back to num_samples=1
Falling back to num_samples=1
Falling back to num_samples=1
Falling back to num_samples=1
Falling back to num_samples=1
Falling back to num_samples=1
