I1001 16:35:53.153223 46989122975552 xla_bridge.py:355] Unable to initialize backend 'tpu_driver': NOT_FOUND: Unable to find driver in registry given worker: 
I1001 16:35:53.285516 46989122975552 xla_bridge.py:355] Unable to initialize backend 'rocm': NOT_FOUND: Could not find registered platform with name: "rocm". Available platform names are: Host CUDA Interpreter
I1001 16:35:53.285992 46989122975552 xla_bridge.py:355] Unable to initialize backend 'tpu': module 'jaxlib.xla_extension' has no attribute 'get_tpu_client'
I1001 16:35:53.286122 46989122975552 xla_bridge.py:355] Unable to initialize backend 'plugin': xla_extension has no attributes named get_plugin_device_client. Compile TensorFlow with //tensorflow/compiler/xla/python:enable_plugin_device set to true (defaults to false) to enable this.
I1001 16:35:53.286244 46989122975552 run_miniworld.py:99] Collecting data on MiniWorld on gpu.
I1001 16:36:03.573974 46989122975552 run_miniworld.py:135] Observation shape: (60, 80, 3)
I1001 16:36:14.827939 46989122975552 run_miniworld.py:238] Data collection iteration 0.
I1001 16:36:52.171787 46989122975552 run_miniworld.py:245] Evaluation iteration 0.
/home/mklissa/DCEO/lib/python3.8/site-packages/distrax/_src/distributions/categorical.py:96: UserWarning: Explicitly requested dtype <class 'jax.numpy.int64'> requested in astype is not available, and will be truncated to dtype int32. To enable more dtypes, set the jax_enable_x64 configuration option or the JAX_ENABLE_X64 shell environment variable. See https://github.com/google/jax#current-gotchas for more.
  return draws.astype(self._dtype)
I1001 16:37:02.450711 46989122975552 run_miniworld.py:262] iteration:   0
 frame:     0
 eval_episode_return:  0.00
 train_episode_return:  0.04
 train_exploration_epsilon: 1.000
 train_frame_rate:  669
I1001 16:37:10.849425 46989122975552 run_miniworld.py:238] Data collection iteration 1.
I1001 16:37:48.510235 46989122975552 run_miniworld.py:245] Evaluation iteration 1.
I1001 16:37:58.193522 46989122975552 run_miniworld.py:262] iteration:   1
 frame: 25000
 eval_episode_return:  0.00
 train_episode_return:  0.00
 train_exploration_epsilon: 1.000
 train_frame_rate:  664
I1001 16:38:01.270458 46989122975552 run_miniworld.py:238] Data collection iteration 2.
I1001 16:38:01.754241 46989122975552 dceo_agent.py:296] Begin learning
I1001 16:40:26.282778 46989122975552 run_miniworld.py:245] Evaluation iteration 2.
I1001 16:40:36.116183 46989122975552 run_miniworld.py:262] iteration:   2
 frame: 50000
 eval_episode_return:  0.00
 train_episode_return:  0.04
 train_exploration_epsilon: 0.955
 train_frame_rate:  172
I1001 16:40:39.177928 46989122975552 run_miniworld.py:238] Data collection iteration 3.
I1001 16:42:57.876592 46989122975552 run_miniworld.py:245] Evaluation iteration 3.
I1001 16:43:07.316471 46989122975552 run_miniworld.py:262] iteration:   3
 frame: 75000
 eval_episode_return:  0.00
 train_episode_return:  0.00
 train_exploration_epsilon: 0.910
 train_frame_rate:  180
I1001 16:43:10.474653 46989122975552 run_miniworld.py:238] Data collection iteration 4.
I1001 16:45:29.167361 46989122975552 run_miniworld.py:245] Evaluation iteration 4.
I1001 16:45:38.511092 46989122975552 run_miniworld.py:262] iteration:   4
 frame: 100000
 eval_episode_return:  0.00
 train_episode_return:  0.08
 train_exploration_epsilon: 0.865
 train_frame_rate:  180
I1001 16:45:41.672816 46989122975552 run_miniworld.py:238] Data collection iteration 5.
I1001 16:48:01.318412 46989122975552 run_miniworld.py:245] Evaluation iteration 5.
I1001 16:48:11.003692 46989122975552 run_miniworld.py:262] iteration:   5
 frame: 125000
 eval_episode_return:  0.00
 train_episode_return:  0.12
 train_exploration_epsilon: 0.820
 train_frame_rate:  179
I1001 16:48:14.105540 46989122975552 run_miniworld.py:238] Data collection iteration 6.
I1001 16:50:34.067937 46989122975552 run_miniworld.py:245] Evaluation iteration 6.
I1001 16:50:43.293829 46989122975552 run_miniworld.py:262] iteration:   6
 frame: 150000
 eval_episode_return:  0.00
 train_episode_return:  0.25
 train_exploration_epsilon: 0.775
 train_frame_rate:  179
I1001 16:50:46.034462 46989122975552 run_miniworld.py:238] Data collection iteration 7.
I1001 16:53:07.754728 46989122975552 run_miniworld.py:245] Evaluation iteration 7.
I1001 16:53:16.538612 46989122975552 run_miniworld.py:262] iteration:   7
 frame: 175000
 eval_episode_return:  0.00
 train_episode_return:  0.04
 train_exploration_epsilon: 0.730
 train_frame_rate:  176
I1001 16:53:19.330921 46989122975552 run_miniworld.py:238] Data collection iteration 8.
I1001 16:55:41.261471 46989122975552 run_miniworld.py:245] Evaluation iteration 8.
I1001 16:55:50.659530 46989122975552 run_miniworld.py:262] iteration:   8
 frame: 200000
 eval_episode_return:  0.00
 train_episode_return:  0.00
 train_exploration_epsilon: 0.685
 train_frame_rate:  176
I1001 16:55:53.490694 46989122975552 run_miniworld.py:238] Data collection iteration 9.
I1001 16:58:15.380793 46989122975552 run_miniworld.py:245] Evaluation iteration 9.
I1001 16:58:25.303145 46989122975552 run_miniworld.py:262] iteration:   9
 frame: 225000
 eval_episode_return:  0.00
 train_episode_return:  0.00
 train_exploration_epsilon: 0.640
 train_frame_rate:  176
I1001 16:58:28.517718 46989122975552 run_miniworld.py:238] Data collection iteration 10.
I1001 17:00:51.101936 46989122975552 run_miniworld.py:245] Evaluation iteration 10.
I1001 17:01:00.905798 46989122975552 run_miniworld.py:262] iteration:  10
 frame: 250000
 eval_episode_return:  0.00
 train_episode_return:  0.04
 train_exploration_epsilon: 0.595
 train_frame_rate:  175
I1001 17:01:05.177852 46989122975552 run_miniworld.py:238] Data collection iteration 11.
I1001 17:03:28.332913 46989122975552 run_miniworld.py:245] Evaluation iteration 11.
I1001 17:03:38.139630 46989122975552 run_miniworld.py:262] iteration:  11
 frame: 275000
 eval_episode_return:  0.00
 train_episode_return:  0.00
 train_exploration_epsilon: 0.550
 train_frame_rate:  175
I1001 17:03:41.375463 46989122975552 run_miniworld.py:238] Data collection iteration 12.
I1001 17:06:04.451640 46989122975552 run_miniworld.py:245] Evaluation iteration 12.
I1001 17:06:14.055971 46989122975552 run_miniworld.py:262] iteration:  12
 frame: 300000
 eval_episode_return:  0.00
 train_episode_return:  0.08
 train_exploration_epsilon: 0.505
 train_frame_rate:  175
I1001 17:06:16.843357 46989122975552 run_miniworld.py:238] Data collection iteration 13.
I1001 17:08:40.238243 46989122975552 run_miniworld.py:245] Evaluation iteration 13.
I1001 17:08:49.605457 46989122975552 run_miniworld.py:262] iteration:  13
 frame: 325000
 eval_episode_return:  0.00
 train_episode_return:  0.12
 train_exploration_epsilon: 0.460
 train_frame_rate:  174
I1001 17:08:52.858370 46989122975552 run_miniworld.py:238] Data collection iteration 14.
I1001 17:11:16.030780 46989122975552 run_miniworld.py:245] Evaluation iteration 14.
I1001 17:11:25.520706 46989122975552 run_miniworld.py:262] iteration:  14
 frame: 350000
 eval_episode_return:  0.00
 train_episode_return:  0.04
 train_exploration_epsilon: 0.415
 train_frame_rate:  175
I1001 17:11:28.770532 46989122975552 run_miniworld.py:238] Data collection iteration 15.
I1001 17:13:53.286010 46989122975552 run_miniworld.py:245] Evaluation iteration 15.
I1001 17:14:02.782054 46989122975552 run_miniworld.py:262] iteration:  15
 frame: 375000
 eval_episode_return:  0.00
 train_episode_return:  0.00
 train_exploration_epsilon: 0.370
 train_frame_rate:  173
I1001 17:14:05.561044 46989122975552 run_miniworld.py:238] Data collection iteration 16.
I1001 17:16:30.223740 46989122975552 run_miniworld.py:245] Evaluation iteration 16.
I1001 17:16:39.618761 46989122975552 run_miniworld.py:262] iteration:  16
 frame: 400000
 eval_episode_return:  0.00
 train_episode_return:  0.00
 train_exploration_epsilon: 0.325
 train_frame_rate:  173
I1001 17:16:42.448332 46989122975552 run_miniworld.py:238] Data collection iteration 17.
I1001 17:19:08.130154 46989122975552 run_miniworld.py:245] Evaluation iteration 17.
I1001 17:19:17.171335 46989122975552 run_miniworld.py:262] iteration:  17
 frame: 425000
 eval_episode_return:  0.00
 train_episode_return:  0.08
 train_exploration_epsilon: 0.280
 train_frame_rate:  172
I1001 17:19:20.544233 46989122975552 run_miniworld.py:238] Data collection iteration 18.
I1001 17:21:45.292429 46989122975552 run_miniworld.py:245] Evaluation iteration 18.
I1001 17:21:54.350018 46989122975552 run_miniworld.py:262] iteration:  18
 frame: 450000
 eval_episode_return:  0.00
 train_episode_return:  0.04
 train_exploration_epsilon: 0.235
 train_frame_rate:  173
I1001 17:21:57.201964 46989122975552 run_miniworld.py:238] Data collection iteration 19.
I1001 17:24:22.946951 46989122975552 run_miniworld.py:245] Evaluation iteration 19.
I1001 17:24:32.765502 46989122975552 run_miniworld.py:262] iteration:  19
 frame: 475000
 eval_episode_return:  0.00
 train_episode_return:  0.08
 train_exploration_epsilon: 0.190
 train_frame_rate:  172
I1001 17:24:36.239660 46989122975552 run_miniworld.py:238] Data collection iteration 20.
I1001 17:27:03.025926 46989122975552 run_miniworld.py:245] Evaluation iteration 20.
I1001 17:27:12.527751 46989122975552 run_miniworld.py:262] iteration:  20
 frame: 500000
 eval_episode_return:  0.00
 train_episode_return:  0.08
 train_exploration_epsilon: 0.145
 train_frame_rate:  170
I1001 17:27:15.849461 46989122975552 run_miniworld.py:238] Data collection iteration 21.
I1001 17:29:43.432065 46989122975552 run_miniworld.py:245] Evaluation iteration 21.
I1001 17:29:53.093569 46989122975552 run_miniworld.py:262] iteration:  21
 frame: 525000
 eval_episode_return:  0.00
 train_episode_return:  0.00
 train_exploration_epsilon: 0.100
 train_frame_rate:  169
I1001 17:29:55.923809 46989122975552 run_miniworld.py:238] Data collection iteration 22.
I1001 17:32:23.410100 46989122975552 run_miniworld.py:245] Evaluation iteration 22.
I1001 17:32:33.189139 46989122975552 run_miniworld.py:262] iteration:  22
 frame: 550000
 eval_episode_return:  0.00
 train_episode_return:  0.15
 train_exploration_epsilon: 0.100
 train_frame_rate:  170
I1001 17:32:36.673327 46989122975552 run_miniworld.py:238] Data collection iteration 23.
I1001 17:35:05.332806 46989122975552 run_miniworld.py:245] Evaluation iteration 23.
I1001 17:35:14.821442 46989122975552 run_miniworld.py:262] iteration:  23
 frame: 575000
 eval_episode_return:  0.00
 train_episode_return:  0.00
 train_exploration_epsilon: 0.100
 train_frame_rate:  168
I1001 17:35:17.632969 46989122975552 run_miniworld.py:238] Data collection iteration 24.
I1001 17:37:46.050804 46989122975552 run_miniworld.py:245] Evaluation iteration 24.
I1001 17:37:55.471897 46989122975552 run_miniworld.py:262] iteration:  24
 frame: 600000
 eval_episode_return:  0.00
 train_episode_return:  0.00
 train_exploration_epsilon: 0.100
 train_frame_rate:  168
I1001 17:37:59.529617 46989122975552 run_miniworld.py:238] Data collection iteration 25.
I1001 17:40:28.461808 46989122975552 run_miniworld.py:245] Evaluation iteration 25.
I1001 17:40:37.915404 46989122975552 run_miniworld.py:262] iteration:  25
 frame: 625000
 eval_episode_return:  0.00
 train_episode_return:  0.04
 train_exploration_epsilon: 0.100
 train_frame_rate:  168
I1001 17:40:40.703409 46989122975552 run_miniworld.py:238] Data collection iteration 26.
I1001 17:43:10.387309 46989122975552 run_miniworld.py:245] Evaluation iteration 26.
I1001 17:43:20.047033 46989122975552 run_miniworld.py:262] iteration:  26
 frame: 650000
 eval_episode_return:  0.00
 train_episode_return:  0.08
 train_exploration_epsilon: 0.100
 train_frame_rate:  167
I1001 17:43:23.172531 46989122975552 run_miniworld.py:238] Data collection iteration 27.
I1001 17:45:52.434664 46989122975552 run_miniworld.py:245] Evaluation iteration 27.
I1001 17:46:02.007349 46989122975552 run_miniworld.py:262] iteration:  27
 frame: 675000
 eval_episode_return:  0.00
 train_episode_return:  0.00
 train_exploration_epsilon: 0.100
 train_frame_rate:  167
I1001 17:46:05.455024 46989122975552 run_miniworld.py:238] Data collection iteration 28.
I1001 17:48:34.794215 46989122975552 run_miniworld.py:245] Evaluation iteration 28.
I1001 17:48:44.396919 46989122975552 run_miniworld.py:262] iteration:  28
 frame: 700000
 eval_episode_return:  0.00
 train_episode_return:  0.00
 train_exploration_epsilon: 0.100
 train_frame_rate:  167
I1001 17:48:47.217952 46989122975552 run_miniworld.py:238] Data collection iteration 29.
I1001 17:51:17.879695 46989122975552 run_miniworld.py:245] Evaluation iteration 29.
I1001 17:51:27.904003 46989122975552 run_miniworld.py:262] iteration:  29
 frame: 725000
 eval_episode_return:  0.00
 train_episode_return:  0.00
 train_exploration_epsilon: 0.100
 train_frame_rate:  166
I1001 17:51:31.657706 46989122975552 run_miniworld.py:238] Data collection iteration 30.
I1001 17:54:02.871416 46989122975552 run_miniworld.py:245] Evaluation iteration 30.
I1001 17:54:12.953840 46989122975552 run_miniworld.py:262] iteration:  30
 frame: 750000
 eval_episode_return:  0.00
 train_episode_return:  0.00
 train_exploration_epsilon: 0.100
 train_frame_rate:  165
I1001 17:54:15.806778 46989122975552 run_miniworld.py:238] Data collection iteration 31.
I1001 17:56:46.789623 46989122975552 run_miniworld.py:245] Evaluation iteration 31.
I1001 17:56:56.495193 46989122975552 run_miniworld.py:262] iteration:  31
 frame: 775000
 eval_episode_return:  0.00
 train_episode_return:  0.00
 train_exploration_epsilon: 0.100
 train_frame_rate:  166
I1001 17:57:00.154258 46989122975552 run_miniworld.py:238] Data collection iteration 32.
I1001 17:59:31.642896 46989122975552 run_miniworld.py:245] Evaluation iteration 32.
I1001 17:59:41.364388 46989122975552 run_miniworld.py:262] iteration:  32
 frame: 800000
 eval_episode_return:  0.00
 train_episode_return:  0.04
 train_exploration_epsilon: 0.100
 train_frame_rate:  165
I1001 17:59:44.239650 46989122975552 run_miniworld.py:238] Data collection iteration 33.
I1001 18:02:16.262951 46989122975552 run_miniworld.py:245] Evaluation iteration 33.
I1001 18:02:26.222813 46989122975552 run_miniworld.py:262] iteration:  33
 frame: 825000
 eval_episode_return:  0.00
 train_episode_return:  0.00
 train_exploration_epsilon: 0.100
 train_frame_rate:  164
I1001 18:02:29.892884 46989122975552 run_miniworld.py:238] Data collection iteration 34.
I1001 18:05:01.865577 46989122975552 run_miniworld.py:245] Evaluation iteration 34.
I1001 18:05:11.391446 46989122975552 run_miniworld.py:262] iteration:  34
 frame: 850000
 eval_episode_return:  0.00
 train_episode_return:  0.00
 train_exploration_epsilon: 0.100
 train_frame_rate:  165
I1001 18:05:14.296347 46989122975552 run_miniworld.py:238] Data collection iteration 35.
I1001 18:07:46.962342 46989122975552 run_miniworld.py:245] Evaluation iteration 35.
I1001 18:07:56.956104 46989122975552 run_miniworld.py:262] iteration:  35
 frame: 875000
 eval_episode_return:  0.00
 train_episode_return:  0.04
 train_exploration_epsilon: 0.100
 train_frame_rate:  164
I1001 18:08:00.220659 46989122975552 run_miniworld.py:238] Data collection iteration 36.
I1001 18:10:33.514133 46989122975552 run_miniworld.py:245] Evaluation iteration 36.
I1001 18:10:43.042844 46989122975552 run_miniworld.py:262] iteration:  36
 frame: 900000
 eval_episode_return:  0.00
 train_episode_return:  0.00
 train_exploration_epsilon: 0.100
 train_frame_rate:  163
I1001 18:10:45.822076 46989122975552 run_miniworld.py:238] Data collection iteration 37.
I1001 18:13:19.059640 46989122975552 run_miniworld.py:245] Evaluation iteration 37.
I1001 18:13:29.130863 46989122975552 run_miniworld.py:262] iteration:  37
 frame: 925000
 eval_episode_return:  0.00
 train_episode_return:  0.00
 train_exploration_epsilon: 0.100
 train_frame_rate:  163
I1001 18:13:32.094943 46989122975552 run_miniworld.py:238] Data collection iteration 38.
I1001 18:16:05.074008 46989122975552 run_miniworld.py:245] Evaluation iteration 38.
I1001 18:16:14.656042 46989122975552 run_miniworld.py:262] iteration:  38
 frame: 950000
 eval_episode_return:  0.00
 train_episode_return:  0.00
 train_exploration_epsilon: 0.100
 train_frame_rate:  163
I1001 18:16:18.336121 46989122975552 run_miniworld.py:238] Data collection iteration 39.
I1001 18:18:52.050581 46989122975552 run_miniworld.py:245] Evaluation iteration 39.
I1001 18:19:02.035060 46989122975552 run_miniworld.py:262] iteration:  39
 frame: 975000
 eval_episode_return:  0.00
 train_episode_return:  0.00
 train_exploration_epsilon: 0.100
 train_frame_rate:  163
I1001 18:19:05.057833 46989122975552 run_miniworld.py:238] Data collection iteration 40.
I1001 18:21:37.965183 46989122975552 run_miniworld.py:245] Evaluation iteration 40.
I1001 18:21:47.532112 46989122975552 run_miniworld.py:262] iteration:  40
 frame: 1000000
 eval_episode_return:  0.00
 train_episode_return:  0.08
 train_exploration_epsilon: 0.100
 train_frame_rate:  163
I1001 18:21:51.649216 46989122975552 run_miniworld.py:238] Data collection iteration 41.
I1001 18:24:25.044924 46989122975552 run_miniworld.py:245] Evaluation iteration 41.
I1001 18:24:35.107345 46989122975552 run_miniworld.py:262] iteration:  41
 frame: 1025000
 eval_episode_return:  0.00
 train_episode_return:  0.00
 train_exploration_epsilon: 0.100
 train_frame_rate:  163
I1001 18:24:38.061904 46989122975552 run_miniworld.py:238] Data collection iteration 42.
I1001 18:27:11.496518 46989122975552 run_miniworld.py:245] Evaluation iteration 42.
I1001 18:27:20.565144 46989122975552 run_miniworld.py:262] iteration:  42
 frame: 1050000
 eval_episode_return:  0.00
 train_episode_return:  0.00
 train_exploration_epsilon: 0.100
 train_frame_rate:  163
I1001 18:27:23.497001 46989122975552 run_miniworld.py:238] Data collection iteration 43.
I1001 18:29:57.963532 46989122975552 run_miniworld.py:245] Evaluation iteration 43.
I1001 18:30:07.781076 46989122975552 run_miniworld.py:262] iteration:  43
 frame: 1075000
 eval_episode_return:  0.00
 train_episode_return:  0.00
 train_exploration_epsilon: 0.100
 train_frame_rate:  162
I1001 18:30:10.855853 46989122975552 run_miniworld.py:238] Data collection iteration 44.
I1001 18:32:44.417356 46989122975552 run_miniworld.py:245] Evaluation iteration 44.
I1001 18:32:54.482635 46989122975552 run_miniworld.py:262] iteration:  44
 frame: 1100000
 eval_episode_return:  0.00
 train_episode_return:  0.08
 train_exploration_epsilon: 0.100
 train_frame_rate:  163
I1001 18:32:57.306343 46989122975552 run_miniworld.py:238] Data collection iteration 45.
I1001 18:35:30.701590 46989122975552 run_miniworld.py:245] Evaluation iteration 45.
I1001 18:35:40.266905 46989122975552 run_miniworld.py:262] iteration:  45
 frame: 1125000
 eval_episode_return:  0.00
 train_episode_return:  0.08
 train_exploration_epsilon: 0.100
 train_frame_rate:  163
I1001 18:35:44.014717 46989122975552 run_miniworld.py:238] Data collection iteration 46.
I1001 18:38:17.980811 46989122975552 run_miniworld.py:245] Evaluation iteration 46.
I1001 18:38:28.000569 46989122975552 run_miniworld.py:262] iteration:  46
 frame: 1150000
 eval_episode_return:  0.00
 train_episode_return:  0.00
 train_exploration_epsilon: 0.100
 train_frame_rate:  162
I1001 18:38:30.826577 46989122975552 run_miniworld.py:238] Data collection iteration 47.
I1001 18:41:05.550752 46989122975552 run_miniworld.py:245] Evaluation iteration 47.
I1001 18:41:15.234338 46989122975552 run_miniworld.py:262] iteration:  47
 frame: 1175000
 eval_episode_return:  0.00
 train_episode_return:  0.04
 train_exploration_epsilon: 0.100
 train_frame_rate:  162
I1001 18:41:19.080845 46989122975552 run_miniworld.py:238] Data collection iteration 48.
I1001 18:43:53.178585 46989122975552 run_miniworld.py:245] Evaluation iteration 48.
I1001 18:44:03.233302 46989122975552 run_miniworld.py:262] iteration:  48
 frame: 1200000
 eval_episode_return:  0.00
 train_episode_return:  0.00
 train_exploration_epsilon: 0.100
 train_frame_rate:  162
I1001 18:44:06.052973 46989122975552 run_miniworld.py:238] Data collection iteration 49.
I1001 18:46:40.286948 46989122975552 run_miniworld.py:245] Evaluation iteration 49.
I1001 18:46:50.137201 46989122975552 run_miniworld.py:262] iteration:  49
 frame: 1225000
 eval_episode_return:  0.00
 train_episode_return:  0.00
 train_exploration_epsilon: 0.100
 train_frame_rate:  162
I1001 18:46:53.000305 46989122975552 run_miniworld.py:238] Data collection iteration 50.
I1001 18:49:27.163466 46989122975552 run_miniworld.py:245] Evaluation iteration 50.
I1001 18:49:37.146736 46989122975552 run_miniworld.py:262] iteration:  50
 frame: 1250000
 eval_episode_return:  0.00
 train_episode_return:  0.00
 train_exploration_epsilon: 0.100
 train_frame_rate:  162
I1001 18:49:42.851563 46989122975552 run_miniworld.py:238] Data collection iteration 51.
I1001 18:52:16.504370 46989122975552 run_miniworld.py:245] Evaluation iteration 51.
I1001 18:52:26.123465 46989122975552 run_miniworld.py:262] iteration:  51
 frame: 1275000
 eval_episode_return:  0.00
 train_episode_return:  0.08
 train_exploration_epsilon: 0.100
 train_frame_rate:  163
I1001 18:52:28.908016 46989122975552 run_miniworld.py:238] Data collection iteration 52.
I1001 18:55:02.158558 46989122975552 run_miniworld.py:245] Evaluation iteration 52.
I1001 18:55:12.170169 46989122975552 run_miniworld.py:262] iteration:  52
 frame: 1300000
 eval_episode_return:  0.00
 train_episode_return:  0.04
 train_exploration_epsilon: 0.100
 train_frame_rate:  163
I1001 18:55:15.986988 46989122975552 run_miniworld.py:238] Data collection iteration 53.
I1001 18:57:49.735337 46989122975552 run_miniworld.py:245] Evaluation iteration 53.
I1001 18:57:59.410486 46989122975552 run_miniworld.py:262] iteration:  53
 frame: 1325000
 eval_episode_return:  0.00
 train_episode_return:  0.00
 train_exploration_epsilon: 0.100
 train_frame_rate:  163
I1001 18:58:02.346601 46989122975552 run_miniworld.py:238] Data collection iteration 54.
I1001 19:00:36.247674 46989122975552 run_miniworld.py:245] Evaluation iteration 54.
I1001 19:00:46.179378 46989122975552 run_miniworld.py:262] iteration:  54
 frame: 1350000
 eval_episode_return:  0.00
 train_episode_return:  0.00
 train_exploration_epsilon: 0.100
 train_frame_rate:  162
I1001 19:00:49.079072 46989122975552 run_miniworld.py:238] Data collection iteration 55.
I1001 19:03:23.479152 46989122975552 run_miniworld.py:245] Evaluation iteration 55.
I1001 19:03:33.496945 46989122975552 run_miniworld.py:262] iteration:  55
 frame: 1375000
 eval_episode_return:  0.00
 train_episode_return:  0.04
 train_exploration_epsilon: 0.100
 train_frame_rate:  162
I1001 19:03:37.311307 46989122975552 run_miniworld.py:238] Data collection iteration 56.
I1001 19:06:10.954708 46989122975552 run_miniworld.py:245] Evaluation iteration 56.
I1001 19:06:20.848866 46989122975552 run_miniworld.py:262] iteration:  56
 frame: 1400000
 eval_episode_return:  0.00
 train_episode_return:  0.04
 train_exploration_epsilon: 0.100
 train_frame_rate:  163
I1001 19:06:23.655383 46989122975552 run_miniworld.py:238] Data collection iteration 57.
I1001 19:08:58.012035 46989122975552 run_miniworld.py:245] Evaluation iteration 57.
I1001 19:09:08.089482 46989122975552 run_miniworld.py:262] iteration:  57
 frame: 1425000
 eval_episode_return:  0.00
 train_episode_return:  0.26
 train_exploration_epsilon: 0.100
 train_frame_rate:  162
I1001 19:09:11.933464 46989122975552 run_miniworld.py:238] Data collection iteration 58.
I1001 19:11:46.114078 46989122975552 run_miniworld.py:245] Evaluation iteration 58.
I1001 19:11:56.308802 46989122975552 run_miniworld.py:262] iteration:  58
 frame: 1450000
 eval_episode_return:  0.00
 train_episode_return:  0.04
 train_exploration_epsilon: 0.100
 train_frame_rate:  162
I1001 19:11:59.180068 46989122975552 run_miniworld.py:238] Data collection iteration 59.
I1001 19:14:32.991969 46989122975552 run_miniworld.py:245] Evaluation iteration 59.
I1001 19:14:43.024420 46989122975552 run_miniworld.py:262] iteration:  59
 frame: 1475000
 eval_episode_return:  0.00
 train_episode_return:  0.15
 train_exploration_epsilon: 0.100
 train_frame_rate:  163
I1001 19:14:45.906464 46989122975552 run_miniworld.py:238] Data collection iteration 60.
I1001 19:17:19.646813 46989122975552 run_miniworld.py:245] Evaluation iteration 60.
I1001 19:17:29.349420 46989122975552 run_miniworld.py:262] iteration:  60
 frame: 1500000
 eval_episode_return:  0.00
 train_episode_return:  0.12
 train_exploration_epsilon: 0.100
 train_frame_rate:  163
I1001 19:17:33.241696 46989122975552 run_miniworld.py:238] Data collection iteration 61.
I1001 19:20:06.708192 46989122975552 run_miniworld.py:245] Evaluation iteration 61.
I1001 19:20:16.598617 46989122975552 run_miniworld.py:262] iteration:  61
 frame: 1525000
 eval_episode_return:  0.00
 train_episode_return:  0.12
 train_exploration_epsilon: 0.100
 train_frame_rate:  163
I1001 19:20:19.397208 46989122975552 run_miniworld.py:238] Data collection iteration 62.
I1001 19:22:53.738393 46989122975552 run_miniworld.py:245] Evaluation iteration 62.
I1001 19:23:03.487860 46989122975552 run_miniworld.py:262] iteration:  62
 frame: 1550000
 eval_episode_return:  0.00
 train_episode_return:  0.08
 train_exploration_epsilon: 0.100
 train_frame_rate:  162
I1001 19:23:07.272766 46989122975552 run_miniworld.py:238] Data collection iteration 63.
I1001 19:25:41.395483 46989122975552 run_miniworld.py:245] Evaluation iteration 63.
I1001 19:25:51.041009 46989122975552 run_miniworld.py:262] iteration:  63
 frame: 1575000
 eval_episode_return:  0.00
 train_episode_return:  0.15
 train_exploration_epsilon: 0.100
 train_frame_rate:  162
I1001 19:25:54.164191 46989122975552 run_miniworld.py:238] Data collection iteration 64.
I1001 19:28:28.383867 46989122975552 run_miniworld.py:245] Evaluation iteration 64.
I1001 19:28:38.245632 46989122975552 run_miniworld.py:262] iteration:  64
 frame: 1600000
 eval_episode_return:  0.00
 train_episode_return:  0.12
 train_exploration_epsilon: 0.100
 train_frame_rate:  162
I1001 19:28:41.073731 46989122975552 run_miniworld.py:238] Data collection iteration 65.
I1001 19:31:16.824285 46989122975552 run_miniworld.py:245] Evaluation iteration 65.
I1001 19:31:26.708806 46989122975552 run_miniworld.py:262] iteration:  65
 frame: 1625000
 eval_episode_return:  0.00
 train_episode_return:  0.19
 train_exploration_epsilon: 0.100
 train_frame_rate:  161
I1001 19:31:29.518486 46989122975552 run_miniworld.py:238] Data collection iteration 66.
I1001 19:34:03.518149 46989122975552 run_miniworld.py:245] Evaluation iteration 66.
I1001 19:34:13.241259 46989122975552 run_miniworld.py:262] iteration:  66
 frame: 1650000
 eval_episode_return:  0.00
 train_episode_return:  0.04
 train_exploration_epsilon: 0.100
 train_frame_rate:  162
I1001 19:34:16.042390 46989122975552 run_miniworld.py:238] Data collection iteration 67.
I1001 19:36:50.507229 46989122975552 run_miniworld.py:245] Evaluation iteration 67.
I1001 19:37:00.312101 46989122975552 run_miniworld.py:262] iteration:  67
 frame: 1675000
 eval_episode_return:  0.00
 train_episode_return:  0.08
 train_exploration_epsilon: 0.100
 train_frame_rate:  162
I1001 19:37:04.162528 46989122975552 run_miniworld.py:238] Data collection iteration 68.
I1001 19:39:39.589632 46989122975552 run_miniworld.py:245] Evaluation iteration 68.
I1001 19:39:49.679646 46989122975552 run_miniworld.py:262] iteration:  68
 frame: 1700000
 eval_episode_return:  0.00
 train_episode_return:  0.15
 train_exploration_epsilon: 0.100
 train_frame_rate:  161
I1001 19:39:52.606632 46989122975552 run_miniworld.py:238] Data collection iteration 69.
I1001 19:42:26.853430 46989122975552 run_miniworld.py:245] Evaluation iteration 69.
I1001 19:42:36.919821 46989122975552 run_miniworld.py:262] iteration:  69
 frame: 1725000
 eval_episode_return:  0.00
 train_episode_return:  0.19
 train_exploration_epsilon: 0.100
 train_frame_rate:  162
I1001 19:42:40.895996 46989122975552 run_miniworld.py:238] Data collection iteration 70.
I1001 19:45:17.978031 46989122975552 run_miniworld.py:245] Evaluation iteration 70.
I1001 19:45:27.836628 46989122975552 run_miniworld.py:262] iteration:  70
 frame: 1750000
 eval_episode_return:  0.00
 train_episode_return:  0.04
 train_exploration_epsilon: 0.100
 train_frame_rate:  159
I1001 19:45:30.697952 46989122975552 run_miniworld.py:238] Data collection iteration 71.
I1001 19:48:06.000734 46989122975552 run_miniworld.py:245] Evaluation iteration 71.
I1001 19:48:15.731802 46989122975552 run_miniworld.py:262] iteration:  71
 frame: 1775000
 eval_episode_return:  0.00
 train_episode_return:  0.12
 train_exploration_epsilon: 0.100
 train_frame_rate:  161
I1001 19:48:18.601129 46989122975552 run_miniworld.py:238] Data collection iteration 72.
I1001 19:50:53.988734 46989122975552 run_miniworld.py:245] Evaluation iteration 72.
I1001 19:51:03.685594 46989122975552 run_miniworld.py:262] iteration:  72
 frame: 1800000
 eval_episode_return:  0.00
 train_episode_return:  0.04
 train_exploration_epsilon: 0.100
 train_frame_rate:  161
I1001 19:51:07.466355 46989122975552 run_miniworld.py:238] Data collection iteration 73.
I1001 19:53:42.391057 46989122975552 run_miniworld.py:245] Evaluation iteration 73.
I1001 19:53:52.077256 46989122975552 run_miniworld.py:262] iteration:  73
 frame: 1825000
 eval_episode_return:  0.00
 train_episode_return:  0.08
 train_exploration_epsilon: 0.100
 train_frame_rate:  161
I1001 19:53:54.908200 46989122975552 run_miniworld.py:238] Data collection iteration 74.
I1001 19:56:29.924233 46989122975552 run_miniworld.py:245] Evaluation iteration 74.
I1001 19:56:39.793685 46989122975552 run_miniworld.py:262] iteration:  74
 frame: 1850000
 eval_episode_return:  0.00
 train_episode_return:  0.04
 train_exploration_epsilon: 0.100
 train_frame_rate:  161
I1001 19:56:44.769610 46989122975552 run_miniworld.py:238] Data collection iteration 75.
I1001 19:59:20.626251 46989122975552 run_miniworld.py:245] Evaluation iteration 75.
I1001 19:59:30.370366 46989122975552 run_miniworld.py:262] iteration:  75
 frame: 1875000
 eval_episode_return:  0.00
 train_episode_return:  0.08
 train_exploration_epsilon: 0.100
 train_frame_rate:  160
I1001 19:59:33.182808 46989122975552 run_miniworld.py:238] Data collection iteration 76.
I1001 20:02:08.381510 46989122975552 run_miniworld.py:245] Evaluation iteration 76.
I1001 20:02:18.164042 46989122975552 run_miniworld.py:262] iteration:  76
 frame: 1900000
 eval_episode_return:  0.00
 train_episode_return:  0.08
 train_exploration_epsilon: 0.100
 train_frame_rate:  161
I1001 20:02:21.013687 46989122975552 run_miniworld.py:238] Data collection iteration 77.
I1001 20:04:55.866503 46989122975552 run_miniworld.py:245] Evaluation iteration 77.
I1001 20:05:05.684978 46989122975552 run_miniworld.py:262] iteration:  77
 frame: 1925000
 eval_episode_return:  0.00
 train_episode_return:  0.19
 train_exploration_epsilon: 0.100
 train_frame_rate:  161
I1001 20:05:09.541753 46989122975552 run_miniworld.py:238] Data collection iteration 78.
I1001 20:07:47.423041 46989122975552 run_miniworld.py:245] Evaluation iteration 78.
I1001 20:07:57.593291 46989122975552 run_miniworld.py:262] iteration:  78
 frame: 1950000
 eval_episode_return:  0.00
 train_episode_return:  0.12
 train_exploration_epsilon: 0.100
 train_frame_rate:  158
I1001 20:08:00.470849 46989122975552 run_miniworld.py:238] Data collection iteration 79.
I1001 20:10:35.825345 46989122975552 run_miniworld.py:245] Evaluation iteration 79.
I1001 20:10:45.511803 46989122975552 run_miniworld.py:262] iteration:  79
 frame: 1975000
 eval_episode_return:  0.00
 train_episode_return:  0.19
 train_exploration_epsilon: 0.100
 train_frame_rate:  161
I1001 20:10:49.491577 46989122975552 run_miniworld.py:238] Data collection iteration 80.
I1001 20:13:25.189501 46989122975552 run_miniworld.py:245] Evaluation iteration 80.
I1001 20:13:34.867929 46989122975552 run_miniworld.py:262] iteration:  80
 frame: 2000000
 eval_episode_return:  0.00
 train_episode_return:  0.12
 train_exploration_epsilon: 0.100
 train_frame_rate:  161
I1001 20:13:37.768541 46989122975552 run_miniworld.py:238] Data collection iteration 81.
I1001 20:16:12.017479 46989122975552 run_miniworld.py:245] Evaluation iteration 81.
I1001 20:16:21.724025 46989122975552 run_miniworld.py:262] iteration:  81
 frame: 2025000
 eval_episode_return:  0.00
 train_episode_return:  0.08
 train_exploration_epsilon: 0.100
 train_frame_rate:  162
I1001 20:16:24.635846 46989122975552 run_miniworld.py:238] Data collection iteration 82.
I1001 20:18:58.883045 46989122975552 run_miniworld.py:245] Evaluation iteration 82.
I1001 20:19:08.554219 46989122975552 run_miniworld.py:262] iteration:  82
 frame: 2050000
 eval_episode_return:  0.00
 train_episode_return:  0.08
 train_exploration_epsilon: 0.100
 train_frame_rate:  162
I1001 20:19:12.422138 46989122975552 run_miniworld.py:238] Data collection iteration 83.
I1001 20:21:47.361994 46989122975552 run_miniworld.py:245] Evaluation iteration 83.
I1001 20:21:57.439494 46989122975552 run_miniworld.py:262] iteration:  83
 frame: 2075000
 eval_episode_return:  0.00
 train_episode_return:  0.27
 train_exploration_epsilon: 0.100
 train_frame_rate:  161
I1001 20:22:00.348544 46989122975552 run_miniworld.py:238] Data collection iteration 84.
I1001 20:24:35.447238 46989122975552 run_miniworld.py:245] Evaluation iteration 84.
I1001 20:24:45.139737 46989122975552 run_miniworld.py:262] iteration:  84
 frame: 2100000
 eval_episode_return:  0.00
 train_episode_return:  0.04
 train_exploration_epsilon: 0.100
 train_frame_rate:  161
I1001 20:24:48.945785 46989122975552 run_miniworld.py:238] Data collection iteration 85.
I1001 20:27:24.431231 46989122975552 run_miniworld.py:245] Evaluation iteration 85.
I1001 20:27:34.552178 46989122975552 run_miniworld.py:262] iteration:  85
 frame: 2125000
 eval_episode_return:  0.00
 train_episode_return:  0.12
 train_exploration_epsilon: 0.100
 train_frame_rate:  161
I1001 20:27:37.410153 46989122975552 run_miniworld.py:238] Data collection iteration 86.
I1001 20:30:12.106771 46989122975552 run_miniworld.py:245] Evaluation iteration 86.
I1001 20:30:22.122159 46989122975552 run_miniworld.py:262] iteration:  86
 frame: 2150000
 eval_episode_return:  0.00
 train_episode_return:  0.00
 train_exploration_epsilon: 0.100
 train_frame_rate:  162
I1001 20:30:25.026666 46989122975552 run_miniworld.py:238] Data collection iteration 87.
I1001 20:33:00.092051 46989122975552 run_miniworld.py:245] Evaluation iteration 87.
I1001 20:33:10.084613 46989122975552 run_miniworld.py:262] iteration:  87
 frame: 2175000
 eval_episode_return:  0.00
 train_episode_return:  0.15
 train_exploration_epsilon: 0.100
 train_frame_rate:  161
I1001 20:33:13.950558 46989122975552 run_miniworld.py:238] Data collection iteration 88.
I1001 20:35:49.059543 46989122975552 run_miniworld.py:245] Evaluation iteration 88.
I1001 20:35:58.798151 46989122975552 run_miniworld.py:262] iteration:  88
 frame: 2200000
 eval_episode_return:  0.00
 train_episode_return:  0.00
 train_exploration_epsilon: 0.100
 train_frame_rate:  161
I1001 20:36:01.652085 46989122975552 run_miniworld.py:238] Data collection iteration 89.
I1001 20:38:37.331375 46989122975552 run_miniworld.py:245] Evaluation iteration 89.
I1001 20:38:47.274223 46989122975552 run_miniworld.py:262] iteration:  89
 frame: 2225000
 eval_episode_return:  0.00
 train_episode_return:  0.08
 train_exploration_epsilon: 0.100
 train_frame_rate:  161
I1001 20:38:51.099690 46989122975552 run_miniworld.py:238] Data collection iteration 90.
I1001 20:41:26.372688 46989122975552 run_miniworld.py:245] Evaluation iteration 90.
I1001 20:41:36.501764 46989122975552 run_miniworld.py:262] iteration:  90
 frame: 2250000
 eval_episode_return:  0.00
 train_episode_return:  0.04
 train_exploration_epsilon: 0.100
 train_frame_rate:  161
I1001 20:41:39.339220 46989122975552 run_miniworld.py:238] Data collection iteration 91.
I1001 20:44:14.787366 46989122975552 run_miniworld.py:245] Evaluation iteration 91.
I1001 20:44:24.760591 46989122975552 run_miniworld.py:262] iteration:  91
 frame: 2275000
 eval_episode_return:  0.00
 train_episode_return:  0.12
 train_exploration_epsilon: 0.100
 train_frame_rate:  161
I1001 20:44:27.692173 46989122975552 run_miniworld.py:238] Data collection iteration 92.
I1001 20:47:04.008876 46989122975552 run_miniworld.py:245] Evaluation iteration 92.
I1001 20:47:13.730181 46989122975552 run_miniworld.py:262] iteration:  92
 frame: 2300000
 eval_episode_return:  0.00
 train_episode_return:  0.21
 train_exploration_epsilon: 0.100
 train_frame_rate:  160
I1001 20:47:16.515605 46989122975552 run_miniworld.py:238] Data collection iteration 93.
I1001 20:49:51.432622 46989122975552 run_miniworld.py:245] Evaluation iteration 93.
I1001 20:50:01.415496 46989122975552 run_miniworld.py:262] iteration:  93
 frame: 2325000
 eval_episode_return:  0.00
 train_episode_return:  0.15
 train_exploration_epsilon: 0.100
 train_frame_rate:  161
I1001 20:50:04.492014 46989122975552 run_miniworld.py:238] Data collection iteration 94.
I1001 20:52:40.382716 46989122975552 run_miniworld.py:245] Evaluation iteration 94.
I1001 20:52:50.209922 46989122975552 run_miniworld.py:262] iteration:  94
 frame: 2350000
 eval_episode_return:  0.00
 train_episode_return:  0.08
 train_exploration_epsilon: 0.100
 train_frame_rate:  160
I1001 20:52:54.020524 46989122975552 run_miniworld.py:238] Data collection iteration 95.
I1001 20:55:29.617480 46989122975552 run_miniworld.py:245] Evaluation iteration 95.
I1001 20:55:39.775482 46989122975552 run_miniworld.py:262] iteration:  95
 frame: 2375000
 eval_episode_return:  0.00
 train_episode_return:  0.04
 train_exploration_epsilon: 0.100
 train_frame_rate:  161
I1001 20:55:42.654343 46989122975552 run_miniworld.py:238] Data collection iteration 96.
I1001 20:58:18.459953 46989122975552 run_miniworld.py:245] Evaluation iteration 96.
I1001 20:58:28.178069 46989122975552 run_miniworld.py:262] iteration:  96
 frame: 2400000
 eval_episode_return:  0.00
 train_episode_return:  0.04
 train_exploration_epsilon: 0.100
 train_frame_rate:  160
I1001 20:58:32.153040 46989122975552 run_miniworld.py:238] Data collection iteration 97.
I1001 21:01:08.640179 46989122975552 run_miniworld.py:245] Evaluation iteration 97.
I1001 21:01:18.654513 46989122975552 run_miniworld.py:262] iteration:  97
 frame: 2425000
 eval_episode_return:  0.00
 train_episode_return:  0.12
 train_exploration_epsilon: 0.100
 train_frame_rate:  160
I1001 21:01:21.506584 46989122975552 run_miniworld.py:238] Data collection iteration 98.
I1001 21:03:56.321796 46989122975552 run_miniworld.py:245] Evaluation iteration 98.
I1001 21:04:06.142256 46989122975552 run_miniworld.py:262] iteration:  98
 frame: 2450000
 eval_episode_return:  0.00
 train_episode_return:  0.16
 train_exploration_epsilon: 0.100
 train_frame_rate:  161
I1001 21:04:09.510818 46989122975552 run_miniworld.py:238] Data collection iteration 99.
I1001 21:06:45.010168 46989122975552 run_miniworld.py:245] Evaluation iteration 99.
I1001 21:06:54.961385 46989122975552 run_miniworld.py:262] iteration:  99
 frame: 2475000
 eval_episode_return:  0.00
 train_episode_return:  0.08
 train_exploration_epsilon: 0.100
 train_frame_rate:  161
I1001 21:06:59.048989 46989122975552 run_miniworld.py:238] Data collection iteration 100.
I1001 21:09:34.786161 46989122975552 run_miniworld.py:245] Evaluation iteration 100.
I1001 21:09:44.728838 46989122975552 run_miniworld.py:262] iteration: 100
 frame: 2500000
 eval_episode_return:  0.00
 train_episode_return:  0.04
 train_exploration_epsilon: 0.100
 train_frame_rate:  161
I1001 21:09:47.757447 46989122975552 run_miniworld.py:238] Data collection iteration 101.
I1001 21:12:23.206190 46989122975552 run_miniworld.py:245] Evaluation iteration 101.
I1001 21:12:33.300781 46989122975552 run_miniworld.py:262] iteration: 101
 frame: 2525000
 eval_episode_return:  0.00
 train_episode_return:  0.15
 train_exploration_epsilon: 0.100
 train_frame_rate:  161
I1001 21:12:37.152301 46989122975552 run_miniworld.py:238] Data collection iteration 102.
I1001 21:15:13.091294 46989122975552 run_miniworld.py:245] Evaluation iteration 102.
I1001 21:15:22.760571 46989122975552 run_miniworld.py:262] iteration: 102
 frame: 2550000
 eval_episode_return:  0.00
 train_episode_return:  0.04
 train_exploration_epsilon: 0.100
 train_frame_rate:  160
I1001 21:15:25.625822 46989122975552 run_miniworld.py:238] Data collection iteration 103.
I1001 21:18:00.409696 46989122975552 run_miniworld.py:245] Evaluation iteration 103.
I1001 21:18:10.565243 46989122975552 run_miniworld.py:262] iteration: 103
 frame: 2575000
 eval_episode_return:  0.00
 train_episode_return:  0.04
 train_exploration_epsilon: 0.100
 train_frame_rate:  162
I1001 21:18:13.430722 46989122975552 run_miniworld.py:238] Data collection iteration 104.
I1001 21:20:48.870261 46989122975552 run_miniworld.py:245] Evaluation iteration 104.
I1001 21:20:58.701269 46989122975552 run_miniworld.py:262] iteration: 104
 frame: 2600000
 eval_episode_return:  0.00
 train_episode_return:  0.08
 train_exploration_epsilon: 0.100
 train_frame_rate:  161
I1001 21:21:02.667912 46989122975552 run_miniworld.py:238] Data collection iteration 105.
I1001 21:23:38.224143 46989122975552 run_miniworld.py:245] Evaluation iteration 105.
I1001 21:23:48.373636 46989122975552 run_miniworld.py:262] iteration: 105
 frame: 2625000
 eval_episode_return:  0.00
 train_episode_return:  0.12
 train_exploration_epsilon: 0.100
 train_frame_rate:  161
I1001 21:23:51.237533 46989122975552 run_miniworld.py:238] Data collection iteration 106.
I1001 21:26:26.677763 46989122975552 run_miniworld.py:245] Evaluation iteration 106.
I1001 21:26:36.794505 46989122975552 run_miniworld.py:262] iteration: 106
 frame: 2650000
 eval_episode_return:  0.00
 train_episode_return:  0.15
 train_exploration_epsilon: 0.100
 train_frame_rate:  161
I1001 21:26:40.658848 46989122975552 run_miniworld.py:238] Data collection iteration 107.
I1001 21:29:17.394846 46989122975552 run_miniworld.py:245] Evaluation iteration 107.
I1001 21:29:27.279118 46989122975552 run_miniworld.py:262] iteration: 107
 frame: 2675000
 eval_episode_return:  0.00
 train_episode_return:  0.12
 train_exploration_epsilon: 0.100
 train_frame_rate:  160
I1001 21:29:30.273790 46989122975552 run_miniworld.py:238] Data collection iteration 108.
I1001 21:32:05.573331 46989122975552 run_miniworld.py:245] Evaluation iteration 108.
I1001 21:32:15.399343 46989122975552 run_miniworld.py:262] iteration: 108
 frame: 2700000
 eval_episode_return:  0.00
 train_episode_return:  0.15
 train_exploration_epsilon: 0.100
 train_frame_rate:  161
I1001 21:32:18.263951 46989122975552 run_miniworld.py:238] Data collection iteration 109.
I1001 21:34:54.069927 46989122975552 run_miniworld.py:245] Evaluation iteration 109.
I1001 21:35:03.969982 46989122975552 run_miniworld.py:262] iteration: 109
 frame: 2725000
 eval_episode_return:  0.00
 train_episode_return:  0.19
 train_exploration_epsilon: 0.100
 train_frame_rate:  160
I1001 21:35:08.691095 46989122975552 run_miniworld.py:238] Data collection iteration 110.
I1001 21:37:44.149508 46989122975552 run_miniworld.py:245] Evaluation iteration 110.
I1001 21:37:54.290147 46989122975552 run_miniworld.py:262] iteration: 110
 frame: 2750000
 eval_episode_return:  0.00
 train_episode_return:  0.22
 train_exploration_epsilon: 0.100
 train_frame_rate:  161
I1001 21:37:57.326770 46989122975552 run_miniworld.py:238] Data collection iteration 111.
I1001 21:40:33.268315 46989122975552 run_miniworld.py:245] Evaluation iteration 111.
I1001 21:40:43.374323 46989122975552 run_miniworld.py:262] iteration: 111
 frame: 2775000
 eval_episode_return:  0.00
 train_episode_return:  0.31
 train_exploration_epsilon: 0.100
 train_frame_rate:  160
I1001 21:40:47.452546 46989122975552 run_miniworld.py:238] Data collection iteration 112.
I1001 21:43:23.752842 46989122975552 run_miniworld.py:245] Evaluation iteration 112.
I1001 21:43:33.623301 46989122975552 run_miniworld.py:262] iteration: 112
 frame: 2800000
 eval_episode_return:  0.00
 train_episode_return:  0.15
 train_exploration_epsilon: 0.100
 train_frame_rate:  160
I1001 21:43:36.607132 46989122975552 run_miniworld.py:238] Data collection iteration 113.
I1001 21:46:12.477761 46989122975552 run_miniworld.py:245] Evaluation iteration 113.
I1001 21:46:22.599819 46989122975552 run_miniworld.py:262] iteration: 113
 frame: 2825000
 eval_episode_return:  0.00
 train_episode_return:  0.15
 train_exploration_epsilon: 0.100
 train_frame_rate:  160
I1001 21:46:25.683783 46989122975552 run_miniworld.py:238] Data collection iteration 114.
I1001 21:49:01.347744 46989122975552 run_miniworld.py:245] Evaluation iteration 114.
I1001 21:49:11.186386 46989122975552 run_miniworld.py:262] iteration: 114
 frame: 2850000
 eval_episode_return:  0.00
 train_episode_return:  0.08
 train_exploration_epsilon: 0.100
 train_frame_rate:  161
I1001 21:49:15.342303 46989122975552 run_miniworld.py:238] Data collection iteration 115.
I1001 21:51:51.621362 46989122975552 run_miniworld.py:245] Evaluation iteration 115.
I1001 21:52:01.699951 46989122975552 run_miniworld.py:262] iteration: 115
 frame: 2875000
 eval_episode_return:  0.00
 train_episode_return:  0.19
 train_exploration_epsilon: 0.100
 train_frame_rate:  160
I1001 21:52:05.031161 46989122975552 run_miniworld.py:238] Data collection iteration 116.
I1001 21:54:41.155418 46989122975552 run_miniworld.py:245] Evaluation iteration 116.
I1001 21:54:51.255288 46989122975552 run_miniworld.py:262] iteration: 116
 frame: 2900000
 eval_episode_return:  0.00
 train_episode_return:  0.12
 train_exploration_epsilon: 0.100
 train_frame_rate:  160
I1001 21:54:55.500713 46989122975552 run_miniworld.py:238] Data collection iteration 117.
I1001 21:57:33.617469 46989122975552 run_miniworld.py:245] Evaluation iteration 117.
I1001 21:57:43.281907 46989122975552 run_miniworld.py:262] iteration: 117
 frame: 2925000
 eval_episode_return:  0.00
 train_episode_return:  0.12
 train_exploration_epsilon: 0.100
 train_frame_rate:  158
I1001 21:57:46.349376 46989122975552 run_miniworld.py:238] Data collection iteration 118.
I1001 22:00:22.950821 46989122975552 run_miniworld.py:245] Evaluation iteration 118.
I1001 22:00:33.257379 46989122975552 run_miniworld.py:262] iteration: 118
 frame: 2950000
 eval_episode_return:  0.00
 train_episode_return:  0.22
 train_exploration_epsilon: 0.100
 train_frame_rate:  160
I1001 22:00:36.209739 46989122975552 run_miniworld.py:238] Data collection iteration 119.
I1001 22:03:14.516914 46989122975552 run_miniworld.py:245] Evaluation iteration 119.
I1001 22:03:24.853248 46989122975552 run_miniworld.py:262] iteration: 119
 frame: 2975000
 eval_episode_return:  0.00
 train_episode_return:  0.15
 train_exploration_epsilon: 0.100
 train_frame_rate:  158
I1001 22:03:28.006440 46989122975552 run_miniworld.py:238] Data collection iteration 120.
I1001 22:06:04.372811 46989122975552 run_miniworld.py:245] Evaluation iteration 120.
I1001 22:06:14.198760 46989122975552 run_miniworld.py:262] iteration: 120
 frame: 3000000
 eval_episode_return:  0.00
 train_episode_return:  0.08
 train_exploration_epsilon: 0.100
 train_frame_rate:  160
I1001 22:06:17.585396 46989122975552 run_miniworld.py:238] Data collection iteration 121.
I1001 22:08:54.164629 46989122975552 run_miniworld.py:245] Evaluation iteration 121.
I1001 22:09:04.054070 46989122975552 run_miniworld.py:262] iteration: 121
 frame: 3025000
 eval_episode_return:  0.00
 train_episode_return:  0.04
 train_exploration_epsilon: 0.100
 train_frame_rate:  160
I1001 22:09:07.938844 46989122975552 run_miniworld.py:238] Data collection iteration 122.
I1001 22:11:44.786210 46989122975552 run_miniworld.py:245] Evaluation iteration 122.
I1001 22:11:54.821452 46989122975552 run_miniworld.py:262] iteration: 122
 frame: 3050000
 eval_episode_return:  0.00
 train_episode_return:  0.00
 train_exploration_epsilon: 0.100
 train_frame_rate:  159
I1001 22:11:59.067843 46989122975552 run_miniworld.py:238] Data collection iteration 123.
I1001 22:14:35.318420 46989122975552 run_miniworld.py:245] Evaluation iteration 123.
I1001 22:14:45.405086 46989122975552 run_miniworld.py:262] iteration: 123
 frame: 3075000
 eval_episode_return:  0.00
 train_episode_return:  0.08
 train_exploration_epsilon: 0.100
 train_frame_rate:  160
I1001 22:14:49.375125 46989122975552 run_miniworld.py:238] Data collection iteration 124.
I1001 22:17:26.244910 46989122975552 run_miniworld.py:245] Evaluation iteration 124.
I1001 22:17:36.126812 46989122975552 run_miniworld.py:262] iteration: 124
 frame: 3100000
 eval_episode_return:  0.00
 train_episode_return:  0.04
 train_exploration_epsilon: 0.100
 train_frame_rate:  159
I1001 22:17:38.955147 46989122975552 run_miniworld.py:238] Data collection iteration 125.
I1001 22:20:15.328938 46989122975552 run_miniworld.py:245] Evaluation iteration 125.
I1001 22:20:25.198947 46989122975552 run_miniworld.py:262] iteration: 125
 frame: 3125000
 eval_episode_return:  0.00
 train_episode_return:  0.04
 train_exploration_epsilon: 0.100
 train_frame_rate:  160
I1001 22:20:28.143473 46989122975552 run_miniworld.py:238] Data collection iteration 126.
I1001 22:23:04.342908 46989122975552 run_miniworld.py:245] Evaluation iteration 126.
I1001 22:23:14.093039 46989122975552 run_miniworld.py:262] iteration: 126
 frame: 3150000
 eval_episode_return:  0.00
 train_episode_return:  0.12
 train_exploration_epsilon: 0.100
 train_frame_rate:  160
I1001 22:23:18.197516 46989122975552 run_miniworld.py:238] Data collection iteration 127.
I1001 22:25:54.787450 46989122975552 run_miniworld.py:245] Evaluation iteration 127.
I1001 22:26:04.624883 46989122975552 run_miniworld.py:262] iteration: 127
 frame: 3175000
 eval_episode_return:  0.00
 train_episode_return:  0.12
 train_exploration_epsilon: 0.100
 train_frame_rate:  160
I1001 22:26:07.437429 46989122975552 run_miniworld.py:238] Data collection iteration 128.
I1001 22:28:43.645706 46989122975552 run_miniworld.py:245] Evaluation iteration 128.
I1001 22:28:53.468396 46989122975552 run_miniworld.py:262] iteration: 128
 frame: 3200000
 eval_episode_return:  0.00
 train_episode_return:  0.12
 train_exploration_epsilon: 0.100
 train_frame_rate:  160
I1001 22:28:57.457864 46989122975552 run_miniworld.py:238] Data collection iteration 129.
I1001 22:31:34.718820 46989122975552 run_miniworld.py:245] Evaluation iteration 129.
I1001 22:31:44.950540 46989122975552 run_miniworld.py:262] iteration: 129
 frame: 3225000
 eval_episode_return:  0.00
 train_episode_return:  0.18
 train_exploration_epsilon: 0.100
 train_frame_rate:  159
I1001 22:31:47.771684 46989122975552 run_miniworld.py:238] Data collection iteration 130.
I1001 22:34:25.012743 46989122975552 run_miniworld.py:245] Evaluation iteration 130.
I1001 22:34:35.140626 46989122975552 run_miniworld.py:262] iteration: 130
 frame: 3250000
 eval_episode_return:  0.00
 train_episode_return:  0.26
 train_exploration_epsilon: 0.100
 train_frame_rate:  159
I1001 22:34:38.031307 46989122975552 run_miniworld.py:238] Data collection iteration 131.
I1001 22:37:13.853039 46989122975552 run_miniworld.py:245] Evaluation iteration 131.
I1001 22:37:23.947950 46989122975552 run_miniworld.py:262] iteration: 131
 frame: 3275000
 eval_episode_return:  0.00
 train_episode_return:  0.15
 train_exploration_epsilon: 0.100
 train_frame_rate:  160
I1001 22:37:27.906528 46989122975552 run_miniworld.py:238] Data collection iteration 132.
I1001 22:40:04.592290 46989122975552 run_miniworld.py:245] Evaluation iteration 132.
I1001 22:40:14.394508 46989122975552 run_miniworld.py:262] iteration: 132
 frame: 3300000
 eval_episode_return:  0.00
 train_episode_return:  0.08
 train_exploration_epsilon: 0.100
 train_frame_rate:  160
I1001 22:40:17.241775 46989122975552 run_miniworld.py:238] Data collection iteration 133.
I1001 22:42:53.529117 46989122975552 run_miniworld.py:245] Evaluation iteration 133.
I1001 22:43:03.475347 46989122975552 run_miniworld.py:262] iteration: 133
 frame: 3325000
 eval_episode_return:  0.00
 train_episode_return:  0.08
 train_exploration_epsilon: 0.100
 train_frame_rate:  160
I1001 22:43:09.245304 46989122975552 run_miniworld.py:238] Data collection iteration 134.
I1001 22:45:46.142480 46989122975552 run_miniworld.py:245] Evaluation iteration 134.
I1001 22:45:55.910739 46989122975552 run_miniworld.py:262] iteration: 134
 frame: 3350000
 eval_episode_return:  0.00
 train_episode_return:  0.04
 train_exploration_epsilon: 0.100
 train_frame_rate:  159
I1001 22:45:58.860866 46989122975552 run_miniworld.py:238] Data collection iteration 135.
I1001 22:48:35.057233 46989122975552 run_miniworld.py:245] Evaluation iteration 135.
I1001 22:48:45.082788 46989122975552 run_miniworld.py:262] iteration: 135
 frame: 3375000
 eval_episode_return:  0.00
 train_episode_return:  0.12
 train_exploration_epsilon: 0.100
 train_frame_rate:  160
I1001 22:48:47.916372 46989122975552 run_miniworld.py:238] Data collection iteration 136.
I1001 22:51:23.552879 46989122975552 run_miniworld.py:245] Evaluation iteration 136.
I1001 22:51:33.502166 46989122975552 run_miniworld.py:262] iteration: 136
 frame: 3400000
 eval_episode_return:  0.00
 train_episode_return:  0.04
 train_exploration_epsilon: 0.100
 train_frame_rate:  161
I1001 22:51:37.490333 46989122975552 run_miniworld.py:238] Data collection iteration 137.
I1001 22:54:13.396184 46989122975552 run_miniworld.py:245] Evaluation iteration 137.
I1001 22:54:23.368642 46989122975552 run_miniworld.py:262] iteration: 137
 frame: 3425000
 eval_episode_return:  0.00
 train_episode_return:  0.19
 train_exploration_epsilon: 0.100
 train_frame_rate:  160
I1001 22:54:26.263335 46989122975552 run_miniworld.py:238] Data collection iteration 138.
I1001 22:57:01.531652 46989122975552 run_miniworld.py:245] Evaluation iteration 138.
I1001 22:57:11.491679 46989122975552 run_miniworld.py:262] iteration: 138
 frame: 3450000
 eval_episode_return:  0.00
 train_episode_return:  0.36
 train_exploration_epsilon: 0.100
 train_frame_rate:  161
I1001 22:57:15.429170 46989122975552 run_miniworld.py:238] Data collection iteration 139.
I1001 22:59:51.418431 46989122975552 run_miniworld.py:245] Evaluation iteration 139.
I1001 23:00:01.415050 46989122975552 run_miniworld.py:262] iteration: 139
 frame: 3475000
 eval_episode_return:  0.00
 train_episode_return:  0.22
 train_exploration_epsilon: 0.100
 train_frame_rate:  160
I1001 23:00:04.324968 46989122975552 run_miniworld.py:238] Data collection iteration 140.
I1001 23:02:40.467973 46989122975552 run_miniworld.py:245] Evaluation iteration 140.
I1001 23:02:50.473634 46989122975552 run_miniworld.py:262] iteration: 140
 frame: 3500000
 eval_episode_return:  0.00
 train_episode_return:  0.48
 train_exploration_epsilon: 0.100
 train_frame_rate:  160
I1001 23:02:54.440344 46989122975552 run_miniworld.py:238] Data collection iteration 141.
I1001 23:05:29.609079 46989122975552 run_miniworld.py:245] Evaluation iteration 141.
I1001 23:05:39.593095 46989122975552 run_miniworld.py:262] iteration: 141
 frame: 3525000
 eval_episode_return:  0.00
 train_episode_return:  0.93
 train_exploration_epsilon: 0.100
 train_frame_rate:  161
I1001 23:05:43.829572 46989122975552 run_miniworld.py:238] Data collection iteration 142.
I1001 23:08:20.362065 46989122975552 run_miniworld.py:245] Evaluation iteration 142.
I1001 23:08:30.410104 46989122975552 run_miniworld.py:262] iteration: 142
 frame: 3550000
 eval_episode_return:  0.00
 train_episode_return:  0.78
 train_exploration_epsilon: 0.100
 train_frame_rate:  160
I1001 23:08:33.290104 46989122975552 run_miniworld.py:238] Data collection iteration 143.
I1001 23:12:18.313177 46989122975552 run_miniworld.py:245] Evaluation iteration 143.
I1001 23:12:28.631727 46989122975552 run_miniworld.py:262] iteration: 143
 frame: 3575000
 eval_episode_return:  0.33
 train_episode_return:  0.95
 train_exploration_epsilon: 0.100
 train_frame_rate:  111
I1001 23:12:32.613637 46989122975552 run_miniworld.py:238] Data collection iteration 144.
I1001 23:15:09.714258 46989122975552 run_miniworld.py:245] Evaluation iteration 144.
I1001 23:15:19.453694 46989122975552 run_miniworld.py:262] iteration: 144
 frame: 3600000
 eval_episode_return:  0.00
 train_episode_return:  0.87
 train_exploration_epsilon: 0.100
 train_frame_rate:  159
I1001 23:15:22.365977 46989122975552 run_miniworld.py:238] Data collection iteration 145.
I1001 23:17:58.653885 46989122975552 run_miniworld.py:245] Evaluation iteration 145.
I1001 23:18:08.554062 46989122975552 run_miniworld.py:262] iteration: 145
 frame: 3625000
 eval_episode_return:  0.00
 train_episode_return:  0.93
 train_exploration_epsilon: 0.100
 train_frame_rate:  160
I1001 23:18:12.142348 46989122975552 run_miniworld.py:238] Data collection iteration 146.
I1001 23:20:48.239672 46989122975552 run_miniworld.py:245] Evaluation iteration 146.
I1001 23:20:58.370916 46989122975552 run_miniworld.py:262] iteration: 146
 frame: 3650000
 eval_episode_return:  0.00
 train_episode_return:  0.94
 train_exploration_epsilon: 0.100
 train_frame_rate:  160
I1001 23:21:02.983636 46989122975552 run_miniworld.py:238] Data collection iteration 147.
I1001 23:23:40.274751 46989122975552 run_miniworld.py:245] Evaluation iteration 147.
I1001 23:23:50.286432 46989122975552 run_miniworld.py:262] iteration: 147
 frame: 3675000
 eval_episode_return:  0.00
 train_episode_return:  0.90
 train_exploration_epsilon: 0.100
 train_frame_rate:  159
I1001 23:23:53.120629 46989122975552 run_miniworld.py:238] Data collection iteration 148.
I1001 23:26:30.404949 46989122975552 run_miniworld.py:245] Evaluation iteration 148.
I1001 23:26:40.600642 46989122975552 run_miniworld.py:262] iteration: 148
 frame: 3700000
 eval_episode_return:  0.00
 train_episode_return:  0.95
 train_exploration_epsilon: 0.100
 train_frame_rate:  159
I1001 23:26:44.560481 46989122975552 run_miniworld.py:238] Data collection iteration 149.
I1001 23:29:22.562659 46989122975552 run_miniworld.py:245] Evaluation iteration 149.
I1001 23:29:33.886811 46989122975552 run_miniworld.py:262] iteration: 149
 frame: 3725000
 eval_episode_return:  1.00
 train_episode_return:  0.93
 train_exploration_epsilon: 0.100
 train_frame_rate:  158
I1001 23:29:37.280910 46989122975552 run_miniworld.py:238] Data collection iteration 150.
I1001 23:32:13.830339 46989122975552 run_miniworld.py:245] Evaluation iteration 150.
I1001 23:32:23.602952 46989122975552 run_miniworld.py:262] iteration: 150
 frame: 3750000
 eval_episode_return:  0.00
 train_episode_return:  0.98
 train_exploration_epsilon: 0.100
 train_frame_rate:  160
I1001 23:32:26.470351 46989122975552 run_miniworld.py:238] Data collection iteration 151.
I1001 23:35:01.887715 46989122975552 run_miniworld.py:245] Evaluation iteration 151.
I1001 23:35:11.680114 46989122975552 run_miniworld.py:262] iteration: 151
 frame: 3775000
 eval_episode_return:  0.00
 train_episode_return:  0.81
 train_exploration_epsilon: 0.100
 train_frame_rate:  161
I1001 23:35:15.766871 46989122975552 run_miniworld.py:238] Data collection iteration 152.
I1001 23:37:53.495004 46989122975552 run_miniworld.py:245] Evaluation iteration 152.
I1001 23:38:03.628700 46989122975552 run_miniworld.py:262] iteration: 152
 frame: 3800000
 eval_episode_return:  0.00
 train_episode_return:  1.00
 train_exploration_epsilon: 0.100
 train_frame_rate:  159
I1001 23:38:06.421260 46989122975552 run_miniworld.py:238] Data collection iteration 153.
I1001 23:40:43.563798 46989122975552 run_miniworld.py:245] Evaluation iteration 153.
I1001 23:40:53.699310 46989122975552 run_miniworld.py:262] iteration: 153
 frame: 3825000
 eval_episode_return:  0.00
 train_episode_return:  0.99
 train_exploration_epsilon: 0.100
 train_frame_rate:  159
I1001 23:40:57.831385 46989122975552 run_miniworld.py:238] Data collection iteration 154.
I1001 23:43:35.414978 46989122975552 run_miniworld.py:245] Evaluation iteration 154.
I1001 23:43:45.409183 46989122975552 run_miniworld.py:262] iteration: 154
 frame: 3850000
 eval_episode_return:  0.00
 train_episode_return:  0.97
 train_exploration_epsilon: 0.100
 train_frame_rate:  159
I1001 23:43:48.340923 46989122975552 run_miniworld.py:238] Data collection iteration 155.
I1001 23:46:25.646273 46989122975552 run_miniworld.py:245] Evaluation iteration 155.
I1001 23:46:35.697817 46989122975552 run_miniworld.py:262] iteration: 155
 frame: 3875000
 eval_episode_return:  0.33
 train_episode_return:  1.00
 train_exploration_epsilon: 0.100
 train_frame_rate:  159
I1001 23:46:38.496726 46989122975552 run_miniworld.py:238] Data collection iteration 156.
I1001 23:49:15.538892 46989122975552 run_miniworld.py:245] Evaluation iteration 156.
I1001 23:49:25.576183 46989122975552 run_miniworld.py:262] iteration: 156
 frame: 3900000
 eval_episode_return:  0.00
 train_episode_return:  0.99
 train_exploration_epsilon: 0.100
 train_frame_rate:  159
I1001 23:49:29.507056 46989122975552 run_miniworld.py:238] Data collection iteration 157.
I1001 23:52:06.844351 46989122975552 run_miniworld.py:245] Evaluation iteration 157.
I1001 23:52:17.163685 46989122975552 run_miniworld.py:262] iteration: 157
 frame: 3925000
 eval_episode_return:  1.00
 train_episode_return:  0.96
 train_exploration_epsilon: 0.100
 train_frame_rate:  159
I1001 23:52:19.963963 46989122975552 run_miniworld.py:238] Data collection iteration 158.
I1001 23:54:56.942923 46989122975552 run_miniworld.py:245] Evaluation iteration 158.
I1001 23:55:06.731655 46989122975552 run_miniworld.py:262] iteration: 158
 frame: 3950000
 eval_episode_return:  0.00
 train_episode_return:  0.98
 train_exploration_epsilon: 0.100
 train_frame_rate:  159
I1001 23:55:10.675034 46989122975552 run_miniworld.py:238] Data collection iteration 159.
I1001 23:57:49.081270 46989122975552 run_miniworld.py:245] Evaluation iteration 159.
I1001 23:57:59.721549 46989122975552 run_miniworld.py:262] iteration: 159
 frame: 3975000
 eval_episode_return:  0.97
 train_episode_return:  1.00
 train_exploration_epsilon: 0.100
 train_frame_rate:  158
I1001 23:58:02.580589 46989122975552 run_miniworld.py:238] Data collection iteration 160.
I1002 00:00:39.488955 46989122975552 run_miniworld.py:245] Evaluation iteration 160.
I1002 00:00:49.469512 46989122975552 run_miniworld.py:262] iteration: 160
 frame: 4000000
 eval_episode_return:  0.00
 train_episode_return:  0.99
 train_exploration_epsilon: 0.100
 train_frame_rate:  159
I1002 00:00:52.480844 46989122975552 run_miniworld.py:238] Data collection iteration 161.
I1002 00:03:32.053939 46989122975552 run_miniworld.py:245] Evaluation iteration 161.
I1002 00:03:43.743418 46989122975552 run_miniworld.py:262] iteration: 161
 frame: 4025000
 eval_episode_return:  1.00
 train_episode_return:  1.00
 train_exploration_epsilon: 0.100
 train_frame_rate:  157
I1002 00:03:46.764204 46989122975552 run_miniworld.py:238] Data collection iteration 162.
I1002 00:06:27.581913 46989122975552 run_miniworld.py:245] Evaluation iteration 162.
I1002 00:06:39.684947 46989122975552 run_miniworld.py:262] iteration: 162
 frame: 4050000
 eval_episode_return:  1.00
 train_episode_return:  1.00
 train_exploration_epsilon: 0.100
 train_frame_rate:  155
I1002 00:06:42.836266 46989122975552 run_miniworld.py:238] Data collection iteration 163.
I1002 00:09:21.046144 46989122975552 run_miniworld.py:245] Evaluation iteration 163.
I1002 00:09:32.043996 46989122975552 run_miniworld.py:262] iteration: 163
 frame: 4075000
 eval_episode_return:  0.96
 train_episode_return:  1.00
 train_exploration_epsilon: 0.100
 train_frame_rate:  158
I1002 00:09:36.019894 46989122975552 run_miniworld.py:238] Data collection iteration 164.
I1002 00:12:14.696087 46989122975552 run_miniworld.py:245] Evaluation iteration 164.
I1002 00:12:25.570558 46989122975552 run_miniworld.py:262] iteration: 164
 frame: 4100000
 eval_episode_return:  1.00
 train_episode_return:  1.00
 train_exploration_epsilon: 0.100
 train_frame_rate:  158
I1002 00:12:28.810563 46989122975552 run_miniworld.py:238] Data collection iteration 165.
I1002 00:15:08.491993 46989122975552 run_miniworld.py:245] Evaluation iteration 165.
I1002 00:15:19.901884 46989122975552 run_miniworld.py:262] iteration: 165
 frame: 4125000
 eval_episode_return:  0.99
 train_episode_return:  1.00
 train_exploration_epsilon: 0.100
 train_frame_rate:  157
I1002 00:15:23.981826 46989122975552 run_miniworld.py:238] Data collection iteration 166.
I1002 00:18:04.892333 46989122975552 run_miniworld.py:245] Evaluation iteration 166.
I1002 00:18:14.682642 46989122975552 run_miniworld.py:262] iteration: 166
 frame: 4150000
 eval_episode_return:  0.00
 train_episode_return:  1.00
 train_exploration_epsilon: 0.100
 train_frame_rate:  155
I1002 00:18:17.738773 46989122975552 run_miniworld.py:238] Data collection iteration 167.
I1002 00:20:58.236342 46989122975552 run_miniworld.py:245] Evaluation iteration 167.
I1002 00:21:09.892488 46989122975552 run_miniworld.py:262] iteration: 167
 frame: 4175000
 eval_episode_return:  1.00
 train_episode_return:  1.00
 train_exploration_epsilon: 0.100
 train_frame_rate:  156
I1002 00:21:13.034459 46989122975552 run_miniworld.py:238] Data collection iteration 168.
I1002 00:23:52.854878 46989122975552 run_miniworld.py:245] Evaluation iteration 168.
I1002 00:24:04.347543 46989122975552 run_miniworld.py:262] iteration: 168
 frame: 4200000
 eval_episode_return:  1.00
 train_episode_return:  1.00
 train_exploration_epsilon: 0.100
 train_frame_rate:  156
I1002 00:24:09.552897 46989122975552 run_miniworld.py:238] Data collection iteration 169.
I1002 00:26:50.881483 46989122975552 run_miniworld.py:245] Evaluation iteration 169.
I1002 00:27:02.325543 46989122975552 run_miniworld.py:262] iteration: 169
 frame: 4225000
 eval_episode_return:  1.00
 train_episode_return:  1.00
 train_exploration_epsilon: 0.100
 train_frame_rate:  155
I1002 00:27:05.157686 46989122975552 run_miniworld.py:238] Data collection iteration 170.
I1002 00:29:45.671890 46989122975552 run_miniworld.py:245] Evaluation iteration 170.
I1002 00:29:57.315639 46989122975552 run_miniworld.py:262] iteration: 170
 frame: 4250000
 eval_episode_return:  1.00
 train_episode_return:  1.00
 train_exploration_epsilon: 0.100
 train_frame_rate:  156
I1002 00:30:03.399228 46989122975552 run_miniworld.py:238] Data collection iteration 171.
I1002 00:32:45.078326 46989122975552 run_miniworld.py:245] Evaluation iteration 171.
I1002 00:32:56.456642 46989122975552 run_miniworld.py:262] iteration: 171
 frame: 4275000
 eval_episode_return:  1.00
 train_episode_return:  1.00
 train_exploration_epsilon: 0.100
 train_frame_rate:  155
I1002 00:32:59.273180 46989122975552 run_miniworld.py:238] Data collection iteration 172.
I1002 00:35:39.274484 46989122975552 run_miniworld.py:245] Evaluation iteration 172.
I1002 00:35:50.518116 46989122975552 run_miniworld.py:262] iteration: 172
 frame: 4300000
 eval_episode_return:  1.00
 train_episode_return:  1.00
 train_exploration_epsilon: 0.100
 train_frame_rate:  156
I1002 00:35:53.573920 46989122975552 run_miniworld.py:238] Data collection iteration 173.
I1002 00:38:33.504544 46989122975552 run_miniworld.py:245] Evaluation iteration 173.
I1002 00:38:43.580127 46989122975552 run_miniworld.py:262] iteration: 173
 frame: 4325000
 eval_episode_return:  0.20
 train_episode_return:  1.00
 train_exploration_epsilon: 0.100
 train_frame_rate:  156
I1002 00:38:47.973750 46989122975552 run_miniworld.py:238] Data collection iteration 174.
I1002 00:41:29.310677 46989122975552 run_miniworld.py:245] Evaluation iteration 174.
I1002 00:41:41.229158 46989122975552 run_miniworld.py:262] iteration: 174
 frame: 4350000
 eval_episode_return:  1.00
 train_episode_return:  1.00
 train_exploration_epsilon: 0.100
 train_frame_rate:  155
I1002 00:41:44.409428 46989122975552 run_miniworld.py:238] Data collection iteration 175.
I1002 00:44:24.742050 46989122975552 run_miniworld.py:245] Evaluation iteration 175.
I1002 00:44:36.382795 46989122975552 run_miniworld.py:262] iteration: 175
 frame: 4375000
 eval_episode_return:  1.00
 train_episode_return:  1.00
 train_exploration_epsilon: 0.100
 train_frame_rate:  156
I1002 00:44:40.310259 46989122975552 run_miniworld.py:238] Data collection iteration 176.
I1002 00:47:21.580860 46989122975552 run_miniworld.py:245] Evaluation iteration 176.
I1002 00:47:33.415229 46989122975552 run_miniworld.py:262] iteration: 176
 frame: 4400000
 eval_episode_return:  1.00
 train_episode_return:  1.00
 train_exploration_epsilon: 0.100
 train_frame_rate:  155
I1002 00:47:36.440772 46989122975552 run_miniworld.py:238] Data collection iteration 177.
I1002 00:50:17.341262 46989122975552 run_miniworld.py:245] Evaluation iteration 177.
I1002 00:50:29.552680 46989122975552 run_miniworld.py:262] iteration: 177
 frame: 4425000
 eval_episode_return:  1.00
 train_episode_return:  1.00
 train_exploration_epsilon: 0.100
 train_frame_rate:  155
I1002 00:50:32.353102 46989122975552 run_miniworld.py:238] Data collection iteration 178.
I1002 00:53:12.675938 46989122975552 run_miniworld.py:245] Evaluation iteration 178.
I1002 00:53:24.882836 46989122975552 run_miniworld.py:262] iteration: 178
 frame: 4450000
 eval_episode_return:  1.00
 train_episode_return:  1.00
 train_exploration_epsilon: 0.100
 train_frame_rate:  156
I1002 00:53:28.796459 46989122975552 run_miniworld.py:238] Data collection iteration 179.
I1002 00:56:08.717911 46989122975552 run_miniworld.py:245] Evaluation iteration 179.
I1002 00:56:20.314644 46989122975552 run_miniworld.py:262] iteration: 179
 frame: 4475000
 eval_episode_return:  1.00
 train_episode_return:  1.00
 train_exploration_epsilon: 0.100
 train_frame_rate:  156
I1002 00:56:23.185561 46989122975552 run_miniworld.py:238] Data collection iteration 180.
I1002 00:59:02.838864 46989122975552 run_miniworld.py:245] Evaluation iteration 180.
I1002 00:59:14.418118 46989122975552 run_miniworld.py:262] iteration: 180
 frame: 4500000
 eval_episode_return:  1.00
 train_episode_return:  1.00
 train_exploration_epsilon: 0.100
 train_frame_rate:  157
I1002 00:59:18.370888 46989122975552 run_miniworld.py:238] Data collection iteration 181.
I1002 01:01:59.538665 46989122975552 run_miniworld.py:245] Evaluation iteration 181.
I1002 01:02:10.787783 46989122975552 run_miniworld.py:262] iteration: 181
 frame: 4525000
 eval_episode_return:  1.00
 train_episode_return:  1.00
 train_exploration_epsilon: 0.100
 train_frame_rate:  155
I1002 01:02:13.737343 46989122975552 run_miniworld.py:238] Data collection iteration 182.
I1002 01:04:53.888293 46989122975552 run_miniworld.py:245] Evaluation iteration 182.
I1002 01:05:05.501818 46989122975552 run_miniworld.py:262] iteration: 182
 frame: 4550000
 eval_episode_return:  1.00
 train_episode_return:  1.00
 train_exploration_epsilon: 0.100
 train_frame_rate:  156
I1002 01:05:08.530111 46989122975552 run_miniworld.py:238] Data collection iteration 183.
I1002 01:07:47.751849 46989122975552 run_miniworld.py:245] Evaluation iteration 183.
I1002 01:07:59.069850 46989122975552 run_miniworld.py:262] iteration: 183
 frame: 4575000
 eval_episode_return:  1.00
 train_episode_return:  1.00
 train_exploration_epsilon: 0.100
 train_frame_rate:  157
I1002 01:08:03.272073 46989122975552 run_miniworld.py:238] Data collection iteration 184.
I1002 01:10:44.179398 46989122975552 run_miniworld.py:245] Evaluation iteration 184.
I1002 01:10:56.029333 46989122975552 run_miniworld.py:262] iteration: 184
 frame: 4600000
 eval_episode_return:  1.00
 train_episode_return:  1.00
 train_exploration_epsilon: 0.100
 train_frame_rate:  155
I1002 01:10:58.845607 46989122975552 run_miniworld.py:238] Data collection iteration 185.
I1002 01:13:38.184814 46989122975552 run_miniworld.py:245] Evaluation iteration 185.
I1002 01:13:49.486510 46989122975552 run_miniworld.py:262] iteration: 185
 frame: 4625000
 eval_episode_return:  1.00
 train_episode_return:  1.00
 train_exploration_epsilon: 0.100
 train_frame_rate:  157
I1002 01:13:53.373196 46989122975552 run_miniworld.py:238] Data collection iteration 186.
I1002 01:16:33.777936 46989122975552 run_miniworld.py:245] Evaluation iteration 186.
I1002 01:16:45.027933 46989122975552 run_miniworld.py:262] iteration: 186
 frame: 4650000
 eval_episode_return:  0.98
 train_episode_return:  1.00
 train_exploration_epsilon: 0.100
 train_frame_rate:  156
I1002 01:16:47.890191 46989122975552 run_miniworld.py:238] Data collection iteration 187.
I1002 01:19:27.977080 46989122975552 run_miniworld.py:245] Evaluation iteration 187.
I1002 01:19:39.905884 46989122975552 run_miniworld.py:262] iteration: 187
 frame: 4675000
 eval_episode_return:  1.00
 train_episode_return:  1.00
 train_exploration_epsilon: 0.100
 train_frame_rate:  156
I1002 01:19:42.767530 46989122975552 run_miniworld.py:238] Data collection iteration 188.
I1002 01:22:23.429793 46989122975552 run_miniworld.py:245] Evaluation iteration 188.
I1002 01:22:36.535550 46989122975552 run_miniworld.py:262] iteration: 188
 frame: 4700000
 eval_episode_return:  1.00
 train_episode_return:  1.00
 train_exploration_epsilon: 0.100
 train_frame_rate:  156
I1002 01:22:39.629269 46989122975552 run_miniworld.py:238] Data collection iteration 189.
I1002 01:25:19.465856 46989122975552 run_miniworld.py:245] Evaluation iteration 189.
I1002 01:25:31.301856 46989122975552 run_miniworld.py:262] iteration: 189
 frame: 4725000
 eval_episode_return:  1.00
 train_episode_return:  1.00
 train_exploration_epsilon: 0.100
 train_frame_rate:  156
I1002 01:25:34.203333 46989122975552 run_miniworld.py:238] Data collection iteration 190.
I1002 01:28:14.019224 46989122975552 run_miniworld.py:245] Evaluation iteration 190.
I1002 01:28:25.540072 46989122975552 run_miniworld.py:262] iteration: 190
 frame: 4750000
 eval_episode_return:  1.00
 train_episode_return:  1.00
 train_exploration_epsilon: 0.100
 train_frame_rate:  156
I1002 01:28:29.647822 46989122975552 run_miniworld.py:238] Data collection iteration 191.
I1002 01:31:09.543425 46989122975552 run_miniworld.py:245] Evaluation iteration 191.
I1002 01:31:21.263083 46989122975552 run_miniworld.py:262] iteration: 191
 frame: 4775000
 eval_episode_return:  1.00
 train_episode_return:  1.00
 train_exploration_epsilon: 0.100
 train_frame_rate:  156
I1002 01:31:24.873936 46989122975552 run_miniworld.py:238] Data collection iteration 192.
I1002 01:34:03.599884 46989122975552 run_miniworld.py:245] Evaluation iteration 192.
I1002 01:34:15.042734 46989122975552 run_miniworld.py:262] iteration: 192
 frame: 4800000
 eval_episode_return:  1.00
 train_episode_return:  1.00
 train_exploration_epsilon: 0.100
 train_frame_rate:  158
I1002 01:34:17.849310 46989122975552 run_miniworld.py:238] Data collection iteration 193.
I1002 01:36:58.864404 46989122975552 run_miniworld.py:245] Evaluation iteration 193.
I1002 01:37:10.500080 46989122975552 run_miniworld.py:262] iteration: 193
 frame: 4825000
 eval_episode_return:  1.00
 train_episode_return:  1.00
 train_exploration_epsilon: 0.100
 train_frame_rate:  155
I1002 01:37:13.335867 46989122975552 run_miniworld.py:238] Data collection iteration 194.
I1002 01:39:53.206736 46989122975552 run_miniworld.py:245] Evaluation iteration 194.
I1002 01:40:04.730605 46989122975552 run_miniworld.py:262] iteration: 194
 frame: 4850000
 eval_episode_return:  1.00
 train_episode_return:  1.00
 train_exploration_epsilon: 0.100
 train_frame_rate:  156
I1002 01:40:07.622935 46989122975552 run_miniworld.py:238] Data collection iteration 195.
I1002 01:42:46.437151 46989122975552 run_miniworld.py:245] Evaluation iteration 195.
I1002 01:42:57.944154 46989122975552 run_miniworld.py:262] iteration: 195
 frame: 4875000
 eval_episode_return:  1.00
 train_episode_return:  1.00
 train_exploration_epsilon: 0.100
 train_frame_rate:  157
I1002 01:43:02.593697 46989122975552 run_miniworld.py:238] Data collection iteration 196.
I1002 01:45:41.602023 46989122975552 run_miniworld.py:245] Evaluation iteration 196.
I1002 01:45:52.980686 46989122975552 run_miniworld.py:262] iteration: 196
 frame: 4900000
 eval_episode_return:  1.00
 train_episode_return:  1.00
 train_exploration_epsilon: 0.100
 train_frame_rate:  157
I1002 01:45:55.791557 46989122975552 run_miniworld.py:238] Data collection iteration 197.
I1002 01:48:35.616150 46989122975552 run_miniworld.py:245] Evaluation iteration 197.
I1002 01:48:47.559009 46989122975552 run_miniworld.py:262] iteration: 197
 frame: 4925000
 eval_episode_return:  1.00
 train_episode_return:  1.00
 train_exploration_epsilon: 0.100
 train_frame_rate:  156
I1002 01:48:51.473666 46989122975552 run_miniworld.py:238] Data collection iteration 198.
I1002 01:51:29.936555 46989122975552 run_miniworld.py:245] Evaluation iteration 198.
I1002 01:51:41.516457 46989122975552 run_miniworld.py:262] iteration: 198
 frame: 4950000
 eval_episode_return:  1.00
 train_episode_return:  1.00
 train_exploration_epsilon: 0.100
 train_frame_rate:  158
I1002 01:51:44.391047 46989122975552 run_miniworld.py:238] Data collection iteration 199.
I1002 01:54:23.939221 46989122975552 run_miniworld.py:245] Evaluation iteration 199.
I1002 01:54:36.097596 46989122975552 run_miniworld.py:262] iteration: 199
 frame: 4975000
 eval_episode_return:  1.00
 train_episode_return:  1.00
 train_exploration_epsilon: 0.100
 train_frame_rate:  157
I1002 01:54:38.925572 46989122975552 run_miniworld.py:238] Data collection iteration 200.
I1002 01:57:18.707239 46989122975552 run_miniworld.py:245] Evaluation iteration 200.
I1002 01:57:30.097253 46989122975552 run_miniworld.py:262] iteration: 200
 frame: 5000000
 eval_episode_return:  1.00
 train_episode_return:  1.00
 train_exploration_epsilon: 0.100
 train_frame_rate:  156
Falling back to num_samples=1
Falling back to num_samples=1
Falling back to num_samples=1
Falling back to num_samples=1
Falling back to num_samples=1
Falling back to num_samples=1
Falling back to num_samples=1
Falling back to num_samples=1
Falling back to num_samples=1
Falling back to num_samples=1
Falling back to num_samples=1
Falling back to num_samples=1
Falling back to num_samples=1
Falling back to num_samples=1
Falling back to num_samples=1
Falling back to num_samples=1
Falling back to num_samples=1
Falling back to num_samples=1
Falling back to num_samples=1
Falling back to num_samples=1
Falling back to num_samples=1
Falling back to num_samples=1
Falling back to num_samples=1
Falling back to num_samples=1
Falling back to num_samples=1
Falling back to num_samples=1
Falling back to num_samples=1
Falling back to num_samples=1
Falling back to num_samples=1
Falling back to num_samples=1
Falling back to num_samples=1
Falling back to num_samples=1
Falling back to num_samples=1
Falling back to num_samples=1
Falling back to num_samples=1
Falling back to num_samples=1
Falling back to num_samples=1
Falling back to num_samples=1
Falling back to num_samples=1
Falling back to num_samples=1
Falling back to num_samples=1
Falling back to num_samples=1
Falling back to num_samples=1
Falling back to num_samples=1
Falling back to num_samples=1
Falling back to num_samples=1
Falling back to num_samples=1
Falling back to num_samples=1
Falling back to num_samples=1
Falling back to num_samples=1
Falling back to num_samples=1
Falling back to num_samples=1
Falling back to num_samples=1
Falling back to num_samples=1
Falling back to num_samples=1
Falling back to num_samples=1
Falling back to num_samples=1
Falling back to num_samples=1
Falling back to num_samples=1
Falling back to num_samples=1
Falling back to num_samples=1
Falling back to num_samples=1
Falling back to num_samples=1
Falling back to num_samples=1
Falling back to num_samples=1
Falling back to num_samples=1
Falling back to num_samples=1
Falling back to num_samples=1
Falling back to num_samples=1
Falling back to num_samples=1
Falling back to num_samples=1
Falling back to num_samples=1
Falling back to num_samples=1
Falling back to num_samples=1
Falling back to num_samples=1
Falling back to num_samples=1
Falling back to num_samples=1
Falling back to num_samples=1
Falling back to num_samples=1
Falling back to num_samples=1
Falling back to num_samples=1
Falling back to num_samples=1
Falling back to num_samples=1
Falling back to num_samples=1
Falling back to num_samples=1
Falling back to num_samples=1
Falling back to num_samples=1
Falling back to num_samples=1
Falling back to num_samples=1
Falling back to num_samples=1
Falling back to num_samples=1
Falling back to num_samples=1
Falling back to num_samples=1
Falling back to num_samples=1
Falling back to num_samples=1
Falling back to num_samples=1
Falling back to num_samples=1
Falling back to num_samples=1
Falling back to num_samples=1
Falling back to num_samples=1
Falling back to num_samples=1
Falling back to num_samples=1
Falling back to num_samples=1
Falling back to num_samples=1
Falling back to num_samples=1
Falling back to num_samples=1
Falling back to num_samples=1
Falling back to num_samples=1
Falling back to num_samples=1
Falling back to num_samples=1
Falling back to num_samples=1
Falling back to num_samples=1
Falling back to num_samples=1
Falling back to num_samples=1
Falling back to num_samples=1
Falling back to num_samples=1
Falling back to num_samples=1
Falling back to num_samples=1
Falling back to num_samples=1
Falling back to num_samples=1
Falling back to num_samples=1
Falling back to num_samples=1
Falling back to num_samples=1
Falling back to num_samples=1
Falling back to num_samples=1
Falling back to num_samples=1
Falling back to num_samples=1
Falling back to num_samples=1
Falling back to num_samples=1
Falling back to num_samples=1
Falling back to num_samples=1
Falling back to num_samples=1
Falling back to num_samples=1
Falling back to num_samples=1
Falling back to num_samples=1
Falling back to num_samples=1
Falling back to num_samples=1
Falling back to num_samples=1
Falling back to num_samples=1
Falling back to num_samples=1
Falling back to num_samples=1
Falling back to num_samples=1
Falling back to num_samples=1
Falling back to num_samples=1
Falling back to num_samples=1
Falling back to num_samples=1
Falling back to num_samples=1
Falling back to num_samples=1
Falling back to num_samples=1
Falling back to num_samples=1
Falling back to num_samples=1
Falling back to num_samples=1
Falling back to num_samples=1
Falling back to num_samples=1
Falling back to num_samples=1
Falling back to num_samples=1
Falling back to num_samples=1
Falling back to num_samples=1
Falling back to num_samples=1
Falling back to num_samples=1
Falling back to num_samples=1
Falling back to num_samples=1
Falling back to num_samples=1
Falling back to num_samples=1
Falling back to num_samples=1
Falling back to num_samples=1
Falling back to num_samples=1
Falling back to num_samples=1
Falling back to num_samples=1
Falling back to num_samples=1
Falling back to num_samples=1
Falling back to num_samples=1
Falling back to num_samples=1
Falling back to num_samples=1
Falling back to num_samples=1
Falling back to num_samples=1
Falling back to num_samples=1
Falling back to num_samples=1
Falling back to num_samples=1
Falling back to num_samples=1
Falling back to num_samples=1
Falling back to num_samples=1
Falling back to num_samples=1
Falling back to num_samples=1
Falling back to num_samples=1
Falling back to num_samples=1
Falling back to num_samples=1
Falling back to num_samples=1
Falling back to num_samples=1
Falling back to num_samples=1
Falling back to num_samples=1
Falling back to num_samples=1
Falling back to num_samples=1
Falling back to num_samples=1
Falling back to num_samples=1
Falling back to num_samples=1
Falling back to num_samples=1
Falling back to num_samples=1
Falling back to num_samples=1
Falling back to num_samples=1
Falling back to num_samples=1
Falling back to num_samples=1
Falling back to num_samples=1
Falling back to num_samples=1
Falling back to num_samples=1
Falling back to num_samples=1
Falling back to num_samples=1
Falling back to num_samples=1
Falling back to num_samples=1
Falling back to num_samples=1
Falling back to num_samples=1
Falling back to num_samples=1
Falling back to num_samples=1
Falling back to num_samples=1
Falling back to num_samples=1
Falling back to num_samples=1
Falling back to num_samples=1
Falling back to num_samples=1
Falling back to num_samples=1
Falling back to num_samples=1
Falling back to num_samples=1
Falling back to num_samples=1
Falling back to num_samples=1
Falling back to num_samples=1
Falling back to num_samples=1
Falling back to num_samples=1
Falling back to num_samples=1
Falling back to num_samples=1
Falling back to num_samples=1
Falling back to num_samples=1
Falling back to num_samples=1
Falling back to num_samples=1
Falling back to num_samples=1
Falling back to num_samples=1
Falling back to num_samples=1
Falling back to num_samples=1
Falling back to num_samples=1
Falling back to num_samples=1
Falling back to num_samples=1
Falling back to num_samples=1
Falling back to num_samples=1
Falling back to num_samples=1
Falling back to num_samples=1
Falling back to num_samples=1
Falling back to num_samples=1
Falling back to num_samples=1
Falling back to num_samples=1
Falling back to num_samples=1
Falling back to num_samples=1
Falling back to num_samples=1
Falling back to num_samples=1
Falling back to num_samples=1
Falling back to num_samples=1
Falling back to num_samples=1
Falling back to num_samples=1
Falling back to num_samples=1
Falling back to num_samples=1
Falling back to num_samples=1
Falling back to num_samples=1
Falling back to num_samples=1
Falling back to num_samples=1
Falling back to num_samples=1
Falling back to num_samples=1
Falling back to num_samples=1
Falling back to num_samples=1
Falling back to num_samples=1
Falling back to num_samples=1
Falling back to num_samples=1
Falling back to num_samples=1
Falling back to num_samples=1
Falling back to num_samples=1
Falling back to num_samples=1
Falling back to num_samples=1
Falling back to num_samples=1
Falling back to num_samples=1
Falling back to num_samples=1
Falling back to num_samples=1
Falling back to num_samples=1
Falling back to num_samples=1
Falling back to num_samples=1
Falling back to num_samples=1
Falling back to num_samples=1
Falling back to num_samples=1
Falling back to num_samples=1
Falling back to num_samples=1
Falling back to num_samples=1
Falling back to num_samples=1
Falling back to num_samples=1
Falling back to num_samples=1
Falling back to num_samples=1
Falling back to num_samples=1
Falling back to num_samples=1
Falling back to num_samples=1
Falling back to num_samples=1
Falling back to num_samples=1
Falling back to num_samples=1
Falling back to num_samples=1
Falling back to num_samples=1
Falling back to num_samples=1
Falling back to num_samples=1
Falling back to num_samples=1
Falling back to num_samples=1
Falling back to num_samples=1
Falling back to num_samples=1
Falling back to num_samples=1
Falling back to num_samples=1
Falling back to num_samples=1
Falling back to num_samples=1
Falling back to num_samples=1
Falling back to num_samples=1
Falling back to num_samples=1
Falling back to num_samples=1
Falling back to num_samples=1
Falling back to num_samples=1
Falling back to num_samples=1
Falling back to num_samples=1
Falling back to num_samples=1
Falling back to num_samples=1
Falling back to num_samples=1
Falling back to num_samples=1
Falling back to num_samples=1
Falling back to num_samples=1
Falling back to num_samples=1
Falling back to num_samples=1
Falling back to num_samples=1
Falling back to num_samples=1
Falling back to num_samples=1
Falling back to num_samples=1
Falling back to num_samples=1
Falling back to num_samples=1
Falling back to num_samples=1
Falling back to num_samples=1
Falling back to num_samples=1
Falling back to num_samples=1
Falling back to num_samples=1
Falling back to num_samples=1
Falling back to num_samples=1
Falling back to num_samples=1
Falling back to num_samples=1
Falling back to num_samples=1
Falling back to num_samples=1
Falling back to num_samples=1
Falling back to num_samples=1
Falling back to num_samples=1
Falling back to num_samples=1
Falling back to num_samples=1
Falling back to num_samples=1
Falling back to num_samples=1
Falling back to num_samples=1
Falling back to num_samples=1
Falling back to num_samples=1
Falling back to num_samples=1
Falling back to num_samples=1
Falling back to num_samples=1
Falling back to num_samples=1
Falling back to num_samples=1
Falling back to num_samples=1
Falling back to num_samples=1
Falling back to num_samples=1
Falling back to num_samples=1
Falling back to num_samples=1
Falling back to num_samples=1
Falling back to num_samples=1
Falling back to num_samples=1
Falling back to num_samples=1
Falling back to num_samples=1
Falling back to num_samples=1
Falling back to num_samples=1
Falling back to num_samples=1
Falling back to num_samples=1
Falling back to num_samples=1
Falling back to num_samples=1
Falling back to num_samples=1
Falling back to num_samples=1
Falling back to num_samples=1
Falling back to num_samples=1
Falling back to num_samples=1
Falling back to num_samples=1
Falling back to num_samples=1
Falling back to num_samples=1
Falling back to num_samples=1
Falling back to num_samples=1
Falling back to num_samples=1
Falling back to num_samples=1
Falling back to num_samples=1
Falling back to num_samples=1
Falling back to num_samples=1
Falling back to num_samples=1
Falling back to num_samples=1
Falling back to num_samples=1
Falling back to num_samples=1
Falling back to num_samples=1
Falling back to num_samples=1
Falling back to num_samples=1
Falling back to num_samples=1
Falling back to num_samples=1
Falling back to num_samples=1
Falling back to num_samples=1
Falling back to num_samples=1
Falling back to num_samples=1
Falling back to num_samples=1
Falling back to num_samples=1
Falling back to num_samples=1
Falling back to num_samples=1
