I1007 23:58:02.748465 47621887493952 xla_bridge.py:355] Unable to initialize backend 'tpu_driver': NOT_FOUND: Unable to find driver in registry given worker: 
I1007 23:58:02.939915 47621887493952 xla_bridge.py:355] Unable to initialize backend 'rocm': NOT_FOUND: Could not find registered platform with name: "rocm". Available platform names are: Interpreter Host CUDA
I1007 23:58:02.940405 47621887493952 xla_bridge.py:355] Unable to initialize backend 'tpu': module 'jaxlib.xla_extension' has no attribute 'get_tpu_client'
I1007 23:58:02.940550 47621887493952 xla_bridge.py:355] Unable to initialize backend 'plugin': xla_extension has no attributes named get_plugin_device_client. Compile TensorFlow with //tensorflow/compiler/xla/python:enable_plugin_device set to true (defaults to false) to enable this.
I1007 23:58:02.940674 47621887493952 run_miniworld.py:102] Collecting data on MiniWorld on gpu.
I1007 23:58:06.923453 47621887493952 run_miniworld.py:138] Observation shape: (60, 80, 3)
I1007 23:58:18.021137 47621887493952 run_miniworld.py:243] Data collection iteration 0.
I1007 23:59:42.087255 47621887493952 run_miniworld.py:250] Evaluation iteration 0.
/home/mklissa/DCEO/lib/python3.8/site-packages/distrax/_src/distributions/categorical.py:96: UserWarning: Explicitly requested dtype <class 'jax.numpy.int64'> requested in astype is not available, and will be truncated to dtype int32. To enable more dtypes, set the jax_enable_x64 configuration option or the JAX_ENABLE_X64 shell environment variable. See https://github.com/google/jax#current-gotchas for more.
  return draws.astype(self._dtype)
I1008 00:00:03.850800 47621887493952 run_miniworld.py:267] iteration:   0
 frame:     0
 eval_episode_return:  0.00
 train_episode_return:  0.00
 train_exploration_epsilon: 1.000
 train_frame_rate:  595
I1008 00:00:50.493314 47621887493952 run_miniworld.py:243] Data collection iteration 1.
I1008 00:00:50.577155 47621887493952 dceo_agent.py:296] Begin learning
I1008 00:05:41.216063 47621887493952 run_miniworld.py:250] Evaluation iteration 1.
I1008 00:06:02.744311 47621887493952 run_miniworld.py:267] iteration:   1
 frame: 50000
 eval_episode_return:  0.00
 train_episode_return:  0.04
 train_exploration_epsilon: 0.978
 train_frame_rate:  172
I1008 00:06:47.966707 47621887493952 run_miniworld.py:243] Data collection iteration 2.
I1008 00:11:32.875090 47621887493952 run_miniworld.py:250] Evaluation iteration 2.
I1008 00:11:54.183945 47621887493952 run_miniworld.py:267] iteration:   2
 frame: 100000
 eval_episode_return:  0.00
 train_episode_return:  0.04
 train_exploration_epsilon: 0.955
 train_frame_rate:  175
I1008 00:12:39.604417 47621887493952 run_miniworld.py:243] Data collection iteration 3.
I1008 00:17:22.491707 47621887493952 run_miniworld.py:250] Evaluation iteration 3.
I1008 00:17:43.800653 47621887493952 run_miniworld.py:267] iteration:   3
 frame: 150000
 eval_episode_return:  0.00
 train_episode_return:  0.00
 train_exploration_epsilon: 0.933
 train_frame_rate:  177
I1008 00:18:29.199979 47621887493952 run_miniworld.py:243] Data collection iteration 4.
I1008 00:23:13.383108 47621887493952 run_miniworld.py:250] Evaluation iteration 4.
I1008 00:23:34.868123 47621887493952 run_miniworld.py:267] iteration:   4
 frame: 200000
 eval_episode_return:  0.00
 train_episode_return:  0.00
 train_exploration_epsilon: 0.910
 train_frame_rate:  176
I1008 00:24:20.215533 47621887493952 run_miniworld.py:243] Data collection iteration 5.
I1008 00:29:08.669794 47621887493952 run_miniworld.py:250] Evaluation iteration 5.
I1008 00:29:29.974570 47621887493952 run_miniworld.py:267] iteration:   5
 frame: 250000
 eval_episode_return:  0.00
 train_episode_return:  0.00
 train_exploration_epsilon: 0.888
 train_frame_rate:  173
I1008 00:30:15.942796 47621887493952 run_miniworld.py:243] Data collection iteration 6.
I1008 00:35:06.136256 47621887493952 run_miniworld.py:250] Evaluation iteration 6.
I1008 00:35:27.461786 47621887493952 run_miniworld.py:267] iteration:   6
 frame: 300000
 eval_episode_return:  0.00
 train_episode_return:  0.00
 train_exploration_epsilon: 0.865
 train_frame_rate:  172
I1008 00:36:13.781962 47621887493952 run_miniworld.py:243] Data collection iteration 7.
I1008 00:41:06.398473 47621887493952 run_miniworld.py:250] Evaluation iteration 7.
I1008 00:41:27.774753 47621887493952 run_miniworld.py:267] iteration:   7
 frame: 350000
 eval_episode_return:  0.00
 train_episode_return:  0.00
 train_exploration_epsilon: 0.843
 train_frame_rate:  171
I1008 00:42:13.243576 47621887493952 run_miniworld.py:243] Data collection iteration 8.
I1008 00:47:06.561422 47621887493952 run_miniworld.py:250] Evaluation iteration 8.
I1008 00:47:27.763451 47621887493952 run_miniworld.py:267] iteration:   8
 frame: 400000
 eval_episode_return:  0.00
 train_episode_return:  0.00
 train_exploration_epsilon: 0.820
 train_frame_rate:  170
I1008 00:48:13.683838 47621887493952 run_miniworld.py:243] Data collection iteration 9.
I1008 00:53:09.440915 47621887493952 run_miniworld.py:250] Evaluation iteration 9.
I1008 00:53:30.729423 47621887493952 run_miniworld.py:267] iteration:   9
 frame: 450000
 eval_episode_return:  0.00
 train_episode_return:  0.00
 train_exploration_epsilon: 0.798
 train_frame_rate:  169
I1008 00:54:16.475838 47621887493952 run_miniworld.py:243] Data collection iteration 10.
I1008 00:59:13.071048 47621887493952 run_miniworld.py:250] Evaluation iteration 10.
I1008 00:59:34.461370 47621887493952 run_miniworld.py:267] iteration:  10
 frame: 500000
 eval_episode_return:  0.00
 train_episode_return:  0.00
 train_exploration_epsilon: 0.775
 train_frame_rate:  169
I1008 01:00:22.689565 47621887493952 run_miniworld.py:243] Data collection iteration 11.
I1008 01:05:25.553601 47621887493952 run_miniworld.py:250] Evaluation iteration 11.
I1008 01:05:47.241396 47621887493952 run_miniworld.py:267] iteration:  11
 frame: 550000
 eval_episode_return:  0.00
 train_episode_return:  0.00
 train_exploration_epsilon: 0.753
 train_frame_rate:  165
I1008 01:06:32.985109 47621887493952 run_miniworld.py:243] Data collection iteration 12.
I1008 01:11:33.043015 47621887493952 run_miniworld.py:250] Evaluation iteration 12.
I1008 01:11:54.460284 47621887493952 run_miniworld.py:267] iteration:  12
 frame: 600000
 eval_episode_return:  0.00
 train_episode_return:  0.00
 train_exploration_epsilon: 0.730
 train_frame_rate:  167
I1008 01:12:40.752119 47621887493952 run_miniworld.py:243] Data collection iteration 13.
I1008 01:17:42.011848 47621887493952 run_miniworld.py:250] Evaluation iteration 13.
I1008 01:18:03.312347 47621887493952 run_miniworld.py:267] iteration:  13
 frame: 650000
 eval_episode_return:  0.00
 train_episode_return:  0.00
 train_exploration_epsilon: 0.708
 train_frame_rate:  166
I1008 01:18:49.675532 47621887493952 run_miniworld.py:243] Data collection iteration 14.
I1008 01:23:53.655075 47621887493952 run_miniworld.py:250] Evaluation iteration 14.
I1008 01:24:15.220573 47621887493952 run_miniworld.py:267] iteration:  14
 frame: 700000
 eval_episode_return:  0.00
 train_episode_return:  0.00
 train_exploration_epsilon: 0.685
 train_frame_rate:  164
I1008 01:25:02.234443 47621887493952 run_miniworld.py:243] Data collection iteration 15.
I1008 01:30:07.867639 47621887493952 run_miniworld.py:250] Evaluation iteration 15.
I1008 01:30:29.399626 47621887493952 run_miniworld.py:267] iteration:  15
 frame: 750000
 eval_episode_return:  0.00
 train_episode_return:  0.00
 train_exploration_epsilon: 0.663
 train_frame_rate:  164
I1008 01:31:15.364632 47621887493952 run_miniworld.py:243] Data collection iteration 16.
I1008 01:36:24.727030 47621887493952 run_miniworld.py:250] Evaluation iteration 16.
I1008 01:36:46.203468 47621887493952 run_miniworld.py:267] iteration:  16
 frame: 800000
 eval_episode_return:  0.00
 train_episode_return:  0.00
 train_exploration_epsilon: 0.640
 train_frame_rate:  162
I1008 01:37:32.747976 47621887493952 run_miniworld.py:243] Data collection iteration 17.
I1008 01:42:44.571066 47621887493952 run_miniworld.py:250] Evaluation iteration 17.
I1008 01:43:06.116274 47621887493952 run_miniworld.py:267] iteration:  17
 frame: 850000
 eval_episode_return:  0.00
 train_episode_return:  0.00
 train_exploration_epsilon: 0.618
 train_frame_rate:  160
I1008 01:43:51.717726 47621887493952 run_miniworld.py:243] Data collection iteration 18.
I1008 01:49:01.520854 47621887493952 run_miniworld.py:250] Evaluation iteration 18.
I1008 01:49:23.031984 47621887493952 run_miniworld.py:267] iteration:  18
 frame: 900000
 eval_episode_return:  0.00
 train_episode_return:  0.00
 train_exploration_epsilon: 0.595
 train_frame_rate:  161
I1008 01:50:10.591074 47621887493952 run_miniworld.py:243] Data collection iteration 19.
I1008 01:55:25.524000 47621887493952 run_miniworld.py:250] Evaluation iteration 19.
I1008 01:55:47.223797 47621887493952 run_miniworld.py:267] iteration:  19
 frame: 950000
 eval_episode_return:  0.00
 train_episode_return:  0.00
 train_exploration_epsilon: 0.573
 train_frame_rate:  159
I1008 01:56:34.935233 47621887493952 run_miniworld.py:243] Data collection iteration 20.
I1008 02:01:48.269508 47621887493952 run_miniworld.py:250] Evaluation iteration 20.
I1008 02:02:09.776820 47621887493952 run_miniworld.py:267] iteration:  20
 frame: 1000000
 eval_episode_return:  0.00
 train_episode_return:  0.00
 train_exploration_epsilon: 0.550
 train_frame_rate:  160
I1008 02:02:56.705594 47621887493952 run_miniworld.py:243] Data collection iteration 21.
I1008 02:08:09.078360 47621887493952 run_miniworld.py:250] Evaluation iteration 21.
I1008 02:08:30.819403 47621887493952 run_miniworld.py:267] iteration:  21
 frame: 1050000
 eval_episode_return:  0.00
 train_episode_return:  0.00
 train_exploration_epsilon: 0.528
 train_frame_rate:  160
I1008 02:09:17.921558 47621887493952 run_miniworld.py:243] Data collection iteration 22.
I1008 02:14:28.907451 47621887493952 run_miniworld.py:250] Evaluation iteration 22.
I1008 02:14:50.538161 47621887493952 run_miniworld.py:267] iteration:  22
 frame: 1100000
 eval_episode_return:  0.00
 train_episode_return:  0.00
 train_exploration_epsilon: 0.505
 train_frame_rate:  161
I1008 02:15:36.176056 47621887493952 run_miniworld.py:243] Data collection iteration 23.
I1008 02:20:49.101421 47621887493952 run_miniworld.py:250] Evaluation iteration 23.
I1008 02:21:10.674984 47621887493952 run_miniworld.py:267] iteration:  23
 frame: 1150000
 eval_episode_return:  0.00
 train_episode_return:  0.00
 train_exploration_epsilon: 0.483
 train_frame_rate:  160
I1008 02:21:57.223077 47621887493952 run_miniworld.py:243] Data collection iteration 24.
I1008 02:27:12.364360 47621887493952 run_miniworld.py:250] Evaluation iteration 24.
I1008 02:27:34.126140 47621887493952 run_miniworld.py:267] iteration:  24
 frame: 1200000
 eval_episode_return:  0.00
 train_episode_return:  0.00
 train_exploration_epsilon: 0.460
 train_frame_rate:  159
I1008 02:28:20.683461 47621887493952 run_miniworld.py:243] Data collection iteration 25.
I1008 02:33:35.336017 47621887493952 run_miniworld.py:250] Evaluation iteration 25.
I1008 02:33:57.085056 47621887493952 run_miniworld.py:267] iteration:  25
 frame: 1250000
 eval_episode_return:  0.00
 train_episode_return:  0.00
 train_exploration_epsilon: 0.438
 train_frame_rate:  159
I1008 02:34:44.029425 47621887493952 run_miniworld.py:243] Data collection iteration 26.
I1008 02:39:58.616430 47621887493952 run_miniworld.py:250] Evaluation iteration 26.
I1008 02:40:20.504782 47621887493952 run_miniworld.py:267] iteration:  26
 frame: 1300000
 eval_episode_return:  0.00
 train_episode_return:  0.00
 train_exploration_epsilon: 0.415
 train_frame_rate:  159
I1008 02:41:06.993001 47621887493952 run_miniworld.py:243] Data collection iteration 27.
I1008 02:46:26.210407 47621887493952 run_miniworld.py:250] Evaluation iteration 27.
I1008 02:46:48.049210 47621887493952 run_miniworld.py:267] iteration:  27
 frame: 1350000
 eval_episode_return:  0.00
 train_episode_return:  0.00
 train_exploration_epsilon: 0.393
 train_frame_rate:  157
I1008 02:47:35.393019 47621887493952 run_miniworld.py:243] Data collection iteration 28.
I1008 02:52:49.253628 47621887493952 run_miniworld.py:250] Evaluation iteration 28.
I1008 02:53:10.918827 47621887493952 run_miniworld.py:267] iteration:  28
 frame: 1400000
 eval_episode_return:  0.00
 train_episode_return:  0.00
 train_exploration_epsilon: 0.370
 train_frame_rate:  159
I1008 02:53:57.771883 47621887493952 run_miniworld.py:243] Data collection iteration 29.
I1008 02:59:12.872983 47621887493952 run_miniworld.py:250] Evaluation iteration 29.
I1008 02:59:34.838561 47621887493952 run_miniworld.py:267] iteration:  29
 frame: 1450000
 eval_episode_return:  0.00
 train_episode_return:  0.00
 train_exploration_epsilon: 0.348
 train_frame_rate:  159
I1008 03:00:22.328279 47621887493952 run_miniworld.py:243] Data collection iteration 30.
I1008 03:05:38.895358 47621887493952 run_miniworld.py:250] Evaluation iteration 30.
I1008 03:06:00.970665 47621887493952 run_miniworld.py:267] iteration:  30
 frame: 1500000
 eval_episode_return:  0.00
 train_episode_return:  0.00
 train_exploration_epsilon: 0.325
 train_frame_rate:  158
I1008 03:06:47.384343 47621887493952 run_miniworld.py:243] Data collection iteration 31.
I1008 03:12:03.814672 47621887493952 run_miniworld.py:250] Evaluation iteration 31.
I1008 03:12:25.852622 47621887493952 run_miniworld.py:267] iteration:  31
 frame: 1550000
 eval_episode_return:  0.00
 train_episode_return:  0.00
 train_exploration_epsilon: 0.303
 train_frame_rate:  158
I1008 03:13:12.396259 47621887493952 run_miniworld.py:243] Data collection iteration 32.
I1008 03:18:28.459956 47621887493952 run_miniworld.py:250] Evaluation iteration 32.
I1008 03:18:50.480011 47621887493952 run_miniworld.py:267] iteration:  32
 frame: 1600000
 eval_episode_return:  0.00
 train_episode_return:  0.00
 train_exploration_epsilon: 0.280
 train_frame_rate:  158
I1008 03:19:38.000248 47621887493952 run_miniworld.py:243] Data collection iteration 33.
I1008 03:24:54.726924 47621887493952 run_miniworld.py:250] Evaluation iteration 33.
I1008 03:25:16.945714 47621887493952 run_miniworld.py:267] iteration:  33
 frame: 1650000
 eval_episode_return:  0.00
 train_episode_return:  0.00
 train_exploration_epsilon: 0.258
 train_frame_rate:  158
I1008 03:26:03.248444 47621887493952 run_miniworld.py:243] Data collection iteration 34.
I1008 03:31:19.055620 47621887493952 run_miniworld.py:250] Evaluation iteration 34.
I1008 03:31:41.258850 47621887493952 run_miniworld.py:267] iteration:  34
 frame: 1700000
 eval_episode_return:  0.00
 train_episode_return:  0.00
 train_exploration_epsilon: 0.235
 train_frame_rate:  158
I1008 03:32:27.762088 47621887493952 run_miniworld.py:243] Data collection iteration 35.
I1008 03:37:43.960617 47621887493952 run_miniworld.py:250] Evaluation iteration 35.
I1008 03:38:06.068956 47621887493952 run_miniworld.py:267] iteration:  35
 frame: 1750000
 eval_episode_return:  0.00
 train_episode_return:  0.00
 train_exploration_epsilon: 0.213
 train_frame_rate:  158
I1008 03:38:52.571000 47621887493952 run_miniworld.py:243] Data collection iteration 36.
I1008 03:44:10.035966 47621887493952 run_miniworld.py:250] Evaluation iteration 36.
I1008 03:44:32.280749 47621887493952 run_miniworld.py:267] iteration:  36
 frame: 1800000
 eval_episode_return:  0.00
 train_episode_return:  0.00
 train_exploration_epsilon: 0.190
 train_frame_rate:  157
I1008 03:45:19.892902 47621887493952 run_miniworld.py:243] Data collection iteration 37.
I1008 03:50:37.058326 47621887493952 run_miniworld.py:250] Evaluation iteration 37.
I1008 03:50:59.126277 47621887493952 run_miniworld.py:267] iteration:  37
 frame: 1850000
 eval_episode_return:  0.00
 train_episode_return:  0.00
 train_exploration_epsilon: 0.168
 train_frame_rate:  158
I1008 03:51:45.373617 47621887493952 run_miniworld.py:243] Data collection iteration 38.
I1008 03:57:03.855110 47621887493952 run_miniworld.py:250] Evaluation iteration 38.
I1008 03:57:26.138017 47621887493952 run_miniworld.py:267] iteration:  38
 frame: 1900000
 eval_episode_return:  0.00
 train_episode_return:  0.00
 train_exploration_epsilon: 0.145
 train_frame_rate:  157
I1008 03:58:15.042594 47621887493952 run_miniworld.py:243] Data collection iteration 39.
I1008 04:03:34.206596 47621887493952 run_miniworld.py:250] Evaluation iteration 39.
I1008 04:03:56.393338 47621887493952 run_miniworld.py:267] iteration:  39
 frame: 1950000
 eval_episode_return:  0.00
 train_episode_return:  0.00
 train_exploration_epsilon: 0.123
 train_frame_rate:  157
I1008 04:04:42.776020 47621887493952 run_miniworld.py:243] Data collection iteration 40.
I1008 04:10:08.334934 47621887493952 run_miniworld.py:250] Evaluation iteration 40.
I1008 04:10:30.897663 47621887493952 run_miniworld.py:267] iteration:  40
 frame: 2000000
 eval_episode_return:  0.00
 train_episode_return:  0.00
 train_exploration_epsilon: 0.100
 train_frame_rate:  154
I1008 04:11:17.004905 47621887493952 run_miniworld.py:243] Data collection iteration 41.
I1008 04:16:35.179961 47621887493952 run_miniworld.py:250] Evaluation iteration 41.
I1008 04:16:57.365413 47621887493952 run_miniworld.py:267] iteration:  41
 frame: 2050000
 eval_episode_return:  0.00
 train_episode_return:  0.00
 train_exploration_epsilon: 0.100
 train_frame_rate:  157
I1008 04:17:44.051717 47621887493952 run_miniworld.py:243] Data collection iteration 42.
I1008 04:23:02.177957 47621887493952 run_miniworld.py:250] Evaluation iteration 42.
I1008 04:23:24.468213 47621887493952 run_miniworld.py:267] iteration:  42
 frame: 2100000
 eval_episode_return:  0.00
 train_episode_return:  0.00
 train_exploration_epsilon: 0.100
 train_frame_rate:  157
I1008 04:24:12.312374 47621887493952 run_miniworld.py:243] Data collection iteration 43.
I1008 04:29:31.076244 47621887493952 run_miniworld.py:250] Evaluation iteration 43.
I1008 04:29:53.151918 47621887493952 run_miniworld.py:267] iteration:  43
 frame: 2150000
 eval_episode_return:  0.00
 train_episode_return:  0.00
 train_exploration_epsilon: 0.100
 train_frame_rate:  157
I1008 04:30:40.768345 47621887493952 run_miniworld.py:243] Data collection iteration 44.
I1008 04:35:59.528366 47621887493952 run_miniworld.py:250] Evaluation iteration 44.
I1008 04:36:21.767939 47621887493952 run_miniworld.py:267] iteration:  44
 frame: 2200000
 eval_episode_return:  0.00
 train_episode_return:  0.00
 train_exploration_epsilon: 0.100
 train_frame_rate:  157
I1008 04:37:08.273837 47621887493952 run_miniworld.py:243] Data collection iteration 45.
I1008 04:42:26.234713 47621887493952 run_miniworld.py:250] Evaluation iteration 45.
I1008 04:42:48.483616 47621887493952 run_miniworld.py:267] iteration:  45
 frame: 2250000
 eval_episode_return:  0.00
 train_episode_return:  0.00
 train_exploration_epsilon: 0.100
 train_frame_rate:  157
I1008 04:43:35.996414 47621887493952 run_miniworld.py:243] Data collection iteration 46.
I1008 04:48:54.540352 47621887493952 run_miniworld.py:250] Evaluation iteration 46.
I1008 04:49:16.863941 47621887493952 run_miniworld.py:267] iteration:  46
 frame: 2300000
 eval_episode_return:  0.00
 train_episode_return:  0.00
 train_exploration_epsilon: 0.100
 train_frame_rate:  157
I1008 04:50:03.791687 47621887493952 run_miniworld.py:243] Data collection iteration 47.
I1008 04:55:20.823774 47621887493952 run_miniworld.py:250] Evaluation iteration 47.
I1008 04:55:43.230745 47621887493952 run_miniworld.py:267] iteration:  47
 frame: 2350000
 eval_episode_return:  0.00
 train_episode_return:  0.00
 train_exploration_epsilon: 0.100
 train_frame_rate:  158
I1008 04:56:30.676597 47621887493952 run_miniworld.py:243] Data collection iteration 48.
I1008 05:01:49.146988 47621887493952 run_miniworld.py:250] Evaluation iteration 48.
I1008 05:02:11.516308 47621887493952 run_miniworld.py:267] iteration:  48
 frame: 2400000
 eval_episode_return:  0.00
 train_episode_return:  0.00
 train_exploration_epsilon: 0.100
 train_frame_rate:  157
I1008 05:02:58.322131 47621887493952 run_miniworld.py:243] Data collection iteration 49.
I1008 05:08:16.743281 47621887493952 run_miniworld.py:250] Evaluation iteration 49.
I1008 05:08:39.034779 47621887493952 run_miniworld.py:267] iteration:  49
 frame: 2450000
 eval_episode_return:  0.00
 train_episode_return:  0.00
 train_exploration_epsilon: 0.100
 train_frame_rate:  157
I1008 05:09:27.693346 47621887493952 run_miniworld.py:243] Data collection iteration 50.
I1008 05:14:46.844193 47621887493952 run_miniworld.py:250] Evaluation iteration 50.
I1008 05:15:09.380323 47621887493952 run_miniworld.py:267] iteration:  50
 frame: 2500000
 eval_episode_return:  0.00
 train_episode_return:  0.00
 train_exploration_epsilon: 0.100
 train_frame_rate:  157
I1008 05:15:56.263360 47621887493952 run_miniworld.py:243] Data collection iteration 51.
I1008 05:21:13.973535 47621887493952 run_miniworld.py:250] Evaluation iteration 51.
I1008 05:21:36.428616 47621887493952 run_miniworld.py:267] iteration:  51
 frame: 2550000
 eval_episode_return:  0.00
 train_episode_return:  0.00
 train_exploration_epsilon: 0.100
 train_frame_rate:  157
I1008 05:22:25.046471 47621887493952 run_miniworld.py:243] Data collection iteration 52.
I1008 05:27:42.122785 47621887493952 run_miniworld.py:250] Evaluation iteration 52.
I1008 05:28:04.704992 47621887493952 run_miniworld.py:267] iteration:  52
 frame: 2600000
 eval_episode_return:  0.00
 train_episode_return:  0.00
 train_exploration_epsilon: 0.100
 train_frame_rate:  158
I1008 05:28:54.003598 47621887493952 run_miniworld.py:243] Data collection iteration 53.
I1008 05:34:11.162216 47621887493952 run_miniworld.py:250] Evaluation iteration 53.
I1008 05:34:33.479306 47621887493952 run_miniworld.py:267] iteration:  53
 frame: 2650000
 eval_episode_return:  0.00
 train_episode_return:  0.00
 train_exploration_epsilon: 0.100
 train_frame_rate:  158
I1008 05:35:20.781306 47621887493952 run_miniworld.py:243] Data collection iteration 54.
I1008 05:40:38.735348 47621887493952 run_miniworld.py:250] Evaluation iteration 54.
I1008 05:41:01.176903 47621887493952 run_miniworld.py:267] iteration:  54
 frame: 2700000
 eval_episode_return:  0.00
 train_episode_return:  0.00
 train_exploration_epsilon: 0.100
 train_frame_rate:  157
I1008 05:41:48.800879 47621887493952 run_miniworld.py:243] Data collection iteration 55.
I1008 05:47:07.076453 47621887493952 run_miniworld.py:250] Evaluation iteration 55.
I1008 05:47:29.346144 47621887493952 run_miniworld.py:267] iteration:  55
 frame: 2750000
 eval_episode_return:  0.00
 train_episode_return:  0.00
 train_exploration_epsilon: 0.100
 train_frame_rate:  157
I1008 05:48:16.329003 47621887493952 run_miniworld.py:243] Data collection iteration 56.
I1008 05:53:34.268606 47621887493952 run_miniworld.py:250] Evaluation iteration 56.
I1008 05:53:56.400129 47621887493952 run_miniworld.py:267] iteration:  56
 frame: 2800000
 eval_episode_return:  0.00
 train_episode_return:  0.00
 train_exploration_epsilon: 0.100
 train_frame_rate:  157
I1008 05:54:44.351757 47621887493952 run_miniworld.py:243] Data collection iteration 57.
I1008 06:00:03.080937 47621887493952 run_miniworld.py:250] Evaluation iteration 57.
I1008 06:00:25.363640 47621887493952 run_miniworld.py:267] iteration:  57
 frame: 2850000
 eval_episode_return:  0.00
 train_episode_return:  0.00
 train_exploration_epsilon: 0.100
 train_frame_rate:  157
I1008 06:01:12.243910 47621887493952 run_miniworld.py:243] Data collection iteration 58.
I1008 06:06:26.179884 47621887493952 run_miniworld.py:250] Evaluation iteration 58.
I1008 06:06:48.227617 47621887493952 run_miniworld.py:267] iteration:  58
 frame: 2900000
 eval_episode_return:  0.00
 train_episode_return:  0.00
 train_exploration_epsilon: 0.100
 train_frame_rate:  159
I1008 06:07:34.919655 47621887493952 run_miniworld.py:243] Data collection iteration 59.
I1008 06:12:44.588796 47621887493952 run_miniworld.py:250] Evaluation iteration 59.
I1008 06:13:06.711121 47621887493952 run_miniworld.py:267] iteration:  59
 frame: 2950000
 eval_episode_return:  0.00
 train_episode_return:  0.00
 train_exploration_epsilon: 0.100
 train_frame_rate:  161
I1008 06:13:55.738684 47621887493952 run_miniworld.py:243] Data collection iteration 60.
I1008 06:19:07.620317 47621887493952 run_miniworld.py:250] Evaluation iteration 60.
I1008 06:19:29.771959 47621887493952 run_miniworld.py:267] iteration:  60
 frame: 3000000
 eval_episode_return:  0.00
 train_episode_return:  0.00
 train_exploration_epsilon: 0.100
 train_frame_rate:  160
I1008 06:20:21.098541 47621887493952 run_miniworld.py:243] Data collection iteration 61.
I1008 06:25:33.740018 47621887493952 run_miniworld.py:250] Evaluation iteration 61.
I1008 06:25:56.302102 47621887493952 run_miniworld.py:267] iteration:  61
 frame: 3050000
 eval_episode_return:  0.00
 train_episode_return:  0.00
 train_exploration_epsilon: 0.100
 train_frame_rate:  160
I1008 06:26:45.584954 47621887493952 run_miniworld.py:243] Data collection iteration 62.
I1008 06:32:05.119892 47621887493952 run_miniworld.py:250] Evaluation iteration 62.
I1008 06:32:27.256093 47621887493952 run_miniworld.py:267] iteration:  62
 frame: 3100000
 eval_episode_return:  0.00
 train_episode_return:  0.00
 train_exploration_epsilon: 0.100
 train_frame_rate:  156
I1008 06:33:17.075757 47621887493952 run_miniworld.py:243] Data collection iteration 63.
I1008 06:38:28.432548 47621887493952 run_miniworld.py:250] Evaluation iteration 63.
I1008 06:38:50.596494 47621887493952 run_miniworld.py:267] iteration:  63
 frame: 3150000
 eval_episode_return:  0.00
 train_episode_return:  0.00
 train_exploration_epsilon: 0.100
 train_frame_rate:  161
I1008 06:39:37.838563 47621887493952 run_miniworld.py:243] Data collection iteration 64.
I1008 06:44:49.044572 47621887493952 run_miniworld.py:250] Evaluation iteration 64.
I1008 06:45:11.148398 47621887493952 run_miniworld.py:267] iteration:  64
 frame: 3200000
 eval_episode_return:  0.00
 train_episode_return:  0.00
 train_exploration_epsilon: 0.100
 train_frame_rate:  161
I1008 06:45:58.870516 47621887493952 run_miniworld.py:243] Data collection iteration 65.
I1008 06:51:09.710179 47621887493952 run_miniworld.py:250] Evaluation iteration 65.
I1008 06:51:32.020970 47621887493952 run_miniworld.py:267] iteration:  65
 frame: 3250000
 eval_episode_return:  0.00
 train_episode_return:  0.00
 train_exploration_epsilon: 0.100
 train_frame_rate:  161
I1008 06:52:18.983771 47621887493952 run_miniworld.py:243] Data collection iteration 66.
I1008 06:57:30.419481 47621887493952 run_miniworld.py:250] Evaluation iteration 66.
I1008 06:57:52.565214 47621887493952 run_miniworld.py:267] iteration:  66
 frame: 3300000
 eval_episode_return:  0.00
 train_episode_return:  0.00
 train_exploration_epsilon: 0.100
 train_frame_rate:  161
I1008 06:58:39.121056 47621887493952 run_miniworld.py:243] Data collection iteration 67.
I1008 07:03:50.829744 47621887493952 run_miniworld.py:250] Evaluation iteration 67.
I1008 07:04:13.031036 47621887493952 run_miniworld.py:267] iteration:  67
 frame: 3350000
 eval_episode_return:  0.00
 train_episode_return:  0.00
 train_exploration_epsilon: 0.100
 train_frame_rate:  160
I1008 07:04:59.291905 47621887493952 run_miniworld.py:243] Data collection iteration 68.
I1008 07:10:09.886993 47621887493952 run_miniworld.py:250] Evaluation iteration 68.
I1008 07:10:31.892213 47621887493952 run_miniworld.py:267] iteration:  68
 frame: 3400000
 eval_episode_return:  0.00
 train_episode_return:  0.00
 train_exploration_epsilon: 0.100
 train_frame_rate:  161
I1008 07:11:19.168047 47621887493952 run_miniworld.py:243] Data collection iteration 69.
I1008 07:16:30.155783 47621887493952 run_miniworld.py:250] Evaluation iteration 69.
I1008 07:16:52.197674 47621887493952 run_miniworld.py:267] iteration:  69
 frame: 3450000
 eval_episode_return:  0.00
 train_episode_return:  0.00
 train_exploration_epsilon: 0.100
 train_frame_rate:  161
I1008 07:17:39.353065 47621887493952 run_miniworld.py:243] Data collection iteration 70.
I1008 07:22:56.455730 47621887493952 run_miniworld.py:250] Evaluation iteration 70.
I1008 07:23:18.486843 47621887493952 run_miniworld.py:267] iteration:  70
 frame: 3500000
 eval_episode_return:  0.00
 train_episode_return:  0.00
 train_exploration_epsilon: 0.100
 train_frame_rate:  158
I1008 07:24:04.302712 47621887493952 run_miniworld.py:243] Data collection iteration 71.
I1008 07:29:15.144760 47621887493952 run_miniworld.py:250] Evaluation iteration 71.
I1008 07:29:36.936604 47621887493952 run_miniworld.py:267] iteration:  71
 frame: 3550000
 eval_episode_return:  0.00
 train_episode_return:  0.00
 train_exploration_epsilon: 0.100
 train_frame_rate:  161
I1008 07:30:23.706661 47621887493952 run_miniworld.py:243] Data collection iteration 72.
I1008 07:35:34.783786 47621887493952 run_miniworld.py:250] Evaluation iteration 72.
I1008 07:35:57.051625 47621887493952 run_miniworld.py:267] iteration:  72
 frame: 3600000
 eval_episode_return:  0.00
 train_episode_return:  0.00
 train_exploration_epsilon: 0.100
 train_frame_rate:  161
I1008 07:36:44.773818 47621887493952 run_miniworld.py:243] Data collection iteration 73.
I1008 07:41:55.613973 47621887493952 run_miniworld.py:250] Evaluation iteration 73.
I1008 07:42:17.645870 47621887493952 run_miniworld.py:267] iteration:  73
 frame: 3650000
 eval_episode_return:  0.00
 train_episode_return:  0.00
 train_exploration_epsilon: 0.100
 train_frame_rate:  161
I1008 07:43:05.035129 47621887493952 run_miniworld.py:243] Data collection iteration 74.
I1008 07:48:15.903857 47621887493952 run_miniworld.py:250] Evaluation iteration 74.
I1008 07:48:38.025571 47621887493952 run_miniworld.py:267] iteration:  74
 frame: 3700000
 eval_episode_return:  0.00
 train_episode_return:  0.00
 train_exploration_epsilon: 0.100
 train_frame_rate:  161
I1008 07:49:24.551289 47621887493952 run_miniworld.py:243] Data collection iteration 75.
I1008 07:54:34.288029 47621887493952 run_miniworld.py:250] Evaluation iteration 75.
I1008 07:54:56.245151 47621887493952 run_miniworld.py:267] iteration:  75
 frame: 3750000
 eval_episode_return:  0.00
 train_episode_return:  0.00
 train_exploration_epsilon: 0.100
 train_frame_rate:  161
I1008 07:55:43.118803 47621887493952 run_miniworld.py:243] Data collection iteration 76.
I1008 08:00:52.787637 47621887493952 run_miniworld.py:250] Evaluation iteration 76.
I1008 08:01:14.993453 47621887493952 run_miniworld.py:267] iteration:  76
 frame: 3800000
 eval_episode_return:  0.00
 train_episode_return:  0.00
 train_exploration_epsilon: 0.100
 train_frame_rate:  161
I1008 08:02:03.528562 47621887493952 run_miniworld.py:243] Data collection iteration 77.
I1008 08:07:13.150575 47621887493952 run_miniworld.py:250] Evaluation iteration 77.
I1008 08:07:35.144782 47621887493952 run_miniworld.py:267] iteration:  77
 frame: 3850000
 eval_episode_return:  0.00
 train_episode_return:  0.04
 train_exploration_epsilon: 0.100
 train_frame_rate:  161
I1008 08:08:21.712090 47621887493952 run_miniworld.py:243] Data collection iteration 78.
I1008 08:13:32.169307 47621887493952 run_miniworld.py:250] Evaluation iteration 78.
I1008 08:13:54.430470 47621887493952 run_miniworld.py:267] iteration:  78
 frame: 3900000
 eval_episode_return:  0.00
 train_episode_return:  0.00
 train_exploration_epsilon: 0.100
 train_frame_rate:  161
I1008 08:14:41.834856 47621887493952 run_miniworld.py:243] Data collection iteration 79.
I1008 08:19:53.033184 47621887493952 run_miniworld.py:250] Evaluation iteration 79.
I1008 08:20:15.439977 47621887493952 run_miniworld.py:267] iteration:  79
 frame: 3950000
 eval_episode_return:  0.00
 train_episode_return:  0.00
 train_exploration_epsilon: 0.100
 train_frame_rate:  161
I1008 08:21:01.798933 47621887493952 run_miniworld.py:243] Data collection iteration 80.
I1008 08:26:16.620361 47621887493952 run_miniworld.py:250] Evaluation iteration 80.
I1008 08:26:38.652707 47621887493952 run_miniworld.py:267] iteration:  80
 frame: 4000000
 eval_episode_return:  0.00
 train_episode_return:  0.00
 train_exploration_epsilon: 0.100
 train_frame_rate:  159
I1008 08:27:24.596910 47621887493952 run_miniworld.py:243] Data collection iteration 81.
I1008 08:32:33.914555 47621887493952 run_miniworld.py:250] Evaluation iteration 81.
I1008 08:32:56.510528 47621887493952 run_miniworld.py:267] iteration:  81
 frame: 4050000
 eval_episode_return:  0.00
 train_episode_return:  0.00
 train_exploration_epsilon: 0.100
 train_frame_rate:  162
I1008 08:33:43.263242 47621887493952 run_miniworld.py:243] Data collection iteration 82.
I1008 08:38:54.483690 47621887493952 run_miniworld.py:250] Evaluation iteration 82.
I1008 08:39:16.944206 47621887493952 run_miniworld.py:267] iteration:  82
 frame: 4100000
 eval_episode_return:  0.00
 train_episode_return:  0.00
 train_exploration_epsilon: 0.100
 train_frame_rate:  161
I1008 08:40:03.582232 47621887493952 run_miniworld.py:243] Data collection iteration 83.
I1008 08:45:14.396334 47621887493952 run_miniworld.py:250] Evaluation iteration 83.
I1008 08:45:36.957562 47621887493952 run_miniworld.py:267] iteration:  83
 frame: 4150000
 eval_episode_return:  0.00
 train_episode_return:  0.00
 train_exploration_epsilon: 0.100
 train_frame_rate:  161
I1008 08:46:24.336759 47621887493952 run_miniworld.py:243] Data collection iteration 84.
I1008 08:51:34.734554 47621887493952 run_miniworld.py:250] Evaluation iteration 84.
I1008 08:51:57.117423 47621887493952 run_miniworld.py:267] iteration:  84
 frame: 4200000
 eval_episode_return:  0.00
 train_episode_return:  0.00
 train_exploration_epsilon: 0.100
 train_frame_rate:  161
I1008 08:52:45.541665 47621887493952 run_miniworld.py:243] Data collection iteration 85.
I1008 08:57:56.130632 47621887493952 run_miniworld.py:250] Evaluation iteration 85.
I1008 08:58:18.682019 47621887493952 run_miniworld.py:267] iteration:  85
 frame: 4250000
 eval_episode_return:  0.00
 train_episode_return:  0.00
 train_exploration_epsilon: 0.100
 train_frame_rate:  161
I1008 08:59:05.364088 47621887493952 run_miniworld.py:243] Data collection iteration 86.
I1008 09:04:16.956707 47621887493952 run_miniworld.py:250] Evaluation iteration 86.
I1008 09:04:39.231539 47621887493952 run_miniworld.py:267] iteration:  86
 frame: 4300000
 eval_episode_return:  0.00
 train_episode_return:  0.00
 train_exploration_epsilon: 0.100
 train_frame_rate:  160
I1008 09:05:25.441020 47621887493952 run_miniworld.py:243] Data collection iteration 87.
I1008 09:10:36.931592 47621887493952 run_miniworld.py:250] Evaluation iteration 87.
I1008 09:10:59.412734 47621887493952 run_miniworld.py:267] iteration:  87
 frame: 4350000
 eval_episode_return:  0.00
 train_episode_return:  0.00
 train_exploration_epsilon: 0.100
 train_frame_rate:  161
I1008 09:11:49.032295 47621887493952 run_miniworld.py:243] Data collection iteration 88.
I1008 09:17:05.678553 47621887493952 run_miniworld.py:250] Evaluation iteration 88.
I1008 09:17:28.143381 47621887493952 run_miniworld.py:267] iteration:  88
 frame: 4400000
 eval_episode_return:  0.00
 train_episode_return:  0.00
 train_exploration_epsilon: 0.100
 train_frame_rate:  158
I1008 09:18:14.188159 47621887493952 run_miniworld.py:243] Data collection iteration 89.
I1008 09:23:25.241061 47621887493952 run_miniworld.py:250] Evaluation iteration 89.
I1008 09:23:47.396021 47621887493952 run_miniworld.py:267] iteration:  89
 frame: 4450000
 eval_episode_return:  0.00
 train_episode_return:  0.00
 train_exploration_epsilon: 0.100
 train_frame_rate:  161
I1008 09:24:34.095613 47621887493952 run_miniworld.py:243] Data collection iteration 90.
I1008 09:29:45.987305 47621887493952 run_miniworld.py:250] Evaluation iteration 90.
I1008 09:30:08.348271 47621887493952 run_miniworld.py:267] iteration:  90
 frame: 4500000
 eval_episode_return:  0.00
 train_episode_return:  0.00
 train_exploration_epsilon: 0.100
 train_frame_rate:  160
I1008 09:30:55.931007 47621887493952 run_miniworld.py:243] Data collection iteration 91.
I1008 09:36:07.271346 47621887493952 run_miniworld.py:250] Evaluation iteration 91.
I1008 09:36:29.514202 47621887493952 run_miniworld.py:267] iteration:  91
 frame: 4550000
 eval_episode_return:  0.00
 train_episode_return:  0.00
 train_exploration_epsilon: 0.100
 train_frame_rate:  161
I1008 09:37:16.474049 47621887493952 run_miniworld.py:243] Data collection iteration 92.
I1008 09:42:28.269658 47621887493952 run_miniworld.py:250] Evaluation iteration 92.
I1008 09:42:50.718588 47621887493952 run_miniworld.py:267] iteration:  92
 frame: 4600000
 eval_episode_return:  0.00
 train_episode_return:  0.00
 train_exploration_epsilon: 0.100
 train_frame_rate:  160
I1008 09:43:37.209589 47621887493952 run_miniworld.py:243] Data collection iteration 93.
I1008 09:48:49.441370 47621887493952 run_miniworld.py:250] Evaluation iteration 93.
I1008 09:49:11.799409 47621887493952 run_miniworld.py:267] iteration:  93
 frame: 4650000
 eval_episode_return:  0.00
 train_episode_return:  0.00
 train_exploration_epsilon: 0.100
 train_frame_rate:  160
I1008 09:49:58.548555 47621887493952 run_miniworld.py:243] Data collection iteration 94.
I1008 09:55:12.377639 47621887493952 run_miniworld.py:250] Evaluation iteration 94.
I1008 09:55:34.769921 47621887493952 run_miniworld.py:267] iteration:  94
 frame: 4700000
 eval_episode_return:  0.00
 train_episode_return:  0.00
 train_exploration_epsilon: 0.100
 train_frame_rate:  159
I1008 09:56:22.594002 47621887493952 run_miniworld.py:243] Data collection iteration 95.
I1008 10:01:34.289582 47621887493952 run_miniworld.py:250] Evaluation iteration 95.
I1008 10:01:56.499030 47621887493952 run_miniworld.py:267] iteration:  95
 frame: 4750000
 eval_episode_return:  0.00
 train_episode_return:  0.00
 train_exploration_epsilon: 0.100
 train_frame_rate:  160
I1008 10:02:42.751819 47621887493952 run_miniworld.py:243] Data collection iteration 96.
I1008 10:07:54.757711 47621887493952 run_miniworld.py:250] Evaluation iteration 96.
I1008 10:08:17.119330 47621887493952 run_miniworld.py:267] iteration:  96
 frame: 4800000
 eval_episode_return:  0.00
 train_episode_return:  0.00
 train_exploration_epsilon: 0.100
 train_frame_rate:  160
I1008 10:09:04.604038 47621887493952 run_miniworld.py:243] Data collection iteration 97.
I1008 10:14:15.437785 47621887493952 run_miniworld.py:250] Evaluation iteration 97.
I1008 10:14:37.852184 47621887493952 run_miniworld.py:267] iteration:  97
 frame: 4850000
 eval_episode_return:  0.00
 train_episode_return:  0.00
 train_exploration_epsilon: 0.100
 train_frame_rate:  161
I1008 10:15:24.164674 47621887493952 run_miniworld.py:243] Data collection iteration 98.
I1008 10:20:35.239938 47621887493952 run_miniworld.py:250] Evaluation iteration 98.
I1008 10:21:00.184509 47621887493952 run_miniworld.py:267] iteration:  98
 frame: 4900000
 eval_episode_return:  0.00
 train_episode_return:  0.00
 train_exploration_epsilon: 0.100
 train_frame_rate:  161
I1008 10:21:46.141172 47621887493952 run_miniworld.py:243] Data collection iteration 99.
I1008 10:26:56.113395 47621887493952 run_miniworld.py:250] Evaluation iteration 99.
I1008 10:27:18.516453 47621887493952 run_miniworld.py:267] iteration:  99
 frame: 4950000
 eval_episode_return:  0.00
 train_episode_return:  0.00
 train_exploration_epsilon: 0.100
 train_frame_rate:  161
I1008 10:28:05.210712 47621887493952 run_miniworld.py:243] Data collection iteration 100.
I1008 10:33:16.231061 47621887493952 run_miniworld.py:250] Evaluation iteration 100.
I1008 10:33:38.702273 47621887493952 run_miniworld.py:267] iteration: 100
 frame: 5000000
 eval_episode_return:  0.00
 train_episode_return:  0.00
 train_exploration_epsilon: 0.100
 train_frame_rate:  161
I1008 10:34:25.267968 47621887493952 run_miniworld.py:243] Data collection iteration 101.
I1008 10:39:36.338801 47621887493952 run_miniworld.py:250] Evaluation iteration 101.
I1008 10:39:59.423696 47621887493952 run_miniworld.py:267] iteration: 101
 frame: 5050000
 eval_episode_return:  0.00
 train_episode_return:  0.00
 train_exploration_epsilon: 0.100
 train_frame_rate:  161
I1008 10:40:45.593908 47621887493952 run_miniworld.py:243] Data collection iteration 102.
I1008 10:45:55.988575 47621887493952 run_miniworld.py:250] Evaluation iteration 102.
I1008 10:46:18.563747 47621887493952 run_miniworld.py:267] iteration: 102
 frame: 5100000
 eval_episode_return:  0.00
 train_episode_return:  0.00
 train_exploration_epsilon: 0.100
 train_frame_rate:  161
I1008 10:47:07.808941 47621887493952 run_miniworld.py:243] Data collection iteration 103.
I1008 10:52:24.003123 47621887493952 run_miniworld.py:250] Evaluation iteration 103.
I1008 10:52:46.386749 47621887493952 run_miniworld.py:267] iteration: 103
 frame: 5150000
 eval_episode_return:  0.00
 train_episode_return:  0.00
 train_exploration_epsilon: 0.100
 train_frame_rate:  158
I1008 10:53:32.745024 47621887493952 run_miniworld.py:243] Data collection iteration 104.
I1008 10:58:43.496884 47621887493952 run_miniworld.py:250] Evaluation iteration 104.
I1008 10:59:05.835264 47621887493952 run_miniworld.py:267] iteration: 104
 frame: 5200000
 eval_episode_return:  0.00
 train_episode_return:  0.00
 train_exploration_epsilon: 0.100
 train_frame_rate:  161
I1008 10:59:52.567420 47621887493952 run_miniworld.py:243] Data collection iteration 105.
I1008 11:05:03.167242 47621887493952 run_miniworld.py:250] Evaluation iteration 105.
I1008 11:05:25.431135 47621887493952 run_miniworld.py:267] iteration: 105
 frame: 5250000
 eval_episode_return:  0.00
 train_episode_return:  0.00
 train_exploration_epsilon: 0.100
 train_frame_rate:  161
I1008 11:06:14.636438 47621887493952 run_miniworld.py:243] Data collection iteration 106.
I1008 11:11:24.272959 47621887493952 run_miniworld.py:250] Evaluation iteration 106.
I1008 11:11:46.717957 47621887493952 run_miniworld.py:267] iteration: 106
 frame: 5300000
 eval_episode_return:  0.00
 train_episode_return:  0.00
 train_exploration_epsilon: 0.100
 train_frame_rate:  161
I1008 11:12:33.309009 47621887493952 run_miniworld.py:243] Data collection iteration 107.
I1008 11:17:44.373250 47621887493952 run_miniworld.py:250] Evaluation iteration 107.
I1008 11:18:06.749834 47621887493952 run_miniworld.py:267] iteration: 107
 frame: 5350000
 eval_episode_return:  0.00
 train_episode_return:  0.00
 train_exploration_epsilon: 0.100
 train_frame_rate:  161
I1008 11:18:53.472070 47621887493952 run_miniworld.py:243] Data collection iteration 108.
I1008 11:24:04.220456 47621887493952 run_miniworld.py:250] Evaluation iteration 108.
I1008 11:24:26.825223 47621887493952 run_miniworld.py:267] iteration: 108
 frame: 5400000
 eval_episode_return:  0.00
 train_episode_return:  0.00
 train_exploration_epsilon: 0.100
 train_frame_rate:  161
I1008 11:25:13.526833 47621887493952 run_miniworld.py:243] Data collection iteration 109.
I1008 11:30:24.312631 47621887493952 run_miniworld.py:250] Evaluation iteration 109.
I1008 11:30:46.745915 47621887493952 run_miniworld.py:267] iteration: 109
 frame: 5450000
 eval_episode_return:  0.00
 train_episode_return:  0.00
 train_exploration_epsilon: 0.100
 train_frame_rate:  161
I1008 11:31:34.345723 47621887493952 run_miniworld.py:243] Data collection iteration 110.
I1008 11:36:44.767735 47621887493952 run_miniworld.py:250] Evaluation iteration 110.
I1008 11:37:07.082283 47621887493952 run_miniworld.py:267] iteration: 110
 frame: 5500000
 eval_episode_return:  0.00
 train_episode_return:  0.00
 train_exploration_epsilon: 0.100
 train_frame_rate:  161
I1008 11:37:53.394678 47621887493952 run_miniworld.py:243] Data collection iteration 111.
I1008 11:43:04.248892 47621887493952 run_miniworld.py:250] Evaluation iteration 111.
I1008 11:43:26.625061 47621887493952 run_miniworld.py:267] iteration: 111
 frame: 5550000
 eval_episode_return:  0.00
 train_episode_return:  0.00
 train_exploration_epsilon: 0.100
 train_frame_rate:  161
I1008 11:44:13.753355 47621887493952 run_miniworld.py:243] Data collection iteration 112.
I1008 11:49:24.207886 47621887493952 run_miniworld.py:250] Evaluation iteration 112.
I1008 11:49:46.591158 47621887493952 run_miniworld.py:267] iteration: 112
 frame: 5600000
 eval_episode_return:  0.00
 train_episode_return:  0.00
 train_exploration_epsilon: 0.100
 train_frame_rate:  161
I1008 11:50:33.215646 47621887493952 run_miniworld.py:243] Data collection iteration 113.
I1008 11:55:43.451050 47621887493952 run_miniworld.py:250] Evaluation iteration 113.
I1008 11:56:05.765512 47621887493952 run_miniworld.py:267] iteration: 113
 frame: 5650000
 eval_episode_return:  0.00
 train_episode_return:  0.00
 train_exploration_epsilon: 0.100
 train_frame_rate:  161
I1008 11:56:53.391657 47621887493952 run_miniworld.py:243] Data collection iteration 114.
I1008 12:02:03.881286 47621887493952 run_miniworld.py:250] Evaluation iteration 114.
I1008 12:02:26.338299 47621887493952 run_miniworld.py:267] iteration: 114
 frame: 5700000
 eval_episode_return:  0.00
 train_episode_return:  0.00
 train_exploration_epsilon: 0.100
 train_frame_rate:  161
I1008 12:03:13.904433 47621887493952 run_miniworld.py:243] Data collection iteration 115.
I1008 12:08:25.152349 47621887493952 run_miniworld.py:250] Evaluation iteration 115.
I1008 12:08:47.687091 47621887493952 run_miniworld.py:267] iteration: 115
 frame: 5750000
 eval_episode_return:  0.00
 train_episode_return:  0.00
 train_exploration_epsilon: 0.100
 train_frame_rate:  161
I1008 12:09:35.696755 47621887493952 run_miniworld.py:243] Data collection iteration 116.
I1008 12:14:46.079586 47621887493952 run_miniworld.py:250] Evaluation iteration 116.
I1008 12:15:08.639431 47621887493952 run_miniworld.py:267] iteration: 116
 frame: 5800000
 eval_episode_return:  0.00
 train_episode_return:  0.00
 train_exploration_epsilon: 0.100
 train_frame_rate:  161
I1008 12:15:55.949220 47621887493952 run_miniworld.py:243] Data collection iteration 117.
I1008 12:21:07.777176 47621887493952 run_miniworld.py:250] Evaluation iteration 117.
I1008 12:21:30.386254 47621887493952 run_miniworld.py:267] iteration: 117
 frame: 5850000
 eval_episode_return:  0.00
 train_episode_return:  0.00
 train_exploration_epsilon: 0.100
 train_frame_rate:  160
I1008 12:22:17.638108 47621887493952 run_miniworld.py:243] Data collection iteration 118.
I1008 12:27:28.257198 47621887493952 run_miniworld.py:250] Evaluation iteration 118.
I1008 12:27:50.775208 47621887493952 run_miniworld.py:267] iteration: 118
 frame: 5900000
 eval_episode_return:  0.00
 train_episode_return:  0.00
 train_exploration_epsilon: 0.100
 train_frame_rate:  161
I1008 12:28:38.296569 47621887493952 run_miniworld.py:243] Data collection iteration 119.
I1008 12:33:50.993660 47621887493952 run_miniworld.py:250] Evaluation iteration 119.
I1008 12:34:13.501241 47621887493952 run_miniworld.py:267] iteration: 119
 frame: 5950000
 eval_episode_return:  0.00
 train_episode_return:  0.00
 train_exploration_epsilon: 0.100
 train_frame_rate:  160
I1008 12:35:00.575955 47621887493952 run_miniworld.py:243] Data collection iteration 120.
I1008 12:40:13.124131 47621887493952 run_miniworld.py:250] Evaluation iteration 120.
I1008 12:40:35.506929 47621887493952 run_miniworld.py:267] iteration: 120
 frame: 6000000
 eval_episode_return:  0.00
 train_episode_return:  0.00
 train_exploration_epsilon: 0.100
 train_frame_rate:  160
I1008 12:41:23.375784 47621887493952 run_miniworld.py:243] Data collection iteration 121.
I1008 12:46:35.354446 47621887493952 run_miniworld.py:250] Evaluation iteration 121.
I1008 12:46:57.714084 47621887493952 run_miniworld.py:267] iteration: 121
 frame: 6050000
 eval_episode_return:  0.00
 train_episode_return:  0.00
 train_exploration_epsilon: 0.100
 train_frame_rate:  160
I1008 12:47:44.271177 47621887493952 run_miniworld.py:243] Data collection iteration 122.
I1008 12:52:57.202838 47621887493952 run_miniworld.py:250] Evaluation iteration 122.
I1008 12:53:19.645312 47621887493952 run_miniworld.py:267] iteration: 122
 frame: 6100000
 eval_episode_return:  0.00
 train_episode_return:  0.00
 train_exploration_epsilon: 0.100
 train_frame_rate:  160
I1008 12:54:06.049184 47621887493952 run_miniworld.py:243] Data collection iteration 123.
I1008 12:59:16.949916 47621887493952 run_miniworld.py:250] Evaluation iteration 123.
I1008 12:59:39.421786 47621887493952 run_miniworld.py:267] iteration: 123
 frame: 6150000
 eval_episode_return:  0.00
 train_episode_return:  0.00
 train_exploration_epsilon: 0.100
 train_frame_rate:  161
I1008 13:00:27.062952 47621887493952 run_miniworld.py:243] Data collection iteration 124.
I1008 13:05:38.117624 47621887493952 run_miniworld.py:250] Evaluation iteration 124.
I1008 13:06:00.670915 47621887493952 run_miniworld.py:267] iteration: 124
 frame: 6200000
 eval_episode_return:  0.00
 train_episode_return:  0.00
 train_exploration_epsilon: 0.100
 train_frame_rate:  161
I1008 13:06:47.124132 47621887493952 run_miniworld.py:243] Data collection iteration 125.
I1008 13:11:59.481806 47621887493952 run_miniworld.py:250] Evaluation iteration 125.
I1008 13:12:21.843382 47621887493952 run_miniworld.py:267] iteration: 125
 frame: 6250000
 eval_episode_return:  0.00
 train_episode_return:  0.00
 train_exploration_epsilon: 0.100
 train_frame_rate:  160
I1008 13:13:09.449482 47621887493952 run_miniworld.py:243] Data collection iteration 126.
I1008 13:18:20.233059 47621887493952 run_miniworld.py:250] Evaluation iteration 126.
I1008 13:18:42.781339 47621887493952 run_miniworld.py:267] iteration: 126
 frame: 6300000
 eval_episode_return:  0.00
 train_episode_return:  0.00
 train_exploration_epsilon: 0.100
 train_frame_rate:  161
I1008 13:19:29.511599 47621887493952 run_miniworld.py:243] Data collection iteration 127.
I1008 13:24:45.655918 47621887493952 run_miniworld.py:250] Evaluation iteration 127.
I1008 13:25:08.229127 47621887493952 run_miniworld.py:267] iteration: 127
 frame: 6350000
 eval_episode_return:  0.00
 train_episode_return:  0.00
 train_exploration_epsilon: 0.100
 train_frame_rate:  158
I1008 13:25:54.367435 47621887493952 run_miniworld.py:243] Data collection iteration 128.
I1008 13:31:07.957364 47621887493952 run_miniworld.py:250] Evaluation iteration 128.
I1008 13:31:30.603442 47621887493952 run_miniworld.py:267] iteration: 128
 frame: 6400000
 eval_episode_return:  0.00
 train_episode_return:  0.00
 train_exploration_epsilon: 0.100
 train_frame_rate:  159
I1008 13:32:17.547123 47621887493952 run_miniworld.py:243] Data collection iteration 129.
I1008 13:37:32.508042 47621887493952 run_miniworld.py:250] Evaluation iteration 129.
I1008 13:37:54.806961 47621887493952 run_miniworld.py:267] iteration: 129
 frame: 6450000
 eval_episode_return:  0.00
 train_episode_return:  0.00
 train_exploration_epsilon: 0.100
 train_frame_rate:  159
I1008 13:38:41.657817 47621887493952 run_miniworld.py:243] Data collection iteration 130.
I1008 13:43:55.632335 47621887493952 run_miniworld.py:250] Evaluation iteration 130.
I1008 13:44:18.049656 47621887493952 run_miniworld.py:267] iteration: 130
 frame: 6500000
 eval_episode_return:  0.00
 train_episode_return:  0.00
 train_exploration_epsilon: 0.100
 train_frame_rate:  159
I1008 13:45:05.539605 47621887493952 run_miniworld.py:243] Data collection iteration 131.
I1008 13:50:21.179304 47621887493952 run_miniworld.py:250] Evaluation iteration 131.
I1008 13:50:43.563572 47621887493952 run_miniworld.py:267] iteration: 131
 frame: 6550000
 eval_episode_return:  0.00
 train_episode_return:  0.00
 train_exploration_epsilon: 0.100
 train_frame_rate:  158
I1008 13:51:30.194231 47621887493952 run_miniworld.py:243] Data collection iteration 132.
I1008 13:56:43.994797 47621887493952 run_miniworld.py:250] Evaluation iteration 132.
I1008 13:57:06.458646 47621887493952 run_miniworld.py:267] iteration: 132
 frame: 6600000
 eval_episode_return:  0.00
 train_episode_return:  0.00
 train_exploration_epsilon: 0.100
 train_frame_rate:  159
I1008 13:57:53.828315 47621887493952 run_miniworld.py:243] Data collection iteration 133.
I1008 14:03:07.348229 47621887493952 run_miniworld.py:250] Evaluation iteration 133.
I1008 14:03:29.833524 47621887493952 run_miniworld.py:267] iteration: 133
 frame: 6650000
 eval_episode_return:  0.00
 train_episode_return:  0.00
 train_exploration_epsilon: 0.100
 train_frame_rate:  159
I1008 14:04:16.213067 47621887493952 run_miniworld.py:243] Data collection iteration 134.
I1008 14:09:38.419034 47621887493952 run_miniworld.py:250] Evaluation iteration 134.
I1008 14:10:01.025963 47621887493952 run_miniworld.py:267] iteration: 134
 frame: 6700000
 eval_episode_return:  0.00
 train_episode_return:  0.00
 train_exploration_epsilon: 0.100
 train_frame_rate:  155
I1008 14:10:47.133599 47621887493952 run_miniworld.py:243] Data collection iteration 135.
I1008 14:16:02.214795 47621887493952 run_miniworld.py:250] Evaluation iteration 135.
I1008 14:16:24.690346 47621887493952 run_miniworld.py:267] iteration: 135
 frame: 6750000
 eval_episode_return:  0.00
 train_episode_return:  0.00
 train_exploration_epsilon: 0.100
 train_frame_rate:  159
I1008 14:17:11.244190 47621887493952 run_miniworld.py:243] Data collection iteration 136.
I1008 14:22:24.898265 47621887493952 run_miniworld.py:250] Evaluation iteration 136.
I1008 14:22:47.586483 47621887493952 run_miniworld.py:267] iteration: 136
 frame: 6800000
 eval_episode_return:  0.00
 train_episode_return:  0.00
 train_exploration_epsilon: 0.100
 train_frame_rate:  159
I1008 14:23:35.392676 47621887493952 run_miniworld.py:243] Data collection iteration 137.
I1008 14:28:48.785912 47621887493952 run_miniworld.py:250] Evaluation iteration 137.
I1008 14:29:11.311930 47621887493952 run_miniworld.py:267] iteration: 137
 frame: 6850000
 eval_episode_return:  0.00
 train_episode_return:  0.00
 train_exploration_epsilon: 0.100
 train_frame_rate:  160
I1008 14:29:59.746000 47621887493952 run_miniworld.py:243] Data collection iteration 138.
I1008 14:35:16.280895 47621887493952 run_miniworld.py:250] Evaluation iteration 138.
I1008 14:35:38.919186 47621887493952 run_miniworld.py:267] iteration: 138
 frame: 6900000
 eval_episode_return:  0.00
 train_episode_return:  0.00
 train_exploration_epsilon: 0.100
 train_frame_rate:  158
I1008 14:36:25.635783 47621887493952 run_miniworld.py:243] Data collection iteration 139.
I1008 14:41:38.870742 47621887493952 run_miniworld.py:250] Evaluation iteration 139.
I1008 14:42:01.392772 47621887493952 run_miniworld.py:267] iteration: 139
 frame: 6950000
 eval_episode_return:  0.00
 train_episode_return:  0.00
 train_exploration_epsilon: 0.100
 train_frame_rate:  160
I1008 14:42:48.259607 47621887493952 run_miniworld.py:243] Data collection iteration 140.
I1008 14:48:01.568445 47621887493952 run_miniworld.py:250] Evaluation iteration 140.
I1008 14:48:24.139236 47621887493952 run_miniworld.py:267] iteration: 140
 frame: 7000000
 eval_episode_return:  0.00
 train_episode_return:  0.00
 train_exploration_epsilon: 0.100
 train_frame_rate:  160
I1008 14:49:10.781019 47621887493952 run_miniworld.py:243] Data collection iteration 141.
I1008 14:54:26.282994 47621887493952 run_miniworld.py:250] Evaluation iteration 141.
I1008 14:54:48.834250 47621887493952 run_miniworld.py:267] iteration: 141
 frame: 7050000
 eval_episode_return:  0.00
 train_episode_return:  0.00
 train_exploration_epsilon: 0.100
 train_frame_rate:  158
I1008 14:55:36.430967 47621887493952 run_miniworld.py:243] Data collection iteration 142.
I1008 15:00:56.888956 47621887493952 run_miniworld.py:250] Evaluation iteration 142.
I1008 15:01:19.600131 47621887493952 run_miniworld.py:267] iteration: 142
 frame: 7100000
 eval_episode_return:  0.00
 train_episode_return:  0.00
 train_exploration_epsilon: 0.100
 train_frame_rate:  156
I1008 15:02:06.013780 47621887493952 run_miniworld.py:243] Data collection iteration 143.
I1008 15:07:18.738109 47621887493952 run_miniworld.py:250] Evaluation iteration 143.
I1008 15:07:41.355668 47621887493952 run_miniworld.py:267] iteration: 143
 frame: 7150000
 eval_episode_return:  0.00
 train_episode_return:  0.00
 train_exploration_epsilon: 0.100
 train_frame_rate:  160
I1008 15:08:28.088993 47621887493952 run_miniworld.py:243] Data collection iteration 144.
I1008 15:13:42.174029 47621887493952 run_miniworld.py:250] Evaluation iteration 144.
I1008 15:14:04.553874 47621887493952 run_miniworld.py:267] iteration: 144
 frame: 7200000
 eval_episode_return:  0.00
 train_episode_return:  0.00
 train_exploration_epsilon: 0.100
 train_frame_rate:  159
I1008 15:14:51.164127 47621887493952 run_miniworld.py:243] Data collection iteration 145.
I1008 15:20:06.701112 47621887493952 run_miniworld.py:250] Evaluation iteration 145.
I1008 15:20:29.315881 47621887493952 run_miniworld.py:267] iteration: 145
 frame: 7250000
 eval_episode_return:  0.00
 train_episode_return:  0.00
 train_exploration_epsilon: 0.100
 train_frame_rate:  158
I1008 15:21:16.773259 47621887493952 run_miniworld.py:243] Data collection iteration 146.
I1008 15:26:30.927396 47621887493952 run_miniworld.py:250] Evaluation iteration 146.
I1008 15:26:53.348131 47621887493952 run_miniworld.py:267] iteration: 146
 frame: 7300000
 eval_episode_return:  0.00
 train_episode_return:  0.00
 train_exploration_epsilon: 0.100
 train_frame_rate:  159
I1008 15:27:39.796789 47621887493952 run_miniworld.py:243] Data collection iteration 147.
I1008 15:32:53.723861 47621887493952 run_miniworld.py:250] Evaluation iteration 147.
I1008 15:33:16.305835 47621887493952 run_miniworld.py:267] iteration: 147
 frame: 7350000
 eval_episode_return:  0.00
 train_episode_return:  0.00
 train_exploration_epsilon: 0.100
 train_frame_rate:  159
I1008 15:34:03.927589 47621887493952 run_miniworld.py:243] Data collection iteration 148.
I1008 15:39:18.005638 47621887493952 run_miniworld.py:250] Evaluation iteration 148.
I1008 15:39:40.528753 47621887493952 run_miniworld.py:267] iteration: 148
 frame: 7400000
 eval_episode_return:  0.00
 train_episode_return:  0.00
 train_exploration_epsilon: 0.100
 train_frame_rate:  159
I1008 15:40:29.338919 47621887493952 run_miniworld.py:243] Data collection iteration 149.
I1008 15:45:51.434200 47621887493952 run_miniworld.py:250] Evaluation iteration 149.
I1008 15:46:13.929300 47621887493952 run_miniworld.py:267] iteration: 149
 frame: 7450000
 eval_episode_return:  0.00
 train_episode_return:  0.00
 train_exploration_epsilon: 0.100
 train_frame_rate:  155
I1008 15:47:00.240010 47621887493952 run_miniworld.py:243] Data collection iteration 150.
I1008 15:52:14.020779 47621887493952 run_miniworld.py:250] Evaluation iteration 150.
I1008 15:52:36.543667 47621887493952 run_miniworld.py:267] iteration: 150
 frame: 7500000
 eval_episode_return:  0.00
 train_episode_return:  0.00
 train_exploration_epsilon: 0.100
 train_frame_rate:  159
I1008 15:53:23.526276 47621887493952 run_miniworld.py:243] Data collection iteration 151.
I1008 15:58:37.536482 47621887493952 run_miniworld.py:250] Evaluation iteration 151.
I1008 15:58:59.960991 47621887493952 run_miniworld.py:267] iteration: 151
 frame: 7550000
 eval_episode_return:  0.00
 train_episode_return:  0.00
 train_exploration_epsilon: 0.100
 train_frame_rate:  159
I1008 15:59:47.796273 47621887493952 run_miniworld.py:243] Data collection iteration 152.
I1008 16:05:03.549990 47621887493952 run_miniworld.py:250] Evaluation iteration 152.
I1008 16:05:26.052851 47621887493952 run_miniworld.py:267] iteration: 152
 frame: 7600000
 eval_episode_return:  0.00
 train_episode_return:  0.00
 train_exploration_epsilon: 0.100
 train_frame_rate:  158
I1008 16:06:12.893359 47621887493952 run_miniworld.py:243] Data collection iteration 153.
I1008 16:11:27.714683 47621887493952 run_miniworld.py:250] Evaluation iteration 153.
I1008 16:11:50.289044 47621887493952 run_miniworld.py:267] iteration: 153
 frame: 7650000
 eval_episode_return:  0.00
 train_episode_return:  0.00
 train_exploration_epsilon: 0.100
 train_frame_rate:  159
I1008 16:12:36.883836 47621887493952 run_miniworld.py:243] Data collection iteration 154.
I1008 16:17:50.347290 47621887493952 run_miniworld.py:250] Evaluation iteration 154.
I1008 16:18:12.890519 47621887493952 run_miniworld.py:267] iteration: 154
 frame: 7700000
 eval_episode_return:  0.00
 train_episode_return:  0.00
 train_exploration_epsilon: 0.100
 train_frame_rate:  160
I1008 16:19:00.019145 47621887493952 run_miniworld.py:243] Data collection iteration 155.
I1008 16:24:14.801166 47621887493952 run_miniworld.py:250] Evaluation iteration 155.
I1008 16:24:37.329193 47621887493952 run_miniworld.py:267] iteration: 155
 frame: 7750000
 eval_episode_return:  0.00
 train_episode_return:  0.00
 train_exploration_epsilon: 0.100
 train_frame_rate:  159
I1008 16:25:23.852336 47621887493952 run_miniworld.py:243] Data collection iteration 156.
I1008 16:30:38.682070 47621887493952 run_miniworld.py:250] Evaluation iteration 156.
I1008 16:31:01.246897 47621887493952 run_miniworld.py:267] iteration: 156
 frame: 7800000
 eval_episode_return:  0.00
 train_episode_return:  0.00
 train_exploration_epsilon: 0.100
 train_frame_rate:  159
I1008 16:31:48.827209 47621887493952 run_miniworld.py:243] Data collection iteration 157.
I1008 16:37:02.383879 47621887493952 run_miniworld.py:250] Evaluation iteration 157.
I1008 16:37:24.964423 47621887493952 run_miniworld.py:267] iteration: 157
 frame: 7850000
 eval_episode_return:  0.00
 train_episode_return:  0.00
 train_exploration_epsilon: 0.100
 train_frame_rate:  159
I1008 16:38:11.620853 47621887493952 run_miniworld.py:243] Data collection iteration 158.
I1008 16:43:25.586547 47621887493952 run_miniworld.py:250] Evaluation iteration 158.
I1008 16:43:48.080843 47621887493952 run_miniworld.py:267] iteration: 158
 frame: 7900000
 eval_episode_return:  0.00
 train_episode_return:  0.00
 train_exploration_epsilon: 0.100
 train_frame_rate:  159
I1008 16:44:35.366942 47621887493952 run_miniworld.py:243] Data collection iteration 159.
I1008 16:49:50.991208 47621887493952 run_miniworld.py:250] Evaluation iteration 159.
I1008 16:50:13.648833 47621887493952 run_miniworld.py:267] iteration: 159
 frame: 7950000
 eval_episode_return:  0.00
 train_episode_return:  0.00
 train_exploration_epsilon: 0.100
 train_frame_rate:  158
I1008 16:51:02.592162 47621887493952 run_miniworld.py:243] Data collection iteration 160.
