I1007 23:58:02.748343 46982735857472 xla_bridge.py:355] Unable to initialize backend 'tpu_driver': NOT_FOUND: Unable to find driver in registry given worker: 
I1007 23:58:02.883891 46982735857472 xla_bridge.py:355] Unable to initialize backend 'rocm': NOT_FOUND: Could not find registered platform with name: "rocm". Available platform names are: Interpreter Host CUDA
I1007 23:58:02.884393 46982735857472 xla_bridge.py:355] Unable to initialize backend 'tpu': module 'jaxlib.xla_extension' has no attribute 'get_tpu_client'
I1007 23:58:02.884532 46982735857472 xla_bridge.py:355] Unable to initialize backend 'plugin': xla_extension has no attributes named get_plugin_device_client. Compile TensorFlow with //tensorflow/compiler/xla/python:enable_plugin_device set to true (defaults to false) to enable this.
I1007 23:58:02.884649 46982735857472 run_miniworld.py:102] Collecting data on MiniWorld on gpu.
I1007 23:58:06.920556 46982735857472 run_miniworld.py:138] Observation shape: (60, 80, 3)
I1007 23:58:17.108391 46982735857472 run_miniworld.py:243] Data collection iteration 0.
I1007 23:59:41.278090 46982735857472 run_miniworld.py:250] Evaluation iteration 0.
/home/mklissa/DCEO/lib/python3.8/site-packages/distrax/_src/distributions/categorical.py:96: UserWarning: Explicitly requested dtype <class 'jax.numpy.int64'> requested in astype is not available, and will be truncated to dtype int32. To enable more dtypes, set the jax_enable_x64 configuration option or the JAX_ENABLE_X64 shell environment variable. See https://github.com/google/jax#current-gotchas for more.
  return draws.astype(self._dtype)
I1008 00:00:03.036632 46982735857472 run_miniworld.py:267] iteration:   0
 frame:     0
 eval_episode_return:  0.00
 train_episode_return:  0.00
 train_exploration_epsilon: 1.000
 train_frame_rate:  594
I1008 00:00:50.262064 46982735857472 run_miniworld.py:243] Data collection iteration 1.
I1008 00:00:50.346944 46982735857472 dceo_agent.py:296] Begin learning
I1008 00:05:40.111589 46982735857472 run_miniworld.py:250] Evaluation iteration 1.
I1008 00:06:01.522768 46982735857472 run_miniworld.py:267] iteration:   1
 frame: 50000
 eval_episode_return:  0.00
 train_episode_return:  0.00
 train_exploration_epsilon: 0.978
 train_frame_rate:  173
I1008 00:06:46.810080 46982735857472 run_miniworld.py:243] Data collection iteration 2.
I1008 00:11:32.212736 46982735857472 run_miniworld.py:250] Evaluation iteration 2.
I1008 00:11:53.547197 46982735857472 run_miniworld.py:267] iteration:   2
 frame: 100000
 eval_episode_return:  0.00
 train_episode_return:  0.04
 train_exploration_epsilon: 0.955
 train_frame_rate:  175
I1008 00:12:39.069571 46982735857472 run_miniworld.py:243] Data collection iteration 3.
I1008 00:17:20.189070 46982735857472 run_miniworld.py:250] Evaluation iteration 3.
I1008 00:17:41.789640 46982735857472 run_miniworld.py:267] iteration:   3
 frame: 150000
 eval_episode_return:  0.00
 train_episode_return:  0.00
 train_exploration_epsilon: 0.933
 train_frame_rate:  178
I1008 00:18:27.604379 46982735857472 run_miniworld.py:243] Data collection iteration 4.
I1008 00:23:11.163680 46982735857472 run_miniworld.py:250] Evaluation iteration 4.
I1008 00:23:32.662630 46982735857472 run_miniworld.py:267] iteration:   4
 frame: 200000
 eval_episode_return:  0.00
 train_episode_return:  0.00
 train_exploration_epsilon: 0.910
 train_frame_rate:  176
I1008 00:24:18.037174 46982735857472 run_miniworld.py:243] Data collection iteration 5.
I1008 00:29:04.735802 46982735857472 run_miniworld.py:250] Evaluation iteration 5.
I1008 00:29:26.234243 46982735857472 run_miniworld.py:267] iteration:   5
 frame: 250000
 eval_episode_return:  0.00
 train_episode_return:  0.00
 train_exploration_epsilon: 0.888
 train_frame_rate:  174
I1008 00:30:12.031083 46982735857472 run_miniworld.py:243] Data collection iteration 6.
I1008 00:35:00.709319 46982735857472 run_miniworld.py:250] Evaluation iteration 6.
I1008 00:35:22.093640 46982735857472 run_miniworld.py:267] iteration:   6
 frame: 300000
 eval_episode_return:  0.00
 train_episode_return:  0.00
 train_exploration_epsilon: 0.865
 train_frame_rate:  173
I1008 00:36:08.540442 46982735857472 run_miniworld.py:243] Data collection iteration 7.
I1008 00:41:01.495058 46982735857472 run_miniworld.py:250] Evaluation iteration 7.
I1008 00:41:22.727923 46982735857472 run_miniworld.py:267] iteration:   7
 frame: 350000
 eval_episode_return:  0.00
 train_episode_return:  0.00
 train_exploration_epsilon: 0.843
 train_frame_rate:  171
I1008 00:42:08.549546 46982735857472 run_miniworld.py:243] Data collection iteration 8.
I1008 00:47:01.894506 46982735857472 run_miniworld.py:250] Evaluation iteration 8.
I1008 00:47:23.224550 46982735857472 run_miniworld.py:267] iteration:   8
 frame: 400000
 eval_episode_return:  0.00
 train_episode_return:  0.00
 train_exploration_epsilon: 0.820
 train_frame_rate:  170
I1008 00:48:09.460490 46982735857472 run_miniworld.py:243] Data collection iteration 9.
I1008 00:53:04.820927 46982735857472 run_miniworld.py:250] Evaluation iteration 9.
I1008 00:53:26.170362 46982735857472 run_miniworld.py:267] iteration:   9
 frame: 450000
 eval_episode_return:  0.00
 train_episode_return:  0.00
 train_exploration_epsilon: 0.798
 train_frame_rate:  169
I1008 00:54:12.715260 46982735857472 run_miniworld.py:243] Data collection iteration 10.
I1008 00:59:08.726662 46982735857472 run_miniworld.py:250] Evaluation iteration 10.
I1008 00:59:30.077352 46982735857472 run_miniworld.py:267] iteration:  10
 frame: 500000
 eval_episode_return:  0.00
 train_episode_return:  0.00
 train_exploration_epsilon: 0.775
 train_frame_rate:  169
I1008 01:00:16.866941 46982735857472 run_miniworld.py:243] Data collection iteration 11.
I1008 01:05:15.098577 46982735857472 run_miniworld.py:250] Evaluation iteration 11.
I1008 01:05:36.422114 46982735857472 run_miniworld.py:267] iteration:  11
 frame: 550000
 eval_episode_return:  0.00
 train_episode_return:  0.00
 train_exploration_epsilon: 0.753
 train_frame_rate:  168
I1008 01:06:22.994750 46982735857472 run_miniworld.py:243] Data collection iteration 12.
I1008 01:11:23.346375 46982735857472 run_miniworld.py:250] Evaluation iteration 12.
I1008 01:11:44.821066 46982735857472 run_miniworld.py:267] iteration:  12
 frame: 600000
 eval_episode_return:  0.00
 train_episode_return:  0.00
 train_exploration_epsilon: 0.730
 train_frame_rate:  166
I1008 01:12:31.431745 46982735857472 run_miniworld.py:243] Data collection iteration 13.
I1008 01:17:33.712561 46982735857472 run_miniworld.py:250] Evaluation iteration 13.
I1008 01:17:55.063849 46982735857472 run_miniworld.py:267] iteration:  13
 frame: 650000
 eval_episode_return:  0.00
 train_episode_return:  0.00
 train_exploration_epsilon: 0.708
 train_frame_rate:  165
I1008 01:18:40.878573 46982735857472 run_miniworld.py:243] Data collection iteration 14.
I1008 01:23:41.813835 46982735857472 run_miniworld.py:250] Evaluation iteration 14.
I1008 01:24:03.370476 46982735857472 run_miniworld.py:267] iteration:  14
 frame: 700000
 eval_episode_return:  0.00
 train_episode_return:  0.00
 train_exploration_epsilon: 0.685
 train_frame_rate:  166
I1008 01:24:50.596030 46982735857472 run_miniworld.py:243] Data collection iteration 15.
I1008 01:29:55.375157 46982735857472 run_miniworld.py:250] Evaluation iteration 15.
I1008 01:30:16.981398 46982735857472 run_miniworld.py:267] iteration:  15
 frame: 750000
 eval_episode_return:  0.00
 train_episode_return:  0.00
 train_exploration_epsilon: 0.663
 train_frame_rate:  164
I1008 01:31:03.949347 46982735857472 run_miniworld.py:243] Data collection iteration 16.
I1008 01:36:11.963099 46982735857472 run_miniworld.py:250] Evaluation iteration 16.
I1008 01:36:33.573337 46982735857472 run_miniworld.py:267] iteration:  16
 frame: 800000
 eval_episode_return:  0.00
 train_episode_return:  0.00
 train_exploration_epsilon: 0.640
 train_frame_rate:  162
I1008 01:37:19.759624 46982735857472 run_miniworld.py:243] Data collection iteration 17.
I1008 01:42:29.844831 46982735857472 run_miniworld.py:250] Evaluation iteration 17.
I1008 01:42:51.544438 46982735857472 run_miniworld.py:267] iteration:  17
 frame: 850000
 eval_episode_return:  0.00
 train_episode_return:  0.00
 train_exploration_epsilon: 0.618
 train_frame_rate:  161
I1008 01:43:38.652688 46982735857472 run_miniworld.py:243] Data collection iteration 18.
I1008 01:48:43.375369 46982735857472 run_miniworld.py:250] Evaluation iteration 18.
I1008 01:49:04.919497 46982735857472 run_miniworld.py:267] iteration:  18
 frame: 900000
 eval_episode_return:  0.00
 train_episode_return:  0.00
 train_exploration_epsilon: 0.595
 train_frame_rate:  164
I1008 01:49:51.363552 46982735857472 run_miniworld.py:243] Data collection iteration 19.
I1008 01:55:06.159348 46982735857472 run_miniworld.py:250] Evaluation iteration 19.
I1008 01:55:27.889683 46982735857472 run_miniworld.py:267] iteration:  19
 frame: 950000
 eval_episode_return:  0.00
 train_episode_return:  0.00
 train_exploration_epsilon: 0.573
 train_frame_rate:  159
I1008 01:56:15.173804 46982735857472 run_miniworld.py:243] Data collection iteration 20.
I1008 02:01:28.815032 46982735857472 run_miniworld.py:250] Evaluation iteration 20.
I1008 02:01:50.476292 46982735857472 run_miniworld.py:267] iteration:  20
 frame: 1000000
 eval_episode_return:  0.00
 train_episode_return:  0.00
 train_exploration_epsilon: 0.550
 train_frame_rate:  159
I1008 02:02:36.839709 46982735857472 run_miniworld.py:243] Data collection iteration 21.
I1008 02:07:49.599455 46982735857472 run_miniworld.py:250] Evaluation iteration 21.
I1008 02:08:11.247869 46982735857472 run_miniworld.py:267] iteration:  21
 frame: 1050000
 eval_episode_return:  0.00
 train_episode_return:  0.00
 train_exploration_epsilon: 0.528
 train_frame_rate:  160
I1008 02:08:59.425614 46982735857472 run_miniworld.py:243] Data collection iteration 22.
I1008 02:14:10.392225 46982735857472 run_miniworld.py:250] Evaluation iteration 22.
I1008 02:14:32.174400 46982735857472 run_miniworld.py:267] iteration:  22
 frame: 1100000
 eval_episode_return:  0.00
 train_episode_return:  0.00
 train_exploration_epsilon: 0.505
 train_frame_rate:  161
I1008 02:15:18.169254 46982735857472 run_miniworld.py:243] Data collection iteration 23.
I1008 02:20:29.776117 46982735857472 run_miniworld.py:250] Evaluation iteration 23.
I1008 02:20:51.609525 46982735857472 run_miniworld.py:267] iteration:  23
 frame: 1150000
 eval_episode_return:  0.00
 train_episode_return:  0.00
 train_exploration_epsilon: 0.483
 train_frame_rate:  160
I1008 02:21:38.021981 46982735857472 run_miniworld.py:243] Data collection iteration 24.
I1008 02:26:51.114119 46982735857472 run_miniworld.py:250] Evaluation iteration 24.
I1008 02:27:12.965027 46982735857472 run_miniworld.py:267] iteration:  24
 frame: 1200000
 eval_episode_return:  0.00
 train_episode_return:  0.00
 train_exploration_epsilon: 0.460
 train_frame_rate:  160
I1008 02:28:00.289942 46982735857472 run_miniworld.py:243] Data collection iteration 25.
I1008 02:33:13.568617 46982735857472 run_miniworld.py:250] Evaluation iteration 25.
I1008 02:33:35.267002 46982735857472 run_miniworld.py:267] iteration:  25
 frame: 1250000
 eval_episode_return:  0.00
 train_episode_return:  0.00
 train_exploration_epsilon: 0.438
 train_frame_rate:  160
I1008 02:34:21.706353 46982735857472 run_miniworld.py:243] Data collection iteration 26.
I1008 02:39:35.677722 46982735857472 run_miniworld.py:250] Evaluation iteration 26.
I1008 02:39:57.437310 46982735857472 run_miniworld.py:267] iteration:  26
 frame: 1300000
 eval_episode_return:  0.00
 train_episode_return:  0.00
 train_exploration_epsilon: 0.415
 train_frame_rate:  159
I1008 02:40:44.691811 46982735857472 run_miniworld.py:243] Data collection iteration 27.
I1008 02:45:58.807596 46982735857472 run_miniworld.py:250] Evaluation iteration 27.
I1008 02:46:20.589416 46982735857472 run_miniworld.py:267] iteration:  27
 frame: 1350000
 eval_episode_return:  0.00
 train_episode_return:  0.00
 train_exploration_epsilon: 0.393
 train_frame_rate:  159
I1008 02:47:07.247872 46982735857472 run_miniworld.py:243] Data collection iteration 28.
I1008 02:52:22.862671 46982735857472 run_miniworld.py:250] Evaluation iteration 28.
I1008 02:52:44.811470 46982735857472 run_miniworld.py:267] iteration:  28
 frame: 1400000
 eval_episode_return:  0.00
 train_episode_return:  0.00
 train_exploration_epsilon: 0.370
 train_frame_rate:  158
I1008 02:53:31.998868 46982735857472 run_miniworld.py:243] Data collection iteration 29.
I1008 02:58:48.188107 46982735857472 run_miniworld.py:250] Evaluation iteration 29.
I1008 02:59:10.018719 46982735857472 run_miniworld.py:267] iteration:  29
 frame: 1450000
 eval_episode_return:  0.00
 train_episode_return:  0.00
 train_exploration_epsilon: 0.348
 train_frame_rate:  158
I1008 02:59:57.022097 46982735857472 run_miniworld.py:243] Data collection iteration 30.
I1008 03:05:13.588889 46982735857472 run_miniworld.py:250] Evaluation iteration 30.
I1008 03:05:35.604709 46982735857472 run_miniworld.py:267] iteration:  30
 frame: 1500000
 eval_episode_return:  0.00
 train_episode_return:  0.00
 train_exploration_epsilon: 0.325
 train_frame_rate:  158
I1008 03:06:21.919666 46982735857472 run_miniworld.py:243] Data collection iteration 31.
I1008 03:11:43.850635 46982735857472 run_miniworld.py:250] Evaluation iteration 31.
I1008 03:12:05.829988 46982735857472 run_miniworld.py:267] iteration:  31
 frame: 1550000
 eval_episode_return:  0.00
 train_episode_return:  0.00
 train_exploration_epsilon: 0.303
 train_frame_rate:  155
I1008 03:12:52.207400 46982735857472 run_miniworld.py:243] Data collection iteration 32.
I1008 03:18:08.201778 46982735857472 run_miniworld.py:250] Evaluation iteration 32.
I1008 03:18:30.329432 46982735857472 run_miniworld.py:267] iteration:  32
 frame: 1600000
 eval_episode_return:  0.00
 train_episode_return:  0.00
 train_exploration_epsilon: 0.280
 train_frame_rate:  158
I1008 03:19:16.717180 46982735857472 run_miniworld.py:243] Data collection iteration 33.
I1008 03:24:33.468363 46982735857472 run_miniworld.py:250] Evaluation iteration 33.
I1008 03:24:55.617733 46982735857472 run_miniworld.py:267] iteration:  33
 frame: 1650000
 eval_episode_return:  0.00
 train_episode_return:  0.00
 train_exploration_epsilon: 0.258
 train_frame_rate:  158
I1008 03:25:42.957023 46982735857472 run_miniworld.py:243] Data collection iteration 34.
I1008 03:30:58.622171 46982735857472 run_miniworld.py:250] Evaluation iteration 34.
I1008 03:31:20.557920 46982735857472 run_miniworld.py:267] iteration:  34
 frame: 1700000
 eval_episode_return:  0.00
 train_episode_return:  0.00
 train_exploration_epsilon: 0.235
 train_frame_rate:  158
I1008 03:32:07.125830 46982735857472 run_miniworld.py:243] Data collection iteration 35.
I1008 03:37:23.399637 46982735857472 run_miniworld.py:250] Evaluation iteration 35.
I1008 03:37:45.366160 46982735857472 run_miniworld.py:267] iteration:  35
 frame: 1750000
 eval_episode_return:  0.00
 train_episode_return:  0.00
 train_exploration_epsilon: 0.213
 train_frame_rate:  158
I1008 03:38:32.055088 46982735857472 run_miniworld.py:243] Data collection iteration 36.
I1008 03:43:46.517178 46982735857472 run_miniworld.py:250] Evaluation iteration 36.
I1008 03:44:08.508238 46982735857472 run_miniworld.py:267] iteration:  36
 frame: 1800000
 eval_episode_return:  0.00
 train_episode_return:  0.00
 train_exploration_epsilon: 0.190
 train_frame_rate:  159
I1008 03:44:55.678611 46982735857472 run_miniworld.py:243] Data collection iteration 37.
I1008 03:50:12.112759 46982735857472 run_miniworld.py:250] Evaluation iteration 37.
I1008 03:50:34.277763 46982735857472 run_miniworld.py:267] iteration:  37
 frame: 1850000
 eval_episode_return:  0.00
 train_episode_return:  0.00
 train_exploration_epsilon: 0.168
 train_frame_rate:  158
I1008 03:51:20.974731 46982735857472 run_miniworld.py:243] Data collection iteration 38.
I1008 03:56:38.061378 46982735857472 run_miniworld.py:250] Evaluation iteration 38.
I1008 03:57:00.081804 46982735857472 run_miniworld.py:267] iteration:  38
 frame: 1900000
 eval_episode_return:  0.00
 train_episode_return:  0.00
 train_exploration_epsilon: 0.145
 train_frame_rate:  158
I1008 03:57:47.557901 46982735857472 run_miniworld.py:243] Data collection iteration 39.
I1008 04:03:04.566111 46982735857472 run_miniworld.py:250] Evaluation iteration 39.
I1008 04:03:26.664557 46982735857472 run_miniworld.py:267] iteration:  39
 frame: 1950000
 eval_episode_return:  0.00
 train_episode_return:  0.00
 train_exploration_epsilon: 0.123
 train_frame_rate:  158
I1008 04:04:13.419398 46982735857472 run_miniworld.py:243] Data collection iteration 40.
I1008 04:09:31.118082 46982735857472 run_miniworld.py:250] Evaluation iteration 40.
I1008 04:09:53.163698 46982735857472 run_miniworld.py:267] iteration:  40
 frame: 2000000
 eval_episode_return:  0.00
 train_episode_return:  0.00
 train_exploration_epsilon: 0.100
 train_frame_rate:  157
I1008 04:10:40.378781 46982735857472 run_miniworld.py:243] Data collection iteration 41.
I1008 04:15:58.168500 46982735857472 run_miniworld.py:250] Evaluation iteration 41.
I1008 04:16:20.209198 46982735857472 run_miniworld.py:267] iteration:  41
 frame: 2050000
 eval_episode_return:  0.00
 train_episode_return:  0.00
 train_exploration_epsilon: 0.100
 train_frame_rate:  157
I1008 04:17:06.475622 46982735857472 run_miniworld.py:243] Data collection iteration 42.
I1008 04:22:24.009977 46982735857472 run_miniworld.py:250] Evaluation iteration 42.
I1008 04:22:46.209967 46982735857472 run_miniworld.py:267] iteration:  42
 frame: 2100000
 eval_episode_return:  0.00
 train_episode_return:  0.00
 train_exploration_epsilon: 0.100
 train_frame_rate:  157
I1008 04:23:34.814172 46982735857472 run_miniworld.py:243] Data collection iteration 43.
I1008 04:28:52.546605 46982735857472 run_miniworld.py:250] Evaluation iteration 43.
I1008 04:29:14.777063 46982735857472 run_miniworld.py:267] iteration:  43
 frame: 2150000
 eval_episode_return:  0.00
 train_episode_return:  0.04
 train_exploration_epsilon: 0.100
 train_frame_rate:  157
I1008 04:30:01.490388 46982735857472 run_miniworld.py:243] Data collection iteration 44.
I1008 04:35:19.265187 46982735857472 run_miniworld.py:250] Evaluation iteration 44.
I1008 04:35:41.413829 46982735857472 run_miniworld.py:267] iteration:  44
 frame: 2200000
 eval_episode_return:  0.00
 train_episode_return:  0.00
 train_exploration_epsilon: 0.100
 train_frame_rate:  157
I1008 04:36:28.412797 46982735857472 run_miniworld.py:243] Data collection iteration 45.
I1008 04:41:46.536114 46982735857472 run_miniworld.py:250] Evaluation iteration 45.
I1008 04:42:08.655698 46982735857472 run_miniworld.py:267] iteration:  45
 frame: 2250000
 eval_episode_return:  0.00
 train_episode_return:  0.00
 train_exploration_epsilon: 0.100
 train_frame_rate:  157
I1008 04:42:57.088348 46982735857472 run_miniworld.py:243] Data collection iteration 46.
I1008 04:48:19.692145 46982735857472 run_miniworld.py:250] Evaluation iteration 46.
I1008 04:48:41.812307 46982735857472 run_miniworld.py:267] iteration:  46
 frame: 2300000
 eval_episode_return:  0.00
 train_episode_return:  0.00
 train_exploration_epsilon: 0.100
 train_frame_rate:  155
I1008 04:49:28.146784 46982735857472 run_miniworld.py:243] Data collection iteration 47.
I1008 04:54:35.867076 46982735857472 run_miniworld.py:250] Evaluation iteration 47.
I1008 04:54:57.795489 46982735857472 run_miniworld.py:267] iteration:  47
 frame: 2350000
 eval_episode_return:  0.00
 train_episode_return:  0.00
 train_exploration_epsilon: 0.100
 train_frame_rate:  162
I1008 04:55:44.652162 46982735857472 run_miniworld.py:243] Data collection iteration 48.
I1008 05:00:51.169466 46982735857472 run_miniworld.py:250] Evaluation iteration 48.
I1008 05:01:13.276667 46982735857472 run_miniworld.py:267] iteration:  48
 frame: 2400000
 eval_episode_return:  0.00
 train_episode_return:  0.04
 train_exploration_epsilon: 0.100
 train_frame_rate:  163
I1008 05:02:01.026341 46982735857472 run_miniworld.py:243] Data collection iteration 49.
I1008 05:07:07.575926 46982735857472 run_miniworld.py:250] Evaluation iteration 49.
I1008 05:07:29.701852 46982735857472 run_miniworld.py:267] iteration:  49
 frame: 2450000
 eval_episode_return:  0.00
 train_episode_return:  0.00
 train_exploration_epsilon: 0.100
 train_frame_rate:  163
I1008 05:08:16.188958 46982735857472 run_miniworld.py:243] Data collection iteration 50.
I1008 05:13:22.885835 46982735857472 run_miniworld.py:250] Evaluation iteration 50.
I1008 05:13:45.120446 46982735857472 run_miniworld.py:267] iteration:  50
 frame: 2500000
 eval_episode_return:  0.00
 train_episode_return:  0.04
 train_exploration_epsilon: 0.100
 train_frame_rate:  163
I1008 05:14:32.651623 46982735857472 run_miniworld.py:243] Data collection iteration 51.
I1008 05:19:39.147813 46982735857472 run_miniworld.py:250] Evaluation iteration 51.
I1008 05:20:01.239484 46982735857472 run_miniworld.py:267] iteration:  51
 frame: 2550000
 eval_episode_return:  0.00
 train_episode_return:  0.00
 train_exploration_epsilon: 0.100
 train_frame_rate:  163
I1008 05:20:47.738138 46982735857472 run_miniworld.py:243] Data collection iteration 52.
I1008 05:25:55.352417 46982735857472 run_miniworld.py:250] Evaluation iteration 52.
I1008 05:26:17.443001 46982735857472 run_miniworld.py:267] iteration:  52
 frame: 2600000
 eval_episode_return:  0.00
 train_episode_return:  0.00
 train_exploration_epsilon: 0.100
 train_frame_rate:  163
I1008 05:27:04.772964 46982735857472 run_miniworld.py:243] Data collection iteration 53.
I1008 05:32:13.279918 46982735857472 run_miniworld.py:250] Evaluation iteration 53.
I1008 05:32:35.507110 46982735857472 run_miniworld.py:267] iteration:  53
 frame: 2650000
 eval_episode_return:  0.00
 train_episode_return:  0.00
 train_exploration_epsilon: 0.100
 train_frame_rate:  162
I1008 05:33:22.050844 46982735857472 run_miniworld.py:243] Data collection iteration 54.
I1008 05:38:30.068668 46982735857472 run_miniworld.py:250] Evaluation iteration 54.
I1008 05:38:52.044446 46982735857472 run_miniworld.py:267] iteration:  54
 frame: 2700000
 eval_episode_return:  0.00
 train_episode_return:  0.00
 train_exploration_epsilon: 0.100
 train_frame_rate:  162
I1008 05:39:39.517408 46982735857472 run_miniworld.py:243] Data collection iteration 55.
I1008 05:44:50.466686 46982735857472 run_miniworld.py:250] Evaluation iteration 55.
I1008 05:45:12.827937 46982735857472 run_miniworld.py:267] iteration:  55
 frame: 2750000
 eval_episode_return:  0.00
 train_episode_return:  0.00
 train_exploration_epsilon: 0.100
 train_frame_rate:  161
I1008 05:46:02.594332 46982735857472 run_miniworld.py:243] Data collection iteration 56.
I1008 05:51:28.769247 46982735857472 run_miniworld.py:250] Evaluation iteration 56.
I1008 05:51:52.799921 46982735857472 run_miniworld.py:267] iteration:  56
 frame: 2800000
 eval_episode_return:  0.00
 train_episode_return:  0.00
 train_exploration_epsilon: 0.100
 train_frame_rate:  153
I1008 05:52:40.449642 46982735857472 run_miniworld.py:243] Data collection iteration 57.
I1008 05:58:58.827296 46982735857472 run_miniworld.py:250] Evaluation iteration 57.
I1008 05:59:22.767429 46982735857472 run_miniworld.py:267] iteration:  57
 frame: 2850000
 eval_episode_return:  0.00
 train_episode_return:  0.00
 train_exploration_epsilon: 0.100
 train_frame_rate:  132
I1008 06:00:11.220209 46982735857472 run_miniworld.py:243] Data collection iteration 58.
I1008 06:06:30.056491 46982735857472 run_miniworld.py:250] Evaluation iteration 58.
I1008 06:06:53.902691 46982735857472 run_miniworld.py:267] iteration:  58
 frame: 2900000
 eval_episode_return:  0.00
 train_episode_return:  0.00
 train_exploration_epsilon: 0.100
 train_frame_rate:  132
I1008 06:07:41.922279 46982735857472 run_miniworld.py:243] Data collection iteration 59.
I1008 06:13:59.486243 46982735857472 run_miniworld.py:250] Evaluation iteration 59.
I1008 06:14:23.474788 46982735857472 run_miniworld.py:267] iteration:  59
 frame: 2950000
 eval_episode_return:  0.00
 train_episode_return:  0.00
 train_exploration_epsilon: 0.100
 train_frame_rate:  132
I1008 06:15:12.124610 46982735857472 run_miniworld.py:243] Data collection iteration 60.
I1008 06:21:38.618567 46982735857472 run_miniworld.py:250] Evaluation iteration 60.
I1008 06:22:02.517105 46982735857472 run_miniworld.py:267] iteration:  60
 frame: 3000000
 eval_episode_return:  0.00
 train_episode_return:  0.00
 train_exploration_epsilon: 0.100
 train_frame_rate:  129
I1008 06:22:49.977261 46982735857472 run_miniworld.py:243] Data collection iteration 61.
I1008 06:29:08.463207 46982735857472 run_miniworld.py:250] Evaluation iteration 61.
I1008 06:29:32.069961 46982735857472 run_miniworld.py:267] iteration:  61
 frame: 3050000
 eval_episode_return:  0.00
 train_episode_return:  0.00
 train_exploration_epsilon: 0.100
 train_frame_rate:  132
I1008 06:30:20.294309 46982735857472 run_miniworld.py:243] Data collection iteration 62.
I1008 06:36:39.905944 46982735857472 run_miniworld.py:250] Evaluation iteration 62.
I1008 06:37:03.740898 46982735857472 run_miniworld.py:267] iteration:  62
 frame: 3100000
 eval_episode_return:  0.00
 train_episode_return:  0.00
 train_exploration_epsilon: 0.100
 train_frame_rate:  132
I1008 06:37:53.130312 46982735857472 run_miniworld.py:243] Data collection iteration 63.
I1008 06:44:11.723872 46982735857472 run_miniworld.py:250] Evaluation iteration 63.
I1008 06:44:35.573540 46982735857472 run_miniworld.py:267] iteration:  63
 frame: 3150000
 eval_episode_return:  0.00
 train_episode_return:  0.00
 train_exploration_epsilon: 0.100
 train_frame_rate:  132
I1008 06:45:24.356985 46982735857472 run_miniworld.py:243] Data collection iteration 64.
I1008 06:51:43.563651 46982735857472 run_miniworld.py:250] Evaluation iteration 64.
I1008 06:52:07.608770 46982735857472 run_miniworld.py:267] iteration:  64
 frame: 3200000
 eval_episode_return:  0.00
 train_episode_return:  0.00
 train_exploration_epsilon: 0.100
 train_frame_rate:  132
I1008 06:52:56.154621 46982735857472 run_miniworld.py:243] Data collection iteration 65.
I1008 06:59:14.976806 46982735857472 run_miniworld.py:250] Evaluation iteration 65.
I1008 06:59:38.930408 46982735857472 run_miniworld.py:267] iteration:  65
 frame: 3250000
 eval_episode_return:  0.00
 train_episode_return:  0.00
 train_exploration_epsilon: 0.100
 train_frame_rate:  132
I1008 07:00:27.525148 46982735857472 run_miniworld.py:243] Data collection iteration 66.
I1008 07:06:47.113300 46982735857472 run_miniworld.py:250] Evaluation iteration 66.
I1008 07:07:10.981105 46982735857472 run_miniworld.py:267] iteration:  66
 frame: 3300000
 eval_episode_return:  0.00
 train_episode_return:  0.00
 train_exploration_epsilon: 0.100
 train_frame_rate:  132
I1008 07:08:00.163156 46982735857472 run_miniworld.py:243] Data collection iteration 67.
I1008 07:14:19.970350 46982735857472 run_miniworld.py:250] Evaluation iteration 67.
I1008 07:14:43.930603 46982735857472 run_miniworld.py:267] iteration:  67
 frame: 3350000
 eval_episode_return:  0.00
 train_episode_return:  0.00
 train_exploration_epsilon: 0.100
 train_frame_rate:  132
I1008 07:15:31.971301 46982735857472 run_miniworld.py:243] Data collection iteration 68.
I1008 07:21:50.790913 46982735857472 run_miniworld.py:250] Evaluation iteration 68.
I1008 07:22:14.591211 46982735857472 run_miniworld.py:267] iteration:  68
 frame: 3400000
 eval_episode_return:  0.00
 train_episode_return:  0.00
 train_exploration_epsilon: 0.100
 train_frame_rate:  132
I1008 07:23:03.646084 46982735857472 run_miniworld.py:243] Data collection iteration 69.
I1008 07:29:23.616511 46982735857472 run_miniworld.py:250] Evaluation iteration 69.
I1008 07:29:47.388882 46982735857472 run_miniworld.py:267] iteration:  69
 frame: 3450000
 eval_episode_return:  0.00
 train_episode_return:  0.00
 train_exploration_epsilon: 0.100
 train_frame_rate:  132
I1008 07:30:38.005633 46982735857472 run_miniworld.py:243] Data collection iteration 70.
I1008 07:37:04.057602 46982735857472 run_miniworld.py:250] Evaluation iteration 70.
I1008 07:37:27.973297 46982735857472 run_miniworld.py:267] iteration:  70
 frame: 3500000
 eval_episode_return:  0.00
 train_episode_return:  0.00
 train_exploration_epsilon: 0.100
 train_frame_rate:  130
I1008 07:38:15.698010 46982735857472 run_miniworld.py:243] Data collection iteration 71.
I1008 07:44:34.785625 46982735857472 run_miniworld.py:250] Evaluation iteration 71.
I1008 07:44:58.634890 46982735857472 run_miniworld.py:267] iteration:  71
 frame: 3550000
 eval_episode_return:  0.00
 train_episode_return:  0.00
 train_exploration_epsilon: 0.100
 train_frame_rate:  132
I1008 07:45:46.702688 46982735857472 run_miniworld.py:243] Data collection iteration 72.
I1008 07:52:06.763695 46982735857472 run_miniworld.py:250] Evaluation iteration 72.
I1008 07:52:30.702553 46982735857472 run_miniworld.py:267] iteration:  72
 frame: 3600000
 eval_episode_return:  0.00
 train_episode_return:  0.00
 train_exploration_epsilon: 0.100
 train_frame_rate:  132
I1008 07:53:19.921548 46982735857472 run_miniworld.py:243] Data collection iteration 73.
I1008 07:59:39.264745 46982735857472 run_miniworld.py:250] Evaluation iteration 73.
I1008 08:00:03.180353 46982735857472 run_miniworld.py:267] iteration:  73
 frame: 3650000
 eval_episode_return:  0.00
 train_episode_return:  0.00
 train_exploration_epsilon: 0.100
 train_frame_rate:  132
I1008 08:00:51.677005 46982735857472 run_miniworld.py:243] Data collection iteration 74.
I1008 08:07:06.515171 46982735857472 run_miniworld.py:250] Evaluation iteration 74.
I1008 08:07:28.628968 46982735857472 run_miniworld.py:267] iteration:  74
 frame: 3700000
 eval_episode_return:  0.00
 train_episode_return:  0.00
 train_exploration_epsilon: 0.100
 train_frame_rate:  133
I1008 08:08:15.282077 46982735857472 run_miniworld.py:243] Data collection iteration 75.
I1008 08:13:22.960683 46982735857472 run_miniworld.py:250] Evaluation iteration 75.
I1008 08:13:45.129462 46982735857472 run_miniworld.py:267] iteration:  75
 frame: 3750000
 eval_episode_return:  0.00
 train_episode_return:  0.00
 train_exploration_epsilon: 0.100
 train_frame_rate:  163
I1008 08:14:32.655465 46982735857472 run_miniworld.py:243] Data collection iteration 76.
I1008 08:19:41.568437 46982735857472 run_miniworld.py:250] Evaluation iteration 76.
I1008 08:20:03.826085 46982735857472 run_miniworld.py:267] iteration:  76
 frame: 3800000
 eval_episode_return:  0.00
 train_episode_return:  0.00
 train_exploration_epsilon: 0.100
 train_frame_rate:  162
I1008 08:20:50.423738 46982735857472 run_miniworld.py:243] Data collection iteration 77.
I1008 08:26:00.309011 46982735857472 run_miniworld.py:250] Evaluation iteration 77.
I1008 08:26:22.510020 46982735857472 run_miniworld.py:267] iteration:  77
 frame: 3850000
 eval_episode_return:  0.00
 train_episode_return:  0.00
 train_exploration_epsilon: 0.100
 train_frame_rate:  161
I1008 08:27:09.990998 46982735857472 run_miniworld.py:243] Data collection iteration 78.
I1008 08:32:19.399882 46982735857472 run_miniworld.py:250] Evaluation iteration 78.
I1008 08:32:41.597309 46982735857472 run_miniworld.py:267] iteration:  78
 frame: 3900000
 eval_episode_return:  0.00
 train_episode_return:  0.00
 train_exploration_epsilon: 0.100
 train_frame_rate:  162
I1008 08:33:28.188412 46982735857472 run_miniworld.py:243] Data collection iteration 79.
I1008 08:38:45.142622 46982735857472 run_miniworld.py:250] Evaluation iteration 79.
I1008 08:39:07.386166 46982735857472 run_miniworld.py:267] iteration:  79
 frame: 3950000
 eval_episode_return:  0.00
 train_episode_return:  0.00
 train_exploration_epsilon: 0.100
 train_frame_rate:  158
I1008 08:39:53.683764 46982735857472 run_miniworld.py:243] Data collection iteration 80.
I1008 08:45:02.990736 46982735857472 run_miniworld.py:250] Evaluation iteration 80.
I1008 08:45:25.580818 46982735857472 run_miniworld.py:267] iteration:  80
 frame: 4000000
 eval_episode_return:  0.00
 train_episode_return:  0.00
 train_exploration_epsilon: 0.100
 train_frame_rate:  162
I1008 08:46:12.274565 46982735857472 run_miniworld.py:243] Data collection iteration 81.
I1008 08:51:21.784405 46982735857472 run_miniworld.py:250] Evaluation iteration 81.
I1008 08:51:44.281351 46982735857472 run_miniworld.py:267] iteration:  81
 frame: 4050000
 eval_episode_return:  0.00
 train_episode_return:  0.00
 train_exploration_epsilon: 0.100
 train_frame_rate:  162
I1008 08:52:32.014976 46982735857472 run_miniworld.py:243] Data collection iteration 82.
I1008 08:57:41.690022 46982735857472 run_miniworld.py:250] Evaluation iteration 82.
I1008 08:58:04.161364 46982735857472 run_miniworld.py:267] iteration:  82
 frame: 4100000
 eval_episode_return:  0.00
 train_episode_return:  0.00
 train_exploration_epsilon: 0.100
 train_frame_rate:  161
I1008 08:58:51.119870 46982735857472 run_miniworld.py:243] Data collection iteration 83.
I1008 09:04:01.120161 46982735857472 run_miniworld.py:250] Evaluation iteration 83.
I1008 09:04:23.677970 46982735857472 run_miniworld.py:267] iteration:  83
 frame: 4150000
 eval_episode_return:  0.00
 train_episode_return:  0.00
 train_exploration_epsilon: 0.100
 train_frame_rate:  161
I1008 09:05:10.501767 46982735857472 run_miniworld.py:243] Data collection iteration 84.
I1008 09:10:18.870310 46982735857472 run_miniworld.py:250] Evaluation iteration 84.
I1008 09:10:41.078238 46982735857472 run_miniworld.py:267] iteration:  84
 frame: 4200000
 eval_episode_return:  0.00
 train_episode_return:  0.00
 train_exploration_epsilon: 0.100
 train_frame_rate:  162
I1008 09:11:27.860154 46982735857472 run_miniworld.py:243] Data collection iteration 85.
I1008 09:16:37.532720 46982735857472 run_miniworld.py:250] Evaluation iteration 85.
I1008 09:16:59.970704 46982735857472 run_miniworld.py:267] iteration:  85
 frame: 4250000
 eval_episode_return:  0.00
 train_episode_return:  0.00
 train_exploration_epsilon: 0.100
 train_frame_rate:  161
I1008 09:17:47.610781 46982735857472 run_miniworld.py:243] Data collection iteration 86.
I1008 09:22:56.201980 46982735857472 run_miniworld.py:250] Evaluation iteration 86.
I1008 09:23:18.406256 46982735857472 run_miniworld.py:267] iteration:  86
 frame: 4300000
 eval_episode_return:  0.00
 train_episode_return:  0.00
 train_exploration_epsilon: 0.100
 train_frame_rate:  162
I1008 09:24:05.052374 46982735857472 run_miniworld.py:243] Data collection iteration 87.
I1008 09:29:15.533064 46982735857472 run_miniworld.py:250] Evaluation iteration 87.
I1008 09:29:37.983618 46982735857472 run_miniworld.py:267] iteration:  87
 frame: 4350000
 eval_episode_return:  0.00
 train_episode_return:  0.00
 train_exploration_epsilon: 0.100
 train_frame_rate:  161
I1008 09:30:25.459434 46982735857472 run_miniworld.py:243] Data collection iteration 88.
I1008 09:35:33.941912 46982735857472 run_miniworld.py:250] Evaluation iteration 88.
I1008 09:35:56.202860 46982735857472 run_miniworld.py:267] iteration:  88
 frame: 4400000
 eval_episode_return:  0.00
 train_episode_return:  0.00
 train_exploration_epsilon: 0.100
 train_frame_rate:  162
I1008 09:36:44.948439 46982735857472 run_miniworld.py:243] Data collection iteration 89.
I1008 09:41:59.457848 46982735857472 run_miniworld.py:250] Evaluation iteration 89.
I1008 09:42:21.742789 46982735857472 run_miniworld.py:267] iteration:  89
 frame: 4450000
 eval_episode_return:  0.00
 train_episode_return:  0.00
 train_exploration_epsilon: 0.100
 train_frame_rate:  159
I1008 09:43:07.786578 46982735857472 run_miniworld.py:243] Data collection iteration 90.
I1008 09:48:16.238114 46982735857472 run_miniworld.py:250] Evaluation iteration 90.
I1008 09:48:38.458658 46982735857472 run_miniworld.py:267] iteration:  90
 frame: 4500000
 eval_episode_return:  0.00
 train_episode_return:  0.00
 train_exploration_epsilon: 0.100
 train_frame_rate:  162
I1008 09:49:25.119238 46982735857472 run_miniworld.py:243] Data collection iteration 91.
I1008 09:54:34.959829 46982735857472 run_miniworld.py:250] Evaluation iteration 91.
I1008 09:54:57.202010 46982735857472 run_miniworld.py:267] iteration:  91
 frame: 4550000
 eval_episode_return:  0.00
 train_episode_return:  0.00
 train_exploration_epsilon: 0.100
 train_frame_rate:  161
I1008 09:55:45.116647 46982735857472 run_miniworld.py:243] Data collection iteration 92.
I1008 10:00:53.496297 46982735857472 run_miniworld.py:250] Evaluation iteration 92.
I1008 10:01:15.732508 46982735857472 run_miniworld.py:267] iteration:  92
 frame: 4600000
 eval_episode_return:  0.00
 train_episode_return:  0.00
 train_exploration_epsilon: 0.100
 train_frame_rate:  162
I1008 10:02:02.480925 46982735857472 run_miniworld.py:243] Data collection iteration 93.
I1008 10:07:12.024385 46982735857472 run_miniworld.py:250] Evaluation iteration 93.
I1008 10:07:34.190651 46982735857472 run_miniworld.py:267] iteration:  93
 frame: 4650000
 eval_episode_return:  0.00
 train_episode_return:  0.00
 train_exploration_epsilon: 0.100
 train_frame_rate:  162
I1008 10:08:21.012980 46982735857472 run_miniworld.py:243] Data collection iteration 94.
I1008 10:13:30.283473 46982735857472 run_miniworld.py:250] Evaluation iteration 94.
I1008 10:13:52.549727 46982735857472 run_miniworld.py:267] iteration:  94
 frame: 4700000
 eval_episode_return:  0.00
 train_episode_return:  0.00
 train_exploration_epsilon: 0.100
 train_frame_rate:  162
I1008 10:14:39.608135 46982735857472 run_miniworld.py:243] Data collection iteration 95.
I1008 10:19:49.193842 46982735857472 run_miniworld.py:250] Evaluation iteration 95.
I1008 10:20:11.524554 46982735857472 run_miniworld.py:267] iteration:  95
 frame: 4750000
 eval_episode_return:  0.00
 train_episode_return:  0.00
 train_exploration_epsilon: 0.100
 train_frame_rate:  162
I1008 10:20:58.998274 46982735857472 run_miniworld.py:243] Data collection iteration 96.
I1008 10:26:07.400248 46982735857472 run_miniworld.py:250] Evaluation iteration 96.
I1008 10:26:29.581732 46982735857472 run_miniworld.py:267] iteration:  96
 frame: 4800000
 eval_episode_return:  0.00
 train_episode_return:  0.00
 train_exploration_epsilon: 0.100
 train_frame_rate:  162
I1008 10:27:19.291384 46982735857472 run_miniworld.py:243] Data collection iteration 97.
I1008 10:33:01.477211 46982735857472 run_miniworld.py:250] Evaluation iteration 97.
I1008 10:33:24.565734 46982735857472 run_miniworld.py:267] iteration:  97
 frame: 4850000
 eval_episode_return:  0.00
 train_episode_return:  0.00
 train_exploration_epsilon: 0.100
 train_frame_rate:  146
I1008 10:34:11.352169 46982735857472 run_miniworld.py:243] Data collection iteration 98.
I1008 10:40:00.778442 46982735857472 run_miniworld.py:250] Evaluation iteration 98.
I1008 10:40:23.402714 46982735857472 run_miniworld.py:267] iteration:  98
 frame: 4900000
 eval_episode_return:  0.00
 train_episode_return:  0.00
 train_exploration_epsilon: 0.100
 train_frame_rate:  143
I1008 10:41:10.242119 46982735857472 run_miniworld.py:243] Data collection iteration 99.
I1008 10:46:19.333816 46982735857472 run_miniworld.py:250] Evaluation iteration 99.
I1008 10:46:41.583207 46982735857472 run_miniworld.py:267] iteration:  99
 frame: 4950000
 eval_episode_return:  0.00
 train_episode_return:  0.00
 train_exploration_epsilon: 0.100
 train_frame_rate:  162
I1008 10:47:30.114065 46982735857472 run_miniworld.py:243] Data collection iteration 100.
I1008 10:52:43.334759 46982735857472 run_miniworld.py:250] Evaluation iteration 100.
I1008 10:53:05.739969 46982735857472 run_miniworld.py:267] iteration: 100
 frame: 5000000
 eval_episode_return:  0.00
 train_episode_return:  0.00
 train_exploration_epsilon: 0.100
 train_frame_rate:  160
I1008 10:53:52.097553 46982735857472 run_miniworld.py:243] Data collection iteration 101.
I1008 10:58:59.427115 46982735857472 run_miniworld.py:250] Evaluation iteration 101.
I1008 10:59:22.012840 46982735857472 run_miniworld.py:267] iteration: 101
 frame: 5050000
 eval_episode_return:  0.00
 train_episode_return:  0.00
 train_exploration_epsilon: 0.100
 train_frame_rate:  163
I1008 11:00:08.492539 46982735857472 run_miniworld.py:243] Data collection iteration 102.
I1008 11:05:16.668924 46982735857472 run_miniworld.py:250] Evaluation iteration 102.
I1008 11:05:38.928009 46982735857472 run_miniworld.py:267] iteration: 102
 frame: 5100000
 eval_episode_return:  0.00
 train_episode_return:  0.00
 train_exploration_epsilon: 0.100
 train_frame_rate:  162
I1008 11:06:26.618249 46982735857472 run_miniworld.py:243] Data collection iteration 103.
I1008 11:11:32.964024 46982735857472 run_miniworld.py:250] Evaluation iteration 103.
I1008 11:11:55.282992 46982735857472 run_miniworld.py:267] iteration: 103
 frame: 5150000
 eval_episode_return:  0.00
 train_episode_return:  0.00
 train_exploration_epsilon: 0.100
 train_frame_rate:  163
I1008 11:12:42.507491 46982735857472 run_miniworld.py:243] Data collection iteration 104.
I1008 11:17:49.870810 46982735857472 run_miniworld.py:250] Evaluation iteration 104.
I1008 11:18:12.385375 46982735857472 run_miniworld.py:267] iteration: 104
 frame: 5200000
 eval_episode_return:  0.00
 train_episode_return:  0.00
 train_exploration_epsilon: 0.100
 train_frame_rate:  163
I1008 11:18:58.943494 46982735857472 run_miniworld.py:243] Data collection iteration 105.
I1008 11:24:06.289529 46982735857472 run_miniworld.py:250] Evaluation iteration 105.
I1008 11:24:28.525563 46982735857472 run_miniworld.py:267] iteration: 105
 frame: 5250000
 eval_episode_return:  0.00
 train_episode_return:  0.04
 train_exploration_epsilon: 0.100
 train_frame_rate:  163
I1008 11:25:16.375730 46982735857472 run_miniworld.py:243] Data collection iteration 106.
I1008 11:30:24.411310 46982735857472 run_miniworld.py:250] Evaluation iteration 106.
I1008 11:30:46.738987 46982735857472 run_miniworld.py:267] iteration: 106
 frame: 5300000
 eval_episode_return:  0.00
 train_episode_return:  0.00
 train_exploration_epsilon: 0.100
 train_frame_rate:  162
I1008 11:31:33.839385 46982735857472 run_miniworld.py:243] Data collection iteration 107.
I1008 11:36:42.141959 46982735857472 run_miniworld.py:250] Evaluation iteration 107.
I1008 11:37:04.527040 46982735857472 run_miniworld.py:267] iteration: 107
 frame: 5350000
 eval_episode_return:  0.00
 train_episode_return:  0.00
 train_exploration_epsilon: 0.100
 train_frame_rate:  162
I1008 11:37:51.432636 46982735857472 run_miniworld.py:243] Data collection iteration 108.
I1008 11:42:58.959656 46982735857472 run_miniworld.py:250] Evaluation iteration 108.
I1008 11:43:21.066838 46982735857472 run_miniworld.py:267] iteration: 108
 frame: 5400000
 eval_episode_return:  0.00
 train_episode_return:  0.00
 train_exploration_epsilon: 0.100
 train_frame_rate:  163
I1008 11:44:07.935883 46982735857472 run_miniworld.py:243] Data collection iteration 109.
I1008 11:49:16.713543 46982735857472 run_miniworld.py:250] Evaluation iteration 109.
I1008 11:49:38.968140 46982735857472 run_miniworld.py:267] iteration: 109
 frame: 5450000
 eval_episode_return:  0.00
 train_episode_return:  0.00
 train_exploration_epsilon: 0.100
 train_frame_rate:  162
I1008 11:50:25.536496 46982735857472 run_miniworld.py:243] Data collection iteration 110.
I1008 11:55:33.252157 46982735857472 run_miniworld.py:250] Evaluation iteration 110.
I1008 11:55:55.533778 46982735857472 run_miniworld.py:267] iteration: 110
 frame: 5500000
 eval_episode_return:  0.00
 train_episode_return:  0.00
 train_exploration_epsilon: 0.100
 train_frame_rate:  162
I1008 11:56:42.932578 46982735857472 run_miniworld.py:243] Data collection iteration 111.
I1008 12:01:51.574382 46982735857472 run_miniworld.py:250] Evaluation iteration 111.
I1008 12:02:13.737771 46982735857472 run_miniworld.py:267] iteration: 111
 frame: 5550000
 eval_episode_return:  0.00
 train_episode_return:  0.00
 train_exploration_epsilon: 0.100
 train_frame_rate:  162
I1008 12:03:01.359325 46982735857472 run_miniworld.py:243] Data collection iteration 112.
I1008 12:08:09.089946 46982735857472 run_miniworld.py:250] Evaluation iteration 112.
I1008 12:08:31.347095 46982735857472 run_miniworld.py:267] iteration: 112
 frame: 5600000
 eval_episode_return:  0.00
 train_episode_return:  0.00
 train_exploration_epsilon: 0.100
 train_frame_rate:  162
I1008 12:09:19.529685 46982735857472 run_miniworld.py:243] Data collection iteration 113.
I1008 12:14:26.900427 46982735857472 run_miniworld.py:250] Evaluation iteration 113.
I1008 12:14:49.145013 46982735857472 run_miniworld.py:267] iteration: 113
 frame: 5650000
 eval_episode_return:  0.00
 train_episode_return:  0.00
 train_exploration_epsilon: 0.100
 train_frame_rate:  163
I1008 12:15:35.986706 46982735857472 run_miniworld.py:243] Data collection iteration 114.
I1008 12:20:44.167401 46982735857472 run_miniworld.py:250] Evaluation iteration 114.
I1008 12:21:06.526351 46982735857472 run_miniworld.py:267] iteration: 114
 frame: 5700000
 eval_episode_return:  0.00
 train_episode_return:  0.00
 train_exploration_epsilon: 0.100
 train_frame_rate:  162
I1008 12:21:53.048640 46982735857472 run_miniworld.py:243] Data collection iteration 115.
I1008 12:27:00.537993 46982735857472 run_miniworld.py:250] Evaluation iteration 115.
I1008 12:27:22.806008 46982735857472 run_miniworld.py:267] iteration: 115
 frame: 5750000
 eval_episode_return:  0.00
 train_episode_return:  0.00
 train_exploration_epsilon: 0.100
 train_frame_rate:  163
I1008 12:28:10.038439 46982735857472 run_miniworld.py:243] Data collection iteration 116.
I1008 12:33:28.279326 46982735857472 run_miniworld.py:250] Evaluation iteration 116.
I1008 12:33:50.781459 46982735857472 run_miniworld.py:267] iteration: 116
 frame: 5800000
 eval_episode_return:  0.00
 train_episode_return:  0.00
 train_exploration_epsilon: 0.100
 train_frame_rate:  157
I1008 12:34:37.196729 46982735857472 run_miniworld.py:243] Data collection iteration 117.
I1008 12:39:56.875542 46982735857472 run_miniworld.py:250] Evaluation iteration 117.
I1008 12:40:19.373979 46982735857472 run_miniworld.py:267] iteration: 117
 frame: 5850000
 eval_episode_return:  0.00
 train_episode_return:  0.00
 train_exploration_epsilon: 0.100
 train_frame_rate:  156
I1008 12:41:06.749618 46982735857472 run_miniworld.py:243] Data collection iteration 118.
I1008 12:46:24.965677 46982735857472 run_miniworld.py:250] Evaluation iteration 118.
I1008 12:46:47.342576 46982735857472 run_miniworld.py:267] iteration: 118
 frame: 5900000
 eval_episode_return:  0.00
 train_episode_return:  0.00
 train_exploration_epsilon: 0.100
 train_frame_rate:  157
I1008 12:47:34.464197 46982735857472 run_miniworld.py:243] Data collection iteration 119.
I1008 12:52:53.165496 46982735857472 run_miniworld.py:250] Evaluation iteration 119.
I1008 12:53:15.747807 46982735857472 run_miniworld.py:267] iteration: 119
 frame: 5950000
 eval_episode_return:  0.00
 train_episode_return:  0.00
 train_exploration_epsilon: 0.100
 train_frame_rate:  157
I1008 12:54:03.430141 46982735857472 run_miniworld.py:243] Data collection iteration 120.
I1008 12:59:22.979329 46982735857472 run_miniworld.py:250] Evaluation iteration 120.
I1008 12:59:45.587894 46982735857472 run_miniworld.py:267] iteration: 120
 frame: 6000000
 eval_episode_return:  0.00
 train_episode_return:  0.00
 train_exploration_epsilon: 0.100
 train_frame_rate:  156
I1008 13:00:32.609366 46982735857472 run_miniworld.py:243] Data collection iteration 121.
I1008 13:05:59.428798 46982735857472 run_miniworld.py:250] Evaluation iteration 121.
I1008 13:06:21.994918 46982735857472 run_miniworld.py:267] iteration: 121
 frame: 6050000
 eval_episode_return:  0.00
 train_episode_return:  0.00
 train_exploration_epsilon: 0.100
 train_frame_rate:  153
I1008 13:07:08.255667 46982735857472 run_miniworld.py:243] Data collection iteration 122.
I1008 13:12:25.705357 46982735857472 run_miniworld.py:250] Evaluation iteration 122.
I1008 13:12:48.075283 46982735857472 run_miniworld.py:267] iteration: 122
 frame: 6100000
 eval_episode_return:  0.00
 train_episode_return:  0.00
 train_exploration_epsilon: 0.100
 train_frame_rate:  158
I1008 13:13:35.351907 46982735857472 run_miniworld.py:243] Data collection iteration 123.
I1008 13:18:54.521097 46982735857472 run_miniworld.py:250] Evaluation iteration 123.
I1008 13:19:16.876083 46982735857472 run_miniworld.py:267] iteration: 123
 frame: 6150000
 eval_episode_return:  0.00
 train_episode_return:  0.00
 train_exploration_epsilon: 0.100
 train_frame_rate:  157
I1008 13:20:04.820360 46982735857472 run_miniworld.py:243] Data collection iteration 124.
I1008 13:25:22.895602 46982735857472 run_miniworld.py:250] Evaluation iteration 124.
I1008 13:25:45.378089 46982735857472 run_miniworld.py:267] iteration: 124
 frame: 6200000
 eval_episode_return:  0.00
 train_episode_return:  0.00
 train_exploration_epsilon: 0.100
 train_frame_rate:  157
I1008 13:26:33.975718 46982735857472 run_miniworld.py:243] Data collection iteration 125.
I1008 13:31:53.596239 46982735857472 run_miniworld.py:250] Evaluation iteration 125.
I1008 13:32:16.059875 46982735857472 run_miniworld.py:267] iteration: 125
 frame: 6250000
 eval_episode_return:  0.00
 train_episode_return:  0.00
 train_exploration_epsilon: 0.100
 train_frame_rate:  156
I1008 13:33:02.894491 46982735857472 run_miniworld.py:243] Data collection iteration 126.
I1008 13:38:21.243153 46982735857472 run_miniworld.py:250] Evaluation iteration 126.
I1008 13:38:43.647960 46982735857472 run_miniworld.py:267] iteration: 126
 frame: 6300000
 eval_episode_return:  0.00
 train_episode_return:  0.00
 train_exploration_epsilon: 0.100
 train_frame_rate:  157
I1008 13:39:30.501871 46982735857472 run_miniworld.py:243] Data collection iteration 127.
I1008 13:44:47.775668 46982735857472 run_miniworld.py:250] Evaluation iteration 127.
I1008 13:45:10.063528 46982735857472 run_miniworld.py:267] iteration: 127
 frame: 6350000
 eval_episode_return:  0.00
 train_episode_return:  0.00
 train_exploration_epsilon: 0.100
 train_frame_rate:  158
I1008 13:45:58.419844 46982735857472 run_miniworld.py:243] Data collection iteration 128.
I1008 13:51:15.218859 46982735857472 run_miniworld.py:250] Evaluation iteration 128.
I1008 13:51:37.834019 46982735857472 run_miniworld.py:267] iteration: 128
 frame: 6400000
 eval_episode_return:  0.00
 train_episode_return:  0.00
 train_exploration_epsilon: 0.100
 train_frame_rate:  158
I1008 13:52:24.719697 46982735857472 run_miniworld.py:243] Data collection iteration 129.
I1008 13:57:41.274953 46982735857472 run_miniworld.py:250] Evaluation iteration 129.
I1008 13:58:03.840844 46982735857472 run_miniworld.py:267] iteration: 129
 frame: 6450000
 eval_episode_return:  0.00
 train_episode_return:  0.00
 train_exploration_epsilon: 0.100
 train_frame_rate:  158
I1008 13:58:51.483978 46982735857472 run_miniworld.py:243] Data collection iteration 130.
I1008 14:04:07.363677 46982735857472 run_miniworld.py:250] Evaluation iteration 130.
I1008 14:04:29.926275 46982735857472 run_miniworld.py:267] iteration: 130
 frame: 6500000
 eval_episode_return:  0.00
 train_episode_return:  0.00
 train_exploration_epsilon: 0.100
 train_frame_rate:  158
I1008 14:05:16.421739 46982735857472 run_miniworld.py:243] Data collection iteration 131.
I1008 14:10:38.375057 46982735857472 run_miniworld.py:250] Evaluation iteration 131.
I1008 14:11:00.883804 46982735857472 run_miniworld.py:267] iteration: 131
 frame: 6550000
 eval_episode_return:  0.00
 train_episode_return:  0.00
 train_exploration_epsilon: 0.100
 train_frame_rate:  155
I1008 14:11:47.179014 46982735857472 run_miniworld.py:243] Data collection iteration 132.
I1008 14:17:02.594193 46982735857472 run_miniworld.py:250] Evaluation iteration 132.
I1008 14:17:25.043926 46982735857472 run_miniworld.py:267] iteration: 132
 frame: 6600000
 eval_episode_return:  0.00
 train_episode_return:  0.00
 train_exploration_epsilon: 0.100
 train_frame_rate:  159
I1008 14:18:12.136071 46982735857472 run_miniworld.py:243] Data collection iteration 133.
I1008 14:23:28.894535 46982735857472 run_miniworld.py:250] Evaluation iteration 133.
I1008 14:23:51.415364 46982735857472 run_miniworld.py:267] iteration: 133
 frame: 6650000
 eval_episode_return:  0.00
 train_episode_return:  0.00
 train_exploration_epsilon: 0.100
 train_frame_rate:  158
I1008 14:24:37.973933 46982735857472 run_miniworld.py:243] Data collection iteration 134.
I1008 14:29:54.175563 46982735857472 run_miniworld.py:250] Evaluation iteration 134.
I1008 14:30:16.769925 46982735857472 run_miniworld.py:267] iteration: 134
 frame: 6700000
 eval_episode_return:  0.00
 train_episode_return:  0.00
 train_exploration_epsilon: 0.100
 train_frame_rate:  158
I1008 14:31:04.705968 46982735857472 run_miniworld.py:243] Data collection iteration 135.
I1008 14:36:21.030104 46982735857472 run_miniworld.py:250] Evaluation iteration 135.
I1008 14:36:43.461704 46982735857472 run_miniworld.py:267] iteration: 135
 frame: 6750000
 eval_episode_return:  0.00
 train_episode_return:  0.00
 train_exploration_epsilon: 0.100
 train_frame_rate:  158
I1008 14:37:31.212992 46982735857472 run_miniworld.py:243] Data collection iteration 136.
I1008 14:42:46.638790 46982735857472 run_miniworld.py:250] Evaluation iteration 136.
I1008 14:43:09.154935 46982735857472 run_miniworld.py:267] iteration: 136
 frame: 6800000
 eval_episode_return:  0.00
 train_episode_return:  0.00
 train_exploration_epsilon: 0.100
 train_frame_rate:  159
I1008 14:43:56.113900 46982735857472 run_miniworld.py:243] Data collection iteration 137.
I1008 14:49:12.970993 46982735857472 run_miniworld.py:250] Evaluation iteration 137.
I1008 14:49:35.501742 46982735857472 run_miniworld.py:267] iteration: 137
 frame: 6850000
 eval_episode_return:  0.00
 train_episode_return:  0.00
 train_exploration_epsilon: 0.100
 train_frame_rate:  158
I1008 14:50:23.206046 46982735857472 run_miniworld.py:243] Data collection iteration 138.
I1008 14:55:38.609847 46982735857472 run_miniworld.py:250] Evaluation iteration 138.
I1008 14:56:01.122624 46982735857472 run_miniworld.py:267] iteration: 138
 frame: 6900000
 eval_episode_return:  0.00
 train_episode_return:  0.00
 train_exploration_epsilon: 0.100
 train_frame_rate:  159
I1008 14:56:48.080022 46982735857472 run_miniworld.py:243] Data collection iteration 139.
I1008 15:02:05.568899 46982735857472 run_miniworld.py:250] Evaluation iteration 139.
I1008 15:02:27.839303 46982735857472 run_miniworld.py:267] iteration: 139
 frame: 6950000
 eval_episode_return:  0.00
 train_episode_return:  0.00
 train_exploration_epsilon: 0.100
 train_frame_rate:  157
I1008 15:03:15.825115 46982735857472 run_miniworld.py:243] Data collection iteration 140.
I1008 15:08:32.079691 46982735857472 run_miniworld.py:250] Evaluation iteration 140.
I1008 15:08:54.401395 46982735857472 run_miniworld.py:267] iteration: 140
 frame: 7000000
 eval_episode_return:  0.00
 train_episode_return:  0.00
 train_exploration_epsilon: 0.100
 train_frame_rate:  158
I1008 15:09:41.302546 46982735857472 run_miniworld.py:243] Data collection iteration 141.
I1008 15:14:58.409141 46982735857472 run_miniworld.py:250] Evaluation iteration 141.
I1008 15:15:21.136015 46982735857472 run_miniworld.py:267] iteration: 141
 frame: 7050000
 eval_episode_return:  0.00
 train_episode_return:  0.00
 train_exploration_epsilon: 0.100
 train_frame_rate:  158
I1008 15:16:09.786689 46982735857472 run_miniworld.py:243] Data collection iteration 142.
I1008 15:21:25.954266 46982735857472 run_miniworld.py:250] Evaluation iteration 142.
I1008 15:21:48.425330 46982735857472 run_miniworld.py:267] iteration: 142
 frame: 7100000
 eval_episode_return:  0.00
 train_episode_return:  0.00
 train_exploration_epsilon: 0.100
 train_frame_rate:  158
I1008 15:22:37.473886 46982735857472 run_miniworld.py:243] Data collection iteration 143.
I1008 15:27:59.895882 46982735857472 run_miniworld.py:250] Evaluation iteration 143.
I1008 15:28:22.463986 46982735857472 run_miniworld.py:267] iteration: 143
 frame: 7150000
 eval_episode_return:  0.00
 train_episode_return:  0.00
 train_exploration_epsilon: 0.100
 train_frame_rate:  155
I1008 15:29:09.498461 46982735857472 run_miniworld.py:243] Data collection iteration 144.
I1008 15:34:24.303758 46982735857472 run_miniworld.py:250] Evaluation iteration 144.
I1008 15:34:46.921755 46982735857472 run_miniworld.py:267] iteration: 144
 frame: 7200000
 eval_episode_return:  0.00
 train_episode_return:  0.00
 train_exploration_epsilon: 0.100
 train_frame_rate:  159
I1008 15:35:34.006103 46982735857472 run_miniworld.py:243] Data collection iteration 145.
I1008 15:40:50.293034 46982735857472 run_miniworld.py:250] Evaluation iteration 145.
I1008 15:41:12.670175 46982735857472 run_miniworld.py:267] iteration: 145
 frame: 7250000
 eval_episode_return:  0.00
 train_episode_return:  0.00
 train_exploration_epsilon: 0.100
 train_frame_rate:  158
I1008 15:42:00.655339 46982735857472 run_miniworld.py:243] Data collection iteration 146.
I1008 15:47:17.665656 46982735857472 run_miniworld.py:250] Evaluation iteration 146.
I1008 15:47:40.281510 46982735857472 run_miniworld.py:267] iteration: 146
 frame: 7300000
 eval_episode_return:  0.00
 train_episode_return:  0.00
 train_exploration_epsilon: 0.100
 train_frame_rate:  158
I1008 15:48:27.327911 46982735857472 run_miniworld.py:243] Data collection iteration 147.
I1008 15:53:43.765063 46982735857472 run_miniworld.py:250] Evaluation iteration 147.
I1008 15:54:06.181101 46982735857472 run_miniworld.py:267] iteration: 147
 frame: 7350000
 eval_episode_return:  0.00
 train_episode_return:  0.00
 train_exploration_epsilon: 0.100
 train_frame_rate:  158
I1008 15:54:53.577115 46982735857472 run_miniworld.py:243] Data collection iteration 148.
I1008 16:00:09.231759 46982735857472 run_miniworld.py:250] Evaluation iteration 148.
I1008 16:00:31.789618 46982735857472 run_miniworld.py:267] iteration: 148
 frame: 7400000
 eval_episode_return:  0.00
 train_episode_return:  0.00
 train_exploration_epsilon: 0.100
 train_frame_rate:  158
I1008 16:01:19.072296 46982735857472 run_miniworld.py:243] Data collection iteration 149.
I1008 16:06:36.356191 46982735857472 run_miniworld.py:250] Evaluation iteration 149.
I1008 16:06:58.915145 46982735857472 run_miniworld.py:267] iteration: 149
 frame: 7450000
 eval_episode_return:  0.00
 train_episode_return:  0.00
 train_exploration_epsilon: 0.100
 train_frame_rate:  158
I1008 16:07:45.763592 46982735857472 run_miniworld.py:243] Data collection iteration 150.
I1008 16:13:01.265319 46982735857472 run_miniworld.py:250] Evaluation iteration 150.
I1008 16:13:23.804418 46982735857472 run_miniworld.py:267] iteration: 150
 frame: 7500000
 eval_episode_return:  0.00
 train_episode_return:  0.00
 train_exploration_epsilon: 0.100
 train_frame_rate:  158
I1008 16:14:11.225097 46982735857472 run_miniworld.py:243] Data collection iteration 151.
I1008 16:19:31.989745 46982735857472 run_miniworld.py:250] Evaluation iteration 151.
I1008 16:19:54.434470 46982735857472 run_miniworld.py:267] iteration: 151
 frame: 7550000
 eval_episode_return:  0.00
 train_episode_return:  0.00
 train_exploration_epsilon: 0.100
 train_frame_rate:  156
I1008 16:20:40.868391 46982735857472 run_miniworld.py:243] Data collection iteration 152.
I1008 16:25:54.456684 46982735857472 run_miniworld.py:250] Evaluation iteration 152.
I1008 16:26:16.764316 46982735857472 run_miniworld.py:267] iteration: 152
 frame: 7600000
 eval_episode_return:  0.00
 train_episode_return:  0.00
 train_exploration_epsilon: 0.100
 train_frame_rate:  159
I1008 16:27:03.935598 46982735857472 run_miniworld.py:243] Data collection iteration 153.
I1008 16:32:21.846944 46982735857472 run_miniworld.py:250] Evaluation iteration 153.
I1008 16:32:44.301232 46982735857472 run_miniworld.py:267] iteration: 153
 frame: 7650000
 eval_episode_return:  0.00
 train_episode_return:  0.00
 train_exploration_epsilon: 0.100
 train_frame_rate:  157
I1008 16:33:31.110108 46982735857472 run_miniworld.py:243] Data collection iteration 154.
I1008 16:38:50.412760 46982735857472 run_miniworld.py:250] Evaluation iteration 154.
I1008 16:39:12.966581 46982735857472 run_miniworld.py:267] iteration: 154
 frame: 7700000
 eval_episode_return:  0.00
 train_episode_return:  0.00
 train_exploration_epsilon: 0.100
 train_frame_rate:  157
I1008 16:40:01.398374 46982735857472 run_miniworld.py:243] Data collection iteration 155.
I1008 16:45:20.266336 46982735857472 run_miniworld.py:250] Evaluation iteration 155.
I1008 16:45:42.726767 46982735857472 run_miniworld.py:267] iteration: 155
 frame: 7750000
 eval_episode_return:  0.00
 train_episode_return:  0.00
 train_exploration_epsilon: 0.100
 train_frame_rate:  157
I1008 16:46:29.537937 46982735857472 run_miniworld.py:243] Data collection iteration 156.
I1008 16:51:48.109691 46982735857472 run_miniworld.py:250] Evaluation iteration 156.
I1008 16:52:10.766374 46982735857472 run_miniworld.py:267] iteration: 156
 frame: 7800000
 eval_episode_return:  0.00
 train_episode_return:  0.00
 train_exploration_epsilon: 0.100
 train_frame_rate:  157
