I1008 00:02:19.313077 47058921510720 xla_bridge.py:355] Unable to initialize backend 'tpu_driver': NOT_FOUND: Unable to find driver in registry given worker: 
I1008 00:02:19.436793 47058921510720 xla_bridge.py:355] Unable to initialize backend 'rocm': NOT_FOUND: Could not find registered platform with name: "rocm". Available platform names are: CUDA Host Interpreter
I1008 00:02:19.437284 47058921510720 xla_bridge.py:355] Unable to initialize backend 'tpu': module 'jaxlib.xla_extension' has no attribute 'get_tpu_client'
I1008 00:02:19.437422 47058921510720 xla_bridge.py:355] Unable to initialize backend 'plugin': xla_extension has no attributes named get_plugin_device_client. Compile TensorFlow with //tensorflow/compiler/xla/python:enable_plugin_device set to true (defaults to false) to enable this.
I1008 00:02:19.437539 47058921510720 run_miniworld.py:102] Collecting data on MiniWorld on gpu.
I1008 00:02:22.390362 47058921510720 run_miniworld.py:138] Observation shape: (60, 80, 3)
I1008 00:02:34.835604 47058921510720 run_miniworld.py:243] Data collection iteration 0.
I1008 00:04:00.754285 47058921510720 run_miniworld.py:250] Evaluation iteration 0.
/home/mklissa/DCEO/lib/python3.8/site-packages/distrax/_src/distributions/categorical.py:96: UserWarning: Explicitly requested dtype <class 'jax.numpy.int64'> requested in astype is not available, and will be truncated to dtype int32. To enable more dtypes, set the jax_enable_x64 configuration option or the JAX_ENABLE_X64 shell environment variable. See https://github.com/google/jax#current-gotchas for more.
  return draws.astype(self._dtype)
I1008 00:04:22.968381 47058921510720 run_miniworld.py:267] iteration:   0
 frame:     0
 eval_episode_return:  0.00
 train_episode_return:  0.00
 train_exploration_epsilon: 1.000
 train_frame_rate:  582
I1008 00:05:08.702597 47058921510720 run_miniworld.py:243] Data collection iteration 1.
I1008 00:05:08.788825 47058921510720 dceo_agent.py:296] Begin learning
I1008 00:10:00.703472 47058921510720 run_miniworld.py:250] Evaluation iteration 1.
I1008 00:10:22.700475 47058921510720 run_miniworld.py:267] iteration:   1
 frame: 50000
 eval_episode_return:  0.00
 train_episode_return:  0.08
 train_exploration_epsilon: 0.978
 train_frame_rate:  171
I1008 00:11:07.707241 47058921510720 run_miniworld.py:243] Data collection iteration 2.
I1008 00:15:51.958848 47058921510720 run_miniworld.py:250] Evaluation iteration 2.
I1008 00:16:13.887537 47058921510720 run_miniworld.py:267] iteration:   2
 frame: 100000
 eval_episode_return:  0.00
 train_episode_return:  0.00
 train_exploration_epsilon: 0.955
 train_frame_rate:  176
I1008 00:16:59.099169 47058921510720 run_miniworld.py:243] Data collection iteration 3.
I1008 00:21:41.716934 47058921510720 run_miniworld.py:250] Evaluation iteration 3.
I1008 00:22:03.538923 47058921510720 run_miniworld.py:267] iteration:   3
 frame: 150000
 eval_episode_return:  0.00
 train_episode_return:  0.00
 train_exploration_epsilon: 0.933
 train_frame_rate:  177
I1008 00:22:48.670031 47058921510720 run_miniworld.py:243] Data collection iteration 4.
I1008 00:27:32.702409 47058921510720 run_miniworld.py:250] Evaluation iteration 4.
I1008 00:27:54.598803 47058921510720 run_miniworld.py:267] iteration:   4
 frame: 200000
 eval_episode_return:  0.00
 train_episode_return:  0.00
 train_exploration_epsilon: 0.910
 train_frame_rate:  176
I1008 00:28:39.697035 47058921510720 run_miniworld.py:243] Data collection iteration 5.
I1008 00:33:25.071261 47058921510720 run_miniworld.py:250] Evaluation iteration 5.
I1008 00:33:46.819321 47058921510720 run_miniworld.py:267] iteration:   5
 frame: 250000
 eval_episode_return:  0.00
 train_episode_return:  0.00
 train_exploration_epsilon: 0.888
 train_frame_rate:  175
I1008 00:34:31.728101 47058921510720 run_miniworld.py:243] Data collection iteration 6.
I1008 00:39:21.879674 47058921510720 run_miniworld.py:250] Evaluation iteration 6.
I1008 00:39:43.688370 47058921510720 run_miniworld.py:267] iteration:   6
 frame: 300000
 eval_episode_return:  0.00
 train_episode_return:  0.00
 train_exploration_epsilon: 0.865
 train_frame_rate:  172
I1008 00:40:27.785604 47058921510720 run_miniworld.py:243] Data collection iteration 7.
I1008 00:45:18.911354 47058921510720 run_miniworld.py:250] Evaluation iteration 7.
I1008 00:45:40.800773 47058921510720 run_miniworld.py:267] iteration:   7
 frame: 350000
 eval_episode_return:  0.00
 train_episode_return:  0.00
 train_exploration_epsilon: 0.843
 train_frame_rate:  172
I1008 00:46:26.663592 47058921510720 run_miniworld.py:243] Data collection iteration 8.
I1008 00:51:19.481694 47058921510720 run_miniworld.py:250] Evaluation iteration 8.
I1008 00:51:41.508709 47058921510720 run_miniworld.py:267] iteration:   8
 frame: 400000
 eval_episode_return:  0.00
 train_episode_return:  0.00
 train_exploration_epsilon: 0.820
 train_frame_rate:  171
I1008 00:52:26.966499 47058921510720 run_miniworld.py:243] Data collection iteration 9.
I1008 00:57:21.527951 47058921510720 run_miniworld.py:250] Evaluation iteration 9.
I1008 00:57:43.300040 47058921510720 run_miniworld.py:267] iteration:   9
 frame: 450000
 eval_episode_return:  0.00
 train_episode_return:  0.00
 train_exploration_epsilon: 0.798
 train_frame_rate:  170
I1008 00:58:29.056051 47058921510720 run_miniworld.py:243] Data collection iteration 10.
I1008 01:03:25.374463 47058921510720 run_miniworld.py:250] Evaluation iteration 10.
I1008 01:03:47.095829 47058921510720 run_miniworld.py:267] iteration:  10
 frame: 500000
 eval_episode_return:  0.00
 train_episode_return:  0.00
 train_exploration_epsilon: 0.775
 train_frame_rate:  169
I1008 01:04:33.102696 47058921510720 run_miniworld.py:243] Data collection iteration 11.
I1008 01:09:31.981966 47058921510720 run_miniworld.py:250] Evaluation iteration 11.
I1008 01:09:53.769504 47058921510720 run_miniworld.py:267] iteration:  11
 frame: 550000
 eval_episode_return:  0.00
 train_episode_return:  0.00
 train_exploration_epsilon: 0.753
 train_frame_rate:  167
I1008 01:10:40.357350 47058921510720 run_miniworld.py:243] Data collection iteration 12.
I1008 01:15:42.195520 47058921510720 run_miniworld.py:250] Evaluation iteration 12.
I1008 01:16:04.054726 47058921510720 run_miniworld.py:267] iteration:  12
 frame: 600000
 eval_episode_return:  0.00
 train_episode_return:  0.00
 train_exploration_epsilon: 0.730
 train_frame_rate:  166
I1008 01:16:50.116760 47058921510720 run_miniworld.py:243] Data collection iteration 13.
I1008 01:21:52.345639 47058921510720 run_miniworld.py:250] Evaluation iteration 13.
I1008 01:22:14.146039 47058921510720 run_miniworld.py:267] iteration:  13
 frame: 650000
 eval_episode_return:  0.00
 train_episode_return:  0.00
 train_exploration_epsilon: 0.708
 train_frame_rate:  165
I1008 01:23:00.248590 47058921510720 run_miniworld.py:243] Data collection iteration 14.
I1008 01:28:03.533501 47058921510720 run_miniworld.py:250] Evaluation iteration 14.
I1008 01:28:25.180984 47058921510720 run_miniworld.py:267] iteration:  14
 frame: 700000
 eval_episode_return:  0.00
 train_episode_return:  0.00
 train_exploration_epsilon: 0.685
 train_frame_rate:  165
I1008 01:29:11.379572 47058921510720 run_miniworld.py:243] Data collection iteration 15.
I1008 01:34:15.199467 47058921510720 run_miniworld.py:250] Evaluation iteration 15.
I1008 01:34:36.698394 47058921510720 run_miniworld.py:267] iteration:  15
 frame: 750000
 eval_episode_return:  0.00
 train_episode_return:  0.00
 train_exploration_epsilon: 0.663
 train_frame_rate:  165
I1008 01:35:22.240329 47058921510720 run_miniworld.py:243] Data collection iteration 16.
I1008 01:40:30.029628 47058921510720 run_miniworld.py:250] Evaluation iteration 16.
I1008 01:40:51.774509 47058921510720 run_miniworld.py:267] iteration:  16
 frame: 800000
 eval_episode_return:  0.00
 train_episode_return:  0.00
 train_exploration_epsilon: 0.640
 train_frame_rate:  162
I1008 01:41:37.906045 47058921510720 run_miniworld.py:243] Data collection iteration 17.
I1008 01:46:44.511204 47058921510720 run_miniworld.py:250] Evaluation iteration 17.
I1008 01:47:06.183089 47058921510720 run_miniworld.py:267] iteration:  17
 frame: 850000
 eval_episode_return:  0.00
 train_episode_return:  0.00
 train_exploration_epsilon: 0.618
 train_frame_rate:  163
I1008 01:47:52.061309 47058921510720 run_miniworld.py:243] Data collection iteration 18.
I1008 01:53:01.694699 47058921510720 run_miniworld.py:250] Evaluation iteration 18.
I1008 01:53:23.347972 47058921510720 run_miniworld.py:267] iteration:  18
 frame: 900000
 eval_episode_return:  0.00
 train_episode_return:  0.00
 train_exploration_epsilon: 0.595
 train_frame_rate:  161
I1008 01:54:09.379826 47058921510720 run_miniworld.py:243] Data collection iteration 19.
I1008 01:59:18.104297 47058921510720 run_miniworld.py:250] Evaluation iteration 19.
I1008 01:59:39.924453 47058921510720 run_miniworld.py:267] iteration:  19
 frame: 950000
 eval_episode_return:  0.00
 train_episode_return:  0.00
 train_exploration_epsilon: 0.573
 train_frame_rate:  162
I1008 02:00:26.422545 47058921510720 run_miniworld.py:243] Data collection iteration 20.
I1008 02:05:37.564750 47058921510720 run_miniworld.py:250] Evaluation iteration 20.
I1008 02:05:59.142164 47058921510720 run_miniworld.py:267] iteration:  20
 frame: 1000000
 eval_episode_return:  0.00
 train_episode_return:  0.00
 train_exploration_epsilon: 0.550
 train_frame_rate:  161
I1008 02:06:46.531771 47058921510720 run_miniworld.py:243] Data collection iteration 21.
I1008 02:11:59.006287 47058921510720 run_miniworld.py:250] Evaluation iteration 21.
I1008 02:12:20.744318 47058921510720 run_miniworld.py:267] iteration:  21
 frame: 1050000
 eval_episode_return:  0.00
 train_episode_return:  0.00
 train_exploration_epsilon: 0.528
 train_frame_rate:  160
I1008 02:13:06.681417 47058921510720 run_miniworld.py:243] Data collection iteration 22.
I1008 02:18:20.219272 47058921510720 run_miniworld.py:250] Evaluation iteration 22.
I1008 02:18:42.004982 47058921510720 run_miniworld.py:267] iteration:  22
 frame: 1100000
 eval_episode_return:  0.00
 train_episode_return:  0.00
 train_exploration_epsilon: 0.505
 train_frame_rate:  159
I1008 02:19:28.206061 47058921510720 run_miniworld.py:243] Data collection iteration 23.
I1008 02:24:40.614655 47058921510720 run_miniworld.py:250] Evaluation iteration 23.
I1008 02:25:02.386392 47058921510720 run_miniworld.py:267] iteration:  23
 frame: 1150000
 eval_episode_return:  0.00
 train_episode_return:  0.00
 train_exploration_epsilon: 0.483
 train_frame_rate:  160
I1008 02:25:48.383975 47058921510720 run_miniworld.py:243] Data collection iteration 24.
I1008 02:31:00.122969 47058921510720 run_miniworld.py:250] Evaluation iteration 24.
I1008 02:31:21.943148 47058921510720 run_miniworld.py:267] iteration:  24
 frame: 1200000
 eval_episode_return:  0.00
 train_episode_return:  0.00
 train_exploration_epsilon: 0.460
 train_frame_rate:  160
I1008 02:32:08.327826 47058921510720 run_miniworld.py:243] Data collection iteration 25.
I1008 02:37:17.639313 47058921510720 run_miniworld.py:250] Evaluation iteration 25.
I1008 02:37:39.277905 47058921510720 run_miniworld.py:267] iteration:  25
 frame: 1250000
 eval_episode_return:  0.00
 train_episode_return:  0.00
 train_exploration_epsilon: 0.438
 train_frame_rate:  162
I1008 02:38:25.118826 47058921510720 run_miniworld.py:243] Data collection iteration 26.
I1008 02:43:35.755599 47058921510720 run_miniworld.py:250] Evaluation iteration 26.
I1008 02:43:57.633633 47058921510720 run_miniworld.py:267] iteration:  26
 frame: 1300000
 eval_episode_return:  0.00
 train_episode_return:  0.00
 train_exploration_epsilon: 0.415
 train_frame_rate:  161
I1008 02:44:44.224240 47058921510720 run_miniworld.py:243] Data collection iteration 27.
I1008 02:49:54.985516 47058921510720 run_miniworld.py:250] Evaluation iteration 27.
I1008 02:50:16.757587 47058921510720 run_miniworld.py:267] iteration:  27
 frame: 1350000
 eval_episode_return:  0.00
 train_episode_return:  0.00
 train_exploration_epsilon: 0.393
 train_frame_rate:  161
I1008 02:51:04.494809 47058921510720 run_miniworld.py:243] Data collection iteration 28.
I1008 02:56:19.690281 47058921510720 run_miniworld.py:250] Evaluation iteration 28.
I1008 02:56:41.632448 47058921510720 run_miniworld.py:267] iteration:  28
 frame: 1400000
 eval_episode_return:  0.00
 train_episode_return:  0.00
 train_exploration_epsilon: 0.370
 train_frame_rate:  159
I1008 02:57:26.902841 47058921510720 run_miniworld.py:243] Data collection iteration 29.
I1008 03:02:36.450595 47058921510720 run_miniworld.py:250] Evaluation iteration 29.
I1008 03:02:58.173623 47058921510720 run_miniworld.py:267] iteration:  29
 frame: 1450000
 eval_episode_return:  0.00
 train_episode_return:  0.00
 train_exploration_epsilon: 0.348
 train_frame_rate:  162
I1008 03:03:44.023226 47058921510720 run_miniworld.py:243] Data collection iteration 30.
I1008 03:08:55.632155 47058921510720 run_miniworld.py:250] Evaluation iteration 30.
I1008 03:09:17.342061 47058921510720 run_miniworld.py:267] iteration:  30
 frame: 1500000
 eval_episode_return:  0.00
 train_episode_return:  0.00
 train_exploration_epsilon: 0.325
 train_frame_rate:  160
I1008 03:10:04.255813 47058921510720 run_miniworld.py:243] Data collection iteration 31.
I1008 03:15:13.931605 47058921510720 run_miniworld.py:250] Evaluation iteration 31.
I1008 03:15:35.873498 47058921510720 run_miniworld.py:267] iteration:  31
 frame: 1550000
 eval_episode_return:  0.00
 train_episode_return:  0.00
 train_exploration_epsilon: 0.303
 train_frame_rate:  161
I1008 03:16:21.550111 47058921510720 run_miniworld.py:243] Data collection iteration 32.
I1008 03:21:32.808019 47058921510720 run_miniworld.py:250] Evaluation iteration 32.
I1008 03:21:54.819402 47058921510720 run_miniworld.py:267] iteration:  32
 frame: 1600000
 eval_episode_return:  0.00
 train_episode_return:  0.00
 train_exploration_epsilon: 0.280
 train_frame_rate:  161
I1008 03:22:41.533853 47058921510720 run_miniworld.py:243] Data collection iteration 33.
I1008 03:27:50.594539 47058921510720 run_miniworld.py:250] Evaluation iteration 33.
I1008 03:28:12.568148 47058921510720 run_miniworld.py:267] iteration:  33
 frame: 1650000
 eval_episode_return:  0.00
 train_episode_return:  0.00
 train_exploration_epsilon: 0.258
 train_frame_rate:  162
I1008 03:28:58.199004 47058921510720 run_miniworld.py:243] Data collection iteration 34.
I1008 03:34:12.960843 47058921510720 run_miniworld.py:250] Evaluation iteration 34.
I1008 03:34:35.384466 47058921510720 run_miniworld.py:267] iteration:  34
 frame: 1700000
 eval_episode_return:  0.00
 train_episode_return:  0.00
 train_exploration_epsilon: 0.235
 train_frame_rate:  159
I1008 03:35:20.883965 47058921510720 run_miniworld.py:243] Data collection iteration 35.
I1008 03:40:30.554528 47058921510720 run_miniworld.py:250] Evaluation iteration 35.
I1008 03:40:53.083745 47058921510720 run_miniworld.py:267] iteration:  35
 frame: 1750000
 eval_episode_return:  0.00
 train_episode_return:  0.00
 train_exploration_epsilon: 0.213
 train_frame_rate:  161
I1008 03:41:39.090839 47058921510720 run_miniworld.py:243] Data collection iteration 36.
I1008 03:46:50.459038 47058921510720 run_miniworld.py:250] Evaluation iteration 36.
I1008 03:47:13.092029 47058921510720 run_miniworld.py:267] iteration:  36
 frame: 1800000
 eval_episode_return:  0.00
 train_episode_return:  0.00
 train_exploration_epsilon: 0.190
 train_frame_rate:  161
I1008 03:47:59.876516 47058921510720 run_miniworld.py:243] Data collection iteration 37.
I1008 03:53:11.410474 47058921510720 run_miniworld.py:250] Evaluation iteration 37.
I1008 03:53:34.016278 47058921510720 run_miniworld.py:267] iteration:  37
 frame: 1850000
 eval_episode_return:  0.00
 train_episode_return:  0.00
 train_exploration_epsilon: 0.168
 train_frame_rate:  160
I1008 03:54:20.018261 47058921510720 run_miniworld.py:243] Data collection iteration 38.
I1008 03:59:32.418043 47058921510720 run_miniworld.py:250] Evaluation iteration 38.
I1008 03:59:55.217567 47058921510720 run_miniworld.py:267] iteration:  38
 frame: 1900000
 eval_episode_return:  0.00
 train_episode_return:  0.00
 train_exploration_epsilon: 0.145
 train_frame_rate:  160
I1008 04:00:41.468191 47058921510720 run_miniworld.py:243] Data collection iteration 39.
I1008 04:05:52.671777 47058921510720 run_miniworld.py:250] Evaluation iteration 39.
I1008 04:06:15.614042 47058921510720 run_miniworld.py:267] iteration:  39
 frame: 1950000
 eval_episode_return:  0.00
 train_episode_return:  0.00
 train_exploration_epsilon: 0.123
 train_frame_rate:  161
I1008 04:07:01.406646 47058921510720 run_miniworld.py:243] Data collection iteration 40.
I1008 04:12:13.582412 47058921510720 run_miniworld.py:250] Evaluation iteration 40.
I1008 04:12:36.271066 47058921510720 run_miniworld.py:267] iteration:  40
 frame: 2000000
 eval_episode_return:  0.00
 train_episode_return:  0.00
 train_exploration_epsilon: 0.100
 train_frame_rate:  160
I1008 04:13:23.269535 47058921510720 run_miniworld.py:243] Data collection iteration 41.
I1008 04:18:34.990726 47058921510720 run_miniworld.py:250] Evaluation iteration 41.
I1008 04:18:57.676184 47058921510720 run_miniworld.py:267] iteration:  41
 frame: 2050000
 eval_episode_return:  0.00
 train_episode_return:  0.00
 train_exploration_epsilon: 0.100
 train_frame_rate:  160
I1008 04:19:43.485151 47058921510720 run_miniworld.py:243] Data collection iteration 42.
I1008 04:24:55.945142 47058921510720 run_miniworld.py:250] Evaluation iteration 42.
I1008 04:25:18.636298 47058921510720 run_miniworld.py:267] iteration:  42
 frame: 2100000
 eval_episode_return:  0.00
 train_episode_return:  0.00
 train_exploration_epsilon: 0.100
 train_frame_rate:  160
I1008 04:26:05.960277 47058921510720 run_miniworld.py:243] Data collection iteration 43.
I1008 04:31:17.651865 47058921510720 run_miniworld.py:250] Evaluation iteration 43.
I1008 04:31:40.126784 47058921510720 run_miniworld.py:267] iteration:  43
 frame: 2150000
 eval_episode_return:  0.00
 train_episode_return:  0.00
 train_exploration_epsilon: 0.100
 train_frame_rate:  160
I1008 04:32:25.821275 47058921510720 run_miniworld.py:243] Data collection iteration 44.
I1008 04:37:39.030814 47058921510720 run_miniworld.py:250] Evaluation iteration 44.
I1008 04:38:01.698918 47058921510720 run_miniworld.py:267] iteration:  44
 frame: 2200000
 eval_episode_return:  0.00
 train_episode_return:  0.00
 train_exploration_epsilon: 0.100
 train_frame_rate:  160
I1008 04:38:49.728545 47058921510720 run_miniworld.py:243] Data collection iteration 45.
I1008 04:44:01.878141 47058921510720 run_miniworld.py:250] Evaluation iteration 45.
I1008 04:44:24.425440 47058921510720 run_miniworld.py:267] iteration:  45
 frame: 2250000
 eval_episode_return:  0.00
 train_episode_return:  0.00
 train_exploration_epsilon: 0.100
 train_frame_rate:  160
I1008 04:45:10.560251 47058921510720 run_miniworld.py:243] Data collection iteration 46.
I1008 04:50:24.456527 47058921510720 run_miniworld.py:250] Evaluation iteration 46.
I1008 04:50:47.395780 47058921510720 run_miniworld.py:267] iteration:  46
 frame: 2300000
 eval_episode_return:  0.00
 train_episode_return:  0.00
 train_exploration_epsilon: 0.100
 train_frame_rate:  159
I1008 04:51:33.734731 47058921510720 run_miniworld.py:243] Data collection iteration 47.
I1008 04:56:47.093864 47058921510720 run_miniworld.py:250] Evaluation iteration 47.
I1008 04:57:09.661404 47058921510720 run_miniworld.py:267] iteration:  47
 frame: 2350000
 eval_episode_return:  0.00
 train_episode_return:  0.00
 train_exploration_epsilon: 0.100
 train_frame_rate:  160
I1008 04:57:55.533244 47058921510720 run_miniworld.py:243] Data collection iteration 48.
I1008 05:03:14.209673 47058921510720 run_miniworld.py:250] Evaluation iteration 48.
I1008 05:03:36.907116 47058921510720 run_miniworld.py:267] iteration:  48
 frame: 2400000
 eval_episode_return:  0.00
 train_episode_return:  0.00
 train_exploration_epsilon: 0.100
 train_frame_rate:  157
I1008 05:04:22.445206 47058921510720 run_miniworld.py:243] Data collection iteration 49.
I1008 05:09:34.956016 47058921510720 run_miniworld.py:250] Evaluation iteration 49.
I1008 05:09:57.531462 47058921510720 run_miniworld.py:267] iteration:  49
 frame: 2450000
 eval_episode_return:  0.00
 train_episode_return:  0.00
 train_exploration_epsilon: 0.100
 train_frame_rate:  160
I1008 05:10:43.687385 47058921510720 run_miniworld.py:243] Data collection iteration 50.
I1008 05:15:56.983052 47058921510720 run_miniworld.py:250] Evaluation iteration 50.
I1008 05:16:19.739227 47058921510720 run_miniworld.py:267] iteration:  50
 frame: 2500000
 eval_episode_return:  0.00
 train_episode_return:  0.00
 train_exploration_epsilon: 0.100
 train_frame_rate:  160
I1008 05:17:06.610658 47058921510720 run_miniworld.py:243] Data collection iteration 51.
I1008 05:22:18.704998 47058921510720 run_miniworld.py:250] Evaluation iteration 51.
I1008 05:22:41.478912 47058921510720 run_miniworld.py:267] iteration:  51
 frame: 2550000
 eval_episode_return:  0.00
 train_episode_return:  0.00
 train_exploration_epsilon: 0.100
 train_frame_rate:  160
I1008 05:23:27.584526 47058921510720 run_miniworld.py:243] Data collection iteration 52.
I1008 05:28:41.488701 47058921510720 run_miniworld.py:250] Evaluation iteration 52.
I1008 05:29:04.216115 47058921510720 run_miniworld.py:267] iteration:  52
 frame: 2600000
 eval_episode_return:  0.00
 train_episode_return:  0.00
 train_exploration_epsilon: 0.100
 train_frame_rate:  159
I1008 05:29:50.493215 47058921510720 run_miniworld.py:243] Data collection iteration 53.
I1008 05:35:03.003025 47058921510720 run_miniworld.py:250] Evaluation iteration 53.
I1008 05:35:25.780831 47058921510720 run_miniworld.py:267] iteration:  53
 frame: 2650000
 eval_episode_return:  0.00
 train_episode_return:  0.00
 train_exploration_epsilon: 0.100
 train_frame_rate:  160
I1008 05:36:13.032512 47058921510720 run_miniworld.py:243] Data collection iteration 54.
I1008 05:41:25.476413 47058921510720 run_miniworld.py:250] Evaluation iteration 54.
I1008 05:41:48.331546 47058921510720 run_miniworld.py:267] iteration:  54
 frame: 2700000
 eval_episode_return:  0.00
 train_episode_return:  0.00
 train_exploration_epsilon: 0.100
 train_frame_rate:  160
I1008 05:42:34.444052 47058921510720 run_miniworld.py:243] Data collection iteration 55.
I1008 05:47:53.172868 47058921510720 run_miniworld.py:250] Evaluation iteration 55.
I1008 05:48:16.003252 47058921510720 run_miniworld.py:267] iteration:  55
 frame: 2750000
 eval_episode_return:  0.00
 train_episode_return:  0.00
 train_exploration_epsilon: 0.100
 train_frame_rate:  157
I1008 05:49:03.433209 47058921510720 run_miniworld.py:243] Data collection iteration 56.
I1008 05:54:15.410382 47058921510720 run_miniworld.py:250] Evaluation iteration 56.
I1008 05:54:38.211540 47058921510720 run_miniworld.py:267] iteration:  56
 frame: 2800000
 eval_episode_return:  0.00
 train_episode_return:  0.00
 train_exploration_epsilon: 0.100
 train_frame_rate:  160
I1008 05:55:24.358450 47058921510720 run_miniworld.py:243] Data collection iteration 57.
I1008 06:00:37.342849 47058921510720 run_miniworld.py:250] Evaluation iteration 57.
I1008 06:01:00.161585 47058921510720 run_miniworld.py:267] iteration:  57
 frame: 2850000
 eval_episode_return:  0.00
 train_episode_return:  0.00
 train_exploration_epsilon: 0.100
 train_frame_rate:  160
I1008 06:01:47.448545 47058921510720 run_miniworld.py:243] Data collection iteration 58.
I1008 06:06:59.521134 47058921510720 run_miniworld.py:250] Evaluation iteration 58.
I1008 06:07:22.381168 47058921510720 run_miniworld.py:267] iteration:  58
 frame: 2900000
 eval_episode_return:  0.00
 train_episode_return:  0.00
 train_exploration_epsilon: 0.100
 train_frame_rate:  160
I1008 06:08:08.669654 47058921510720 run_miniworld.py:243] Data collection iteration 59.
I1008 06:13:21.662350 47058921510720 run_miniworld.py:250] Evaluation iteration 59.
I1008 06:13:44.450615 47058921510720 run_miniworld.py:267] iteration:  59
 frame: 2950000
 eval_episode_return:  0.00
 train_episode_return:  0.00
 train_exploration_epsilon: 0.100
 train_frame_rate:  160
I1008 06:14:31.029357 47058921510720 run_miniworld.py:243] Data collection iteration 60.
I1008 06:19:43.443597 47058921510720 run_miniworld.py:250] Evaluation iteration 60.
I1008 06:20:06.053148 47058921510720 run_miniworld.py:267] iteration:  60
 frame: 3000000
 eval_episode_return:  0.00
 train_episode_return:  0.00
 train_exploration_epsilon: 0.100
 train_frame_rate:  160
I1008 06:20:53.240615 47058921510720 run_miniworld.py:243] Data collection iteration 61.
I1008 06:26:07.265483 47058921510720 run_miniworld.py:250] Evaluation iteration 61.
I1008 06:26:29.793238 47058921510720 run_miniworld.py:267] iteration:  61
 frame: 3050000
 eval_episode_return:  0.00
 train_episode_return:  0.00
 train_exploration_epsilon: 0.100
 train_frame_rate:  159
I1008 06:27:15.683600 47058921510720 run_miniworld.py:243] Data collection iteration 62.
I1008 06:32:28.938745 47058921510720 run_miniworld.py:250] Evaluation iteration 62.
I1008 06:32:51.512985 47058921510720 run_miniworld.py:267] iteration:  62
 frame: 3100000
 eval_episode_return:  0.00
 train_episode_return:  0.00
 train_exploration_epsilon: 0.100
 train_frame_rate:  160
I1008 06:33:38.505890 47058921510720 run_miniworld.py:243] Data collection iteration 63.
I1008 06:38:51.413887 47058921510720 run_miniworld.py:250] Evaluation iteration 63.
I1008 06:39:13.894980 47058921510720 run_miniworld.py:267] iteration:  63
 frame: 3150000
 eval_episode_return:  0.00
 train_episode_return:  0.00
 train_exploration_epsilon: 0.100
 train_frame_rate:  160
I1008 06:40:00.032913 47058921510720 run_miniworld.py:243] Data collection iteration 64.
I1008 06:45:13.705200 47058921510720 run_miniworld.py:250] Evaluation iteration 64.
I1008 06:45:36.161727 47058921510720 run_miniworld.py:267] iteration:  64
 frame: 3200000
 eval_episode_return:  0.00
 train_episode_return:  0.00
 train_exploration_epsilon: 0.100
 train_frame_rate:  159
I1008 06:46:23.097979 47058921510720 run_miniworld.py:243] Data collection iteration 65.
I1008 06:51:35.330313 47058921510720 run_miniworld.py:250] Evaluation iteration 65.
I1008 06:51:57.789656 47058921510720 run_miniworld.py:267] iteration:  65
 frame: 3250000
 eval_episode_return:  0.00
 train_episode_return:  0.00
 train_exploration_epsilon: 0.100
 train_frame_rate:  160
I1008 06:52:43.695843 47058921510720 run_miniworld.py:243] Data collection iteration 66.
I1008 06:58:03.616645 47058921510720 run_miniworld.py:250] Evaluation iteration 66.
I1008 06:58:26.363590 47058921510720 run_miniworld.py:267] iteration:  66
 frame: 3300000
 eval_episode_return:  0.00
 train_episode_return:  0.00
 train_exploration_epsilon: 0.100
 train_frame_rate:  156
I1008 06:59:13.111468 47058921510720 run_miniworld.py:243] Data collection iteration 67.
I1008 07:04:26.988251 47058921510720 run_miniworld.py:250] Evaluation iteration 67.
I1008 07:04:49.486402 47058921510720 run_miniworld.py:267] iteration:  67
 frame: 3350000
 eval_episode_return:  0.00
 train_episode_return:  0.00
 train_exploration_epsilon: 0.100
 train_frame_rate:  159
I1008 07:05:35.768229 47058921510720 run_miniworld.py:243] Data collection iteration 68.
I1008 07:10:49.833184 47058921510720 run_miniworld.py:250] Evaluation iteration 68.
I1008 07:11:12.584726 47058921510720 run_miniworld.py:267] iteration:  68
 frame: 3400000
 eval_episode_return:  0.00
 train_episode_return:  0.00
 train_exploration_epsilon: 0.100
 train_frame_rate:  159
I1008 07:11:59.683820 47058921510720 run_miniworld.py:243] Data collection iteration 69.
I1008 07:17:12.352351 47058921510720 run_miniworld.py:250] Evaluation iteration 69.
I1008 07:17:34.975236 47058921510720 run_miniworld.py:267] iteration:  69
 frame: 3450000
 eval_episode_return:  0.00
 train_episode_return:  0.00
 train_exploration_epsilon: 0.100
 train_frame_rate:  160
I1008 07:18:21.409486 47058921510720 run_miniworld.py:243] Data collection iteration 70.
I1008 07:23:35.268999 47058921510720 run_miniworld.py:250] Evaluation iteration 70.
I1008 07:23:57.890484 47058921510720 run_miniworld.py:267] iteration:  70
 frame: 3500000
 eval_episode_return:  0.00
 train_episode_return:  0.00
 train_exploration_epsilon: 0.100
 train_frame_rate:  159
I1008 07:24:43.852424 47058921510720 run_miniworld.py:243] Data collection iteration 71.
I1008 07:29:56.978859 47058921510720 run_miniworld.py:250] Evaluation iteration 71.
I1008 07:30:19.640725 47058921510720 run_miniworld.py:267] iteration:  71
 frame: 3550000
 eval_episode_return:  0.00
 train_episode_return:  0.00
 train_exploration_epsilon: 0.100
 train_frame_rate:  160
I1008 07:31:06.870950 47058921510720 run_miniworld.py:243] Data collection iteration 72.
I1008 07:36:21.302154 47058921510720 run_miniworld.py:250] Evaluation iteration 72.
I1008 07:36:43.932036 47058921510720 run_miniworld.py:267] iteration:  72
 frame: 3600000
 eval_episode_return:  0.00
 train_episode_return:  0.00
 train_exploration_epsilon: 0.100
 train_frame_rate:  159
I1008 07:37:30.398796 47058921510720 run_miniworld.py:243] Data collection iteration 73.
I1008 07:42:44.945860 47058921510720 run_miniworld.py:250] Evaluation iteration 73.
I1008 07:43:07.546250 47058921510720 run_miniworld.py:267] iteration:  73
 frame: 3650000
 eval_episode_return:  0.00
 train_episode_return:  0.00
 train_exploration_epsilon: 0.100
 train_frame_rate:  159
I1008 07:43:53.638135 47058921510720 run_miniworld.py:243] Data collection iteration 74.
I1008 07:49:07.783615 47058921510720 run_miniworld.py:250] Evaluation iteration 74.
I1008 07:49:30.501562 47058921510720 run_miniworld.py:267] iteration:  74
 frame: 3700000
 eval_episode_return:  0.00
 train_episode_return:  0.00
 train_exploration_epsilon: 0.100
 train_frame_rate:  159
I1008 07:50:16.464223 47058921510720 run_miniworld.py:243] Data collection iteration 75.
I1008 07:55:32.001044 47058921510720 run_miniworld.py:250] Evaluation iteration 75.
I1008 07:55:54.646536 47058921510720 run_miniworld.py:267] iteration:  75
 frame: 3750000
 eval_episode_return:  0.00
 train_episode_return:  0.00
 train_exploration_epsilon: 0.100
 train_frame_rate:  158
I1008 07:56:41.866279 47058921510720 run_miniworld.py:243] Data collection iteration 76.
I1008 08:01:55.707786 47058921510720 run_miniworld.py:250] Evaluation iteration 76.
I1008 08:02:18.378340 47058921510720 run_miniworld.py:267] iteration:  76
 frame: 3800000
 eval_episode_return:  0.00
 train_episode_return:  0.00
 train_exploration_epsilon: 0.100
 train_frame_rate:  159
I1008 08:03:04.525659 47058921510720 run_miniworld.py:243] Data collection iteration 77.
I1008 08:08:20.293008 47058921510720 run_miniworld.py:250] Evaluation iteration 77.
I1008 08:08:43.086778 47058921510720 run_miniworld.py:267] iteration:  77
 frame: 3850000
 eval_episode_return:  0.00
 train_episode_return:  0.00
 train_exploration_epsilon: 0.100
 train_frame_rate:  158
I1008 08:09:31.476834 47058921510720 run_miniworld.py:243] Data collection iteration 78.
I1008 08:14:46.564959 47058921510720 run_miniworld.py:250] Evaluation iteration 78.
I1008 08:15:09.215126 47058921510720 run_miniworld.py:267] iteration:  78
 frame: 3900000
 eval_episode_return:  0.00
 train_episode_return:  0.00
 train_exploration_epsilon: 0.100
 train_frame_rate:  159
I1008 08:15:57.502604 47058921510720 run_miniworld.py:243] Data collection iteration 79.
I1008 08:21:17.064440 47058921510720 run_miniworld.py:250] Evaluation iteration 79.
I1008 08:21:39.842677 47058921510720 run_miniworld.py:267] iteration:  79
 frame: 3950000
 eval_episode_return:  0.00
 train_episode_return:  0.00
 train_exploration_epsilon: 0.100
 train_frame_rate:  156
I1008 08:22:25.661721 47058921510720 run_miniworld.py:243] Data collection iteration 80.
I1008 08:27:39.340020 47058921510720 run_miniworld.py:250] Evaluation iteration 80.
I1008 08:28:01.836779 47058921510720 run_miniworld.py:267] iteration:  80
 frame: 4000000
 eval_episode_return:  0.00
 train_episode_return:  0.00
 train_exploration_epsilon: 0.100
 train_frame_rate:  159
I1008 08:28:48.126496 47058921510720 run_miniworld.py:243] Data collection iteration 81.
I1008 08:34:02.859338 47058921510720 run_miniworld.py:250] Evaluation iteration 81.
I1008 08:34:25.729766 47058921510720 run_miniworld.py:267] iteration:  81
 frame: 4050000
 eval_episode_return:  0.00
 train_episode_return:  0.00
 train_exploration_epsilon: 0.100
 train_frame_rate:  159
I1008 08:35:13.080926 47058921510720 run_miniworld.py:243] Data collection iteration 82.
I1008 08:40:26.322732 47058921510720 run_miniworld.py:250] Evaluation iteration 82.
I1008 08:40:48.961555 47058921510720 run_miniworld.py:267] iteration:  82
 frame: 4100000
 eval_episode_return:  0.00
 train_episode_return:  0.00
 train_exploration_epsilon: 0.100
 train_frame_rate:  160
I1008 08:41:35.281090 47058921510720 run_miniworld.py:243] Data collection iteration 83.
I1008 08:46:50.409009 47058921510720 run_miniworld.py:250] Evaluation iteration 83.
I1008 08:47:13.130263 47058921510720 run_miniworld.py:267] iteration:  83
 frame: 4150000
 eval_episode_return:  0.00
 train_episode_return:  0.00
 train_exploration_epsilon: 0.100
 train_frame_rate:  159
I1008 08:47:59.372337 47058921510720 run_miniworld.py:243] Data collection iteration 84.
I1008 08:53:12.209722 47058921510720 run_miniworld.py:250] Evaluation iteration 84.
I1008 08:53:34.940365 47058921510720 run_miniworld.py:267] iteration:  84
 frame: 4200000
 eval_episode_return:  0.00
 train_episode_return:  0.00
 train_exploration_epsilon: 0.100
 train_frame_rate:  160
I1008 08:54:21.253686 47058921510720 run_miniworld.py:243] Data collection iteration 85.
I1008 08:59:35.459506 47058921510720 run_miniworld.py:250] Evaluation iteration 85.
I1008 08:59:58.280073 47058921510720 run_miniworld.py:267] iteration:  85
 frame: 4250000
 eval_episode_return:  0.00
 train_episode_return:  0.00
 train_exploration_epsilon: 0.100
 train_frame_rate:  159
I1008 09:00:44.957236 47058921510720 run_miniworld.py:243] Data collection iteration 86.
I1008 09:05:57.539916 47058921510720 run_miniworld.py:250] Evaluation iteration 86.
I1008 09:06:20.265746 47058921510720 run_miniworld.py:267] iteration:  86
 frame: 4300000
 eval_episode_return:  0.00
 train_episode_return:  0.00
 train_exploration_epsilon: 0.100
 train_frame_rate:  160
I1008 09:07:07.256247 47058921510720 run_miniworld.py:243] Data collection iteration 87.
I1008 09:12:20.306471 47058921510720 run_miniworld.py:250] Evaluation iteration 87.
I1008 09:12:43.026116 47058921510720 run_miniworld.py:267] iteration:  87
 frame: 4350000
 eval_episode_return:  0.00
 train_episode_return:  0.00
 train_exploration_epsilon: 0.100
 train_frame_rate:  160
I1008 09:13:30.381037 47058921510720 run_miniworld.py:243] Data collection iteration 88.
I1008 09:18:43.907431 47058921510720 run_miniworld.py:250] Evaluation iteration 88.
I1008 09:19:06.455594 47058921510720 run_miniworld.py:267] iteration:  88
 frame: 4400000
 eval_episode_return:  0.00
 train_episode_return:  0.00
 train_exploration_epsilon: 0.100
 train_frame_rate:  159
I1008 09:19:54.202652 47058921510720 run_miniworld.py:243] Data collection iteration 89.
I1008 09:25:08.413497 47058921510720 run_miniworld.py:250] Evaluation iteration 89.
I1008 09:25:31.106456 47058921510720 run_miniworld.py:267] iteration:  89
 frame: 4450000
 eval_episode_return:  0.00
 train_episode_return:  0.00
 train_exploration_epsilon: 0.100
 train_frame_rate:  159
I1008 09:26:18.401503 47058921510720 run_miniworld.py:243] Data collection iteration 90.
I1008 09:31:31.427962 47058921510720 run_miniworld.py:250] Evaluation iteration 90.
I1008 09:31:54.093516 47058921510720 run_miniworld.py:267] iteration:  90
 frame: 4500000
 eval_episode_return:  0.00
 train_episode_return:  0.00
 train_exploration_epsilon: 0.100
 train_frame_rate:  160
I1008 09:32:40.222359 47058921510720 run_miniworld.py:243] Data collection iteration 91.
I1008 09:37:53.521221 47058921510720 run_miniworld.py:250] Evaluation iteration 91.
I1008 09:38:16.166769 47058921510720 run_miniworld.py:267] iteration:  91
 frame: 4550000
 eval_episode_return:  0.00
 train_episode_return:  0.00
 train_exploration_epsilon: 0.100
 train_frame_rate:  160
I1008 09:39:03.149411 47058921510720 run_miniworld.py:243] Data collection iteration 92.
I1008 09:44:15.987600 47058921510720 run_miniworld.py:250] Evaluation iteration 92.
I1008 09:44:38.620917 47058921510720 run_miniworld.py:267] iteration:  92
 frame: 4600000
 eval_episode_return:  0.00
 train_episode_return:  0.00
 train_exploration_epsilon: 0.100
 train_frame_rate:  160
I1008 09:45:24.990576 47058921510720 run_miniworld.py:243] Data collection iteration 93.
I1008 09:50:40.545000 47058921510720 run_miniworld.py:250] Evaluation iteration 93.
I1008 09:51:03.332887 47058921510720 run_miniworld.py:267] iteration:  93
 frame: 4650000
 eval_episode_return:  0.00
 train_episode_return:  0.00
 train_exploration_epsilon: 0.100
 train_frame_rate:  158
I1008 09:51:50.387490 47058921510720 run_miniworld.py:243] Data collection iteration 94.
I1008 09:57:03.548819 47058921510720 run_miniworld.py:250] Evaluation iteration 94.
I1008 09:57:26.196750 47058921510720 run_miniworld.py:267] iteration:  94
 frame: 4700000
 eval_episode_return:  0.00
 train_episode_return:  0.00
 train_exploration_epsilon: 0.100
 train_frame_rate:  160
I1008 09:58:12.359524 47058921510720 run_miniworld.py:243] Data collection iteration 95.
I1008 10:03:27.578606 47058921510720 run_miniworld.py:250] Evaluation iteration 95.
I1008 10:03:50.311695 47058921510720 run_miniworld.py:267] iteration:  95
 frame: 4750000
 eval_episode_return:  0.00
 train_episode_return:  0.00
 train_exploration_epsilon: 0.100
 train_frame_rate:  159
I1008 10:04:37.503019 47058921510720 run_miniworld.py:243] Data collection iteration 96.
I1008 10:09:50.800411 47058921510720 run_miniworld.py:250] Evaluation iteration 96.
I1008 10:10:13.439632 47058921510720 run_miniworld.py:267] iteration:  96
 frame: 4800000
 eval_episode_return:  0.00
 train_episode_return:  0.00
 train_exploration_epsilon: 0.100
 train_frame_rate:  160
I1008 10:11:01.735165 47058921510720 run_miniworld.py:243] Data collection iteration 97.
I1008 10:16:20.676068 47058921510720 run_miniworld.py:250] Evaluation iteration 97.
I1008 10:16:43.322556 47058921510720 run_miniworld.py:267] iteration:  97
 frame: 4850000
 eval_episode_return:  0.00
 train_episode_return:  0.00
 train_exploration_epsilon: 0.100
 train_frame_rate:  157
I1008 10:17:29.260302 47058921510720 run_miniworld.py:243] Data collection iteration 98.
I1008 10:22:40.811130 47058921510720 run_miniworld.py:250] Evaluation iteration 98.
I1008 10:23:03.474709 47058921510720 run_miniworld.py:267] iteration:  98
 frame: 4900000
 eval_episode_return:  0.00
 train_episode_return:  0.00
 train_exploration_epsilon: 0.100
 train_frame_rate:  160
I1008 10:23:49.858701 47058921510720 run_miniworld.py:243] Data collection iteration 99.
I1008 10:29:05.404384 47058921510720 run_miniworld.py:250] Evaluation iteration 99.
I1008 10:29:28.011275 47058921510720 run_miniworld.py:267] iteration:  99
 frame: 4950000
 eval_episode_return:  0.00
 train_episode_return:  0.00
 train_exploration_epsilon: 0.100
 train_frame_rate:  158
I1008 10:30:17.282522 47058921510720 run_miniworld.py:243] Data collection iteration 100.
I1008 10:35:29.234664 47058921510720 run_miniworld.py:250] Evaluation iteration 100.
I1008 10:35:52.017039 47058921510720 run_miniworld.py:267] iteration: 100
 frame: 5000000
 eval_episode_return:  0.00
 train_episode_return:  0.00
 train_exploration_epsilon: 0.100
 train_frame_rate:  160
I1008 10:36:38.308990 47058921510720 run_miniworld.py:243] Data collection iteration 101.
I1008 10:41:52.624525 47058921510720 run_miniworld.py:250] Evaluation iteration 101.
I1008 10:42:15.393075 47058921510720 run_miniworld.py:267] iteration: 101
 frame: 5050000
 eval_episode_return:  0.00
 train_episode_return:  0.00
 train_exploration_epsilon: 0.100
 train_frame_rate:  159
I1008 10:43:01.949280 47058921510720 run_miniworld.py:243] Data collection iteration 102.
I1008 10:48:13.898082 47058921510720 run_miniworld.py:250] Evaluation iteration 102.
I1008 10:48:36.553579 47058921510720 run_miniworld.py:267] iteration: 102
 frame: 5100000
 eval_episode_return:  0.00
 train_episode_return:  0.00
 train_exploration_epsilon: 0.100
 train_frame_rate:  160
I1008 10:49:22.729347 47058921510720 run_miniworld.py:243] Data collection iteration 103.
I1008 10:54:35.884524 47058921510720 run_miniworld.py:250] Evaluation iteration 103.
I1008 10:54:58.761193 47058921510720 run_miniworld.py:267] iteration: 103
 frame: 5150000
 eval_episode_return:  0.00
 train_episode_return:  0.00
 train_exploration_epsilon: 0.100
 train_frame_rate:  160
I1008 10:55:45.676603 47058921510720 run_miniworld.py:243] Data collection iteration 104.
I1008 11:00:58.045839 47058921510720 run_miniworld.py:250] Evaluation iteration 104.
I1008 11:01:20.588023 47058921510720 run_miniworld.py:267] iteration: 104
 frame: 5200000
 eval_episode_return:  0.00
 train_episode_return:  0.00
 train_exploration_epsilon: 0.100
 train_frame_rate:  160
I1008 11:02:06.743204 47058921510720 run_miniworld.py:243] Data collection iteration 105.
I1008 11:07:20.545678 47058921510720 run_miniworld.py:250] Evaluation iteration 105.
I1008 11:07:43.389545 47058921510720 run_miniworld.py:267] iteration: 105
 frame: 5250000
 eval_episode_return:  0.00
 train_episode_return:  0.00
 train_exploration_epsilon: 0.100
 train_frame_rate:  159
I1008 11:08:30.541244 47058921510720 run_miniworld.py:243] Data collection iteration 106.
I1008 11:13:42.964530 47058921510720 run_miniworld.py:250] Evaluation iteration 106.
I1008 11:14:05.737503 47058921510720 run_miniworld.py:267] iteration: 106
 frame: 5300000
 eval_episode_return:  0.00
 train_episode_return:  0.00
 train_exploration_epsilon: 0.100
 train_frame_rate:  160
I1008 11:14:54.087830 47058921510720 run_miniworld.py:243] Data collection iteration 107.
I1008 11:20:13.148300 47058921510720 run_miniworld.py:250] Evaluation iteration 107.
I1008 11:20:35.875259 47058921510720 run_miniworld.py:267] iteration: 107
 frame: 5350000
 eval_episode_return:  0.00
 train_episode_return:  0.00
 train_exploration_epsilon: 0.100
 train_frame_rate:  157
I1008 11:21:21.737606 47058921510720 run_miniworld.py:243] Data collection iteration 108.
I1008 11:26:32.386470 47058921510720 run_miniworld.py:250] Evaluation iteration 108.
I1008 11:26:55.134262 47058921510720 run_miniworld.py:267] iteration: 108
 frame: 5400000
 eval_episode_return:  0.00
 train_episode_return:  0.00
 train_exploration_epsilon: 0.100
 train_frame_rate:  161
I1008 11:27:41.430656 47058921510720 run_miniworld.py:243] Data collection iteration 109.
I1008 11:32:55.723637 47058921510720 run_miniworld.py:250] Evaluation iteration 109.
I1008 11:33:18.533454 47058921510720 run_miniworld.py:267] iteration: 109
 frame: 5450000
 eval_episode_return:  0.00
 train_episode_return:  0.00
 train_exploration_epsilon: 0.100
 train_frame_rate:  159
I1008 11:34:06.043635 47058921510720 run_miniworld.py:243] Data collection iteration 110.
I1008 11:39:18.478720 47058921510720 run_miniworld.py:250] Evaluation iteration 110.
I1008 11:39:41.222212 47058921510720 run_miniworld.py:267] iteration: 110
 frame: 5500000
 eval_episode_return:  0.00
 train_episode_return:  0.00
 train_exploration_epsilon: 0.100
 train_frame_rate:  160
I1008 11:40:29.318397 47058921510720 run_miniworld.py:243] Data collection iteration 111.
I1008 11:45:44.434377 47058921510720 run_miniworld.py:250] Evaluation iteration 111.
I1008 11:46:07.227276 47058921510720 run_miniworld.py:267] iteration: 111
 frame: 5550000
 eval_episode_return:  0.00
 train_episode_return:  0.00
 train_exploration_epsilon: 0.100
 train_frame_rate:  159
I1008 11:46:53.673262 47058921510720 run_miniworld.py:243] Data collection iteration 112.
I1008 11:52:06.981860 47058921510720 run_miniworld.py:250] Evaluation iteration 112.
I1008 11:52:29.751100 47058921510720 run_miniworld.py:267] iteration: 112
 frame: 5600000
 eval_episode_return:  0.00
 train_episode_return:  0.00
 train_exploration_epsilon: 0.100
 train_frame_rate:  160
I1008 11:53:16.100797 47058921510720 run_miniworld.py:243] Data collection iteration 113.
I1008 11:58:29.961084 47058921510720 run_miniworld.py:250] Evaluation iteration 113.
I1008 11:58:52.872402 47058921510720 run_miniworld.py:267] iteration: 113
 frame: 5650000
 eval_episode_return:  0.00
 train_episode_return:  0.00
 train_exploration_epsilon: 0.100
 train_frame_rate:  159
I1008 11:59:40.062401 47058921510720 run_miniworld.py:243] Data collection iteration 114.
I1008 12:04:52.129343 47058921510720 run_miniworld.py:250] Evaluation iteration 114.
I1008 12:05:14.780219 47058921510720 run_miniworld.py:267] iteration: 114
 frame: 5700000
 eval_episode_return:  0.00
 train_episode_return:  0.00
 train_exploration_epsilon: 0.100
 train_frame_rate:  160
I1008 12:06:01.118427 47058921510720 run_miniworld.py:243] Data collection iteration 115.
I1008 12:11:15.441385 47058921510720 run_miniworld.py:250] Evaluation iteration 115.
I1008 12:11:38.489255 47058921510720 run_miniworld.py:267] iteration: 115
 frame: 5750000
 eval_episode_return:  0.00
 train_episode_return:  0.00
 train_exploration_epsilon: 0.100
 train_frame_rate:  159
I1008 12:12:25.713798 47058921510720 run_miniworld.py:243] Data collection iteration 116.
I1008 12:17:37.840431 47058921510720 run_miniworld.py:250] Evaluation iteration 116.
I1008 12:18:00.692860 47058921510720 run_miniworld.py:267] iteration: 116
 frame: 5800000
 eval_episode_return:  0.00
 train_episode_return:  0.00
 train_exploration_epsilon: 0.100
 train_frame_rate:  160
I1008 12:18:46.950638 47058921510720 run_miniworld.py:243] Data collection iteration 117.
I1008 12:24:06.861469 47058921510720 run_miniworld.py:250] Evaluation iteration 117.
I1008 12:24:29.786874 47058921510720 run_miniworld.py:267] iteration: 117
 frame: 5850000
 eval_episode_return:  0.00
 train_episode_return:  0.00
 train_exploration_epsilon: 0.100
 train_frame_rate:  156
I1008 12:25:15.915298 47058921510720 run_miniworld.py:243] Data collection iteration 118.
I1008 12:30:26.022641 47058921510720 run_miniworld.py:250] Evaluation iteration 118.
I1008 12:30:48.771159 47058921510720 run_miniworld.py:267] iteration: 118
 frame: 5900000
 eval_episode_return:  0.00
 train_episode_return:  0.00
 train_exploration_epsilon: 0.100
 train_frame_rate:  161
I1008 12:31:35.217591 47058921510720 run_miniworld.py:243] Data collection iteration 119.
I1008 12:36:48.043843 47058921510720 run_miniworld.py:250] Evaluation iteration 119.
I1008 12:37:10.788989 47058921510720 run_miniworld.py:267] iteration: 119
 frame: 5950000
 eval_episode_return:  0.00
 train_episode_return:  0.00
 train_exploration_epsilon: 0.100
 train_frame_rate:  160
I1008 12:37:56.693063 47058921510720 run_miniworld.py:243] Data collection iteration 120.
I1008 12:43:16.022666 47058921510720 run_miniworld.py:250] Evaluation iteration 120.
I1008 12:43:38.941114 47058921510720 run_miniworld.py:267] iteration: 120
 frame: 6000000
 eval_episode_return:  0.00
 train_episode_return:  0.00
 train_exploration_epsilon: 0.100
 train_frame_rate:  157
I1008 12:44:24.827847 47058921510720 run_miniworld.py:243] Data collection iteration 121.
I1008 12:49:34.224747 47058921510720 run_miniworld.py:250] Evaluation iteration 121.
I1008 12:49:56.897442 47058921510720 run_miniworld.py:267] iteration: 121
 frame: 6050000
 eval_episode_return:  0.00
 train_episode_return:  0.00
 train_exploration_epsilon: 0.100
 train_frame_rate:  162
I1008 12:50:44.407240 47058921510720 run_miniworld.py:243] Data collection iteration 122.
I1008 12:55:56.897705 47058921510720 run_miniworld.py:250] Evaluation iteration 122.
I1008 12:56:19.430634 47058921510720 run_miniworld.py:267] iteration: 122
 frame: 6100000
 eval_episode_return:  0.00
 train_episode_return:  0.00
 train_exploration_epsilon: 0.100
 train_frame_rate:  160
I1008 12:57:06.686397 47058921510720 run_miniworld.py:243] Data collection iteration 123.
I1008 13:02:17.435462 47058921510720 run_miniworld.py:250] Evaluation iteration 123.
I1008 13:02:40.134716 47058921510720 run_miniworld.py:267] iteration: 123
 frame: 6150000
 eval_episode_return:  0.00
 train_episode_return:  0.00
 train_exploration_epsilon: 0.100
 train_frame_rate:  161
I1008 13:03:26.788635 47058921510720 run_miniworld.py:243] Data collection iteration 124.
I1008 13:08:39.667786 47058921510720 run_miniworld.py:250] Evaluation iteration 124.
I1008 13:09:02.372474 47058921510720 run_miniworld.py:267] iteration: 124
 frame: 6200000
 eval_episode_return:  0.00
 train_episode_return:  0.00
 train_exploration_epsilon: 0.100
 train_frame_rate:  160
I1008 13:09:48.935278 47058921510720 run_miniworld.py:243] Data collection iteration 125.
I1008 13:14:59.577238 47058921510720 run_miniworld.py:250] Evaluation iteration 125.
I1008 13:15:22.316275 47058921510720 run_miniworld.py:267] iteration: 125
 frame: 6250000
 eval_episode_return:  0.00
 train_episode_return:  0.00
 train_exploration_epsilon: 0.100
 train_frame_rate:  161
I1008 13:16:08.563832 47058921510720 run_miniworld.py:243] Data collection iteration 126.
I1008 13:21:21.413249 47058921510720 run_miniworld.py:250] Evaluation iteration 126.
I1008 13:21:44.159433 47058921510720 run_miniworld.py:267] iteration: 126
 frame: 6300000
 eval_episode_return:  0.00
 train_episode_return:  0.00
 train_exploration_epsilon: 0.100
 train_frame_rate:  160
I1008 13:22:31.467907 47058921510720 run_miniworld.py:243] Data collection iteration 127.
I1008 13:27:42.621207 47058921510720 run_miniworld.py:250] Evaluation iteration 127.
I1008 13:28:05.421554 47058921510720 run_miniworld.py:267] iteration: 127
 frame: 6350000
 eval_episode_return:  0.00
 train_episode_return:  0.00
 train_exploration_epsilon: 0.100
 train_frame_rate:  161
I1008 13:28:51.541663 47058921510720 run_miniworld.py:243] Data collection iteration 128.
I1008 13:34:04.528140 47058921510720 run_miniworld.py:250] Evaluation iteration 128.
I1008 13:34:27.463068 47058921510720 run_miniworld.py:267] iteration: 128
 frame: 6400000
 eval_episode_return:  0.00
 train_episode_return:  0.00
 train_exploration_epsilon: 0.100
 train_frame_rate:  160
I1008 13:35:14.600206 47058921510720 run_miniworld.py:243] Data collection iteration 129.
I1008 13:40:25.419106 47058921510720 run_miniworld.py:250] Evaluation iteration 129.
I1008 13:40:48.171407 47058921510720 run_miniworld.py:267] iteration: 129
 frame: 6450000
 eval_episode_return:  0.00
 train_episode_return:  0.00
 train_exploration_epsilon: 0.100
 train_frame_rate:  161
I1008 13:41:36.649260 47058921510720 run_miniworld.py:243] Data collection iteration 130.
I1008 13:46:54.471957 47058921510720 run_miniworld.py:250] Evaluation iteration 130.
I1008 13:47:17.334106 47058921510720 run_miniworld.py:267] iteration: 130
 frame: 6500000
 eval_episode_return:  0.00
 train_episode_return:  0.00
 train_exploration_epsilon: 0.100
 train_frame_rate:  157
I1008 13:48:03.244104 47058921510720 run_miniworld.py:243] Data collection iteration 131.
I1008 13:53:12.715860 47058921510720 run_miniworld.py:250] Evaluation iteration 131.
I1008 13:53:35.596634 47058921510720 run_miniworld.py:267] iteration: 131
 frame: 6550000
 eval_episode_return:  0.00
 train_episode_return:  0.00
 train_exploration_epsilon: 0.100
 train_frame_rate:  162
I1008 13:54:21.875392 47058921510720 run_miniworld.py:243] Data collection iteration 132.
I1008 13:59:35.072500 47058921510720 run_miniworld.py:250] Evaluation iteration 132.
I1008 13:59:57.828232 47058921510720 run_miniworld.py:267] iteration: 132
 frame: 6600000
 eval_episode_return:  0.00
 train_episode_return:  0.00
 train_exploration_epsilon: 0.100
 train_frame_rate:  160
I1008 14:00:47.099767 47058921510720 run_miniworld.py:243] Data collection iteration 133.
I1008 14:05:56.559104 47058921510720 run_miniworld.py:250] Evaluation iteration 133.
I1008 14:06:19.331267 47058921510720 run_miniworld.py:267] iteration: 133
 frame: 6650000
 eval_episode_return:  0.00
 train_episode_return:  0.00
 train_exploration_epsilon: 0.100
 train_frame_rate:  162
I1008 14:07:05.821223 47058921510720 run_miniworld.py:243] Data collection iteration 134.
I1008 14:12:18.159785 47058921510720 run_miniworld.py:250] Evaluation iteration 134.
I1008 14:12:40.940124 47058921510720 run_miniworld.py:267] iteration: 134
 frame: 6700000
 eval_episode_return:  0.00
 train_episode_return:  0.00
 train_exploration_epsilon: 0.100
 train_frame_rate:  160
I1008 14:13:27.330692 47058921510720 run_miniworld.py:243] Data collection iteration 135.
I1008 14:18:38.211564 47058921510720 run_miniworld.py:250] Evaluation iteration 135.
I1008 14:19:01.088522 47058921510720 run_miniworld.py:267] iteration: 135
 frame: 6750000
 eval_episode_return:  0.00
 train_episode_return:  0.00
 train_exploration_epsilon: 0.100
 train_frame_rate:  161
I1008 14:19:47.536149 47058921510720 run_miniworld.py:243] Data collection iteration 136.
I1008 14:25:00.122449 47058921510720 run_miniworld.py:250] Evaluation iteration 136.
I1008 14:25:22.926275 47058921510720 run_miniworld.py:267] iteration: 136
 frame: 6800000
 eval_episode_return:  0.00
 train_episode_return:  0.00
 train_exploration_epsilon: 0.100
 train_frame_rate:  160
I1008 14:26:09.233568 47058921510720 run_miniworld.py:243] Data collection iteration 137.
I1008 14:31:19.787952 47058921510720 run_miniworld.py:250] Evaluation iteration 137.
I1008 14:31:42.545315 47058921510720 run_miniworld.py:267] iteration: 137
 frame: 6850000
 eval_episode_return:  0.00
 train_episode_return:  0.00
 train_exploration_epsilon: 0.100
 train_frame_rate:  161
I1008 14:32:29.635542 47058921510720 run_miniworld.py:243] Data collection iteration 138.
I1008 14:37:41.043556 47058921510720 run_miniworld.py:250] Evaluation iteration 138.
I1008 14:38:03.858917 47058921510720 run_miniworld.py:267] iteration: 138
 frame: 6900000
 eval_episode_return:  0.00
 train_episode_return:  0.00
 train_exploration_epsilon: 0.100
 train_frame_rate:  161
I1008 14:38:49.856461 47058921510720 run_miniworld.py:243] Data collection iteration 139.
I1008 14:44:02.076281 47058921510720 run_miniworld.py:250] Evaluation iteration 139.
I1008 14:44:24.930717 47058921510720 run_miniworld.py:267] iteration: 139
 frame: 6950000
 eval_episode_return:  0.00
 train_episode_return:  0.00
 train_exploration_epsilon: 0.100
 train_frame_rate:  160
I1008 14:45:13.069461 47058921510720 run_miniworld.py:243] Data collection iteration 140.
I1008 14:50:23.289299 47058921510720 run_miniworld.py:250] Evaluation iteration 140.
I1008 14:50:46.372521 47058921510720 run_miniworld.py:267] iteration: 140
 frame: 7000000
 eval_episode_return:  0.00
 train_episode_return:  0.00
 train_exploration_epsilon: 0.100
 train_frame_rate:  161
I1008 14:51:32.884765 47058921510720 run_miniworld.py:243] Data collection iteration 141.
I1008 14:56:45.892937 47058921510720 run_miniworld.py:250] Evaluation iteration 141.
I1008 14:57:08.874554 47058921510720 run_miniworld.py:267] iteration: 141
 frame: 7050000
 eval_episode_return:  0.00
 train_episode_return:  0.00
 train_exploration_epsilon: 0.100
 train_frame_rate:  160
I1008 14:57:55.041972 47058921510720 run_miniworld.py:243] Data collection iteration 142.
I1008 15:03:09.731145 47058921510720 run_miniworld.py:250] Evaluation iteration 142.
I1008 15:03:32.548970 47058921510720 run_miniworld.py:267] iteration: 142
 frame: 7100000
 eval_episode_return:  0.00
 train_episode_return:  0.00
 train_exploration_epsilon: 0.100
 train_frame_rate:  159
I1008 15:04:18.881568 47058921510720 run_miniworld.py:243] Data collection iteration 143.
I1008 15:09:34.612776 47058921510720 run_miniworld.py:250] Evaluation iteration 143.
I1008 15:09:57.736725 47058921510720 run_miniworld.py:267] iteration: 143
 frame: 7150000
 eval_episode_return:  0.00
 train_episode_return:  0.00
 train_exploration_epsilon: 0.100
 train_frame_rate:  158
I1008 15:10:45.479916 47058921510720 run_miniworld.py:243] Data collection iteration 144.
I1008 15:15:58.288901 47058921510720 run_miniworld.py:250] Evaluation iteration 144.
I1008 15:16:21.222430 47058921510720 run_miniworld.py:267] iteration: 144
 frame: 7200000
 eval_episode_return:  0.00
 train_episode_return:  0.00
 train_exploration_epsilon: 0.100
 train_frame_rate:  160
I1008 15:17:07.590558 47058921510720 run_miniworld.py:243] Data collection iteration 145.
I1008 15:22:24.194266 47058921510720 run_miniworld.py:250] Evaluation iteration 145.
I1008 15:22:47.148084 47058921510720 run_miniworld.py:267] iteration: 145
 frame: 7250000
 eval_episode_return:  0.00
 train_episode_return:  0.00
 train_exploration_epsilon: 0.100
 train_frame_rate:  158
I1008 15:23:34.946361 47058921510720 run_miniworld.py:243] Data collection iteration 146.
I1008 15:28:51.699932 47058921510720 run_miniworld.py:250] Evaluation iteration 146.
I1008 15:29:14.616774 47058921510720 run_miniworld.py:267] iteration: 146
 frame: 7300000
 eval_episode_return:  0.00
 train_episode_return:  0.00
 train_exploration_epsilon: 0.100
 train_frame_rate:  158
I1008 15:30:00.940811 47058921510720 run_miniworld.py:243] Data collection iteration 147.
I1008 15:35:18.001041 47058921510720 run_miniworld.py:250] Evaluation iteration 147.
I1008 15:35:40.891111 47058921510720 run_miniworld.py:267] iteration: 147
 frame: 7350000
 eval_episode_return:  0.00
 train_episode_return:  0.00
 train_exploration_epsilon: 0.100
 train_frame_rate:  158
I1008 15:36:28.070264 47058921510720 run_miniworld.py:243] Data collection iteration 148.
I1008 15:41:43.793328 47058921510720 run_miniworld.py:250] Evaluation iteration 148.
I1008 15:42:06.789153 47058921510720 run_miniworld.py:267] iteration: 148
 frame: 7400000
 eval_episode_return:  0.00
 train_episode_return:  0.00
 train_exploration_epsilon: 0.100
 train_frame_rate:  158
I1008 15:42:55.125784 47058921510720 run_miniworld.py:243] Data collection iteration 149.
I1008 15:48:18.156908 47058921510720 run_miniworld.py:250] Evaluation iteration 149.
I1008 15:48:41.221332 47058921510720 run_miniworld.py:267] iteration: 149
 frame: 7450000
 eval_episode_return:  0.00
 train_episode_return:  0.00
 train_exploration_epsilon: 0.100
 train_frame_rate:  155
I1008 15:49:27.186433 47058921510720 run_miniworld.py:243] Data collection iteration 150.
I1008 15:54:35.369177 47058921510720 run_miniworld.py:250] Evaluation iteration 150.
I1008 15:54:58.252769 47058921510720 run_miniworld.py:267] iteration: 150
 frame: 7500000
 eval_episode_return:  0.00
 train_episode_return:  0.00
 train_exploration_epsilon: 0.100
 train_frame_rate:  162
I1008 15:55:44.806948 47058921510720 run_miniworld.py:243] Data collection iteration 151.
I1008 16:00:56.720387 47058921510720 run_miniworld.py:250] Evaluation iteration 151.
I1008 16:01:19.684476 47058921510720 run_miniworld.py:267] iteration: 151
 frame: 7550000
 eval_episode_return:  0.00
 train_episode_return:  0.00
 train_exploration_epsilon: 0.100
 train_frame_rate:  160
I1008 16:02:07.091163 47058921510720 run_miniworld.py:243] Data collection iteration 152.
I1008 16:07:15.992154 47058921510720 run_miniworld.py:250] Evaluation iteration 152.
I1008 16:07:38.843808 47058921510720 run_miniworld.py:267] iteration: 152
 frame: 7600000
 eval_episode_return:  0.00
 train_episode_return:  0.00
 train_exploration_epsilon: 0.100
 train_frame_rate:  162
I1008 16:08:25.447942 47058921510720 run_miniworld.py:243] Data collection iteration 153.
I1008 16:13:36.846328 47058921510720 run_miniworld.py:250] Evaluation iteration 153.
I1008 16:13:59.824420 47058921510720 run_miniworld.py:267] iteration: 153
 frame: 7650000
 eval_episode_return:  0.00
 train_episode_return:  0.00
 train_exploration_epsilon: 0.100
 train_frame_rate:  161
I1008 16:14:46.269955 47058921510720 run_miniworld.py:243] Data collection iteration 154.
I1008 16:19:56.429594 47058921510720 run_miniworld.py:250] Evaluation iteration 154.
I1008 16:20:19.293525 47058921510720 run_miniworld.py:267] iteration: 154
 frame: 7700000
 eval_episode_return:  0.00
 train_episode_return:  0.00
 train_exploration_epsilon: 0.100
 train_frame_rate:  161
I1008 16:21:05.860248 47058921510720 run_miniworld.py:243] Data collection iteration 155.
I1008 16:26:18.261160 47058921510720 run_miniworld.py:250] Evaluation iteration 155.
I1008 16:26:41.285307 47058921510720 run_miniworld.py:267] iteration: 155
 frame: 7750000
 eval_episode_return:  0.00
 train_episode_return:  0.00
 train_exploration_epsilon: 0.100
 train_frame_rate:  160
I1008 16:27:28.626755 47058921510720 run_miniworld.py:243] Data collection iteration 156.
I1008 16:32:37.536032 47058921510720 run_miniworld.py:250] Evaluation iteration 156.
I1008 16:33:00.447700 47058921510720 run_miniworld.py:267] iteration: 156
 frame: 7800000
 eval_episode_return:  0.00
 train_episode_return:  0.00
 train_exploration_epsilon: 0.100
 train_frame_rate:  162
I1008 16:33:46.826272 47058921510720 run_miniworld.py:243] Data collection iteration 157.
I1008 16:38:58.744105 47058921510720 run_miniworld.py:250] Evaluation iteration 157.
I1008 16:39:21.870746 47058921510720 run_miniworld.py:267] iteration: 157
 frame: 7850000
 eval_episode_return:  0.00
 train_episode_return:  0.00
 train_exploration_epsilon: 0.100
 train_frame_rate:  160
I1008 16:40:09.215007 47058921510720 run_miniworld.py:243] Data collection iteration 158.
I1008 16:45:18.707087 47058921510720 run_miniworld.py:250] Evaluation iteration 158.
I1008 16:45:41.607635 47058921510720 run_miniworld.py:267] iteration: 158
 frame: 7900000
 eval_episode_return:  0.00
 train_episode_return:  0.00
 train_exploration_epsilon: 0.100
 train_frame_rate:  162
I1008 16:46:27.812766 47058921510720 run_miniworld.py:243] Data collection iteration 159.
I1008 16:51:39.113747 47058921510720 run_miniworld.py:250] Evaluation iteration 159.
I1008 16:52:02.085890 47058921510720 run_miniworld.py:267] iteration: 159
 frame: 7950000
 eval_episode_return:  0.00
 train_episode_return:  0.00
 train_exploration_epsilon: 0.100
 train_frame_rate:  161
I1008 16:52:49.273381 47058921510720 run_miniworld.py:243] Data collection iteration 160.
