I1007 23:42:49.279940 47424429676352 xla_bridge.py:355] Unable to initialize backend 'tpu_driver': NOT_FOUND: Unable to find driver in registry given worker: 
I1007 23:42:49.400301 47424429676352 xla_bridge.py:355] Unable to initialize backend 'rocm': NOT_FOUND: Could not find registered platform with name: "rocm". Available platform names are: Interpreter Host CUDA
I1007 23:42:49.400804 47424429676352 xla_bridge.py:355] Unable to initialize backend 'tpu': module 'jaxlib.xla_extension' has no attribute 'get_tpu_client'
I1007 23:42:49.400935 47424429676352 xla_bridge.py:355] Unable to initialize backend 'plugin': xla_extension has no attributes named get_plugin_device_client. Compile TensorFlow with //tensorflow/compiler/xla/python:enable_plugin_device set to true (defaults to false) to enable this.
I1007 23:42:49.401052 47424429676352 run_miniworld.py:102] Collecting data on MiniWorld on gpu.
I1007 23:42:53.816991 47424429676352 run_miniworld.py:138] Observation shape: (60, 80, 3)
I1007 23:43:03.454315 47424429676352 run_miniworld.py:243] Data collection iteration 0.
I1007 23:44:27.793581 47424429676352 run_miniworld.py:250] Evaluation iteration 0.
/home/mklissa/DCEO/lib/python3.8/site-packages/distrax/_src/distributions/categorical.py:96: UserWarning: Explicitly requested dtype <class 'jax.numpy.int64'> requested in astype is not available, and will be truncated to dtype int32. To enable more dtypes, set the jax_enable_x64 configuration option or the JAX_ENABLE_X64 shell environment variable. See https://github.com/google/jax#current-gotchas for more.
  return draws.astype(self._dtype)
I1007 23:44:49.755753 47424429676352 run_miniworld.py:267] iteration:   0
 frame:     0
 eval_episode_return:  0.00
 train_episode_return:  0.00
 train_exploration_epsilon: 1.000
 train_frame_rate:  593
I1007 23:45:37.898379 47424429676352 run_miniworld.py:243] Data collection iteration 1.
I1007 23:45:37.982995 47424429676352 dceo_agent.py:296] Begin learning
I1007 23:50:55.252385 47424429676352 run_miniworld.py:250] Evaluation iteration 1.
I1007 23:51:17.987352 47424429676352 run_miniworld.py:267] iteration:   1
 frame: 50000
 eval_episode_return:  0.00
 train_episode_return:  0.08
 train_exploration_epsilon: 0.978
 train_frame_rate:  158
I1007 23:52:04.101799 47424429676352 run_miniworld.py:243] Data collection iteration 2.
I1007 23:57:04.971503 47424429676352 run_miniworld.py:250] Evaluation iteration 2.
I1007 23:57:27.100149 47424429676352 run_miniworld.py:267] iteration:   2
 frame: 100000
 eval_episode_return:  0.00
 train_episode_return:  0.00
 train_exploration_epsilon: 0.955
 train_frame_rate:  166
I1007 23:58:13.295387 47424429676352 run_miniworld.py:243] Data collection iteration 3.
I1008 00:03:06.189423 47424429676352 run_miniworld.py:250] Evaluation iteration 3.
I1008 00:03:27.764263 47424429676352 run_miniworld.py:267] iteration:   3
 frame: 150000
 eval_episode_return:  0.00
 train_episode_return:  0.00
 train_exploration_epsilon: 0.933
 train_frame_rate:  171
I1008 00:04:15.164915 47424429676352 run_miniworld.py:243] Data collection iteration 4.
I1008 00:09:08.583398 47424429676352 run_miniworld.py:250] Evaluation iteration 4.
I1008 00:09:30.373309 47424429676352 run_miniworld.py:267] iteration:   4
 frame: 200000
 eval_episode_return:  0.00
 train_episode_return:  0.00
 train_exploration_epsilon: 0.910
 train_frame_rate:  170
I1008 00:10:16.683654 47424429676352 run_miniworld.py:243] Data collection iteration 5.
I1008 00:15:10.074854 47424429676352 run_miniworld.py:250] Evaluation iteration 5.
I1008 00:15:31.779732 47424429676352 run_miniworld.py:267] iteration:   5
 frame: 250000
 eval_episode_return:  0.00
 train_episode_return:  0.00
 train_exploration_epsilon: 0.888
 train_frame_rate:  170
I1008 00:16:18.213275 47424429676352 run_miniworld.py:243] Data collection iteration 6.
I1008 00:21:12.207911 47424429676352 run_miniworld.py:250] Evaluation iteration 6.
I1008 00:21:33.934889 47424429676352 run_miniworld.py:267] iteration:   6
 frame: 300000
 eval_episode_return:  0.00
 train_episode_return:  0.00
 train_exploration_epsilon: 0.865
 train_frame_rate:  170
I1008 00:22:20.856692 47424429676352 run_miniworld.py:243] Data collection iteration 7.
I1008 00:27:18.669890 47424429676352 run_miniworld.py:250] Evaluation iteration 7.
I1008 00:27:40.460333 47424429676352 run_miniworld.py:267] iteration:   7
 frame: 350000
 eval_episode_return:  0.00
 train_episode_return:  0.00
 train_exploration_epsilon: 0.843
 train_frame_rate:  168
I1008 00:28:26.641397 47424429676352 run_miniworld.py:243] Data collection iteration 8.
I1008 00:33:25.890893 47424429676352 run_miniworld.py:250] Evaluation iteration 8.
I1008 00:33:47.693003 47424429676352 run_miniworld.py:267] iteration:   8
 frame: 400000
 eval_episode_return:  0.00
 train_episode_return:  0.00
 train_exploration_epsilon: 0.820
 train_frame_rate:  167
I1008 00:34:34.767155 47424429676352 run_miniworld.py:243] Data collection iteration 9.
I1008 00:39:36.055127 47424429676352 run_miniworld.py:250] Evaluation iteration 9.
I1008 00:39:57.714708 47424429676352 run_miniworld.py:267] iteration:   9
 frame: 450000
 eval_episode_return:  0.00
 train_episode_return:  0.00
 train_exploration_epsilon: 0.798
 train_frame_rate:  166
I1008 00:40:45.413511 47424429676352 run_miniworld.py:243] Data collection iteration 10.
I1008 00:45:48.108297 47424429676352 run_miniworld.py:250] Evaluation iteration 10.
I1008 00:46:09.957396 47424429676352 run_miniworld.py:267] iteration:  10
 frame: 500000
 eval_episode_return:  0.00
 train_episode_return:  0.00
 train_exploration_epsilon: 0.775
 train_frame_rate:  165
I1008 00:46:57.855423 47424429676352 run_miniworld.py:243] Data collection iteration 11.
I1008 00:52:02.695942 47424429676352 run_miniworld.py:250] Evaluation iteration 11.
I1008 00:52:24.516247 47424429676352 run_miniworld.py:267] iteration:  11
 frame: 550000
 eval_episode_return:  0.00
 train_episode_return:  0.00
 train_exploration_epsilon: 0.753
 train_frame_rate:  164
I1008 00:53:11.316590 47424429676352 run_miniworld.py:243] Data collection iteration 12.
I1008 00:58:19.125708 47424429676352 run_miniworld.py:250] Evaluation iteration 12.
I1008 00:58:40.981966 47424429676352 run_miniworld.py:267] iteration:  12
 frame: 600000
 eval_episode_return:  0.00
 train_episode_return:  0.00
 train_exploration_epsilon: 0.730
 train_frame_rate:  162
I1008 00:59:28.453240 47424429676352 run_miniworld.py:243] Data collection iteration 13.
I1008 01:04:37.156287 47424429676352 run_miniworld.py:250] Evaluation iteration 13.
I1008 01:04:58.941814 47424429676352 run_miniworld.py:267] iteration:  13
 frame: 650000
 eval_episode_return:  0.00
 train_episode_return:  0.00
 train_exploration_epsilon: 0.708
 train_frame_rate:  162
I1008 01:05:47.164807 47424429676352 run_miniworld.py:243] Data collection iteration 14.
I1008 01:10:57.411593 47424429676352 run_miniworld.py:250] Evaluation iteration 14.
I1008 01:11:19.432966 47424429676352 run_miniworld.py:267] iteration:  14
 frame: 700000
 eval_episode_return:  0.00
 train_episode_return:  0.00
 train_exploration_epsilon: 0.685
 train_frame_rate:  161
I1008 01:12:05.787528 47424429676352 run_miniworld.py:243] Data collection iteration 15.
I1008 01:17:19.347517 47424429676352 run_miniworld.py:250] Evaluation iteration 15.
I1008 01:17:41.404220 47424429676352 run_miniworld.py:267] iteration:  15
 frame: 750000
 eval_episode_return:  0.00
 train_episode_return:  0.00
 train_exploration_epsilon: 0.663
 train_frame_rate:  159
I1008 01:18:28.828654 47424429676352 run_miniworld.py:243] Data collection iteration 16.
I1008 01:23:40.781220 47424429676352 run_miniworld.py:250] Evaluation iteration 16.
I1008 01:24:02.614586 47424429676352 run_miniworld.py:267] iteration:  16
 frame: 800000
 eval_episode_return:  0.00
 train_episode_return:  0.00
 train_exploration_epsilon: 0.640
 train_frame_rate:  160
I1008 01:24:49.811673 47424429676352 run_miniworld.py:243] Data collection iteration 17.
I1008 01:30:03.276164 47424429676352 run_miniworld.py:250] Evaluation iteration 17.
I1008 01:30:25.405537 47424429676352 run_miniworld.py:267] iteration:  17
 frame: 850000
 eval_episode_return:  0.00
 train_episode_return:  0.00
 train_exploration_epsilon: 0.618
 train_frame_rate:  160
I1008 01:31:13.241481 47424429676352 run_miniworld.py:243] Data collection iteration 18.
I1008 01:36:29.220081 47424429676352 run_miniworld.py:250] Evaluation iteration 18.
I1008 01:36:51.218855 47424429676352 run_miniworld.py:267] iteration:  18
 frame: 900000
 eval_episode_return:  0.00
 train_episode_return:  0.00
 train_exploration_epsilon: 0.595
 train_frame_rate:  158
I1008 01:37:37.964730 47424429676352 run_miniworld.py:243] Data collection iteration 19.
I1008 01:42:54.480355 47424429676352 run_miniworld.py:250] Evaluation iteration 19.
I1008 01:43:16.355052 47424429676352 run_miniworld.py:267] iteration:  19
 frame: 950000
 eval_episode_return:  0.00
 train_episode_return:  0.00
 train_exploration_epsilon: 0.573
 train_frame_rate:  158
I1008 01:44:03.203991 47424429676352 run_miniworld.py:243] Data collection iteration 20.
I1008 01:49:17.643819 47424429676352 run_miniworld.py:250] Evaluation iteration 20.
I1008 01:49:39.485817 47424429676352 run_miniworld.py:267] iteration:  20
 frame: 1000000
 eval_episode_return:  0.00
 train_episode_return:  0.00
 train_exploration_epsilon: 0.550
 train_frame_rate:  159
I1008 01:50:26.716299 47424429676352 run_miniworld.py:243] Data collection iteration 21.
I1008 01:55:40.550613 47424429676352 run_miniworld.py:250] Evaluation iteration 21.
I1008 01:56:02.402911 47424429676352 run_miniworld.py:267] iteration:  21
 frame: 1050000
 eval_episode_return:  0.00
 train_episode_return:  0.00
 train_exploration_epsilon: 0.528
 train_frame_rate:  159
I1008 01:56:49.759896 47424429676352 run_miniworld.py:243] Data collection iteration 22.
I1008 02:02:05.651991 47424429676352 run_miniworld.py:250] Evaluation iteration 22.
I1008 02:02:27.597318 47424429676352 run_miniworld.py:267] iteration:  22
 frame: 1100000
 eval_episode_return:  0.00
 train_episode_return:  0.00
 train_exploration_epsilon: 0.505
 train_frame_rate:  158
I1008 02:03:14.166515 47424429676352 run_miniworld.py:243] Data collection iteration 23.
I1008 02:08:35.689958 47424429676352 run_miniworld.py:250] Evaluation iteration 23.
I1008 02:08:57.699782 47424429676352 run_miniworld.py:267] iteration:  23
 frame: 1150000
 eval_episode_return:  0.00
 train_episode_return:  0.00
 train_exploration_epsilon: 0.483
 train_frame_rate:  156
I1008 02:09:43.828798 47424429676352 run_miniworld.py:243] Data collection iteration 24.
I1008 02:15:01.293257 47424429676352 run_miniworld.py:250] Evaluation iteration 24.
I1008 02:15:23.256865 47424429676352 run_miniworld.py:267] iteration:  24
 frame: 1200000
 eval_episode_return:  0.00
 train_episode_return:  0.00
 train_exploration_epsilon: 0.460
 train_frame_rate:  157
I1008 02:16:09.939332 47424429676352 run_miniworld.py:243] Data collection iteration 25.
I1008 02:21:27.216122 47424429676352 run_miniworld.py:250] Evaluation iteration 25.
I1008 02:21:49.215431 47424429676352 run_miniworld.py:267] iteration:  25
 frame: 1250000
 eval_episode_return:  0.00
 train_episode_return:  0.00
 train_exploration_epsilon: 0.438
 train_frame_rate:  158
I1008 02:22:36.680495 47424429676352 run_miniworld.py:243] Data collection iteration 26.
I1008 02:27:54.524329 47424429676352 run_miniworld.py:250] Evaluation iteration 26.
I1008 02:28:16.513133 47424429676352 run_miniworld.py:267] iteration:  26
 frame: 1300000
 eval_episode_return:  0.00
 train_episode_return:  0.00
 train_exploration_epsilon: 0.415
 train_frame_rate:  157
I1008 02:29:03.643754 47424429676352 run_miniworld.py:243] Data collection iteration 27.
I1008 02:34:22.254350 47424429676352 run_miniworld.py:250] Evaluation iteration 27.
I1008 02:34:44.367987 47424429676352 run_miniworld.py:267] iteration:  27
 frame: 1350000
 eval_episode_return:  0.00
 train_episode_return:  0.00
 train_exploration_epsilon: 0.393
 train_frame_rate:  157
I1008 02:35:32.152902 47424429676352 run_miniworld.py:243] Data collection iteration 28.
I1008 02:40:50.432502 47424429676352 run_miniworld.py:250] Evaluation iteration 28.
I1008 02:41:12.456634 47424429676352 run_miniworld.py:267] iteration:  28
 frame: 1400000
 eval_episode_return:  0.00
 train_episode_return:  0.00
 train_exploration_epsilon: 0.370
 train_frame_rate:  157
I1008 02:41:59.327333 47424429676352 run_miniworld.py:243] Data collection iteration 29.
I1008 02:47:18.259298 47424429676352 run_miniworld.py:250] Evaluation iteration 29.
I1008 02:47:40.410351 47424429676352 run_miniworld.py:267] iteration:  29
 frame: 1450000
 eval_episode_return:  0.00
 train_episode_return:  0.00
 train_exploration_epsilon: 0.348
 train_frame_rate:  157
I1008 02:48:28.848756 47424429676352 run_miniworld.py:243] Data collection iteration 30.
I1008 02:53:47.391151 47424429676352 run_miniworld.py:250] Evaluation iteration 30.
I1008 02:54:09.471348 47424429676352 run_miniworld.py:267] iteration:  30
 frame: 1500000
 eval_episode_return:  0.00
 train_episode_return:  0.00
 train_exploration_epsilon: 0.325
 train_frame_rate:  157
I1008 02:54:56.454264 47424429676352 run_miniworld.py:243] Data collection iteration 31.
I1008 03:00:16.026535 47424429676352 run_miniworld.py:250] Evaluation iteration 31.
I1008 03:00:38.358726 47424429676352 run_miniworld.py:267] iteration:  31
 frame: 1550000
 eval_episode_return:  0.00
 train_episode_return:  0.00
 train_exploration_epsilon: 0.303
 train_frame_rate:  156
I1008 03:01:25.388258 47424429676352 run_miniworld.py:243] Data collection iteration 32.
I1008 03:06:43.811222 47424429676352 run_miniworld.py:250] Evaluation iteration 32.
I1008 03:07:05.948820 47424429676352 run_miniworld.py:267] iteration:  32
 frame: 1600000
 eval_episode_return:  0.00
 train_episode_return:  0.00
 train_exploration_epsilon: 0.280
 train_frame_rate:  157
I1008 03:07:52.505540 47424429676352 run_miniworld.py:243] Data collection iteration 33.
I1008 03:13:11.028636 47424429676352 run_miniworld.py:250] Evaluation iteration 33.
I1008 03:13:33.262221 47424429676352 run_miniworld.py:267] iteration:  33
 frame: 1650000
 eval_episode_return:  0.00
 train_episode_return:  0.00
 train_exploration_epsilon: 0.258
 train_frame_rate:  157
I1008 03:14:20.374441 47424429676352 run_miniworld.py:243] Data collection iteration 34.
I1008 03:19:38.664948 47424429676352 run_miniworld.py:250] Evaluation iteration 34.
I1008 03:20:00.838096 47424429676352 run_miniworld.py:267] iteration:  34
 frame: 1700000
 eval_episode_return:  0.00
 train_episode_return:  0.00
 train_exploration_epsilon: 0.235
 train_frame_rate:  157
I1008 03:20:49.579204 47424429676352 run_miniworld.py:243] Data collection iteration 35.
I1008 03:26:07.558030 47424429676352 run_miniworld.py:250] Evaluation iteration 35.
I1008 03:26:29.713190 47424429676352 run_miniworld.py:267] iteration:  35
 frame: 1750000
 eval_episode_return:  0.00
 train_episode_return:  0.00
 train_exploration_epsilon: 0.213
 train_frame_rate:  157
I1008 03:27:17.222967 47424429676352 run_miniworld.py:243] Data collection iteration 36.
I1008 03:32:36.628655 47424429676352 run_miniworld.py:250] Evaluation iteration 36.
I1008 03:32:58.796942 47424429676352 run_miniworld.py:267] iteration:  36
 frame: 1800000
 eval_episode_return:  0.00
 train_episode_return:  0.00
 train_exploration_epsilon: 0.190
 train_frame_rate:  157
I1008 03:33:45.516267 47424429676352 run_miniworld.py:243] Data collection iteration 37.
I1008 03:39:05.690743 47424429676352 run_miniworld.py:250] Evaluation iteration 37.
I1008 03:39:27.836392 47424429676352 run_miniworld.py:267] iteration:  37
 frame: 1850000
 eval_episode_return:  0.00
 train_episode_return:  0.00
 train_exploration_epsilon: 0.168
 train_frame_rate:  156
I1008 03:40:15.928343 47424429676352 run_miniworld.py:243] Data collection iteration 38.
I1008 03:45:38.795471 47424429676352 run_miniworld.py:250] Evaluation iteration 38.
I1008 03:46:01.005233 47424429676352 run_miniworld.py:267] iteration:  38
 frame: 1900000
 eval_episode_return:  0.00
 train_episode_return:  0.00
 train_exploration_epsilon: 0.145
 train_frame_rate:  155
I1008 03:46:48.126917 47424429676352 run_miniworld.py:243] Data collection iteration 39.
I1008 03:52:10.309948 47424429676352 run_miniworld.py:250] Evaluation iteration 39.
I1008 03:52:32.394312 47424429676352 run_miniworld.py:267] iteration:  39
 frame: 1950000
 eval_episode_return:  0.00
 train_episode_return:  0.00
 train_exploration_epsilon: 0.123
 train_frame_rate:  155
I1008 03:53:19.373967 47424429676352 run_miniworld.py:243] Data collection iteration 40.
I1008 03:58:42.424224 47424429676352 run_miniworld.py:250] Evaluation iteration 40.
I1008 03:59:04.491023 47424429676352 run_miniworld.py:267] iteration:  40
 frame: 2000000
 eval_episode_return:  0.00
 train_episode_return:  0.00
 train_exploration_epsilon: 0.100
 train_frame_rate:  155
I1008 03:59:51.259201 47424429676352 run_miniworld.py:243] Data collection iteration 41.
I1008 04:05:13.903754 47424429676352 run_miniworld.py:250] Evaluation iteration 41.
I1008 04:05:36.011600 47424429676352 run_miniworld.py:267] iteration:  41
 frame: 2050000
 eval_episode_return:  0.00
 train_episode_return:  0.00
 train_exploration_epsilon: 0.100
 train_frame_rate:  155
I1008 04:06:23.649219 47424429676352 run_miniworld.py:243] Data collection iteration 42.
I1008 04:11:44.885458 47424429676352 run_miniworld.py:250] Evaluation iteration 42.
I1008 04:12:06.961866 47424429676352 run_miniworld.py:267] iteration:  42
 frame: 2100000
 eval_episode_return:  0.00
 train_episode_return:  0.00
 train_exploration_epsilon: 0.100
 train_frame_rate:  156
I1008 04:12:54.166837 47424429676352 run_miniworld.py:243] Data collection iteration 43.
I1008 04:18:15.686521 47424429676352 run_miniworld.py:250] Evaluation iteration 43.
I1008 04:18:37.791046 47424429676352 run_miniworld.py:267] iteration:  43
 frame: 2150000
 eval_episode_return:  0.00
 train_episode_return:  0.00
 train_exploration_epsilon: 0.100
 train_frame_rate:  156
I1008 04:19:25.695817 47424429676352 run_miniworld.py:243] Data collection iteration 44.
I1008 04:24:47.381165 47424429676352 run_miniworld.py:250] Evaluation iteration 44.
I1008 04:25:09.459639 47424429676352 run_miniworld.py:267] iteration:  44
 frame: 2200000
 eval_episode_return:  0.00
 train_episode_return:  0.00
 train_exploration_epsilon: 0.100
 train_frame_rate:  155
I1008 04:25:56.446689 47424429676352 run_miniworld.py:243] Data collection iteration 45.
I1008 04:31:14.821581 47424429676352 run_miniworld.py:250] Evaluation iteration 45.
I1008 04:31:36.786457 47424429676352 run_miniworld.py:267] iteration:  45
 frame: 2250000
 eval_episode_return:  0.00
 train_episode_return:  0.00
 train_exploration_epsilon: 0.100
 train_frame_rate:  157
I1008 04:32:24.465233 47424429676352 run_miniworld.py:243] Data collection iteration 46.
I1008 04:37:33.410480 47424429676352 run_miniworld.py:250] Evaluation iteration 46.
I1008 04:37:55.427153 47424429676352 run_miniworld.py:267] iteration:  46
 frame: 2300000
 eval_episode_return:  0.00
 train_episode_return:  0.00
 train_exploration_epsilon: 0.100
 train_frame_rate:  162
I1008 04:38:41.873659 47424429676352 run_miniworld.py:243] Data collection iteration 47.
I1008 04:43:52.162012 47424429676352 run_miniworld.py:250] Evaluation iteration 47.
I1008 04:44:14.105825 47424429676352 run_miniworld.py:267] iteration:  47
 frame: 2350000
 eval_episode_return:  0.00
 train_episode_return:  0.00
 train_exploration_epsilon: 0.100
 train_frame_rate:  161
I1008 04:45:02.867609 47424429676352 run_miniworld.py:243] Data collection iteration 48.
I1008 04:50:13.333431 47424429676352 run_miniworld.py:250] Evaluation iteration 48.
I1008 04:50:35.590495 47424429676352 run_miniworld.py:267] iteration:  48
 frame: 2400000
 eval_episode_return:  0.00
 train_episode_return:  0.00
 train_exploration_epsilon: 0.100
 train_frame_rate:  161
I1008 04:51:22.342932 47424429676352 run_miniworld.py:243] Data collection iteration 49.
I1008 04:56:33.366524 47424429676352 run_miniworld.py:250] Evaluation iteration 49.
I1008 04:56:55.553352 47424429676352 run_miniworld.py:267] iteration:  49
 frame: 2450000
 eval_episode_return:  0.00
 train_episode_return:  0.00
 train_exploration_epsilon: 0.100
 train_frame_rate:  161
I1008 04:57:42.410693 47424429676352 run_miniworld.py:243] Data collection iteration 50.
I1008 05:02:53.339758 47424429676352 run_miniworld.py:250] Evaluation iteration 50.
I1008 05:03:15.436540 47424429676352 run_miniworld.py:267] iteration:  50
 frame: 2500000
 eval_episode_return:  0.00
 train_episode_return:  0.00
 train_exploration_epsilon: 0.100
 train_frame_rate:  161
I1008 05:04:04.374659 47424429676352 run_miniworld.py:243] Data collection iteration 51.
I1008 05:09:19.245397 47424429676352 run_miniworld.py:250] Evaluation iteration 51.
I1008 05:09:41.555173 47424429676352 run_miniworld.py:267] iteration:  51
 frame: 2550000
 eval_episode_return:  0.00
 train_episode_return:  0.00
 train_exploration_epsilon: 0.100
 train_frame_rate:  159
I1008 05:10:28.043005 47424429676352 run_miniworld.py:243] Data collection iteration 52.
I1008 05:15:38.290793 47424429676352 run_miniworld.py:250] Evaluation iteration 52.
I1008 05:16:00.583482 47424429676352 run_miniworld.py:267] iteration:  52
 frame: 2600000
 eval_episode_return:  0.00
 train_episode_return:  0.00
 train_exploration_epsilon: 0.100
 train_frame_rate:  161
I1008 05:16:47.468081 47424429676352 run_miniworld.py:243] Data collection iteration 53.
I1008 05:21:58.324982 47424429676352 run_miniworld.py:250] Evaluation iteration 53.
I1008 05:22:20.700204 47424429676352 run_miniworld.py:267] iteration:  53
 frame: 2650000
 eval_episode_return:  0.00
 train_episode_return:  0.00
 train_exploration_epsilon: 0.100
 train_frame_rate:  161
I1008 05:23:08.815236 47424429676352 run_miniworld.py:243] Data collection iteration 54.
I1008 05:28:19.121219 47424429676352 run_miniworld.py:250] Evaluation iteration 54.
I1008 05:28:41.461645 47424429676352 run_miniworld.py:267] iteration:  54
 frame: 2700000
 eval_episode_return:  0.00
 train_episode_return:  0.00
 train_exploration_epsilon: 0.100
 train_frame_rate:  161
I1008 05:29:28.357505 47424429676352 run_miniworld.py:243] Data collection iteration 55.
I1008 05:34:39.521042 47424429676352 run_miniworld.py:250] Evaluation iteration 55.
I1008 05:35:01.799211 47424429676352 run_miniworld.py:267] iteration:  55
 frame: 2750000
 eval_episode_return:  0.00
 train_episode_return:  0.00
 train_exploration_epsilon: 0.100
 train_frame_rate:  161
I1008 05:35:48.714882 47424429676352 run_miniworld.py:243] Data collection iteration 56.
I1008 05:41:00.450145 47424429676352 run_miniworld.py:250] Evaluation iteration 56.
I1008 05:41:22.848362 47424429676352 run_miniworld.py:267] iteration:  56
 frame: 2800000
 eval_episode_return:  0.00
 train_episode_return:  0.00
 train_exploration_epsilon: 0.100
 train_frame_rate:  160
I1008 05:42:10.788252 47424429676352 run_miniworld.py:243] Data collection iteration 57.
I1008 05:47:31.669209 47424429676352 run_miniworld.py:250] Evaluation iteration 57.
I1008 05:47:55.942997 47424429676352 run_miniworld.py:267] iteration:  57
 frame: 2850000
 eval_episode_return:  0.00
 train_episode_return:  0.00
 train_exploration_epsilon: 0.100
 train_frame_rate:  156
I1008 05:48:44.490522 47424429676352 run_miniworld.py:243] Data collection iteration 58.
I1008 05:55:05.996397 47424429676352 run_miniworld.py:250] Evaluation iteration 58.
I1008 05:55:30.084302 47424429676352 run_miniworld.py:267] iteration:  58
 frame: 2900000
 eval_episode_return:  0.00
 train_episode_return:  0.00
 train_exploration_epsilon: 0.100
 train_frame_rate:  131
I1008 05:56:21.972670 47424429676352 run_miniworld.py:243] Data collection iteration 59.
I1008 06:02:45.549668 47424429676352 run_miniworld.py:250] Evaluation iteration 59.
I1008 06:03:09.480618 47424429676352 run_miniworld.py:267] iteration:  59
 frame: 2950000
 eval_episode_return:  0.00
 train_episode_return:  0.00
 train_exploration_epsilon: 0.100
 train_frame_rate:  130
I1008 06:03:57.953113 47424429676352 run_miniworld.py:243] Data collection iteration 60.
I1008 06:10:19.539534 47424429676352 run_miniworld.py:250] Evaluation iteration 60.
I1008 06:10:43.361170 47424429676352 run_miniworld.py:267] iteration:  60
 frame: 3000000
 eval_episode_return:  0.00
 train_episode_return:  0.00
 train_exploration_epsilon: 0.100
 train_frame_rate:  131
I1008 06:11:32.665352 47424429676352 run_miniworld.py:243] Data collection iteration 61.
I1008 06:17:54.136831 47424429676352 run_miniworld.py:250] Evaluation iteration 61.
I1008 06:18:18.117798 47424429676352 run_miniworld.py:267] iteration:  61
 frame: 3050000
 eval_episode_return:  0.00
 train_episode_return:  0.00
 train_exploration_epsilon: 0.100
 train_frame_rate:  131
I1008 06:19:07.682372 47424429676352 run_miniworld.py:243] Data collection iteration 62.
I1008 06:25:30.896052 47424429676352 run_miniworld.py:250] Evaluation iteration 62.
I1008 06:25:54.915820 47424429676352 run_miniworld.py:267] iteration:  62
 frame: 3100000
 eval_episode_return:  0.00
 train_episode_return:  0.00
 train_exploration_epsilon: 0.100
 train_frame_rate:  130
I1008 06:26:44.529302 47424429676352 run_miniworld.py:243] Data collection iteration 63.
I1008 06:33:08.778157 47424429676352 run_miniworld.py:250] Evaluation iteration 63.
I1008 06:33:32.741998 47424429676352 run_miniworld.py:267] iteration:  63
 frame: 3150000
 eval_episode_return:  0.00
 train_episode_return:  0.00
 train_exploration_epsilon: 0.100
 train_frame_rate:  130
I1008 06:34:22.342285 47424429676352 run_miniworld.py:243] Data collection iteration 64.
I1008 06:40:45.727942 47424429676352 run_miniworld.py:250] Evaluation iteration 64.
I1008 06:41:09.434115 47424429676352 run_miniworld.py:267] iteration:  64
 frame: 3200000
 eval_episode_return:  0.00
 train_episode_return:  0.00
 train_exploration_epsilon: 0.100
 train_frame_rate:  130
I1008 06:41:58.642140 47424429676352 run_miniworld.py:243] Data collection iteration 65.
I1008 06:48:22.342958 47424429676352 run_miniworld.py:250] Evaluation iteration 65.
I1008 06:48:46.226856 47424429676352 run_miniworld.py:267] iteration:  65
 frame: 3250000
 eval_episode_return:  0.00
 train_episode_return:  0.00
 train_exploration_epsilon: 0.100
 train_frame_rate:  130
I1008 06:49:34.821216 47424429676352 run_miniworld.py:243] Data collection iteration 66.
I1008 06:55:57.995531 47424429676352 run_miniworld.py:250] Evaluation iteration 66.
I1008 06:56:22.238995 47424429676352 run_miniworld.py:267] iteration:  66
 frame: 3300000
 eval_episode_return:  0.00
 train_episode_return:  0.00
 train_exploration_epsilon: 0.100
 train_frame_rate:  130
I1008 06:57:12.184143 47424429676352 run_miniworld.py:243] Data collection iteration 67.
I1008 07:03:35.189039 47424429676352 run_miniworld.py:250] Evaluation iteration 67.
I1008 07:03:59.480900 47424429676352 run_miniworld.py:267] iteration:  67
 frame: 3350000
 eval_episode_return:  0.00
 train_episode_return:  0.00
 train_exploration_epsilon: 0.100
 train_frame_rate:  131
I1008 07:04:48.411146 47424429676352 run_miniworld.py:243] Data collection iteration 68.
I1008 07:11:11.896609 47424429676352 run_miniworld.py:250] Evaluation iteration 68.
I1008 07:11:36.257591 47424429676352 run_miniworld.py:267] iteration:  68
 frame: 3400000
 eval_episode_return:  0.00
 train_episode_return:  0.00
 train_exploration_epsilon: 0.100
 train_frame_rate:  130
I1008 07:12:24.800388 47424429676352 run_miniworld.py:243] Data collection iteration 69.
I1008 07:18:46.810822 47424429676352 run_miniworld.py:250] Evaluation iteration 69.
I1008 07:19:10.652698 47424429676352 run_miniworld.py:267] iteration:  69
 frame: 3450000
 eval_episode_return:  0.00
 train_episode_return:  0.00
 train_exploration_epsilon: 0.100
 train_frame_rate:  131
I1008 07:20:00.082666 47424429676352 run_miniworld.py:243] Data collection iteration 70.
I1008 07:26:24.214773 47424429676352 run_miniworld.py:250] Evaluation iteration 70.
I1008 07:26:48.054574 47424429676352 run_miniworld.py:267] iteration:  70
 frame: 3500000
 eval_episode_return:  0.00
 train_episode_return:  0.00
 train_exploration_epsilon: 0.100
 train_frame_rate:  130
I1008 07:27:36.320364 47424429676352 run_miniworld.py:243] Data collection iteration 71.
I1008 07:34:01.024680 47424429676352 run_miniworld.py:250] Evaluation iteration 71.
I1008 07:34:24.604764 47424429676352 run_miniworld.py:267] iteration:  71
 frame: 3550000
 eval_episode_return:  0.00
 train_episode_return:  0.00
 train_exploration_epsilon: 0.100
 train_frame_rate:  130
I1008 07:35:13.920541 47424429676352 run_miniworld.py:243] Data collection iteration 72.
I1008 07:41:40.040940 47424429676352 run_miniworld.py:250] Evaluation iteration 72.
I1008 07:42:04.050753 47424429676352 run_miniworld.py:267] iteration:  72
 frame: 3600000
 eval_episode_return:  0.00
 train_episode_return:  0.00
 train_exploration_epsilon: 0.100
 train_frame_rate:  129
I1008 07:42:52.217899 47424429676352 run_miniworld.py:243] Data collection iteration 73.
I1008 07:49:25.133947 47424429676352 run_miniworld.py:250] Evaluation iteration 73.
I1008 07:49:49.167670 47424429676352 run_miniworld.py:267] iteration:  73
 frame: 3650000
 eval_episode_return:  0.00
 train_episode_return:  0.00
 train_exploration_epsilon: 0.100
 train_frame_rate:  127
I1008 07:50:39.577695 47424429676352 run_miniworld.py:243] Data collection iteration 74.
I1008 07:57:05.367730 47424429676352 run_miniworld.py:250] Evaluation iteration 74.
I1008 07:57:29.355720 47424429676352 run_miniworld.py:267] iteration:  74
 frame: 3700000
 eval_episode_return:  0.00
 train_episode_return:  0.00
 train_exploration_epsilon: 0.100
 train_frame_rate:  130
I1008 07:58:18.183303 47424429676352 run_miniworld.py:243] Data collection iteration 75.
I1008 08:04:34.251952 47424429676352 run_miniworld.py:250] Evaluation iteration 75.
I1008 08:04:56.402199 47424429676352 run_miniworld.py:267] iteration:  75
 frame: 3750000
 eval_episode_return:  0.00
 train_episode_return:  0.00
 train_exploration_epsilon: 0.100
 train_frame_rate:  133
I1008 08:05:44.537435 47424429676352 run_miniworld.py:243] Data collection iteration 76.
I1008 08:10:58.232658 47424429676352 run_miniworld.py:250] Evaluation iteration 76.
I1008 08:11:20.394057 47424429676352 run_miniworld.py:267] iteration:  76
 frame: 3800000
 eval_episode_return:  0.00
 train_episode_return:  0.00
 train_exploration_epsilon: 0.100
 train_frame_rate:  159
I1008 08:12:07.722177 47424429676352 run_miniworld.py:243] Data collection iteration 77.
I1008 08:17:21.167729 47424429676352 run_miniworld.py:250] Evaluation iteration 77.
I1008 08:17:43.465667 47424429676352 run_miniworld.py:267] iteration:  77
 frame: 3850000
 eval_episode_return:  0.00
 train_episode_return:  0.00
 train_exploration_epsilon: 0.100
 train_frame_rate:  160
I1008 08:18:30.511880 47424429676352 run_miniworld.py:243] Data collection iteration 78.
I1008 08:23:44.414115 47424429676352 run_miniworld.py:250] Evaluation iteration 78.
I1008 08:24:06.655582 47424429676352 run_miniworld.py:267] iteration:  78
 frame: 3900000
 eval_episode_return:  0.00
 train_episode_return:  0.00
 train_exploration_epsilon: 0.100
 train_frame_rate:  159
I1008 08:24:53.336507 47424429676352 run_miniworld.py:243] Data collection iteration 79.
I1008 08:30:07.396081 47424429676352 run_miniworld.py:250] Evaluation iteration 79.
I1008 08:30:29.654656 47424429676352 run_miniworld.py:267] iteration:  79
 frame: 3950000
 eval_episode_return:  0.00
 train_episode_return:  0.00
 train_exploration_epsilon: 0.100
 train_frame_rate:  159
I1008 08:31:20.320026 47424429676352 run_miniworld.py:243] Data collection iteration 80.
I1008 08:36:37.820226 47424429676352 run_miniworld.py:250] Evaluation iteration 80.
I1008 08:37:00.244446 47424429676352 run_miniworld.py:267] iteration:  80
 frame: 4000000
 eval_episode_return:  0.00
 train_episode_return:  0.00
 train_exploration_epsilon: 0.100
 train_frame_rate:  157
I1008 08:37:47.232235 47424429676352 run_miniworld.py:243] Data collection iteration 81.
I1008 08:42:59.457808 47424429676352 run_miniworld.py:250] Evaluation iteration 81.
I1008 08:43:21.660267 47424429676352 run_miniworld.py:267] iteration:  81
 frame: 4050000
 eval_episode_return:  0.00
 train_episode_return:  0.00
 train_exploration_epsilon: 0.100
 train_frame_rate:  160
I1008 08:44:08.747549 47424429676352 run_miniworld.py:243] Data collection iteration 82.
I1008 08:49:21.315203 47424429676352 run_miniworld.py:250] Evaluation iteration 82.
I1008 08:49:43.594543 47424429676352 run_miniworld.py:267] iteration:  82
 frame: 4100000
 eval_episode_return:  0.00
 train_episode_return:  0.00
 train_exploration_epsilon: 0.100
 train_frame_rate:  160
I1008 08:50:31.806248 47424429676352 run_miniworld.py:243] Data collection iteration 83.
I1008 08:55:42.379617 47424429676352 run_miniworld.py:250] Evaluation iteration 83.
I1008 08:56:04.773210 47424429676352 run_miniworld.py:267] iteration:  83
 frame: 4150000
 eval_episode_return:  0.00
 train_episode_return:  0.00
 train_exploration_epsilon: 0.100
 train_frame_rate:  161
I1008 08:56:51.892074 47424429676352 run_miniworld.py:243] Data collection iteration 84.
I1008 09:02:03.680622 47424429676352 run_miniworld.py:250] Evaluation iteration 84.
I1008 09:02:26.017289 47424429676352 run_miniworld.py:267] iteration:  84
 frame: 4200000
 eval_episode_return:  0.00
 train_episode_return:  0.00
 train_exploration_epsilon: 0.100
 train_frame_rate:  160
I1008 09:03:12.956447 47424429676352 run_miniworld.py:243] Data collection iteration 85.
I1008 09:08:24.368882 47424429676352 run_miniworld.py:250] Evaluation iteration 85.
I1008 09:08:46.856287 47424429676352 run_miniworld.py:267] iteration:  85
 frame: 4250000
 eval_episode_return:  0.00
 train_episode_return:  0.00
 train_exploration_epsilon: 0.100
 train_frame_rate:  161
I1008 09:09:33.865297 47424429676352 run_miniworld.py:243] Data collection iteration 86.
I1008 09:14:46.310014 47424429676352 run_miniworld.py:250] Evaluation iteration 86.
I1008 09:15:08.777588 47424429676352 run_miniworld.py:267] iteration:  86
 frame: 4300000
 eval_episode_return:  0.00
 train_episode_return:  0.00
 train_exploration_epsilon: 0.100
 train_frame_rate:  160
I1008 09:15:56.594116 47424429676352 run_miniworld.py:243] Data collection iteration 87.
I1008 09:21:07.143934 47424429676352 run_miniworld.py:250] Evaluation iteration 87.
I1008 09:21:29.383886 47424429676352 run_miniworld.py:267] iteration:  87
 frame: 4350000
 eval_episode_return:  0.00
 train_episode_return:  0.00
 train_exploration_epsilon: 0.100
 train_frame_rate:  161
I1008 09:22:16.130759 47424429676352 run_miniworld.py:243] Data collection iteration 88.
I1008 09:27:27.142019 47424429676352 run_miniworld.py:250] Evaluation iteration 88.
I1008 09:27:49.561457 47424429676352 run_miniworld.py:267] iteration:  88
 frame: 4400000
 eval_episode_return:  0.00
 train_episode_return:  0.00
 train_exploration_epsilon: 0.100
 train_frame_rate:  161
I1008 09:28:37.443847 47424429676352 run_miniworld.py:243] Data collection iteration 89.
I1008 09:33:47.905955 47424429676352 run_miniworld.py:250] Evaluation iteration 89.
I1008 09:34:10.330489 47424429676352 run_miniworld.py:267] iteration:  89
 frame: 4450000
 eval_episode_return:  0.00
 train_episode_return:  0.00
 train_exploration_epsilon: 0.100
 train_frame_rate:  161
I1008 09:34:57.524168 47424429676352 run_miniworld.py:243] Data collection iteration 90.
I1008 09:40:08.344266 47424429676352 run_miniworld.py:250] Evaluation iteration 90.
I1008 09:40:30.524976 47424429676352 run_miniworld.py:267] iteration:  90
 frame: 4500000
 eval_episode_return:  0.00
 train_episode_return:  0.00
 train_exploration_epsilon: 0.100
 train_frame_rate:  161
I1008 09:41:18.607930 47424429676352 run_miniworld.py:243] Data collection iteration 91.
I1008 09:46:29.407210 47424429676352 run_miniworld.py:250] Evaluation iteration 91.
I1008 09:46:51.555181 47424429676352 run_miniworld.py:267] iteration:  91
 frame: 4550000
 eval_episode_return:  0.00
 train_episode_return:  0.00
 train_exploration_epsilon: 0.100
 train_frame_rate:  161
I1008 09:47:38.545756 47424429676352 run_miniworld.py:243] Data collection iteration 92.
I1008 09:52:50.877839 47424429676352 run_miniworld.py:250] Evaluation iteration 92.
I1008 09:53:13.198904 47424429676352 run_miniworld.py:267] iteration:  92
 frame: 4600000
 eval_episode_return:  0.00
 train_episode_return:  0.00
 train_exploration_epsilon: 0.100
 train_frame_rate:  160
I1008 09:54:00.990866 47424429676352 run_miniworld.py:243] Data collection iteration 93.
I1008 09:59:12.458351 47424429676352 run_miniworld.py:250] Evaluation iteration 93.
I1008 09:59:34.752371 47424429676352 run_miniworld.py:267] iteration:  93
 frame: 4650000
 eval_episode_return:  0.00
 train_episode_return:  0.00
 train_exploration_epsilon: 0.100
 train_frame_rate:  161
I1008 10:00:21.405793 47424429676352 run_miniworld.py:243] Data collection iteration 94.
I1008 10:05:41.123820 47424429676352 run_miniworld.py:250] Evaluation iteration 94.
I1008 10:06:03.380888 47424429676352 run_miniworld.py:267] iteration:  94
 frame: 4700000
 eval_episode_return:  0.00
 train_episode_return:  0.00
 train_exploration_epsilon: 0.100
 train_frame_rate:  156
I1008 10:06:51.088569 47424429676352 run_miniworld.py:243] Data collection iteration 95.
I1008 10:12:02.866569 47424429676352 run_miniworld.py:250] Evaluation iteration 95.
I1008 10:12:25.019537 47424429676352 run_miniworld.py:267] iteration:  95
 frame: 4750000
 eval_episode_return:  0.00
 train_episode_return:  0.00
 train_exploration_epsilon: 0.100
 train_frame_rate:  160
I1008 10:13:12.384905 47424429676352 run_miniworld.py:243] Data collection iteration 96.
I1008 10:18:24.558793 47424429676352 run_miniworld.py:250] Evaluation iteration 96.
I1008 10:18:46.809508 47424429676352 run_miniworld.py:267] iteration:  96
 frame: 4800000
 eval_episode_return:  0.00
 train_episode_return:  0.00
 train_exploration_epsilon: 0.100
 train_frame_rate:  160
I1008 10:19:35.009107 47424429676352 run_miniworld.py:243] Data collection iteration 97.
I1008 10:24:46.432963 47424429676352 run_miniworld.py:250] Evaluation iteration 97.
I1008 10:25:08.753304 47424429676352 run_miniworld.py:267] iteration:  97
 frame: 4850000
 eval_episode_return:  0.00
 train_episode_return:  0.00
 train_exploration_epsilon: 0.100
 train_frame_rate:  161
I1008 10:25:56.016388 47424429676352 run_miniworld.py:243] Data collection iteration 98.
I1008 10:31:08.888670 47424429676352 run_miniworld.py:250] Evaluation iteration 98.
I1008 10:31:31.094079 47424429676352 run_miniworld.py:267] iteration:  98
 frame: 4900000
 eval_episode_return:  0.00
 train_episode_return:  0.00
 train_exploration_epsilon: 0.100
 train_frame_rate:  160
I1008 10:32:18.536569 47424429676352 run_miniworld.py:243] Data collection iteration 99.
I1008 10:37:31.063479 47424429676352 run_miniworld.py:250] Evaluation iteration 99.
I1008 10:37:53.444126 47424429676352 run_miniworld.py:267] iteration:  99
 frame: 4950000
 eval_episode_return:  0.00
 train_episode_return:  0.00
 train_exploration_epsilon: 0.100
 train_frame_rate:  160
I1008 10:38:40.409676 47424429676352 run_miniworld.py:243] Data collection iteration 100.
I1008 10:43:56.909375 47424429676352 run_miniworld.py:250] Evaluation iteration 100.
I1008 10:44:19.294111 47424429676352 run_miniworld.py:267] iteration: 100
 frame: 5000000
 eval_episode_return:  0.00
 train_episode_return:  0.00
 train_exploration_epsilon: 0.100
 train_frame_rate:  158
I1008 10:45:07.634651 47424429676352 run_miniworld.py:243] Data collection iteration 101.
I1008 10:50:19.346235 47424429676352 run_miniworld.py:250] Evaluation iteration 101.
I1008 10:50:41.623182 47424429676352 run_miniworld.py:267] iteration: 101
 frame: 5050000
 eval_episode_return:  0.00
 train_episode_return:  0.00
 train_exploration_epsilon: 0.100
 train_frame_rate:  160
I1008 10:51:28.675957 47424429676352 run_miniworld.py:243] Data collection iteration 102.
I1008 10:56:40.592887 47424429676352 run_miniworld.py:250] Evaluation iteration 102.
I1008 10:57:02.816668 47424429676352 run_miniworld.py:267] iteration: 102
 frame: 5100000
 eval_episode_return:  0.00
 train_episode_return:  0.00
 train_exploration_epsilon: 0.100
 train_frame_rate:  160
I1008 10:57:51.008606 47424429676352 run_miniworld.py:243] Data collection iteration 103.
I1008 11:03:03.214474 47424429676352 run_miniworld.py:250] Evaluation iteration 103.
I1008 11:03:25.519234 47424429676352 run_miniworld.py:267] iteration: 103
 frame: 5150000
 eval_episode_return:  0.00
 train_episode_return:  0.00
 train_exploration_epsilon: 0.100
 train_frame_rate:  160
I1008 11:04:14.691802 47424429676352 run_miniworld.py:243] Data collection iteration 104.
I1008 11:09:32.797845 47424429676352 run_miniworld.py:250] Evaluation iteration 104.
I1008 11:09:55.230821 47424429676352 run_miniworld.py:267] iteration: 104
 frame: 5200000
 eval_episode_return:  0.00
 train_episode_return:  0.00
 train_exploration_epsilon: 0.100
 train_frame_rate:  157
I1008 11:10:41.758601 47424429676352 run_miniworld.py:243] Data collection iteration 105.
I1008 11:15:55.041177 47424429676352 run_miniworld.py:250] Evaluation iteration 105.
I1008 11:16:17.358080 47424429676352 run_miniworld.py:267] iteration: 105
 frame: 5250000
 eval_episode_return:  0.00
 train_episode_return:  0.00
 train_exploration_epsilon: 0.100
 train_frame_rate:  160
I1008 11:17:05.232557 47424429676352 run_miniworld.py:243] Data collection iteration 106.
I1008 11:22:17.631571 47424429676352 run_miniworld.py:250] Evaluation iteration 106.
I1008 11:22:39.940491 47424429676352 run_miniworld.py:267] iteration: 106
 frame: 5300000
 eval_episode_return:  0.00
 train_episode_return:  0.00
 train_exploration_epsilon: 0.100
 train_frame_rate:  160
I1008 11:23:27.951376 47424429676352 run_miniworld.py:243] Data collection iteration 107.
I1008 11:28:37.853932 47424429676352 run_miniworld.py:250] Evaluation iteration 107.
I1008 11:29:00.135331 47424429676352 run_miniworld.py:267] iteration: 107
 frame: 5350000
 eval_episode_return:  0.00
 train_episode_return:  0.00
 train_exploration_epsilon: 0.100
 train_frame_rate:  161
I1008 11:29:47.353451 47424429676352 run_miniworld.py:243] Data collection iteration 108.
I1008 11:34:57.759500 47424429676352 run_miniworld.py:250] Evaluation iteration 108.
I1008 11:35:20.131898 47424429676352 run_miniworld.py:267] iteration: 108
 frame: 5400000
 eval_episode_return:  0.00
 train_episode_return:  0.00
 train_exploration_epsilon: 0.100
 train_frame_rate:  161
I1008 11:36:07.552268 47424429676352 run_miniworld.py:243] Data collection iteration 109.
I1008 11:41:18.297733 47424429676352 run_miniworld.py:250] Evaluation iteration 109.
I1008 11:41:40.778229 47424429676352 run_miniworld.py:267] iteration: 109
 frame: 5450000
 eval_episode_return:  0.00
 train_episode_return:  0.00
 train_exploration_epsilon: 0.100
 train_frame_rate:  161
I1008 11:42:27.442899 47424429676352 run_miniworld.py:243] Data collection iteration 110.
I1008 11:47:38.997368 47424429676352 run_miniworld.py:250] Evaluation iteration 110.
I1008 11:48:01.280429 47424429676352 run_miniworld.py:267] iteration: 110
 frame: 5500000
 eval_episode_return:  0.00
 train_episode_return:  0.00
 train_exploration_epsilon: 0.100
 train_frame_rate:  160
I1008 11:48:49.183098 47424429676352 run_miniworld.py:243] Data collection iteration 111.
I1008 11:53:59.077443 47424429676352 run_miniworld.py:250] Evaluation iteration 111.
I1008 11:54:21.550205 47424429676352 run_miniworld.py:267] iteration: 111
 frame: 5550000
 eval_episode_return:  0.00
 train_episode_return:  0.00
 train_exploration_epsilon: 0.100
 train_frame_rate:  161
I1008 11:55:08.635132 47424429676352 run_miniworld.py:243] Data collection iteration 112.
I1008 12:00:18.971615 47424429676352 run_miniworld.py:250] Evaluation iteration 112.
I1008 12:00:41.123967 47424429676352 run_miniworld.py:267] iteration: 112
 frame: 5600000
 eval_episode_return:  0.00
 train_episode_return:  0.00
 train_exploration_epsilon: 0.100
 train_frame_rate:  161
I1008 12:01:29.405644 47424429676352 run_miniworld.py:243] Data collection iteration 113.
I1008 12:06:40.882646 47424429676352 run_miniworld.py:250] Evaluation iteration 113.
I1008 12:07:03.295969 47424429676352 run_miniworld.py:267] iteration: 113
 frame: 5650000
 eval_episode_return:  0.00
 train_episode_return:  0.00
 train_exploration_epsilon: 0.100
 train_frame_rate:  161
I1008 12:07:52.693143 47424429676352 run_miniworld.py:243] Data collection iteration 114.
I1008 12:13:08.998751 47424429676352 run_miniworld.py:250] Evaluation iteration 114.
I1008 12:13:31.405123 47424429676352 run_miniworld.py:267] iteration: 114
 frame: 5700000
 eval_episode_return:  0.00
 train_episode_return:  0.00
 train_exploration_epsilon: 0.100
 train_frame_rate:  158
I1008 12:14:18.510761 47424429676352 run_miniworld.py:243] Data collection iteration 115.
I1008 12:19:28.867176 47424429676352 run_miniworld.py:250] Evaluation iteration 115.
I1008 12:19:51.199582 47424429676352 run_miniworld.py:267] iteration: 115
 frame: 5750000
 eval_episode_return:  0.00
 train_episode_return:  0.00
 train_exploration_epsilon: 0.100
 train_frame_rate:  161
I1008 12:20:38.368273 47424429676352 run_miniworld.py:243] Data collection iteration 116.
I1008 12:25:48.757203 47424429676352 run_miniworld.py:250] Evaluation iteration 116.
I1008 12:26:11.121864 47424429676352 run_miniworld.py:267] iteration: 116
 frame: 5800000
 eval_episode_return:  0.00
 train_episode_return:  0.00
 train_exploration_epsilon: 0.100
 train_frame_rate:  161
I1008 12:26:59.858938 47424429676352 run_miniworld.py:243] Data collection iteration 117.
I1008 12:32:10.003586 47424429676352 run_miniworld.py:250] Evaluation iteration 117.
I1008 12:32:32.347163 47424429676352 run_miniworld.py:267] iteration: 117
 frame: 5850000
 eval_episode_return:  0.00
 train_episode_return:  0.00
 train_exploration_epsilon: 0.100
 train_frame_rate:  161
I1008 12:33:19.722746 47424429676352 run_miniworld.py:243] Data collection iteration 118.
I1008 12:38:30.732116 47424429676352 run_miniworld.py:250] Evaluation iteration 118.
I1008 12:38:53.145936 47424429676352 run_miniworld.py:267] iteration: 118
 frame: 5900000
 eval_episode_return:  0.00
 train_episode_return:  0.00
 train_exploration_epsilon: 0.100
 train_frame_rate:  161
I1008 12:39:40.339555 47424429676352 run_miniworld.py:243] Data collection iteration 119.
I1008 12:44:49.938300 47424429676352 run_miniworld.py:250] Evaluation iteration 119.
I1008 12:45:12.248994 47424429676352 run_miniworld.py:267] iteration: 119
 frame: 5950000
 eval_episode_return:  0.00
 train_episode_return:  0.00
 train_exploration_epsilon: 0.100
 train_frame_rate:  161
I1008 12:45:59.541543 47424429676352 run_miniworld.py:243] Data collection iteration 120.
I1008 12:51:10.142834 47424429676352 run_miniworld.py:250] Evaluation iteration 120.
I1008 12:51:32.377999 47424429676352 run_miniworld.py:267] iteration: 120
 frame: 6000000
 eval_episode_return:  0.00
 train_episode_return:  0.00
 train_exploration_epsilon: 0.100
 train_frame_rate:  161
I1008 12:52:20.471755 47424429676352 run_miniworld.py:243] Data collection iteration 121.
I1008 12:57:30.923429 47424429676352 run_miniworld.py:250] Evaluation iteration 121.
I1008 12:57:53.317942 47424429676352 run_miniworld.py:267] iteration: 121
 frame: 6050000
 eval_episode_return:  0.00
 train_episode_return:  0.00
 train_exploration_epsilon: 0.100
 train_frame_rate:  161
I1008 12:58:41.609615 47424429676352 run_miniworld.py:243] Data collection iteration 122.
I1008 13:04:59.837256 47424429676352 run_miniworld.py:250] Evaluation iteration 122.
I1008 13:05:24.012295 47424429676352 run_miniworld.py:267] iteration: 122
 frame: 6100000
 eval_episode_return:  0.00
 train_episode_return:  0.00
 train_exploration_epsilon: 0.100
 train_frame_rate:  132
I1008 13:06:13.348474 47424429676352 run_miniworld.py:243] Data collection iteration 123.
I1008 13:12:29.830157 47424429676352 run_miniworld.py:250] Evaluation iteration 123.
I1008 13:12:53.869692 47424429676352 run_miniworld.py:267] iteration: 123
 frame: 6150000
 eval_episode_return:  0.00
 train_episode_return:  0.00
 train_exploration_epsilon: 0.100
 train_frame_rate:  133
I1008 13:13:42.266889 47424429676352 run_miniworld.py:243] Data collection iteration 124.
I1008 13:20:07.928890 47424429676352 run_miniworld.py:250] Evaluation iteration 124.
I1008 13:20:32.160300 47424429676352 run_miniworld.py:267] iteration: 124
 frame: 6200000
 eval_episode_return:  0.00
 train_episode_return:  0.00
 train_exploration_epsilon: 0.100
 train_frame_rate:  130
I1008 13:21:20.479858 47424429676352 run_miniworld.py:243] Data collection iteration 125.
I1008 13:27:37.413382 47424429676352 run_miniworld.py:250] Evaluation iteration 125.
I1008 13:28:01.464225 47424429676352 run_miniworld.py:267] iteration: 125
 frame: 6250000
 eval_episode_return:  0.00
 train_episode_return:  0.00
 train_exploration_epsilon: 0.100
 train_frame_rate:  133
I1008 13:28:50.813542 47424429676352 run_miniworld.py:243] Data collection iteration 126.
I1008 13:35:08.967675 47424429676352 run_miniworld.py:250] Evaluation iteration 126.
I1008 13:35:33.195564 47424429676352 run_miniworld.py:267] iteration: 126
 frame: 6300000
 eval_episode_return:  0.00
 train_episode_return:  0.00
 train_exploration_epsilon: 0.100
 train_frame_rate:  132
I1008 13:36:23.465752 47424429676352 run_miniworld.py:243] Data collection iteration 127.
I1008 13:42:41.095538 47424429676352 run_miniworld.py:250] Evaluation iteration 127.
I1008 13:43:05.186547 47424429676352 run_miniworld.py:267] iteration: 127
 frame: 6350000
 eval_episode_return:  0.00
 train_episode_return:  0.00
 train_exploration_epsilon: 0.100
 train_frame_rate:  132
I1008 13:43:54.383456 47424429676352 run_miniworld.py:243] Data collection iteration 128.
I1008 13:50:11.959325 47424429676352 run_miniworld.py:250] Evaluation iteration 128.
I1008 13:50:36.242603 47424429676352 run_miniworld.py:267] iteration: 128
 frame: 6400000
 eval_episode_return:  0.00
 train_episode_return:  0.00
 train_exploration_epsilon: 0.100
 train_frame_rate:  132
I1008 13:51:25.154737 47424429676352 run_miniworld.py:243] Data collection iteration 129.
I1008 13:57:40.257320 47424429676352 run_miniworld.py:250] Evaluation iteration 129.
I1008 13:58:04.268779 47424429676352 run_miniworld.py:267] iteration: 129
 frame: 6450000
 eval_episode_return:  0.00
 train_episode_return:  0.00
 train_exploration_epsilon: 0.100
 train_frame_rate:  133
I1008 13:58:53.000347 47424429676352 run_miniworld.py:243] Data collection iteration 130.
I1008 14:05:09.291686 47424429676352 run_miniworld.py:250] Evaluation iteration 130.
I1008 14:05:33.229115 47424429676352 run_miniworld.py:267] iteration: 130
 frame: 6500000
 eval_episode_return:  0.00
 train_episode_return:  0.00
 train_exploration_epsilon: 0.100
 train_frame_rate:  133
I1008 14:06:23.317780 47424429676352 run_miniworld.py:243] Data collection iteration 131.
I1008 14:12:38.672331 47424429676352 run_miniworld.py:250] Evaluation iteration 131.
I1008 14:13:02.814180 47424429676352 run_miniworld.py:267] iteration: 131
 frame: 6550000
 eval_episode_return:  0.00
 train_episode_return:  0.00
 train_exploration_epsilon: 0.100
 train_frame_rate:  133
I1008 14:13:54.246261 47424429676352 run_miniworld.py:243] Data collection iteration 132.
I1008 14:20:17.278204 47424429676352 run_miniworld.py:250] Evaluation iteration 132.
I1008 14:20:41.182162 47424429676352 run_miniworld.py:267] iteration: 132
 frame: 6600000
 eval_episode_return:  0.00
 train_episode_return:  0.00
 train_exploration_epsilon: 0.100
 train_frame_rate:  131
I1008 14:21:29.614972 47424429676352 run_miniworld.py:243] Data collection iteration 133.
I1008 14:27:44.061443 47424429676352 run_miniworld.py:250] Evaluation iteration 133.
I1008 14:28:07.990299 47424429676352 run_miniworld.py:267] iteration: 133
 frame: 6650000
 eval_episode_return:  0.00
 train_episode_return:  0.00
 train_exploration_epsilon: 0.100
 train_frame_rate:  134
I1008 14:28:56.980072 47424429676352 run_miniworld.py:243] Data collection iteration 134.
I1008 14:35:13.314505 47424429676352 run_miniworld.py:250] Evaluation iteration 134.
I1008 14:35:37.814378 47424429676352 run_miniworld.py:267] iteration: 134
 frame: 6700000
 eval_episode_return:  0.00
 train_episode_return:  0.00
 train_exploration_epsilon: 0.100
 train_frame_rate:  133
I1008 14:36:28.223181 47424429676352 run_miniworld.py:243] Data collection iteration 135.
I1008 14:42:45.801807 47424429676352 run_miniworld.py:250] Evaluation iteration 135.
I1008 14:43:10.466138 47424429676352 run_miniworld.py:267] iteration: 135
 frame: 6750000
 eval_episode_return:  0.00
 train_episode_return:  0.00
 train_exploration_epsilon: 0.100
 train_frame_rate:  132
I1008 14:43:59.685042 47424429676352 run_miniworld.py:243] Data collection iteration 136.
I1008 14:50:17.956502 47424429676352 run_miniworld.py:250] Evaluation iteration 136.
I1008 14:50:42.478075 47424429676352 run_miniworld.py:267] iteration: 136
 frame: 6800000
 eval_episode_return:  0.00
 train_episode_return:  0.00
 train_exploration_epsilon: 0.100
 train_frame_rate:  132
I1008 14:51:31.458387 47424429676352 run_miniworld.py:243] Data collection iteration 137.
I1008 14:57:47.422556 47424429676352 run_miniworld.py:250] Evaluation iteration 137.
I1008 14:58:11.865945 47424429676352 run_miniworld.py:267] iteration: 137
 frame: 6850000
 eval_episode_return:  0.00
 train_episode_return:  0.00
 train_exploration_epsilon: 0.100
 train_frame_rate:  133
I1008 14:59:02.254045 47424429676352 run_miniworld.py:243] Data collection iteration 138.
I1008 15:05:19.288527 47424429676352 run_miniworld.py:250] Evaluation iteration 138.
I1008 15:05:43.525727 47424429676352 run_miniworld.py:267] iteration: 138
 frame: 6900000
 eval_episode_return:  0.00
 train_episode_return:  0.00
 train_exploration_epsilon: 0.100
 train_frame_rate:  133
I1008 15:06:32.453036 47424429676352 run_miniworld.py:243] Data collection iteration 139.
I1008 15:12:49.316643 47424429676352 run_miniworld.py:250] Evaluation iteration 139.
I1008 15:13:13.623374 47424429676352 run_miniworld.py:267] iteration: 139
 frame: 6950000
 eval_episode_return:  0.00
 train_episode_return:  0.00
 train_exploration_epsilon: 0.100
 train_frame_rate:  133
I1008 15:14:02.861593 47424429676352 run_miniworld.py:243] Data collection iteration 140.
I1008 15:19:51.433480 47424429676352 run_miniworld.py:250] Evaluation iteration 140.
I1008 15:20:13.935819 47424429676352 run_miniworld.py:267] iteration: 140
 frame: 7000000
 eval_episode_return:  0.00
 train_episode_return:  0.04
 train_exploration_epsilon: 0.100
 train_frame_rate:  143
I1008 15:21:01.158485 47424429676352 run_miniworld.py:243] Data collection iteration 141.
I1008 15:26:14.494101 47424429676352 run_miniworld.py:250] Evaluation iteration 141.
I1008 15:26:36.873385 47424429676352 run_miniworld.py:267] iteration: 141
 frame: 7050000
 eval_episode_return:  0.00
 train_episode_return:  0.08
 train_exploration_epsilon: 0.100
 train_frame_rate:  160
I1008 15:27:25.539331 47424429676352 run_miniworld.py:243] Data collection iteration 142.
I1008 15:32:37.080982 47424429676352 run_miniworld.py:250] Evaluation iteration 142.
I1008 15:32:59.696490 47424429676352 run_miniworld.py:267] iteration: 142
 frame: 7100000
 eval_episode_return:  0.00
 train_episode_return:  0.17
 train_exploration_epsilon: 0.100
 train_frame_rate:  160
I1008 15:33:47.283160 47424429676352 run_miniworld.py:243] Data collection iteration 143.
I1008 15:39:00.876317 47424429676352 run_miniworld.py:250] Evaluation iteration 143.
I1008 15:39:23.427567 47424429676352 run_miniworld.py:267] iteration: 143
 frame: 7150000
 eval_episode_return:  0.00
 train_episode_return:  0.00
 train_exploration_epsilon: 0.100
 train_frame_rate:  159
I1008 15:40:10.916062 47424429676352 run_miniworld.py:243] Data collection iteration 144.
I1008 15:45:22.923520 47424429676352 run_miniworld.py:250] Evaluation iteration 144.
I1008 15:45:45.311177 47424429676352 run_miniworld.py:267] iteration: 144
 frame: 7200000
 eval_episode_return:  0.00
 train_episode_return:  0.04
 train_exploration_epsilon: 0.100
 train_frame_rate:  160
I1008 15:46:32.441982 47424429676352 run_miniworld.py:243] Data collection iteration 145.
I1008 15:51:46.303504 47424429676352 run_miniworld.py:250] Evaluation iteration 145.
I1008 15:52:08.857381 47424429676352 run_miniworld.py:267] iteration: 145
 frame: 7250000
 eval_episode_return:  0.00
 train_episode_return:  0.04
 train_exploration_epsilon: 0.100
 train_frame_rate:  159
I1008 15:52:57.678233 47424429676352 run_miniworld.py:243] Data collection iteration 146.
I1008 15:58:07.936587 47424429676352 run_miniworld.py:250] Evaluation iteration 146.
I1008 15:58:30.398683 47424429676352 run_miniworld.py:267] iteration: 146
 frame: 7300000
 eval_episode_return:  0.00
 train_episode_return:  0.04
 train_exploration_epsilon: 0.100
 train_frame_rate:  161
I1008 15:59:18.247402 47424429676352 run_miniworld.py:243] Data collection iteration 147.
I1008 16:04:28.530534 47424429676352 run_miniworld.py:250] Evaluation iteration 147.
I1008 16:04:51.158397 47424429676352 run_miniworld.py:267] iteration: 147
 frame: 7350000
 eval_episode_return:  0.00
 train_episode_return:  0.16
 train_exploration_epsilon: 0.100
 train_frame_rate:  161
I1008 16:05:38.975311 47424429676352 run_miniworld.py:243] Data collection iteration 148.
I1008 16:10:52.141838 47424429676352 run_miniworld.py:250] Evaluation iteration 148.
I1008 16:11:14.764178 47424429676352 run_miniworld.py:267] iteration: 148
 frame: 7400000
 eval_episode_return:  0.00
 train_episode_return:  0.00
 train_exploration_epsilon: 0.100
 train_frame_rate:  160
I1008 16:12:02.326980 47424429676352 run_miniworld.py:243] Data collection iteration 149.
I1008 16:17:14.654154 47424429676352 run_miniworld.py:250] Evaluation iteration 149.
I1008 16:17:37.197831 47424429676352 run_miniworld.py:267] iteration: 149
 frame: 7450000
 eval_episode_return:  0.00
 train_episode_return:  0.08
 train_exploration_epsilon: 0.100
 train_frame_rate:  160
I1008 16:18:24.515226 47424429676352 run_miniworld.py:243] Data collection iteration 150.
I1008 16:23:34.333587 47424429676352 run_miniworld.py:250] Evaluation iteration 150.
I1008 16:23:56.782279 47424429676352 run_miniworld.py:267] iteration: 150
 frame: 7500000
 eval_episode_return:  0.00
 train_episode_return:  0.00
 train_exploration_epsilon: 0.100
 train_frame_rate:  161
I1008 16:24:45.545528 47424429676352 run_miniworld.py:243] Data collection iteration 151.
I1008 16:29:56.492146 47424429676352 run_miniworld.py:250] Evaluation iteration 151.
I1008 16:30:19.046302 47424429676352 run_miniworld.py:267] iteration: 151
 frame: 7550000
 eval_episode_return:  0.00
 train_episode_return:  0.04
 train_exploration_epsilon: 0.100
 train_frame_rate:  161
I1008 16:31:05.984489 47424429676352 run_miniworld.py:243] Data collection iteration 152.
