I1017 00:20:15.845951 47216306734912 xla_bridge.py:355] Unable to initialize backend 'tpu_driver': NOT_FOUND: Unable to find driver in registry given worker: 
I1017 00:20:16.017821 47216306734912 xla_bridge.py:355] Unable to initialize backend 'rocm': NOT_FOUND: Could not find registered platform with name: "rocm". Available platform names are: Interpreter Host CUDA
I1017 00:20:16.018364 47216306734912 xla_bridge.py:355] Unable to initialize backend 'tpu': module 'jaxlib.xla_extension' has no attribute 'get_tpu_client'
I1017 00:20:16.018501 47216306734912 xla_bridge.py:355] Unable to initialize backend 'plugin': xla_extension has no attributes named get_plugin_device_client. Compile TensorFlow with //tensorflow/compiler/xla/python:enable_plugin_device set to true (defaults to false) to enable this.
I1017 00:20:16.018643 47216306734912 run_miniworld.py:102] Collecting data on MiniWorld on gpu.
I1017 00:20:20.873569 47216306734912 run_miniworld.py:138] Observation shape: (60, 80, 3)
I1017 00:20:28.104214 47216306734912 run_miniworld.py:243] Data collection iteration 0.
I1017 00:21:05.208918 47216306734912 run_miniworld.py:250] Evaluation iteration 0.
/home/mklissa/DCEO/lib/python3.8/site-packages/distrax/_src/distributions/categorical.py:96: UserWarning: Explicitly requested dtype <class 'jax.numpy.int64'> requested in astype is not available, and will be truncated to dtype int32. To enable more dtypes, set the jax_enable_x64 configuration option or the JAX_ENABLE_X64 shell environment variable. See https://github.com/google/jax#current-gotchas for more.
  return draws.astype(self._dtype)
I1017 00:21:15.352682 47216306734912 run_miniworld.py:267] iteration:   0
 frame:     0
 eval_episode_return:  0.00
 train_episode_return:  0.04
 train_exploration_epsilon: 1.000
 train_frame_rate:  674
I1017 00:21:19.094962 47216306734912 run_miniworld.py:243] Data collection iteration 1.
I1017 00:21:56.494973 47216306734912 run_miniworld.py:250] Evaluation iteration 1.
I1017 00:22:06.132641 47216306734912 run_miniworld.py:267] iteration:   1
 frame: 25000
 eval_episode_return:  0.00
 train_episode_return:  0.00
 train_exploration_epsilon: 1.000
 train_frame_rate:  668
I1017 00:22:09.113317 47216306734912 run_miniworld.py:243] Data collection iteration 2.
I1017 00:22:09.595110 47216306734912 dceo_agent.py:365] Begin learning
I1017 00:24:32.836690 47216306734912 run_miniworld.py:250] Evaluation iteration 2.
I1017 00:24:42.531541 47216306734912 run_miniworld.py:267] iteration:   2
 frame: 50000
 eval_episode_return:  0.00
 train_episode_return:  0.04
 train_exploration_epsilon: 0.955
 train_frame_rate:  174
I1017 00:24:45.243360 47216306734912 run_miniworld.py:243] Data collection iteration 3.
I1017 00:27:06.256814 47216306734912 run_miniworld.py:250] Evaluation iteration 3.
I1017 00:27:15.803524 47216306734912 run_miniworld.py:267] iteration:   3
 frame: 75000
 eval_episode_return:  0.00
 train_episode_return:  0.00
 train_exploration_epsilon: 0.910
 train_frame_rate:  177
I1017 00:27:18.977861 47216306734912 run_miniworld.py:243] Data collection iteration 4.
I1017 00:29:41.540772 47216306734912 run_miniworld.py:250] Evaluation iteration 4.
I1017 00:29:50.967831 47216306734912 run_miniworld.py:267] iteration:   4
 frame: 100000
 eval_episode_return:  0.00
 train_episode_return:  0.00
 train_exploration_epsilon: 0.865
 train_frame_rate:  175
I1017 00:29:54.007867 47216306734912 run_miniworld.py:243] Data collection iteration 5.
I1017 00:32:16.611799 47216306734912 run_miniworld.py:250] Evaluation iteration 5.
I1017 00:32:26.422270 47216306734912 run_miniworld.py:267] iteration:   5
 frame: 125000
 eval_episode_return:  0.00
 train_episode_return:  0.00
 train_exploration_epsilon: 0.820
 train_frame_rate:  175
I1017 00:32:29.426827 47216306734912 run_miniworld.py:243] Data collection iteration 6.
I1017 00:34:51.404965 47216306734912 run_miniworld.py:250] Evaluation iteration 6.
I1017 00:35:01.042633 47216306734912 run_miniworld.py:267] iteration:   6
 frame: 150000
 eval_episode_return:  0.00
 train_episode_return:  0.00
 train_exploration_epsilon: 0.775
 train_frame_rate:  176
I1017 00:35:03.953403 47216306734912 run_miniworld.py:243] Data collection iteration 7.
I1017 00:37:27.817729 47216306734912 run_miniworld.py:250] Evaluation iteration 7.
I1017 00:37:37.579018 47216306734912 run_miniworld.py:267] iteration:   7
 frame: 175000
 eval_episode_return:  0.00
 train_episode_return:  0.00
 train_exploration_epsilon: 0.730
 train_frame_rate:  174
I1017 00:37:40.441045 47216306734912 run_miniworld.py:243] Data collection iteration 8.
I1017 00:40:06.280854 47216306734912 run_miniworld.py:250] Evaluation iteration 8.
I1017 00:40:15.936202 47216306734912 run_miniworld.py:267] iteration:   8
 frame: 200000
 eval_episode_return:  0.00
 train_episode_return:  0.00
 train_exploration_epsilon: 0.685
 train_frame_rate:  171
I1017 00:40:19.107193 47216306734912 run_miniworld.py:243] Data collection iteration 9.
I1017 00:42:45.351442 47216306734912 run_miniworld.py:250] Evaluation iteration 9.
I1017 00:42:55.178140 47216306734912 run_miniworld.py:267] iteration:   9
 frame: 225000
 eval_episode_return:  0.00
 train_episode_return:  0.00
 train_exploration_epsilon: 0.640
 train_frame_rate:  171
I1017 00:42:58.487510 47216306734912 run_miniworld.py:243] Data collection iteration 10.
I1017 00:45:24.848017 47216306734912 run_miniworld.py:250] Evaluation iteration 10.
I1017 00:45:34.707740 47216306734912 run_miniworld.py:267] iteration:  10
 frame: 250000
 eval_episode_return:  0.00
 train_episode_return:  0.00
 train_exploration_epsilon: 0.595
 train_frame_rate:  171
I1017 00:45:38.079427 47216306734912 run_miniworld.py:243] Data collection iteration 11.
I1017 00:48:05.056231 47216306734912 run_miniworld.py:250] Evaluation iteration 11.
I1017 00:48:14.910134 47216306734912 run_miniworld.py:267] iteration:  11
 frame: 275000
 eval_episode_return:  0.00
 train_episode_return:  0.00
 train_exploration_epsilon: 0.550
 train_frame_rate:  170
I1017 00:48:17.682815 47216306734912 run_miniworld.py:243] Data collection iteration 12.
I1017 00:50:43.134164 47216306734912 run_miniworld.py:250] Evaluation iteration 12.
I1017 00:50:52.902127 47216306734912 run_miniworld.py:267] iteration:  12
 frame: 300000
 eval_episode_return:  0.00
 train_episode_return:  0.00
 train_exploration_epsilon: 0.505
 train_frame_rate:  172
I1017 00:50:56.161970 47216306734912 run_miniworld.py:243] Data collection iteration 13.
I1017 00:53:23.271543 47216306734912 run_miniworld.py:250] Evaluation iteration 13.
I1017 00:53:32.580342 47216306734912 run_miniworld.py:267] iteration:  13
 frame: 325000
 eval_episode_return:  0.00
 train_episode_return:  0.00
 train_exploration_epsilon: 0.460
 train_frame_rate:  170
I1017 00:53:35.808652 47216306734912 run_miniworld.py:243] Data collection iteration 14.
I1017 00:56:05.295389 47216306734912 run_miniworld.py:250] Evaluation iteration 14.
I1017 00:56:14.767514 47216306734912 run_miniworld.py:267] iteration:  14
 frame: 350000
 eval_episode_return:  0.00
 train_episode_return:  0.00
 train_exploration_epsilon: 0.415
 train_frame_rate:  167
I1017 00:56:17.569726 47216306734912 run_miniworld.py:243] Data collection iteration 15.
I1017 00:58:47.142604 47216306734912 run_miniworld.py:250] Evaluation iteration 15.
I1017 00:58:56.941398 47216306734912 run_miniworld.py:267] iteration:  15
 frame: 375000
 eval_episode_return:  0.00
 train_episode_return:  0.00
 train_exploration_epsilon: 0.370
 train_frame_rate:  167
I1017 00:58:59.680540 47216306734912 run_miniworld.py:243] Data collection iteration 16.
I1017 01:01:28.552114 47216306734912 run_miniworld.py:250] Evaluation iteration 16.
I1017 01:01:38.043376 47216306734912 run_miniworld.py:267] iteration:  16
 frame: 400000
 eval_episode_return:  0.00
 train_episode_return:  0.00
 train_exploration_epsilon: 0.325
 train_frame_rate:  168
I1017 01:01:41.263839 47216306734912 run_miniworld.py:243] Data collection iteration 17.
I1017 01:04:11.676755 47216306734912 run_miniworld.py:250] Evaluation iteration 17.
I1017 01:04:21.142942 47216306734912 run_miniworld.py:267] iteration:  17
 frame: 425000
 eval_episode_return:  0.00
 train_episode_return:  0.00
 train_exploration_epsilon: 0.280
 train_frame_rate:  166
I1017 01:04:24.618770 47216306734912 run_miniworld.py:243] Data collection iteration 18.
I1017 01:06:54.849060 47216306734912 run_miniworld.py:250] Evaluation iteration 18.
I1017 01:07:04.526525 47216306734912 run_miniworld.py:267] iteration:  18
 frame: 450000
 eval_episode_return:  0.00
 train_episode_return:  0.00
 train_exploration_epsilon: 0.235
 train_frame_rate:  166
I1017 01:07:07.721274 47216306734912 run_miniworld.py:243] Data collection iteration 19.
I1017 01:09:38.868859 47216306734912 run_miniworld.py:250] Evaluation iteration 19.
I1017 01:09:48.779457 47216306734912 run_miniworld.py:267] iteration:  19
 frame: 475000
 eval_episode_return:  0.00
 train_episode_return:  0.00
 train_exploration_epsilon: 0.190
 train_frame_rate:  165
I1017 01:09:52.201742 47216306734912 run_miniworld.py:243] Data collection iteration 20.
I1017 01:12:23.744952 47216306734912 run_miniworld.py:250] Evaluation iteration 20.
I1017 01:12:33.556863 47216306734912 run_miniworld.py:267] iteration:  20
 frame: 500000
 eval_episode_return:  0.00
 train_episode_return:  0.00
 train_exploration_epsilon: 0.145
 train_frame_rate:  165
I1017 01:12:36.285056 47216306734912 run_miniworld.py:243] Data collection iteration 21.
I1017 01:15:08.534485 47216306734912 run_miniworld.py:250] Evaluation iteration 21.
I1017 01:15:18.012434 47216306734912 run_miniworld.py:267] iteration:  21
 frame: 525000
 eval_episode_return:  0.00
 train_episode_return:  0.00
 train_exploration_epsilon: 0.100
 train_frame_rate:  164
I1017 01:15:21.038007 47216306734912 run_miniworld.py:243] Data collection iteration 22.
I1017 01:17:54.044385 47216306734912 run_miniworld.py:250] Evaluation iteration 22.
I1017 01:18:03.745240 47216306734912 run_miniworld.py:267] iteration:  22
 frame: 550000
 eval_episode_return:  0.00
 train_episode_return:  0.00
 train_exploration_epsilon: 0.100
 train_frame_rate:  163
I1017 01:18:07.117481 47216306734912 run_miniworld.py:243] Data collection iteration 23.
I1017 01:20:39.496284 47216306734912 run_miniworld.py:250] Evaluation iteration 23.
I1017 01:20:48.970660 47216306734912 run_miniworld.py:267] iteration:  23
 frame: 575000
 eval_episode_return:  0.00
 train_episode_return:  0.00
 train_exploration_epsilon: 0.100
 train_frame_rate:  164
I1017 01:20:51.779709 47216306734912 run_miniworld.py:243] Data collection iteration 24.
I1017 01:23:23.988123 47216306734912 run_miniworld.py:250] Evaluation iteration 24.
I1017 01:23:33.578553 47216306734912 run_miniworld.py:267] iteration:  24
 frame: 600000
 eval_episode_return:  0.00
 train_episode_return:  0.00
 train_exploration_epsilon: 0.100
 train_frame_rate:  165
I1017 01:23:37.032950 47216306734912 run_miniworld.py:243] Data collection iteration 25.
I1017 01:26:09.964912 47216306734912 run_miniworld.py:250] Evaluation iteration 25.
I1017 01:26:19.686047 47216306734912 run_miniworld.py:267] iteration:  25
 frame: 625000
 eval_episode_return:  0.00
 train_episode_return:  0.00
 train_exploration_epsilon: 0.100
 train_frame_rate:  163
I1017 01:26:22.754578 47216306734912 run_miniworld.py:243] Data collection iteration 26.
I1017 01:28:55.204447 47216306734912 run_miniworld.py:250] Evaluation iteration 26.
I1017 01:29:04.764999 47216306734912 run_miniworld.py:267] iteration:  26
 frame: 650000
 eval_episode_return:  0.00
 train_episode_return:  0.00
 train_exploration_epsilon: 0.100
 train_frame_rate:  164
I1017 01:29:08.211796 47216306734912 run_miniworld.py:243] Data collection iteration 27.
I1017 01:31:41.173426 47216306734912 run_miniworld.py:250] Evaluation iteration 27.
I1017 01:31:51.018979 47216306734912 run_miniworld.py:267] iteration:  27
 frame: 675000
 eval_episode_return:  0.00
 train_episode_return:  0.00
 train_exploration_epsilon: 0.100
 train_frame_rate:  163
I1017 01:31:53.778187 47216306734912 run_miniworld.py:243] Data collection iteration 28.
I1017 01:34:28.037314 47216306734912 run_miniworld.py:250] Evaluation iteration 28.
I1017 01:34:37.898601 47216306734912 run_miniworld.py:267] iteration:  28
 frame: 700000
 eval_episode_return:  0.00
 train_episode_return:  0.00
 train_exploration_epsilon: 0.100
 train_frame_rate:  162
I1017 01:34:41.374508 47216306734912 run_miniworld.py:243] Data collection iteration 29.
I1017 01:37:15.907979 47216306734912 run_miniworld.py:250] Evaluation iteration 29.
I1017 01:37:25.748793 47216306734912 run_miniworld.py:267] iteration:  29
 frame: 725000
 eval_episode_return:  0.00
 train_episode_return:  0.00
 train_exploration_epsilon: 0.100
 train_frame_rate:  162
I1017 01:37:28.522948 47216306734912 run_miniworld.py:243] Data collection iteration 30.
I1017 01:40:02.652138 47216306734912 run_miniworld.py:250] Evaluation iteration 30.
I1017 01:40:12.526025 47216306734912 run_miniworld.py:267] iteration:  30
 frame: 750000
 eval_episode_return:  0.00
 train_episode_return:  0.00
 train_exploration_epsilon: 0.100
 train_frame_rate:  162
I1017 01:40:16.186113 47216306734912 run_miniworld.py:243] Data collection iteration 31.
I1017 01:42:51.737035 47216306734912 run_miniworld.py:250] Evaluation iteration 31.
I1017 01:43:01.592198 47216306734912 run_miniworld.py:267] iteration:  31
 frame: 775000
 eval_episode_return:  0.00
 train_episode_return:  0.00
 train_exploration_epsilon: 0.100
 train_frame_rate:  161
I1017 01:43:04.468392 47216306734912 run_miniworld.py:243] Data collection iteration 32.
I1017 01:45:39.259357 47216306734912 run_miniworld.py:250] Evaluation iteration 32.
I1017 01:45:48.870358 47216306734912 run_miniworld.py:267] iteration:  32
 frame: 800000
 eval_episode_return:  0.00
 train_episode_return:  0.00
 train_exploration_epsilon: 0.100
 train_frame_rate:  162
I1017 01:45:52.487898 47216306734912 run_miniworld.py:243] Data collection iteration 33.
I1017 01:48:28.894732 47216306734912 run_miniworld.py:250] Evaluation iteration 33.
I1017 01:48:38.875787 47216306734912 run_miniworld.py:267] iteration:  33
 frame: 825000
 eval_episode_return:  0.00
 train_episode_return:  0.00
 train_exploration_epsilon: 0.100
 train_frame_rate:  160
I1017 01:48:41.647784 47216306734912 run_miniworld.py:243] Data collection iteration 34.
I1017 01:51:17.383847 47216306734912 run_miniworld.py:250] Evaluation iteration 34.
I1017 01:51:27.106588 47216306734912 run_miniworld.py:267] iteration:  34
 frame: 850000
 eval_episode_return:  0.00
 train_episode_return:  0.00
 train_exploration_epsilon: 0.100
 train_frame_rate:  161
I1017 01:51:30.749574 47216306734912 run_miniworld.py:243] Data collection iteration 35.
I1017 01:54:07.119731 47216306734912 run_miniworld.py:250] Evaluation iteration 35.
I1017 01:54:16.774463 47216306734912 run_miniworld.py:267] iteration:  35
 frame: 875000
 eval_episode_return:  0.00
 train_episode_return:  0.00
 train_exploration_epsilon: 0.100
 train_frame_rate:  160
I1017 01:54:19.635143 47216306734912 run_miniworld.py:243] Data collection iteration 36.
I1017 01:56:55.793540 47216306734912 run_miniworld.py:250] Evaluation iteration 36.
I1017 01:57:05.339025 47216306734912 run_miniworld.py:267] iteration:  36
 frame: 900000
 eval_episode_return:  0.00
 train_episode_return:  0.00
 train_exploration_epsilon: 0.100
 train_frame_rate:  160
I1017 01:57:08.251236 47216306734912 run_miniworld.py:243] Data collection iteration 37.
I1017 01:59:45.604515 47216306734912 run_miniworld.py:250] Evaluation iteration 37.
I1017 01:59:55.629025 47216306734912 run_miniworld.py:267] iteration:  37
 frame: 925000
 eval_episode_return:  0.00
 train_episode_return:  0.00
 train_exploration_epsilon: 0.100
 train_frame_rate:  159
I1017 01:59:58.381889 47216306734912 run_miniworld.py:243] Data collection iteration 38.
I1017 02:02:35.216662 47216306734912 run_miniworld.py:250] Evaluation iteration 38.
I1017 02:02:44.897063 47216306734912 run_miniworld.py:267] iteration:  38
 frame: 950000
 eval_episode_return:  0.00
 train_episode_return:  0.00
 train_exploration_epsilon: 0.100
 train_frame_rate:  159
I1017 02:02:47.656027 47216306734912 run_miniworld.py:243] Data collection iteration 39.
I1017 02:05:25.031965 47216306734912 run_miniworld.py:250] Evaluation iteration 39.
I1017 02:05:34.928613 47216306734912 run_miniworld.py:267] iteration:  39
 frame: 975000
 eval_episode_return:  0.00
 train_episode_return:  0.00
 train_exploration_epsilon: 0.100
 train_frame_rate:  159
I1017 02:05:38.557049 47216306734912 run_miniworld.py:243] Data collection iteration 40.
I1017 02:08:16.041516 47216306734912 run_miniworld.py:250] Evaluation iteration 40.
I1017 02:08:25.886726 47216306734912 run_miniworld.py:267] iteration:  40
 frame: 1000000
 eval_episode_return:  0.00
 train_episode_return:  0.00
 train_exploration_epsilon: 0.100
 train_frame_rate:  159
I1017 02:08:28.642540 47216306734912 run_miniworld.py:243] Data collection iteration 41.
I1017 02:11:05.859302 47216306734912 run_miniworld.py:250] Evaluation iteration 41.
I1017 02:11:15.725349 47216306734912 run_miniworld.py:267] iteration:  41
 frame: 1025000
 eval_episode_return:  0.00
 train_episode_return:  0.04
 train_exploration_epsilon: 0.100
 train_frame_rate:  159
I1017 02:11:19.440152 47216306734912 run_miniworld.py:243] Data collection iteration 42.
I1017 02:13:57.386070 47216306734912 run_miniworld.py:250] Evaluation iteration 42.
I1017 02:14:07.052529 47216306734912 run_miniworld.py:267] iteration:  42
 frame: 1050000
 eval_episode_return:  0.00
 train_episode_return:  0.00
 train_exploration_epsilon: 0.100
 train_frame_rate:  158
I1017 02:14:09.788073 47216306734912 run_miniworld.py:243] Data collection iteration 43.
I1017 02:16:47.455201 47216306734912 run_miniworld.py:250] Evaluation iteration 43.
I1017 02:16:57.268332 47216306734912 run_miniworld.py:267] iteration:  43
 frame: 1075000
 eval_episode_return:  0.00
 train_episode_return:  0.00
 train_exploration_epsilon: 0.100
 train_frame_rate:  159
I1017 02:17:00.057367 47216306734912 run_miniworld.py:243] Data collection iteration 44.
I1017 02:19:39.142234 47216306734912 run_miniworld.py:250] Evaluation iteration 44.
I1017 02:19:49.153440 47216306734912 run_miniworld.py:267] iteration:  44
 frame: 1100000
 eval_episode_return:  0.00
 train_episode_return:  0.00
 train_exploration_epsilon: 0.100
 train_frame_rate:  157
I1017 02:19:51.932246 47216306734912 run_miniworld.py:243] Data collection iteration 45.
I1017 02:22:29.130832 47216306734912 run_miniworld.py:250] Evaluation iteration 45.
I1017 02:22:38.777932 47216306734912 run_miniworld.py:267] iteration:  45
 frame: 1125000
 eval_episode_return:  0.00
 train_episode_return:  0.00
 train_exploration_epsilon: 0.100
 train_frame_rate:  159
I1017 02:22:41.550330 47216306734912 run_miniworld.py:243] Data collection iteration 46.
I1017 02:25:20.207682 47216306734912 run_miniworld.py:250] Evaluation iteration 46.
I1017 02:25:30.072286 47216306734912 run_miniworld.py:267] iteration:  46
 frame: 1150000
 eval_episode_return:  0.00
 train_episode_return:  0.00
 train_exploration_epsilon: 0.100
 train_frame_rate:  158
I1017 02:25:33.710397 47216306734912 run_miniworld.py:243] Data collection iteration 47.
I1017 02:28:10.680740 47216306734912 run_miniworld.py:250] Evaluation iteration 47.
I1017 02:28:20.312388 47216306734912 run_miniworld.py:267] iteration:  47
 frame: 1175000
 eval_episode_return:  0.00
 train_episode_return:  0.00
 train_exploration_epsilon: 0.100
 train_frame_rate:  159
I1017 02:28:23.088021 47216306734912 run_miniworld.py:243] Data collection iteration 48.
I1017 02:31:00.730390 47216306734912 run_miniworld.py:250] Evaluation iteration 48.
I1017 02:31:10.678064 47216306734912 run_miniworld.py:267] iteration:  48
 frame: 1200000
 eval_episode_return:  0.00
 train_episode_return:  0.00
 train_exploration_epsilon: 0.100
 train_frame_rate:  159
I1017 02:31:14.504834 47216306734912 run_miniworld.py:243] Data collection iteration 49.
I1017 02:33:53.229319 47216306734912 run_miniworld.py:250] Evaluation iteration 49.
I1017 02:34:03.052750 47216306734912 run_miniworld.py:267] iteration:  49
 frame: 1225000
 eval_episode_return:  0.00
 train_episode_return:  0.00
 train_exploration_epsilon: 0.100
 train_frame_rate:  158
I1017 02:34:05.794945 47216306734912 run_miniworld.py:243] Data collection iteration 50.
I1017 02:36:44.605677 47216306734912 run_miniworld.py:250] Evaluation iteration 50.
I1017 02:36:54.583585 47216306734912 run_miniworld.py:267] iteration:  50
 frame: 1250000
 eval_episode_return:  0.00
 train_episode_return:  0.00
 train_exploration_epsilon: 0.100
 train_frame_rate:  157
I1017 02:36:57.336513 47216306734912 run_miniworld.py:243] Data collection iteration 51.
I1017 02:39:34.623675 47216306734912 run_miniworld.py:250] Evaluation iteration 51.
I1017 02:39:44.346611 47216306734912 run_miniworld.py:267] iteration:  51
 frame: 1275000
 eval_episode_return:  0.00
 train_episode_return:  0.00
 train_exploration_epsilon: 0.100
 train_frame_rate:  159
I1017 02:39:48.013601 47216306734912 run_miniworld.py:243] Data collection iteration 52.
I1017 02:42:25.786637 47216306734912 run_miniworld.py:250] Evaluation iteration 52.
I1017 02:42:35.538058 47216306734912 run_miniworld.py:267] iteration:  52
 frame: 1300000
 eval_episode_return:  0.00
 train_episode_return:  0.00
 train_exploration_epsilon: 0.100
 train_frame_rate:  158
I1017 02:42:38.317458 47216306734912 run_miniworld.py:243] Data collection iteration 53.
I1017 02:45:15.617111 47216306734912 run_miniworld.py:250] Evaluation iteration 53.
I1017 02:45:25.318975 47216306734912 run_miniworld.py:267] iteration:  53
 frame: 1325000
 eval_episode_return:  0.00
 train_episode_return:  0.00
 train_exploration_epsilon: 0.100
 train_frame_rate:  159
I1017 02:45:28.971860 47216306734912 run_miniworld.py:243] Data collection iteration 54.
I1017 02:48:06.595720 47216306734912 run_miniworld.py:250] Evaluation iteration 54.
I1017 02:48:16.451930 47216306734912 run_miniworld.py:267] iteration:  54
 frame: 1350000
 eval_episode_return:  0.00
 train_episode_return:  0.00
 train_exploration_epsilon: 0.100
 train_frame_rate:  159
I1017 02:48:19.185118 47216306734912 run_miniworld.py:243] Data collection iteration 55.
I1017 02:50:57.334803 47216306734912 run_miniworld.py:250] Evaluation iteration 55.
I1017 02:51:07.265912 47216306734912 run_miniworld.py:267] iteration:  55
 frame: 1375000
 eval_episode_return:  0.00
 train_episode_return:  0.00
 train_exploration_epsilon: 0.100
 train_frame_rate:  158
I1017 02:51:10.058557 47216306734912 run_miniworld.py:243] Data collection iteration 56.
I1017 02:53:47.572919 47216306734912 run_miniworld.py:250] Evaluation iteration 56.
I1017 02:53:57.246755 47216306734912 run_miniworld.py:267] iteration:  56
 frame: 1400000
 eval_episode_return:  0.00
 train_episode_return:  0.00
 train_exploration_epsilon: 0.100
 train_frame_rate:  159
I1017 02:54:01.020512 47216306734912 run_miniworld.py:243] Data collection iteration 57.
I1017 02:56:39.573888 47216306734912 run_miniworld.py:250] Evaluation iteration 57.
I1017 02:56:49.563919 47216306734912 run_miniworld.py:267] iteration:  57
 frame: 1425000
 eval_episode_return:  0.00
 train_episode_return:  0.00
 train_exploration_epsilon: 0.100
 train_frame_rate:  158
I1017 02:56:52.330509 47216306734912 run_miniworld.py:243] Data collection iteration 58.
I1017 02:59:30.898834 47216306734912 run_miniworld.py:250] Evaluation iteration 58.
I1017 02:59:40.794787 47216306734912 run_miniworld.py:267] iteration:  58
 frame: 1450000
 eval_episode_return:  0.00
 train_episode_return:  0.00
 train_exploration_epsilon: 0.100
 train_frame_rate:  158
I1017 02:59:44.463121 47216306734912 run_miniworld.py:243] Data collection iteration 59.
I1017 03:02:23.397631 47216306734912 run_miniworld.py:250] Evaluation iteration 59.
I1017 03:02:33.143136 47216306734912 run_miniworld.py:267] iteration:  59
 frame: 1475000
 eval_episode_return:  0.00
 train_episode_return:  0.00
 train_exploration_epsilon: 0.100
 train_frame_rate:  157
I1017 03:02:35.934619 47216306734912 run_miniworld.py:243] Data collection iteration 60.
I1017 03:05:13.546348 47216306734912 run_miniworld.py:250] Evaluation iteration 60.
I1017 03:05:23.439652 47216306734912 run_miniworld.py:267] iteration:  60
 frame: 1500000
 eval_episode_return:  0.00
 train_episode_return:  0.00
 train_exploration_epsilon: 0.100
 train_frame_rate:  159
I1017 03:05:26.250814 47216306734912 run_miniworld.py:243] Data collection iteration 61.
I1017 03:08:04.480944 47216306734912 run_miniworld.py:250] Evaluation iteration 61.
I1017 03:08:14.127539 47216306734912 run_miniworld.py:267] iteration:  61
 frame: 1525000
 eval_episode_return:  0.00
 train_episode_return:  0.00
 train_exploration_epsilon: 0.100
 train_frame_rate:  158
I1017 03:08:17.916768 47216306734912 run_miniworld.py:243] Data collection iteration 62.
I1017 03:10:56.433683 47216306734912 run_miniworld.py:250] Evaluation iteration 62.
I1017 03:11:06.119385 47216306734912 run_miniworld.py:267] iteration:  62
 frame: 1550000
 eval_episode_return:  0.00
 train_episode_return:  0.00
 train_exploration_epsilon: 0.100
 train_frame_rate:  158
I1017 03:11:08.889822 47216306734912 run_miniworld.py:243] Data collection iteration 63.
I1017 03:13:48.112766 47216306734912 run_miniworld.py:250] Evaluation iteration 63.
I1017 03:13:58.046979 47216306734912 run_miniworld.py:267] iteration:  63
 frame: 1575000
 eval_episode_return:  0.00
 train_episode_return:  0.00
 train_exploration_epsilon: 0.100
 train_frame_rate:  157
I1017 03:14:01.776088 47216306734912 run_miniworld.py:243] Data collection iteration 64.
I1017 03:16:40.607052 47216306734912 run_miniworld.py:250] Evaluation iteration 64.
I1017 03:16:50.462895 47216306734912 run_miniworld.py:267] iteration:  64
 frame: 1600000
 eval_episode_return:  0.00
 train_episode_return:  0.00
 train_exploration_epsilon: 0.100
 train_frame_rate:  157
I1017 03:16:53.279856 47216306734912 run_miniworld.py:243] Data collection iteration 65.
I1017 03:19:32.432145 47216306734912 run_miniworld.py:250] Evaluation iteration 65.
I1017 03:19:42.321257 47216306734912 run_miniworld.py:267] iteration:  65
 frame: 1625000
 eval_episode_return:  0.00
 train_episode_return:  0.04
 train_exploration_epsilon: 0.100
 train_frame_rate:  157
I1017 03:19:45.128975 47216306734912 run_miniworld.py:243] Data collection iteration 66.
I1017 03:22:22.670226 47216306734912 run_miniworld.py:250] Evaluation iteration 66.
I1017 03:22:32.379938 47216306734912 run_miniworld.py:267] iteration:  66
 frame: 1650000
 eval_episode_return:  0.00
 train_episode_return:  0.00
 train_exploration_epsilon: 0.100
 train_frame_rate:  159
I1017 03:22:36.159021 47216306734912 run_miniworld.py:243] Data collection iteration 67.
I1017 03:25:14.783255 47216306734912 run_miniworld.py:250] Evaluation iteration 67.
I1017 03:25:24.722625 47216306734912 run_miniworld.py:267] iteration:  67
 frame: 1675000
 eval_episode_return:  0.00
 train_episode_return:  0.00
 train_exploration_epsilon: 0.100
 train_frame_rate:  158
I1017 03:25:27.513299 47216306734912 run_miniworld.py:243] Data collection iteration 68.
I1017 03:28:05.723219 47216306734912 run_miniworld.py:250] Evaluation iteration 68.
I1017 03:28:15.482895 47216306734912 run_miniworld.py:267] iteration:  68
 frame: 1700000
 eval_episode_return:  0.00
 train_episode_return:  0.00
 train_exploration_epsilon: 0.100
 train_frame_rate:  158
I1017 03:28:19.235916 47216306734912 run_miniworld.py:243] Data collection iteration 69.
I1017 03:30:57.706856 47216306734912 run_miniworld.py:250] Evaluation iteration 69.
I1017 03:31:07.651333 47216306734912 run_miniworld.py:267] iteration:  69
 frame: 1725000
 eval_episode_return:  0.00
 train_episode_return:  0.00
 train_exploration_epsilon: 0.100
 train_frame_rate:  158
I1017 03:31:10.486113 47216306734912 run_miniworld.py:243] Data collection iteration 70.
I1017 03:33:49.480489 47216306734912 run_miniworld.py:250] Evaluation iteration 70.
I1017 03:33:59.286858 47216306734912 run_miniworld.py:267] iteration:  70
 frame: 1750000
 eval_episode_return:  0.00
 train_episode_return:  0.00
 train_exploration_epsilon: 0.100
 train_frame_rate:  157
I1017 03:34:02.086209 47216306734912 run_miniworld.py:243] Data collection iteration 71.
I1017 03:36:40.603809 47216306734912 run_miniworld.py:250] Evaluation iteration 71.
I1017 03:36:50.479644 47216306734912 run_miniworld.py:267] iteration:  71
 frame: 1775000
 eval_episode_return:  0.00
 train_episode_return:  0.00
 train_exploration_epsilon: 0.100
 train_frame_rate:  158
I1017 03:36:54.386589 47216306734912 run_miniworld.py:243] Data collection iteration 72.
I1017 03:39:33.805485 47216306734912 run_miniworld.py:250] Evaluation iteration 72.
I1017 03:39:43.512783 47216306734912 run_miniworld.py:267] iteration:  72
 frame: 1800000
 eval_episode_return:  0.00
 train_episode_return:  0.00
 train_exploration_epsilon: 0.100
 train_frame_rate:  157
I1017 03:39:46.377366 47216306734912 run_miniworld.py:243] Data collection iteration 73.
I1017 03:42:25.216991 47216306734912 run_miniworld.py:250] Evaluation iteration 73.
I1017 03:42:34.918679 47216306734912 run_miniworld.py:267] iteration:  73
 frame: 1825000
 eval_episode_return:  0.00
 train_episode_return:  0.00
 train_exploration_epsilon: 0.100
 train_frame_rate:  157
I1017 03:42:38.711130 47216306734912 run_miniworld.py:243] Data collection iteration 74.
I1017 03:45:17.742087 47216306734912 run_miniworld.py:250] Evaluation iteration 74.
I1017 03:45:27.662678 47216306734912 run_miniworld.py:267] iteration:  74
 frame: 1850000
 eval_episode_return:  0.00
 train_episode_return:  0.00
 train_exploration_epsilon: 0.100
 train_frame_rate:  157
I1017 03:45:30.583927 47216306734912 run_miniworld.py:243] Data collection iteration 75.
I1017 03:48:08.808171 47216306734912 run_miniworld.py:250] Evaluation iteration 75.
I1017 03:48:18.427207 47216306734912 run_miniworld.py:267] iteration:  75
 frame: 1875000
 eval_episode_return:  0.00
 train_episode_return:  0.00
 train_exploration_epsilon: 0.100
 train_frame_rate:  158
I1017 03:48:21.242257 47216306734912 run_miniworld.py:243] Data collection iteration 76.
I1017 03:51:00.106134 47216306734912 run_miniworld.py:250] Evaluation iteration 76.
I1017 03:51:09.975421 47216306734912 run_miniworld.py:267] iteration:  76
 frame: 1900000
 eval_episode_return:  0.00
 train_episode_return:  0.04
 train_exploration_epsilon: 0.100
 train_frame_rate:  157
I1017 03:51:13.867431 47216306734912 run_miniworld.py:243] Data collection iteration 77.
I1017 03:53:53.420921 47216306734912 run_miniworld.py:250] Evaluation iteration 77.
I1017 03:54:03.356657 47216306734912 run_miniworld.py:267] iteration:  77
 frame: 1925000
 eval_episode_return:  0.00
 train_episode_return:  0.00
 train_exploration_epsilon: 0.100
 train_frame_rate:  157
I1017 03:54:06.123356 47216306734912 run_miniworld.py:243] Data collection iteration 78.
I1017 03:56:45.836117 47216306734912 run_miniworld.py:250] Evaluation iteration 78.
I1017 03:56:55.894315 47216306734912 run_miniworld.py:267] iteration:  78
 frame: 1950000
 eval_episode_return:  0.00
 train_episode_return:  0.00
 train_exploration_epsilon: 0.100
 train_frame_rate:  157
I1017 03:56:59.711345 47216306734912 run_miniworld.py:243] Data collection iteration 79.
I1017 03:59:39.319454 47216306734912 run_miniworld.py:250] Evaluation iteration 79.
I1017 03:59:49.354292 47216306734912 run_miniworld.py:267] iteration:  79
 frame: 1975000
 eval_episode_return:  0.00
 train_episode_return:  0.00
 train_exploration_epsilon: 0.100
 train_frame_rate:  157
I1017 03:59:52.123932 47216306734912 run_miniworld.py:243] Data collection iteration 80.
I1017 04:02:31.911114 47216306734912 run_miniworld.py:250] Evaluation iteration 80.
I1017 04:02:41.935132 47216306734912 run_miniworld.py:267] iteration:  80
 frame: 2000000
 eval_episode_return:  0.00
 train_episode_return:  0.00
 train_exploration_epsilon: 0.100
 train_frame_rate:  156
I1017 04:02:44.683539 47216306734912 run_miniworld.py:243] Data collection iteration 81.
I1017 04:05:21.996753 47216306734912 run_miniworld.py:250] Evaluation iteration 81.
I1017 04:05:31.966219 47216306734912 run_miniworld.py:267] iteration:  81
 frame: 2025000
 eval_episode_return:  0.00
 train_episode_return:  0.00
 train_exploration_epsilon: 0.100
 train_frame_rate:  159
I1017 04:05:35.864254 47216306734912 run_miniworld.py:243] Data collection iteration 82.
I1017 04:08:13.729934 47216306734912 run_miniworld.py:250] Evaluation iteration 82.
I1017 04:08:23.443485 47216306734912 run_miniworld.py:267] iteration:  82
 frame: 2050000
 eval_episode_return:  0.00
 train_episode_return:  0.00
 train_exploration_epsilon: 0.100
 train_frame_rate:  158
I1017 04:08:26.209267 47216306734912 run_miniworld.py:243] Data collection iteration 83.
I1017 04:11:04.332620 47216306734912 run_miniworld.py:250] Evaluation iteration 83.
I1017 04:11:14.260838 47216306734912 run_miniworld.py:267] iteration:  83
 frame: 2075000
 eval_episode_return:  0.00
 train_episode_return:  0.00
 train_exploration_epsilon: 0.100
 train_frame_rate:  158
I1017 04:11:18.226842 47216306734912 run_miniworld.py:243] Data collection iteration 84.
I1017 04:13:56.304842 47216306734912 run_miniworld.py:250] Evaluation iteration 84.
I1017 04:14:06.111603 47216306734912 run_miniworld.py:267] iteration:  84
 frame: 2100000
 eval_episode_return:  0.00
 train_episode_return:  0.00
 train_exploration_epsilon: 0.100
 train_frame_rate:  158
I1017 04:14:08.895940 47216306734912 run_miniworld.py:243] Data collection iteration 85.
I1017 04:16:46.987883 47216306734912 run_miniworld.py:250] Evaluation iteration 85.
I1017 04:16:57.068760 47216306734912 run_miniworld.py:267] iteration:  85
 frame: 2125000
 eval_episode_return:  0.00
 train_episode_return:  0.00
 train_exploration_epsilon: 0.100
 train_frame_rate:  158
I1017 04:16:59.917145 47216306734912 run_miniworld.py:243] Data collection iteration 86.
I1017 04:19:37.919160 47216306734912 run_miniworld.py:250] Evaluation iteration 86.
I1017 04:19:47.929431 47216306734912 run_miniworld.py:267] iteration:  86
 frame: 2150000
 eval_episode_return:  0.00
 train_episode_return:  0.00
 train_exploration_epsilon: 0.100
 train_frame_rate:  158
I1017 04:19:51.881607 47216306734912 run_miniworld.py:243] Data collection iteration 87.
I1017 04:22:29.968450 47216306734912 run_miniworld.py:250] Evaluation iteration 87.
I1017 04:22:39.801445 47216306734912 run_miniworld.py:267] iteration:  87
 frame: 2175000
 eval_episode_return:  0.00
 train_episode_return:  0.00
 train_exploration_epsilon: 0.100
 train_frame_rate:  158
I1017 04:22:42.551278 47216306734912 run_miniworld.py:243] Data collection iteration 88.
I1017 04:25:20.990522 47216306734912 run_miniworld.py:250] Evaluation iteration 88.
I1017 04:25:30.814383 47216306734912 run_miniworld.py:267] iteration:  88
 frame: 2200000
 eval_episode_return:  0.00
 train_episode_return:  0.00
 train_exploration_epsilon: 0.100
 train_frame_rate:  158
I1017 04:25:34.630852 47216306734912 run_miniworld.py:243] Data collection iteration 89.
I1017 04:28:14.170521 47216306734912 run_miniworld.py:250] Evaluation iteration 89.
I1017 04:28:23.888073 47216306734912 run_miniworld.py:267] iteration:  89
 frame: 2225000
 eval_episode_return:  0.00
 train_episode_return:  0.00
 train_exploration_epsilon: 0.100
 train_frame_rate:  157
I1017 04:28:26.642611 47216306734912 run_miniworld.py:243] Data collection iteration 90.
I1017 04:31:04.678928 47216306734912 run_miniworld.py:250] Evaluation iteration 90.
I1017 04:31:14.510002 47216306734912 run_miniworld.py:267] iteration:  90
 frame: 2250000
 eval_episode_return:  0.00
 train_episode_return:  0.00
 train_exploration_epsilon: 0.100
 train_frame_rate:  158
I1017 04:31:17.374216 47216306734912 run_miniworld.py:243] Data collection iteration 91.
I1017 04:33:55.649051 47216306734912 run_miniworld.py:250] Evaluation iteration 91.
I1017 04:34:05.753639 47216306734912 run_miniworld.py:267] iteration:  91
 frame: 2275000
 eval_episode_return:  0.00
 train_episode_return:  0.00
 train_exploration_epsilon: 0.100
 train_frame_rate:  158
I1017 04:34:09.683834 47216306734912 run_miniworld.py:243] Data collection iteration 92.
I1017 04:36:48.964103 47216306734912 run_miniworld.py:250] Evaluation iteration 92.
I1017 04:36:58.923035 47216306734912 run_miniworld.py:267] iteration:  92
 frame: 2300000
 eval_episode_return:  0.00
 train_episode_return:  0.00
 train_exploration_epsilon: 0.100
 train_frame_rate:  157
I1017 04:37:01.837327 47216306734912 run_miniworld.py:243] Data collection iteration 93.
I1017 04:39:40.098470 47216306734912 run_miniworld.py:250] Evaluation iteration 93.
I1017 04:39:50.026546 47216306734912 run_miniworld.py:267] iteration:  93
 frame: 2325000
 eval_episode_return:  0.00
 train_episode_return:  0.00
 train_exploration_epsilon: 0.100
 train_frame_rate:  158
I1017 04:39:53.906386 47216306734912 run_miniworld.py:243] Data collection iteration 94.
I1017 04:42:34.250276 47216306734912 run_miniworld.py:250] Evaluation iteration 94.
I1017 04:42:44.332086 47216306734912 run_miniworld.py:267] iteration:  94
 frame: 2350000
 eval_episode_return:  0.00
 train_episode_return:  0.00
 train_exploration_epsilon: 0.100
 train_frame_rate:  156
I1017 04:42:47.206794 47216306734912 run_miniworld.py:243] Data collection iteration 95.
I1017 04:45:26.887185 47216306734912 run_miniworld.py:250] Evaluation iteration 95.
I1017 04:45:36.745805 47216306734912 run_miniworld.py:267] iteration:  95
 frame: 2375000
 eval_episode_return:  0.00
 train_episode_return:  0.00
 train_exploration_epsilon: 0.100
 train_frame_rate:  157
I1017 04:45:39.514265 47216306734912 run_miniworld.py:243] Data collection iteration 96.
I1017 04:48:18.095088 47216306734912 run_miniworld.py:250] Evaluation iteration 96.
I1017 04:48:27.876760 47216306734912 run_miniworld.py:267] iteration:  96
 frame: 2400000
 eval_episode_return:  0.00
 train_episode_return:  0.00
 train_exploration_epsilon: 0.100
 train_frame_rate:  158
I1017 04:48:31.921746 47216306734912 run_miniworld.py:243] Data collection iteration 97.
I1017 04:51:10.996747 47216306734912 run_miniworld.py:250] Evaluation iteration 97.
I1017 04:51:20.874728 47216306734912 run_miniworld.py:267] iteration:  97
 frame: 2425000
 eval_episode_return:  0.00
 train_episode_return:  0.00
 train_exploration_epsilon: 0.100
 train_frame_rate:  157
I1017 04:51:23.709065 47216306734912 run_miniworld.py:243] Data collection iteration 98.
I1017 04:54:03.847629 47216306734912 run_miniworld.py:250] Evaluation iteration 98.
I1017 04:54:13.724774 47216306734912 run_miniworld.py:267] iteration:  98
 frame: 2450000
 eval_episode_return:  0.00
 train_episode_return:  0.00
 train_exploration_epsilon: 0.100
 train_frame_rate:  156
I1017 04:54:17.571113 47216306734912 run_miniworld.py:243] Data collection iteration 99.
I1017 04:56:57.043646 47216306734912 run_miniworld.py:250] Evaluation iteration 99.
I1017 04:57:06.692383 47216306734912 run_miniworld.py:267] iteration:  99
 frame: 2475000
 eval_episode_return:  0.00
 train_episode_return:  0.00
 train_exploration_epsilon: 0.100
 train_frame_rate:  157
I1017 04:57:09.437481 47216306734912 run_miniworld.py:243] Data collection iteration 100.
I1017 04:59:47.804398 47216306734912 run_miniworld.py:250] Evaluation iteration 100.
I1017 04:59:57.835749 47216306734912 run_miniworld.py:267] iteration: 100
 frame: 2500000
 eval_episode_return:  0.00
 train_episode_return:  0.00
 train_exploration_epsilon: 0.100
 train_frame_rate:  158
I1017 05:00:00.632734 47216306734912 run_miniworld.py:243] Data collection iteration 101.
I1017 05:02:39.038270 47216306734912 run_miniworld.py:250] Evaluation iteration 101.
I1017 05:02:48.910106 47216306734912 run_miniworld.py:267] iteration: 101
 frame: 2525000
 eval_episode_return:  0.00
 train_episode_return:  0.00
 train_exploration_epsilon: 0.100
 train_frame_rate:  158
I1017 05:02:52.772524 47216306734912 run_miniworld.py:243] Data collection iteration 102.
I1017 05:05:32.200452 47216306734912 run_miniworld.py:250] Evaluation iteration 102.
I1017 05:05:42.317825 47216306734912 run_miniworld.py:267] iteration: 102
 frame: 2550000
 eval_episode_return:  0.00
 train_episode_return:  0.00
 train_exploration_epsilon: 0.100
 train_frame_rate:  157
I1017 05:05:45.166196 47216306734912 run_miniworld.py:243] Data collection iteration 103.
I1017 05:08:24.055967 47216306734912 run_miniworld.py:250] Evaluation iteration 103.
I1017 05:08:34.115931 47216306734912 run_miniworld.py:267] iteration: 103
 frame: 2575000
 eval_episode_return:  0.00
 train_episode_return:  0.00
 train_exploration_epsilon: 0.100
 train_frame_rate:  157
I1017 05:08:37.887611 47216306734912 run_miniworld.py:243] Data collection iteration 104.
I1017 05:11:17.867558 47216306734912 run_miniworld.py:250] Evaluation iteration 104.
I1017 05:11:27.779831 47216306734912 run_miniworld.py:267] iteration: 104
 frame: 2600000
 eval_episode_return:  0.00
 train_episode_return:  0.00
 train_exploration_epsilon: 0.100
 train_frame_rate:  156
I1017 05:11:30.512076 47216306734912 run_miniworld.py:243] Data collection iteration 105.
I1017 05:14:09.666911 47216306734912 run_miniworld.py:250] Evaluation iteration 105.
I1017 05:14:19.750468 47216306734912 run_miniworld.py:267] iteration: 105
 frame: 2625000
 eval_episode_return:  0.00
 train_episode_return:  0.00
 train_exploration_epsilon: 0.100
 train_frame_rate:  157
I1017 05:14:22.563538 47216306734912 run_miniworld.py:243] Data collection iteration 106.
I1017 05:17:01.592393 47216306734912 run_miniworld.py:250] Evaluation iteration 106.
I1017 05:17:11.599095 47216306734912 run_miniworld.py:267] iteration: 106
 frame: 2650000
 eval_episode_return:  0.00
 train_episode_return:  0.00
 train_exploration_epsilon: 0.100
 train_frame_rate:  157
I1017 05:17:15.533518 47216306734912 run_miniworld.py:243] Data collection iteration 107.
I1017 05:19:53.881258 47216306734912 run_miniworld.py:250] Evaluation iteration 107.
I1017 05:20:03.747862 47216306734912 run_miniworld.py:267] iteration: 107
 frame: 2675000
 eval_episode_return:  0.00
 train_episode_return:  0.00
 train_exploration_epsilon: 0.100
 train_frame_rate:  158
I1017 05:20:07.023981 47216306734912 run_miniworld.py:243] Data collection iteration 108.
I1017 05:22:45.456916 47216306734912 run_miniworld.py:250] Evaluation iteration 108.
I1017 05:22:55.270260 47216306734912 run_miniworld.py:267] iteration: 108
 frame: 2700000
 eval_episode_return:  0.00
 train_episode_return:  0.00
 train_exploration_epsilon: 0.100
 train_frame_rate:  158
I1017 05:22:59.100932 47216306734912 run_miniworld.py:243] Data collection iteration 109.
I1017 05:25:39.214607 47216306734912 run_miniworld.py:250] Evaluation iteration 109.
I1017 05:25:49.293701 47216306734912 run_miniworld.py:267] iteration: 109
 frame: 2725000
 eval_episode_return:  0.00
 train_episode_return:  0.00
 train_exploration_epsilon: 0.100
 train_frame_rate:  156
I1017 05:25:52.204057 47216306734912 run_miniworld.py:243] Data collection iteration 110.
I1017 05:28:31.272264 47216306734912 run_miniworld.py:250] Evaluation iteration 110.
I1017 05:28:41.323557 47216306734912 run_miniworld.py:267] iteration: 110
 frame: 2750000
 eval_episode_return:  0.00
 train_episode_return:  0.00
 train_exploration_epsilon: 0.100
 train_frame_rate:  157
I1017 05:28:44.072313 47216306734912 run_miniworld.py:243] Data collection iteration 111.
I1017 05:31:22.809218 47216306734912 run_miniworld.py:250] Evaluation iteration 111.
I1017 05:31:32.801421 47216306734912 run_miniworld.py:267] iteration: 111
 frame: 2775000
 eval_episode_return:  0.00
 train_episode_return:  0.00
 train_exploration_epsilon: 0.100
 train_frame_rate:  157
I1017 05:31:36.902116 47216306734912 run_miniworld.py:243] Data collection iteration 112.
I1017 05:34:15.828159 47216306734912 run_miniworld.py:250] Evaluation iteration 112.
I1017 05:34:25.705404 47216306734912 run_miniworld.py:267] iteration: 112
 frame: 2800000
 eval_episode_return:  0.00
 train_episode_return:  0.00
 train_exploration_epsilon: 0.100
 train_frame_rate:  157
I1017 05:34:28.510592 47216306734912 run_miniworld.py:243] Data collection iteration 113.
I1017 05:37:07.408150 47216306734912 run_miniworld.py:250] Evaluation iteration 113.
I1017 05:37:17.300371 47216306734912 run_miniworld.py:267] iteration: 113
 frame: 2825000
 eval_episode_return:  0.00
 train_episode_return:  0.00
 train_exploration_epsilon: 0.100
 train_frame_rate:  157
I1017 05:37:21.196125 47216306734912 run_miniworld.py:243] Data collection iteration 114.
I1017 05:40:01.196722 47216306734912 run_miniworld.py:250] Evaluation iteration 114.
I1017 05:40:11.050890 47216306734912 run_miniworld.py:267] iteration: 114
 frame: 2850000
 eval_episode_return:  0.00
 train_episode_return:  0.00
 train_exploration_epsilon: 0.100
 train_frame_rate:  156
I1017 05:40:13.883004 47216306734912 run_miniworld.py:243] Data collection iteration 115.
I1017 05:42:52.664008 47216306734912 run_miniworld.py:250] Evaluation iteration 115.
I1017 05:43:02.508824 47216306734912 run_miniworld.py:267] iteration: 115
 frame: 2875000
 eval_episode_return:  0.00
 train_episode_return:  0.00
 train_exploration_epsilon: 0.100
 train_frame_rate:  157
I1017 05:43:05.274848 47216306734912 run_miniworld.py:243] Data collection iteration 116.
I1017 05:45:43.672181 47216306734912 run_miniworld.py:250] Evaluation iteration 116.
I1017 05:45:53.614884 47216306734912 run_miniworld.py:267] iteration: 116
 frame: 2900000
 eval_episode_return:  0.00
 train_episode_return:  0.00
 train_exploration_epsilon: 0.100
 train_frame_rate:  158
I1017 05:45:57.489003 47216306734912 run_miniworld.py:243] Data collection iteration 117.
I1017 05:48:36.547525 47216306734912 run_miniworld.py:250] Evaluation iteration 117.
I1017 05:48:46.609446 47216306734912 run_miniworld.py:267] iteration: 117
 frame: 2925000
 eval_episode_return:  0.00
 train_episode_return:  0.00
 train_exploration_epsilon: 0.100
 train_frame_rate:  157
I1017 05:48:49.402953 47216306734912 run_miniworld.py:243] Data collection iteration 118.
I1017 05:51:27.964959 47216306734912 run_miniworld.py:250] Evaluation iteration 118.
I1017 05:51:37.761682 47216306734912 run_miniworld.py:267] iteration: 118
 frame: 2950000
 eval_episode_return:  0.00
 train_episode_return:  0.00
 train_exploration_epsilon: 0.100
 train_frame_rate:  158
I1017 05:51:41.547054 47216306734912 run_miniworld.py:243] Data collection iteration 119.
I1017 05:54:22.161808 47216306734912 run_miniworld.py:250] Evaluation iteration 119.
I1017 05:54:32.205714 47216306734912 run_miniworld.py:267] iteration: 119
 frame: 2975000
 eval_episode_return:  0.00
 train_episode_return:  0.00
 train_exploration_epsilon: 0.100
 train_frame_rate:  156
I1017 05:54:35.026533 47216306734912 run_miniworld.py:243] Data collection iteration 120.
I1017 05:57:14.096606 47216306734912 run_miniworld.py:250] Evaluation iteration 120.
I1017 05:57:23.928275 47216306734912 run_miniworld.py:267] iteration: 120
 frame: 3000000
 eval_episode_return:  0.00
 train_episode_return:  0.00
 train_exploration_epsilon: 0.100
 train_frame_rate:  157
I1017 05:57:26.900135 47216306734912 run_miniworld.py:243] Data collection iteration 121.
I1017 06:00:07.405271 47216306734912 run_miniworld.py:250] Evaluation iteration 121.
I1017 06:00:17.527775 47216306734912 run_miniworld.py:267] iteration: 121
 frame: 3025000
 eval_episode_return:  0.00
 train_episode_return:  0.00
 train_exploration_epsilon: 0.100
 train_frame_rate:  156
I1017 06:00:20.312797 47216306734912 run_miniworld.py:243] Data collection iteration 122.
I1017 06:02:59.512347 47216306734912 run_miniworld.py:250] Evaluation iteration 122.
I1017 06:03:09.363219 47216306734912 run_miniworld.py:267] iteration: 122
 frame: 3050000
 eval_episode_return:  0.00
 train_episode_return:  0.00
 train_exploration_epsilon: 0.100
 train_frame_rate:  157
I1017 06:03:12.163908 47216306734912 run_miniworld.py:243] Data collection iteration 123.
I1017 06:05:50.673810 47216306734912 run_miniworld.py:250] Evaluation iteration 123.
I1017 06:06:00.641500 47216306734912 run_miniworld.py:267] iteration: 123
 frame: 3075000
 eval_episode_return:  0.00
 train_episode_return:  0.00
 train_exploration_epsilon: 0.100
 train_frame_rate:  158
I1017 06:06:04.423938 47216306734912 run_miniworld.py:243] Data collection iteration 124.
I1017 06:08:44.018676 47216306734912 run_miniworld.py:250] Evaluation iteration 124.
I1017 06:08:53.976740 47216306734912 run_miniworld.py:267] iteration: 124
 frame: 3100000
 eval_episode_return:  0.00
 train_episode_return:  0.00
 train_exploration_epsilon: 0.100
 train_frame_rate:  157
I1017 06:08:56.888481 47216306734912 run_miniworld.py:243] Data collection iteration 125.
I1017 06:11:35.643709 47216306734912 run_miniworld.py:250] Evaluation iteration 125.
I1017 06:11:45.443549 47216306734912 run_miniworld.py:267] iteration: 125
 frame: 3125000
 eval_episode_return:  0.00
 train_episode_return:  0.00
 train_exploration_epsilon: 0.100
 train_frame_rate:  157
I1017 06:11:48.285287 47216306734912 run_miniworld.py:243] Data collection iteration 126.
I1017 06:14:28.013772 47216306734912 run_miniworld.py:250] Evaluation iteration 126.
I1017 06:14:37.857099 47216306734912 run_miniworld.py:267] iteration: 126
 frame: 3150000
 eval_episode_return:  0.00
 train_episode_return:  0.00
 train_exploration_epsilon: 0.100
 train_frame_rate:  157
I1017 06:14:40.673736 47216306734912 run_miniworld.py:243] Data collection iteration 127.
I1017 06:17:20.076173 47216306734912 run_miniworld.py:250] Evaluation iteration 127.
I1017 06:17:30.067650 47216306734912 run_miniworld.py:267] iteration: 127
 frame: 3175000
 eval_episode_return:  0.00
 train_episode_return:  0.00
 train_exploration_epsilon: 0.100
 train_frame_rate:  157
I1017 06:17:33.000645 47216306734912 run_miniworld.py:243] Data collection iteration 128.
I1017 06:20:11.662975 47216306734912 run_miniworld.py:250] Evaluation iteration 128.
I1017 06:20:21.586219 47216306734912 run_miniworld.py:267] iteration: 128
 frame: 3200000
 eval_episode_return:  0.00
 train_episode_return:  0.00
 train_exploration_epsilon: 0.100
 train_frame_rate:  158
I1017 06:20:25.410649 47216306734912 run_miniworld.py:243] Data collection iteration 129.
I1017 06:23:04.492523 47216306734912 run_miniworld.py:250] Evaluation iteration 129.
I1017 06:23:14.482740 47216306734912 run_miniworld.py:267] iteration: 129
 frame: 3225000
 eval_episode_return:  0.00
 train_episode_return:  0.00
 train_exploration_epsilon: 0.100
 train_frame_rate:  157
I1017 06:23:17.267630 47216306734912 run_miniworld.py:243] Data collection iteration 130.
I1017 06:25:56.006697 47216306734912 run_miniworld.py:250] Evaluation iteration 130.
I1017 06:26:05.898776 47216306734912 run_miniworld.py:267] iteration: 130
 frame: 3250000
 eval_episode_return:  0.00
 train_episode_return:  0.00
 train_exploration_epsilon: 0.100
 train_frame_rate:  157
I1017 06:26:09.761312 47216306734912 run_miniworld.py:243] Data collection iteration 131.
I1017 06:28:50.119775 47216306734912 run_miniworld.py:250] Evaluation iteration 131.
I1017 06:29:00.171349 47216306734912 run_miniworld.py:267] iteration: 131
 frame: 3275000
 eval_episode_return:  0.00
 train_episode_return:  0.00
 train_exploration_epsilon: 0.100
 train_frame_rate:  156
I1017 06:29:02.990093 47216306734912 run_miniworld.py:243] Data collection iteration 132.
I1017 06:31:42.364522 47216306734912 run_miniworld.py:250] Evaluation iteration 132.
I1017 06:31:52.195238 47216306734912 run_miniworld.py:267] iteration: 132
 frame: 3300000
 eval_episode_return:  0.00
 train_episode_return:  0.00
 train_exploration_epsilon: 0.100
 train_frame_rate:  157
I1017 06:31:55.022505 47216306734912 run_miniworld.py:243] Data collection iteration 133.
I1017 06:34:33.789587 47216306734912 run_miniworld.py:250] Evaluation iteration 133.
I1017 06:34:43.703064 47216306734912 run_miniworld.py:267] iteration: 133
 frame: 3325000
 eval_episode_return:  0.00
 train_episode_return:  0.00
 train_exploration_epsilon: 0.100
 train_frame_rate:  157
I1017 06:34:47.651650 47216306734912 run_miniworld.py:243] Data collection iteration 134.
I1017 06:37:26.950134 47216306734912 run_miniworld.py:250] Evaluation iteration 134.
I1017 06:37:36.763127 47216306734912 run_miniworld.py:267] iteration: 134
 frame: 3350000
 eval_episode_return:  0.00
 train_episode_return:  0.00
 train_exploration_epsilon: 0.100
 train_frame_rate:  157
I1017 06:37:39.634399 47216306734912 run_miniworld.py:243] Data collection iteration 135.
I1017 06:40:17.892302 47216306734912 run_miniworld.py:250] Evaluation iteration 135.
I1017 06:40:27.729915 47216306734912 run_miniworld.py:267] iteration: 135
 frame: 3375000
 eval_episode_return:  0.00
 train_episode_return:  0.00
 train_exploration_epsilon: 0.100
 train_frame_rate:  158
I1017 06:40:31.604026 47216306734912 run_miniworld.py:243] Data collection iteration 136.
I1017 06:43:11.099667 47216306734912 run_miniworld.py:250] Evaluation iteration 136.
I1017 06:43:21.177826 47216306734912 run_miniworld.py:267] iteration: 136
 frame: 3400000
 eval_episode_return:  0.00
 train_episode_return:  0.00
 train_exploration_epsilon: 0.100
 train_frame_rate:  157
I1017 06:43:23.996727 47216306734912 run_miniworld.py:243] Data collection iteration 137.
I1017 06:46:03.254605 47216306734912 run_miniworld.py:250] Evaluation iteration 137.
I1017 06:46:13.396065 47216306734912 run_miniworld.py:267] iteration: 137
 frame: 3425000
 eval_episode_return:  0.00
 train_episode_return:  0.00
 train_exploration_epsilon: 0.100
 train_frame_rate:  157
I1017 06:46:16.440612 47216306734912 run_miniworld.py:243] Data collection iteration 138.
I1017 06:51:02.511409 47216306734912 run_miniworld.py:250] Evaluation iteration 138.
I1017 06:51:12.547218 47216306734912 run_miniworld.py:267] iteration: 138
 frame: 3450000
 eval_episode_return:  0.00
 train_episode_return:  0.00
 train_exploration_epsilon: 0.100
 train_frame_rate:   87
I1017 06:51:16.532711 47216306734912 run_miniworld.py:243] Data collection iteration 139.
I1017 06:53:55.917373 47216306734912 run_miniworld.py:250] Evaluation iteration 139.
I1017 06:54:05.843936 47216306734912 run_miniworld.py:267] iteration: 139
 frame: 3475000
 eval_episode_return:  0.00
 train_episode_return:  0.00
 train_exploration_epsilon: 0.100
 train_frame_rate:  157
I1017 06:54:08.633003 47216306734912 run_miniworld.py:243] Data collection iteration 140.
I1017 06:56:48.076896 47216306734912 run_miniworld.py:250] Evaluation iteration 140.
I1017 06:56:58.231043 47216306734912 run_miniworld.py:267] iteration: 140
 frame: 3500000
 eval_episode_return:  0.00
 train_episode_return:  0.00
 train_exploration_epsilon: 0.100
 train_frame_rate:  157
I1017 06:57:02.003713 47216306734912 run_miniworld.py:243] Data collection iteration 141.
I1017 06:59:42.381934 47216306734912 run_miniworld.py:250] Evaluation iteration 141.
I1017 06:59:52.421603 47216306734912 run_miniworld.py:267] iteration: 141
 frame: 3525000
 eval_episode_return:  0.00
 train_episode_return:  0.00
 train_exploration_epsilon: 0.100
 train_frame_rate:  156
I1017 06:59:55.282955 47216306734912 run_miniworld.py:243] Data collection iteration 142.
I1017 07:02:34.632013 47216306734912 run_miniworld.py:250] Evaluation iteration 142.
I1017 07:02:44.765106 47216306734912 run_miniworld.py:267] iteration: 142
 frame: 3550000
 eval_episode_return:  0.00
 train_episode_return:  0.00
 train_exploration_epsilon: 0.100
 train_frame_rate:  157
I1017 07:02:47.583755 47216306734912 run_miniworld.py:243] Data collection iteration 143.
I1017 07:05:25.880121 47216306734912 run_miniworld.py:250] Evaluation iteration 143.
I1017 07:05:35.872541 47216306734912 run_miniworld.py:267] iteration: 143
 frame: 3575000
 eval_episode_return:  0.00
 train_episode_return:  0.00
 train_exploration_epsilon: 0.100
 train_frame_rate:  158
I1017 07:05:40.020212 47216306734912 run_miniworld.py:243] Data collection iteration 144.
I1017 07:08:19.362960 47216306734912 run_miniworld.py:250] Evaluation iteration 144.
I1017 07:08:29.365394 47216306734912 run_miniworld.py:267] iteration: 144
 frame: 3600000
 eval_episode_return:  0.00
 train_episode_return:  0.00
 train_exploration_epsilon: 0.100
 train_frame_rate:  157
I1017 07:08:32.221906 47216306734912 run_miniworld.py:243] Data collection iteration 145.
I1017 07:11:11.370541 47216306734912 run_miniworld.py:250] Evaluation iteration 145.
I1017 07:11:21.346022 47216306734912 run_miniworld.py:267] iteration: 145
 frame: 3625000
 eval_episode_return:  0.00
 train_episode_return:  0.00
 train_exploration_epsilon: 0.100
 train_frame_rate:  157
I1017 07:11:25.188005 47216306734912 run_miniworld.py:243] Data collection iteration 146.
I1017 07:14:05.093835 47216306734912 run_miniworld.py:250] Evaluation iteration 146.
I1017 07:14:15.095936 47216306734912 run_miniworld.py:267] iteration: 146
 frame: 3650000
 eval_episode_return:  0.00
 train_episode_return:  0.00
 train_exploration_epsilon: 0.100
 train_frame_rate:  156
I1017 07:14:17.942549 47216306734912 run_miniworld.py:243] Data collection iteration 147.
I1017 07:16:57.303227 47216306734912 run_miniworld.py:250] Evaluation iteration 147.
I1017 07:17:07.325643 47216306734912 run_miniworld.py:267] iteration: 147
 frame: 3675000
 eval_episode_return:  0.00
 train_episode_return:  0.00
 train_exploration_epsilon: 0.100
 train_frame_rate:  157
I1017 07:17:10.236635 47216306734912 run_miniworld.py:243] Data collection iteration 148.
I1017 07:19:49.179493 47216306734912 run_miniworld.py:250] Evaluation iteration 148.
I1017 07:19:59.236391 47216306734912 run_miniworld.py:267] iteration: 148
 frame: 3700000
 eval_episode_return:  0.00
 train_episode_return:  0.00
 train_exploration_epsilon: 0.100
 train_frame_rate:  157
I1017 07:20:03.179348 47216306734912 run_miniworld.py:243] Data collection iteration 149.
I1017 07:22:42.640291 47216306734912 run_miniworld.py:250] Evaluation iteration 149.
I1017 07:22:52.589622 47216306734912 run_miniworld.py:267] iteration: 149
 frame: 3725000
 eval_episode_return:  0.00
 train_episode_return:  0.00
 train_exploration_epsilon: 0.100
 train_frame_rate:  157
I1017 07:22:55.361979 47216306734912 run_miniworld.py:243] Data collection iteration 150.
I1017 07:25:34.198647 47216306734912 run_miniworld.py:250] Evaluation iteration 150.
I1017 07:25:44.041880 47216306734912 run_miniworld.py:267] iteration: 150
 frame: 3750000
 eval_episode_return:  0.00
 train_episode_return:  0.00
 train_exploration_epsilon: 0.100
 train_frame_rate:  157
I1017 07:25:47.852837 47216306734912 run_miniworld.py:243] Data collection iteration 151.
I1017 07:28:28.111450 47216306734912 run_miniworld.py:250] Evaluation iteration 151.
I1017 07:28:37.906660 47216306734912 run_miniworld.py:267] iteration: 151
 frame: 3775000
 eval_episode_return:  0.00
 train_episode_return:  0.00
 train_exploration_epsilon: 0.100
 train_frame_rate:  156
I1017 07:28:40.781255 47216306734912 run_miniworld.py:243] Data collection iteration 152.
I1017 07:31:20.376471 47216306734912 run_miniworld.py:250] Evaluation iteration 152.
I1017 07:31:30.228015 47216306734912 run_miniworld.py:267] iteration: 152
 frame: 3800000
 eval_episode_return:  0.00
 train_episode_return:  0.00
 train_exploration_epsilon: 0.100
 train_frame_rate:  157
I1017 07:31:33.028613 47216306734912 run_miniworld.py:243] Data collection iteration 153.
I1017 07:34:11.575096 47216306734912 run_miniworld.py:250] Evaluation iteration 153.
I1017 07:34:21.567524 47216306734912 run_miniworld.py:267] iteration: 153
 frame: 3825000
 eval_episode_return:  0.00
 train_episode_return:  0.00
 train_exploration_epsilon: 0.100
 train_frame_rate:  158
I1017 07:34:25.772964 47216306734912 run_miniworld.py:243] Data collection iteration 154.
I1017 07:37:05.217098 47216306734912 run_miniworld.py:250] Evaluation iteration 154.
I1017 07:37:15.055610 47216306734912 run_miniworld.py:267] iteration: 154
 frame: 3850000
 eval_episode_return:  0.00
 train_episode_return:  0.00
 train_exploration_epsilon: 0.100
 train_frame_rate:  157
I1017 07:37:17.843603 47216306734912 run_miniworld.py:243] Data collection iteration 155.
I1017 07:39:57.004794 47216306734912 run_miniworld.py:250] Evaluation iteration 155.
I1017 07:40:07.065151 47216306734912 run_miniworld.py:267] iteration: 155
 frame: 3875000
 eval_episode_return:  0.00
 train_episode_return:  0.00
 train_exploration_epsilon: 0.100
 train_frame_rate:  157
I1017 07:40:10.894907 47216306734912 run_miniworld.py:243] Data collection iteration 156.
I1017 07:42:50.623072 47216306734912 run_miniworld.py:250] Evaluation iteration 156.
I1017 07:43:00.658404 47216306734912 run_miniworld.py:267] iteration: 156
 frame: 3900000
 eval_episode_return:  0.00
 train_episode_return:  0.00
 train_exploration_epsilon: 0.100
 train_frame_rate:  157
I1017 07:43:03.493887 47216306734912 run_miniworld.py:243] Data collection iteration 157.
I1017 07:45:42.258440 47216306734912 run_miniworld.py:250] Evaluation iteration 157.
I1017 07:45:52.167297 47216306734912 run_miniworld.py:267] iteration: 157
 frame: 3925000
 eval_episode_return:  0.00
 train_episode_return:  0.00
 train_exploration_epsilon: 0.100
 train_frame_rate:  157
I1017 07:45:55.009232 47216306734912 run_miniworld.py:243] Data collection iteration 158.
I1017 07:48:33.203645 47216306734912 run_miniworld.py:250] Evaluation iteration 158.
I1017 07:48:43.030451 47216306734912 run_miniworld.py:267] iteration: 158
 frame: 3950000
 eval_episode_return:  0.00
 train_episode_return:  0.00
 train_exploration_epsilon: 0.100
 train_frame_rate:  158
I1017 07:48:47.106975 47216306734912 run_miniworld.py:243] Data collection iteration 159.
I1017 07:51:26.746095 47216306734912 run_miniworld.py:250] Evaluation iteration 159.
I1017 07:51:36.625950 47216306734912 run_miniworld.py:267] iteration: 159
 frame: 3975000
 eval_episode_return:  0.00
 train_episode_return:  0.00
 train_exploration_epsilon: 0.100
 train_frame_rate:  157
I1017 07:51:39.456845 47216306734912 run_miniworld.py:243] Data collection iteration 160.
I1017 07:54:18.539577 47216306734912 run_miniworld.py:250] Evaluation iteration 160.
I1017 07:54:28.545630 47216306734912 run_miniworld.py:267] iteration: 160
 frame: 4000000
 eval_episode_return:  0.00
 train_episode_return:  0.00
 train_exploration_epsilon: 0.100
 train_frame_rate:  157
I1017 07:54:32.429075 47216306734912 run_miniworld.py:243] Data collection iteration 161.
I1017 07:57:12.793425 47216306734912 run_miniworld.py:250] Evaluation iteration 161.
I1017 07:57:22.690715 47216306734912 run_miniworld.py:267] iteration: 161
 frame: 4025000
 eval_episode_return:  0.00
 train_episode_return:  0.00
 train_exploration_epsilon: 0.100
 train_frame_rate:  156
I1017 07:57:25.666333 47216306734912 run_miniworld.py:243] Data collection iteration 162.
I1017 08:00:04.706784 47216306734912 run_miniworld.py:250] Evaluation iteration 162.
I1017 08:00:14.752294 47216306734912 run_miniworld.py:267] iteration: 162
 frame: 4050000
 eval_episode_return:  0.00
 train_episode_return:  0.00
 train_exploration_epsilon: 0.100
 train_frame_rate:  157
I1017 08:00:17.546294 47216306734912 run_miniworld.py:243] Data collection iteration 163.
I1017 08:02:55.946696 47216306734912 run_miniworld.py:250] Evaluation iteration 163.
I1017 08:03:05.988218 47216306734912 run_miniworld.py:267] iteration: 163
 frame: 4075000
 eval_episode_return:  0.00
 train_episode_return:  0.00
 train_exploration_epsilon: 0.100
 train_frame_rate:  158
I1017 08:03:10.029426 47216306734912 run_miniworld.py:243] Data collection iteration 164.
I1017 08:05:49.880048 47216306734912 run_miniworld.py:250] Evaluation iteration 164.
I1017 08:05:59.910181 47216306734912 run_miniworld.py:267] iteration: 164
 frame: 4100000
 eval_episode_return:  0.00
 train_episode_return:  0.00
 train_exploration_epsilon: 0.100
 train_frame_rate:  156
I1017 08:06:03.082441 47216306734912 run_miniworld.py:243] Data collection iteration 165.
I1017 08:08:41.221835 47216306734912 run_miniworld.py:250] Evaluation iteration 165.
I1017 08:08:50.926735 47216306734912 run_miniworld.py:267] iteration: 165
 frame: 4125000
 eval_episode_return:  0.00
 train_episode_return:  0.00
 train_exploration_epsilon: 0.100
 train_frame_rate:  158
I1017 08:08:55.020130 47216306734912 run_miniworld.py:243] Data collection iteration 166.
I1017 08:11:34.261123 47216306734912 run_miniworld.py:250] Evaluation iteration 166.
I1017 08:11:44.014115 47216306734912 run_miniworld.py:267] iteration: 166
 frame: 4150000
 eval_episode_return:  0.00
 train_episode_return:  0.00
 train_exploration_epsilon: 0.100
 train_frame_rate:  157
I1017 08:11:46.835567 47216306734912 run_miniworld.py:243] Data collection iteration 167.
I1017 08:14:23.936338 47216306734912 run_miniworld.py:250] Evaluation iteration 167.
I1017 08:14:33.696916 47216306734912 run_miniworld.py:267] iteration: 167
 frame: 4175000
 eval_episode_return:  0.00
 train_episode_return:  0.00
 train_exploration_epsilon: 0.100
 train_frame_rate:  159
I1017 08:14:36.510041 47216306734912 run_miniworld.py:243] Data collection iteration 168.
I1017 08:17:14.742251 47216306734912 run_miniworld.py:250] Evaluation iteration 168.
I1017 08:17:24.669924 47216306734912 run_miniworld.py:267] iteration: 168
 frame: 4200000
 eval_episode_return:  0.00
 train_episode_return:  0.00
 train_exploration_epsilon: 0.100
 train_frame_rate:  158
I1017 08:17:28.576256 47216306734912 run_miniworld.py:243] Data collection iteration 169.
I1017 08:20:07.371384 47216306734912 run_miniworld.py:250] Evaluation iteration 169.
I1017 08:20:17.283499 47216306734912 run_miniworld.py:267] iteration: 169
 frame: 4225000
 eval_episode_return:  0.00
 train_episode_return:  0.00
 train_exploration_epsilon: 0.100
 train_frame_rate:  157
I1017 08:20:20.102533 47216306734912 run_miniworld.py:243] Data collection iteration 170.
I1017 08:22:58.808408 47216306734912 run_miniworld.py:250] Evaluation iteration 170.
I1017 08:23:08.960196 47216306734912 run_miniworld.py:267] iteration: 170
 frame: 4250000
 eval_episode_return:  0.00
 train_episode_return:  0.00
 train_exploration_epsilon: 0.100
 train_frame_rate:  158
I1017 08:23:13.186944 47216306734912 run_miniworld.py:243] Data collection iteration 171.
I1017 08:25:52.599733 47216306734912 run_miniworld.py:250] Evaluation iteration 171.
I1017 08:26:02.515754 47216306734912 run_miniworld.py:267] iteration: 171
 frame: 4275000
 eval_episode_return:  0.00
 train_episode_return:  0.00
 train_exploration_epsilon: 0.100
 train_frame_rate:  157
I1017 08:26:05.335803 47216306734912 run_miniworld.py:243] Data collection iteration 172.
I1017 08:28:42.944343 47216306734912 run_miniworld.py:250] Evaluation iteration 172.
I1017 08:28:52.499925 47216306734912 run_miniworld.py:267] iteration: 172
 frame: 4300000
 eval_episode_return:  0.00
 train_episode_return:  0.00
 train_exploration_epsilon: 0.100
 train_frame_rate:  159
I1017 08:28:55.308156 47216306734912 run_miniworld.py:243] Data collection iteration 173.
I1017 08:31:33.402922 47216306734912 run_miniworld.py:250] Evaluation iteration 173.
I1017 08:31:43.363665 47216306734912 run_miniworld.py:267] iteration: 173
 frame: 4325000
 eval_episode_return:  0.00
 train_episode_return:  0.00
 train_exploration_epsilon: 0.100
 train_frame_rate:  158
I1017 08:31:47.281481 47216306734912 run_miniworld.py:243] Data collection iteration 174.
I1017 08:34:26.142809 47216306734912 run_miniworld.py:250] Evaluation iteration 174.
I1017 08:34:36.105333 47216306734912 run_miniworld.py:267] iteration: 174
 frame: 4350000
 eval_episode_return:  0.00
 train_episode_return:  0.00
 train_exploration_epsilon: 0.100
 train_frame_rate:  157
I1017 08:34:39.547333 47216306734912 run_miniworld.py:243] Data collection iteration 175.
I1017 08:37:18.984219 47216306734912 run_miniworld.py:250] Evaluation iteration 175.
I1017 08:37:28.981028 47216306734912 run_miniworld.py:267] iteration: 175
 frame: 4375000
 eval_episode_return:  0.00
 train_episode_return:  0.00
 train_exploration_epsilon: 0.100
 train_frame_rate:  157
I1017 08:37:33.431118 47216306734912 run_miniworld.py:243] Data collection iteration 176.
I1017 08:40:13.490968 47216306734912 run_miniworld.py:250] Evaluation iteration 176.
I1017 08:40:23.430992 47216306734912 run_miniworld.py:267] iteration: 176
 frame: 4400000
 eval_episode_return:  0.00
 train_episode_return:  0.00
 train_exploration_epsilon: 0.100
 train_frame_rate:  156
I1017 08:40:26.191375 47216306734912 run_miniworld.py:243] Data collection iteration 177.
I1017 08:43:05.324032 47216306734912 run_miniworld.py:250] Evaluation iteration 177.
I1017 08:43:15.440768 47216306734912 run_miniworld.py:267] iteration: 177
 frame: 4425000
 eval_episode_return:  0.00
 train_episode_return:  0.00
 train_exploration_epsilon: 0.100
 train_frame_rate:  157
I1017 08:43:18.261754 47216306734912 run_miniworld.py:243] Data collection iteration 178.
I1017 08:45:55.734932 47216306734912 run_miniworld.py:250] Evaluation iteration 178.
I1017 08:46:05.445916 47216306734912 run_miniworld.py:267] iteration: 178
 frame: 4450000
 eval_episode_return:  0.00
 train_episode_return:  0.00
 train_exploration_epsilon: 0.100
 train_frame_rate:  159
I1017 08:46:09.409527 47216306734912 run_miniworld.py:243] Data collection iteration 179.
I1017 08:48:47.045009 47216306734912 run_miniworld.py:250] Evaluation iteration 179.
I1017 08:48:56.980012 47216306734912 run_miniworld.py:267] iteration: 179
 frame: 4475000
 eval_episode_return:  0.00
 train_episode_return:  0.00
 train_exploration_epsilon: 0.100
 train_frame_rate:  159
I1017 08:48:59.725212 47216306734912 run_miniworld.py:243] Data collection iteration 180.
I1017 08:51:32.949244 47216306734912 run_miniworld.py:250] Evaluation iteration 180.
I1017 08:51:42.789703 47216306734912 run_miniworld.py:267] iteration: 180
 frame: 4500000
 eval_episode_return:  0.00
 train_episode_return:  0.00
 train_exploration_epsilon: 0.100
 train_frame_rate:  163
I1017 08:51:46.605959 47216306734912 run_miniworld.py:243] Data collection iteration 181.
I1017 08:54:20.198411 47216306734912 run_miniworld.py:250] Evaluation iteration 181.
I1017 08:54:30.064864 47216306734912 run_miniworld.py:267] iteration: 181
 frame: 4525000
 eval_episode_return:  0.00
 train_episode_return:  0.00
 train_exploration_epsilon: 0.100
 train_frame_rate:  163
I1017 08:54:32.844775 47216306734912 run_miniworld.py:243] Data collection iteration 182.
I1017 08:57:06.219247 47216306734912 run_miniworld.py:250] Evaluation iteration 182.
I1017 08:57:16.280729 47216306734912 run_miniworld.py:267] iteration: 182
 frame: 4550000
 eval_episode_return:  0.00
 train_episode_return:  0.00
 train_exploration_epsilon: 0.100
 train_frame_rate:  163
I1017 08:57:19.026452 47216306734912 run_miniworld.py:243] Data collection iteration 183.
I1017 08:59:51.347890 47216306734912 run_miniworld.py:250] Evaluation iteration 183.
I1017 09:00:01.018913 47216306734912 run_miniworld.py:267] iteration: 183
 frame: 4575000
 eval_episode_return:  0.00
 train_episode_return:  0.00
 train_exploration_epsilon: 0.100
 train_frame_rate:  164
I1017 09:00:05.068006 47216306734912 run_miniworld.py:243] Data collection iteration 184.
I1017 09:02:37.494142 47216306734912 run_miniworld.py:250] Evaluation iteration 184.
I1017 09:02:47.332082 47216306734912 run_miniworld.py:267] iteration: 184
 frame: 4600000
 eval_episode_return:  0.00
 train_episode_return:  0.00
 train_exploration_epsilon: 0.100
 train_frame_rate:  164
I1017 09:02:50.124974 47216306734912 run_miniworld.py:243] Data collection iteration 185.
I1017 09:05:22.879759 47216306734912 run_miniworld.py:250] Evaluation iteration 185.
I1017 09:05:32.778177 47216306734912 run_miniworld.py:267] iteration: 185
 frame: 4625000
 eval_episode_return:  0.00
 train_episode_return:  0.00
 train_exploration_epsilon: 0.100
 train_frame_rate:  164
I1017 09:05:36.573436 47216306734912 run_miniworld.py:243] Data collection iteration 186.
I1017 09:08:09.283749 47216306734912 run_miniworld.py:250] Evaluation iteration 186.
I1017 09:08:19.287723 47216306734912 run_miniworld.py:267] iteration: 186
 frame: 4650000
 eval_episode_return:  0.00
 train_episode_return:  0.00
 train_exploration_epsilon: 0.100
 train_frame_rate:  164
I1017 09:08:22.091944 47216306734912 run_miniworld.py:243] Data collection iteration 187.
I1017 09:10:52.908165 47216306734912 run_miniworld.py:250] Evaluation iteration 187.
I1017 09:11:02.360712 47216306734912 run_miniworld.py:267] iteration: 187
 frame: 4675000
 eval_episode_return:  0.00
 train_episode_return:  0.00
 train_exploration_epsilon: 0.100
 train_frame_rate:  166
I1017 09:11:05.089466 47216306734912 run_miniworld.py:243] Data collection iteration 188.
I1017 09:13:39.776928 47216306734912 run_miniworld.py:250] Evaluation iteration 188.
I1017 09:13:49.817502 47216306734912 run_miniworld.py:267] iteration: 188
 frame: 4700000
 eval_episode_return:  0.00
 train_episode_return:  0.00
 train_exploration_epsilon: 0.100
 train_frame_rate:  162
I1017 09:13:52.616622 47216306734912 run_miniworld.py:243] Data collection iteration 189.
I1017 09:16:24.325075 47216306734912 run_miniworld.py:250] Evaluation iteration 189.
I1017 09:16:33.715300 47216306734912 run_miniworld.py:267] iteration: 189
 frame: 4725000
 eval_episode_return:  0.00
 train_episode_return:  0.00
 train_exploration_epsilon: 0.100
 train_frame_rate:  165
I1017 09:16:36.493376 47216306734912 run_miniworld.py:243] Data collection iteration 190.
I1017 09:19:09.573654 47216306734912 run_miniworld.py:250] Evaluation iteration 190.
I1017 09:19:19.654898 47216306734912 run_miniworld.py:267] iteration: 190
 frame: 4750000
 eval_episode_return:  0.00
 train_episode_return:  0.00
 train_exploration_epsilon: 0.100
 train_frame_rate:  163
I1017 09:19:23.669722 47216306734912 run_miniworld.py:243] Data collection iteration 191.
I1017 09:21:57.315540 47216306734912 run_miniworld.py:250] Evaluation iteration 191.
I1017 09:22:07.142835 47216306734912 run_miniworld.py:267] iteration: 191
 frame: 4775000
 eval_episode_return:  0.00
 train_episode_return:  0.00
 train_exploration_epsilon: 0.100
 train_frame_rate:  163
I1017 09:22:09.925909 47216306734912 run_miniworld.py:243] Data collection iteration 192.
I1017 09:24:41.838536 47216306734912 run_miniworld.py:250] Evaluation iteration 192.
I1017 09:24:51.696040 47216306734912 run_miniworld.py:267] iteration: 192
 frame: 4800000
 eval_episode_return:  0.00
 train_episode_return:  0.00
 train_exploration_epsilon: 0.100
 train_frame_rate:  165
I1017 09:24:55.662350 47216306734912 run_miniworld.py:243] Data collection iteration 193.
I1017 09:27:42.596028 47216306734912 run_miniworld.py:250] Evaluation iteration 193.
I1017 09:27:52.544178 47216306734912 run_miniworld.py:267] iteration: 193
 frame: 4825000
 eval_episode_return:  0.00
 train_episode_return:  0.00
 train_exploration_epsilon: 0.100
 train_frame_rate:  150
I1017 09:27:55.368685 47216306734912 run_miniworld.py:243] Data collection iteration 194.
I1017 09:30:42.305835 47216306734912 run_miniworld.py:250] Evaluation iteration 194.
I1017 09:30:52.300279 47216306734912 run_miniworld.py:267] iteration: 194
 frame: 4850000
 eval_episode_return:  0.00
 train_episode_return:  0.00
 train_exploration_epsilon: 0.100
 train_frame_rate:  150
I1017 09:30:55.174063 47216306734912 run_miniworld.py:243] Data collection iteration 195.
I1017 09:33:40.817928 47216306734912 run_miniworld.py:250] Evaluation iteration 195.
I1017 09:33:50.647544 47216306734912 run_miniworld.py:267] iteration: 195
 frame: 4875000
 eval_episode_return:  0.00
 train_episode_return:  0.00
 train_exploration_epsilon: 0.100
 train_frame_rate:  151
I1017 09:33:54.536202 47216306734912 run_miniworld.py:243] Data collection iteration 196.
I1017 09:36:39.787223 47216306734912 run_miniworld.py:250] Evaluation iteration 196.
I1017 09:36:49.587337 47216306734912 run_miniworld.py:267] iteration: 196
 frame: 4900000
 eval_episode_return:  0.00
 train_episode_return:  0.00
 train_exploration_epsilon: 0.100
 train_frame_rate:  151
I1017 09:36:52.695486 47216306734912 run_miniworld.py:243] Data collection iteration 197.
I1017 09:39:38.062935 47216306734912 run_miniworld.py:250] Evaluation iteration 197.
I1017 09:39:47.957855 47216306734912 run_miniworld.py:267] iteration: 197
 frame: 4925000
 eval_episode_return:  0.00
 train_episode_return:  0.00
 train_exploration_epsilon: 0.100
 train_frame_rate:  151
I1017 09:39:52.002574 47216306734912 run_miniworld.py:243] Data collection iteration 198.
I1017 09:42:37.938849 47216306734912 run_miniworld.py:250] Evaluation iteration 198.
I1017 09:42:47.695547 47216306734912 run_miniworld.py:267] iteration: 198
 frame: 4950000
 eval_episode_return:  0.00
 train_episode_return:  0.00
 train_exploration_epsilon: 0.100
 train_frame_rate:  151
I1017 09:42:50.855291 47216306734912 run_miniworld.py:243] Data collection iteration 199.
I1017 09:45:34.528576 47216306734912 run_miniworld.py:250] Evaluation iteration 199.
I1017 09:45:44.362858 47216306734912 run_miniworld.py:267] iteration: 199
 frame: 4975000
 eval_episode_return:  0.00
 train_episode_return:  0.00
 train_exploration_epsilon: 0.100
 train_frame_rate:  153
I1017 09:45:47.258829 47216306734912 run_miniworld.py:243] Data collection iteration 200.
I1017 09:48:30.724260 47216306734912 run_miniworld.py:250] Evaluation iteration 200.
I1017 09:48:40.425915 47216306734912 run_miniworld.py:267] iteration: 200
 frame: 5000000
 eval_episode_return:  0.00
 train_episode_return:  0.00
 train_exploration_epsilon: 0.100
 train_frame_rate:  153
Falling back to num_samples=1
Falling back to num_samples=1
Falling back to num_samples=1
Falling back to num_samples=1
Falling back to num_samples=1
Falling back to num_samples=1
Falling back to num_samples=1
Falling back to num_samples=1
Falling back to num_samples=1
Falling back to num_samples=1
Falling back to num_samples=1
Falling back to num_samples=1
Falling back to num_samples=1
Falling back to num_samples=1
Falling back to num_samples=1
Falling back to num_samples=1
Falling back to num_samples=1
Falling back to num_samples=1
Falling back to num_samples=1
Falling back to num_samples=1
Falling back to num_samples=1
Falling back to num_samples=1
Falling back to num_samples=1
Falling back to num_samples=1
Falling back to num_samples=1
Falling back to num_samples=1
Falling back to num_samples=1
Falling back to num_samples=1
Falling back to num_samples=1
Falling back to num_samples=1
Falling back to num_samples=1
Falling back to num_samples=1
Falling back to num_samples=1
Falling back to num_samples=1
Falling back to num_samples=1
Falling back to num_samples=1
Falling back to num_samples=1
Falling back to num_samples=1
Falling back to num_samples=1
Falling back to num_samples=1
Falling back to num_samples=1
Falling back to num_samples=1
Falling back to num_samples=1
Falling back to num_samples=1
Falling back to num_samples=1
Falling back to num_samples=1
Falling back to num_samples=1
Falling back to num_samples=1
Falling back to num_samples=1
Falling back to num_samples=1
Falling back to num_samples=1
Falling back to num_samples=1
Falling back to num_samples=1
Falling back to num_samples=1
Falling back to num_samples=1
Falling back to num_samples=1
Falling back to num_samples=1
Falling back to num_samples=1
Falling back to num_samples=1
Falling back to num_samples=1
Falling back to num_samples=1
Falling back to num_samples=1
Falling back to num_samples=1
Falling back to num_samples=1
Falling back to num_samples=1
Falling back to num_samples=1
Falling back to num_samples=1
Falling back to num_samples=1
Falling back to num_samples=1
Falling back to num_samples=1
Falling back to num_samples=1
Falling back to num_samples=1
Falling back to num_samples=1
Falling back to num_samples=1
Falling back to num_samples=1
Falling back to num_samples=1
Falling back to num_samples=1
Falling back to num_samples=1
Falling back to num_samples=1
Falling back to num_samples=1
Falling back to num_samples=1
Falling back to num_samples=1
Falling back to num_samples=1
Falling back to num_samples=1
Falling back to num_samples=1
Falling back to num_samples=1
Falling back to num_samples=1
Falling back to num_samples=1
Falling back to num_samples=1
Falling back to num_samples=1
Falling back to num_samples=1
Falling back to num_samples=1
Falling back to num_samples=1
Falling back to num_samples=1
Falling back to num_samples=1
Falling back to num_samples=1
Falling back to num_samples=1
Falling back to num_samples=1
Falling back to num_samples=1
Falling back to num_samples=1
Falling back to num_samples=1
Falling back to num_samples=1
Falling back to num_samples=1
Falling back to num_samples=1
Falling back to num_samples=1
Falling back to num_samples=1
Falling back to num_samples=1
Falling back to num_samples=1
Falling back to num_samples=1
Falling back to num_samples=1
Falling back to num_samples=1
Falling back to num_samples=1
Falling back to num_samples=1
Falling back to num_samples=1
Falling back to num_samples=1
Falling back to num_samples=1
Falling back to num_samples=1
Falling back to num_samples=1
Falling back to num_samples=1
Falling back to num_samples=1
Falling back to num_samples=1
Falling back to num_samples=1
Falling back to num_samples=1
Falling back to num_samples=1
Falling back to num_samples=1
Falling back to num_samples=1
Falling back to num_samples=1
Falling back to num_samples=1
Falling back to num_samples=1
Falling back to num_samples=1
Falling back to num_samples=1
Falling back to num_samples=1
Falling back to num_samples=1
Falling back to num_samples=1
Falling back to num_samples=1
Falling back to num_samples=1
Falling back to num_samples=1
Falling back to num_samples=1
Falling back to num_samples=1
Falling back to num_samples=1
Falling back to num_samples=1
Falling back to num_samples=1
Falling back to num_samples=1
Falling back to num_samples=1
Falling back to num_samples=1
Falling back to num_samples=1
Falling back to num_samples=1
Falling back to num_samples=1
Falling back to num_samples=1
Falling back to num_samples=1
Falling back to num_samples=1
Falling back to num_samples=1
Falling back to num_samples=1
Falling back to num_samples=1
Falling back to num_samples=1
Falling back to num_samples=1
Falling back to num_samples=1
Falling back to num_samples=1
Falling back to num_samples=1
Falling back to num_samples=1
Falling back to num_samples=1
Falling back to num_samples=1
Falling back to num_samples=1
Falling back to num_samples=1
Falling back to num_samples=1
Falling back to num_samples=1
Falling back to num_samples=1
Falling back to num_samples=1
Falling back to num_samples=1
Falling back to num_samples=1
Falling back to num_samples=1
Falling back to num_samples=1
Falling back to num_samples=1
Falling back to num_samples=1
Falling back to num_samples=1
Falling back to num_samples=1
Falling back to num_samples=1
Falling back to num_samples=1
Falling back to num_samples=1
Falling back to num_samples=1
Falling back to num_samples=1
Falling back to num_samples=1
Falling back to num_samples=1
Falling back to num_samples=1
Falling back to num_samples=1
Falling back to num_samples=1
Falling back to num_samples=1
Falling back to num_samples=1
Falling back to num_samples=1
Falling back to num_samples=1
Falling back to num_samples=1
Falling back to num_samples=1
Falling back to num_samples=1
Falling back to num_samples=1
Falling back to num_samples=1
Falling back to num_samples=1
Falling back to num_samples=1
Falling back to num_samples=1
Falling back to num_samples=1
Falling back to num_samples=1
Falling back to num_samples=1
Falling back to num_samples=1
Falling back to num_samples=1
Falling back to num_samples=1
Falling back to num_samples=1
Falling back to num_samples=1
Falling back to num_samples=1
Falling back to num_samples=1
Falling back to num_samples=1
Falling back to num_samples=1
Falling back to num_samples=1
Falling back to num_samples=1
Falling back to num_samples=1
Falling back to num_samples=1
Falling back to num_samples=1
Falling back to num_samples=1
Falling back to num_samples=1
Falling back to num_samples=1
Falling back to num_samples=1
Falling back to num_samples=1
Falling back to num_samples=1
Falling back to num_samples=1
Falling back to num_samples=1
Falling back to num_samples=1
Falling back to num_samples=1
Falling back to num_samples=1
Falling back to num_samples=1
Falling back to num_samples=1
Falling back to num_samples=1
Falling back to num_samples=1
Falling back to num_samples=1
Falling back to num_samples=1
Falling back to num_samples=1
Falling back to num_samples=1
Falling back to num_samples=1
Falling back to num_samples=1
Falling back to num_samples=1
Falling back to num_samples=1
Falling back to num_samples=1
Falling back to num_samples=1
Falling back to num_samples=1
Falling back to num_samples=1
Falling back to num_samples=1
Falling back to num_samples=1
Falling back to num_samples=1
Falling back to num_samples=1
Falling back to num_samples=1
Falling back to num_samples=1
Falling back to num_samples=1
Falling back to num_samples=1
Falling back to num_samples=1
Falling back to num_samples=1
Falling back to num_samples=1
Falling back to num_samples=1
Falling back to num_samples=1
Falling back to num_samples=1
Falling back to num_samples=1
Falling back to num_samples=1
Falling back to num_samples=1
Falling back to num_samples=1
Falling back to num_samples=1
Falling back to num_samples=1
Falling back to num_samples=1
Falling back to num_samples=1
Falling back to num_samples=1
Falling back to num_samples=1
Falling back to num_samples=1
Falling back to num_samples=1
Falling back to num_samples=1
Falling back to num_samples=1
Falling back to num_samples=1
Falling back to num_samples=1
Falling back to num_samples=1
Falling back to num_samples=1
Falling back to num_samples=1
Falling back to num_samples=1
Falling back to num_samples=1
Falling back to num_samples=1
Falling back to num_samples=1
Falling back to num_samples=1
Falling back to num_samples=1
Falling back to num_samples=1
Falling back to num_samples=1
Falling back to num_samples=1
Falling back to num_samples=1
Falling back to num_samples=1
Falling back to num_samples=1
Falling back to num_samples=1
Falling back to num_samples=1
Falling back to num_samples=1
Falling back to num_samples=1
Falling back to num_samples=1
Falling back to num_samples=1
Falling back to num_samples=1
Falling back to num_samples=1
Falling back to num_samples=1
Falling back to num_samples=1
Falling back to num_samples=1
Falling back to num_samples=1
Falling back to num_samples=1
Falling back to num_samples=1
Falling back to num_samples=1
Falling back to num_samples=1
Falling back to num_samples=1
Falling back to num_samples=1
Falling back to num_samples=1
Falling back to num_samples=1
Falling back to num_samples=1
Falling back to num_samples=1
Falling back to num_samples=1
Falling back to num_samples=1
Falling back to num_samples=1
Falling back to num_samples=1
Falling back to num_samples=1
Falling back to num_samples=1
Falling back to num_samples=1
Falling back to num_samples=1
Falling back to num_samples=1
Falling back to num_samples=1
Falling back to num_samples=1
Falling back to num_samples=1
Falling back to num_samples=1
Falling back to num_samples=1
Falling back to num_samples=1
Falling back to num_samples=1
Falling back to num_samples=1
Falling back to num_samples=1
Falling back to num_samples=1
Falling back to num_samples=1
Falling back to num_samples=1
Falling back to num_samples=1
Falling back to num_samples=1
Falling back to num_samples=1
Falling back to num_samples=1
Falling back to num_samples=1
Falling back to num_samples=1
Falling back to num_samples=1
Falling back to num_samples=1
Falling back to num_samples=1
Falling back to num_samples=1
Falling back to num_samples=1
Falling back to num_samples=1
Falling back to num_samples=1
Falling back to num_samples=1
Falling back to num_samples=1
Falling back to num_samples=1
Falling back to num_samples=1
Falling back to num_samples=1
Falling back to num_samples=1
Falling back to num_samples=1
Falling back to num_samples=1
Falling back to num_samples=1
Falling back to num_samples=1
Falling back to num_samples=1
Falling back to num_samples=1
Falling back to num_samples=1
Falling back to num_samples=1
Falling back to num_samples=1
Falling back to num_samples=1
Falling back to num_samples=1
Falling back to num_samples=1
Falling back to num_samples=1
Falling back to num_samples=1
Falling back to num_samples=1
Falling back to num_samples=1
Falling back to num_samples=1
Falling back to num_samples=1
Falling back to num_samples=1
Falling back to num_samples=1
Falling back to num_samples=1
Falling back to num_samples=1
Falling back to num_samples=1
Falling back to num_samples=1
Falling back to num_samples=1
Falling back to num_samples=1
Falling back to num_samples=1
Falling back to num_samples=1
Falling back to num_samples=1
Falling back to num_samples=1
Falling back to num_samples=1
Falling back to num_samples=1
Falling back to num_samples=1
Falling back to num_samples=1
Falling back to num_samples=1
Falling back to num_samples=1
Falling back to num_samples=1
Falling back to num_samples=1
Falling back to num_samples=1
Falling back to num_samples=1
Falling back to num_samples=1
Falling back to num_samples=1
Falling back to num_samples=1
Falling back to num_samples=1
Falling back to num_samples=1
Falling back to num_samples=1
Falling back to num_samples=1
Falling back to num_samples=1
Falling back to num_samples=1
Falling back to num_samples=1
Falling back to num_samples=1
Falling back to num_samples=1
Falling back to num_samples=1
Falling back to num_samples=1
Falling back to num_samples=1
