I1008 16:38:27.848600 47621570225984 xla_bridge.py:355] Unable to initialize backend 'tpu_driver': NOT_FOUND: Unable to find driver in registry given worker: 
I1008 16:38:27.960650 47621570225984 xla_bridge.py:355] Unable to initialize backend 'rocm': NOT_FOUND: Could not find registered platform with name: "rocm". Available platform names are: Interpreter Host CUDA
I1008 16:38:27.961220 47621570225984 xla_bridge.py:355] Unable to initialize backend 'tpu': module 'jaxlib.xla_extension' has no attribute 'get_tpu_client'
I1008 16:38:27.961358 47621570225984 xla_bridge.py:355] Unable to initialize backend 'plugin': xla_extension has no attributes named get_plugin_device_client. Compile TensorFlow with //tensorflow/compiler/xla/python:enable_plugin_device set to true (defaults to false) to enable this.
I1008 16:38:27.961515 47621570225984 run_miniworld.py:102] Collecting data on MiniWorld on gpu.
I1008 16:38:32.783147 47621570225984 run_miniworld.py:138] Observation shape: (60, 80, 3)
I1008 16:38:39.905634 47621570225984 run_miniworld.py:243] Data collection iteration 0.
I1008 16:39:17.206174 47621570225984 run_miniworld.py:250] Evaluation iteration 0.
/home/mklissa/DCEO/lib/python3.8/site-packages/distrax/_src/distributions/categorical.py:96: UserWarning: Explicitly requested dtype <class 'jax.numpy.int64'> requested in astype is not available, and will be truncated to dtype int32. To enable more dtypes, set the jax_enable_x64 configuration option or the JAX_ENABLE_X64 shell environment variable. See https://github.com/google/jax#current-gotchas for more.
  return draws.astype(self._dtype)
I1008 16:39:27.408229 47621570225984 run_miniworld.py:267] iteration:   0
 frame:     0
 eval_episode_return:  0.00
 train_episode_return:  0.04
 train_exploration_epsilon: 1.000
 train_frame_rate:  670
I1008 16:39:30.933689 47621570225984 run_miniworld.py:243] Data collection iteration 1.
I1008 16:40:08.722132 47621570225984 run_miniworld.py:250] Evaluation iteration 1.
I1008 16:40:18.522084 47621570225984 run_miniworld.py:267] iteration:   1
 frame: 25000
 eval_episode_return:  0.00
 train_episode_return:  0.00
 train_exploration_epsilon: 1.000
 train_frame_rate:  662
I1008 16:40:21.550966 47621570225984 run_miniworld.py:243] Data collection iteration 2.
I1008 16:40:22.041078 47621570225984 dceo_agent.py:298] Begin learning
I1008 16:42:49.291925 47621570225984 run_miniworld.py:250] Evaluation iteration 2.
I1008 16:42:58.966271 47621570225984 run_miniworld.py:267] iteration:   2
 frame: 50000
 eval_episode_return:  0.00
 train_episode_return:  0.00
 train_exploration_epsilon: 0.955
 train_frame_rate:  169
I1008 16:43:01.979694 47621570225984 run_miniworld.py:243] Data collection iteration 3.
I1008 16:45:22.830356 47621570225984 run_miniworld.py:250] Evaluation iteration 3.
I1008 16:45:32.413975 47621570225984 run_miniworld.py:267] iteration:   3
 frame: 75000
 eval_episode_return:  0.00
 train_episode_return:  0.08
 train_exploration_epsilon: 0.910
 train_frame_rate:  177
I1008 16:45:35.475540 47621570225984 run_miniworld.py:243] Data collection iteration 4.
slurmstepd: error: *** JOB 41464811 ON bg12214 CANCELLED AT 2023-10-08T20:47:25 ***
