I1008 16:39:14.826630 46921620457280 xla_bridge.py:355] Unable to initialize backend 'tpu_driver': NOT_FOUND: Unable to find driver in registry given worker: 
I1008 16:39:15.007032 46921620457280 xla_bridge.py:355] Unable to initialize backend 'rocm': NOT_FOUND: Could not find registered platform with name: "rocm". Available platform names are: Interpreter Host CUDA
I1008 16:39:15.007518 46921620457280 xla_bridge.py:355] Unable to initialize backend 'tpu': module 'jaxlib.xla_extension' has no attribute 'get_tpu_client'
I1008 16:39:15.007646 46921620457280 xla_bridge.py:355] Unable to initialize backend 'plugin': xla_extension has no attributes named get_plugin_device_client. Compile TensorFlow with //tensorflow/compiler/xla/python:enable_plugin_device set to true (defaults to false) to enable this.
I1008 16:39:15.007762 46921620457280 run_miniworld.py:102] Collecting data on MiniWorld on gpu.
I1008 16:39:20.526787 46921620457280 run_miniworld.py:138] Observation shape: (60, 80, 3)
I1008 16:39:31.097953 46921620457280 run_miniworld.py:243] Data collection iteration 0.
I1008 16:40:07.567630 46921620457280 run_miniworld.py:250] Evaluation iteration 0.
/home/mklissa/DCEO/lib/python3.8/site-packages/distrax/_src/distributions/categorical.py:96: UserWarning: Explicitly requested dtype <class 'jax.numpy.int64'> requested in astype is not available, and will be truncated to dtype int32. To enable more dtypes, set the jax_enable_x64 configuration option or the JAX_ENABLE_X64 shell environment variable. See https://github.com/google/jax#current-gotchas for more.
  return draws.astype(self._dtype)
I1008 16:40:17.596427 46921620457280 run_miniworld.py:267] iteration:   0
 frame:     0
 eval_episode_return:  0.00
 train_episode_return:  0.04
 train_exploration_epsilon: 1.000
 train_frame_rate:  686
I1008 16:40:21.867146 46921620457280 run_miniworld.py:243] Data collection iteration 1.
I1008 16:40:58.636365 46921620457280 run_miniworld.py:250] Evaluation iteration 1.
I1008 16:41:08.118721 46921620457280 run_miniworld.py:267] iteration:   1
 frame: 25000
 eval_episode_return:  0.00
 train_episode_return:  0.00
 train_exploration_epsilon: 1.000
 train_frame_rate:  680
I1008 16:41:11.146760 46921620457280 run_miniworld.py:243] Data collection iteration 2.
I1008 16:41:11.630280 46921620457280 dceo_agent.py:298] Begin learning
I1008 16:43:39.621851 46921620457280 run_miniworld.py:250] Evaluation iteration 2.
I1008 16:43:48.942401 46921620457280 run_miniworld.py:267] iteration:   2
 frame: 50000
 eval_episode_return:  0.00
 train_episode_return:  0.00
 train_exploration_epsilon: 0.955
 train_frame_rate:  168
I1008 16:43:52.007122 46921620457280 run_miniworld.py:243] Data collection iteration 3.
I1008 16:46:14.454380 46921620457280 run_miniworld.py:250] Evaluation iteration 3.
I1008 16:46:23.839810 46921620457280 run_miniworld.py:267] iteration:   3
 frame: 75000
 eval_episode_return:  0.00
 train_episode_return:  0.04
 train_exploration_epsilon: 0.910
 train_frame_rate:  176
I1008 16:46:27.027130 46921620457280 run_miniworld.py:243] Data collection iteration 4.
slurmstepd: error: *** JOB 41464813 ON bg12306 CANCELLED AT 2023-10-08T20:47:27 ***
