I1015 22:19:37.153738 47526403094336 xla_bridge.py:355] Unable to initialize backend 'tpu_driver': NOT_FOUND: Unable to find driver in registry given worker: 
I1015 22:19:37.344952 47526403094336 xla_bridge.py:355] Unable to initialize backend 'rocm': NOT_FOUND: Could not find registered platform with name: "rocm". Available platform names are: Host Interpreter CUDA
I1015 22:19:37.345422 47526403094336 xla_bridge.py:355] Unable to initialize backend 'tpu': module 'jaxlib.xla_extension' has no attribute 'get_tpu_client'
I1015 22:19:37.345546 47526403094336 xla_bridge.py:355] Unable to initialize backend 'plugin': xla_extension has no attributes named get_plugin_device_client. Compile TensorFlow with //tensorflow/compiler/xla/python:enable_plugin_device set to true (defaults to false) to enable this.
I1015 22:19:37.345663 47526403094336 run_miniworld.py:102] Collecting data on MiniWorld on gpu.
I1015 22:19:42.707589 47526403094336 run_miniworld.py:138] Observation shape: (60, 80, 3)
I1015 22:19:51.023573 47526403094336 run_miniworld.py:243] Data collection iteration 0.
I1015 22:20:27.365485 47526403094336 run_miniworld.py:250] Evaluation iteration 0.
/home/mklissa/DCEO/lib/python3.8/site-packages/distrax/_src/distributions/categorical.py:96: UserWarning: Explicitly requested dtype <class 'jax.numpy.int64'> requested in astype is not available, and will be truncated to dtype int32. To enable more dtypes, set the jax_enable_x64 configuration option or the JAX_ENABLE_X64 shell environment variable. See https://github.com/google/jax#current-gotchas for more.
  return draws.astype(self._dtype)
I1015 22:20:37.336569 47526403094336 run_miniworld.py:267] iteration:   0
 frame:     0
 eval_episode_return:  0.00
 train_episode_return:  0.04
 train_exploration_epsilon: 1.000
 train_frame_rate:  688
I1015 22:20:41.643385 47526403094336 run_miniworld.py:243] Data collection iteration 1.
I1015 22:21:18.505419 47526403094336 run_miniworld.py:250] Evaluation iteration 1.
I1015 22:21:27.980552 47526403094336 run_miniworld.py:267] iteration:   1
 frame: 25000
 eval_episode_return:  0.00
 train_episode_return:  0.00
 train_exploration_epsilon: 1.000
 train_frame_rate:  678
I1015 22:21:31.113506 47526403094336 run_miniworld.py:243] Data collection iteration 2.
I1015 22:21:31.593863 47526403094336 dceo_agent.py:331] Begin learning
I1015 22:23:55.859965 47526403094336 run_miniworld.py:250] Evaluation iteration 2.
I1015 22:24:05.491026 47526403094336 run_miniworld.py:267] iteration:   2
 frame: 50000
 eval_episode_return:  0.00
 train_episode_return:  0.04
 train_exploration_epsilon: 0.955
 train_frame_rate:  173
I1015 22:24:08.354414 47526403094336 run_miniworld.py:243] Data collection iteration 3.
I1015 22:26:33.500327 47526403094336 run_miniworld.py:250] Evaluation iteration 3.
I1015 22:26:42.987964 47526403094336 run_miniworld.py:267] iteration:   3
 frame: 75000
 eval_episode_return:  0.00
 train_episode_return:  0.00
 train_exploration_epsilon: 0.910
 train_frame_rate:  172
I1015 22:26:46.302500 47526403094336 run_miniworld.py:243] Data collection iteration 4.
I1015 22:29:12.187931 47526403094336 run_miniworld.py:250] Evaluation iteration 4.
I1015 22:29:21.614801 47526403094336 run_miniworld.py:267] iteration:   4
 frame: 100000
 eval_episode_return:  0.00
 train_episode_return:  0.00
 train_exploration_epsilon: 0.865
 train_frame_rate:  171
I1015 22:29:24.776848 47526403094336 run_miniworld.py:243] Data collection iteration 5.
I1015 22:31:52.017775 47526403094336 run_miniworld.py:250] Evaluation iteration 5.
I1015 22:32:01.534764 47526403094336 run_miniworld.py:267] iteration:   5
 frame: 125000
 eval_episode_return:  0.00
 train_episode_return:  0.00
 train_exploration_epsilon: 0.820
 train_frame_rate:  170
I1015 22:32:04.755000 47526403094336 run_miniworld.py:243] Data collection iteration 6.
I1015 22:34:31.400901 47526403094336 run_miniworld.py:250] Evaluation iteration 6.
I1015 22:34:40.966138 47526403094336 run_miniworld.py:267] iteration:   6
 frame: 150000
 eval_episode_return:  0.00
 train_episode_return:  0.00
 train_exploration_epsilon: 0.775
 train_frame_rate:  170
I1015 22:34:44.039541 47526403094336 run_miniworld.py:243] Data collection iteration 7.
I1015 22:37:12.730611 47526403094336 run_miniworld.py:250] Evaluation iteration 7.
I1015 22:37:22.298159 47526403094336 run_miniworld.py:267] iteration:   7
 frame: 175000
 eval_episode_return:  0.00
 train_episode_return:  0.00
 train_exploration_epsilon: 0.730
 train_frame_rate:  168
I1015 22:37:25.113635 47526403094336 run_miniworld.py:243] Data collection iteration 8.
I1015 22:39:53.574427 47526403094336 run_miniworld.py:250] Evaluation iteration 8.
I1015 22:40:03.058312 47526403094336 run_miniworld.py:267] iteration:   8
 frame: 200000
 eval_episode_return:  0.00
 train_episode_return:  0.00
 train_exploration_epsilon: 0.685
 train_frame_rate:  168
I1015 22:40:06.018162 47526403094336 run_miniworld.py:243] Data collection iteration 9.
I1015 22:42:35.625680 47526403094336 run_miniworld.py:250] Evaluation iteration 9.
I1015 22:42:45.311300 47526403094336 run_miniworld.py:267] iteration:   9
 frame: 225000
 eval_episode_return:  0.00
 train_episode_return:  0.00
 train_exploration_epsilon: 0.640
 train_frame_rate:  167
I1015 22:42:48.598497 47526403094336 run_miniworld.py:243] Data collection iteration 10.
I1015 22:45:18.407218 47526403094336 run_miniworld.py:250] Evaluation iteration 10.
I1015 22:45:27.674636 47526403094336 run_miniworld.py:267] iteration:  10
 frame: 250000
 eval_episode_return:  0.00
 train_episode_return:  0.00
 train_exploration_epsilon: 0.595
 train_frame_rate:  167
I1015 22:45:30.951147 47526403094336 run_miniworld.py:243] Data collection iteration 11.
I1015 22:48:02.709018 47526403094336 run_miniworld.py:250] Evaluation iteration 11.
I1015 22:48:12.029418 47526403094336 run_miniworld.py:267] iteration:  11
 frame: 275000
 eval_episode_return:  0.00
 train_episode_return:  0.00
 train_exploration_epsilon: 0.550
 train_frame_rate:  165
I1015 22:48:15.317871 47526403094336 run_miniworld.py:243] Data collection iteration 12.
I1015 22:50:45.956642 47526403094336 run_miniworld.py:250] Evaluation iteration 12.
I1015 22:50:55.433614 47526403094336 run_miniworld.py:267] iteration:  12
 frame: 300000
 eval_episode_return:  0.00
 train_episode_return:  0.00
 train_exploration_epsilon: 0.505
 train_frame_rate:  166
I1015 22:50:58.430820 47526403094336 run_miniworld.py:243] Data collection iteration 13.
I1015 22:53:30.242632 47526403094336 run_miniworld.py:250] Evaluation iteration 13.
I1015 22:53:39.969413 47526403094336 run_miniworld.py:267] iteration:  13
 frame: 325000
 eval_episode_return:  0.00
 train_episode_return:  0.00
 train_exploration_epsilon: 0.460
 train_frame_rate:  165
I1015 22:53:42.751477 47526403094336 run_miniworld.py:243] Data collection iteration 14.
I1015 22:56:14.828325 47526403094336 run_miniworld.py:250] Evaluation iteration 14.
I1015 22:56:24.162081 47526403094336 run_miniworld.py:267] iteration:  14
 frame: 350000
 eval_episode_return:  0.00
 train_episode_return:  0.00
 train_exploration_epsilon: 0.415
 train_frame_rate:  164
I1015 22:56:27.526515 47526403094336 run_miniworld.py:243] Data collection iteration 15.
I1015 22:58:59.593676 47526403094336 run_miniworld.py:250] Evaluation iteration 15.
I1015 22:59:09.244133 47526403094336 run_miniworld.py:267] iteration:  15
 frame: 375000
 eval_episode_return:  0.00
 train_episode_return:  0.00
 train_exploration_epsilon: 0.370
 train_frame_rate:  164
I1015 22:59:12.886540 47526403094336 run_miniworld.py:243] Data collection iteration 16.
I1015 23:01:44.720158 47526403094336 run_miniworld.py:250] Evaluation iteration 16.
I1015 23:01:54.159299 47526403094336 run_miniworld.py:267] iteration:  16
 frame: 400000
 eval_episode_return:  0.00
 train_episode_return:  0.00
 train_exploration_epsilon: 0.325
 train_frame_rate:  165
I1015 23:01:57.165645 47526403094336 run_miniworld.py:243] Data collection iteration 17.
I1015 23:04:31.331641 47526403094336 run_miniworld.py:250] Evaluation iteration 17.
I1015 23:04:40.641064 47526403094336 run_miniworld.py:267] iteration:  17
 frame: 425000
 eval_episode_return:  0.00
 train_episode_return:  0.00
 train_exploration_epsilon: 0.280
 train_frame_rate:  162
I1015 23:04:44.022841 47526403094336 run_miniworld.py:243] Data collection iteration 18.
I1015 23:07:20.004929 47526403094336 run_miniworld.py:250] Evaluation iteration 18.
I1015 23:07:29.649266 47526403094336 run_miniworld.py:267] iteration:  18
 frame: 450000
 eval_episode_return:  0.00
 train_episode_return:  0.00
 train_exploration_epsilon: 0.235
 train_frame_rate:  160
I1015 23:07:33.117255 47526403094336 run_miniworld.py:243] Data collection iteration 19.
I1015 23:10:11.035100 47526403094336 run_miniworld.py:250] Evaluation iteration 19.
I1015 23:10:20.718133 47526403094336 run_miniworld.py:267] iteration:  19
 frame: 475000
 eval_episode_return:  0.00
 train_episode_return:  0.00
 train_exploration_epsilon: 0.190
 train_frame_rate:  158
I1015 23:10:23.606379 47526403094336 run_miniworld.py:243] Data collection iteration 20.
I1015 23:12:59.980181 47526403094336 run_miniworld.py:250] Evaluation iteration 20.
I1015 23:13:09.733045 47526403094336 run_miniworld.py:267] iteration:  20
 frame: 500000
 eval_episode_return:  0.00
 train_episode_return:  0.00
 train_exploration_epsilon: 0.145
 train_frame_rate:  160
I1015 23:13:13.136940 47526403094336 run_miniworld.py:243] Data collection iteration 21.
I1015 23:15:48.687043 47526403094336 run_miniworld.py:250] Evaluation iteration 21.
I1015 23:15:58.196104 47526403094336 run_miniworld.py:267] iteration:  21
 frame: 525000
 eval_episode_return:  0.00
 train_episode_return:  0.00
 train_exploration_epsilon: 0.100
 train_frame_rate:  161
I1015 23:16:01.109488 47526403094336 run_miniworld.py:243] Data collection iteration 22.
I1015 23:18:36.408670 47526403094336 run_miniworld.py:250] Evaluation iteration 22.
I1015 23:18:45.970127 47526403094336 run_miniworld.py:267] iteration:  22
 frame: 550000
 eval_episode_return:  0.00
 train_episode_return:  0.00
 train_exploration_epsilon: 0.100
 train_frame_rate:  161
I1015 23:18:49.494702 47526403094336 run_miniworld.py:243] Data collection iteration 23.
I1015 23:21:26.543984 47526403094336 run_miniworld.py:250] Evaluation iteration 23.
I1015 23:21:35.991679 47526403094336 run_miniworld.py:267] iteration:  23
 frame: 575000
 eval_episode_return:  0.00
 train_episode_return:  0.00
 train_exploration_epsilon: 0.100
 train_frame_rate:  159
I1015 23:21:40.016563 47526403094336 run_miniworld.py:243] Data collection iteration 24.
I1015 23:24:16.740188 47526403094336 run_miniworld.py:250] Evaluation iteration 24.
I1015 23:24:26.243945 47526403094336 run_miniworld.py:267] iteration:  24
 frame: 600000
 eval_episode_return:  0.00
 train_episode_return:  0.00
 train_exploration_epsilon: 0.100
 train_frame_rate:  160
I1015 23:24:29.435507 47526403094336 run_miniworld.py:243] Data collection iteration 25.
I1015 23:27:07.335721 47526403094336 run_miniworld.py:250] Evaluation iteration 25.
I1015 23:27:16.761179 47526403094336 run_miniworld.py:267] iteration:  25
 frame: 625000
 eval_episode_return:  0.00
 train_episode_return:  0.00
 train_exploration_epsilon: 0.100
 train_frame_rate:  158
I1015 23:27:20.488684 47526403094336 run_miniworld.py:243] Data collection iteration 26.
I1015 23:29:57.172157 47526403094336 run_miniworld.py:250] Evaluation iteration 26.
I1015 23:30:06.838002 47526403094336 run_miniworld.py:267] iteration:  26
 frame: 650000
 eval_episode_return:  0.00
 train_episode_return:  0.00
 train_exploration_epsilon: 0.100
 train_frame_rate:  160
I1015 23:30:09.641573 47526403094336 run_miniworld.py:243] Data collection iteration 27.
I1015 23:32:47.688123 47526403094336 run_miniworld.py:250] Evaluation iteration 27.
I1015 23:32:57.447243 47526403094336 run_miniworld.py:267] iteration:  27
 frame: 675000
 eval_episode_return:  0.00
 train_episode_return:  0.00
 train_exploration_epsilon: 0.100
 train_frame_rate:  158
I1015 23:33:01.268674 47526403094336 run_miniworld.py:243] Data collection iteration 28.
I1015 23:35:43.295528 47526403094336 run_miniworld.py:250] Evaluation iteration 28.
I1015 23:35:52.941275 47526403094336 run_miniworld.py:267] iteration:  28
 frame: 700000
 eval_episode_return:  0.00
 train_episode_return:  0.00
 train_exploration_epsilon: 0.100
 train_frame_rate:  154
I1015 23:35:55.782948 47526403094336 run_miniworld.py:243] Data collection iteration 29.
I1015 23:38:35.164313 47526403094336 run_miniworld.py:250] Evaluation iteration 29.
I1015 23:38:44.845911 47526403094336 run_miniworld.py:267] iteration:  29
 frame: 725000
 eval_episode_return:  0.00
 train_episode_return:  0.00
 train_exploration_epsilon: 0.100
 train_frame_rate:  157
I1015 23:38:48.575135 47526403094336 run_miniworld.py:243] Data collection iteration 30.
I1015 23:41:28.871477 47526403094336 run_miniworld.py:250] Evaluation iteration 30.
I1015 23:41:38.668674 47526403094336 run_miniworld.py:267] iteration:  30
 frame: 750000
 eval_episode_return:  0.00
 train_episode_return:  0.00
 train_exploration_epsilon: 0.100
 train_frame_rate:  156
I1015 23:41:41.548812 47526403094336 run_miniworld.py:243] Data collection iteration 31.
I1015 23:44:22.534435 47526403094336 run_miniworld.py:250] Evaluation iteration 31.
I1015 23:44:31.962254 47526403094336 run_miniworld.py:267] iteration:  31
 frame: 775000
 eval_episode_return:  0.00
 train_episode_return:  0.00
 train_exploration_epsilon: 0.100
 train_frame_rate:  155
I1015 23:44:34.831485 47526403094336 run_miniworld.py:243] Data collection iteration 32.
I1015 23:47:16.010231 47526403094336 run_miniworld.py:250] Evaluation iteration 32.
I1015 23:47:25.544414 47526403094336 run_miniworld.py:267] iteration:  32
 frame: 800000
 eval_episode_return:  0.00
 train_episode_return:  0.00
 train_exploration_epsilon: 0.100
 train_frame_rate:  155
I1015 23:47:28.493615 47526403094336 run_miniworld.py:243] Data collection iteration 33.
I1015 23:50:07.111835 47526403094336 run_miniworld.py:250] Evaluation iteration 33.
I1015 23:50:16.927539 47526403094336 run_miniworld.py:267] iteration:  33
 frame: 825000
 eval_episode_return:  0.00
 train_episode_return:  0.00
 train_exploration_epsilon: 0.100
 train_frame_rate:  158
I1015 23:50:20.018740 47526403094336 run_miniworld.py:243] Data collection iteration 34.
I1015 23:52:56.105764 47526403094336 run_miniworld.py:250] Evaluation iteration 34.
I1015 23:53:05.641145 47526403094336 run_miniworld.py:267] iteration:  34
 frame: 850000
 eval_episode_return:  0.00
 train_episode_return:  0.00
 train_exploration_epsilon: 0.100
 train_frame_rate:  160
I1015 23:53:08.538608 47526403094336 run_miniworld.py:243] Data collection iteration 35.
I1015 23:55:48.935674 47526403094336 run_miniworld.py:250] Evaluation iteration 35.
I1015 23:55:58.793078 47526403094336 run_miniworld.py:267] iteration:  35
 frame: 875000
 eval_episode_return:  0.00
 train_episode_return:  0.00
 train_exploration_epsilon: 0.100
 train_frame_rate:  156
I1015 23:56:01.630676 47526403094336 run_miniworld.py:243] Data collection iteration 36.
I1015 23:58:41.671045 47526403094336 run_miniworld.py:250] Evaluation iteration 36.
I1015 23:58:51.046150 47526403094336 run_miniworld.py:267] iteration:  36
 frame: 900000
 eval_episode_return:  0.00
 train_episode_return:  0.00
 train_exploration_epsilon: 0.100
 train_frame_rate:  156
I1015 23:58:54.999755 47526403094336 run_miniworld.py:243] Data collection iteration 37.
I1016 00:01:35.666579 47526403094336 run_miniworld.py:250] Evaluation iteration 37.
I1016 00:01:45.581376 47526403094336 run_miniworld.py:267] iteration:  37
 frame: 925000
 eval_episode_return:  0.00
 train_episode_return:  0.00
 train_exploration_epsilon: 0.100
 train_frame_rate:  156
I1016 00:01:48.714587 47526403094336 run_miniworld.py:243] Data collection iteration 38.
I1016 00:04:29.544689 47526403094336 run_miniworld.py:250] Evaluation iteration 38.
I1016 00:04:39.132392 47526403094336 run_miniworld.py:267] iteration:  38
 frame: 950000
 eval_episode_return:  0.00
 train_episode_return:  0.00
 train_exploration_epsilon: 0.100
 train_frame_rate:  155
I1016 00:04:42.939883 47526403094336 run_miniworld.py:243] Data collection iteration 39.
I1016 00:07:25.001943 47526403094336 run_miniworld.py:250] Evaluation iteration 39.
I1016 00:07:34.776376 47526403094336 run_miniworld.py:267] iteration:  39
 frame: 975000
 eval_episode_return:  0.00
 train_episode_return:  0.00
 train_exploration_epsilon: 0.100
 train_frame_rate:  154
I1016 00:07:37.670552 47526403094336 run_miniworld.py:243] Data collection iteration 40.
I1016 00:10:20.413197 47526403094336 run_miniworld.py:250] Evaluation iteration 40.
I1016 00:10:30.311009 47526403094336 run_miniworld.py:267] iteration:  40
 frame: 1000000
 eval_episode_return:  0.00
 train_episode_return:  0.00
 train_exploration_epsilon: 0.100
 train_frame_rate:  154
I1016 00:10:34.254438 47526403094336 run_miniworld.py:243] Data collection iteration 41.
I1016 00:13:17.068032 47526403094336 run_miniworld.py:250] Evaluation iteration 41.
I1016 00:13:26.933265 47526403094336 run_miniworld.py:267] iteration:  41
 frame: 1025000
 eval_episode_return:  0.00
 train_episode_return:  0.00
 train_exploration_epsilon: 0.100
 train_frame_rate:  154
I1016 00:13:30.325381 47526403094336 run_miniworld.py:243] Data collection iteration 42.
I1016 00:16:12.946240 47526403094336 run_miniworld.py:250] Evaluation iteration 42.
I1016 00:16:22.597072 47526403094336 run_miniworld.py:267] iteration:  42
 frame: 1050000
 eval_episode_return:  0.00
 train_episode_return:  0.00
 train_exploration_epsilon: 0.100
 train_frame_rate:  154
I1016 00:16:26.327623 47526403094336 run_miniworld.py:243] Data collection iteration 43.
I1016 00:19:07.872607 47526403094336 run_miniworld.py:250] Evaluation iteration 43.
I1016 00:19:17.581425 47526403094336 run_miniworld.py:267] iteration:  43
 frame: 1075000
 eval_episode_return:  0.00
 train_episode_return:  0.00
 train_exploration_epsilon: 0.100
 train_frame_rate:  155
I1016 00:19:21.525540 47526403094336 run_miniworld.py:243] Data collection iteration 44.
I1016 00:22:03.883015 47526403094336 run_miniworld.py:250] Evaluation iteration 44.
I1016 00:22:13.764228 47526403094336 run_miniworld.py:267] iteration:  44
 frame: 1100000
 eval_episode_return:  0.00
 train_episode_return:  0.00
 train_exploration_epsilon: 0.100
 train_frame_rate:  154
I1016 00:22:16.583456 47526403094336 run_miniworld.py:243] Data collection iteration 45.
I1016 00:24:58.240795 47526403094336 run_miniworld.py:250] Evaluation iteration 45.
I1016 00:25:08.068210 47526403094336 run_miniworld.py:267] iteration:  45
 frame: 1125000
 eval_episode_return:  0.00
 train_episode_return:  0.00
 train_exploration_epsilon: 0.100
 train_frame_rate:  155
I1016 00:25:11.914649 47526403094336 run_miniworld.py:243] Data collection iteration 46.
I1016 00:27:54.508269 47526403094336 run_miniworld.py:250] Evaluation iteration 46.
I1016 00:28:04.300479 47526403094336 run_miniworld.py:267] iteration:  46
 frame: 1150000
 eval_episode_return:  0.00
 train_episode_return:  0.00
 train_exploration_epsilon: 0.100
 train_frame_rate:  154
I1016 00:28:07.413061 47526403094336 run_miniworld.py:243] Data collection iteration 47.
I1016 00:30:49.340280 47526403094336 run_miniworld.py:250] Evaluation iteration 47.
I1016 00:30:58.786633 47526403094336 run_miniworld.py:267] iteration:  47
 frame: 1175000
 eval_episode_return:  0.00
 train_episode_return:  0.00
 train_exploration_epsilon: 0.100
 train_frame_rate:  154
I1016 00:31:01.773519 47526403094336 run_miniworld.py:243] Data collection iteration 48.
I1016 00:33:44.395768 47526403094336 run_miniworld.py:250] Evaluation iteration 48.
I1016 00:33:54.249925 47526403094336 run_miniworld.py:267] iteration:  48
 frame: 1200000
 eval_episode_return:  0.00
 train_episode_return:  0.00
 train_exploration_epsilon: 0.100
 train_frame_rate:  154
I1016 00:33:58.332282 47526403094336 run_miniworld.py:243] Data collection iteration 49.
I1016 00:36:41.442126 47526403094336 run_miniworld.py:250] Evaluation iteration 49.
I1016 00:36:51.151474 47526403094336 run_miniworld.py:267] iteration:  49
 frame: 1225000
 eval_episode_return:  0.00
 train_episode_return:  0.00
 train_exploration_epsilon: 0.100
 train_frame_rate:  153
I1016 00:36:54.047316 47526403094336 run_miniworld.py:243] Data collection iteration 50.
I1016 00:39:37.449692 47526403094336 run_miniworld.py:250] Evaluation iteration 50.
I1016 00:39:47.175634 47526403094336 run_miniworld.py:267] iteration:  50
 frame: 1250000
 eval_episode_return:  0.00
 train_episode_return:  0.00
 train_exploration_epsilon: 0.100
 train_frame_rate:  153
I1016 00:39:50.954400 47526403094336 run_miniworld.py:243] Data collection iteration 51.
I1016 00:42:34.029435 47526403094336 run_miniworld.py:250] Evaluation iteration 51.
I1016 00:42:43.885763 47526403094336 run_miniworld.py:267] iteration:  51
 frame: 1275000
 eval_episode_return:  0.00
 train_episode_return:  0.00
 train_exploration_epsilon: 0.100
 train_frame_rate:  153
I1016 00:42:46.772979 47526403094336 run_miniworld.py:243] Data collection iteration 52.
I1016 00:45:29.769225 47526403094336 run_miniworld.py:250] Evaluation iteration 52.
I1016 00:45:39.603582 47526403094336 run_miniworld.py:267] iteration:  52
 frame: 1300000
 eval_episode_return:  0.00
 train_episode_return:  0.00
 train_exploration_epsilon: 0.100
 train_frame_rate:  153
I1016 00:45:42.473049 47526403094336 run_miniworld.py:243] Data collection iteration 53.
I1016 00:48:26.322714 47526403094336 run_miniworld.py:250] Evaluation iteration 53.
I1016 00:48:35.958073 47526403094336 run_miniworld.py:267] iteration:  53
 frame: 1325000
 eval_episode_return:  0.00
 train_episode_return:  0.00
 train_exploration_epsilon: 0.100
 train_frame_rate:  153
I1016 00:48:39.977260 47526403094336 run_miniworld.py:243] Data collection iteration 54.
I1016 00:51:22.828174 47526403094336 run_miniworld.py:250] Evaluation iteration 54.
I1016 00:51:32.587528 47526403094336 run_miniworld.py:267] iteration:  54
 frame: 1350000
 eval_episode_return:  0.00
 train_episode_return:  0.00
 train_exploration_epsilon: 0.100
 train_frame_rate:  154
I1016 00:51:35.420531 47526403094336 run_miniworld.py:243] Data collection iteration 55.
I1016 00:54:19.549263 47526403094336 run_miniworld.py:250] Evaluation iteration 55.
I1016 00:54:29.413403 47526403094336 run_miniworld.py:267] iteration:  55
 frame: 1375000
 eval_episode_return:  0.00
 train_episode_return:  0.00
 train_exploration_epsilon: 0.100
 train_frame_rate:  152
I1016 00:54:33.315582 47526403094336 run_miniworld.py:243] Data collection iteration 56.
I1016 00:57:17.061208 47526403094336 run_miniworld.py:250] Evaluation iteration 56.
I1016 00:57:26.691506 47526403094336 run_miniworld.py:267] iteration:  56
 frame: 1400000
 eval_episode_return:  0.00
 train_episode_return:  0.00
 train_exploration_epsilon: 0.100
 train_frame_rate:  153
I1016 00:57:29.960796 47526403094336 run_miniworld.py:243] Data collection iteration 57.
I1016 01:00:13.332167 47526403094336 run_miniworld.py:250] Evaluation iteration 57.
I1016 01:00:23.152606 47526403094336 run_miniworld.py:267] iteration:  57
 frame: 1425000
 eval_episode_return:  0.00
 train_episode_return:  0.00
 train_exploration_epsilon: 0.100
 train_frame_rate:  153
I1016 01:00:26.059740 47526403094336 run_miniworld.py:243] Data collection iteration 58.
I1016 01:03:09.890099 47526403094336 run_miniworld.py:250] Evaluation iteration 58.
I1016 01:03:19.811607 47526403094336 run_miniworld.py:267] iteration:  58
 frame: 1450000
 eval_episode_return:  0.00
 train_episode_return:  0.00
 train_exploration_epsilon: 0.100
 train_frame_rate:  153
I1016 01:03:23.713603 47526403094336 run_miniworld.py:243] Data collection iteration 59.
I1016 01:06:07.385441 47526403094336 run_miniworld.py:250] Evaluation iteration 59.
I1016 01:06:17.167986 47526403094336 run_miniworld.py:267] iteration:  59
 frame: 1475000
 eval_episode_return:  0.00
 train_episode_return:  0.00
 train_exploration_epsilon: 0.100
 train_frame_rate:  153
I1016 01:06:20.228940 47526403094336 run_miniworld.py:243] Data collection iteration 60.
I1016 01:09:03.909217 47526403094336 run_miniworld.py:250] Evaluation iteration 60.
I1016 01:09:13.749122 47526403094336 run_miniworld.py:267] iteration:  60
 frame: 1500000
 eval_episode_return:  0.00
 train_episode_return:  0.00
 train_exploration_epsilon: 0.100
 train_frame_rate:  153
I1016 01:09:17.817807 47526403094336 run_miniworld.py:243] Data collection iteration 61.
I1016 01:12:02.761866 47526403094336 run_miniworld.py:250] Evaluation iteration 61.
I1016 01:12:12.419927 47526403094336 run_miniworld.py:267] iteration:  61
 frame: 1525000
 eval_episode_return:  0.00
 train_episode_return:  0.00
 train_exploration_epsilon: 0.100
 train_frame_rate:  152
I1016 01:12:15.264153 47526403094336 run_miniworld.py:243] Data collection iteration 62.
I1016 01:14:59.264063 47526403094336 run_miniworld.py:250] Evaluation iteration 62.
I1016 01:15:08.975758 47526403094336 run_miniworld.py:267] iteration:  62
 frame: 1550000
 eval_episode_return:  0.00
 train_episode_return:  0.00
 train_exploration_epsilon: 0.100
 train_frame_rate:  152
I1016 01:15:12.181403 47526403094336 run_miniworld.py:243] Data collection iteration 63.
I1016 01:17:55.973115 47526403094336 run_miniworld.py:250] Evaluation iteration 63.
I1016 01:18:05.881652 47526403094336 run_miniworld.py:267] iteration:  63
 frame: 1575000
 eval_episode_return:  0.00
 train_episode_return:  0.04
 train_exploration_epsilon: 0.100
 train_frame_rate:  153
I1016 01:18:10.386209 47526403094336 run_miniworld.py:243] Data collection iteration 64.
I1016 01:20:54.222699 47526403094336 run_miniworld.py:250] Evaluation iteration 64.
I1016 01:21:03.835247 47526403094336 run_miniworld.py:267] iteration:  64
 frame: 1600000
 eval_episode_return:  0.00
 train_episode_return:  0.00
 train_exploration_epsilon: 0.100
 train_frame_rate:  153
I1016 01:21:06.766746 47526403094336 run_miniworld.py:243] Data collection iteration 65.
I1016 01:23:51.073969 47526403094336 run_miniworld.py:250] Evaluation iteration 65.
I1016 01:24:00.870242 47526403094336 run_miniworld.py:267] iteration:  65
 frame: 1625000
 eval_episode_return:  0.00
 train_episode_return:  0.00
 train_exploration_epsilon: 0.100
 train_frame_rate:  152
I1016 01:24:04.849290 47526403094336 run_miniworld.py:243] Data collection iteration 66.
I1016 01:26:50.618628 47526403094336 run_miniworld.py:250] Evaluation iteration 66.
I1016 01:27:00.272825 47526403094336 run_miniworld.py:267] iteration:  66
 frame: 1650000
 eval_episode_return:  0.00
 train_episode_return:  0.00
 train_exploration_epsilon: 0.100
 train_frame_rate:  151
I1016 01:27:03.314205 47526403094336 run_miniworld.py:243] Data collection iteration 67.
I1016 01:29:47.289525 47526403094336 run_miniworld.py:250] Evaluation iteration 67.
I1016 01:29:57.156574 47526403094336 run_miniworld.py:267] iteration:  67
 frame: 1675000
 eval_episode_return:  0.00
 train_episode_return:  0.00
 train_exploration_epsilon: 0.100
 train_frame_rate:  152
I1016 01:30:00.133033 47526403094336 run_miniworld.py:243] Data collection iteration 68.
I1016 01:32:43.720424 47526403094336 run_miniworld.py:250] Evaluation iteration 68.
I1016 01:32:53.402927 47526403094336 run_miniworld.py:267] iteration:  68
 frame: 1700000
 eval_episode_return:  0.00
 train_episode_return:  0.00
 train_exploration_epsilon: 0.100
 train_frame_rate:  153
I1016 01:32:57.516759 47526403094336 run_miniworld.py:243] Data collection iteration 69.
I1016 01:35:38.464096 47526403094336 run_miniworld.py:250] Evaluation iteration 69.
I1016 01:35:48.218782 47526403094336 run_miniworld.py:267] iteration:  69
 frame: 1725000
 eval_episode_return:  0.00
 train_episode_return:  0.00
 train_exploration_epsilon: 0.100
 train_frame_rate:  155
I1016 01:35:51.056331 47526403094336 run_miniworld.py:243] Data collection iteration 70.
I1016 01:38:29.556826 47526403094336 run_miniworld.py:250] Evaluation iteration 70.
I1016 01:38:39.251597 47526403094336 run_miniworld.py:267] iteration:  70
 frame: 1750000
 eval_episode_return:  0.00
 train_episode_return:  0.00
 train_exploration_epsilon: 0.100
 train_frame_rate:  158
I1016 01:38:43.433516 47526403094336 run_miniworld.py:243] Data collection iteration 71.
I1016 01:41:30.309599 47526403094336 run_miniworld.py:250] Evaluation iteration 71.
I1016 01:41:40.078596 47526403094336 run_miniworld.py:267] iteration:  71
 frame: 1775000
 eval_episode_return:  0.00
 train_episode_return:  0.00
 train_exploration_epsilon: 0.100
 train_frame_rate:  150
I1016 01:41:43.028817 47526403094336 run_miniworld.py:243] Data collection iteration 72.
I1016 01:44:26.455945 47526403094336 run_miniworld.py:250] Evaluation iteration 72.
I1016 01:44:36.098724 47526403094336 run_miniworld.py:267] iteration:  72
 frame: 1800000
 eval_episode_return:  0.00
 train_episode_return:  0.00
 train_exploration_epsilon: 0.100
 train_frame_rate:  153
I1016 01:44:38.991535 47526403094336 run_miniworld.py:243] Data collection iteration 73.
I1016 01:47:22.199898 47526403094336 run_miniworld.py:250] Evaluation iteration 73.
I1016 01:47:31.737080 47526403094336 run_miniworld.py:267] iteration:  73
 frame: 1825000
 eval_episode_return:  0.00
 train_episode_return:  0.00
 train_exploration_epsilon: 0.100
 train_frame_rate:  153
I1016 01:47:35.765659 47526403094336 run_miniworld.py:243] Data collection iteration 74.
I1016 01:50:20.593721 47526403094336 run_miniworld.py:250] Evaluation iteration 74.
I1016 01:50:30.546771 47526403094336 run_miniworld.py:267] iteration:  74
 frame: 1850000
 eval_episode_return:  0.00
 train_episode_return:  0.00
 train_exploration_epsilon: 0.100
 train_frame_rate:  152
I1016 01:50:33.439922 47526403094336 run_miniworld.py:243] Data collection iteration 75.
I1016 01:53:17.070887 47526403094336 run_miniworld.py:250] Evaluation iteration 75.
I1016 01:53:26.611426 47526403094336 run_miniworld.py:267] iteration:  75
 frame: 1875000
 eval_episode_return:  0.00
 train_episode_return:  0.00
 train_exploration_epsilon: 0.100
 train_frame_rate:  153
I1016 01:53:30.731839 47526403094336 run_miniworld.py:243] Data collection iteration 76.
I1016 01:56:15.766977 47526403094336 run_miniworld.py:250] Evaluation iteration 76.
I1016 01:56:25.571047 47526403094336 run_miniworld.py:267] iteration:  76
 frame: 1900000
 eval_episode_return:  0.00
 train_episode_return:  0.00
 train_exploration_epsilon: 0.100
 train_frame_rate:  151
I1016 01:56:28.707412 47526403094336 run_miniworld.py:243] Data collection iteration 77.
I1016 01:59:12.162271 47526403094336 run_miniworld.py:250] Evaluation iteration 77.
I1016 01:59:22.013838 47526403094336 run_miniworld.py:267] iteration:  77
 frame: 1925000
 eval_episode_return:  0.00
 train_episode_return:  0.00
 train_exploration_epsilon: 0.100
 train_frame_rate:  153
I1016 01:59:24.971260 47526403094336 run_miniworld.py:243] Data collection iteration 78.
I1016 02:02:09.303030 47526403094336 run_miniworld.py:250] Evaluation iteration 78.
I1016 02:02:19.211832 47526403094336 run_miniworld.py:267] iteration:  78
 frame: 1950000
 eval_episode_return:  0.00
 train_episode_return:  0.00
 train_exploration_epsilon: 0.100
 train_frame_rate:  152
I1016 02:02:23.233140 47526403094336 run_miniworld.py:243] Data collection iteration 79.
I1016 02:05:07.608277 47526403094336 run_miniworld.py:250] Evaluation iteration 79.
I1016 02:05:17.221381 47526403094336 run_miniworld.py:267] iteration:  79
 frame: 1975000
 eval_episode_return:  0.00
 train_episode_return:  0.00
 train_exploration_epsilon: 0.100
 train_frame_rate:  152
I1016 02:05:20.133239 47526403094336 run_miniworld.py:243] Data collection iteration 80.
I1016 02:08:03.815822 47526403094336 run_miniworld.py:250] Evaluation iteration 80.
I1016 02:08:13.718615 47526403094336 run_miniworld.py:267] iteration:  80
 frame: 2000000
 eval_episode_return:  0.00
 train_episode_return:  0.00
 train_exploration_epsilon: 0.100
 train_frame_rate:  153
I1016 02:08:17.624925 47526403094336 run_miniworld.py:243] Data collection iteration 81.
I1016 02:11:00.559294 47526403094336 run_miniworld.py:250] Evaluation iteration 81.
I1016 02:11:10.116707 47526403094336 run_miniworld.py:267] iteration:  81
 frame: 2025000
 eval_episode_return:  0.00
 train_episode_return:  0.00
 train_exploration_epsilon: 0.100
 train_frame_rate:  153
I1016 02:11:13.051117 47526403094336 run_miniworld.py:243] Data collection iteration 82.
I1016 02:13:55.146152 47526403094336 run_miniworld.py:250] Evaluation iteration 82.
I1016 02:14:04.664232 47526403094336 run_miniworld.py:267] iteration:  82
 frame: 2050000
 eval_episode_return:  0.00
 train_episode_return:  0.00
 train_exploration_epsilon: 0.100
 train_frame_rate:  154
I1016 02:14:07.720250 47526403094336 run_miniworld.py:243] Data collection iteration 83.
I1016 02:16:50.716006 47526403094336 run_miniworld.py:250] Evaluation iteration 83.
I1016 02:17:00.488240 47526403094336 run_miniworld.py:267] iteration:  83
 frame: 2075000
 eval_episode_return:  0.00
 train_episode_return:  0.00
 train_exploration_epsilon: 0.100
 train_frame_rate:  153
I1016 02:17:04.677527 47526403094336 run_miniworld.py:243] Data collection iteration 84.
I1016 02:19:46.934663 47526403094336 run_miniworld.py:250] Evaluation iteration 84.
I1016 02:19:56.609848 47526403094336 run_miniworld.py:267] iteration:  84
 frame: 2100000
 eval_episode_return:  0.00
 train_episode_return:  0.00
 train_exploration_epsilon: 0.100
 train_frame_rate:  154
I1016 02:19:59.635811 47526403094336 run_miniworld.py:243] Data collection iteration 85.
I1016 02:22:42.475366 47526403094336 run_miniworld.py:250] Evaluation iteration 85.
I1016 02:22:52.234628 47526403094336 run_miniworld.py:267] iteration:  85
 frame: 2125000
 eval_episode_return:  0.00
 train_episode_return:  0.00
 train_exploration_epsilon: 0.100
 train_frame_rate:  154
I1016 02:22:56.404154 47526403094336 run_miniworld.py:243] Data collection iteration 86.
I1016 02:25:39.780277 47526403094336 run_miniworld.py:250] Evaluation iteration 86.
I1016 02:25:49.666960 47526403094336 run_miniworld.py:267] iteration:  86
 frame: 2150000
 eval_episode_return:  0.00
 train_episode_return:  0.00
 train_exploration_epsilon: 0.100
 train_frame_rate:  153
I1016 02:25:52.745457 47526403094336 run_miniworld.py:243] Data collection iteration 87.
I1016 02:28:35.656020 47526403094336 run_miniworld.py:250] Evaluation iteration 87.
I1016 02:28:45.343510 47526403094336 run_miniworld.py:267] iteration:  87
 frame: 2175000
 eval_episode_return:  0.00
 train_episode_return:  0.00
 train_exploration_epsilon: 0.100
 train_frame_rate:  153
I1016 02:28:49.138724 47526403094336 run_miniworld.py:243] Data collection iteration 88.
I1016 02:31:32.509948 47526403094336 run_miniworld.py:250] Evaluation iteration 88.
I1016 02:31:42.510917 47526403094336 run_miniworld.py:267] iteration:  88
 frame: 2200000
 eval_episode_return:  0.00
 train_episode_return:  0.00
 train_exploration_epsilon: 0.100
 train_frame_rate:  153
I1016 02:31:46.752285 47526403094336 run_miniworld.py:243] Data collection iteration 89.
I1016 02:34:29.830795 47526403094336 run_miniworld.py:250] Evaluation iteration 89.
I1016 02:34:39.749539 47526403094336 run_miniworld.py:267] iteration:  89
 frame: 2225000
 eval_episode_return:  0.00
 train_episode_return:  0.00
 train_exploration_epsilon: 0.100
 train_frame_rate:  153
I1016 02:34:42.790987 47526403094336 run_miniworld.py:243] Data collection iteration 90.
I1016 02:37:25.703515 47526403094336 run_miniworld.py:250] Evaluation iteration 90.
I1016 02:37:35.498750 47526403094336 run_miniworld.py:267] iteration:  90
 frame: 2250000
 eval_episode_return:  0.00
 train_episode_return:  0.00
 train_exploration_epsilon: 0.100
 train_frame_rate:  153
I1016 02:37:39.492031 47526403094336 run_miniworld.py:243] Data collection iteration 91.
I1016 02:40:23.815371 47526403094336 run_miniworld.py:250] Evaluation iteration 91.
I1016 02:40:33.776669 47526403094336 run_miniworld.py:267] iteration:  91
 frame: 2275000
 eval_episode_return:  0.00
 train_episode_return:  0.00
 train_exploration_epsilon: 0.100
 train_frame_rate:  152
I1016 02:40:36.711963 47526403094336 run_miniworld.py:243] Data collection iteration 92.
I1016 02:43:19.940845 47526403094336 run_miniworld.py:250] Evaluation iteration 92.
I1016 02:43:29.764148 47526403094336 run_miniworld.py:267] iteration:  92
 frame: 2300000
 eval_episode_return:  0.00
 train_episode_return:  0.00
 train_exploration_epsilon: 0.100
 train_frame_rate:  153
I1016 02:43:32.835013 47526403094336 run_miniworld.py:243] Data collection iteration 93.
I1016 02:46:15.570344 47526403094336 run_miniworld.py:250] Evaluation iteration 93.
I1016 02:46:25.157542 47526403094336 run_miniworld.py:267] iteration:  93
 frame: 2325000
 eval_episode_return:  0.00
 train_episode_return:  0.00
 train_exploration_epsilon: 0.100
 train_frame_rate:  154
I1016 02:46:29.504980 47526403094336 run_miniworld.py:243] Data collection iteration 94.
I1016 02:49:13.868380 47526403094336 run_miniworld.py:250] Evaluation iteration 94.
I1016 02:49:23.809613 47526403094336 run_miniworld.py:267] iteration:  94
 frame: 2350000
 eval_episode_return:  0.00
 train_episode_return:  0.00
 train_exploration_epsilon: 0.100
 train_frame_rate:  152
I1016 02:49:26.877391 47526403094336 run_miniworld.py:243] Data collection iteration 95.
I1016 02:52:10.883365 47526403094336 run_miniworld.py:250] Evaluation iteration 95.
I1016 02:52:20.628889 47526403094336 run_miniworld.py:267] iteration:  95
 frame: 2375000
 eval_episode_return:  0.00
 train_episode_return:  0.00
 train_exploration_epsilon: 0.100
 train_frame_rate:  152
I1016 02:52:24.774311 47526403094336 run_miniworld.py:243] Data collection iteration 96.
I1016 02:55:09.576370 47526403094336 run_miniworld.py:250] Evaluation iteration 96.
I1016 02:55:19.183531 47526403094336 run_miniworld.py:267] iteration:  96
 frame: 2400000
 eval_episode_return:  0.00
 train_episode_return:  0.00
 train_exploration_epsilon: 0.100
 train_frame_rate:  152
I1016 02:55:22.612868 47526403094336 run_miniworld.py:243] Data collection iteration 97.
I1016 02:58:04.672279 47526403094336 run_miniworld.py:250] Evaluation iteration 97.
I1016 02:58:14.378234 47526403094336 run_miniworld.py:267] iteration:  97
 frame: 2425000
 eval_episode_return:  0.00
 train_episode_return:  0.00
 train_exploration_epsilon: 0.100
 train_frame_rate:  154
I1016 02:58:17.281660 47526403094336 run_miniworld.py:243] Data collection iteration 98.
I1016 03:01:00.567309 47526403094336 run_miniworld.py:250] Evaluation iteration 98.
I1016 03:01:10.460182 47526403094336 run_miniworld.py:267] iteration:  98
 frame: 2450000
 eval_episode_return:  0.00
 train_episode_return:  0.00
 train_exploration_epsilon: 0.100
 train_frame_rate:  153
I1016 03:01:14.537899 47526403094336 run_miniworld.py:243] Data collection iteration 99.
I1016 03:03:58.091589 47526403094336 run_miniworld.py:250] Evaluation iteration 99.
I1016 03:04:07.981600 47526403094336 run_miniworld.py:267] iteration:  99
 frame: 2475000
 eval_episode_return:  0.00
 train_episode_return:  0.00
 train_exploration_epsilon: 0.100
 train_frame_rate:  153
I1016 03:04:11.052758 47526403094336 run_miniworld.py:243] Data collection iteration 100.
I1016 03:06:53.631564 47526403094336 run_miniworld.py:250] Evaluation iteration 100.
I1016 03:07:03.321561 47526403094336 run_miniworld.py:267] iteration: 100
 frame: 2500000
 eval_episode_return:  0.00
 train_episode_return:  0.00
 train_exploration_epsilon: 0.100
 train_frame_rate:  154
I1016 03:07:07.475327 47526403094336 run_miniworld.py:243] Data collection iteration 101.
I1016 03:09:52.639956 47526403094336 run_miniworld.py:250] Evaluation iteration 101.
I1016 03:10:02.503994 47526403094336 run_miniworld.py:267] iteration: 101
 frame: 2525000
 eval_episode_return:  0.00
 train_episode_return:  0.00
 train_exploration_epsilon: 0.100
 train_frame_rate:  151
I1016 03:10:05.527004 47526403094336 run_miniworld.py:243] Data collection iteration 102.
I1016 03:12:49.438524 47526403094336 run_miniworld.py:250] Evaluation iteration 102.
I1016 03:12:59.307638 47526403094336 run_miniworld.py:267] iteration: 102
 frame: 2550000
 eval_episode_return:  0.00
 train_episode_return:  0.00
 train_exploration_epsilon: 0.100
 train_frame_rate:  153
I1016 03:13:02.187134 47526403094336 run_miniworld.py:243] Data collection iteration 103.
I1016 03:15:45.118158 47526403094336 run_miniworld.py:250] Evaluation iteration 103.
I1016 03:15:55.034609 47526403094336 run_miniworld.py:267] iteration: 103
 frame: 2575000
 eval_episode_return:  0.00
 train_episode_return:  0.00
 train_exploration_epsilon: 0.100
 train_frame_rate:  153
I1016 03:15:59.067506 47526403094336 run_miniworld.py:243] Data collection iteration 104.
I1016 03:18:43.576934 47526403094336 run_miniworld.py:250] Evaluation iteration 104.
I1016 03:18:53.473751 47526403094336 run_miniworld.py:267] iteration: 104
 frame: 2600000
 eval_episode_return:  0.00
 train_episode_return:  0.00
 train_exploration_epsilon: 0.100
 train_frame_rate:  152
I1016 03:18:56.348013 47526403094336 run_miniworld.py:243] Data collection iteration 105.
I1016 03:21:36.490333 47526403094336 run_miniworld.py:250] Evaluation iteration 105.
I1016 03:21:46.411852 47526403094336 run_miniworld.py:267] iteration: 105
 frame: 2625000
 eval_episode_return:  0.00
 train_episode_return:  0.00
 train_exploration_epsilon: 0.100
 train_frame_rate:  156
I1016 03:21:50.958652 47526403094336 run_miniworld.py:243] Data collection iteration 106.
I1016 03:24:31.979324 47526403094336 run_miniworld.py:250] Evaluation iteration 106.
I1016 03:24:41.868872 47526403094336 run_miniworld.py:267] iteration: 106
 frame: 2650000
 eval_episode_return:  0.00
 train_episode_return:  0.00
 train_exploration_epsilon: 0.100
 train_frame_rate:  155
I1016 03:24:44.847958 47526403094336 run_miniworld.py:243] Data collection iteration 107.
I1016 03:27:27.553586 47526403094336 run_miniworld.py:250] Evaluation iteration 107.
I1016 03:27:37.244546 47526403094336 run_miniworld.py:267] iteration: 107
 frame: 2675000
 eval_episode_return:  0.00
 train_episode_return:  0.00
 train_exploration_epsilon: 0.100
 train_frame_rate:  154
I1016 03:27:40.166379 47526403094336 run_miniworld.py:243] Data collection iteration 108.
I1016 03:30:23.034874 47526403094336 run_miniworld.py:250] Evaluation iteration 108.
I1016 03:30:32.683479 47526403094336 run_miniworld.py:267] iteration: 108
 frame: 2700000
 eval_episode_return:  0.00
 train_episode_return:  0.00
 train_exploration_epsilon: 0.100
 train_frame_rate:  153
I1016 03:30:37.100171 47526403094336 run_miniworld.py:243] Data collection iteration 109.
I1016 03:33:20.765612 47526403094336 run_miniworld.py:250] Evaluation iteration 109.
I1016 03:33:30.599866 47526403094336 run_miniworld.py:267] iteration: 109
 frame: 2725000
 eval_episode_return:  0.00
 train_episode_return:  0.00
 train_exploration_epsilon: 0.100
 train_frame_rate:  153
I1016 03:33:33.843096 47526403094336 run_miniworld.py:243] Data collection iteration 110.
I1016 03:36:17.953423 47526403094336 run_miniworld.py:250] Evaluation iteration 110.
I1016 03:36:27.922966 47526403094336 run_miniworld.py:267] iteration: 110
 frame: 2750000
 eval_episode_return:  0.00
 train_episode_return:  0.00
 train_exploration_epsilon: 0.100
 train_frame_rate:  152
I1016 03:36:32.105002 47526403094336 run_miniworld.py:243] Data collection iteration 111.
I1016 03:39:17.963026 47526403094336 run_miniworld.py:250] Evaluation iteration 111.
I1016 03:39:27.851084 47526403094336 run_miniworld.py:267] iteration: 111
 frame: 2775000
 eval_episode_return:  0.00
 train_episode_return:  0.00
 train_exploration_epsilon: 0.100
 train_frame_rate:  151
I1016 03:39:30.991751 47526403094336 run_miniworld.py:243] Data collection iteration 112.
I1016 03:42:15.896379 47526403094336 run_miniworld.py:250] Evaluation iteration 112.
I1016 03:42:25.640545 47526403094336 run_miniworld.py:267] iteration: 112
 frame: 2800000
 eval_episode_return:  0.00
 train_episode_return:  0.00
 train_exploration_epsilon: 0.100
 train_frame_rate:  152
I1016 03:42:28.628698 47526403094336 run_miniworld.py:243] Data collection iteration 113.
I1016 03:45:11.922229 47526403094336 run_miniworld.py:250] Evaluation iteration 113.
I1016 03:45:21.826165 47526403094336 run_miniworld.py:267] iteration: 113
 frame: 2825000
 eval_episode_return:  0.00
 train_episode_return:  0.00
 train_exploration_epsilon: 0.100
 train_frame_rate:  153
I1016 03:45:26.217887 47526403094336 run_miniworld.py:243] Data collection iteration 114.
I1016 03:48:09.793313 47526403094336 run_miniworld.py:250] Evaluation iteration 114.
I1016 03:48:19.541256 47526403094336 run_miniworld.py:267] iteration: 114
 frame: 2850000
 eval_episode_return:  0.00
 train_episode_return:  0.00
 train_exploration_epsilon: 0.100
 train_frame_rate:  153
I1016 03:48:22.467714 47526403094336 run_miniworld.py:243] Data collection iteration 115.
I1016 03:51:06.901533 47526403094336 run_miniworld.py:250] Evaluation iteration 115.
I1016 03:51:16.823167 47526403094336 run_miniworld.py:267] iteration: 115
 frame: 2875000
 eval_episode_return:  0.00
 train_episode_return:  0.00
 train_exploration_epsilon: 0.100
 train_frame_rate:  152
I1016 03:51:21.531880 47526403094336 run_miniworld.py:243] Data collection iteration 116.
I1016 03:54:07.309666 47526403094336 run_miniworld.py:250] Evaluation iteration 116.
I1016 03:54:17.312347 47526403094336 run_miniworld.py:267] iteration: 116
 frame: 2900000
 eval_episode_return:  0.00
 train_episode_return:  0.00
 train_exploration_epsilon: 0.100
 train_frame_rate:  151
I1016 03:54:20.227571 47526403094336 run_miniworld.py:243] Data collection iteration 117.
I1016 03:57:05.782374 47526403094336 run_miniworld.py:250] Evaluation iteration 117.
I1016 03:57:15.725400 47526403094336 run_miniworld.py:267] iteration: 117
 frame: 2925000
 eval_episode_return:  0.00
 train_episode_return:  0.00
 train_exploration_epsilon: 0.100
 train_frame_rate:  151
I1016 03:57:18.642660 47526403094336 run_miniworld.py:243] Data collection iteration 118.
I1016 04:00:01.630147 47526403094336 run_miniworld.py:250] Evaluation iteration 118.
I1016 04:00:11.488322 47526403094336 run_miniworld.py:267] iteration: 118
 frame: 2950000
 eval_episode_return:  0.00
 train_episode_return:  0.00
 train_exploration_epsilon: 0.100
 train_frame_rate:  153
I1016 04:00:15.771241 47526403094336 run_miniworld.py:243] Data collection iteration 119.
I1016 04:03:00.373373 47526403094336 run_miniworld.py:250] Evaluation iteration 119.
I1016 04:03:10.340387 47526403094336 run_miniworld.py:267] iteration: 119
 frame: 2975000
 eval_episode_return:  0.00
 train_episode_return:  0.00
 train_exploration_epsilon: 0.100
 train_frame_rate:  152
I1016 04:03:13.290778 47526403094336 run_miniworld.py:243] Data collection iteration 120.
I1016 04:05:56.321270 47526403094336 run_miniworld.py:250] Evaluation iteration 120.
I1016 04:06:06.024359 47526403094336 run_miniworld.py:267] iteration: 120
 frame: 3000000
 eval_episode_return:  0.00
 train_episode_return:  0.00
 train_exploration_epsilon: 0.100
 train_frame_rate:  153
I1016 04:06:10.164433 47526403094336 run_miniworld.py:243] Data collection iteration 121.
I1016 04:08:55.123711 47526403094336 run_miniworld.py:250] Evaluation iteration 121.
I1016 04:09:04.835484 47526403094336 run_miniworld.py:267] iteration: 121
 frame: 3025000
 eval_episode_return:  0.00
 train_episode_return:  0.00
 train_exploration_epsilon: 0.100
 train_frame_rate:  152
I1016 04:09:07.801771 47526403094336 run_miniworld.py:243] Data collection iteration 122.
I1016 04:11:50.883346 47526403094336 run_miniworld.py:250] Evaluation iteration 122.
I1016 04:12:00.546800 47526403094336 run_miniworld.py:267] iteration: 122
 frame: 3050000
 eval_episode_return:  0.00
 train_episode_return:  0.00
 train_exploration_epsilon: 0.100
 train_frame_rate:  153
I1016 04:12:03.696540 47526403094336 run_miniworld.py:243] Data collection iteration 123.
I1016 04:14:46.111892 47526403094336 run_miniworld.py:250] Evaluation iteration 123.
I1016 04:14:55.977189 47526403094336 run_miniworld.py:267] iteration: 123
 frame: 3075000
 eval_episode_return:  0.00
 train_episode_return:  0.00
 train_exploration_epsilon: 0.100
 train_frame_rate:  154
I1016 04:15:00.169303 47526403094336 run_miniworld.py:243] Data collection iteration 124.
I1016 04:17:44.268754 47526403094336 run_miniworld.py:250] Evaluation iteration 124.
I1016 04:17:54.009814 47526403094336 run_miniworld.py:267] iteration: 124
 frame: 3100000
 eval_episode_return:  0.00
 train_episode_return:  0.00
 train_exploration_epsilon: 0.100
 train_frame_rate:  152
I1016 04:17:56.955415 47526403094336 run_miniworld.py:243] Data collection iteration 125.
I1016 04:20:39.994046 47526403094336 run_miniworld.py:250] Evaluation iteration 125.
I1016 04:20:49.916415 47526403094336 run_miniworld.py:267] iteration: 125
 frame: 3125000
 eval_episode_return:  0.00
 train_episode_return:  0.00
 train_exploration_epsilon: 0.100
 train_frame_rate:  153
I1016 04:20:54.528018 47526403094336 run_miniworld.py:243] Data collection iteration 126.
I1016 04:23:38.856063 47526403094336 run_miniworld.py:250] Evaluation iteration 126.
I1016 04:23:48.746319 47526403094336 run_miniworld.py:267] iteration: 126
 frame: 3150000
 eval_episode_return:  0.00
 train_episode_return:  0.00
 train_exploration_epsilon: 0.100
 train_frame_rate:  152
I1016 04:23:51.820246 47526403094336 run_miniworld.py:243] Data collection iteration 127.
I1016 04:26:35.588407 47526403094336 run_miniworld.py:250] Evaluation iteration 127.
I1016 04:26:45.539950 47526403094336 run_miniworld.py:267] iteration: 127
 frame: 3175000
 eval_episode_return:  0.00
 train_episode_return:  0.00
 train_exploration_epsilon: 0.100
 train_frame_rate:  153
I1016 04:26:48.503665 47526403094336 run_miniworld.py:243] Data collection iteration 128.
I1016 04:29:31.377561 47526403094336 run_miniworld.py:250] Evaluation iteration 128.
I1016 04:29:41.285079 47526403094336 run_miniworld.py:267] iteration: 128
 frame: 3200000
 eval_episode_return:  0.00
 train_episode_return:  0.00
 train_exploration_epsilon: 0.100
 train_frame_rate:  153
I1016 04:29:45.373389 47526403094336 run_miniworld.py:243] Data collection iteration 129.
I1016 04:32:30.472656 47526403094336 run_miniworld.py:250] Evaluation iteration 129.
I1016 04:32:40.371468 47526403094336 run_miniworld.py:267] iteration: 129
 frame: 3225000
 eval_episode_return:  0.00
 train_episode_return:  0.00
 train_exploration_epsilon: 0.100
 train_frame_rate:  151
I1016 04:32:43.986772 47526403094336 run_miniworld.py:243] Data collection iteration 130.
I1016 04:35:26.740478 47526403094336 run_miniworld.py:250] Evaluation iteration 130.
I1016 04:35:36.607497 47526403094336 run_miniworld.py:267] iteration: 130
 frame: 3250000
 eval_episode_return:  0.00
 train_episode_return:  0.00
 train_exploration_epsilon: 0.100
 train_frame_rate:  154
I1016 04:35:40.971802 47526403094336 run_miniworld.py:243] Data collection iteration 131.
I1016 04:38:25.996487 47526403094336 run_miniworld.py:250] Evaluation iteration 131.
I1016 04:38:35.843297 47526403094336 run_miniworld.py:267] iteration: 131
 frame: 3275000
 eval_episode_return:  0.00
 train_episode_return:  0.00
 train_exploration_epsilon: 0.100
 train_frame_rate:  151
I1016 04:38:39.243817 47526403094336 run_miniworld.py:243] Data collection iteration 132.
I1016 04:41:23.114089 47526403094336 run_miniworld.py:250] Evaluation iteration 132.
I1016 04:41:32.895662 47526403094336 run_miniworld.py:267] iteration: 132
 frame: 3300000
 eval_episode_return:  0.00
 train_episode_return:  0.00
 train_exploration_epsilon: 0.100
 train_frame_rate:  153
I1016 04:41:35.893827 47526403094336 run_miniworld.py:243] Data collection iteration 133.
I1016 04:44:19.241644 47526403094336 run_miniworld.py:250] Evaluation iteration 133.
I1016 04:44:29.204613 47526403094336 run_miniworld.py:267] iteration: 133
 frame: 3325000
 eval_episode_return:  0.00
 train_episode_return:  0.00
 train_exploration_epsilon: 0.100
 train_frame_rate:  153
I1016 04:44:33.577780 47526403094336 run_miniworld.py:243] Data collection iteration 134.
I1016 04:47:17.939757 47526403094336 run_miniworld.py:250] Evaluation iteration 134.
I1016 04:47:27.730852 47526403094336 run_miniworld.py:267] iteration: 134
 frame: 3350000
 eval_episode_return:  0.00
 train_episode_return:  0.00
 train_exploration_epsilon: 0.100
 train_frame_rate:  152
I1016 04:47:30.626527 47526403094336 run_miniworld.py:243] Data collection iteration 135.
I1016 04:50:13.646286 47526403094336 run_miniworld.py:250] Evaluation iteration 135.
I1016 04:50:23.251194 47526403094336 run_miniworld.py:267] iteration: 135
 frame: 3375000
 eval_episode_return:  0.00
 train_episode_return:  0.00
 train_exploration_epsilon: 0.100
 train_frame_rate:  153
I1016 04:50:27.306609 47526403094336 run_miniworld.py:243] Data collection iteration 136.
I1016 04:53:12.087050 47526403094336 run_miniworld.py:250] Evaluation iteration 136.
I1016 04:53:21.963119 47526403094336 run_miniworld.py:267] iteration: 136
 frame: 3400000
 eval_episode_return:  0.00
 train_episode_return:  0.00
 train_exploration_epsilon: 0.100
 train_frame_rate:  152
I1016 04:53:24.876085 47526403094336 run_miniworld.py:243] Data collection iteration 137.
I1016 04:56:08.957828 47526403094336 run_miniworld.py:250] Evaluation iteration 137.
I1016 04:56:18.898471 47526403094336 run_miniworld.py:267] iteration: 137
 frame: 3425000
 eval_episode_return:  0.00
 train_episode_return:  0.00
 train_exploration_epsilon: 0.100
 train_frame_rate:  152
I1016 04:56:21.791970 47526403094336 run_miniworld.py:243] Data collection iteration 138.
I1016 04:59:05.021505 47526403094336 run_miniworld.py:250] Evaluation iteration 138.
I1016 04:59:14.911414 47526403094336 run_miniworld.py:267] iteration: 138
 frame: 3450000
 eval_episode_return:  0.00
 train_episode_return:  0.00
 train_exploration_epsilon: 0.100
 train_frame_rate:  153
I1016 04:59:19.072894 47526403094336 run_miniworld.py:243] Data collection iteration 139.
I1016 05:02:03.562886 47526403094336 run_miniworld.py:250] Evaluation iteration 139.
I1016 05:02:13.200722 47526403094336 run_miniworld.py:267] iteration: 139
 frame: 3475000
 eval_episode_return:  0.00
 train_episode_return:  0.00
 train_exploration_epsilon: 0.100
 train_frame_rate:  152
I1016 05:02:16.097922 47526403094336 run_miniworld.py:243] Data collection iteration 140.
I1016 05:04:59.509634 47526403094336 run_miniworld.py:250] Evaluation iteration 140.
I1016 05:05:09.448424 47526403094336 run_miniworld.py:267] iteration: 140
 frame: 3500000
 eval_episode_return:  0.00
 train_episode_return:  0.00
 train_exploration_epsilon: 0.100
 train_frame_rate:  153
I1016 05:05:13.617128 47526403094336 run_miniworld.py:243] Data collection iteration 141.
I1016 05:07:58.239473 47526403094336 run_miniworld.py:250] Evaluation iteration 141.
I1016 05:08:08.044983 47526403094336 run_miniworld.py:267] iteration: 141
 frame: 3525000
 eval_episode_return:  0.00
 train_episode_return:  0.00
 train_exploration_epsilon: 0.100
 train_frame_rate:  152
I1016 05:08:11.028371 47526403094336 run_miniworld.py:243] Data collection iteration 142.
I1016 05:10:55.566289 47526403094336 run_miniworld.py:250] Evaluation iteration 142.
I1016 05:11:05.496948 47526403094336 run_miniworld.py:267] iteration: 142
 frame: 3550000
 eval_episode_return:  0.00
 train_episode_return:  0.00
 train_exploration_epsilon: 0.100
 train_frame_rate:  152
I1016 05:11:08.639145 47526403094336 run_miniworld.py:243] Data collection iteration 143.
I1016 05:13:51.205980 47526403094336 run_miniworld.py:250] Evaluation iteration 143.
I1016 05:14:01.096769 47526403094336 run_miniworld.py:267] iteration: 143
 frame: 3575000
 eval_episode_return:  0.00
 train_episode_return:  0.00
 train_exploration_epsilon: 0.100
 train_frame_rate:  154
I1016 05:14:05.243666 47526403094336 run_miniworld.py:243] Data collection iteration 144.
I1016 05:16:49.312185 47526403094336 run_miniworld.py:250] Evaluation iteration 144.
I1016 05:16:59.069234 47526403094336 run_miniworld.py:267] iteration: 144
 frame: 3600000
 eval_episode_return:  0.00
 train_episode_return:  0.00
 train_exploration_epsilon: 0.100
 train_frame_rate:  152
I1016 05:17:01.988633 47526403094336 run_miniworld.py:243] Data collection iteration 145.
I1016 05:19:44.934127 47526403094336 run_miniworld.py:250] Evaluation iteration 145.
I1016 05:19:54.772318 47526403094336 run_miniworld.py:267] iteration: 145
 frame: 3625000
 eval_episode_return:  0.00
 train_episode_return:  0.00
 train_exploration_epsilon: 0.100
 train_frame_rate:  153
I1016 05:19:59.001935 47526403094336 run_miniworld.py:243] Data collection iteration 146.
I1016 05:22:43.060274 47526403094336 run_miniworld.py:250] Evaluation iteration 146.
I1016 05:22:52.905022 47526403094336 run_miniworld.py:267] iteration: 146
 frame: 3650000
 eval_episode_return:  0.00
 train_episode_return:  0.00
 train_exploration_epsilon: 0.100
 train_frame_rate:  152
I1016 05:22:55.813045 47526403094336 run_miniworld.py:243] Data collection iteration 147.
I1016 05:25:40.078277 47526403094336 run_miniworld.py:250] Evaluation iteration 147.
I1016 05:25:49.920319 47526403094336 run_miniworld.py:267] iteration: 147
 frame: 3675000
 eval_episode_return:  0.00
 train_episode_return:  0.00
 train_exploration_epsilon: 0.100
 train_frame_rate:  152
I1016 05:25:52.914647 47526403094336 run_miniworld.py:243] Data collection iteration 148.
I1016 05:28:36.057325 47526403094336 run_miniworld.py:250] Evaluation iteration 148.
I1016 05:28:45.952020 47526403094336 run_miniworld.py:267] iteration: 148
 frame: 3700000
 eval_episode_return:  0.00
 train_episode_return:  0.00
 train_exploration_epsilon: 0.100
 train_frame_rate:  153
I1016 05:28:50.285996 47526403094336 run_miniworld.py:243] Data collection iteration 149.
I1016 05:31:27.889382 47526403094336 run_miniworld.py:250] Evaluation iteration 149.
I1016 05:31:37.483373 47526403094336 run_miniworld.py:267] iteration: 149
 frame: 3725000
 eval_episode_return:  0.00
 train_episode_return:  0.00
 train_exploration_epsilon: 0.100
 train_frame_rate:  159
I1016 05:31:40.341535 47526403094336 run_miniworld.py:243] Data collection iteration 150.
I1016 05:34:21.641447 47526403094336 run_miniworld.py:250] Evaluation iteration 150.
I1016 05:34:31.454323 47526403094336 run_miniworld.py:267] iteration: 150
 frame: 3750000
 eval_episode_return:  0.00
 train_episode_return:  0.00
 train_exploration_epsilon: 0.100
 train_frame_rate:  155
I1016 05:34:35.434751 47526403094336 run_miniworld.py:243] Data collection iteration 151.
I1016 05:37:17.069381 47526403094336 run_miniworld.py:250] Evaluation iteration 151.
I1016 05:37:26.632248 47526403094336 run_miniworld.py:267] iteration: 151
 frame: 3775000
 eval_episode_return:  0.00
 train_episode_return:  0.00
 train_exploration_epsilon: 0.100
 train_frame_rate:  155
I1016 05:37:29.727576 47526403094336 run_miniworld.py:243] Data collection iteration 152.
I1016 05:40:14.364306 47526403094336 run_miniworld.py:250] Evaluation iteration 152.
I1016 05:40:24.151489 47526403094336 run_miniworld.py:267] iteration: 152
 frame: 3800000
 eval_episode_return:  0.00
 train_episode_return:  0.00
 train_exploration_epsilon: 0.100
 train_frame_rate:  152
I1016 05:40:26.996808 47526403094336 run_miniworld.py:243] Data collection iteration 153.
I1016 05:43:11.311917 47526403094336 run_miniworld.py:250] Evaluation iteration 153.
I1016 05:43:21.126468 47526403094336 run_miniworld.py:267] iteration: 153
 frame: 3825000
 eval_episode_return:  0.00
 train_episode_return:  0.00
 train_exploration_epsilon: 0.100
 train_frame_rate:  152
I1016 05:43:25.427592 47526403094336 run_miniworld.py:243] Data collection iteration 154.
I1016 05:46:10.419226 47526403094336 run_miniworld.py:250] Evaluation iteration 154.
I1016 05:46:20.200490 47526403094336 run_miniworld.py:267] iteration: 154
 frame: 3850000
 eval_episode_return:  0.00
 train_episode_return:  0.00
 train_exploration_epsilon: 0.100
 train_frame_rate:  152
I1016 05:46:23.317191 47526403094336 run_miniworld.py:243] Data collection iteration 155.
I1016 05:49:05.044206 47526403094336 run_miniworld.py:250] Evaluation iteration 155.
I1016 05:49:14.881505 47526403094336 run_miniworld.py:267] iteration: 155
 frame: 3875000
 eval_episode_return:  0.00
 train_episode_return:  0.00
 train_exploration_epsilon: 0.100
 train_frame_rate:  155
I1016 05:49:18.822161 47526403094336 run_miniworld.py:243] Data collection iteration 156.
I1016 05:52:01.875188 47526403094336 run_miniworld.py:250] Evaluation iteration 156.
I1016 05:52:11.864183 47526403094336 run_miniworld.py:267] iteration: 156
 frame: 3900000
 eval_episode_return:  0.00
 train_episode_return:  0.00
 train_exploration_epsilon: 0.100
 train_frame_rate:  153
I1016 05:52:14.800125 47526403094336 run_miniworld.py:243] Data collection iteration 157.
I1016 05:54:56.246019 47526403094336 run_miniworld.py:250] Evaluation iteration 157.
I1016 05:55:06.068678 47526403094336 run_miniworld.py:267] iteration: 157
 frame: 3925000
 eval_episode_return:  0.00
 train_episode_return:  0.00
 train_exploration_epsilon: 0.100
 train_frame_rate:  155
I1016 05:55:09.057976 47526403094336 run_miniworld.py:243] Data collection iteration 158.
I1016 05:57:49.994172 47526403094336 run_miniworld.py:250] Evaluation iteration 158.
I1016 05:57:59.673836 47526403094336 run_miniworld.py:267] iteration: 158
 frame: 3950000
 eval_episode_return:  0.00
 train_episode_return:  0.00
 train_exploration_epsilon: 0.100
 train_frame_rate:  155
I1016 05:58:03.758655 47526403094336 run_miniworld.py:243] Data collection iteration 159.
I1016 06:00:44.771333 47526403094336 run_miniworld.py:250] Evaluation iteration 159.
I1016 06:00:54.618280 47526403094336 run_miniworld.py:267] iteration: 159
 frame: 3975000
 eval_episode_return:  0.00
 train_episode_return:  0.00
 train_exploration_epsilon: 0.100
 train_frame_rate:  155
I1016 06:00:57.518086 47526403094336 run_miniworld.py:243] Data collection iteration 160.
I1016 06:03:44.101613 47526403094336 run_miniworld.py:250] Evaluation iteration 160.
I1016 06:03:53.932796 47526403094336 run_miniworld.py:267] iteration: 160
 frame: 4000000
 eval_episode_return:  0.00
 train_episode_return:  0.00
 train_exploration_epsilon: 0.100
 train_frame_rate:  150
I1016 06:03:57.909478 47526403094336 run_miniworld.py:243] Data collection iteration 161.
I1016 06:06:40.830097 47526403094336 run_miniworld.py:250] Evaluation iteration 161.
I1016 06:06:50.701862 47526403094336 run_miniworld.py:267] iteration: 161
 frame: 4025000
 eval_episode_return:  0.00
 train_episode_return:  0.00
 train_exploration_epsilon: 0.100
 train_frame_rate:  153
I1016 06:06:53.613538 47526403094336 run_miniworld.py:243] Data collection iteration 162.
I1016 06:09:34.930693 47526403094336 run_miniworld.py:250] Evaluation iteration 162.
I1016 06:09:44.838891 47526403094336 run_miniworld.py:267] iteration: 162
 frame: 4050000
 eval_episode_return:  0.00
 train_episode_return:  0.00
 train_exploration_epsilon: 0.100
 train_frame_rate:  155
I1016 06:09:47.810428 47526403094336 run_miniworld.py:243] Data collection iteration 163.
I1016 06:12:28.172580 47526403094336 run_miniworld.py:250] Evaluation iteration 163.
I1016 06:12:38.014833 47526403094336 run_miniworld.py:267] iteration: 163
 frame: 4075000
 eval_episode_return:  0.00
 train_episode_return:  0.00
 train_exploration_epsilon: 0.100
 train_frame_rate:  156
I1016 06:12:42.186880 47526403094336 run_miniworld.py:243] Data collection iteration 164.
I1016 06:15:24.015153 47526403094336 run_miniworld.py:250] Evaluation iteration 164.
I1016 06:15:33.948750 47526403094336 run_miniworld.py:267] iteration: 164
 frame: 4100000
 eval_episode_return:  0.00
 train_episode_return:  0.00
 train_exploration_epsilon: 0.100
 train_frame_rate:  154
I1016 06:15:36.902656 47526403094336 run_miniworld.py:243] Data collection iteration 165.
I1016 06:18:18.076529 47526403094336 run_miniworld.py:250] Evaluation iteration 165.
I1016 06:18:27.899641 47526403094336 run_miniworld.py:267] iteration: 165
 frame: 4125000
 eval_episode_return:  0.00
 train_episode_return:  0.00
 train_exploration_epsilon: 0.100
 train_frame_rate:  155
I1016 06:18:31.936166 47526403094336 run_miniworld.py:243] Data collection iteration 166.
I1016 06:21:13.580183 47526403094336 run_miniworld.py:250] Evaluation iteration 166.
I1016 06:21:23.353013 47526403094336 run_miniworld.py:267] iteration: 166
 frame: 4150000
 eval_episode_return:  0.00
 train_episode_return:  0.00
 train_exploration_epsilon: 0.100
 train_frame_rate:  155
I1016 06:21:26.277181 47526403094336 run_miniworld.py:243] Data collection iteration 167.
I1016 06:24:06.807008 47526403094336 run_miniworld.py:250] Evaluation iteration 167.
I1016 06:24:16.733205 47526403094336 run_miniworld.py:267] iteration: 167
 frame: 4175000
 eval_episode_return:  0.00
 train_episode_return:  0.00
 train_exploration_epsilon: 0.100
 train_frame_rate:  156
I1016 06:24:19.586160 47526403094336 run_miniworld.py:243] Data collection iteration 168.
I1016 06:26:59.857788 47526403094336 run_miniworld.py:250] Evaluation iteration 168.
I1016 06:27:09.715257 47526403094336 run_miniworld.py:267] iteration: 168
 frame: 4200000
 eval_episode_return:  0.00
 train_episode_return:  0.00
 train_exploration_epsilon: 0.100
 train_frame_rate:  156
I1016 06:27:13.850111 47526403094336 run_miniworld.py:243] Data collection iteration 169.
I1016 06:29:55.091490 47526403094336 run_miniworld.py:250] Evaluation iteration 169.
I1016 06:30:04.893041 47526403094336 run_miniworld.py:267] iteration: 169
 frame: 4225000
 eval_episode_return:  0.00
 train_episode_return:  0.00
 train_exploration_epsilon: 0.100
 train_frame_rate:  155
I1016 06:30:07.882203 47526403094336 run_miniworld.py:243] Data collection iteration 170.
I1016 06:32:49.135615 47526403094336 run_miniworld.py:250] Evaluation iteration 170.
I1016 06:32:58.935220 47526403094336 run_miniworld.py:267] iteration: 170
 frame: 4250000
 eval_episode_return:  0.00
 train_episode_return:  0.00
 train_exploration_epsilon: 0.100
 train_frame_rate:  155
I1016 06:33:02.960840 47526403094336 run_miniworld.py:243] Data collection iteration 171.
I1016 06:35:44.735981 47526403094336 run_miniworld.py:250] Evaluation iteration 171.
I1016 06:35:54.530140 47526403094336 run_miniworld.py:267] iteration: 171
 frame: 4275000
 eval_episode_return:  0.00
 train_episode_return:  0.00
 train_exploration_epsilon: 0.100
 train_frame_rate:  155
I1016 06:35:57.572030 47526403094336 run_miniworld.py:243] Data collection iteration 172.
I1016 06:38:38.593999 47526403094336 run_miniworld.py:250] Evaluation iteration 172.
I1016 06:38:48.444394 47526403094336 run_miniworld.py:267] iteration: 172
 frame: 4300000
 eval_episode_return:  0.00
 train_episode_return:  0.00
 train_exploration_epsilon: 0.100
 train_frame_rate:  155
I1016 06:38:51.800087 47526403094336 run_miniworld.py:243] Data collection iteration 173.
I1016 06:41:32.938485 47526403094336 run_miniworld.py:250] Evaluation iteration 173.
I1016 06:41:42.794945 47526403094336 run_miniworld.py:267] iteration: 173
 frame: 4325000
 eval_episode_return:  0.00
 train_episode_return:  0.00
 train_exploration_epsilon: 0.100
 train_frame_rate:  155
I1016 06:41:47.032591 47526403094336 run_miniworld.py:243] Data collection iteration 174.
I1016 06:44:29.247435 47526403094336 run_miniworld.py:250] Evaluation iteration 174.
I1016 06:44:39.171711 47526403094336 run_miniworld.py:267] iteration: 174
 frame: 4350000
 eval_episode_return:  0.00
 train_episode_return:  0.00
 train_exploration_epsilon: 0.100
 train_frame_rate:  154
I1016 06:44:42.191213 47526403094336 run_miniworld.py:243] Data collection iteration 175.
I1016 06:47:22.899874 47526403094336 run_miniworld.py:250] Evaluation iteration 175.
I1016 06:47:32.872817 47526403094336 run_miniworld.py:267] iteration: 175
 frame: 4375000
 eval_episode_return:  0.00
 train_episode_return:  0.00
 train_exploration_epsilon: 0.100
 train_frame_rate:  156
I1016 06:47:36.882921 47526403094336 run_miniworld.py:243] Data collection iteration 176.
I1016 06:50:19.071141 47526403094336 run_miniworld.py:250] Evaluation iteration 176.
I1016 06:50:28.895189 47526403094336 run_miniworld.py:267] iteration: 176
 frame: 4400000
 eval_episode_return:  0.00
 train_episode_return:  0.00
 train_exploration_epsilon: 0.100
 train_frame_rate:  154
I1016 06:50:31.778500 47526403094336 run_miniworld.py:243] Data collection iteration 177.
I1016 06:53:13.068128 47526403094336 run_miniworld.py:250] Evaluation iteration 177.
I1016 06:53:22.953306 47526403094336 run_miniworld.py:267] iteration: 177
 frame: 4425000
 eval_episode_return:  0.00
 train_episode_return:  0.00
 train_exploration_epsilon: 0.100
 train_frame_rate:  155
I1016 06:53:25.798909 47526403094336 run_miniworld.py:243] Data collection iteration 178.
I1016 06:56:07.037514 47526403094336 run_miniworld.py:250] Evaluation iteration 178.
I1016 06:56:16.621084 47526403094336 run_miniworld.py:267] iteration: 178
 frame: 4450000
 eval_episode_return:  0.00
 train_episode_return:  0.00
 train_exploration_epsilon: 0.100
 train_frame_rate:  155
I1016 06:56:20.706298 47526403094336 run_miniworld.py:243] Data collection iteration 179.
I1016 06:59:02.496378 47526403094336 run_miniworld.py:250] Evaluation iteration 179.
I1016 06:59:12.305810 47526403094336 run_miniworld.py:267] iteration: 179
 frame: 4475000
 eval_episode_return:  0.00
 train_episode_return:  0.00
 train_exploration_epsilon: 0.100
 train_frame_rate:  155
I1016 06:59:15.201192 47526403094336 run_miniworld.py:243] Data collection iteration 180.
I1016 07:01:56.253457 47526403094336 run_miniworld.py:250] Evaluation iteration 180.
I1016 07:02:06.170748 47526403094336 run_miniworld.py:267] iteration: 180
 frame: 4500000
 eval_episode_return:  0.00
 train_episode_return:  0.00
 train_exploration_epsilon: 0.100
 train_frame_rate:  155
I1016 07:02:10.180748 47526403094336 run_miniworld.py:243] Data collection iteration 181.
I1016 07:04:55.928953 47526403094336 run_miniworld.py:250] Evaluation iteration 181.
I1016 07:05:05.764769 47526403094336 run_miniworld.py:267] iteration: 181
 frame: 4525000
 eval_episode_return:  0.00
 train_episode_return:  0.00
 train_exploration_epsilon: 0.100
 train_frame_rate:  151
I1016 07:05:08.645598 47526403094336 run_miniworld.py:243] Data collection iteration 182.
I1016 07:07:51.960095 47526403094336 run_miniworld.py:250] Evaluation iteration 182.
I1016 07:08:01.852567 47526403094336 run_miniworld.py:267] iteration: 182
 frame: 4550000
 eval_episode_return:  0.00
 train_episode_return:  0.00
 train_exploration_epsilon: 0.100
 train_frame_rate:  153
I1016 07:08:04.831604 47526403094336 run_miniworld.py:243] Data collection iteration 183.
I1016 07:10:45.803542 47526403094336 run_miniworld.py:250] Evaluation iteration 183.
I1016 07:10:55.462512 47526403094336 run_miniworld.py:267] iteration: 183
 frame: 4575000
 eval_episode_return:  0.00
 train_episode_return:  0.00
 train_exploration_epsilon: 0.100
 train_frame_rate:  155
I1016 07:10:59.710927 47526403094336 run_miniworld.py:243] Data collection iteration 184.
I1016 07:13:39.639167 47526403094336 run_miniworld.py:250] Evaluation iteration 184.
I1016 07:13:49.509211 47526403094336 run_miniworld.py:267] iteration: 184
 frame: 4600000
 eval_episode_return:  0.00
 train_episode_return:  0.00
 train_exploration_epsilon: 0.100
 train_frame_rate:  156
I1016 07:13:52.413230 47526403094336 run_miniworld.py:243] Data collection iteration 185.
I1016 07:16:33.380820 47526403094336 run_miniworld.py:250] Evaluation iteration 185.
I1016 07:16:43.121991 47526403094336 run_miniworld.py:267] iteration: 185
 frame: 4625000
 eval_episode_return:  0.00
 train_episode_return:  0.00
 train_exploration_epsilon: 0.100
 train_frame_rate:  155
I1016 07:16:47.209133 47526403094336 run_miniworld.py:243] Data collection iteration 186.
I1016 07:19:29.087269 47526403094336 run_miniworld.py:250] Evaluation iteration 186.
I1016 07:19:39.072808 47526403094336 run_miniworld.py:267] iteration: 186
 frame: 4650000
 eval_episode_return:  0.00
 train_episode_return:  0.00
 train_exploration_epsilon: 0.100
 train_frame_rate:  154
I1016 07:19:42.236629 47526403094336 run_miniworld.py:243] Data collection iteration 187.
I1016 07:22:22.675353 47526403094336 run_miniworld.py:250] Evaluation iteration 187.
I1016 07:22:32.233028 47526403094336 run_miniworld.py:267] iteration: 187
 frame: 4675000
 eval_episode_return:  0.00
 train_episode_return:  0.00
 train_exploration_epsilon: 0.100
 train_frame_rate:  156
I1016 07:22:35.180999 47526403094336 run_miniworld.py:243] Data collection iteration 188.
I1016 07:25:16.052188 47526403094336 run_miniworld.py:250] Evaluation iteration 188.
I1016 07:25:26.018921 47526403094336 run_miniworld.py:267] iteration: 188
 frame: 4700000
 eval_episode_return:  0.00
 train_episode_return:  0.00
 train_exploration_epsilon: 0.100
 train_frame_rate:  155
I1016 07:25:30.110777 47526403094336 run_miniworld.py:243] Data collection iteration 189.
I1016 07:28:07.746861 47526403094336 run_miniworld.py:250] Evaluation iteration 189.
I1016 07:28:17.594805 47526403094336 run_miniworld.py:267] iteration: 189
 frame: 4725000
 eval_episode_return:  0.00
 train_episode_return:  0.00
 train_exploration_epsilon: 0.100
 train_frame_rate:  159
I1016 07:28:20.417656 47526403094336 run_miniworld.py:243] Data collection iteration 190.
I1016 07:30:55.111545 47526403094336 run_miniworld.py:250] Evaluation iteration 190.
I1016 07:31:04.985001 47526403094336 run_miniworld.py:267] iteration: 190
 frame: 4750000
 eval_episode_return:  0.00
 train_episode_return:  0.00
 train_exploration_epsilon: 0.100
 train_frame_rate:  162
I1016 07:31:08.916139 47526403094336 run_miniworld.py:243] Data collection iteration 191.
I1016 07:33:43.646167 47526403094336 run_miniworld.py:250] Evaluation iteration 191.
I1016 07:33:53.500909 47526403094336 run_miniworld.py:267] iteration: 191
 frame: 4775000
 eval_episode_return:  0.00
 train_episode_return:  0.00
 train_exploration_epsilon: 0.100
 train_frame_rate:  162
I1016 07:33:56.348052 47526403094336 run_miniworld.py:243] Data collection iteration 192.
I1016 07:36:34.262242 47526403094336 run_miniworld.py:250] Evaluation iteration 192.
I1016 07:36:43.980194 47526403094336 run_miniworld.py:267] iteration: 192
 frame: 4800000
 eval_episode_return:  0.00
 train_episode_return:  0.00
 train_exploration_epsilon: 0.100
 train_frame_rate:  158
I1016 07:36:46.817578 47526403094336 run_miniworld.py:243] Data collection iteration 193.
I1016 07:39:24.099332 47526403094336 run_miniworld.py:250] Evaluation iteration 193.
I1016 07:39:33.965921 47526403094336 run_miniworld.py:267] iteration: 193
 frame: 4825000
 eval_episode_return:  0.00
 train_episode_return:  0.00
 train_exploration_epsilon: 0.100
 train_frame_rate:  159
I1016 07:39:38.075556 47526403094336 run_miniworld.py:243] Data collection iteration 194.
I1016 07:42:12.171368 47526403094336 run_miniworld.py:250] Evaluation iteration 194.
I1016 07:42:21.798472 47526403094336 run_miniworld.py:267] iteration: 194
 frame: 4850000
 eval_episode_return:  0.00
 train_episode_return:  0.00
 train_exploration_epsilon: 0.100
 train_frame_rate:  162
I1016 07:42:24.744883 47526403094336 run_miniworld.py:243] Data collection iteration 195.
I1016 07:44:58.628013 47526403094336 run_miniworld.py:250] Evaluation iteration 195.
I1016 07:45:08.273660 47526403094336 run_miniworld.py:267] iteration: 195
 frame: 4875000
 eval_episode_return:  0.00
 train_episode_return:  0.00
 train_exploration_epsilon: 0.100
 train_frame_rate:  162
I1016 07:45:12.280175 47526403094336 run_miniworld.py:243] Data collection iteration 196.
I1016 07:47:47.041313 47526403094336 run_miniworld.py:250] Evaluation iteration 196.
I1016 07:47:56.700639 47526403094336 run_miniworld.py:267] iteration: 196
 frame: 4900000
 eval_episode_return:  0.00
 train_episode_return:  0.00
 train_exploration_epsilon: 0.100
 train_frame_rate:  162
I1016 07:47:59.577572 47526403094336 run_miniworld.py:243] Data collection iteration 197.
I1016 07:50:33.870733 47526403094336 run_miniworld.py:250] Evaluation iteration 197.
I1016 07:50:43.699763 47526403094336 run_miniworld.py:267] iteration: 197
 frame: 4925000
 eval_episode_return:  0.00
 train_episode_return:  0.00
 train_exploration_epsilon: 0.100
 train_frame_rate:  162
I1016 07:50:46.662853 47526403094336 run_miniworld.py:243] Data collection iteration 198.
I1016 07:53:21.113426 47526403094336 run_miniworld.py:250] Evaluation iteration 198.
I1016 07:53:30.838480 47526403094336 run_miniworld.py:267] iteration: 198
 frame: 4950000
 eval_episode_return:  0.00
 train_episode_return:  0.00
 train_exploration_epsilon: 0.100
 train_frame_rate:  162
I1016 07:53:34.976698 47526403094336 run_miniworld.py:243] Data collection iteration 199.
I1016 07:56:10.766746 47526403094336 run_miniworld.py:250] Evaluation iteration 199.
I1016 07:56:20.638734 47526403094336 run_miniworld.py:267] iteration: 199
 frame: 4975000
 eval_episode_return:  0.00
 train_episode_return:  0.00
 train_exploration_epsilon: 0.100
 train_frame_rate:  160
I1016 07:56:23.466986 47526403094336 run_miniworld.py:243] Data collection iteration 200.
I1016 07:58:59.673569 47526403094336 run_miniworld.py:250] Evaluation iteration 200.
I1016 07:59:09.363238 47526403094336 run_miniworld.py:267] iteration: 200
 frame: 5000000
 eval_episode_return:  0.00
 train_episode_return:  0.00
 train_exploration_epsilon: 0.100
 train_frame_rate:  160
Falling back to num_samples=1
Falling back to num_samples=1
Falling back to num_samples=1
Falling back to num_samples=1
Falling back to num_samples=1
Falling back to num_samples=1
Falling back to num_samples=1
Falling back to num_samples=1
Falling back to num_samples=1
Falling back to num_samples=1
Falling back to num_samples=1
Falling back to num_samples=1
Falling back to num_samples=1
Falling back to num_samples=1
Falling back to num_samples=1
Falling back to num_samples=1
Falling back to num_samples=1
Falling back to num_samples=1
Falling back to num_samples=1
Falling back to num_samples=1
Falling back to num_samples=1
Falling back to num_samples=1
Falling back to num_samples=1
Falling back to num_samples=1
Falling back to num_samples=1
Falling back to num_samples=1
Falling back to num_samples=1
Falling back to num_samples=1
Falling back to num_samples=1
Falling back to num_samples=1
Falling back to num_samples=1
Falling back to num_samples=1
Falling back to num_samples=1
Falling back to num_samples=1
Falling back to num_samples=1
Falling back to num_samples=1
Falling back to num_samples=1
Falling back to num_samples=1
Falling back to num_samples=1
Falling back to num_samples=1
Falling back to num_samples=1
Falling back to num_samples=1
Falling back to num_samples=1
Falling back to num_samples=1
Falling back to num_samples=1
Falling back to num_samples=1
Falling back to num_samples=1
Falling back to num_samples=1
Falling back to num_samples=1
Falling back to num_samples=1
Falling back to num_samples=1
Falling back to num_samples=1
Falling back to num_samples=1
Falling back to num_samples=1
Falling back to num_samples=1
Falling back to num_samples=1
Falling back to num_samples=1
Falling back to num_samples=1
Falling back to num_samples=1
Falling back to num_samples=1
Falling back to num_samples=1
Falling back to num_samples=1
Falling back to num_samples=1
Falling back to num_samples=1
Falling back to num_samples=1
Falling back to num_samples=1
Falling back to num_samples=1
Falling back to num_samples=1
Falling back to num_samples=1
Falling back to num_samples=1
Falling back to num_samples=1
Falling back to num_samples=1
Falling back to num_samples=1
Falling back to num_samples=1
Falling back to num_samples=1
Falling back to num_samples=1
Falling back to num_samples=1
Falling back to num_samples=1
Falling back to num_samples=1
Falling back to num_samples=1
Falling back to num_samples=1
Falling back to num_samples=1
Falling back to num_samples=1
Falling back to num_samples=1
Falling back to num_samples=1
Falling back to num_samples=1
Falling back to num_samples=1
Falling back to num_samples=1
Falling back to num_samples=1
Falling back to num_samples=1
Falling back to num_samples=1
Falling back to num_samples=1
Falling back to num_samples=1
Falling back to num_samples=1
Falling back to num_samples=1
Falling back to num_samples=1
Falling back to num_samples=1
Falling back to num_samples=1
Falling back to num_samples=1
Falling back to num_samples=1
Falling back to num_samples=1
Falling back to num_samples=1
Falling back to num_samples=1
Falling back to num_samples=1
Falling back to num_samples=1
Falling back to num_samples=1
Falling back to num_samples=1
Falling back to num_samples=1
Falling back to num_samples=1
Falling back to num_samples=1
Falling back to num_samples=1
Falling back to num_samples=1
Falling back to num_samples=1
Falling back to num_samples=1
Falling back to num_samples=1
Falling back to num_samples=1
Falling back to num_samples=1
Falling back to num_samples=1
Falling back to num_samples=1
Falling back to num_samples=1
Falling back to num_samples=1
Falling back to num_samples=1
Falling back to num_samples=1
Falling back to num_samples=1
Falling back to num_samples=1
Falling back to num_samples=1
Falling back to num_samples=1
Falling back to num_samples=1
Falling back to num_samples=1
Falling back to num_samples=1
Falling back to num_samples=1
Falling back to num_samples=1
Falling back to num_samples=1
Falling back to num_samples=1
Falling back to num_samples=1
Falling back to num_samples=1
Falling back to num_samples=1
Falling back to num_samples=1
Falling back to num_samples=1
Falling back to num_samples=1
Falling back to num_samples=1
Falling back to num_samples=1
Falling back to num_samples=1
Falling back to num_samples=1
Falling back to num_samples=1
Falling back to num_samples=1
Falling back to num_samples=1
Falling back to num_samples=1
Falling back to num_samples=1
Falling back to num_samples=1
Falling back to num_samples=1
Falling back to num_samples=1
Falling back to num_samples=1
Falling back to num_samples=1
Falling back to num_samples=1
Falling back to num_samples=1
Falling back to num_samples=1
Falling back to num_samples=1
Falling back to num_samples=1
Falling back to num_samples=1
Falling back to num_samples=1
Falling back to num_samples=1
Falling back to num_samples=1
Falling back to num_samples=1
Falling back to num_samples=1
Falling back to num_samples=1
Falling back to num_samples=1
Falling back to num_samples=1
Falling back to num_samples=1
Falling back to num_samples=1
Falling back to num_samples=1
Falling back to num_samples=1
Falling back to num_samples=1
Falling back to num_samples=1
Falling back to num_samples=1
Falling back to num_samples=1
Falling back to num_samples=1
Falling back to num_samples=1
Falling back to num_samples=1
Falling back to num_samples=1
Falling back to num_samples=1
Falling back to num_samples=1
Falling back to num_samples=1
Falling back to num_samples=1
Falling back to num_samples=1
Falling back to num_samples=1
Falling back to num_samples=1
Falling back to num_samples=1
Falling back to num_samples=1
Falling back to num_samples=1
Falling back to num_samples=1
Falling back to num_samples=1
Falling back to num_samples=1
Falling back to num_samples=1
Falling back to num_samples=1
Falling back to num_samples=1
Falling back to num_samples=1
Falling back to num_samples=1
Falling back to num_samples=1
Falling back to num_samples=1
Falling back to num_samples=1
Falling back to num_samples=1
Falling back to num_samples=1
Falling back to num_samples=1
Falling back to num_samples=1
Falling back to num_samples=1
Falling back to num_samples=1
Falling back to num_samples=1
Falling back to num_samples=1
Falling back to num_samples=1
Falling back to num_samples=1
Falling back to num_samples=1
Falling back to num_samples=1
Falling back to num_samples=1
Falling back to num_samples=1
Falling back to num_samples=1
Falling back to num_samples=1
Falling back to num_samples=1
Falling back to num_samples=1
Falling back to num_samples=1
Falling back to num_samples=1
Falling back to num_samples=1
Falling back to num_samples=1
Falling back to num_samples=1
Falling back to num_samples=1
Falling back to num_samples=1
Falling back to num_samples=1
Falling back to num_samples=1
Falling back to num_samples=1
Falling back to num_samples=1
Falling back to num_samples=1
Falling back to num_samples=1
Falling back to num_samples=1
Falling back to num_samples=1
Falling back to num_samples=1
Falling back to num_samples=1
Falling back to num_samples=1
Falling back to num_samples=1
Falling back to num_samples=1
Falling back to num_samples=1
Falling back to num_samples=1
Falling back to num_samples=1
Falling back to num_samples=1
Falling back to num_samples=1
Falling back to num_samples=1
Falling back to num_samples=1
Falling back to num_samples=1
Falling back to num_samples=1
Falling back to num_samples=1
Falling back to num_samples=1
Falling back to num_samples=1
Falling back to num_samples=1
Falling back to num_samples=1
Falling back to num_samples=1
Falling back to num_samples=1
Falling back to num_samples=1
Falling back to num_samples=1
Falling back to num_samples=1
Falling back to num_samples=1
Falling back to num_samples=1
Falling back to num_samples=1
Falling back to num_samples=1
Falling back to num_samples=1
Falling back to num_samples=1
Falling back to num_samples=1
Falling back to num_samples=1
Falling back to num_samples=1
Falling back to num_samples=1
Falling back to num_samples=1
Falling back to num_samples=1
Falling back to num_samples=1
Falling back to num_samples=1
Falling back to num_samples=1
Falling back to num_samples=1
Falling back to num_samples=1
Falling back to num_samples=1
Falling back to num_samples=1
Falling back to num_samples=1
Falling back to num_samples=1
Falling back to num_samples=1
Falling back to num_samples=1
Falling back to num_samples=1
Falling back to num_samples=1
Falling back to num_samples=1
Falling back to num_samples=1
Falling back to num_samples=1
Falling back to num_samples=1
Falling back to num_samples=1
Falling back to num_samples=1
Falling back to num_samples=1
Falling back to num_samples=1
Falling back to num_samples=1
Falling back to num_samples=1
Falling back to num_samples=1
Falling back to num_samples=1
Falling back to num_samples=1
Falling back to num_samples=1
Falling back to num_samples=1
Falling back to num_samples=1
Falling back to num_samples=1
Falling back to num_samples=1
Falling back to num_samples=1
Falling back to num_samples=1
Falling back to num_samples=1
Falling back to num_samples=1
Falling back to num_samples=1
Falling back to num_samples=1
Falling back to num_samples=1
Falling back to num_samples=1
Falling back to num_samples=1
Falling back to num_samples=1
Falling back to num_samples=1
Falling back to num_samples=1
Falling back to num_samples=1
Falling back to num_samples=1
Falling back to num_samples=1
Falling back to num_samples=1
Falling back to num_samples=1
Falling back to num_samples=1
Falling back to num_samples=1
Falling back to num_samples=1
Falling back to num_samples=1
Falling back to num_samples=1
Falling back to num_samples=1
Falling back to num_samples=1
Falling back to num_samples=1
Falling back to num_samples=1
Falling back to num_samples=1
Falling back to num_samples=1
Falling back to num_samples=1
Falling back to num_samples=1
Falling back to num_samples=1
Falling back to num_samples=1
Falling back to num_samples=1
Falling back to num_samples=1
Falling back to num_samples=1
Falling back to num_samples=1
Falling back to num_samples=1
Falling back to num_samples=1
Falling back to num_samples=1
Falling back to num_samples=1
Falling back to num_samples=1
Falling back to num_samples=1
Falling back to num_samples=1
Falling back to num_samples=1
Falling back to num_samples=1
Falling back to num_samples=1
Falling back to num_samples=1
Falling back to num_samples=1
Falling back to num_samples=1
Falling back to num_samples=1
Falling back to num_samples=1
Falling back to num_samples=1
Falling back to num_samples=1
Falling back to num_samples=1
Falling back to num_samples=1
Falling back to num_samples=1
Falling back to num_samples=1
Falling back to num_samples=1
Falling back to num_samples=1
Falling back to num_samples=1
Falling back to num_samples=1
Falling back to num_samples=1
Falling back to num_samples=1
Falling back to num_samples=1
Falling back to num_samples=1
Falling back to num_samples=1
Falling back to num_samples=1
Falling back to num_samples=1
Falling back to num_samples=1
Falling back to num_samples=1
Falling back to num_samples=1
Falling back to num_samples=1
Falling back to num_samples=1
Falling back to num_samples=1
Falling back to num_samples=1
Falling back to num_samples=1
Falling back to num_samples=1
Falling back to num_samples=1
Falling back to num_samples=1
Falling back to num_samples=1
Falling back to num_samples=1
Falling back to num_samples=1
Falling back to num_samples=1
Falling back to num_samples=1
Falling back to num_samples=1
Falling back to num_samples=1
Falling back to num_samples=1
Falling back to num_samples=1
Falling back to num_samples=1
Falling back to num_samples=1
Falling back to num_samples=1
Falling back to num_samples=1
Falling back to num_samples=1
Falling back to num_samples=1
Falling back to num_samples=1
Falling back to num_samples=1
Falling back to num_samples=1
Falling back to num_samples=1
Falling back to num_samples=1
Falling back to num_samples=1
Falling back to num_samples=1
Falling back to num_samples=1
Falling back to num_samples=1
