I1015 22:19:37.140969 47654978082624 xla_bridge.py:355] Unable to initialize backend 'tpu_driver': NOT_FOUND: Unable to find driver in registry given worker: 
I1015 22:19:37.281935 47654978082624 xla_bridge.py:355] Unable to initialize backend 'rocm': NOT_FOUND: Could not find registered platform with name: "rocm". Available platform names are: CUDA Interpreter Host
I1015 22:19:37.282420 47654978082624 xla_bridge.py:355] Unable to initialize backend 'tpu': module 'jaxlib.xla_extension' has no attribute 'get_tpu_client'
I1015 22:19:37.282553 47654978082624 xla_bridge.py:355] Unable to initialize backend 'plugin': xla_extension has no attributes named get_plugin_device_client. Compile TensorFlow with //tensorflow/compiler/xla/python:enable_plugin_device set to true (defaults to false) to enable this.
I1015 22:19:37.282670 47654978082624 run_miniworld.py:102] Collecting data on MiniWorld on gpu.
I1015 22:19:42.709959 47654978082624 run_miniworld.py:138] Observation shape: (60, 80, 3)
I1015 22:19:51.028318 47654978082624 run_miniworld.py:243] Data collection iteration 0.
I1015 22:20:27.587830 47654978082624 run_miniworld.py:250] Evaluation iteration 0.
/home/mklissa/DCEO/lib/python3.8/site-packages/distrax/_src/distributions/categorical.py:96: UserWarning: Explicitly requested dtype <class 'jax.numpy.int64'> requested in astype is not available, and will be truncated to dtype int32. To enable more dtypes, set the jax_enable_x64 configuration option or the JAX_ENABLE_X64 shell environment variable. See https://github.com/google/jax#current-gotchas for more.
  return draws.astype(self._dtype)
I1015 22:20:37.596920 47654978082624 run_miniworld.py:267] iteration:   0
 frame:     0
 eval_episode_return:  0.00
 train_episode_return:  0.04
 train_exploration_epsilon: 1.000
 train_frame_rate:  684
I1015 22:20:42.009184 47654978082624 run_miniworld.py:243] Data collection iteration 1.
I1015 22:21:18.849642 47654978082624 run_miniworld.py:250] Evaluation iteration 1.
I1015 22:21:28.359946 47654978082624 run_miniworld.py:267] iteration:   1
 frame: 25000
 eval_episode_return:  0.00
 train_episode_return:  0.00
 train_exploration_epsilon: 1.000
 train_frame_rate:  679
I1015 22:21:31.428025 47654978082624 run_miniworld.py:243] Data collection iteration 2.
I1015 22:21:31.910238 47654978082624 dceo_agent.py:331] Begin learning
I1015 22:23:53.269855 47654978082624 run_miniworld.py:250] Evaluation iteration 2.
I1015 22:24:02.840666 47654978082624 run_miniworld.py:267] iteration:   2
 frame: 50000
 eval_episode_return:  0.00
 train_episode_return:  0.08
 train_exploration_epsilon: 0.955
 train_frame_rate:  176
I1015 22:24:05.775279 47654978082624 run_miniworld.py:243] Data collection iteration 3.
I1015 22:26:25.939444 47654978082624 run_miniworld.py:250] Evaluation iteration 3.
I1015 22:26:35.136277 47654978082624 run_miniworld.py:267] iteration:   3
 frame: 75000
 eval_episode_return:  0.00
 train_episode_return:  0.00
 train_exploration_epsilon: 0.910
 train_frame_rate:  178
I1015 22:26:38.466621 47654978082624 run_miniworld.py:243] Data collection iteration 4.
I1015 22:28:58.801554 47654978082624 run_miniworld.py:250] Evaluation iteration 4.
I1015 22:29:08.052369 47654978082624 run_miniworld.py:267] iteration:   4
 frame: 100000
 eval_episode_return:  0.00
 train_episode_return:  0.00
 train_exploration_epsilon: 0.865
 train_frame_rate:  178
I1015 22:29:11.973591 47654978082624 run_miniworld.py:243] Data collection iteration 5.
I1015 22:31:32.507440 47654978082624 run_miniworld.py:250] Evaluation iteration 5.
I1015 22:31:42.139435 47654978082624 run_miniworld.py:267] iteration:   5
 frame: 125000
 eval_episode_return:  0.00
 train_episode_return:  0.00
 train_exploration_epsilon: 0.820
 train_frame_rate:  178
I1015 22:31:45.378834 47654978082624 run_miniworld.py:243] Data collection iteration 6.
I1015 22:34:06.786018 47654978082624 run_miniworld.py:250] Evaluation iteration 6.
I1015 22:34:16.439791 47654978082624 run_miniworld.py:267] iteration:   6
 frame: 150000
 eval_episode_return:  0.00
 train_episode_return:  0.00
 train_exploration_epsilon: 0.775
 train_frame_rate:  177
I1015 22:34:19.201241 47654978082624 run_miniworld.py:243] Data collection iteration 7.
I1015 22:36:40.850297 47654978082624 run_miniworld.py:250] Evaluation iteration 7.
I1015 22:36:50.482263 47654978082624 run_miniworld.py:267] iteration:   7
 frame: 175000
 eval_episode_return:  0.00
 train_episode_return:  0.00
 train_exploration_epsilon: 0.730
 train_frame_rate:  176
I1015 22:36:53.274946 47654978082624 run_miniworld.py:243] Data collection iteration 8.
I1015 22:39:15.099026 47654978082624 run_miniworld.py:250] Evaluation iteration 8.
I1015 22:39:24.444740 47654978082624 run_miniworld.py:267] iteration:   8
 frame: 200000
 eval_episode_return:  0.00
 train_episode_return:  0.00
 train_exploration_epsilon: 0.685
 train_frame_rate:  176
I1015 22:39:27.322550 47654978082624 run_miniworld.py:243] Data collection iteration 9.
I1015 22:41:49.017675 47654978082624 run_miniworld.py:250] Evaluation iteration 9.
I1015 22:41:58.633481 47654978082624 run_miniworld.py:267] iteration:   9
 frame: 225000
 eval_episode_return:  0.00
 train_episode_return:  0.00
 train_exploration_epsilon: 0.640
 train_frame_rate:  176
I1015 22:42:01.869171 47654978082624 run_miniworld.py:243] Data collection iteration 10.
I1015 22:44:26.132219 47654978082624 run_miniworld.py:250] Evaluation iteration 10.
I1015 22:44:35.626165 47654978082624 run_miniworld.py:267] iteration:  10
 frame: 250000
 eval_episode_return:  0.00
 train_episode_return:  0.00
 train_exploration_epsilon: 0.595
 train_frame_rate:  173
I1015 22:44:38.905150 47654978082624 run_miniworld.py:243] Data collection iteration 11.
I1015 22:47:01.541162 47654978082624 run_miniworld.py:250] Evaluation iteration 11.
I1015 22:47:11.160949 47654978082624 run_miniworld.py:267] iteration:  11
 frame: 275000
 eval_episode_return:  0.00
 train_episode_return:  0.00
 train_exploration_epsilon: 0.550
 train_frame_rate:  175
I1015 22:47:14.456794 47654978082624 run_miniworld.py:243] Data collection iteration 12.
I1015 22:49:37.934397 47654978082624 run_miniworld.py:250] Evaluation iteration 12.
I1015 22:49:47.196255 47654978082624 run_miniworld.py:267] iteration:  12
 frame: 300000
 eval_episode_return:  0.00
 train_episode_return:  0.00
 train_exploration_epsilon: 0.505
 train_frame_rate:  174
I1015 22:49:50.084251 47654978082624 run_miniworld.py:243] Data collection iteration 13.
I1015 22:52:15.931825 47654978082624 run_miniworld.py:250] Evaluation iteration 13.
I1015 22:52:25.508832 47654978082624 run_miniworld.py:267] iteration:  13
 frame: 325000
 eval_episode_return:  0.00
 train_episode_return:  0.00
 train_exploration_epsilon: 0.460
 train_frame_rate:  171
I1015 22:52:28.288087 47654978082624 run_miniworld.py:243] Data collection iteration 14.
I1015 22:54:54.609403 47654978082624 run_miniworld.py:250] Evaluation iteration 14.
I1015 22:55:03.991580 47654978082624 run_miniworld.py:267] iteration:  14
 frame: 350000
 eval_episode_return:  0.00
 train_episode_return:  0.00
 train_exploration_epsilon: 0.415
 train_frame_rate:  171
I1015 22:55:07.305129 47654978082624 run_miniworld.py:243] Data collection iteration 15.
I1015 22:57:34.125247 47654978082624 run_miniworld.py:250] Evaluation iteration 15.
I1015 22:57:43.723582 47654978082624 run_miniworld.py:267] iteration:  15
 frame: 375000
 eval_episode_return:  0.00
 train_episode_return:  0.00
 train_exploration_epsilon: 0.370
 train_frame_rate:  170
I1015 22:57:47.578992 47654978082624 run_miniworld.py:243] Data collection iteration 16.
I1015 23:00:15.721081 47654978082624 run_miniworld.py:250] Evaluation iteration 16.
I1015 23:00:25.171257 47654978082624 run_miniworld.py:267] iteration:  16
 frame: 400000
 eval_episode_return:  0.00
 train_episode_return:  0.00
 train_exploration_epsilon: 0.325
 train_frame_rate:  169
I1015 23:00:28.158821 47654978082624 run_miniworld.py:243] Data collection iteration 17.
I1015 23:02:56.106020 47654978082624 run_miniworld.py:250] Evaluation iteration 17.
I1015 23:03:05.658711 47654978082624 run_miniworld.py:267] iteration:  17
 frame: 425000
 eval_episode_return:  0.00
 train_episode_return:  0.00
 train_exploration_epsilon: 0.280
 train_frame_rate:  169
I1015 23:03:08.992469 47654978082624 run_miniworld.py:243] Data collection iteration 18.
I1015 23:05:36.153008 47654978082624 run_miniworld.py:250] Evaluation iteration 18.
I1015 23:05:45.848088 47654978082624 run_miniworld.py:267] iteration:  18
 frame: 450000
 eval_episode_return:  0.00
 train_episode_return:  0.00
 train_exploration_epsilon: 0.235
 train_frame_rate:  170
I1015 23:05:49.196847 47654978082624 run_miniworld.py:243] Data collection iteration 19.
I1015 23:08:17.819400 47654978082624 run_miniworld.py:250] Evaluation iteration 19.
I1015 23:08:27.474627 47654978082624 run_miniworld.py:267] iteration:  19
 frame: 475000
 eval_episode_return:  0.00
 train_episode_return:  0.00
 train_exploration_epsilon: 0.190
 train_frame_rate:  168
I1015 23:08:30.467256 47654978082624 run_miniworld.py:243] Data collection iteration 20.
I1015 23:11:01.834766 47654978082624 run_miniworld.py:250] Evaluation iteration 20.
I1015 23:11:11.588581 47654978082624 run_miniworld.py:267] iteration:  20
 frame: 500000
 eval_episode_return:  0.00
 train_episode_return:  0.00
 train_exploration_epsilon: 0.145
 train_frame_rate:  165
I1015 23:11:15.076830 47654978082624 run_miniworld.py:243] Data collection iteration 21.
I1015 23:13:44.271425 47654978082624 run_miniworld.py:250] Evaluation iteration 21.
I1015 23:13:53.699774 47654978082624 run_miniworld.py:267] iteration:  21
 frame: 525000
 eval_episode_return:  0.00
 train_episode_return:  0.00
 train_exploration_epsilon: 0.100
 train_frame_rate:  168
I1015 23:13:56.494631 47654978082624 run_miniworld.py:243] Data collection iteration 22.
I1015 23:16:25.553774 47654978082624 run_miniworld.py:250] Evaluation iteration 22.
I1015 23:16:35.275734 47654978082624 run_miniworld.py:267] iteration:  22
 frame: 550000
 eval_episode_return:  0.00
 train_episode_return:  0.00
 train_exploration_epsilon: 0.100
 train_frame_rate:  168
I1015 23:16:38.726023 47654978082624 run_miniworld.py:243] Data collection iteration 23.
I1015 23:19:11.654565 47654978082624 run_miniworld.py:250] Evaluation iteration 23.
I1015 23:19:21.027051 47654978082624 run_miniworld.py:267] iteration:  23
 frame: 575000
 eval_episode_return:  0.00
 train_episode_return:  0.00
 train_exploration_epsilon: 0.100
 train_frame_rate:  163
I1015 23:19:24.134338 47654978082624 run_miniworld.py:243] Data collection iteration 24.
I1015 23:21:55.516273 47654978082624 run_miniworld.py:250] Evaluation iteration 24.
I1015 23:22:05.223875 47654978082624 run_miniworld.py:267] iteration:  24
 frame: 600000
 eval_episode_return:  0.00
 train_episode_return:  0.00
 train_exploration_epsilon: 0.100
 train_frame_rate:  165
I1015 23:22:08.120623 47654978082624 run_miniworld.py:243] Data collection iteration 25.
I1015 23:24:40.701900 47654978082624 run_miniworld.py:250] Evaluation iteration 25.
I1015 23:24:50.057307 47654978082624 run_miniworld.py:267] iteration:  25
 frame: 625000
 eval_episode_return:  0.00
 train_episode_return:  0.00
 train_exploration_epsilon: 0.100
 train_frame_rate:  164
I1015 23:24:53.753917 47654978082624 run_miniworld.py:243] Data collection iteration 26.
I1015 23:27:25.239238 47654978082624 run_miniworld.py:250] Evaluation iteration 26.
I1015 23:27:34.714061 47654978082624 run_miniworld.py:267] iteration:  26
 frame: 650000
 eval_episode_return:  0.00
 train_episode_return:  0.00
 train_exploration_epsilon: 0.100
 train_frame_rate:  165
I1015 23:27:37.539495 47654978082624 run_miniworld.py:243] Data collection iteration 27.
I1015 23:30:10.538910 47654978082624 run_miniworld.py:250] Evaluation iteration 27.
I1015 23:30:19.818603 47654978082624 run_miniworld.py:267] iteration:  27
 frame: 675000
 eval_episode_return:  0.00
 train_episode_return:  0.00
 train_exploration_epsilon: 0.100
 train_frame_rate:  163
I1015 23:30:24.488448 47654978082624 run_miniworld.py:243] Data collection iteration 28.
I1015 23:32:56.597899 47654978082624 run_miniworld.py:250] Evaluation iteration 28.
I1015 23:33:06.100993 47654978082624 run_miniworld.py:267] iteration:  28
 frame: 700000
 eval_episode_return:  0.00
 train_episode_return:  0.00
 train_exploration_epsilon: 0.100
 train_frame_rate:  164
I1015 23:33:09.218439 47654978082624 run_miniworld.py:243] Data collection iteration 29.
I1015 23:35:40.435912 47654978082624 run_miniworld.py:250] Evaluation iteration 29.
I1015 23:35:50.087476 47654978082624 run_miniworld.py:267] iteration:  29
 frame: 725000
 eval_episode_return:  0.00
 train_episode_return:  0.00
 train_exploration_epsilon: 0.100
 train_frame_rate:  165
I1015 23:35:53.783220 47654978082624 run_miniworld.py:243] Data collection iteration 30.
I1015 23:38:29.209775 47654978082624 run_miniworld.py:250] Evaluation iteration 30.
I1015 23:38:39.023474 47654978082624 run_miniworld.py:267] iteration:  30
 frame: 750000
 eval_episode_return:  0.00
 train_episode_return:  0.00
 train_exploration_epsilon: 0.100
 train_frame_rate:  161
I1015 23:38:41.941132 47654978082624 run_miniworld.py:243] Data collection iteration 31.
I1015 23:41:15.538312 47654978082624 run_miniworld.py:250] Evaluation iteration 31.
I1015 23:41:25.018153 47654978082624 run_miniworld.py:267] iteration:  31
 frame: 775000
 eval_episode_return:  0.00
 train_episode_return:  0.00
 train_exploration_epsilon: 0.100
 train_frame_rate:  163
I1015 23:41:27.869514 47654978082624 run_miniworld.py:243] Data collection iteration 32.
I1015 23:44:04.326541 47654978082624 run_miniworld.py:250] Evaluation iteration 32.
I1015 23:44:13.771219 47654978082624 run_miniworld.py:267] iteration:  32
 frame: 800000
 eval_episode_return:  0.00
 train_episode_return:  0.00
 train_exploration_epsilon: 0.100
 train_frame_rate:  160
I1015 23:44:16.759547 47654978082624 run_miniworld.py:243] Data collection iteration 33.
I1015 23:46:50.557538 47654978082624 run_miniworld.py:250] Evaluation iteration 33.
I1015 23:47:00.419523 47654978082624 run_miniworld.py:267] iteration:  33
 frame: 825000
 eval_episode_return:  0.00
 train_episode_return:  0.00
 train_exploration_epsilon: 0.100
 train_frame_rate:  163
I1015 23:47:03.538529 47654978082624 run_miniworld.py:243] Data collection iteration 34.
I1015 23:49:37.833312 47654978082624 run_miniworld.py:250] Evaluation iteration 34.
I1015 23:49:47.398684 47654978082624 run_miniworld.py:267] iteration:  34
 frame: 850000
 eval_episode_return:  0.00
 train_episode_return:  0.00
 train_exploration_epsilon: 0.100
 train_frame_rate:  162
I1015 23:49:51.218323 47654978082624 run_miniworld.py:243] Data collection iteration 35.
I1015 23:52:25.822798 47654978082624 run_miniworld.py:250] Evaluation iteration 35.
I1015 23:52:35.509347 47654978082624 run_miniworld.py:267] iteration:  35
 frame: 875000
 eval_episode_return:  0.00
 train_episode_return:  0.00
 train_exploration_epsilon: 0.100
 train_frame_rate:  162
I1015 23:52:38.578994 47654978082624 run_miniworld.py:243] Data collection iteration 36.
I1015 23:55:12.194857 47654978082624 run_miniworld.py:250] Evaluation iteration 36.
I1015 23:55:21.693340 47654978082624 run_miniworld.py:267] iteration:  36
 frame: 900000
 eval_episode_return:  0.00
 train_episode_return:  0.00
 train_exploration_epsilon: 0.100
 train_frame_rate:  163
I1015 23:55:25.395367 47654978082624 run_miniworld.py:243] Data collection iteration 37.
I1015 23:58:01.311718 47654978082624 run_miniworld.py:250] Evaluation iteration 37.
I1015 23:58:11.112274 47654978082624 run_miniworld.py:267] iteration:  37
 frame: 925000
 eval_episode_return:  0.00
 train_episode_return:  0.00
 train_exploration_epsilon: 0.100
 train_frame_rate:  160
I1015 23:58:14.321914 47654978082624 run_miniworld.py:243] Data collection iteration 38.
I1016 00:00:49.094398 47654978082624 run_miniworld.py:250] Evaluation iteration 38.
I1016 00:00:58.641021 47654978082624 run_miniworld.py:267] iteration:  38
 frame: 950000
 eval_episode_return:  0.00
 train_episode_return:  0.00
 train_exploration_epsilon: 0.100
 train_frame_rate:  162
I1016 00:01:02.698936 47654978082624 run_miniworld.py:243] Data collection iteration 39.
I1016 00:03:38.132508 47654978082624 run_miniworld.py:250] Evaluation iteration 39.
I1016 00:03:47.859041 47654978082624 run_miniworld.py:267] iteration:  39
 frame: 975000
 eval_episode_return:  0.00
 train_episode_return:  0.00
 train_exploration_epsilon: 0.100
 train_frame_rate:  161
I1016 00:03:51.184268 47654978082624 run_miniworld.py:243] Data collection iteration 40.
I1016 00:06:28.029313 47654978082624 run_miniworld.py:250] Evaluation iteration 40.
I1016 00:06:37.832219 47654978082624 run_miniworld.py:267] iteration:  40
 frame: 1000000
 eval_episode_return:  0.00
 train_episode_return:  0.00
 train_exploration_epsilon: 0.100
 train_frame_rate:  159
I1016 00:06:41.872707 47654978082624 run_miniworld.py:243] Data collection iteration 41.
I1016 00:09:20.775596 47654978082624 run_miniworld.py:250] Evaluation iteration 41.
I1016 00:09:30.465607 47654978082624 run_miniworld.py:267] iteration:  41
 frame: 1025000
 eval_episode_return:  0.00
 train_episode_return:  0.00
 train_exploration_epsilon: 0.100
 train_frame_rate:  157
I1016 00:09:33.390846 47654978082624 run_miniworld.py:243] Data collection iteration 42.
I1016 00:12:11.843071 47654978082624 run_miniworld.py:250] Evaluation iteration 42.
I1016 00:12:21.647654 47654978082624 run_miniworld.py:267] iteration:  42
 frame: 1050000
 eval_episode_return:  0.00
 train_episode_return:  0.00
 train_exploration_epsilon: 0.100
 train_frame_rate:  158
I1016 00:12:24.597834 47654978082624 run_miniworld.py:243] Data collection iteration 43.
I1016 00:15:02.394996 47654978082624 run_miniworld.py:250] Evaluation iteration 43.
I1016 00:15:12.007630 47654978082624 run_miniworld.py:267] iteration:  43
 frame: 1075000
 eval_episode_return:  0.00
 train_episode_return:  0.00
 train_exploration_epsilon: 0.100
 train_frame_rate:  158
I1016 00:15:15.939519 47654978082624 run_miniworld.py:243] Data collection iteration 44.
I1016 00:17:54.576020 47654978082624 run_miniworld.py:250] Evaluation iteration 44.
I1016 00:18:04.471669 47654978082624 run_miniworld.py:267] iteration:  44
 frame: 1100000
 eval_episode_return:  0.00
 train_episode_return:  0.00
 train_exploration_epsilon: 0.100
 train_frame_rate:  158
I1016 00:18:07.372444 47654978082624 run_miniworld.py:243] Data collection iteration 45.
I1016 00:20:44.741057 47654978082624 run_miniworld.py:250] Evaluation iteration 45.
I1016 00:20:54.344140 47654978082624 run_miniworld.py:267] iteration:  45
 frame: 1125000
 eval_episode_return:  0.00
 train_episode_return:  0.00
 train_exploration_epsilon: 0.100
 train_frame_rate:  159
I1016 00:20:58.123960 47654978082624 run_miniworld.py:243] Data collection iteration 46.
I1016 00:23:35.351001 47654978082624 run_miniworld.py:250] Evaluation iteration 46.
I1016 00:23:45.065304 47654978082624 run_miniworld.py:267] iteration:  46
 frame: 1150000
 eval_episode_return:  0.00
 train_episode_return:  0.00
 train_exploration_epsilon: 0.100
 train_frame_rate:  159
I1016 00:23:47.879189 47654978082624 run_miniworld.py:243] Data collection iteration 47.
I1016 00:26:22.728595 47654978082624 run_miniworld.py:250] Evaluation iteration 47.
I1016 00:26:32.226242 47654978082624 run_miniworld.py:267] iteration:  47
 frame: 1175000
 eval_episode_return:  0.00
 train_episode_return:  0.00
 train_exploration_epsilon: 0.100
 train_frame_rate:  161
I1016 00:26:35.036433 47654978082624 run_miniworld.py:243] Data collection iteration 48.
I1016 00:29:11.944154 47654978082624 run_miniworld.py:250] Evaluation iteration 48.
I1016 00:29:21.808368 47654978082624 run_miniworld.py:267] iteration:  48
 frame: 1200000
 eval_episode_return:  0.00
 train_episode_return:  0.00
 train_exploration_epsilon: 0.100
 train_frame_rate:  159
I1016 00:29:25.716777 47654978082624 run_miniworld.py:243] Data collection iteration 49.
I1016 00:32:02.819586 47654978082624 run_miniworld.py:250] Evaluation iteration 49.
I1016 00:32:12.582154 47654978082624 run_miniworld.py:267] iteration:  49
 frame: 1225000
 eval_episode_return:  0.00
 train_episode_return:  0.00
 train_exploration_epsilon: 0.100
 train_frame_rate:  159
I1016 00:32:15.574646 47654978082624 run_miniworld.py:243] Data collection iteration 50.
I1016 00:34:51.354217 47654978082624 run_miniworld.py:250] Evaluation iteration 50.
I1016 00:35:01.169193 47654978082624 run_miniworld.py:267] iteration:  50
 frame: 1250000
 eval_episode_return:  0.00
 train_episode_return:  0.00
 train_exploration_epsilon: 0.100
 train_frame_rate:  160
I1016 00:35:05.113716 47654978082624 run_miniworld.py:243] Data collection iteration 51.
I1016 00:37:41.502977 47654978082624 run_miniworld.py:250] Evaluation iteration 51.
I1016 00:37:51.271337 47654978082624 run_miniworld.py:267] iteration:  51
 frame: 1275000
 eval_episode_return:  0.00
 train_episode_return:  0.00
 train_exploration_epsilon: 0.100
 train_frame_rate:  160
I1016 00:37:54.664546 47654978082624 run_miniworld.py:243] Data collection iteration 52.
I1016 00:40:31.030424 47654978082624 run_miniworld.py:250] Evaluation iteration 52.
I1016 00:40:40.868427 47654978082624 run_miniworld.py:267] iteration:  52
 frame: 1300000
 eval_episode_return:  0.00
 train_episode_return:  0.00
 train_exploration_epsilon: 0.100
 train_frame_rate:  160
I1016 00:40:43.975453 47654978082624 run_miniworld.py:243] Data collection iteration 53.
I1016 00:43:19.974792 47654978082624 run_miniworld.py:250] Evaluation iteration 53.
I1016 00:43:29.533429 47654978082624 run_miniworld.py:267] iteration:  53
 frame: 1325000
 eval_episode_return:  0.00
 train_episode_return:  0.00
 train_exploration_epsilon: 0.100
 train_frame_rate:  160
I1016 00:43:33.620765 47654978082624 run_miniworld.py:243] Data collection iteration 54.
I1016 00:46:11.605509 47654978082624 run_miniworld.py:250] Evaluation iteration 54.
I1016 00:46:21.356412 47654978082624 run_miniworld.py:267] iteration:  54
 frame: 1350000
 eval_episode_return:  0.00
 train_episode_return:  0.00
 train_exploration_epsilon: 0.100
 train_frame_rate:  158
I1016 00:46:24.296221 47654978082624 run_miniworld.py:243] Data collection iteration 55.
I1016 00:49:00.412288 47654978082624 run_miniworld.py:250] Evaluation iteration 55.
I1016 00:49:10.130431 47654978082624 run_miniworld.py:267] iteration:  55
 frame: 1375000
 eval_episode_return:  0.00
 train_episode_return:  0.00
 train_exploration_epsilon: 0.100
 train_frame_rate:  160
I1016 00:49:14.075677 47654978082624 run_miniworld.py:243] Data collection iteration 56.
I1016 00:51:50.302776 47654978082624 run_miniworld.py:250] Evaluation iteration 56.
I1016 00:51:59.949501 47654978082624 run_miniworld.py:267] iteration:  56
 frame: 1400000
 eval_episode_return:  0.00
 train_episode_return:  0.00
 train_exploration_epsilon: 0.100
 train_frame_rate:  160
I1016 00:52:02.783794 47654978082624 run_miniworld.py:243] Data collection iteration 57.
I1016 00:54:41.597046 47654978082624 run_miniworld.py:250] Evaluation iteration 57.
I1016 00:54:51.435815 47654978082624 run_miniworld.py:267] iteration:  57
 frame: 1425000
 eval_episode_return:  0.00
 train_episode_return:  0.00
 train_exploration_epsilon: 0.100
 train_frame_rate:  157
I1016 00:54:54.425381 47654978082624 run_miniworld.py:243] Data collection iteration 58.
I1016 00:57:32.396115 47654978082624 run_miniworld.py:250] Evaluation iteration 58.
I1016 00:57:42.026434 47654978082624 run_miniworld.py:267] iteration:  58
 frame: 1450000
 eval_episode_return:  0.00
 train_episode_return:  0.00
 train_exploration_epsilon: 0.100
 train_frame_rate:  158
I1016 00:57:45.173476 47654978082624 run_miniworld.py:243] Data collection iteration 59.
I1016 01:00:22.287944 47654978082624 run_miniworld.py:250] Evaluation iteration 59.
I1016 01:00:32.120216 47654978082624 run_miniworld.py:267] iteration:  59
 frame: 1475000
 eval_episode_return:  0.00
 train_episode_return:  0.00
 train_exploration_epsilon: 0.100
 train_frame_rate:  159
I1016 01:00:34.996583 47654978082624 run_miniworld.py:243] Data collection iteration 60.
I1016 01:03:11.698826 47654978082624 run_miniworld.py:250] Evaluation iteration 60.
I1016 01:03:21.455537 47654978082624 run_miniworld.py:267] iteration:  60
 frame: 1500000
 eval_episode_return:  0.00
 train_episode_return:  0.00
 train_exploration_epsilon: 0.100
 train_frame_rate:  160
I1016 01:03:25.436389 47654978082624 run_miniworld.py:243] Data collection iteration 61.
I1016 01:06:03.475909 47654978082624 run_miniworld.py:250] Evaluation iteration 61.
I1016 01:06:13.471795 47654978082624 run_miniworld.py:267] iteration:  61
 frame: 1525000
 eval_episode_return:  0.00
 train_episode_return:  0.00
 train_exploration_epsilon: 0.100
 train_frame_rate:  158
I1016 01:06:16.494493 47654978082624 run_miniworld.py:243] Data collection iteration 62.
I1016 01:08:54.142371 47654978082624 run_miniworld.py:250] Evaluation iteration 62.
I1016 01:09:03.887365 47654978082624 run_miniworld.py:267] iteration:  62
 frame: 1550000
 eval_episode_return:  0.00
 train_episode_return:  0.00
 train_exploration_epsilon: 0.100
 train_frame_rate:  159
I1016 01:09:07.856784 47654978082624 run_miniworld.py:243] Data collection iteration 63.
I1016 01:11:46.097331 47654978082624 run_miniworld.py:250] Evaluation iteration 63.
I1016 01:11:55.810467 47654978082624 run_miniworld.py:267] iteration:  63
 frame: 1575000
 eval_episode_return:  0.00
 train_episode_return:  0.00
 train_exploration_epsilon: 0.100
 train_frame_rate:  158
I1016 01:11:58.962664 47654978082624 run_miniworld.py:243] Data collection iteration 64.
I1016 01:14:38.358679 47654978082624 run_miniworld.py:250] Evaluation iteration 64.
I1016 01:14:48.142042 47654978082624 run_miniworld.py:267] iteration:  64
 frame: 1600000
 eval_episode_return:  0.00
 train_episode_return:  0.00
 train_exploration_epsilon: 0.100
 train_frame_rate:  157
I1016 01:14:51.266156 47654978082624 run_miniworld.py:243] Data collection iteration 65.
I1016 01:17:29.950374 47654978082624 run_miniworld.py:250] Evaluation iteration 65.
I1016 01:17:39.719855 47654978082624 run_miniworld.py:267] iteration:  65
 frame: 1625000
 eval_episode_return:  0.00
 train_episode_return:  0.00
 train_exploration_epsilon: 0.100
 train_frame_rate:  158
I1016 01:17:43.968444 47654978082624 run_miniworld.py:243] Data collection iteration 66.
I1016 01:20:23.621673 47654978082624 run_miniworld.py:250] Evaluation iteration 66.
I1016 01:20:33.264420 47654978082624 run_miniworld.py:267] iteration:  66
 frame: 1650000
 eval_episode_return:  0.00
 train_episode_return:  0.00
 train_exploration_epsilon: 0.100
 train_frame_rate:  157
I1016 01:20:36.399664 47654978082624 run_miniworld.py:243] Data collection iteration 67.
I1016 01:23:13.676375 47654978082624 run_miniworld.py:250] Evaluation iteration 67.
I1016 01:23:23.643299 47654978082624 run_miniworld.py:267] iteration:  67
 frame: 1675000
 eval_episode_return:  0.00
 train_episode_return:  0.00
 train_exploration_epsilon: 0.100
 train_frame_rate:  159
I1016 01:23:27.449911 47654978082624 run_miniworld.py:243] Data collection iteration 68.
I1016 01:26:05.650828 47654978082624 run_miniworld.py:250] Evaluation iteration 68.
I1016 01:26:15.421544 47654978082624 run_miniworld.py:267] iteration:  68
 frame: 1700000
 eval_episode_return:  0.00
 train_episode_return:  0.00
 train_exploration_epsilon: 0.100
 train_frame_rate:  158
I1016 01:26:18.330777 47654978082624 run_miniworld.py:243] Data collection iteration 69.
I1016 01:28:56.491533 47654978082624 run_miniworld.py:250] Evaluation iteration 69.
I1016 01:29:06.111337 47654978082624 run_miniworld.py:267] iteration:  69
 frame: 1725000
 eval_episode_return:  0.00
 train_episode_return:  0.00
 train_exploration_epsilon: 0.100
 train_frame_rate:  158
I1016 01:29:09.022440 47654978082624 run_miniworld.py:243] Data collection iteration 70.
I1016 01:31:45.811464 47654978082624 run_miniworld.py:250] Evaluation iteration 70.
I1016 01:31:55.681920 47654978082624 run_miniworld.py:267] iteration:  70
 frame: 1750000
 eval_episode_return:  0.00
 train_episode_return:  0.00
 train_exploration_epsilon: 0.100
 train_frame_rate:  159
I1016 01:31:59.960346 47654978082624 run_miniworld.py:243] Data collection iteration 71.
I1016 01:34:37.328365 47654978082624 run_miniworld.py:250] Evaluation iteration 71.
I1016 01:34:47.056087 47654978082624 run_miniworld.py:267] iteration:  71
 frame: 1775000
 eval_episode_return:  0.00
 train_episode_return:  0.00
 train_exploration_epsilon: 0.100
 train_frame_rate:  159
I1016 01:34:50.080296 47654978082624 run_miniworld.py:243] Data collection iteration 72.
I1016 01:37:30.575550 47654978082624 run_miniworld.py:250] Evaluation iteration 72.
I1016 01:37:40.213337 47654978082624 run_miniworld.py:267] iteration:  72
 frame: 1800000
 eval_episode_return:  0.00
 train_episode_return:  0.00
 train_exploration_epsilon: 0.100
 train_frame_rate:  156
I1016 01:37:44.348539 47654978082624 run_miniworld.py:243] Data collection iteration 73.
I1016 01:40:25.433669 47654978082624 run_miniworld.py:250] Evaluation iteration 73.
I1016 01:40:35.042154 47654978082624 run_miniworld.py:267] iteration:  73
 frame: 1825000
 eval_episode_return:  0.00
 train_episode_return:  0.00
 train_exploration_epsilon: 0.100
 train_frame_rate:  155
I1016 01:40:38.005382 47654978082624 run_miniworld.py:243] Data collection iteration 74.
I1016 01:43:16.255866 47654978082624 run_miniworld.py:250] Evaluation iteration 74.
I1016 01:43:25.972973 47654978082624 run_miniworld.py:267] iteration:  74
 frame: 1850000
 eval_episode_return:  0.00
 train_episode_return:  0.00
 train_exploration_epsilon: 0.100
 train_frame_rate:  158
I1016 01:43:28.927017 47654978082624 run_miniworld.py:243] Data collection iteration 75.
I1016 01:46:05.916478 47654978082624 run_miniworld.py:250] Evaluation iteration 75.
I1016 01:46:15.638672 47654978082624 run_miniworld.py:267] iteration:  75
 frame: 1875000
 eval_episode_return:  0.00
 train_episode_return:  0.00
 train_exploration_epsilon: 0.100
 train_frame_rate:  159
I1016 01:46:19.873322 47654978082624 run_miniworld.py:243] Data collection iteration 76.
I1016 01:48:57.432810 47654978082624 run_miniworld.py:250] Evaluation iteration 76.
I1016 01:49:07.232730 47654978082624 run_miniworld.py:267] iteration:  76
 frame: 1900000
 eval_episode_return:  0.00
 train_episode_return:  0.00
 train_exploration_epsilon: 0.100
 train_frame_rate:  159
I1016 01:49:10.310562 47654978082624 run_miniworld.py:243] Data collection iteration 77.
I1016 01:51:48.571000 47654978082624 run_miniworld.py:250] Evaluation iteration 77.
I1016 01:51:58.391849 47654978082624 run_miniworld.py:267] iteration:  77
 frame: 1925000
 eval_episode_return:  0.00
 train_episode_return:  0.00
 train_exploration_epsilon: 0.100
 train_frame_rate:  158
I1016 01:52:02.362786 47654978082624 run_miniworld.py:243] Data collection iteration 78.
I1016 01:54:41.066956 47654978082624 run_miniworld.py:250] Evaluation iteration 78.
I1016 01:54:50.817948 47654978082624 run_miniworld.py:267] iteration:  78
 frame: 1950000
 eval_episode_return:  0.00
 train_episode_return:  0.00
 train_exploration_epsilon: 0.100
 train_frame_rate:  158
I1016 01:54:53.782951 47654978082624 run_miniworld.py:243] Data collection iteration 79.
I1016 01:57:31.300065 47654978082624 run_miniworld.py:250] Evaluation iteration 79.
I1016 01:57:41.072570 47654978082624 run_miniworld.py:267] iteration:  79
 frame: 1975000
 eval_episode_return:  0.00
 train_episode_return:  0.00
 train_exploration_epsilon: 0.100
 train_frame_rate:  159
I1016 01:57:43.970762 47654978082624 run_miniworld.py:243] Data collection iteration 80.
I1016 02:00:21.825970 47654978082624 run_miniworld.py:250] Evaluation iteration 80.
I1016 02:00:31.622578 47654978082624 run_miniworld.py:267] iteration:  80
 frame: 2000000
 eval_episode_return:  0.00
 train_episode_return:  0.00
 train_exploration_epsilon: 0.100
 train_frame_rate:  158
I1016 02:00:35.636860 47654978082624 run_miniworld.py:243] Data collection iteration 81.
I1016 02:03:13.157422 47654978082624 run_miniworld.py:250] Evaluation iteration 81.
I1016 02:03:22.829894 47654978082624 run_miniworld.py:267] iteration:  81
 frame: 2025000
 eval_episode_return:  0.00
 train_episode_return:  0.00
 train_exploration_epsilon: 0.100
 train_frame_rate:  159
I1016 02:03:25.815181 47654978082624 run_miniworld.py:243] Data collection iteration 82.
I1016 02:06:01.726341 47654978082624 run_miniworld.py:250] Evaluation iteration 82.
I1016 02:06:11.234761 47654978082624 run_miniworld.py:267] iteration:  82
 frame: 2050000
 eval_episode_return:  0.00
 train_episode_return:  0.00
 train_exploration_epsilon: 0.100
 train_frame_rate:  160
I1016 02:06:15.193558 47654978082624 run_miniworld.py:243] Data collection iteration 83.
I1016 02:08:51.144318 47654978082624 run_miniworld.py:250] Evaluation iteration 83.
I1016 02:09:01.057740 47654978082624 run_miniworld.py:267] iteration:  83
 frame: 2075000
 eval_episode_return:  0.00
 train_episode_return:  0.00
 train_exploration_epsilon: 0.100
 train_frame_rate:  160
I1016 02:09:04.128584 47654978082624 run_miniworld.py:243] Data collection iteration 84.
I1016 02:11:40.584840 47654978082624 run_miniworld.py:250] Evaluation iteration 84.
I1016 02:11:50.177671 47654978082624 run_miniworld.py:267] iteration:  84
 frame: 2100000
 eval_episode_return:  0.00
 train_episode_return:  0.00
 train_exploration_epsilon: 0.100
 train_frame_rate:  160
I1016 02:11:53.129919 47654978082624 run_miniworld.py:243] Data collection iteration 85.
I1016 02:14:29.587962 47654978082624 run_miniworld.py:250] Evaluation iteration 85.
I1016 02:14:39.407538 47654978082624 run_miniworld.py:267] iteration:  85
 frame: 2125000
 eval_episode_return:  0.00
 train_episode_return:  0.00
 train_exploration_epsilon: 0.100
 train_frame_rate:  160
I1016 02:14:43.551023 47654978082624 run_miniworld.py:243] Data collection iteration 86.
I1016 02:17:20.319408 47654978082624 run_miniworld.py:250] Evaluation iteration 86.
I1016 02:17:30.049003 47654978082624 run_miniworld.py:267] iteration:  86
 frame: 2150000
 eval_episode_return:  0.00
 train_episode_return:  0.00
 train_exploration_epsilon: 0.100
 train_frame_rate:  159
I1016 02:17:33.323905 47654978082624 run_miniworld.py:243] Data collection iteration 87.
I1016 02:20:09.751177 47654978082624 run_miniworld.py:250] Evaluation iteration 87.
I1016 02:20:19.625963 47654978082624 run_miniworld.py:267] iteration:  87
 frame: 2175000
 eval_episode_return:  0.00
 train_episode_return:  0.00
 train_exploration_epsilon: 0.100
 train_frame_rate:  160
I1016 02:20:23.647616 47654978082624 run_miniworld.py:243] Data collection iteration 88.
I1016 02:23:01.060785 47654978082624 run_miniworld.py:250] Evaluation iteration 88.
I1016 02:23:11.015679 47654978082624 run_miniworld.py:267] iteration:  88
 frame: 2200000
 eval_episode_return:  0.00
 train_episode_return:  0.00
 train_exploration_epsilon: 0.100
 train_frame_rate:  159
I1016 02:23:14.535997 47654978082624 run_miniworld.py:243] Data collection iteration 89.
I1016 02:25:51.257313 47654978082624 run_miniworld.py:250] Evaluation iteration 89.
I1016 02:26:01.035129 47654978082624 run_miniworld.py:267] iteration:  89
 frame: 2225000
 eval_episode_return:  0.00
 train_episode_return:  0.00
 train_exploration_epsilon: 0.100
 train_frame_rate:  160
I1016 02:26:04.090849 47654978082624 run_miniworld.py:243] Data collection iteration 90.
I1016 02:28:39.748447 47654978082624 run_miniworld.py:250] Evaluation iteration 90.
I1016 02:28:49.488557 47654978082624 run_miniworld.py:267] iteration:  90
 frame: 2250000
 eval_episode_return:  0.00
 train_episode_return:  0.00
 train_exploration_epsilon: 0.100
 train_frame_rate:  161
I1016 02:28:53.725735 47654978082624 run_miniworld.py:243] Data collection iteration 91.
I1016 02:31:30.201486 47654978082624 run_miniworld.py:250] Evaluation iteration 91.
I1016 02:31:39.980187 47654978082624 run_miniworld.py:267] iteration:  91
 frame: 2275000
 eval_episode_return:  0.00
 train_episode_return:  0.00
 train_exploration_epsilon: 0.100
 train_frame_rate:  160
I1016 02:31:42.896338 47654978082624 run_miniworld.py:243] Data collection iteration 92.
I1016 02:34:19.203545 47654978082624 run_miniworld.py:250] Evaluation iteration 92.
I1016 02:34:28.849531 47654978082624 run_miniworld.py:267] iteration:  92
 frame: 2300000
 eval_episode_return:  0.00
 train_episode_return:  0.00
 train_exploration_epsilon: 0.100
 train_frame_rate:  160
I1016 02:34:32.821663 47654978082624 run_miniworld.py:243] Data collection iteration 93.
I1016 02:37:12.651204 47654978082624 run_miniworld.py:250] Evaluation iteration 93.
I1016 02:37:22.532911 47654978082624 run_miniworld.py:267] iteration:  93
 frame: 2325000
 eval_episode_return:  0.00
 train_episode_return:  0.00
 train_exploration_epsilon: 0.100
 train_frame_rate:  156
I1016 02:37:25.627071 47654978082624 run_miniworld.py:243] Data collection iteration 94.
I1016 02:40:02.612152 47654978082624 run_miniworld.py:250] Evaluation iteration 94.
I1016 02:40:12.331094 47654978082624 run_miniworld.py:267] iteration:  94
 frame: 2350000
 eval_episode_return:  0.00
 train_episode_return:  0.00
 train_exploration_epsilon: 0.100
 train_frame_rate:  159
I1016 02:40:15.466632 47654978082624 run_miniworld.py:243] Data collection iteration 95.
I1016 02:42:52.112241 47654978082624 run_miniworld.py:250] Evaluation iteration 95.
I1016 02:43:01.925240 47654978082624 run_miniworld.py:267] iteration:  95
 frame: 2375000
 eval_episode_return:  0.00
 train_episode_return:  0.00
 train_exploration_epsilon: 0.100
 train_frame_rate:  160
I1016 02:43:06.218961 47654978082624 run_miniworld.py:243] Data collection iteration 96.
I1016 02:45:42.975681 47654978082624 run_miniworld.py:250] Evaluation iteration 96.
I1016 02:45:52.778393 47654978082624 run_miniworld.py:267] iteration:  96
 frame: 2400000
 eval_episode_return:  0.00
 train_episode_return:  0.00
 train_exploration_epsilon: 0.100
 train_frame_rate:  159
I1016 02:45:55.881102 47654978082624 run_miniworld.py:243] Data collection iteration 97.
I1016 02:48:31.688387 47654978082624 run_miniworld.py:250] Evaluation iteration 97.
I1016 02:48:41.277125 47654978082624 run_miniworld.py:267] iteration:  97
 frame: 2425000
 eval_episode_return:  0.00
 train_episode_return:  0.00
 train_exploration_epsilon: 0.100
 train_frame_rate:  160
I1016 02:48:45.261388 47654978082624 run_miniworld.py:243] Data collection iteration 98.
I1016 02:51:22.117264 47654978082624 run_miniworld.py:250] Evaluation iteration 98.
I1016 02:51:31.863097 47654978082624 run_miniworld.py:267] iteration:  98
 frame: 2450000
 eval_episode_return:  0.00
 train_episode_return:  0.00
 train_exploration_epsilon: 0.100
 train_frame_rate:  159
I1016 02:51:35.273248 47654978082624 run_miniworld.py:243] Data collection iteration 99.
I1016 02:54:12.312790 47654978082624 run_miniworld.py:250] Evaluation iteration 99.
I1016 02:54:22.084443 47654978082624 run_miniworld.py:267] iteration:  99
 frame: 2475000
 eval_episode_return:  0.00
 train_episode_return:  0.00
 train_exploration_epsilon: 0.100
 train_frame_rate:  159
I1016 02:54:25.013050 47654978082624 run_miniworld.py:243] Data collection iteration 100.
I1016 02:57:01.746196 47654978082624 run_miniworld.py:250] Evaluation iteration 100.
I1016 02:57:11.645650 47654978082624 run_miniworld.py:267] iteration: 100
 frame: 2500000
 eval_episode_return:  0.00
 train_episode_return:  0.00
 train_exploration_epsilon: 0.100
 train_frame_rate:  160
I1016 02:57:15.874284 47654978082624 run_miniworld.py:243] Data collection iteration 101.
I1016 02:59:53.537526 47654978082624 run_miniworld.py:250] Evaluation iteration 101.
I1016 03:00:03.395969 47654978082624 run_miniworld.py:267] iteration: 101
 frame: 2525000
 eval_episode_return:  0.00
 train_episode_return:  0.00
 train_exploration_epsilon: 0.100
 train_frame_rate:  159
I1016 03:00:06.409344 47654978082624 run_miniworld.py:243] Data collection iteration 102.
I1016 03:02:43.585377 47654978082624 run_miniworld.py:250] Evaluation iteration 102.
I1016 03:02:53.456318 47654978082624 run_miniworld.py:267] iteration: 102
 frame: 2550000
 eval_episode_return:  0.00
 train_episode_return:  0.00
 train_exploration_epsilon: 0.100
 train_frame_rate:  159
I1016 03:02:57.400701 47654978082624 run_miniworld.py:243] Data collection iteration 103.
I1016 03:05:35.290563 47654978082624 run_miniworld.py:250] Evaluation iteration 103.
I1016 03:05:45.170714 47654978082624 run_miniworld.py:267] iteration: 103
 frame: 2575000
 eval_episode_return:  0.00
 train_episode_return:  0.00
 train_exploration_epsilon: 0.100
 train_frame_rate:  158
I1016 03:05:48.288339 47654978082624 run_miniworld.py:243] Data collection iteration 104.
I1016 03:08:25.403632 47654978082624 run_miniworld.py:250] Evaluation iteration 104.
I1016 03:08:35.154821 47654978082624 run_miniworld.py:267] iteration: 104
 frame: 2600000
 eval_episode_return:  0.00
 train_episode_return:  0.00
 train_exploration_epsilon: 0.100
 train_frame_rate:  159
I1016 03:08:38.139935 47654978082624 run_miniworld.py:243] Data collection iteration 105.
I1016 03:11:14.791053 47654978082624 run_miniworld.py:250] Evaluation iteration 105.
I1016 03:11:24.766674 47654978082624 run_miniworld.py:267] iteration: 105
 frame: 2625000
 eval_episode_return:  0.00
 train_episode_return:  0.00
 train_exploration_epsilon: 0.100
 train_frame_rate:  160
I1016 03:11:28.872829 47654978082624 run_miniworld.py:243] Data collection iteration 106.
I1016 03:14:06.615770 47654978082624 run_miniworld.py:250] Evaluation iteration 106.
I1016 03:14:16.658855 47654978082624 run_miniworld.py:267] iteration: 106
 frame: 2650000
 eval_episode_return:  0.00
 train_episode_return:  0.00
 train_exploration_epsilon: 0.100
 train_frame_rate:  158
I1016 03:14:19.731924 47654978082624 run_miniworld.py:243] Data collection iteration 107.
I1016 03:16:57.441691 47654978082624 run_miniworld.py:250] Evaluation iteration 107.
I1016 03:17:07.141016 47654978082624 run_miniworld.py:267] iteration: 107
 frame: 2675000
 eval_episode_return:  0.00
 train_episode_return:  0.00
 train_exploration_epsilon: 0.100
 train_frame_rate:  159
I1016 03:17:11.140443 47654978082624 run_miniworld.py:243] Data collection iteration 108.
I1016 03:19:48.858743 47654978082624 run_miniworld.py:250] Evaluation iteration 108.
I1016 03:19:58.656351 47654978082624 run_miniworld.py:267] iteration: 108
 frame: 2700000
 eval_episode_return:  0.00
 train_episode_return:  0.00
 train_exploration_epsilon: 0.100
 train_frame_rate:  159
I1016 03:20:02.119398 47654978082624 run_miniworld.py:243] Data collection iteration 109.
I1016 03:22:39.021850 47654978082624 run_miniworld.py:250] Evaluation iteration 109.
I1016 03:22:48.770728 47654978082624 run_miniworld.py:267] iteration: 109
 frame: 2725000
 eval_episode_return:  0.00
 train_episode_return:  0.00
 train_exploration_epsilon: 0.100
 train_frame_rate:  159
I1016 03:22:51.735688 47654978082624 run_miniworld.py:243] Data collection iteration 110.
I1016 03:25:28.523530 47654978082624 run_miniworld.py:250] Evaluation iteration 110.
I1016 03:25:38.318163 47654978082624 run_miniworld.py:267] iteration: 110
 frame: 2750000
 eval_episode_return:  0.00
 train_episode_return:  0.00
 train_exploration_epsilon: 0.100
 train_frame_rate:  159
I1016 03:25:42.589576 47654978082624 run_miniworld.py:243] Data collection iteration 111.
I1016 03:28:20.065678 47654978082624 run_miniworld.py:250] Evaluation iteration 111.
I1016 03:28:30.008849 47654978082624 run_miniworld.py:267] iteration: 111
 frame: 2775000
 eval_episode_return:  0.00
 train_episode_return:  0.00
 train_exploration_epsilon: 0.100
 train_frame_rate:  159
I1016 03:28:32.944138 47654978082624 run_miniworld.py:243] Data collection iteration 112.
I1016 03:31:10.598088 47654978082624 run_miniworld.py:250] Evaluation iteration 112.
I1016 03:31:20.355093 47654978082624 run_miniworld.py:267] iteration: 112
 frame: 2800000
 eval_episode_return:  0.00
 train_episode_return:  0.00
 train_exploration_epsilon: 0.100
 train_frame_rate:  159
I1016 03:31:24.597505 47654978082624 run_miniworld.py:243] Data collection iteration 113.
I1016 03:34:02.862345 47654978082624 run_miniworld.py:250] Evaluation iteration 113.
I1016 03:34:12.810209 47654978082624 run_miniworld.py:267] iteration: 113
 frame: 2825000
 eval_episode_return:  0.00
 train_episode_return:  0.00
 train_exploration_epsilon: 0.100
 train_frame_rate:  158
I1016 03:34:15.916141 47654978082624 run_miniworld.py:243] Data collection iteration 114.
I1016 03:36:53.504959 47654978082624 run_miniworld.py:250] Evaluation iteration 114.
I1016 03:37:03.122115 47654978082624 run_miniworld.py:267] iteration: 114
 frame: 2850000
 eval_episode_return:  0.00
 train_episode_return:  0.00
 train_exploration_epsilon: 0.100
 train_frame_rate:  159
I1016 03:37:06.146892 47654978082624 run_miniworld.py:243] Data collection iteration 115.
I1016 03:39:42.827864 47654978082624 run_miniworld.py:250] Evaluation iteration 115.
I1016 03:39:52.712202 47654978082624 run_miniworld.py:267] iteration: 115
 frame: 2875000
 eval_episode_return:  0.00
 train_episode_return:  0.00
 train_exploration_epsilon: 0.100
 train_frame_rate:  160
I1016 03:39:56.832119 47654978082624 run_miniworld.py:243] Data collection iteration 116.
I1016 03:42:34.526264 47654978082624 run_miniworld.py:250] Evaluation iteration 116.
I1016 03:42:44.554812 47654978082624 run_miniworld.py:267] iteration: 116
 frame: 2900000
 eval_episode_return:  0.00
 train_episode_return:  0.00
 train_exploration_epsilon: 0.100
 train_frame_rate:  159
I1016 03:42:47.548149 47654978082624 run_miniworld.py:243] Data collection iteration 117.
I1016 03:45:24.847305 47654978082624 run_miniworld.py:250] Evaluation iteration 117.
I1016 03:45:34.763220 47654978082624 run_miniworld.py:267] iteration: 117
 frame: 2925000
 eval_episode_return:  0.00
 train_episode_return:  0.00
 train_exploration_epsilon: 0.100
 train_frame_rate:  159
I1016 03:45:38.925142 47654978082624 run_miniworld.py:243] Data collection iteration 118.
I1016 03:48:16.790147 47654978082624 run_miniworld.py:250] Evaluation iteration 118.
I1016 03:48:26.463086 47654978082624 run_miniworld.py:267] iteration: 118
 frame: 2950000
 eval_episode_return:  0.00
 train_episode_return:  0.00
 train_exploration_epsilon: 0.100
 train_frame_rate:  158
I1016 03:48:29.550729 47654978082624 run_miniworld.py:243] Data collection iteration 119.
I1016 03:51:07.376804 47654978082624 run_miniworld.py:250] Evaluation iteration 119.
I1016 03:51:17.357644 47654978082624 run_miniworld.py:267] iteration: 119
 frame: 2975000
 eval_episode_return:  0.00
 train_episode_return:  0.00
 train_exploration_epsilon: 0.100
 train_frame_rate:  158
I1016 03:51:20.794271 47654978082624 run_miniworld.py:243] Data collection iteration 120.
I1016 03:53:58.283376 47654978082624 run_miniworld.py:250] Evaluation iteration 120.
I1016 03:54:08.048987 47654978082624 run_miniworld.py:267] iteration: 120
 frame: 3000000
 eval_episode_return:  0.00
 train_episode_return:  0.00
 train_exploration_epsilon: 0.100
 train_frame_rate:  159
I1016 03:54:12.408732 47654978082624 run_miniworld.py:243] Data collection iteration 121.
I1016 03:56:49.648497 47654978082624 run_miniworld.py:250] Evaluation iteration 121.
I1016 03:56:59.346508 47654978082624 run_miniworld.py:267] iteration: 121
 frame: 3025000
 eval_episode_return:  0.00
 train_episode_return:  0.00
 train_exploration_epsilon: 0.100
 train_frame_rate:  159
I1016 03:57:02.220810 47654978082624 run_miniworld.py:243] Data collection iteration 122.
I1016 03:59:39.333798 47654978082624 run_miniworld.py:250] Evaluation iteration 122.
I1016 03:59:49.135874 47654978082624 run_miniworld.py:267] iteration: 122
 frame: 3050000
 eval_episode_return:  0.00
 train_episode_return:  0.00
 train_exploration_epsilon: 0.100
 train_frame_rate:  159
I1016 03:59:53.072726 47654978082624 run_miniworld.py:243] Data collection iteration 123.
I1016 04:02:31.050828 47654978082624 run_miniworld.py:250] Evaluation iteration 123.
I1016 04:02:40.980579 47654978082624 run_miniworld.py:267] iteration: 123
 frame: 3075000
 eval_episode_return:  0.00
 train_episode_return:  0.00
 train_exploration_epsilon: 0.100
 train_frame_rate:  158
I1016 04:02:43.883549 47654978082624 run_miniworld.py:243] Data collection iteration 124.
I1016 04:05:21.827466 47654978082624 run_miniworld.py:250] Evaluation iteration 124.
I1016 04:05:31.620138 47654978082624 run_miniworld.py:267] iteration: 124
 frame: 3100000
 eval_episode_return:  0.00
 train_episode_return:  0.00
 train_exploration_epsilon: 0.100
 train_frame_rate:  158
I1016 04:05:34.499141 47654978082624 run_miniworld.py:243] Data collection iteration 125.
I1016 04:08:11.190178 47654978082624 run_miniworld.py:250] Evaluation iteration 125.
I1016 04:08:20.992835 47654978082624 run_miniworld.py:267] iteration: 125
 frame: 3125000
 eval_episode_return:  0.00
 train_episode_return:  0.00
 train_exploration_epsilon: 0.100
 train_frame_rate:  160
I1016 04:08:25.159979 47654978082624 run_miniworld.py:243] Data collection iteration 126.
I1016 04:11:03.058892 47654978082624 run_miniworld.py:250] Evaluation iteration 126.
I1016 04:11:12.776371 47654978082624 run_miniworld.py:267] iteration: 126
 frame: 3150000
 eval_episode_return:  0.00
 train_episode_return:  0.00
 train_exploration_epsilon: 0.100
 train_frame_rate:  158
I1016 04:11:15.808955 47654978082624 run_miniworld.py:243] Data collection iteration 127.
I1016 04:13:53.476918 47654978082624 run_miniworld.py:250] Evaluation iteration 127.
I1016 04:14:03.347693 47654978082624 run_miniworld.py:267] iteration: 127
 frame: 3175000
 eval_episode_return:  0.00
 train_episode_return:  0.00
 train_exploration_epsilon: 0.100
 train_frame_rate:  159
I1016 04:14:07.384297 47654978082624 run_miniworld.py:243] Data collection iteration 128.
I1016 04:16:45.329628 47654978082624 run_miniworld.py:250] Evaluation iteration 128.
I1016 04:16:55.149315 47654978082624 run_miniworld.py:267] iteration: 128
 frame: 3200000
 eval_episode_return:  0.00
 train_episode_return:  0.00
 train_exploration_epsilon: 0.100
 train_frame_rate:  158
I1016 04:16:58.217530 47654978082624 run_miniworld.py:243] Data collection iteration 129.
I1016 04:19:35.967724 47654978082624 run_miniworld.py:250] Evaluation iteration 129.
I1016 04:19:45.960306 47654978082624 run_miniworld.py:267] iteration: 129
 frame: 3225000
 eval_episode_return:  0.00
 train_episode_return:  0.00
 train_exploration_epsilon: 0.100
 train_frame_rate:  158
I1016 04:19:48.881682 47654978082624 run_miniworld.py:243] Data collection iteration 130.
I1016 04:22:26.279628 47654978082624 run_miniworld.py:250] Evaluation iteration 130.
I1016 04:22:36.126573 47654978082624 run_miniworld.py:267] iteration: 130
 frame: 3250000
 eval_episode_return:  0.00
 train_episode_return:  0.00
 train_exploration_epsilon: 0.100
 train_frame_rate:  159
I1016 04:22:40.242979 47654978082624 run_miniworld.py:243] Data collection iteration 131.
I1016 04:25:18.723583 47654978082624 run_miniworld.py:250] Evaluation iteration 131.
I1016 04:25:28.621237 47654978082624 run_miniworld.py:267] iteration: 131
 frame: 3275000
 eval_episode_return:  0.00
 train_episode_return:  0.00
 train_exploration_epsilon: 0.100
 train_frame_rate:  158
I1016 04:25:31.499925 47654978082624 run_miniworld.py:243] Data collection iteration 132.
I1016 04:28:08.502271 47654978082624 run_miniworld.py:250] Evaluation iteration 132.
I1016 04:28:18.385151 47654978082624 run_miniworld.py:267] iteration: 132
 frame: 3300000
 eval_episode_return:  0.00
 train_episode_return:  0.00
 train_exploration_epsilon: 0.100
 train_frame_rate:  159
I1016 04:28:22.281579 47654978082624 run_miniworld.py:243] Data collection iteration 133.
I1016 04:31:01.201288 47654978082624 run_miniworld.py:250] Evaluation iteration 133.
I1016 04:31:11.040203 47654978082624 run_miniworld.py:267] iteration: 133
 frame: 3325000
 eval_episode_return:  0.00
 train_episode_return:  0.00
 train_exploration_epsilon: 0.100
 train_frame_rate:  157
I1016 04:31:13.998296 47654978082624 run_miniworld.py:243] Data collection iteration 134.
I1016 04:33:52.559632 47654978082624 run_miniworld.py:250] Evaluation iteration 134.
I1016 04:34:02.458663 47654978082624 run_miniworld.py:267] iteration: 134
 frame: 3350000
 eval_episode_return:  0.00
 train_episode_return:  0.00
 train_exploration_epsilon: 0.100
 train_frame_rate:  158
I1016 04:34:05.661568 47654978082624 run_miniworld.py:243] Data collection iteration 135.
I1016 04:36:44.567415 47654978082624 run_miniworld.py:250] Evaluation iteration 135.
I1016 04:36:54.428678 47654978082624 run_miniworld.py:267] iteration: 135
 frame: 3375000
 eval_episode_return:  0.00
 train_episode_return:  0.00
 train_exploration_epsilon: 0.100
 train_frame_rate:  157
I1016 04:36:58.807723 47654978082624 run_miniworld.py:243] Data collection iteration 136.
I1016 04:39:37.121760 47654978082624 run_miniworld.py:250] Evaluation iteration 136.
I1016 04:39:46.917526 47654978082624 run_miniworld.py:267] iteration: 136
 frame: 3400000
 eval_episode_return:  0.00
 train_episode_return:  0.00
 train_exploration_epsilon: 0.100
 train_frame_rate:  158
I1016 04:39:49.809338 47654978082624 run_miniworld.py:243] Data collection iteration 137.
I1016 04:42:25.741506 47654978082624 run_miniworld.py:250] Evaluation iteration 137.
I1016 04:42:35.612378 47654978082624 run_miniworld.py:267] iteration: 137
 frame: 3425000
 eval_episode_return:  0.00
 train_episode_return:  0.00
 train_exploration_epsilon: 0.100
 train_frame_rate:  160
I1016 04:42:39.580645 47654978082624 run_miniworld.py:243] Data collection iteration 138.
I1016 04:45:17.937955 47654978082624 run_miniworld.py:250] Evaluation iteration 138.
I1016 04:45:27.922302 47654978082624 run_miniworld.py:267] iteration: 138
 frame: 3450000
 eval_episode_return:  0.00
 train_episode_return:  0.00
 train_exploration_epsilon: 0.100
 train_frame_rate:  158
I1016 04:45:30.829821 47654978082624 run_miniworld.py:243] Data collection iteration 139.
I1016 04:48:08.714330 47654978082624 run_miniworld.py:250] Evaluation iteration 139.
I1016 04:48:18.491774 47654978082624 run_miniworld.py:267] iteration: 139
 frame: 3475000
 eval_episode_return:  0.00
 train_episode_return:  0.00
 train_exploration_epsilon: 0.100
 train_frame_rate:  158
I1016 04:48:21.348163 47654978082624 run_miniworld.py:243] Data collection iteration 140.
I1016 04:50:58.587021 47654978082624 run_miniworld.py:250] Evaluation iteration 140.
I1016 04:51:08.515891 47654978082624 run_miniworld.py:267] iteration: 140
 frame: 3500000
 eval_episode_return:  0.00
 train_episode_return:  0.00
 train_exploration_epsilon: 0.100
 train_frame_rate:  159
I1016 04:51:12.485134 47654978082624 run_miniworld.py:243] Data collection iteration 141.
I1016 04:53:50.160997 47654978082624 run_miniworld.py:250] Evaluation iteration 141.
I1016 04:54:00.024319 47654978082624 run_miniworld.py:267] iteration: 141
 frame: 3525000
 eval_episode_return:  0.00
 train_episode_return:  0.00
 train_exploration_epsilon: 0.100
 train_frame_rate:  159
I1016 04:54:02.978464 47654978082624 run_miniworld.py:243] Data collection iteration 142.
I1016 04:56:40.344807 47654978082624 run_miniworld.py:250] Evaluation iteration 142.
I1016 04:56:50.387391 47654978082624 run_miniworld.py:267] iteration: 142
 frame: 3550000
 eval_episode_return:  0.00
 train_episode_return:  0.00
 train_exploration_epsilon: 0.100
 train_frame_rate:  159
I1016 04:56:54.394850 47654978082624 run_miniworld.py:243] Data collection iteration 143.
I1016 04:59:33.341230 47654978082624 run_miniworld.py:250] Evaluation iteration 143.
I1016 04:59:43.293303 47654978082624 run_miniworld.py:267] iteration: 143
 frame: 3575000
 eval_episode_return:  0.00
 train_episode_return:  0.00
 train_exploration_epsilon: 0.100
 train_frame_rate:  157
I1016 04:59:46.244126 47654978082624 run_miniworld.py:243] Data collection iteration 144.
I1016 05:02:23.413883 47654978082624 run_miniworld.py:250] Evaluation iteration 144.
I1016 05:02:33.167829 47654978082624 run_miniworld.py:267] iteration: 144
 frame: 3600000
 eval_episode_return:  0.00
 train_episode_return:  0.00
 train_exploration_epsilon: 0.100
 train_frame_rate:  159
I1016 05:02:36.159759 47654978082624 run_miniworld.py:243] Data collection iteration 145.
I1016 05:05:13.830912 47654978082624 run_miniworld.py:250] Evaluation iteration 145.
I1016 05:05:23.669540 47654978082624 run_miniworld.py:267] iteration: 145
 frame: 3625000
 eval_episode_return:  0.00
 train_episode_return:  0.00
 train_exploration_epsilon: 0.100
 train_frame_rate:  159
I1016 05:05:27.794702 47654978082624 run_miniworld.py:243] Data collection iteration 146.
I1016 05:08:05.397418 47654978082624 run_miniworld.py:250] Evaluation iteration 146.
I1016 05:08:15.291704 47654978082624 run_miniworld.py:267] iteration: 146
 frame: 3650000
 eval_episode_return:  0.00
 train_episode_return:  0.00
 train_exploration_epsilon: 0.100
 train_frame_rate:  159
I1016 05:08:18.396758 47654978082624 run_miniworld.py:243] Data collection iteration 147.
I1016 05:10:56.558414 47654978082624 run_miniworld.py:250] Evaluation iteration 147.
I1016 05:11:06.501613 47654978082624 run_miniworld.py:267] iteration: 147
 frame: 3675000
 eval_episode_return:  0.00
 train_episode_return:  0.00
 train_exploration_epsilon: 0.100
 train_frame_rate:  158
I1016 05:11:10.440722 47654978082624 run_miniworld.py:243] Data collection iteration 148.
I1016 05:13:49.295019 47654978082624 run_miniworld.py:250] Evaluation iteration 148.
I1016 05:13:59.343842 47654978082624 run_miniworld.py:267] iteration: 148
 frame: 3700000
 eval_episode_return:  0.00
 train_episode_return:  0.00
 train_exploration_epsilon: 0.100
 train_frame_rate:  157
I1016 05:14:02.973787 47654978082624 run_miniworld.py:243] Data collection iteration 149.
I1016 05:16:40.529578 47654978082624 run_miniworld.py:250] Evaluation iteration 149.
I1016 05:16:50.258745 47654978082624 run_miniworld.py:267] iteration: 149
 frame: 3725000
 eval_episode_return:  0.00
 train_episode_return:  0.00
 train_exploration_epsilon: 0.100
 train_frame_rate:  159
I1016 05:16:53.245087 47654978082624 run_miniworld.py:243] Data collection iteration 150.
I1016 05:19:30.726156 47654978082624 run_miniworld.py:250] Evaluation iteration 150.
I1016 05:19:40.563724 47654978082624 run_miniworld.py:267] iteration: 150
 frame: 3750000
 eval_episode_return:  0.00
 train_episode_return:  0.00
 train_exploration_epsilon: 0.100
 train_frame_rate:  159
I1016 05:19:45.665045 47654978082624 run_miniworld.py:243] Data collection iteration 151.
I1016 05:22:24.091053 47654978082624 run_miniworld.py:250] Evaluation iteration 151.
I1016 05:22:33.696017 47654978082624 run_miniworld.py:267] iteration: 151
 frame: 3775000
 eval_episode_return:  0.00
 train_episode_return:  0.00
 train_exploration_epsilon: 0.100
 train_frame_rate:  158
I1016 05:22:37.113566 47654978082624 run_miniworld.py:243] Data collection iteration 152.
I1016 05:25:14.582216 47654978082624 run_miniworld.py:250] Evaluation iteration 152.
I1016 05:25:24.549778 47654978082624 run_miniworld.py:267] iteration: 152
 frame: 3800000
 eval_episode_return:  0.00
 train_episode_return:  0.00
 train_exploration_epsilon: 0.100
 train_frame_rate:  159
I1016 05:25:28.851386 47654978082624 run_miniworld.py:243] Data collection iteration 153.
I1016 05:28:07.594714 47654978082624 run_miniworld.py:250] Evaluation iteration 153.
I1016 05:28:17.572428 47654978082624 run_miniworld.py:267] iteration: 153
 frame: 3825000
 eval_episode_return:  0.00
 train_episode_return:  0.00
 train_exploration_epsilon: 0.100
 train_frame_rate:  157
I1016 05:28:20.486119 47654978082624 run_miniworld.py:243] Data collection iteration 154.
I1016 05:30:57.947337 47654978082624 run_miniworld.py:250] Evaluation iteration 154.
I1016 05:31:07.765207 47654978082624 run_miniworld.py:267] iteration: 154
 frame: 3850000
 eval_episode_return:  0.00
 train_episode_return:  0.00
 train_exploration_epsilon: 0.100
 train_frame_rate:  159
I1016 05:31:10.668935 47654978082624 run_miniworld.py:243] Data collection iteration 155.
I1016 05:33:48.441760 47654978082624 run_miniworld.py:250] Evaluation iteration 155.
I1016 05:33:58.392556 47654978082624 run_miniworld.py:267] iteration: 155
 frame: 3875000
 eval_episode_return:  0.00
 train_episode_return:  0.00
 train_exploration_epsilon: 0.100
 train_frame_rate:  158
I1016 05:34:02.508447 47654978082624 run_miniworld.py:243] Data collection iteration 156.
I1016 05:36:40.896715 47654978082624 run_miniworld.py:250] Evaluation iteration 156.
I1016 05:36:50.755692 47654978082624 run_miniworld.py:267] iteration: 156
 frame: 3900000
 eval_episode_return:  0.00
 train_episode_return:  0.00
 train_exploration_epsilon: 0.100
 train_frame_rate:  158
I1016 05:36:53.751525 47654978082624 run_miniworld.py:243] Data collection iteration 157.
I1016 05:39:31.675046 47654978082624 run_miniworld.py:250] Evaluation iteration 157.
I1016 05:39:41.616227 47654978082624 run_miniworld.py:267] iteration: 157
 frame: 3925000
 eval_episode_return:  0.00
 train_episode_return:  0.00
 train_exploration_epsilon: 0.100
 train_frame_rate:  158
I1016 05:39:45.589477 47654978082624 run_miniworld.py:243] Data collection iteration 158.
I1016 05:42:24.335662 47654978082624 run_miniworld.py:250] Evaluation iteration 158.
I1016 05:42:34.243177 47654978082624 run_miniworld.py:267] iteration: 158
 frame: 3950000
 eval_episode_return:  0.00
 train_episode_return:  0.00
 train_exploration_epsilon: 0.100
 train_frame_rate:  157
I1016 05:42:37.276249 47654978082624 run_miniworld.py:243] Data collection iteration 159.
I1016 05:45:15.530913 47654978082624 run_miniworld.py:250] Evaluation iteration 159.
I1016 05:45:25.481009 47654978082624 run_miniworld.py:267] iteration: 159
 frame: 3975000
 eval_episode_return:  0.00
 train_episode_return:  0.00
 train_exploration_epsilon: 0.100
 train_frame_rate:  158
I1016 05:45:28.511689 47654978082624 run_miniworld.py:243] Data collection iteration 160.
I1016 05:48:05.866029 47654978082624 run_miniworld.py:250] Evaluation iteration 160.
I1016 05:48:15.803766 47654978082624 run_miniworld.py:267] iteration: 160
 frame: 4000000
 eval_episode_return:  0.00
 train_episode_return:  0.00
 train_exploration_epsilon: 0.100
 train_frame_rate:  159
I1016 05:48:19.866804 47654978082624 run_miniworld.py:243] Data collection iteration 161.
I1016 05:50:58.115192 47654978082624 run_miniworld.py:250] Evaluation iteration 161.
I1016 05:51:07.689736 47654978082624 run_miniworld.py:267] iteration: 161
 frame: 4025000
 eval_episode_return:  0.00
 train_episode_return:  0.00
 train_exploration_epsilon: 0.100
 train_frame_rate:  158
I1016 05:51:10.628041 47654978082624 run_miniworld.py:243] Data collection iteration 162.
I1016 05:53:48.307980 47654978082624 run_miniworld.py:250] Evaluation iteration 162.
I1016 05:53:58.309998 47654978082624 run_miniworld.py:267] iteration: 162
 frame: 4050000
 eval_episode_return:  0.00
 train_episode_return:  0.00
 train_exploration_epsilon: 0.100
 train_frame_rate:  159
I1016 05:54:02.331440 47654978082624 run_miniworld.py:243] Data collection iteration 163.
I1016 05:56:40.949636 47654978082624 run_miniworld.py:250] Evaluation iteration 163.
I1016 05:56:50.856364 47654978082624 run_miniworld.py:267] iteration: 163
 frame: 4075000
 eval_episode_return:  0.00
 train_episode_return:  0.00
 train_exploration_epsilon: 0.100
 train_frame_rate:  158
I1016 05:56:53.841391 47654978082624 run_miniworld.py:243] Data collection iteration 164.
I1016 05:59:32.101249 47654978082624 run_miniworld.py:250] Evaluation iteration 164.
I1016 05:59:42.102455 47654978082624 run_miniworld.py:267] iteration: 164
 frame: 4100000
 eval_episode_return:  0.00
 train_episode_return:  0.00
 train_exploration_epsilon: 0.100
 train_frame_rate:  158
I1016 05:59:45.113427 47654978082624 run_miniworld.py:243] Data collection iteration 165.
I1016 06:02:22.261955 47654978082624 run_miniworld.py:250] Evaluation iteration 165.
I1016 06:02:32.160238 47654978082624 run_miniworld.py:267] iteration: 165
 frame: 4125000
 eval_episode_return:  0.00
 train_episode_return:  0.00
 train_exploration_epsilon: 0.100
 train_frame_rate:  159
I1016 06:02:36.221650 47654978082624 run_miniworld.py:243] Data collection iteration 166.
I1016 06:05:14.299999 47654978082624 run_miniworld.py:250] Evaluation iteration 166.
I1016 06:05:24.097613 47654978082624 run_miniworld.py:267] iteration: 166
 frame: 4150000
 eval_episode_return:  0.00
 train_episode_return:  0.00
 train_exploration_epsilon: 0.100
 train_frame_rate:  158
I1016 06:05:27.046631 47654978082624 run_miniworld.py:243] Data collection iteration 167.
I1016 06:08:04.928997 47654978082624 run_miniworld.py:250] Evaluation iteration 167.
I1016 06:08:14.789455 47654978082624 run_miniworld.py:267] iteration: 167
 frame: 4175000
 eval_episode_return:  0.00
 train_episode_return:  0.00
 train_exploration_epsilon: 0.100
 train_frame_rate:  158
I1016 06:08:18.750979 47654978082624 run_miniworld.py:243] Data collection iteration 168.
I1016 06:10:57.355956 47654978082624 run_miniworld.py:250] Evaluation iteration 168.
I1016 06:11:07.160100 47654978082624 run_miniworld.py:267] iteration: 168
 frame: 4200000
 eval_episode_return:  0.00
 train_episode_return:  0.00
 train_exploration_epsilon: 0.100
 train_frame_rate:  158
I1016 06:11:10.190329 47654978082624 run_miniworld.py:243] Data collection iteration 169.
I1016 06:13:47.810019 47654978082624 run_miniworld.py:250] Evaluation iteration 169.
I1016 06:13:57.744551 47654978082624 run_miniworld.py:267] iteration: 169
 frame: 4225000
 eval_episode_return:  0.00
 train_episode_return:  0.00
 train_exploration_epsilon: 0.100
 train_frame_rate:  159
I1016 06:14:00.642827 47654978082624 run_miniworld.py:243] Data collection iteration 170.
I1016 06:16:38.013411 47654978082624 run_miniworld.py:250] Evaluation iteration 170.
I1016 06:16:47.852627 47654978082624 run_miniworld.py:267] iteration: 170
 frame: 4250000
 eval_episode_return:  0.00
 train_episode_return:  0.00
 train_exploration_epsilon: 0.100
 train_frame_rate:  159
I1016 06:16:52.032255 47654978082624 run_miniworld.py:243] Data collection iteration 171.
I1016 06:19:30.071991 47654978082624 run_miniworld.py:250] Evaluation iteration 171.
I1016 06:19:39.978715 47654978082624 run_miniworld.py:267] iteration: 171
 frame: 4275000
 eval_episode_return:  0.00
 train_episode_return:  0.00
 train_exploration_epsilon: 0.100
 train_frame_rate:  158
I1016 06:19:42.845208 47654978082624 run_miniworld.py:243] Data collection iteration 172.
I1016 06:22:21.725099 47654978082624 run_miniworld.py:250] Evaluation iteration 172.
I1016 06:22:31.740289 47654978082624 run_miniworld.py:267] iteration: 172
 frame: 4300000
 eval_episode_return:  0.00
 train_episode_return:  0.00
 train_exploration_epsilon: 0.100
 train_frame_rate:  157
I1016 06:22:35.688113 47654978082624 run_miniworld.py:243] Data collection iteration 173.
I1016 06:25:13.096108 47654978082624 run_miniworld.py:250] Evaluation iteration 173.
I1016 06:25:23.079557 47654978082624 run_miniworld.py:267] iteration: 173
 frame: 4325000
 eval_episode_return:  0.00
 train_episode_return:  0.00
 train_exploration_epsilon: 0.100
 train_frame_rate:  159
I1016 06:25:25.971094 47654978082624 run_miniworld.py:243] Data collection iteration 174.
I1016 06:28:03.770745 47654978082624 run_miniworld.py:250] Evaluation iteration 174.
I1016 06:28:13.626150 47654978082624 run_miniworld.py:267] iteration: 174
 frame: 4350000
 eval_episode_return:  0.00
 train_episode_return:  0.00
 train_exploration_epsilon: 0.100
 train_frame_rate:  158
I1016 06:28:16.694066 47654978082624 run_miniworld.py:243] Data collection iteration 175.
I1016 06:30:53.382260 47654978082624 run_miniworld.py:250] Evaluation iteration 175.
I1016 06:31:03.291554 47654978082624 run_miniworld.py:267] iteration: 175
 frame: 4375000
 eval_episode_return:  0.00
 train_episode_return:  0.00
 train_exploration_epsilon: 0.100
 train_frame_rate:  160
I1016 06:31:07.627896 47654978082624 run_miniworld.py:243] Data collection iteration 176.
I1016 06:33:46.490982 47654978082624 run_miniworld.py:250] Evaluation iteration 176.
I1016 06:33:56.364603 47654978082624 run_miniworld.py:267] iteration: 176
 frame: 4400000
 eval_episode_return:  0.00
 train_episode_return:  0.00
 train_exploration_epsilon: 0.100
 train_frame_rate:  157
I1016 06:33:59.277097 47654978082624 run_miniworld.py:243] Data collection iteration 177.
I1016 06:36:35.695974 47654978082624 run_miniworld.py:250] Evaluation iteration 177.
I1016 06:36:45.708811 47654978082624 run_miniworld.py:267] iteration: 177
 frame: 4425000
 eval_episode_return:  0.00
 train_episode_return:  0.00
 train_exploration_epsilon: 0.100
 train_frame_rate:  160
I1016 06:36:49.854240 47654978082624 run_miniworld.py:243] Data collection iteration 178.
I1016 06:39:28.399573 47654978082624 run_miniworld.py:250] Evaluation iteration 178.
I1016 06:39:38.269584 47654978082624 run_miniworld.py:267] iteration: 178
 frame: 4450000
 eval_episode_return:  0.00
 train_episode_return:  0.00
 train_exploration_epsilon: 0.100
 train_frame_rate:  158
I1016 06:39:41.201926 47654978082624 run_miniworld.py:243] Data collection iteration 179.
I1016 06:42:18.270523 47654978082624 run_miniworld.py:250] Evaluation iteration 179.
I1016 06:42:28.190123 47654978082624 run_miniworld.py:267] iteration: 179
 frame: 4475000
 eval_episode_return:  0.00
 train_episode_return:  0.00
 train_exploration_epsilon: 0.100
 train_frame_rate:  159
I1016 06:42:31.325870 47654978082624 run_miniworld.py:243] Data collection iteration 180.
I1016 06:45:08.855547 47654978082624 run_miniworld.py:250] Evaluation iteration 180.
I1016 06:45:18.671382 47654978082624 run_miniworld.py:267] iteration: 180
 frame: 4500000
 eval_episode_return:  0.00
 train_episode_return:  0.00
 train_exploration_epsilon: 0.100
 train_frame_rate:  159
I1016 06:45:22.823875 47654978082624 run_miniworld.py:243] Data collection iteration 181.
I1016 06:47:59.005607 47654978082624 run_miniworld.py:250] Evaluation iteration 181.
I1016 06:48:08.708492 47654978082624 run_miniworld.py:267] iteration: 181
 frame: 4525000
 eval_episode_return:  0.00
 train_episode_return:  0.00
 train_exploration_epsilon: 0.100
 train_frame_rate:  160
I1016 06:48:11.593078 47654978082624 run_miniworld.py:243] Data collection iteration 182.
I1016 06:50:48.834261 47654978082624 run_miniworld.py:250] Evaluation iteration 182.
I1016 06:50:58.592680 47654978082624 run_miniworld.py:267] iteration: 182
 frame: 4550000
 eval_episode_return:  0.00
 train_episode_return:  0.00
 train_exploration_epsilon: 0.100
 train_frame_rate:  159
I1016 06:51:02.602585 47654978082624 run_miniworld.py:243] Data collection iteration 183.
I1016 06:53:40.748726 47654978082624 run_miniworld.py:250] Evaluation iteration 183.
I1016 06:53:50.574516 47654978082624 run_miniworld.py:267] iteration: 183
 frame: 4575000
 eval_episode_return:  0.00
 train_episode_return:  0.00
 train_exploration_epsilon: 0.100
 train_frame_rate:  158
I1016 06:53:53.444995 47654978082624 run_miniworld.py:243] Data collection iteration 184.
I1016 06:56:30.669636 47654978082624 run_miniworld.py:250] Evaluation iteration 184.
I1016 06:56:40.604351 47654978082624 run_miniworld.py:267] iteration: 184
 frame: 4600000
 eval_episode_return:  0.00
 train_episode_return:  0.00
 train_exploration_epsilon: 0.100
 train_frame_rate:  159
I1016 06:56:43.518533 47654978082624 run_miniworld.py:243] Data collection iteration 185.
I1016 06:59:20.257525 47654978082624 run_miniworld.py:250] Evaluation iteration 185.
I1016 06:59:30.128795 47654978082624 run_miniworld.py:267] iteration: 185
 frame: 4625000
 eval_episode_return:  0.00
 train_episode_return:  0.00
 train_exploration_epsilon: 0.100
 train_frame_rate:  160
I1016 06:59:34.242732 47654978082624 run_miniworld.py:243] Data collection iteration 186.
I1016 07:02:12.063492 47654978082624 run_miniworld.py:250] Evaluation iteration 186.
I1016 07:02:22.080538 47654978082624 run_miniworld.py:267] iteration: 186
 frame: 4650000
 eval_episode_return:  0.00
 train_episode_return:  0.00
 train_exploration_epsilon: 0.100
 train_frame_rate:  158
I1016 07:02:24.948694 47654978082624 run_miniworld.py:243] Data collection iteration 187.
I1016 07:05:02.069955 47654978082624 run_miniworld.py:250] Evaluation iteration 187.
I1016 07:05:12.062643 47654978082624 run_miniworld.py:267] iteration: 187
 frame: 4675000
 eval_episode_return:  0.00
 train_episode_return:  0.00
 train_exploration_epsilon: 0.100
 train_frame_rate:  159
I1016 07:05:16.410861 47654978082624 run_miniworld.py:243] Data collection iteration 188.
I1016 07:07:55.688780 47654978082624 run_miniworld.py:250] Evaluation iteration 188.
I1016 07:08:05.696615 47654978082624 run_miniworld.py:267] iteration: 188
 frame: 4700000
 eval_episode_return:  0.00
 train_episode_return:  0.00
 train_exploration_epsilon: 0.100
 train_frame_rate:  157
I1016 07:08:08.634256 47654978082624 run_miniworld.py:243] Data collection iteration 189.
I1016 07:10:46.495343 47654978082624 run_miniworld.py:250] Evaluation iteration 189.
I1016 07:10:56.439920 47654978082624 run_miniworld.py:267] iteration: 189
 frame: 4725000
 eval_episode_return:  0.00
 train_episode_return:  0.00
 train_exploration_epsilon: 0.100
 train_frame_rate:  158
I1016 07:10:59.349602 47654978082624 run_miniworld.py:243] Data collection iteration 190.
I1016 07:13:36.898273 47654978082624 run_miniworld.py:250] Evaluation iteration 190.
I1016 07:13:46.887441 47654978082624 run_miniworld.py:267] iteration: 190
 frame: 4750000
 eval_episode_return:  0.00
 train_episode_return:  0.00
 train_exploration_epsilon: 0.100
 train_frame_rate:  159
I1016 07:13:50.935456 47654978082624 run_miniworld.py:243] Data collection iteration 191.
I1016 07:16:28.461496 47654978082624 run_miniworld.py:250] Evaluation iteration 191.
I1016 07:16:38.450638 47654978082624 run_miniworld.py:267] iteration: 191
 frame: 4775000
 eval_episode_return:  0.00
 train_episode_return:  0.00
 train_exploration_epsilon: 0.100
 train_frame_rate:  159
I1016 07:16:41.406399 47654978082624 run_miniworld.py:243] Data collection iteration 192.
I1016 07:19:18.711224 47654978082624 run_miniworld.py:250] Evaluation iteration 192.
I1016 07:19:28.635336 47654978082624 run_miniworld.py:267] iteration: 192
 frame: 4800000
 eval_episode_return:  0.00
 train_episode_return:  0.00
 train_exploration_epsilon: 0.100
 train_frame_rate:  159
I1016 07:19:32.891184 47654978082624 run_miniworld.py:243] Data collection iteration 193.
I1016 07:22:11.415098 47654978082624 run_miniworld.py:250] Evaluation iteration 193.
I1016 07:22:21.372239 47654978082624 run_miniworld.py:267] iteration: 193
 frame: 4825000
 eval_episode_return:  0.00
 train_episode_return:  0.00
 train_exploration_epsilon: 0.100
 train_frame_rate:  158
I1016 07:22:24.390662 47654978082624 run_miniworld.py:243] Data collection iteration 194.
I1016 07:25:01.643511 47654978082624 run_miniworld.py:250] Evaluation iteration 194.
I1016 07:25:11.618895 47654978082624 run_miniworld.py:267] iteration: 194
 frame: 4850000
 eval_episode_return:  0.00
 train_episode_return:  0.00
 train_exploration_epsilon: 0.100
 train_frame_rate:  159
I1016 07:25:14.451018 47654978082624 run_miniworld.py:243] Data collection iteration 195.
I1016 07:27:51.125996 47654978082624 run_miniworld.py:250] Evaluation iteration 195.
I1016 07:28:01.010924 47654978082624 run_miniworld.py:267] iteration: 195
 frame: 4875000
 eval_episode_return:  0.00
 train_episode_return:  0.00
 train_exploration_epsilon: 0.100
 train_frame_rate:  160
I1016 07:28:05.146911 47654978082624 run_miniworld.py:243] Data collection iteration 196.
I1016 07:30:42.438125 47654978082624 run_miniworld.py:250] Evaluation iteration 196.
I1016 07:30:52.274684 47654978082624 run_miniworld.py:267] iteration: 196
 frame: 4900000
 eval_episode_return:  0.00
 train_episode_return:  0.00
 train_exploration_epsilon: 0.100
 train_frame_rate:  159
I1016 07:30:55.150110 47654978082624 run_miniworld.py:243] Data collection iteration 197.
I1016 07:33:31.929217 47654978082624 run_miniworld.py:250] Evaluation iteration 197.
I1016 07:33:41.851380 47654978082624 run_miniworld.py:267] iteration: 197
 frame: 4925000
 eval_episode_return:  0.00
 train_episode_return:  0.00
 train_exploration_epsilon: 0.100
 train_frame_rate:  159
I1016 07:33:46.027049 47654978082624 run_miniworld.py:243] Data collection iteration 198.
I1016 07:36:24.189626 47654978082624 run_miniworld.py:250] Evaluation iteration 198.
I1016 07:36:34.105168 47654978082624 run_miniworld.py:267] iteration: 198
 frame: 4950000
 eval_episode_return:  0.00
 train_episode_return:  0.00
 train_exploration_epsilon: 0.100
 train_frame_rate:  158
I1016 07:36:37.001854 47654978082624 run_miniworld.py:243] Data collection iteration 199.
I1016 07:39:14.798648 47654978082624 run_miniworld.py:250] Evaluation iteration 199.
I1016 07:39:24.687337 47654978082624 run_miniworld.py:267] iteration: 199
 frame: 4975000
 eval_episode_return:  0.00
 train_episode_return:  0.00
 train_exploration_epsilon: 0.100
 train_frame_rate:  158
I1016 07:39:27.540515 47654978082624 run_miniworld.py:243] Data collection iteration 200.
I1016 07:42:04.468492 47654978082624 run_miniworld.py:250] Evaluation iteration 200.
I1016 07:42:14.304033 47654978082624 run_miniworld.py:267] iteration: 200
 frame: 5000000
 eval_episode_return:  0.00
 train_episode_return:  0.00
 train_exploration_epsilon: 0.100
 train_frame_rate:  159
Falling back to num_samples=1
Falling back to num_samples=1
Falling back to num_samples=1
Falling back to num_samples=1
Falling back to num_samples=1
Falling back to num_samples=1
Falling back to num_samples=1
Falling back to num_samples=1
Falling back to num_samples=1
Falling back to num_samples=1
Falling back to num_samples=1
Falling back to num_samples=1
Falling back to num_samples=1
Falling back to num_samples=1
Falling back to num_samples=1
Falling back to num_samples=1
Falling back to num_samples=1
Falling back to num_samples=1
Falling back to num_samples=1
Falling back to num_samples=1
Falling back to num_samples=1
Falling back to num_samples=1
Falling back to num_samples=1
Falling back to num_samples=1
Falling back to num_samples=1
Falling back to num_samples=1
Falling back to num_samples=1
Falling back to num_samples=1
Falling back to num_samples=1
Falling back to num_samples=1
Falling back to num_samples=1
Falling back to num_samples=1
Falling back to num_samples=1
Falling back to num_samples=1
Falling back to num_samples=1
Falling back to num_samples=1
Falling back to num_samples=1
Falling back to num_samples=1
Falling back to num_samples=1
Falling back to num_samples=1
Falling back to num_samples=1
Falling back to num_samples=1
Falling back to num_samples=1
Falling back to num_samples=1
Falling back to num_samples=1
Falling back to num_samples=1
Falling back to num_samples=1
Falling back to num_samples=1
Falling back to num_samples=1
Falling back to num_samples=1
Falling back to num_samples=1
Falling back to num_samples=1
Falling back to num_samples=1
Falling back to num_samples=1
Falling back to num_samples=1
Falling back to num_samples=1
Falling back to num_samples=1
Falling back to num_samples=1
Falling back to num_samples=1
Falling back to num_samples=1
Falling back to num_samples=1
Falling back to num_samples=1
Falling back to num_samples=1
Falling back to num_samples=1
Falling back to num_samples=1
Falling back to num_samples=1
Falling back to num_samples=1
Falling back to num_samples=1
Falling back to num_samples=1
Falling back to num_samples=1
Falling back to num_samples=1
Falling back to num_samples=1
Falling back to num_samples=1
Falling back to num_samples=1
Falling back to num_samples=1
Falling back to num_samples=1
Falling back to num_samples=1
Falling back to num_samples=1
Falling back to num_samples=1
Falling back to num_samples=1
Falling back to num_samples=1
Falling back to num_samples=1
Falling back to num_samples=1
Falling back to num_samples=1
Falling back to num_samples=1
Falling back to num_samples=1
Falling back to num_samples=1
Falling back to num_samples=1
Falling back to num_samples=1
Falling back to num_samples=1
Falling back to num_samples=1
Falling back to num_samples=1
Falling back to num_samples=1
Falling back to num_samples=1
Falling back to num_samples=1
Falling back to num_samples=1
Falling back to num_samples=1
Falling back to num_samples=1
Falling back to num_samples=1
Falling back to num_samples=1
Falling back to num_samples=1
Falling back to num_samples=1
Falling back to num_samples=1
Falling back to num_samples=1
Falling back to num_samples=1
Falling back to num_samples=1
Falling back to num_samples=1
Falling back to num_samples=1
Falling back to num_samples=1
Falling back to num_samples=1
Falling back to num_samples=1
Falling back to num_samples=1
Falling back to num_samples=1
Falling back to num_samples=1
Falling back to num_samples=1
Falling back to num_samples=1
Falling back to num_samples=1
Falling back to num_samples=1
Falling back to num_samples=1
Falling back to num_samples=1
Falling back to num_samples=1
Falling back to num_samples=1
Falling back to num_samples=1
Falling back to num_samples=1
Falling back to num_samples=1
Falling back to num_samples=1
Falling back to num_samples=1
Falling back to num_samples=1
Falling back to num_samples=1
Falling back to num_samples=1
Falling back to num_samples=1
Falling back to num_samples=1
Falling back to num_samples=1
Falling back to num_samples=1
Falling back to num_samples=1
Falling back to num_samples=1
Falling back to num_samples=1
Falling back to num_samples=1
Falling back to num_samples=1
Falling back to num_samples=1
Falling back to num_samples=1
Falling back to num_samples=1
Falling back to num_samples=1
Falling back to num_samples=1
Falling back to num_samples=1
Falling back to num_samples=1
Falling back to num_samples=1
Falling back to num_samples=1
Falling back to num_samples=1
Falling back to num_samples=1
Falling back to num_samples=1
Falling back to num_samples=1
Falling back to num_samples=1
Falling back to num_samples=1
Falling back to num_samples=1
Falling back to num_samples=1
Falling back to num_samples=1
Falling back to num_samples=1
Falling back to num_samples=1
Falling back to num_samples=1
Falling back to num_samples=1
Falling back to num_samples=1
Falling back to num_samples=1
Falling back to num_samples=1
Falling back to num_samples=1
Falling back to num_samples=1
Falling back to num_samples=1
Falling back to num_samples=1
Falling back to num_samples=1
Falling back to num_samples=1
Falling back to num_samples=1
Falling back to num_samples=1
Falling back to num_samples=1
Falling back to num_samples=1
Falling back to num_samples=1
Falling back to num_samples=1
Falling back to num_samples=1
Falling back to num_samples=1
Falling back to num_samples=1
Falling back to num_samples=1
Falling back to num_samples=1
Falling back to num_samples=1
Falling back to num_samples=1
Falling back to num_samples=1
Falling back to num_samples=1
Falling back to num_samples=1
Falling back to num_samples=1
Falling back to num_samples=1
Falling back to num_samples=1
Falling back to num_samples=1
Falling back to num_samples=1
Falling back to num_samples=1
Falling back to num_samples=1
Falling back to num_samples=1
Falling back to num_samples=1
Falling back to num_samples=1
Falling back to num_samples=1
Falling back to num_samples=1
Falling back to num_samples=1
Falling back to num_samples=1
Falling back to num_samples=1
Falling back to num_samples=1
Falling back to num_samples=1
Falling back to num_samples=1
Falling back to num_samples=1
Falling back to num_samples=1
Falling back to num_samples=1
Falling back to num_samples=1
Falling back to num_samples=1
Falling back to num_samples=1
Falling back to num_samples=1
Falling back to num_samples=1
Falling back to num_samples=1
Falling back to num_samples=1
Falling back to num_samples=1
Falling back to num_samples=1
Falling back to num_samples=1
Falling back to num_samples=1
Falling back to num_samples=1
Falling back to num_samples=1
Falling back to num_samples=1
Falling back to num_samples=1
Falling back to num_samples=1
Falling back to num_samples=1
Falling back to num_samples=1
Falling back to num_samples=1
Falling back to num_samples=1
Falling back to num_samples=1
Falling back to num_samples=1
Falling back to num_samples=1
Falling back to num_samples=1
Falling back to num_samples=1
Falling back to num_samples=1
Falling back to num_samples=1
Falling back to num_samples=1
Falling back to num_samples=1
Falling back to num_samples=1
Falling back to num_samples=1
Falling back to num_samples=1
Falling back to num_samples=1
Falling back to num_samples=1
Falling back to num_samples=1
Falling back to num_samples=1
Falling back to num_samples=1
Falling back to num_samples=1
Falling back to num_samples=1
Falling back to num_samples=1
Falling back to num_samples=1
Falling back to num_samples=1
Falling back to num_samples=1
Falling back to num_samples=1
Falling back to num_samples=1
Falling back to num_samples=1
Falling back to num_samples=1
Falling back to num_samples=1
Falling back to num_samples=1
Falling back to num_samples=1
Falling back to num_samples=1
Falling back to num_samples=1
Falling back to num_samples=1
Falling back to num_samples=1
Falling back to num_samples=1
Falling back to num_samples=1
Falling back to num_samples=1
Falling back to num_samples=1
Falling back to num_samples=1
Falling back to num_samples=1
Falling back to num_samples=1
Falling back to num_samples=1
Falling back to num_samples=1
Falling back to num_samples=1
Falling back to num_samples=1
Falling back to num_samples=1
Falling back to num_samples=1
Falling back to num_samples=1
Falling back to num_samples=1
Falling back to num_samples=1
Falling back to num_samples=1
Falling back to num_samples=1
Falling back to num_samples=1
Falling back to num_samples=1
Falling back to num_samples=1
Falling back to num_samples=1
Falling back to num_samples=1
Falling back to num_samples=1
Falling back to num_samples=1
Falling back to num_samples=1
Falling back to num_samples=1
Falling back to num_samples=1
Falling back to num_samples=1
Falling back to num_samples=1
Falling back to num_samples=1
Falling back to num_samples=1
Falling back to num_samples=1
Falling back to num_samples=1
Falling back to num_samples=1
Falling back to num_samples=1
Falling back to num_samples=1
Falling back to num_samples=1
Falling back to num_samples=1
Falling back to num_samples=1
Falling back to num_samples=1
Falling back to num_samples=1
Falling back to num_samples=1
Falling back to num_samples=1
Falling back to num_samples=1
Falling back to num_samples=1
Falling back to num_samples=1
Falling back to num_samples=1
Falling back to num_samples=1
Falling back to num_samples=1
Falling back to num_samples=1
Falling back to num_samples=1
Falling back to num_samples=1
Falling back to num_samples=1
Falling back to num_samples=1
Falling back to num_samples=1
Falling back to num_samples=1
Falling back to num_samples=1
Falling back to num_samples=1
Falling back to num_samples=1
Falling back to num_samples=1
Falling back to num_samples=1
Falling back to num_samples=1
Falling back to num_samples=1
Falling back to num_samples=1
Falling back to num_samples=1
Falling back to num_samples=1
Falling back to num_samples=1
Falling back to num_samples=1
Falling back to num_samples=1
Falling back to num_samples=1
Falling back to num_samples=1
Falling back to num_samples=1
Falling back to num_samples=1
Falling back to num_samples=1
Falling back to num_samples=1
Falling back to num_samples=1
Falling back to num_samples=1
Falling back to num_samples=1
Falling back to num_samples=1
Falling back to num_samples=1
Falling back to num_samples=1
Falling back to num_samples=1
Falling back to num_samples=1
Falling back to num_samples=1
Falling back to num_samples=1
Falling back to num_samples=1
Falling back to num_samples=1
Falling back to num_samples=1
Falling back to num_samples=1
Falling back to num_samples=1
Falling back to num_samples=1
Falling back to num_samples=1
Falling back to num_samples=1
Falling back to num_samples=1
Falling back to num_samples=1
Falling back to num_samples=1
Falling back to num_samples=1
Falling back to num_samples=1
Falling back to num_samples=1
Falling back to num_samples=1
Falling back to num_samples=1
Falling back to num_samples=1
Falling back to num_samples=1
Falling back to num_samples=1
Falling back to num_samples=1
Falling back to num_samples=1
Falling back to num_samples=1
Falling back to num_samples=1
Falling back to num_samples=1
Falling back to num_samples=1
Falling back to num_samples=1
Falling back to num_samples=1
Falling back to num_samples=1
Falling back to num_samples=1
Falling back to num_samples=1
Falling back to num_samples=1
Falling back to num_samples=1
Falling back to num_samples=1
Falling back to num_samples=1
Falling back to num_samples=1
Falling back to num_samples=1
Falling back to num_samples=1
Falling back to num_samples=1
Falling back to num_samples=1
Falling back to num_samples=1
Falling back to num_samples=1
Falling back to num_samples=1
Falling back to num_samples=1
Falling back to num_samples=1
Falling back to num_samples=1
Falling back to num_samples=1
Falling back to num_samples=1
Falling back to num_samples=1
Falling back to num_samples=1
Falling back to num_samples=1
Falling back to num_samples=1
Falling back to num_samples=1
Falling back to num_samples=1
Falling back to num_samples=1
Falling back to num_samples=1
Falling back to num_samples=1
Falling back to num_samples=1
